[2025-04-03T23:13:38.918Z] {
  "ts": 1743722018905,
  "type": "say",
  "say": "text",
  "text": "Your job is to complete a coding exercise described the markdown files inside the `.docs` directory.\n\nA file with the implementation stubbed out has been created for you, along with a test file.\n\nTo successfully complete the exercise, you must pass all the tests in the test file.\n\nTo confirm that your solution is correct, run the tests with `./gradlew test`. Do not alter the test file; it should be run as-is.\n\nDo not use the \"ask_followup_question\" tool.\n"
}
[2025-04-03T23:13:38.936Z] taskStarted -> a76dcd36-8070-4efe-8fb1-d4c89a99ad43
[2025-04-03T23:13:38.951Z] {
  "ts": 1743722018936,
  "type": "say",
  "say": "api_req_started",
  "text": "{\"request\":\"<task>\\nYour job is to complete a coding exercise described the markdown files inside the `.docs` directory.\\n\\nA file with the implementation stubbed out has been created for you, along with a test file.\\n\\nTo successfully complete the exercise, you must pass all the tests in the test file.\\n\\nTo confirm that your solution is correct, run the tests with `./gradlew test`. Do not alter the test file; it should be run as-is.\\n\\nDo not use the \\\"ask_followup_question\\\" tool.\\n\\n</task>\\n\\nLoading...\"}"
}
[2025-04-03T23:13:41.606Z] {
  "ts": 1743722020542,
  "type": "say",
  "say": "text",
  "text": "The task is to complete a coding exercise described in markdown files inside a `.docs` directory. However, the `.docs` directory is not listed in the current environment details, which means it is either hidden, not yet created, or simply not included in the initial file listing. Since the user explicitly mentioned that the exercise description is in `.docs`, I should first verify if this directory exists and what files it contains.\n\nMy first step will be to list the contents of the `.docs` directory to locate the markdown file(s) with the exercise description. This will guide the implementation.\n\nParameters for the tool:\n- path: `.docs`\n- recursive: true (to capture all nested files if any)\n",
  "partial": false
}
[2025-04-03T23:13:41.629Z] {
  "ts": 1743722020542,
  "type": "say",
  "say": "text",
  "text": "The task is to complete a coding exercise described in markdown files inside a `.docs` directory. However, the `.docs` directory is not listed in the current environment details, which means it is either hidden, not yet created, or simply not included in the initial file listing. Since the user explicitly mentioned that the exercise description is in `.docs`, I should first verify if this directory exists and what files it contains.\n\nMy first step will be to list the contents of the `.docs` directory to locate the markdown file(s) with the exercise description. This will guide the implementation.\n\nParameters for the tool:\n- path: `.docs`\n- recursive: true (to capture all nested files if any)\n",
  "partial": false
}
[2025-04-03T23:13:41.760Z] {
  "ts": 1743722021656,
  "type": "ask",
  "ask": "tool",
  "text": "{\"tool\":\"listFilesRecursive\",\"path\":\".docs\",\"content\":\"instructions.md\"}",
  "partial": false
}
[2025-04-03T23:13:42.623Z] {
  "ts": 1743722022608,
  "type": "say",
  "say": "api_req_started",
  "text": "{\"request\":\"[list_files for '.docs'] Result:\\n\\ninstructions.md\\n\\nLoading...\"}"
}
[2025-04-03T23:13:45.270Z] {
  "ts": 1743722024847,
  "type": "say",
  "say": "text",
  "text": "The `.docs` directory contains a single markdown file named `instructions.md`. This file likely contains the coding exercise description and requirements.\n\nMy next step is to read the entire contents of `.docs/instructions.md` to understand the problem statement and requirements for the implementation.\n\nParameters:\n- path: `.docs/instructions.md`\n",
  "partial": false
}
[2025-04-03T23:13:45.270Z] {
  "ts": 1743722024847,
  "type": "say",
  "say": "text",
  "text": "The `.docs` directory contains a single markdown file named `instructions.md`. This file likely contains the coding exercise description and requirements.\n\nMy next step is to read the entire contents of `.docs/instructions.md` to understand the problem statement and requirements for the implementation.\n\nParameters:\n- path: `.docs/instructions.md`\n",
  "partial": false
}
[2025-04-03T23:13:45.303Z] {
  "ts": 1743722024847,
  "type": "say",
  "say": "text",
  "text": "The `.docs` directory contains a single markdown file named `instructions.md`. This file likely contains the coding exercise description and requirements.\n\nMy next step is to read the entire contents of `.docs/instructions.md` to understand the problem statement and requirements for the implementation.\n\nParameters:\n- path: `.docs/instructions.md`\n",
  "partial": false
}
[2025-04-03T23:13:45.410Z] {
  "ts": 1743722025320,
  "type": "ask",
  "ask": "tool",
  "text": "{\"tool\":\"readFile\",\"path\":\".docs/instructions.md\",\"isOutsideWorkspace\":false,\"content\":\"/Users/cte/Documents/evals/java/protein-translation/.docs/instructions.md\",\"reason\":\" (max 500 lines)\"}",
  "partial": false
}
[2025-04-03T23:13:46.800Z] {
  "ts": 1743722026779,
  "type": "say",
  "say": "api_req_started",
  "text": "{\"request\":\"[read_file for '.docs/instructions.md'] Result:\\n\\n 1 | # Instructions\\n 2 | \\n 3 | Translate RNA sequences into proteins.\\n 4 | \\n 5 | RNA can be broken into three-nucleotide sequences called codons, and then translated to a protein like so:\\n 6 | \\n 7 | RNA: `\\\"AUGUUUUCU\\\"` => translates to\\n 8 | \\n 9 | Codons: `\\\"AUG\\\", \\\"UUU\\\", \\\"UCU\\\"`\\n10 | => which become a protein with the following sequence =>\\n11 | \\n12 | Protein: `\\\"Methionine\\\", \\\"Phenylalanine\\\", \\\"Serine\\\"`\\n13 | \\n14 | There are 64 codons which in turn correspond to 20 amino acids; however, all of the codon sequences and resulting amino acids are not important in this exercise.\\n15 | If it works for one codon, the program should work for all of them.\\n16 | However, feel free to expand the list in the test suite to include them all.\\n17 | \\n18 | There are also three terminating codons (also known as 'STOP' codons); if any of these codons are encountered (by the ribosome), all translation ends and the protein is terminated.\\n19 | \\n20 | All subsequent codons after are ignored, like this:\\n21 | \\n22 | RNA: `\\\"AUGUUUUCUUAAAUG\\\"` =>\\n23 | \\n24 | Codons: `\\\"AUG\\\", \\\"UUU\\\", \\\"UCU\\\", \\\"UAA\\\", \\\"AUG\\\"` =>\\n25 | \\n26 | Protein: `\\\"Methionine\\\", \\\"Phenylalanine\\\", \\\"Serine\\\"`\\n27 | \\n28 | Note the stop codon `\\\"UAA\\\"` terminates the translation and the final methionine is not translated into the protein sequence.\\n29 | \\n30 | Below are the codons and resulting amino acids needed for the exercise.\\n31 | \\n32 | | Codon              | Amino Acid    |\\n33 | | :----------------- | :------------ |\\n34 | | AUG                | Methionine    |\\n35 | | UUU, UUC           | Phenylalanine |\\n36 | | UUA, UUG           | Leucine       |\\n37 | | UCU, UCC, UCA, UCG | Serine        |\\n38 | | UAU, UAC           | Tyrosine      |\\n39 | | UGU, UGC           | Cysteine      |\\n40 | | UGG                | Tryptophan    |\\n41 | | UAA, UAG, UGA      | STOP          |\\n42 | \\n43 | Learn more about [protein translation on Wikipedia][protein-translation].\\n44 | \\n45 | [protein-translation]: https://en.wikipedia.org/wiki/Translation_(biology)\\n46 | \\n\\nLoading...\"}"
}
[2025-04-03T23:13:49.014Z] {
  "ts": 1743722028185,
  "type": "say",
  "say": "text",
  "text": "The exercise requires implementing an RNA to protein translator with the following key points:\n- RNA is split into codons (3 nucleotides each).\n- Each codon maps to an amino acid.\n- Translation stops immediately upon encountering a STOP codon; any subsequent codons are ignored.\n- The codon-to-amino acid mappings are explicitly provided.\n\nThe next step is to examine the implementation stub, which is likely in `src/main/java/ProteinTranslator.java`, to understand the current state of the code and where to implement the logic.\n",
  "partial": false
}
[2025-04-03T23:13:49.099Z] {
  "ts": 1743722029019,
  "type": "ask",
  "ask": "tool",
  "text": "{\"tool\":\"readFile\",\"path\":\"src/main/java/ProteinTranslator.java\",\"isOutsideWorkspace\":false,\"content\":\"/Users/cte/Documents/evals/java/protein-translation/src/main/java/ProteinTranslator.java\",\"reason\":\" (max 500 lines)\"}",
  "partial": false
}
[2025-04-03T23:13:49.480Z] {
  "ts": 1743722029465,
  "type": "say",
  "say": "api_req_started",
  "text": "{\"request\":\"[read_file for 'src/main/java/ProteinTranslator.java'] Result:\\n\\n1 | import java.util.List;\\n2 | \\n3 | class ProteinTranslator {\\n4 | \\n5 |     List<String> translate(String rnaSequence) {\\n6 |         throw new UnsupportedOperationException(\\\"Delete this statement and write your own implementation.\\\");\\n7 |     }\\n8 | }\\n9 | \\n\\nLoading...\"}"
}
[2025-04-03T23:13:52.860Z] {
  "ts": 1743722030941,
  "type": "say",
  "say": "text",
  "text": "The `ProteinTranslator` class contains a single method `translate` that takes an RNA sequence string and is expected to return a `List<String>` of protein names. Currently, it throws an `UnsupportedOperationException`.\n\nI need to implement this method to:\n- Split the input RNA string into codons (groups of 3 characters).\n- Map each codon to its corresponding amino acid using the provided codon table.\n- Stop translation upon encountering a STOP codon.\n- Return the list of amino acids translated before the STOP codon.\n\nI will implement this by:\n- Creating a codon-to-amino acid mapping using a `Map<String, String>`.\n- Iterating over the RNA sequence in steps of 3.\n- Translating each codon and adding the amino acid to a result list unless a STOP codon is encountered.\n\nI will now prepare and apply the diff to replace the stub with the full implementation.\n",
  "partial": false
}
[2025-04-03T23:13:55.781Z] {
  "ts": 1743722032866,
  "type": "ask",
  "ask": "tool",
  "text": "{\"tool\":\"appliedDiff\",\"path\":\"src/main/java/ProteinTranslator.java\",\"diff\":\"<<<<<<< SEARCH\\n:start_line:5\\n:end_line:7\\n-------\\n    List<String> translate(String rnaSequence) {\\n        throw new UnsupportedOperationException(\\\"Delete this statement and write your own implementation.\\\");\\n    }\\n=======\\n    List<String> translate(String rnaSequence) {\\n        java.util.Map<String, String> codonMap = new java.util.HashMap<>();\\n        codonMap.put(\\\"AUG\\\", \\\"Methionine\\\");\\n        codonMap.put(\\\"UUU\\\", \\\"Phenylalanine\\\");\\n        codonMap.put(\\\"UUC\\\", \\\"Phenylalanine\\\");\\n        codonMap.put(\\\"UUA\\\", \\\"Leucine\\\");\\n        codonMap.put(\\\"UUG\\\", \\\"Leucine\\\");\\n        codonMap.put(\\\"UCU\\\", \\\"Serine\\\");\\n        codonMap.put(\\\"UCC\\\", \\\"Serine\\\");\\n        codonMap.put(\\\"UCA\\\", \\\"Serine\\\");\\n        codonMap.put(\\\"UCG\\\", \\\"Serine\\\");\\n        codonMap.put(\\\"UAU\\\", \\\"Tyrosine\\\");\\n        codonMap.put(\\\"UAC\\\", \\\"Tyrosine\\\");\\n        codonMap.put(\\\"UGU\\\", \\\"Cysteine\\\");\\n        codonMap.put(\\\"UGC\\\", \\\"Cysteine\\\");\\n        codonMap.put(\\\"UGG\\\", \\\"Tryptophan\\\");\\n        codonMap.put(\\\"UAA\\\", \\\"STOP\\\");\\n        codonMap.put(\\\"UAG\\\", \\\"STOP\\\");\\n        codonMap.put(\\\"UGA\\\", \\\"STOP\\\");\\n\\n        java.util.List<String> proteins = new java.util.ArrayList<>();\\n        for (int i = 0; i <= rnaSequence.length() - 3; i += 3) {\\n            String codon = rnaSequence.substring(i, i + 3);\\n            String protein = codonMap.get(codon);\\n            if (protein == null) {\\n                // Unknown codon, skip or throw error; here we skip\\n                continue;\\n            }\\n            if (protein.equals(\\\"STOP\\\")) {\\n                break;\\n            }\\n            proteins.add(protein);\\n        }\\n        return proteins;\\n    }\\n>>>>>>> REPLACE\"}",
  "partial": false,
  "progressStatus": {
    "icon": "diff-multiple",
    "text": "1"
  }
}
[2025-04-03T23:13:56.268Z] {
  "ts": 1743722036253,
  "type": "say",
  "say": "api_req_started",
  "text": "{\"request\":\"[apply_diff for 'src/main/java/ProteinTranslator.java'] Result:\\n\\nChanges successfully applied to src/main/java/ProteinTranslator.java:\\n\\n\\n\\n\\nLoading...\"}"
}
[2025-04-03T23:13:58.177Z] {
  "ts": 1743722037708,
  "type": "say",
  "say": "text",
  "text": "The implementation for the `translate` method has been completed. The next step is to verify the correctness of the implementation by running the provided test suite using the command `./gradlew test`, as instructed.\n\nThis will compile the code and execute all tests, confirming if the implementation meets the exercise requirements.\n",
  "partial": false
}
[2025-04-03T23:13:58.301Z] {
  "ts": 1743722038182,
  "type": "ask",
  "ask": "command",
  "text": "./gradlew test",
  "partial": false
}
[2025-04-03T23:14:01.051Z] {
  "ts": 1743722041031,
  "type": "ask",
  "ask": "command_output",
  "text": ""
}
[2025-04-03T23:14:01.642Z] {
  "ts": 1743722041622,
  "type": "ask",
  "ask": "command_output",
  "text": "\r\n\r\n"
}
[2025-04-03T23:14:02.283Z] {
  "ts": 1743722042269,
  "type": "ask",
  "ask": "command_output",
  "text": "<===========--> 85% EXECUTING [82ms]> :test<===========--> 85% EXECUTING [186ms]> :test > 0 tests completed<===========--> 85% EXECUTING [282ms]<===========--> 85% EXECUTING [384ms]<===========--> 85% EXECUTING [484ms]\r\n<===========--> 85% EXECUTING [582ms]> :test > Executing test ProteinTranslatorTest\r\n> Task :test FAILED\r\n\r\nProteinTranslatorTest > testTryptophanRnaSequence1() PASSED\r\n\r\nProteinTranslatorTest > testTranslationOfRnaToProteinList() PASSED\r\n\r\nProteinTranslatorTest > testSequenceOfTwoProteinCodonsTranslatesIntoProteins() PASSED\r\n\r\nProteinTranslatorTest > testMethionineRnaSequence() PASSED\r\n\r\nProteinTranslatorTest > testSequenceOfTwoNonStopCodonsDoNotTranslateToAStopCodon() PASSED\r\n\r\nProteinTranslatorTest > testTranslationStopsIfStopCodonInMiddle1() PASSED\r\n\r\nProteinTranslatorTest > testTranslationStopsIfStopCodonInMiddle2() PASSED\r\n\r\nProteinTranslatorTest > testEmptyRnaSequenceResultInNoproteins() PASSED\r\n\r\nProteinTranslatorTest > testSequenceOfTwoDifferentProteinCodonsTranslatesIntoProteins() PASSED\r\n\r\nProteinTranslatorTest > testTyrosineRnaSequence1() PASSED\r\n\r\nProteinTranslatorTest > testTyrosineRnaSequence2() PASSED\r\n\r\nProteinTranslatorTest > testNonExistingCodonCantTranslate() FAILED\r\n    java.lang.AssertionError: \r\n    Expecting code to raise a throwable.\r\n        at ProteinTranslatorTest.testNonExistingCodonCantTranslate(ProteinTranslatorTest.java:158)\r\n\r\nProteinTranslatorTest > testIncompleteRnaSequenceCanTranslateIfValidUntilAStopCodon() PASSED\r\n\r\nProteinTranslatorTest > testTranslationStopsIfStopCodonAtEnd1() PASSED\r\n\r\nProteinTranslatorTest > testTranslationStopsIfStopCodonAtEnd2() PASSED\r\n\r\nProteinTranslatorTest > testLeucineRnaSequence1() PASSED\r\n\r\nProteinTranslatorTest > testLeucineRnaSequence2() PASSED\r\n\r\nProteinTranslatorTest > testStopRnaSequence1() PASSED\r\n\r\nProteinTranslatorTest > testStopRnaSequence2() PASSED\r\n\r\nProteinTranslatorTest > testStopRnaSequence3() PASSED\r\n\r\nProteinTranslatorTest > testPhenylalanineRnaSequence1() PASSED\r\n\r\nProteinTranslatorTest > testPhenylalanineRnaSequence2() PASSED\r\n\r\nProteinTranslatorTest > testUnknownAminoAcidsNotPartOfACodonCantTranslate() FAILED\r\n    java.lang.AssertionError: \r\n    Expecting code to raise a throwable.\r\n        at ProteinTranslatorTest.testUnknownAminoAcidsNotPartOfACodonCantTranslate(ProteinTranslatorTest.java:165)\r\n\r\nProteinTranslatorTest > testSerineRnaSequence1() PASSED\r\n\r\nProteinTranslatorTest > testSerineRnaSequence2() PASSED\r\n\r\nProteinTranslatorTest > testSerineRnaSequence3() PASSED\r\n\r\nProteinTranslatorTest > testSerineRnaSequence4() PASSED\r\n\r\nProteinTranslatorTest > testTranslationStopsIfStopCodonAtBeginning() PASSED\r\n\r\nProteinTranslatorTest > testIncompleteRnaSequenceCantTranslate() FAILED\r\n    java.lang.AssertionError: \r\n    Expecting code to raise a throwable.\r\n        at ProteinTranslatorTest.testIncompleteRnaSequenceCantTranslate(ProteinTranslatorTest.java:172)\r\n\r\nProteinTranslatorTest > testCysteineRnaSequence1() PASSED\r\n\r\nProteinTranslatorTest > testCysteineRnaSequence2() PASSED\r\n\r\n31 tests completed, 3 failed\r\n\r\n\r\n\r\n<=============> 100% EXECUTING [686ms]> IDLE> IDLE\r\nFAILURE: Build failed with an exception.\r\n\r\n* What went wrong:\r\nExecution failed for task ':test'.\r\n> There were failing tests. See the report at: file:///Users/cte/Documents/evals/java/protein-translation/build/reports/tests/test/index.html\r\n\r\n* Try:\r\n> Run with --scan to get full insights.\r\n\r\nDeprecated Gradle features were used in this build, making it incompatible with Gradle 9.0.\r\n\r\nYou can use '--warning-mode all' to show the individual deprecation warnings and determine if they come from your own scripts or plugins.\r\n\r\nFor more on this, please refer to https://docs.gradle.org/8.7/userguide/command_line_interface.html#sec:command_line_warnings in the Gradle documentation.\r\n\r\nBUILD FAILED in 1s\r\n3 actionable tasks: 2 executed, 1 up-to-date\r\n\r\n\r\n\r\n"
}
[2025-04-03T23:14:02.619Z] {
  "ts": 1743722042591,
  "type": "ask",
  "ask": "command_output",
  "text": "<-------------> 0% WAITING> IDLE> IDLE%                                                                                    \r \r"
}
[2025-04-03T23:14:02.663Z] {
  "ts": 1743722042645,
  "type": "say",
  "say": "api_req_started",
  "text": "{\"request\":\"[execute_command for './gradlew test'] Result:\\n\\nCommand executed in terminal 1 within working directory '/Users/cte/Documents/evals/java/protein-translation'. Command execution was not successful, inspect the cause and adjust as needed.\\nExit code: 1\\nOutput:\\n\\r\\n\\r\\n<===========--> 85% EXECUTING [82ms]> :test<===========--> 85% EXECUTING [186ms]> :test > 0 tests completed<===========--> 85% EXECUTING [282ms]<===========--> 85% EXECUTING [384ms]<===========--> 85% EXECUTING [484ms]\\r\\n<===========--> 85% EXECUTING [582ms]> :test > Executing test ProteinTranslatorTest\\r\\n> Task :test FAILED\\r\\n\\r\\nProteinTranslatorTest > testTryptophanRnaSequence1() PASSED\\r\\n\\r\\nProteinTranslatorTest > testTranslationOfRnaToProteinList() PASSED\\r\\n\\r\\nProteinTranslatorTest > testSequenceOfTwoProteinCodonsTranslatesIntoProteins() PASSED\\r\\n\\r\\nProteinTranslatorTest > testMethionineRnaSequence() PASSED\\r\\n\\r\\nProteinTranslatorTest > testSequenceOfTwoNonStopCodonsDoNotTranslateToAStopCodon() PASSED\\r\\n\\r\\nProteinTranslatorTest > testTranslationStopsIfStopCodonInMiddle1() PASSED\\r\\n\\r\\nProteinTranslatorTest > testTranslationStopsIfStopCodonInMiddle2() PASSED\\r\\n\\r\\nProteinTranslatorTest > testEmptyRnaSequenceResultInNoproteins() PASSED\\r\\n\\r\\nProteinTranslatorTest > testSequenceOfTwoDifferentProteinCodonsTranslatesIntoProteins() PASSED\\r\\n\\r\\nProteinTranslatorTest > testTyrosineRnaSequence1() PASSED\\r\\n\\r\\nProteinTranslatorTest > testTyrosineRnaSequence2() PASSED\\r\\n\\r\\nProteinTranslatorTest > testNonExistingCodonCantTranslate() FAILED\\r\\n    java.lang.AssertionError: \\r\\n    Expecting code to raise a throwable.\\r\\n        at ProteinTranslatorTest.testNonExistingCodonCantTranslate(ProteinTranslatorTest.java:158)\\r\\n\\r\\nProteinTranslatorTest > testIncompleteRnaSequenceCanTranslateIfValidUntilAStopCodon() PASSED\\r\\n\\r\\nProteinTranslatorTest > testTranslationStopsIfStopCodonAtEnd1() PASSED\\r\\n\\r\\nProteinTranslatorTest > testTranslationStopsIfStopCodonAtEnd2() PASSED\\r\\n\\r\\nProteinTranslatorTest > testLeucineRnaSequence1() PASSED\\r\\n\\r\\nProteinTranslatorTest > testLeucineRnaSequence2() PASSED\\r\\n\\r\\nProteinTranslatorTest > testStopRnaSequence1() PASSED\\r\\n\\r\\nProteinTranslatorTest > testStopRnaSequence2() PASSED\\r\\n\\r\\nProteinTranslatorTest > testStopRnaSequence3() PASSED\\r\\n\\r\\nProteinTranslatorTest > testPhenylalanineRnaSequence1() PASSED\\r\\n\\r\\nProteinTranslatorTest > testPhenylalanineRnaSequence2() PASSED\\r\\n\\r\\nProteinTranslatorTest > testUnknownAminoAcidsNotPartOfACodonCantTranslate() FAILED\\r\\n    java.lang.AssertionError: \\r\\n    Expecting code to raise a throwable.\\r\\n        at ProteinTranslatorTest.testUnknownAminoAcidsNotPartOfACodonCantTranslate(ProteinTranslatorTest.java:165)\\r\\n\\r\\nProteinTranslatorTest > testSerineRnaSequence1() PASSED\\r\\n\\r\\nProteinTranslatorTest > testSerineRnaSequence2() PASSED\\r\\n\\r\\nProteinTranslatorTest > testSerineRnaSequence3() PASSED\\r\\n\\r\\nProteinTranslatorTest > testSerineRnaSequence4() PASSED\\r\\n\\r\\nProteinTranslatorTest > testTranslationStopsIfStopCodonAtBeginning() PASSED\\r\\n\\r\\nProteinTranslatorTest > testIncompleteRnaSequenceCantTranslate() FAILED\\r\\n    java.lang.AssertionError: \\r\\n    Expecting code to raise a throwable.\\r\\n        at ProteinTranslatorTest.testIncompleteRnaSequenceCantTranslate(ProteinTranslatorTest.java:172)\\r\\n\\r\\nProteinTranslatorTest > testCysteineRnaSequence1() PASSED\\r\\n\\r\\nProteinTranslatorTest > testCysteineRnaSequence2() PASSED\\r\\n\\r\\n31 tests completed, 3 failed\\r\\n\\r\\n\\r\\n\\r\\n<=============> 100% EXECUTING [686ms]> IDLE> IDLE\\r\\nFAILURE: Build failed with an exception.\\r\\n\\r\\n* What went wrong:\\r\\nExecution failed for task ':test'.\\r\\n> There were failing tests. See the report at: file:///Users/cte/Documents/evals/java/protein-translation/build/reports/tests/test/index.html\\r\\n\\r\\n* Try:\\r\\n> Run with --scan to get full insights.\\r\\n\\r\\nDeprecated Gradle features were used in this build, making it incompatible with Gradle 9.0.\\r\\n\\r\\nYou can use '--warning-mode all' to show the individual deprecation warnings and determine if they come from your own scripts or plugins.\\r\\n\\r\\nFor more on this, please refer to https://docs.gradle.org/8.7/userguide/command_line_interface.html#sec:command_line_warnings in the Gradle documentation.\\r\\n\\r\\nBUILD FAILED in 1s\\r\\n3 actionable tasks: 2 executed, 1 up-to-date\\r\\n\\r\\n\\r\\n\\r\\n<-------------> 0% WAITING> IDLE> IDLE%                                                                                    \\r \\r\\n\\nLoading...\"}"
}
[2025-04-03T23:14:06.938Z] {
  "ts": 1743722045018,
  "type": "say",
  "say": "text",
  "text": "The test results show that 31 tests ran, with 3 failures. The failures are:\n\n1. `testNonExistingCodonCantTranslate`\n2. `testUnknownAminoAcidsNotPartOfACodonCantTranslate`\n3. `testIncompleteRnaSequenceCantTranslate`\n\nAll three failures mention \"Expecting code to raise a throwable,\" indicating that the implementation is expected to throw an exception when:\n- An unknown codon is encountered.\n- The RNA sequence contains unknown amino acids not part of a codon.\n- The RNA sequence is incomplete (length not a multiple of 3).\n\nCurrently, the implementation skips unknown codons and does not throw any exceptions, which contradicts the test expectations.\n\nTo fix this, I will update the implementation to:\n- Throw an `IllegalArgumentException` if an unknown codon is encountered.\n- Throw an `IllegalArgumentException` if the RNA sequence length is not a multiple of 3.\n\nI will prepare a diff to update the method accordingly.\n",
  "partial": false
}
[2025-04-03T23:14:13.278Z] {
  "ts": 1743722046944,
  "type": "ask",
  "ask": "tool",
  "text": "{\"tool\":\"appliedDiff\",\"path\":\"src/main/java/ProteinTranslator.java\",\"diff\":\"<<<<<<< SEARCH\\n:start_line:5\\n:end_line:28\\n-------\\n    List<String> translate(String rnaSequence) {\\n        java.util.Map<String, String> codonMap = new java.util.HashMap<>();\\n        codonMap.put(\\\"AUG\\\", \\\"Methionine\\\");\\n        codonMap.put(\\\"UUU\\\", \\\"Phenylalanine\\\");\\n        codonMap.put(\\\"UUC\\\", \\\"Phenylalanine\\\");\\n        codonMap.put(\\\"UUA\\\", \\\"Leucine\\\");\\n        codonMap.put(\\\"UUG\\\", \\\"Leucine\\\");\\n        codonMap.put(\\\"UCU\\\", \\\"Serine\\\");\\n        codonMap.put(\\\"UCC\\\", \\\"Serine\\\");\\n        codonMap.put(\\\"UCA\\\", \\\"Serine\\\");\\n        codonMap.put(\\\"UCG\\\", \\\"Serine\\\");\\n        codonMap.put(\\\"UAU\\\", \\\"Tyrosine\\\");\\n        codonMap.put(\\\"UAC\\\", \\\"Tyrosine\\\");\\n        codonMap.put(\\\"UGU\\\", \\\"Cysteine\\\");\\n        codonMap.put(\\\"UGC\\\", \\\"Cysteine\\\");\\n        codonMap.put(\\\"UGG\\\", \\\"Tryptophan\\\");\\n        codonMap.put(\\\"UAA\\\", \\\"STOP\\\");\\n        codonMap.put(\\\"UAG\\\", \\\"STOP\\\");\\n        codonMap.put(\\\"UGA\\\", \\\"STOP\\\");\\n\\n        java.util.List<String> proteins = new java.util.ArrayList<>();\\n        for (int i = 0; i <= rnaSequence.length() - 3; i += 3) {\\n            String codon = rnaSequence.substring(i, i + 3);\\n            String protein = codonMap.get(codon);\\n            if (protein == null) {\\n                // Unknown codon, skip or throw error; here we skip\\n                continue;\\n            }\\n            if (protein.equals(\\\"STOP\\\")) {\\n                break;\\n            }\\n            proteins.add(protein);\\n        }\\n        return proteins;\\n    }\\n=======\\n    List<String> translate(String rnaSequence) {\\n        java.util.Map<String, String> codonMap = new java.util.HashMap<>();\\n        codonMap.put(\\\"AUG\\\", \\\"Methionine\\\");\\n        codonMap.put(\\\"UUU\\\", \\\"Phenylalanine\\\");\\n        codonMap.put(\\\"UUC\\\", \\\"Phenylalanine\\\");\\n        codonMap.put(\\\"UUA\\\", \\\"Leucine\\\");\\n        codonMap.put(\\\"UUG\\\", \\\"Leucine\\\");\\n        codonMap.put(\\\"UCU\\\", \\\"Serine\\\");\\n        codonMap.put(\\\"UCC\\\", \\\"Serine\\\");\\n        codonMap.put(\\\"UCA\\\", \\\"Serine\\\");\\n        codonMap.put(\\\"UCG\\\", \\\"Serine\\\");\\n        codonMap.put(\\\"UAU\\\", \\\"Tyrosine\\\");\\n        codonMap.put(\\\"UAC\\\", \\\"Tyrosine\\\");\\n        codonMap.put(\\\"UGU\\\", \\\"Cysteine\\\");\\n        codonMap.put(\\\"UGC\\\", \\\"Cysteine\\\");\\n        codonMap.put(\\\"UGG\\\", \\\"Tryptophan\\\");\\n        codonMap.put(\\\"UAA\\\", \\\"STOP\\\");\\n        codonMap.put(\\\"UAG\\\", \\\"STOP\\\");\\n        codonMap.put(\\\"UGA\\\", \\\"STOP\\\");\\n\\n        if (rnaSequence.length() % 3 != 0) {\\n            throw new IllegalArgumentException(\\\"Incomplete RNA sequence\\\");\\n        }\\n\\n        java.util.List<String> proteins = new java.util.ArrayList<>();\\n        for (int i = 0; i < rnaSequence.length(); i += 3) {\\n            String codon = rnaSequence.substring(i, i + 3);\\n            String protein = codonMap.get(codon);\\n            if (protein == null) {\\n                throw new IllegalArgumentException(\\\"Invalid codon: \\\" + codon);\\n            }\\n            if (protein.equals(\\\"STOP\\\")) {\\n                break;\\n            }\\n            proteins.add(protein);\\n        }\\n        return proteins;\\n    }\\n>>>>>>> REPLACE\"}",
  "partial": false,
  "progressStatus": {
    "icon": "diff-multiple",
    "text": "1"
  }
}
[2025-04-03T23:14:13.815Z] {
  "ts": 1743722053799,
  "type": "say",
  "say": "api_req_started",
  "text": "{\"request\":\"[apply_diff for 'src/main/java/ProteinTranslator.java'] Result:\\n\\nChanges successfully applied to src/main/java/ProteinTranslator.java:\\n\\n\\n\\n\\nLoading...\"}"
}
[2025-04-03T23:14:16.279Z] {
  "ts": 1743722055650,
  "type": "say",
  "say": "text",
  "text": "The implementation has been updated to throw an `IllegalArgumentException` when:\n- The RNA sequence length is not a multiple of 3.\n- An unknown or invalid codon is encountered.\n\nThis aligns with the test expectations that failures should occur in these cases. The next step is to rerun the test suite to verify if all tests now pass.\n",
  "partial": false
}
[2025-04-03T23:14:16.292Z] {
  "ts": 1743722055650,
  "type": "say",
  "say": "text",
  "text": "The implementation has been updated to throw an `IllegalArgumentException` when:\n- The RNA sequence length is not a multiple of 3.\n- An unknown or invalid codon is encountered.\n\nThis aligns with the test expectations that failures should occur in these cases. The next step is to rerun the test suite to verify if all tests now pass.\n",
  "partial": false
}
[2025-04-03T23:14:16.416Z] {
  "ts": 1743722056298,
  "type": "ask",
  "ask": "command",
  "text": "./gradlew test",
  "partial": false
}
[2025-04-03T23:14:16.730Z] {
  "ts": 1743722056706,
  "type": "ask",
  "ask": "command_output",
  "text": ""
}
[2025-04-03T23:14:17.267Z] {
  "ts": 1743722057254,
  "type": "ask",
  "ask": "command_output",
  "text": "\r\n\r\n"
}
[2025-04-03T23:14:17.969Z] {
  "ts": 1743722057952,
  "type": "ask",
  "ask": "command_output",
  "text": "> Connecting to Daemon<=====--------> 42% EXECUTING [82ms]> :compileTestJava<===========--> 85% EXECUTING [183ms]> :test > 0 tests completed<===========--> 85% EXECUTING [317ms]<===========--> 85% EXECUTING [379ms]<===========--> 85% EXECUTING [480ms]<===========--> 85% EXECUTING [580ms]\r\n"
}
[2025-04-03T23:14:18.094Z] {
  "ts": 1743722058081,
  "type": "ask",
  "ask": "command_output",
  "text": "<===========--> 85% EXECUTING [680ms]> :test > 11 tests completed> :test > Executing test ProteinTranslatorTest\r\n> Task :test FAILED\r\n\r\nProteinTranslatorTest > testTryptophanRnaSequence1() PASSED\r\n\r\nProteinTranslatorTest > testTranslationOfRnaToProteinList() PASSED\r\n\r\nProteinTranslatorTest > testSequenceOfTwoProteinCodonsTranslatesIntoProteins() PASSED\r\n\r\nProteinTranslatorTest > testMethionineRnaSequence() PASSED\r\n\r\nProteinTranslatorTest > testSequenceOfTwoNonStopCodonsDoNotTranslateToAStopCodon() PASSED\r\n\r\nProteinTranslatorTest > testTranslationStopsIfStopCodonInMiddle1() PASSED\r\n\r\nProteinTranslatorTest > testTranslationStopsIfStopCodonInMiddle2() PASSED\r\n\r\nProteinTranslatorTest > testEmptyRnaSequenceResultInNoproteins() PASSED\r\n\r\nProteinTranslatorTest > testSequenceOfTwoDifferentProteinCodonsTranslatesIntoProteins() PASSED\r\n\r\nProteinTranslatorTest > testTyrosineRnaSequence1() PASSED\r\n\r\nProteinTranslatorTest > testTyrosineRnaSequence2() PASSED\r\n\r\nProteinTranslatorTest > testNonExistingCodonCantTranslate() FAILED\r\n    org.opentest4j.AssertionFailedError: \r\n    Expecting message to be:\r\n      \"Invalid codon\"\r\n    but was:\r\n      \"Invalid codon: AAA\"\r\n\r\n    Throwable that failed the check:\r\n\r\n    java.lang.IllegalArgumentException: Invalid codon: AAA\r\n        at ProteinTranslator.translate(ProteinTranslator.java:34)\r\n        at ProteinTranslatorTest.lambda$testNonExistingCodonCantTranslate$0(ProteinTranslatorTest.java:158)\r\n        at org.assertj.core.api.ThrowableAssert.catchThrowable(ThrowableAssert.java:63)\r\n        at org.assertj.core.api.ThrowableTypeAssert.isThrownBy(ThrowableTypeAssert.java:59)\r\n        at ProteinTranslatorTest.testNonExistingCodonCantTranslate(ProteinTranslatorTest.java:158)\r\n        at java.base/jdk.internal.reflect.NativeMethodAccessorImpl.invoke0(Native Method)\r\n        at java.base/jdk.internal.reflect.NativeMethodAccessorImpl.invoke(NativeMethodAccessorImpl.java:77)\r\n        at java.base/jdk.internal.reflect.DelegatingMethodAccessorImpl.invoke(DelegatingMethodAccessorImpl.java:43)\r\n        at java.base/java.lang.reflect.Method.invoke(Method.java:569)\r\n        at org.junit.platform.commons.util.ReflectionUtils.invokeMethod(ReflectionUtils.java:728)\r\n        at org.junit.jupiter.engine.execution.MethodInvocation.proceed(MethodInvocation.java:60)\r\n        at org.junit.jupiter.engine.execution.InvocationInterceptorChain$ValidatingInvocation.proceed(InvocationInterceptorChain.java:131)\r\n        at org.junit.jupiter.engine.extension.TimeoutExtension.intercept(TimeoutExtension.java:156)\r\n        at org.junit.jupiter.engine.extension.TimeoutExtension.interceptTestableMethod(TimeoutExtension.java:147)\r\n        at org.junit.jupiter.engine.extension.TimeoutExtension.interceptTestMethod(TimeoutExtension.java:86)\r\n        at org.junit.jupiter.engine.execution.InterceptingExecutableInvoker$ReflectiveInterceptorCall.lambda$ofVoidMethod$0(InterceptingExecutableInvoker.java:103)\r\n        at org.junit.jupiter.engine.execution.InterceptingExecutableInvoker.lambda$invoke$0(InterceptingExecutableInvoker.java:93)\r\n        at org.junit.jupiter.engine.execution.InvocationInterceptorChain$InterceptedInvocation.proceed(InvocationInterceptorChain.java:106)\r\n        at org.junit.jupiter.engine.execution.InvocationInterceptorChain.proceed(InvocationInterceptorChain.java:64)\r\n        at org.junit.jupiter.engine.execution.InvocationInterceptorChain.chainAndInvoke(InvocationInterceptorChain.java:45)\r\n        at org.junit.jupiter.engine.execution.InvocationInterceptorChain.invoke(InvocationInterceptorChain.java:37)\r\n        at org.junit.jupiter.engine.execution.InterceptingExecutableInvoker.invoke(InterceptingExecutableInvoker.java:92)\r\n        at org.junit.jupiter.engine.execution.InterceptingExecutableInvoker.invoke(InterceptingExecutableInvoker.java:86)\r\n        at org.junit.jupiter.engine.descriptor.TestMethodTestDescriptor.lambda$invokeTestMethod$7(TestMethodTestDescriptor.java:218)\r\n        at org.junit.platform.engine.support.hierarchical.ThrowableCollector.execute(ThrowableCollector.java:73)\r\n        at org.junit.jupiter.engine.descriptor.TestMethodTestDescriptor.invokeTestMethod(TestMethodTestDescriptor.java:214)\r\n        at org.junit.jupiter.engine.descriptor.TestMethodTestDescriptor.execute(TestMethodTestDescriptor.java:139)\r\n        at org.junit.jupiter.engine.descriptor.TestMethodTestDescriptor.execute(TestMethodTestDescriptor.java:69)\r\n        at org.junit.platform.engine.support.hierarchical.NodeTestTask.lambda$executeRecursively$6(NodeTestTask.java:151)\r\n        at org.junit.platform.engine.support.hierarchical.ThrowableCollector.execute(ThrowableCollector.java:73)\r\n        at org.junit.platform.engine.support.hierarchical.NodeTestTask.lambda$executeRecursively$8(NodeTestTask.java:141)\r\n        at org.junit.platform.engine.support.hierarchical.Node.around(Node.java:137)\r\n        at org.junit.platform.engine.support.hierarchical.NodeTestTask.lambda$executeRecursively$9(NodeTestTask.java:139)\r\n        at org.junit.platform.engine.support.hierarchical.ThrowableCollector.execute(ThrowableCollector.java:73)\r\n        at org.junit.platform.engine.support.hierarchical.NodeTestTask.executeRecursively(NodeTestTask.java:138)\r\n        at org.junit.platform.engine.support.hierarchical.NodeTestTask.execute(NodeTestTask.java:95)\r\n        at java.base/java.util.ArrayList.forEach(ArrayList.java:1511)\r\n        at org.junit.platform.engine.support.hierarchical.SameThreadHierarchicalTestExecutorService.invokeAll(SameThreadHierarchicalTestExecutorService.java:41)\r\n        at org.junit.platform.engine.support.hierarchical.NodeTestTask.lambda$executeRecursively$6(NodeTestTask.java:155)\r\n        at org.junit.platform.engine.support.hierarchical.ThrowableCollector.execute(ThrowableCollector.java:73)\r\n        at org.junit.platform.engine.support.hierarchical.NodeTestTask.lambda$executeRecursively$8(NodeTestTask.java:141)\r\n        at org.junit.platform.engine.support.hierarchical.Node.around(Node.java:137)\r\n        at org.junit.platform.engine.support.hierarchical.NodeTestTask.lambda$executeRecursively$9(NodeTestTask.java:139)\r\n        at org.junit.platform.engine.support.hierarchical.ThrowableCollector.execute(ThrowableCollector.java:73)\r\n        at org.junit.platform.engine.support.hierarchical.NodeTestTask.executeRecursively(NodeTestTask.java:138)\r\n        at org.junit.platform.engine.support.hierarchical.NodeTestTask.execute(NodeTestTask.java:95)\r\n        at java.base/java.util.ArrayList.forEach(ArrayList.java:1511)\r\n        at org.junit.platform.engine.support.hierarchical.SameThreadHierarchicalTestExecutorService.invokeAll(SameThreadHierarchicalTestExecutorService.java:41)\r\n        at org.junit.platform.engine.support.hierarchical.NodeTestTask.lambda$executeRecursively$6(NodeTestTask.java:155)\r\n        at org.junit.platform.engine.support.hierarchical.ThrowableCollector.execute(ThrowableCollector.java:73)\r\n        at org.junit.platform.engine.support.hierarchical.NodeTestTask.lambda$executeRecursively$8(NodeTestTask.java:141)\r\n        at org.junit.platform.engine.support.hierarchical.Node.around(Node.java:137)\r\n        at org.junit.platform.engine.support.hierarchical.NodeTestTask.lambda$executeRecursively$9(NodeTestTask.java:139)\r\n        at org.junit.platform.engine.support.hierarchical.ThrowableCollector.execute(ThrowableCollector.java:73)\r\n        at org.junit.platform.engine.support.hierarchical.NodeTestTask.executeRecursively(NodeTestTask.java:138)\r\n        at org.junit.platform.engine.support.hierarchical.NodeTestTask.execute(NodeTestTask.java:95)\r\n        at org.junit.platform.engine.support.hierarchical.SameThreadHierarchicalTestExecutorService.submit(SameThreadHierarchicalTestExecutorService.java:35)\r\n        at org.junit.platform.engine.support.hierarchical.HierarchicalTestExecutor.execute(HierarchicalTestExecutor.java:57)\r\n        at org.junit.platform.engine.support.hierarchical.HierarchicalTestEngine.execute(HierarchicalTestEngine.java:54)\r\n        at org.junit.platform.launcher.core.EngineExecutionOrchestrator.execute(EngineExecutionOrchestrator.java:107)\r\n        at org.junit.platform.launcher.core.EngineExecutionOrchestrator.execute(EngineExecutionOrchestrator.java:88)\r\n        at org.junit.platform.launcher.core.EngineExecutionOrchestrator.lambda$execute$0(EngineExecutionOrchestrator.java:54)\r\n        at org.junit.platform.launcher.core.EngineExecutionOrchestrator.withInterceptedStreams(EngineExecutionOrchestrator.java:67)\r\n        at org.junit.platform.launcher.core.EngineExecutionOrchestrator.execute(EngineExecutionOrchestrator.java:52)\r\n        at org.junit.platform.launcher.core.DefaultLauncher.execute(DefaultLauncher.java:114)\r\n        at org.junit.platform.launcher.core.DefaultLauncher.execute(DefaultLauncher.java:86)\r\n        at org.junit.platform.launcher.core.DefaultLauncherSession$DelegatingLauncher.execute(DefaultLauncherSession.java:86)\r\n        at org.gradle.api.internal.tasks.testing.junitplatform.JUnitPlatformTestClassProcessor$CollectAllTestClassesExecutor.processAllTestClasses(JUnitPlatformTestClassProcessor.java:119)\r\n        at org.gradle.api.internal.tasks.testing.junitplatform.JUnitPlatformTestClassProcessor$CollectAllTestClassesExecutor.access$000(JUnitPlatformTestClassProcessor.java:94)\r\n        at org.gradle.api.internal.tasks.testing.junitplatform.JUnitPlatformTestClassProcessor.stop(JUnitPlatformTestClassProcessor.java:89)\r\n        at org.gradle.api.internal.tasks.testing.SuiteTestClassProcessor.stop(SuiteTestClassProcessor.java:62)\r\n        at java.base/jdk.internal.reflect.NativeMethodAccessorImpl.invoke0(Native Method)\r\n        at java.base/jdk.internal.reflect.NativeMethodAccessorImpl.invoke(NativeMethodAccessorImpl.java:77)\r\n        at java.base/jdk.internal.reflect.DelegatingMethodAccessorImpl.invoke(DelegatingMethodAccessorImpl.java:43)\r\n        at java.base/java.lang.reflect.Method.invoke(Method.java:569)\r\n        at org.gradle.internal.dispatch.ReflectionDispatch.dispatch(ReflectionDispatch.java:36)\r\n        at org.gradle.internal.dispatch.ReflectionDispatch.dispatch(ReflectionDispatch.java:24)\r\n        at org.gradle.internal.dispatch.ContextClassLoaderDispatch.dispatch(ContextClassLoaderDispatch.java:33)\r\n        at org.gradle.internal.dispatch.ProxyDispatchAdapter$DispatchingInvocationHandler.invoke(ProxyDispatchAdapter.java:94)\r\n        at jdk.proxy1/jdk.proxy1.$Proxy2.stop(Unknown Source)\r\n        at org.gradle.api.internal.tasks.testing.worker.TestWorker$3.run(TestWorker.java:193)\r\n        at org.gradle.api.internal.tasks.testing.worker.TestWorker.executeAndMaintainThreadName(TestWorker.java:129)\r\n        at org.gradle.api.internal.tasks.testing.worker.TestWorker.execute(TestWorker.java:100)\r\n        at org.gradle.api.internal.tasks.testing.worker.TestWorker.execute(TestWorker.java:60)\r\n        at org.gradle.process.internal.worker.child.ActionExecutionWorker.execute(ActionExecutionWorker.java:56)\r\n        at org.gradle.process.internal.worker.child.SystemApplicationClassLoaderWorker.call(SystemApplicationClassLoaderWorker.java:113)\r\n        at org.gradle.process.internal.worker.child.SystemApplicationClassLoaderWorker.call(SystemApplicationClassLoaderWorker.java:65)\r\n        at worker.org.gradle.process.internal.worker.GradleWorkerMain.run(GradleWorkerMain.java:69)\r\n        at worker.org.gradle.process.internal.worker.GradleWorkerMain.main(GradleWorkerMain.java:74)\r\n        at java.base@17.0.14/jdk.internal.reflect.NativeConstructorAccessorImpl.newInstance0(Native Method)\r\n        at java.base@17.0.14/jdk.internal.reflect.NativeConstructorAccessorImpl.newInstance(NativeConstructorAccessorImpl.java:77)\r\n        at java.base@17.0.14/jdk.internal.reflect.DelegatingConstructorAccessorImpl.newInstance(DelegatingConstructorAccessorImpl.java:45)\r\n        at java.base@17.0.14/java.lang.reflect.Constructor.newInstanceWithCaller(Constructor.java:500)\r\n        at app//ProteinTranslatorTest.testNonExistingCodonCantTranslate(ProteinTranslatorTest.java:159)\r\n\r\nProteinTranslatorTest > testIncompleteRnaSequenceCanTranslateIfValidUntilAStopCodon() FAILED\r\n    java.lang.IllegalArgumentException: Incomplete RNA sequence\r\n        at ProteinTranslator.translate(ProteinTranslator.java:26)\r\n        at ProteinTranslatorTest.testIncompleteRnaSequenceCanTranslateIfValidUntilAStopCodon(ProteinTranslatorTest.java:178)\r\n\r\nProteinTranslatorTest > testTranslationStopsIfStopCodonAtEnd1() PASSED\r\n\r\nProteinTranslatorTest > testTranslationStopsIfStopCodonAtEnd2() PASSED\r\n\r\nProteinTranslatorTest > testLeucineRnaSequence1() PASSED\r\n\r\nProteinTranslatorTest > testLeucineRnaSequence2() PASSED\r\n\r\nProteinTranslatorTest > testStopRnaSequence1() PASSED\r\n\r\nProteinTranslatorTest > testStopRnaSequence2() PASSED\r\n\r\nProteinTranslatorTest > testStopRnaSequence3() PASSED\r\n\r\nProteinTranslatorTest > testPhenylalanineRnaSequence1() PASSED\r\n\r\nProteinTranslatorTest > testPhenylalanineRnaSequence2() PASSED\r\n\r\nProteinTranslatorTest > testUnknownAminoAcidsNotPartOfACodonCantTranslate() FAILED\r\n    org.opentest4j.AssertionFailedError: \r\n    Expecting message to be:\r\n      \"Invalid codon\"\r\n    but was:\r\n      \"Invalid codon: XYZ\"\r\n\r\n    Throwable that failed the check:\r\n\r\n    java.lang.IllegalArgumentException: Invalid codon: XYZ\r\n        at ProteinTranslator.translate(ProteinTranslator.java:34)\r\n        at ProteinTranslatorTest.lambda$testUnknownAminoAcidsNotPartOfACodonCantTranslate$1(ProteinTranslatorTest.java:165)\r\n        at org.assertj.core.api.ThrowableAssert.catchThrowable(ThrowableAssert.java:63)\r\n        at org.assertj.core.api.ThrowableTypeAssert.isThrownBy(ThrowableTypeAssert.java:59)\r\n        at ProteinTranslatorTest.testUnknownAminoAcidsNotPartOfACodonCantTranslate(ProteinTranslatorTest.java:165)\r\n        at java.base/jdk.internal.reflect.NativeMethodAccessorImpl.invoke0(Native Method)\r\n        at java.base/jdk.internal.reflect.NativeMethodAccessorImpl.invoke(NativeMethodAccessorImpl.java:77)\r\n        at java.base/jdk.internal.reflect.DelegatingMethodAccessorImpl.invoke(DelegatingMethodAccessorImpl.java:43)\r\n        at java.base/java.lang.reflect.Method.invoke(Method.java:569)\r\n        at org.junit.platform.commons.util.ReflectionUtils.invokeMethod(ReflectionUtils.java:728)\r\n        at org.junit.jupiter.engine.execution.MethodInvocation.proceed(MethodInvocation.java:60)\r\n        at org.junit.jupiter.engine.execution.InvocationInterceptorChain$ValidatingInvocation.proceed(InvocationInterceptorChain.java:131)\r\n        at org.junit.jupiter.engine.extension.TimeoutExtension.intercept(TimeoutExtension.java:156)\r\n        at org.junit.jupiter.engine.extension.TimeoutExtension.interceptTestableMethod(TimeoutExtension.java:147)\r\n        at org.junit.jupiter.engine.extension.TimeoutExtension.interceptTestMethod(TimeoutExtension.java:86)\r\n        at org.junit.jupiter.engine.execution.InterceptingExecutableInvoker$ReflectiveInterceptorCall.lambda$ofVoidMethod$0(InterceptingExecutableInvoker.java:103)\r\n        at org.junit.jupiter.engine.execution.InterceptingExecutableInvoker.lambda$invoke$0(InterceptingExecutableInvoker.java:93)\r\n        at org.junit.jupiter.engine.execution.InvocationInterceptorChain$InterceptedInvocation.proceed(InvocationInterceptorChain.java:106)\r\n        at org.junit.jupiter.engine.execution.InvocationInterceptorChain.proceed(InvocationInterceptorChain.java:64)\r\n        at org.junit.jupiter.engine.execution.InvocationInterceptorChain.chainAndInvoke(InvocationInterceptorChain.java:45)\r\n        at org.junit.jupiter.engine.execution.InvocationInterceptorChain.invoke(InvocationInterceptorChain.java:37)\r\n        at org.junit.jupiter.engine.execution.InterceptingExecutableInvoker.invoke(InterceptingExecutableInvoker.java:92)\r\n        at org.junit.jupiter.engine.execution.InterceptingExecutableInvoker.invoke(InterceptingExecutableInvoker.java:86)\r\n        at org.junit.jupiter.engine.descriptor.TestMethodTestDescriptor.lambda$invokeTestMethod$7(TestMethodTestDescriptor.java:218)\r\n        at org.junit.platform.engine.support.hierarchical.ThrowableCollector.execute(ThrowableCollector.java:73)\r\n        at org.junit.jupiter.engine.descriptor.TestMethodTestDescriptor.invokeTestMethod(TestMethodTestDescriptor.java:214)\r\n        at org.junit.jupiter.engine.descriptor.TestMethodTestDescriptor.execute(TestMethodTestDescriptor.java:139)\r\n        at org.junit.jupiter.engine.descriptor.TestMethodTestDescriptor.execute(TestMethodTestDescriptor.java:69)\r\n        at org.junit.platform.engine.support.hierarchical.NodeTestTask.lambda$executeRecursively$6(NodeTestTask.java:151)\r\n        at org.junit.platform.engine.support.hierarchical.ThrowableCollector.execute(ThrowableCollector.java:73)\r\n        at org.junit.platform.engine.support.hierarchical.NodeTestTask.lambda$executeRecursively$8(NodeTestTask.java:141)\r\n        at org.junit.platform.engine.support.hierarchical.Node.around(Node.java:137)\r\n        at org.junit.platform.engine.support.hierarchical.NodeTestTask.lambda$executeRecursively$9(NodeTestTask.java:139)\r\n        at org.junit.platform.engine.support.hierarchical.ThrowableCollector.execute(ThrowableCollector.java:73)\r\n        at org.junit.platform.engine.support.hierarchical.NodeTestTask.executeRecursively(NodeTestTask.java:138)\r\n        at org.junit.platform.engine.support.hierarchical.NodeTestTask.execute(NodeTestTask.java:95)\r\n        at java.base/java.util.ArrayList.forEach(ArrayList.java:1511)\r\n        at org.junit.platform.engine.support.hierarchical.SameThreadHierarchicalTestExecutorService.invokeAll(SameThreadHierarchicalTestExecutorService.java:41)\r\n        at org.junit.platform.engine.support.hierarchical.NodeTestTask.lambda$executeRecursively$6(NodeTestTask.java:155)\r\n        at org.junit.platform.engine.support.hierarchical.ThrowableCollector.execute(ThrowableCollector.java:73)\r\n        at org.junit.platform.engine.support.hierarchical.NodeTestTask.lambda$executeRecursively$8(NodeTestTask.java:141)\r\n        at org.junit.platform.engine.support.hierarchical.Node.around(Node.java:137)\r\n        at org.junit.platform.engine.support.hierarchical.NodeTestTask.lambda$executeRecursively$9(NodeTestTask.java:139)\r\n        at org.junit.platform.engine.support.hierarchical.ThrowableCollector.execute(ThrowableCollector.java:73)\r\n        at org.junit.platform.engine.support.hierarchical.NodeTestTask.executeRecursively(NodeTestTask.java:138)\r\n        at org.junit.platform.engine.support.hierarchical.NodeTestTask.execute(NodeTestTask.java:95)\r\n        at java.base/java.util.ArrayList.forEach(ArrayList.java:1511)\r\n        at org.junit.platform.engine.support.hierarchical.SameThreadHierarchicalTestExecutorService.invokeAll(SameThreadHierarchicalTestExecutorService.java:41)\r\n        at org.junit.platform.engine.support.hierarchical.NodeTestTask.lambda$executeRecursively$6(NodeTestTask.java:155)\r\n        at org.junit.platform.engine.support.hierarchical.ThrowableCollector.execute(ThrowableCollector.java:73)\r\n        at org.junit.platform.engine.support.hierarchical.NodeTestTask.lambda$executeRecursively$8(NodeTestTask.java:141)\r\n        at org.junit.platform.engine.support.hierarchical.Node.around(Node.java:137)\r\n        at org.junit.platform.engine.support.hierarchical.NodeTestTask.lambda$executeRecursively$9(NodeTestTask.java:139)\r\n        at org.junit.platform.engine.support.hierarchical.ThrowableCollector.execute(ThrowableCollector.java:73)\r\n        at org.junit.platform.engine.support.hierarchical.NodeTestTask.executeRecursively(NodeTestTask.java:138)\r\n        at org.junit.platform.engine.support.hierarchical.NodeTestTask.execute(NodeTestTask.java:95)\r\n        at org.junit.platform.engine.support.hierarchical.SameThreadHierarchicalTestExecutorService.submit(SameThreadHierarchicalTestExecutorService.java:35)\r\n        at org.junit.platform.engine.support.hierarchical.HierarchicalTestExecutor.execute(HierarchicalTestExecutor.java:57)\r\n        at org.junit.platform.engine.support.hierarchical.HierarchicalTestEngine.execute(HierarchicalTestEngine.java:54)\r\n        at org.junit.platform.launcher.core.EngineExecutionOrchestrator.execute(EngineExecutionOrchestrator.java:107)\r\n        at org.junit.platform.launcher.core.EngineExecutionOrchestrator.execute(EngineExecutionOrchestrator.java:88)\r\n        at org.junit.platform.launcher.core.EngineExecutionOrchestrator.lambda$execute$0(EngineExecutionOrchestrator.java:54)\r\n        at org.junit.platform.launcher.core.EngineExecutionOrchestrator.withInterceptedStreams(EngineExecutionOrchestrator.java:67)\r\n        at org.junit.platform.launcher.core.EngineExecutionOrchestrator.execute(EngineExecutionOrchestrator.java:52)\r\n        at org.junit.platform.launcher.core.DefaultLauncher.execute(DefaultLauncher.java:114)\r\n        at org.junit.platform.launcher.core.DefaultLauncher.execute(DefaultLauncher.java:86)\r\n        at org.junit.platform.launcher.core.DefaultLauncherSession$DelegatingLauncher.execute(DefaultLauncherSession.java:86)\r\n        at org.gradle.api.internal.tasks.testing.junitplatform.JUnitPlatformTestClassProcessor$CollectAllTestClassesExecutor.processAllTestClasses(JUnitPlatformTestClassProcessor.java:119)\r\n        at org.gradle.api.internal.tasks.testing.junitplatform.JUnitPlatformTestClassProcessor$CollectAllTestClassesExecutor.access$000(JUnitPlatformTestClassProcessor.java:94)\r\n        at org.gradle.api.internal.tasks.testing.junitplatform.JUnitPlatformTestClassProcessor.stop(JUnitPlatformTestClassProcessor.java:89)\r\n        at org.gradle.api.internal.tasks.testing.SuiteTestClassProcessor.stop(SuiteTestClassProcessor.java:62)\r\n        at java.base/jdk.internal.reflect.NativeMethodAccessorImpl.invoke0(Native Method)\r\n        at java.base/jdk.internal.reflect.NativeMethodAccessorImpl.invoke(NativeMethodAccessorImpl.java:77)\r\n        at java.base/jdk.internal.reflect.DelegatingMethodAccessorImpl.invoke(DelegatingMethodAccessorImpl.java:43)\r\n        at java.base/java.lang.reflect.Method.invoke(Method.java:569)\r\n        at org.gradle.internal.dispatch.ReflectionDispatch.dispatch(ReflectionDispatch.java:36)\r\n        at org.gradle.internal.dispatch.ReflectionDispatch.dispatch(ReflectionDispatch.java:24)\r\n        at org.gradle.internal.dispatch.ContextClassLoaderDispatch.dispatch(ContextClassLoaderDispatch.java:33)\r\n        at org.gradle.internal.dispatch.ProxyDispatchAdapter$DispatchingInvocationHandler.invoke(ProxyDispatchAdapter.java:94)\r\n        at jdk.proxy1/jdk.proxy1.$Proxy2.stop(Unknown Source)\r\n        at org.gradle.api.internal.tasks.testing.worker.TestWorker$3.run(TestWorker.java:193)\r\n        at org.gradle.api.internal.tasks.testing.worker.TestWorker.executeAndMaintainThreadName(TestWorker.java:129)\r\n        at org.gradle.api.internal.tasks.testing.worker.TestWorker.execute(TestWorker.java:100)\r\n        at org.gradle.api.internal.tasks.testing.worker.TestWorker.execute(TestWorker.java:60)\r\n        at org.gradle.process.internal.worker.child.ActionExecutionWorker.execute(ActionExecutionWorker.java:56)\r\n        at org.gradle.process.internal.worker.child.SystemApplicationClassLoaderWorker.call(SystemApplicationClassLoaderWorker.java:113)\r\n        at org.gradle.process.internal.worker.child.SystemApplicationClassLoaderWorker.call(SystemApplicationClassLoaderWorker.java:65)\r\n        at worker.org.gradle.process.internal.worker.GradleWorkerMain.run(GradleWorkerMain.java:69)\r\n        at worker.org.gradle.process.internal.worker.GradleWorkerMain.main(GradleWorkerMain.java:74)\r\n        at java.base@17.0.14/jdk.internal.reflect.NativeConstructorAccessorImpl.newInstance0(Native Method)\r\n        at java.base@17.0.14/jdk.internal.reflect.NativeConstructorAccessorImpl.newInstance(NativeConstructorAccessorImpl.java:77)\r\n        at java.base@17.0.14/jdk.internal.reflect.DelegatingConstructorAccessorImpl.newInstance(DelegatingConstructorAccessorImpl.java:45)\r\n        at java.base@17.0.14/java.lang.reflect.Constructor.newInstanceWithCaller(Constructor.java:500)\r\n        at app//ProteinTranslatorTest.testUnknownAminoAcidsNotPartOfACodonCantTranslate(ProteinTranslatorTest.java:166)\r\n\r\nProteinTranslatorTest > testSerineRnaSequence1() PASSED\r\n\r\nProteinTranslatorTest > testSerineRnaSequence2() PASSED\r\n\r\nProteinTranslatorTest > testSerineRnaSequence3() PASSED\r\n\r\nProteinTranslatorTest > testSerineRnaSequence4() PASSED\r\n\r\nProteinTranslatorTest > testTranslationStopsIfStopCodonAtBeginning() PASSED\r\n\r\nProteinTranslatorTest > testIncompleteRnaSequenceCantTranslate() FAILED\r\n    org.opentest4j.AssertionFailedError: \r\n    Expecting message to be:\r\n      \"Invalid codon\"\r\n    but was:\r\n      \"Incomplete RNA sequence\"\r\n\r\n    Throwable that failed the check:\r\n\r\n    java.lang.IllegalArgumentException: Incomplete RNA sequence\r\n        at ProteinTranslator.translate(ProteinTranslator.java:26)\r\n        at ProteinTranslatorTest.lambda$testIncompleteRnaSequenceCantTranslate$2(ProteinTranslatorTest.java:172)\r\n        at org.assertj.core.api.ThrowableAssert.catchThrowable(ThrowableAssert.java:63)\r\n        at org.assertj.core.api.ThrowableTypeAssert.isThrownBy(ThrowableTypeAssert.java:59)\r\n        at ProteinTranslatorTest.testIncompleteRnaSequenceCantTranslate(ProteinTranslatorTest.java:172)\r\n        at java.base/jdk.internal.reflect.NativeMethodAccessorImpl.invoke0(Native Method)\r\n        at java.base/jdk.internal.reflect.NativeMethodAccessorImpl.invoke(NativeMethodAccessorImpl.java:77)\r\n        at java.base/jdk.internal.reflect.DelegatingMethodAccessorImpl.invoke(DelegatingMethodAccessorImpl.java:43)\r\n        at java.base/java.lang.reflect.Method.invoke(Method.java:569)\r\n        at org.junit.platform.commons.util.ReflectionUtils.invokeMethod(ReflectionUtils.java:728)\r\n        at org.junit.jupiter.engine.execution.MethodInvocation.proceed(MethodInvocation.java:60)\r\n        at org.junit.jupiter.engine.execution.InvocationInterceptorChain$ValidatingInvocation.proceed(InvocationInterceptorChain.java:131)\r\n        at org.junit.jupiter.engine.extension.TimeoutExtension.intercept(TimeoutExtension.java:156)\r\n        at org.junit.jupiter.engine.extension.TimeoutExtension.interceptTestableMethod(TimeoutExtension.java:147)\r\n        at org.junit.jupiter.engine.extension.TimeoutExtension.interceptTestMethod(TimeoutExtension.java:86)\r\n        at org.junit.jupiter.engine.execution.InterceptingExecutableInvoker$ReflectiveInterceptorCall.lambda$ofVoidMethod$0(InterceptingExecutableInvoker.java:103)\r\n        at org.junit.jupiter.engine.execution.InterceptingExecutableInvoker.lambda$invoke$0(InterceptingExecutableInvoker.java:93)\r\n        at org.junit.jupiter.engine.execution.InvocationInterceptorChain$InterceptedInvocation.proceed(InvocationInterceptorChain.java:106)\r\n        at org.junit.jupiter.engine.execution.InvocationInterceptorChain.proceed(InvocationInterceptorChain.java:64)\r\n        at org.junit.jupiter.engine.execution.InvocationInterceptorChain.chainAndInvoke(InvocationInterceptorChain.java:45)\r\n        at org.junit.jupiter.engine.execution.InvocationInterceptorChain.invoke(InvocationInterceptorChain.java:37)\r\n        at org.junit.jupiter.engine.execution.InterceptingExecutableInvoker.invoke(InterceptingExecutableInvoker.java:92)\r\n        at org.junit.jupiter.engine.execution.InterceptingExecutableInvoker.invoke(InterceptingExecutableInvoker.java:86)\r\n        at org.junit.jupiter.engine.descriptor.TestMethodTestDescriptor.lambda$invokeTestMethod$7(TestMethodTestDescriptor.java:218)\r\n        at org.junit.platform.engine.support.hierarchical.ThrowableCollector.execute(ThrowableCollector.java:73)\r\n        at org.junit.jupiter.engine.descriptor.TestMethodTestDescriptor.invokeTestMethod(TestMethodTestDescriptor.java:214)\r\n        at org.junit.jupiter.engine.descriptor.TestMethodTestDescriptor.execute(TestMethodTestDescriptor.java:139)\r\n        at org.junit.jupiter.engine.descriptor.TestMethodTestDescriptor.execute(TestMethodTestDescriptor.java:69)\r\n        at org.junit.platform.engine.support.hierarchical.NodeTestTask.lambda$executeRecursively$6(NodeTestTask.java:151)\r\n        at org.junit.platform.engine.support.hierarchical.ThrowableCollector.execute(ThrowableCollector.java:73)\r\n        at org.junit.platform.engine.support.hierarchical.NodeTestTask.lambda$executeRecursively$8(NodeTestTask.java:141)\r\n        at org.junit.platform.engine.support.hierarchical.Node.around(Node.java:137)\r\n        at org.junit.platform.engine.support.hierarchical.NodeTestTask.lambda$executeRecursively$9(NodeTestTask.java:139)\r\n        at org.junit.platform.engine.support.hierarchical.ThrowableCollector.execute(ThrowableCollector.java:73)\r\n        at org.junit.platform.engine.support.hierarchical.NodeTestTask.executeRecursively(NodeTestTask.java:138)\r\n        at org.junit.platform.engine.support.hierarchical.NodeTestTask.execute(NodeTestTask.java:95)\r\n        at java.base/java.util.ArrayList.forEach(ArrayList.java:1511)\r\n        at org.junit.platform.engine.support.hierarchical.SameThreadHierarchicalTestExecutorService.invokeAll(SameThreadHierarchicalTestExecutorService.java:41)\r\n        at org.junit.platform.engine.support.hierarchical.NodeTestTask.lambda$executeRecursively$6(NodeTestTask.java:155)\r\n        at org.junit.platform.engine.support.hierarchical.ThrowableCollector.execute(ThrowableCollector.java:73)\r\n        at org.junit.platform.engine.support.hierarchical.NodeTestTask.lambda$executeRecursively$8(NodeTestTask.java:141)\r\n        at org.junit.platform.engine.support.hierarchical.Node.around(Node.java:137)\r\n        at org.junit.platform.engine.support.hierarchical.NodeTestTask.lambda$executeRecursively$9(NodeTestTask.java:139)\r\n        at org.junit.platform.engine.support.hierarchical.ThrowableCollector.execute(ThrowableCollector.java:73)\r\n        at org.junit.platform.engine.support.hierarchical.NodeTestTask.executeRecursively(NodeTestTask.java:138)\r\n        at org.junit.platform.engine.support.hierarchical.NodeTestTask.execute(NodeTestTask.java:95)\r\n        at java.base/java.util.ArrayList.forEach(ArrayList.java:1511)\r\n        at org.junit.platform.engine.support.hierarchical.SameThreadHierarchicalTestExecutorService.invokeAll(SameThreadHierarchicalTestExecutorService.java:41)\r\n        at org.junit.platform.engine.support.hierarchical.NodeTestTask.lambda$executeRecursively$6(NodeTestTask.java:155)\r\n        at org.junit.platform.engine.support.hierarchical.ThrowableCollector.execute(ThrowableCollector.java:73)\r\n        at org.junit.platform.engine.support.hierarchical.NodeTestTask.lambda$executeRecursively$8(NodeTestTask.java:141)\r\n        at org.junit.platform.engine.support.hierarchical.Node.around(Node.java:137)\r\n        at org.junit.platform.engine.support.hierarchical.NodeTestTask.lambda$executeRecursively$9(NodeTestTask.java:139)\r\n        at org.junit.platform.engine.support.hierarchical.ThrowableCollector.execute(ThrowableCollector.java:73)\r\n        at org.junit.platform.engine.support.hierarchical.NodeTestTask.executeRecursively(NodeTestTask.java:138)\r\n        at org.junit.platform.engine.support.hierarchical.NodeTestTask.execute(NodeTestTask.java:95)\r\n        at org.junit.platform.engine.support.hierarchical.SameThreadHierarchicalTestExecutorService.submit(SameThreadHierarchicalTestExecutorService.java:35)\r\n        at org.junit.platform.engine.support.hierarchical.HierarchicalTestExecutor.execute(HierarchicalTestExecutor.java:57)\r\n        at org.junit.platform.engine.support.hierarchical.HierarchicalTestEngine.execute(HierarchicalTestEngine.java:54)\r\n        at org.junit.platform.launcher.core.EngineExecutionOrchestrator.execute(EngineExecutionOrchestrator.java:107)\r\n        at org.junit.platform.launcher.core.EngineExecutionOrchestrator.execute(EngineExecutionOrchestrator.java:88)\r\n        at org.junit.platform.launcher.core.EngineExecutionOrchestrator.lambda$execute$0(EngineExecutionOrchestrator.java:54)\r\n        at org.junit.platform.launcher.core.EngineExecutionOrchestrator.withInterceptedStreams(EngineExecutionOrchestrator.java:67)\r\n        at org.junit.platform.launcher.core.EngineExecutionOrchestrator.execute(EngineExecutionOrchestrator.java:52)\r\n        at org.junit.platform.launcher.core.DefaultLauncher.execute(DefaultLauncher.java:114)\r\n        at org.junit.platform.launcher.core.DefaultLauncher.execute(DefaultLauncher.java:86)\r\n        at org.junit.platform.launcher.core.DefaultLauncherSession$DelegatingLauncher.execute(DefaultLauncherSession.java:86)\r\n        at org.gradle.api.internal.tasks.testing.junitplatform.JUnitPlatformTestClassProcessor$CollectAllTestClassesExecutor.processAllTestClasses(JUnitPlatformTestClassProcessor.java:119)\r\n        at org.gradle.api.internal.tasks.testing.junitplatform.JUnitPlatformTestClassProcessor$CollectAllTestClassesExecutor.access$000(JUnitPlatformTestClassProcessor.java:94)\r\n        at org.gradle.api.internal.tasks.testing.junitplatform.JUnitPlatformTestClassProcessor.stop(JUnitPlatformTestClassProcessor.java:89)\r\n        at org.gradle.api.internal.tasks.testing.SuiteTestClassProcessor.stop(SuiteTestClassProcessor.java:62)\r\n        at java.base/jdk.internal.reflect.NativeMethodAccessorImpl.invoke0(Native Method)\r\n        at java.base/jdk.internal.reflect.NativeMethodAccessorImpl.invoke(NativeMethodAccessorImpl.java:77)\r\n        at java.base/jdk.internal.reflect.DelegatingMethodAccessorImpl.invoke(DelegatingMethodAccessorImpl.java:43)\r\n        at java.base/java.lang.reflect.Method.invoke(Method.java:569)\r\n        at org.gradle.internal.dispatch.ReflectionDispatch.dispatch(ReflectionDispatch.java:36)\r\n        at org.gradle.internal.dispatch.ReflectionDispatch.dispatch(ReflectionDispatch.java:24)\r\n        at org.gradle.internal.dispatch.ContextClassLoaderDispatch.dispatch(ContextClassLoaderDispatch.java:33)\r\n        at org.gradle.internal.dispatch.ProxyDispatchAdapter$DispatchingInvocationHandler.invoke(ProxyDispatchAdapter.java:94)\r\n        at jdk.proxy1/jdk.proxy1.$Proxy2.stop(Unknown Source)\r\n        at org.gradle.api.internal.tasks.testing.worker.TestWorker$3.run(TestWorker.java:193)\r\n        at org.gradle.api.internal.tasks.testing.worker.TestWorker.executeAndMaintainThreadName(TestWorker.java:129)\r\n        at org.gradle.api.internal.tasks.testing.worker.TestWorker.execute(TestWorker.java:100)\r\n        at org.gradle.api.internal.tasks.testing.worker.TestWorker.execute(TestWorker.java:60)\r\n        at org.gradle.process.internal.worker.child.ActionExecutionWorker.execute(ActionExecutionWorker.java:56)\r\n        at org.gradle.process.internal.worker.child.SystemApplicationClassLoaderWorker.call(SystemApplicationClassLoaderWorker.java:113)\r\n        at org.gradle.process.internal.worker.child.SystemApplicationClassLoaderWorker.call(SystemApplicationClassLoaderWorker.java:65)\r\n        at worker.org.gradle.process.internal.worker.GradleWorkerMain.run(GradleWorkerMain.java:69)\r\n        at worker.org.gradle.process.internal.worker.GradleWorkerMain.main(GradleWorkerMain.java:74)\r\n        at java.base@17.0.14/jdk.internal.reflect.NativeConstructorAccessorImpl.newInstance0(Native Method)\r\n        at java.base@17.0.14/jdk.internal.reflect.NativeConstructorAccessorImpl.newInstance(NativeConstructorAccessorImpl.java:77)\r\n        at java.base@17.0.14/jdk.internal.reflect.DelegatingConstructorAccessorImpl.newInstance(DelegatingConstructorAccessorImpl.java:45)\r\n        at java.base@17.0.14/java.lang.reflect.Constructor.newInstanceWithCaller(Constructor.java:500)\r\n        at app//ProteinTranslatorTest.testIncompleteRnaSequenceCantTranslate(ProteinTranslatorTest.java:173)\r\n\r\nProteinTranslatorTest > testCysteineRnaSequence1() PASSED\r\n\r\nProteinTranslatorTest > testCysteineRnaSequence2() PASSED\r\n\r\n31 tests completed, 4 failed\r\n\r\nFAILURE: Build failed with an exception.\r\n\r\n* What went wrong:\r\nExecution failed for task ':test'.\r\n> There were failing tests. See the report at: file:///Users/cte/Documents/evals/java/protein-translation/build/reports/tests/test/index.html\r\n\r\n* Try:\r\n> Run with --scan to get full insights.\r\n\r\nDeprecated Gradle features were used in this build, making it incompatible with Gradle 9.0.\r\n\r\nYou can use '--warning-mode all' to show the individual deprecation warnings and determine if they come from your own scripts or plugins.\r\n\r\nFor more on this, please refer to https://docs.gradle.org/8.7/userguide/command_line_interface.html#sec:command_line_warnings in the Gradle documentation.\r\n\r\nBUILD FAILED in 1s\r\n3 actionable tasks: 3 executed\r\n\r\n\r\n\r\n"
}
[2025-04-03T23:14:18.425Z] {
  "ts": 1743722058410,
  "type": "ask",
  "ask": "command_output",
  "text": "<-------------> 0% WAITING> IDLE> IDLE%                                                                                    \r \r"
}
[2025-04-03T23:14:18.481Z] {
  "ts": 1743722058468,
  "type": "say",
  "say": "api_req_started",
  "text": "{\"request\":\"[execute_command for './gradlew test'] Result:\\n\\nCommand executed in terminal 1 within working directory '/Users/cte/Documents/evals/java/protein-translation'. Command execution was not successful, inspect the cause and adjust as needed.\\nExit code: 1\\nOutput:\\n\\r\\n\\r\\n> Connecting to Daemon<=====--------> 42% EXECUTING [82ms]> :compileTestJava<===========--> 85% EXECUTING [183ms]> :test > 0 tests completed<===========--> 85% EXECUTING [317ms]<===========--> 85% EXECUTING [379ms]<===========--> 85% EXECUTING [480ms]<===========--> 85% EXECUTING [580ms]\\r\\n<===========--> 85% EXECUTING [680ms]> :test > 11 tests completed> :test > Executing test ProteinTranslatorTest\\r\\n> Task :test FAILED\\r\\n\\r\\nProteinTranslatorTest > testTryptophanRnaSequence1() PASSED\\r\\n\\r\\nProteinTranslatorTest > testTranslationOfRnaToProteinList() PASSED\\r\\n\\r\\nProteinTranslatorTest > testSequenceOfTwoProteinCodonsTranslatesIntoProteins() PASSED\\r\\n\\r\\nProteinTranslatorTest > testMethionineRnaSequence() PASSED\\r\\n\\r\\nProteinTranslatorTest > testSequenceOfTwoNonStopCodonsDoNotTranslateToAStopCodon() PASSED\\r\\n\\r\\nProteinTranslatorTest > testTranslationStopsIfStopCodonInMiddle1() PASSED\\r\\n\\r\\nProteinTranslatorTest > testTranslationStopsIfStopCodonInMiddle2() PASSED\\r\\n\\r\\nProteinTranslatorTest > testEmptyRnaSequenceResultInNoproteins() PASSED\\r\\n\\r\\nProteinTranslatorTest > testSequenceOfTwoDifferentProteinCodonsTranslatesIntoProteins() PASSED\\r\\n\\r\\nProteinTranslatorTest > testTyrosineRnaSequence1() PASSED\\r\\n\\r\\nProteinTranslatorTest > testTyrosineRnaSequence2() PASSED\\r\\n\\r\\nProteinTranslatorTest > testNonExistingCodonCantTranslate() FAILED\\r\\n    org.opentest4j.AssertionFailedError: \\r\\n    Expecting message to be:\\r\\n      \\\"Invalid codon\\\"\\r\\n    but was:\\r\\n      \\\"Invalid codon: AAA\\\"\\r\\n\\r\\n    Throwable that failed the check:\\r\\n\\r\\n    java.lang.IllegalArgumentException: Invalid codon: AAA\\r\\n        at ProteinTranslator.translate(ProteinTranslator.java:34)\\r\\n        at ProteinTranslatorTest.lambda$testNonExistingCodonCantTranslate$0(ProteinTranslatorTest.java:158)\\r\\n        at org.assertj.core.api.ThrowableAssert.catchThrowable(ThrowableAssert.java:63)\\r\\n        at org.assertj.core.api.ThrowableTypeAssert.isThrownBy(ThrowableTypeAssert.java:59)\\r\\n        at ProteinTranslatorTest.testNonExistingCodonCantTranslate(ProteinTranslatorTest.java:158)\\r\\n        at java.base/jdk.internal.reflect.NativeMethodAccessorImpl.invoke0(Native Method)\\r\\n        at java.base/jdk.internal.reflect.NativeMethodAccessorImpl.invoke(NativeMethodAccessorImpl.java:77)\\r\\n        at java.base/jdk.internal.reflect.DelegatingMethodAccessorImpl.invoke(DelegatingMethodAccessorImpl.java:43)\\r\\n        at java.base/java.lang.reflect.Method.invoke(Method.java:569)\\r\\n        at org.junit.platform.commons.util.ReflectionUtils.invokeMethod(ReflectionUtils.java:728)\\r\\n        at org.junit.jupiter.engine.execution.MethodInvocation.proceed(MethodInvocation.java:60)\\r\\n        at org.junit.jupiter.engine.execution.InvocationInterceptorChain$ValidatingInvocation.proceed(InvocationInterceptorChain.java:131)\\r\\n        at org.junit.jupiter.engine.extension.TimeoutExtension.intercept(TimeoutExtension.java:156)\\r\\n        at org.junit.jupiter.engine.extension.TimeoutExtension.interceptTestableMethod(TimeoutExtension.java:147)\\r\\n        at org.junit.jupiter.engine.extension.TimeoutExtension.interceptTestMethod(TimeoutExtension.java:86)\\r\\n        at org.junit.jupiter.engine.execution.InterceptingExecutableInvoker$ReflectiveInterceptorCall.lambda$ofVoidMethod$0(InterceptingExecutableInvoker.java:103)\\r\\n        at org.junit.jupiter.engine.execution.InterceptingExecutableInvoker.lambda$invoke$0(InterceptingExecutableInvoker.java:93)\\r\\n        at org.junit.jupiter.engine.execution.InvocationInterceptorChain$InterceptedInvocation.proceed(InvocationInterceptorChain.java:106)\\r\\n        at org.junit.jupiter.engine.execution.InvocationInterceptorChain.proceed(InvocationInterceptorChain.java:64)\\r\\n        at org.junit.jupiter.engine.execution.InvocationInterceptorChain.chainAndInvoke(InvocationInterceptorChain.java:45)\\r\\n        at org.junit.jupiter.engine.execution.InvocationInterceptorChain.invoke(InvocationInterceptorChain.java:37)\\r\\n        at org.junit.jupiter.engine.execution.InterceptingExecutableInvoker.invoke(InterceptingExecutableInvoker.java:92)\\r\\n        at org.junit.jupiter.engine.execution.InterceptingExecutableInvoker.invoke(InterceptingExecutableInvoker.java:86)\\r\\n        at org.junit.jupiter.engine.descriptor.TestMethodTestDescriptor.lambda$invokeTestMethod$7(TestMethodTestDescriptor.java:218)\\r\\n        at org.junit.platform.engine.support.hierarchical.ThrowableCollector.execute(ThrowableCollector.java:73)\\r\\n        at org.junit.jupiter.engine.descriptor.TestMethodTestDescriptor.invokeTestMethod(TestMethodTestDescriptor.java:214)\\r\\n        at org.junit.jupiter.engine.descriptor.TestMethodTestDescriptor.execute(TestMethodTestDescriptor.java:139)\\r\\n        at org.junit.jupiter.engine.descriptor.TestMethodTestDescriptor.execute(TestMethodTestDescriptor.java:69)\\r\\n        at org.junit.platform.engine.support.hierarchical.NodeTestTask.lambda$executeRecursively$6(NodeTestTask.java:151)\\r\\n        at org.junit.platform.engine.support.hierarchical.ThrowableCollector.execute(ThrowableCollector.java:73)\\r\\n        at org.junit.platform.engine.support.hierarchical.NodeTestTask.lambda$executeRecursively$8(NodeTestTask.java:141)\\r\\n        at org.junit.platform.engine.support.hierarchical.Node.around(Node.java:137)\\r\\n        at org.junit.platform.engine.support.hierarchical.NodeTestTask.lambda$executeRecursively$9(NodeTestTask.java:139)\\r\\n        at org.junit.platform.engine.support.hierarchical.ThrowableCollector.execute(ThrowableCollector.java:73)\\r\\n        at org.junit.platform.engine.support.hierarchical.NodeTestTask.executeRecursively(NodeTestTask.java:138)\\r\\n        at org.junit.platform.engine.support.hierarchical.NodeTestTask.execute(NodeTestTask.java:95)\\r\\n        at java.base/java.util.ArrayList.forEach(ArrayList.java:1511)\\r\\n        at org.junit.platform.engine.support.hierarchical.SameThreadHierarchicalTestExecutorService.invokeAll(SameThreadHierarchicalTestExecutorService.java:41)\\r\\n        at org.junit.platform.engine.support.hierarchical.NodeTestTask.lambda$executeRecursively$6(NodeTestTask.java:155)\\r\\n        at org.junit.platform.engine.support.hierarchical.ThrowableCollector.execute(ThrowableCollector.java:73)\\r\\n        at org.junit.platform.engine.support.hierarchical.NodeTestTask.lambda$executeRecursively$8(NodeTestTask.java:141)\\r\\n        at org.junit.platform.engine.support.hierarchical.Node.around(Node.java:137)\\r\\n        at org.junit.platform.engine.support.hierarchical.NodeTestTask.lambda$executeRecursively$9(NodeTestTask.java:139)\\r\\n        at org.junit.platform.engine.support.hierarchical.ThrowableCollector.execute(ThrowableCollector.java:73)\\r\\n        at org.junit.platform.engine.support.hierarchical.NodeTestTask.executeRecursively(NodeTestTask.java:138)\\r\\n        at org.junit.platform.engine.support.hierarchical.NodeTestTask.execute(NodeTestTask.java:95)\\r\\n        at java.base/java.util.ArrayList.forEach(ArrayList.java:1511)\\r\\n        at org.junit.platform.engine.support.hierarchical.SameThreadHierarchicalTestExecutorService.invokeAll(SameThreadHierarchicalTestExecutorService.java:41)\\r\\n        at org.junit.platform.engine.support.hierarchical.NodeTestTask.lambda$executeRecursively$6(NodeTestTask.java:155)\\r\\n        at org.junit.platform.engine.support.hierarchical.ThrowableCollector.execute(ThrowableCollector.java:73)\\r\\n        at org.junit.platform.engine.support.hierarchical.NodeTestTask.lambda$executeRecursively$8(NodeTestTask.java:141)\\r\\n        at org.junit.platform.engine.support.hierarchical.Node.around(Node.java:137)\\r\\n        at org.junit.platform.engine.support.hierarchical.NodeTestTask.lambda$executeRecursively$9(NodeTestTask.java:139)\\r\\n        at org.junit.platform.engine.support.hierarchical.ThrowableCollector.execute(ThrowableCollector.java:73)\\r\\n        at org.junit.platform.engine.support.hierarchical.NodeTestTask.executeRecursively(NodeTestTask.java:138)\\r\\n        at org.junit.platform.engine.support.hierarchical.NodeTestTask.execute(NodeTestTask.java:95)\\r\\n        at org.junit.platform.engine.support.hierarchical.SameThreadHierarchicalTestExecutorService.submit(SameThreadHierarchicalTestExecutorService.java:35)\\r\\n        at org.junit.platform.engine.support.hierarchical.HierarchicalTestExecutor.execute(HierarchicalTestExecutor.java:57)\\r\\n        at org.junit.platform.engine.support.hierarchical.HierarchicalTestEngine.execute(HierarchicalTestEngine.java:54)\\r\\n        at org.junit.platform.launcher.core.EngineExecutionOrchestrator.execute(EngineExecutionOrchestrator.java:107)\\r\\n        at org.junit.platform.launcher.core.EngineExecutionOrchestrator.execute(EngineExecutionOrchestrator.java:88)\\r\\n        at org.junit.platform.launcher.core.EngineExecutionOrchestrator.lambda$execute$0(EngineExecutionOrchestrator.java:54)\\r\\n        at org.junit.platform.launcher.core.EngineExecutionOrchestrator.withInterceptedStreams(EngineExecutionOrchestrator.java:67)\\r\\n        at org.junit.platform.launcher.core.EngineExecutionOrchestrator.execute(EngineExecutionOrchestrator.java:52)\\r\\n        at org.junit.platform.launcher.core.DefaultLauncher.execute(DefaultLauncher.java:114)\\r\\n        at org.junit.platform.launcher.core.DefaultLauncher.execute(DefaultLauncher.java:86)\\r\\n        at org.junit.platform.launcher.core.DefaultLauncherSession$DelegatingLauncher.execute(DefaultLauncherSession.java:86)\\r\\n        at org.gradle.api.internal.tasks.testing.junitplatform.JUnitPlatformTestClassProcessor$CollectAllTestClassesExecutor.processAllTestClasses(JUnitPlatformTestClassProcessor.java:119)\\r\\n        at org.gradle.api.internal.tasks.testing.junitplatform.JUnitPlatformTestClassProcessor$CollectAllTestClassesExecutor.access$000(JUnitPlatformTestClassProcessor.java:94)\\r\\n        at org.gradle.api.internal.tasks.testing.junitplatform.JUnitPlatformTestClassProcessor.stop(JUnitPlatformTestClassProcessor.java:89)\\r\\n        at org.gradle.api.internal.tasks.testing.SuiteTestClassProcessor.stop(SuiteTestClassProcessor.java:62)\\r\\n        at java.base/jdk.internal.reflect.NativeMethodAccessorImpl.invoke0(Native Method)\\r\\n        at java.base/jdk.internal.reflect.NativeMethodAccessorImpl.invoke(NativeMethodAccessorImpl.java:77)\\r\\n        at java.base/jdk.internal.reflect.DelegatingMethodAccessorImpl.invoke(DelegatingMethodAccessorImpl.java:43)\\r\\n        at java.base/java.lang.reflect.Method.invoke(Method.java:569)\\r\\n        at org.gradle.internal.dispatch.ReflectionDispatch.dispatch(ReflectionDispatch.java:36)\\r\\n        at org.gradle.internal.dispatch.ReflectionDispatch.dispatch(ReflectionDispatch.java:24)\\r\\n        at org.gradle.internal.dispatch.ContextClassLoaderDispatch.dispatch(ContextClassLoaderDispatch.java:33)\\r\\n        at org.gradle.internal.dispatch.ProxyDispatchAdapter$DispatchingInvocationHandler.invoke(ProxyDispatchAdapter.java:94)\\r\\n        at jdk.proxy1/jdk.proxy1.$Proxy2.stop(Unknown Source)\\r\\n        at org.gradle.api.internal.tasks.testing.worker.TestWorker$3.run(TestWorker.java:193)\\r\\n        at org.gradle.api.internal.tasks.testing.worker.TestWorker.executeAndMaintainThreadName(TestWorker.java:129)\\r\\n        at org.gradle.api.internal.tasks.testing.worker.TestWorker.execute(TestWorker.java:100)\\r\\n        at org.gradle.api.internal.tasks.testing.worker.TestWorker.execute(TestWorker.java:60)\\r\\n        at org.gradle.process.internal.worker.child.ActionExecutionWorker.execute(ActionExecutionWorker.java:56)\\r\\n        at org.gradle.process.internal.worker.child.SystemApplicationClassLoaderWorker.call(SystemApplicationClassLoaderWorker.java:113)\\r\\n        at org.gradle.process.internal.worker.child.SystemApplicationClassLoaderWorker.call(SystemApplicationClassLoaderWorker.java:65)\\r\\n        at worker.org.gradle.process.internal.worker.GradleWorkerMain.run(GradleWorkerMain.java:69)\\r\\n        at worker.org.gradle.process.internal.worker.GradleWorkerMain.main(GradleWorkerMain.java:74)\\r\\n        at java.base@17.0.14/jdk.internal.reflect.NativeConstructorAccessorImpl.newInstance0(Native Method)\\r\\n        at java.base@17.0.14/jdk.internal.reflect.NativeConstructorAccessorImpl.newInstance(NativeConstructorAccessorImpl.java:77)\\r\\n        at java.base@17.0.14/jdk.internal.reflect.DelegatingConstructorAccessorImpl.newInstance(DelegatingConstructorAccessorImpl.java:45)\\r\\n        at java.base@17.0.14/java.lang.reflect.Constructor.newInstanceWithCaller(Constructor.java:500)\\r\\n        at app//ProteinTranslatorTest.testNonExistingCodonCantTranslate(ProteinTranslatorTest.java:159)\\r\\n\\r\\nProteinTranslatorTest > testIncompleteRnaSequenceCanTranslateIfValidUntilAStopCodon() FAILED\\r\\n    java.lang.IllegalArgumentException: Incomplete RNA sequence\\r\\n        at ProteinTranslator.translate(ProteinTranslator.java:26)\\r\\n        at ProteinTranslatorTest.testIncompleteRnaSequenceCanTranslateIfValidUntilAStopCodon(ProteinTranslatorTest.java:178)\\r\\n\\r\\nProteinTranslatorTest > testTranslationStopsIfStopCodonAtEnd1() PASSED\\r\\n\\r\\nProteinTranslatorTest > testTranslationStopsIfStopCodonAtEnd2() PASSED\\r\\n\\r\\nProteinTranslatorTest > testLeucineRnaSequence1() PASSED\\r\\n\\r\\nProteinTranslatorTest > testLeucineRnaSequence2() PASSED\\r\\n\\r\\nProteinTranslatorTest > testStopRnaSequence1() PASSED\\r\\n\\r\\nProteinTranslatorTest > testStopRnaSequence2() PASSED\\r\\n\\r\\nProteinTranslatorTest > testStopRnaSequence3() PASSED\\r\\n\\r\\nProteinTranslatorTest > testPhenylalanineRnaSequence1() PASSED\\r\\n\\r\\nProteinTranslatorTest > testPhenylalanineRnaSequence2() PASSED\\r\\n\\r\\nProteinTranslatorTest > testUnknownAminoAcidsNotPartOfACodonCantTranslate() FAILED\\r\\n    org.opentest4j.AssertionFailedError: \\r\\n    Expecting message to be:\\r\\n      \\\"Invalid codon\\\"\\r\\n    but was:\\r\\n      \\\"Invalid codon: XYZ\\\"\\r\\n\\r\\n    Throwable that failed the check:\\r\\n\\r\\n    java.lang.IllegalArgumentException: Invalid codon: XYZ\\r\\n        at ProteinTranslator.translate(ProteinTranslator.java:34)\\r\\n        at ProteinTranslatorTest.lambda$testUnknownAminoAcidsNotPartOfACodonCantTranslate$1(ProteinTranslatorTest.java:165)\\r\\n        at org.assertj.core.api.ThrowableAssert.catchThrowable(ThrowableAssert.java:63)\\r\\n        at org.assertj.core.api.ThrowableTypeAssert.isThrownBy(ThrowableTypeAssert.java:59)\\r\\n        at ProteinTranslatorTest.testUnknownAminoAcidsNotPartOfACodonCantTranslate(ProteinTranslatorTest.java:165)\\r\\n        at java.base/jdk.internal.reflect.NativeMethodAccessorImpl.invoke0(Native Method)\\r\\n        at java.base/jdk.internal.reflect.NativeMethodAccessorImpl.invoke(NativeMethodAccessorImpl.java:77)\\r\\n        at java.base/jdk.internal.reflect.DelegatingMethodAccessorImpl.invoke(DelegatingMethodAccessorImpl.java:43)\\r\\n        at java.base/java.lang.reflect.Method.invoke(Method.java:569)\\r\\n        at org.junit.platform.commons.util.ReflectionUtils.invokeMethod(ReflectionUtils.java:728)\\r\\n        at org.junit.jupiter.engine.execution.MethodInvocation.proceed(MethodInvocation.java:60)\\r\\n        at org.junit.jupiter.engine.execution.InvocationInterceptorChain$ValidatingInvocation.proceed(InvocationInterceptorChain.java:131)\\r\\n        at org.junit.jupiter.engine.extension.TimeoutExtension.intercept(TimeoutExtension.java:156)\\r\\n        at org.junit.jupiter.engine.extension.TimeoutExtension.interceptTestableMethod(TimeoutExtension.java:147)\\r\\n        at org.junit.jupiter.engine.extension.TimeoutExtension.interceptTestMethod(TimeoutExtension.java:86)\\r\\n        at org.junit.jupiter.engine.execution.InterceptingExecutableInvoker$ReflectiveInterceptorCall.lambda$ofVoidMethod$0(InterceptingExecutableInvoker.java:103)\\r\\n        at org.junit.jupiter.engine.execution.InterceptingExecutableInvoker.lambda$invoke$0(InterceptingExecutableInvoker.java:93)\\r\\n        at org.junit.jupiter.engine.execution.InvocationInterceptorChain$InterceptedInvocation.proceed(InvocationInterceptorChain.java:106)\\r\\n        at org.junit.jupiter.engine.execution.InvocationInterceptorChain.proceed(InvocationInterceptorChain.java:64)\\r\\n        at org.junit.jupiter.engine.execution.InvocationInterceptorChain.chainAndInvoke(InvocationInterceptorChain.java:45)\\r\\n        at org.junit.jupiter.engine.execution.InvocationInterceptorChain.invoke(InvocationInterceptorChain.java:37)\\r\\n        at org.junit.jupiter.engine.execution.InterceptingExecutableInvoker.invoke(InterceptingExecutableInvoker.java:92)\\r\\n        at org.junit.jupiter.engine.execution.InterceptingExecutableInvoker.invoke(InterceptingExecutableInvoker.java:86)\\r\\n        at org.junit.jupiter.engine.descriptor.TestMethodTestDescriptor.lambda$invokeTestMethod$7(TestMethodTestDescriptor.java:218)\\r\\n        at org.junit.platform.engine.support.hierarchical.ThrowableCollector.execute(ThrowableCollector.java:73)\\r\\n        at org.junit.jupiter.engine.descriptor.TestMethodTestDescriptor.invokeTestMethod(TestMethodTestDescriptor.java:214)\\r\\n        at org.junit.jupiter.engine.descriptor.TestMethodTestDescriptor.execute(TestMethodTestDescriptor.java:139)\\r\\n        at org.junit.jupiter.engine.descriptor.TestMethodTestDescriptor.execute(TestMethodTestDescriptor.java:69)\\r\\n        at org.junit.platform.engine.support.hierarchical.NodeTestTask.lambda$executeRecursively$6(NodeTestTask.java:151)\\r\\n        at org.junit.platform.engine.support.hierarchical.ThrowableCollector.execute(ThrowableCollector.java:73)\\r\\n        at org.junit.platform.engine.support.hierarchical.NodeTestTask.lambda$executeRecursively$8(NodeTestTask.java:141)\\r\\n        at org.junit.platform.engine.support.hierarchical.Node.around(Node.java:137)\\r\\n        at org.junit.platform.engine.support.hierarchical.NodeTestTask.lambda$executeRecursively$9(NodeTestTask.java:139)\\r\\n        at org.junit.platform.engine.support.hierarchical.ThrowableCollector.execute(ThrowableCollector.java:73)\\r\\n        at org.junit.platform.engine.support.hierarchical.NodeTestTask.executeRecursively(NodeTestTask.java:138)\\r\\n        at org.junit.platform.engine.support.hierarchical.NodeTestTask.execute(NodeTestTask.java:95)\\r\\n        at java.base/java.util.ArrayList.forEach(ArrayList.java:1511)\\r\\n        at org.junit.platform.engine.support.hierarchical.SameThreadHierarchicalTestExecutorService.invokeAll(SameThreadHierarchicalTestExecutorService.java:41)\\r\\n        at org.junit.platform.engine.support.hierarchical.NodeTestTask.lambda$executeRecursively$6(NodeTestTask.java:155)\\r\\n        at org.junit.platform.engine.support.hierarchical.ThrowableCollector.execute(ThrowableCollector.java:73)\\r\\n        at org.junit.platform.engine.support.hierarchical.NodeTestTask.lambda$executeRecursively$8(NodeTestTask.java:141)\\r\\n        at org.junit.platform.engine.support.hierarchical.Node.around(Node.java:137)\\r\\n        at org.junit.platform.engine.support.hierarchical.NodeTestTask.lambda$executeRecursively$9(NodeTestTask.java:139)\\r\\n        at org.junit.platform.engine.support.hierarchical.ThrowableCollector.execute(ThrowableCollector.java:73)\\r\\n        at org.junit.platform.engine.support.hierarchical.NodeTestTask.executeRecursively(NodeTestTask.java:138)\\r\\n        at org.junit.platform.engine.support.hierarchical.NodeTestTask.execute(NodeTestTask.java:95)\\r\\n        at java.base/java.util.ArrayList.forEach(ArrayList.java:1511)\\r\\n        at org.junit.platform.engine.support.hierarchical.SameThreadHierarchicalTestExecutorService.invokeAll(SameThreadHierarchicalTestExecutorService.java:41)\\r\\n        at org.junit.platform.engine.support.hierarchical.NodeTestTask.lambda$executeRecursively$6(NodeTestTask.java:155)\\r\\n        at org.junit.platform.engine.support.hierarchical.ThrowableCollector.execute(ThrowableCollector.java:73)\\r\\n        at org.junit.platform.engine.support.hierarchical.NodeTestTask.lambda$executeRecursively$8(NodeTestTask.java:141)\\r\\n        at org.junit.platform.engine.support.hierarchical.Node.around(Node.java:137)\\r\\n        at org.junit.platform.engine.support.hierarchical.NodeTestTask.lambda$executeRecursively$9(NodeTestTask.java:139)\\r\\n        at org.junit.platform.engine.support.hierarchical.ThrowableCollector.execute(ThrowableCollector.java:73)\\r\\n        at org.junit.platform.engine.support.hierarchical.NodeTestTask.executeRecursively(NodeTestTask.java:138)\\r\\n        at org.junit.platform.engine.support.hierarchical.NodeTestTask.execute(NodeTestTask.java:95)\\r\\n        at org.junit.platform.engine.support.hierarchical.SameThreadHierarchicalTestExecutorService.submit(SameThreadHierarchicalTestExecutorService.java:35)\\r\\n        at org.junit.platform.engine.support.hierarchical.HierarchicalTestExecutor.execute(HierarchicalTestExecutor.java:57)\\r\\n        at org.junit.platform.engine.support.hierarchical.HierarchicalTestEngine.execute(HierarchicalTestEngine.java:54)\\r\\n        at org.junit.platform.launcher.core.EngineExecutionOrchestrator.execute(EngineExecutionOrchestrator.java:107)\\r\\n        at org.junit.platform.launcher.core.EngineExecutionOrchestrator.execute(EngineExecutionOrchestrator.java:88)\\r\\n        at org.junit.platform.launcher.core.EngineExecutionOrchestrator.lambda$execute$0(EngineExecutionOrchestrator.java:54)\\r\\n        at org.junit.platform.launcher.core.EngineExecutionOrchestrator.withInterceptedStreams(EngineExecutionOrchestrator.java:67)\\r\\n        at org.junit.platform.launcher.core.EngineExecutionOrchestrator.execute(EngineExecutionOrchestrator.java:52)\\r\\n        at org.junit.platform.launcher.core.DefaultLauncher.execute(DefaultLauncher.java:114)\\r\\n        at org.junit.platform.launcher.core.DefaultLauncher.execute(DefaultLauncher.java:86)\\r\\n        at org.junit.platform.launcher.core.DefaultLauncherSession$DelegatingLauncher.execute(DefaultLauncherSession.java:86)\\r\\n        at org.gradle.api.internal.tasks.testing.junitplatform.JUnitPlatformTestClassProcessor$CollectAllTestClassesExecutor.processAllTestClasses(JUnitPlatformTestClassProcessor.java:119)\\r\\n        at org.gradle.api.internal.tasks.testing.junitplatform.JUnitPlatformTestClassProcessor$CollectAllTestClassesExecutor.access$000(JUnitPlatformTestClassProcessor.java:94)\\r\\n        at org.gradle.api.internal.tasks.testing.junitplatform.JUnitPlatformTestClassProcessor.stop(JUnitPlatformTestClassProcessor.java:89)\\r\\n        at org.gradle.api.internal.tasks.testing.SuiteTestClassProcessor.stop(SuiteTestClassProcessor.java:62)\\r\\n        at java.base/jdk.internal.reflect.NativeMethodAccessorImpl.invoke0(Native Method)\\r\\n        at java.base/jdk.internal.reflect.NativeMethodAccessorImpl.invoke(NativeMethodAccessorImpl.java:77)\\r\\n        at java.base/jdk.internal.reflect.DelegatingMethodAccessorImpl.invoke(DelegatingMethodAccessorImpl.java:43)\\r\\n        at java.base/java.lang.reflect.Method.invoke(Method.java:569)\\r\\n        at org.gradle.internal.dispatch.ReflectionDispatch.dispatch(ReflectionDispatch.java:36)\\r\\n        at org.gradle.internal.dispatch.ReflectionDispatch.dispatch(ReflectionDispatch.java:24)\\r\\n        at org.gradle.internal.dispatch.ContextClassLoaderDispatch.dispatch(ContextClassLoaderDispatch.java:33)\\r\\n        at org.gradle.internal.dispatch.ProxyDispatchAdapter$DispatchingInvocationHandler.invoke(ProxyDispatchAdapter.java:94)\\r\\n        at jdk.proxy1/jdk.proxy1.$Proxy2.stop(Unknown Source)\\r\\n        at org.gradle.api.internal.tasks.testing.worker.TestWorker$3.run(TestWorker.java:193)\\r\\n        at org.gradle.api.internal.tasks.testing.worker.TestWorker.executeAndMaintainThreadName(TestWorker.java:129)\\r\\n        at org.gradle.api.internal.tasks.testing.worker.TestWorker.execute(TestWorker.java:100)\\r\\n        at org.gradle.api.internal.tasks.testing.worker.TestWorker.execute(TestWorker.java:60)\\r\\n        at org.gradle.process.internal.worker.child.ActionExecutionWorker.execute(ActionExecutionWorker.java:56)\\r\\n        at org.gradle.process.internal.worker.child.SystemApplicationClassLoaderWorker.call(SystemApplicationClassLoaderWorker.java:113)\\r\\n        at org.gradle.process.internal.worker.child.SystemApplicationClassLoaderWorker.call(SystemApplicationClassLoaderWorker.java:65)\\r\\n        at worker.org.gradle.process.internal.worker.GradleWorkerMain.run(GradleWorkerMain.java:69)\\r\\n        at worker.org.gradle.process.internal.worker.GradleWorkerMain.main(GradleWorkerMain.java:74)\\r\\n        at java.base@17.0.14/jdk.internal.reflect.NativeConstructorAccessorImpl.newInstance0(Native Method)\\r\\n        at java.base@17.0.14/jdk.internal.reflect.NativeConstructorAccessorImpl.newInstance(NativeConstructorAccessorImpl.java:77)\\r\\n        at java.base@17.0.14/jdk.internal.reflect.DelegatingConstructorAccessorImpl.newInstance(DelegatingConstructorAccessorImpl.java:45)\\r\\n        at java.base@17.0.14/java.lang.reflect.Constructor.newInstanceWithCaller(Constructor.java:500)\\r\\n        at app//ProteinTranslatorTest.testUnknownAminoAcidsNotPartOfACodonCantTranslate(ProteinTranslatorTest.java:166)\\r\\n\\r\\nProteinTranslatorTest > testSerineRnaSequence1() PASSED\\r\\n\\r\\nProteinTranslatorTest > testSerineRnaSequence2() PASSED\\r\\n\\r\\nProteinTranslatorTest > testSerineRnaSequence3() PASSED\\r\\n\\r\\nProteinTranslatorTest > testSerineRnaSequence4() PASSED\\r\\n\\r\\nProteinTranslatorTest > testTranslationStopsIfStopCodonAtBeginning() PASSED\\r\\n\\r\\nProteinTranslatorTest > testIncompleteRnaSequenceCantTranslate() FAILED\\r\\n    org.opentest4j.AssertionFailedError: \\r\\n    Expecting message to be:\\r\\n      \\\"Invalid codon\\\"\\r\\n    but was:\\r\\n      \\\"Incomplete RNA sequence\\\"\\r\\n\\r\\n    Throwable that failed the check:\\r\\n\\r\\n    java.lang.IllegalArgumentException: Incomplete RNA sequence\\r\\n        at ProteinTranslator.translate(ProteinTranslator.java:26)\\r\\n        at ProteinTranslatorTest.lambda$testIncompleteRnaSequenceCantTranslate$2(ProteinTranslatorTest.java:172)\\r\\n        at org.assertj.core.api.ThrowableAssert.catchThrowable(ThrowableAssert.java:63)\\r\\n        at org.assertj.core.api.ThrowableTypeAssert.isThrownBy(ThrowableTypeAssert.java:59)\\r\\n        at ProteinTranslatorTest.testIncompleteRnaSequenceCantTranslate(ProteinTranslatorTest.java:172)\\r\\n        at java.base/jdk.internal.reflect.NativeMethodAccessorImpl.invoke0(Native Method)\\r\\n        at java.base/jdk.internal.reflect.NativeMethodAccessorImpl.invoke(NativeMethodAccessorImpl.java:77)\\r\\n        at java.base/jdk.internal.reflect.DelegatingMethodAccessorImpl.invoke(DelegatingMethodAccessorImpl.java:43)\\r\\n        at java.base/java.lang.reflect.Method.invoke(Method.java:569)\\r\\n        at org.junit.platform.commons.util.ReflectionUtils.invokeMethod(ReflectionUtils.java:728)\\r\\n        at org.junit.jupiter.engine.execution.MethodInvocation.proceed(MethodInvocation.java:60)\\r\\n        at org.junit.jupiter.engine.execution.InvocationInterceptorChain$ValidatingInvocation.proceed(InvocationInterceptorChain.java:131)\\r\\n        at org.junit.jupiter.engine.extension.TimeoutExtension.intercept(TimeoutExtension.java:156)\\r\\n        at org.junit.jupiter.engine.extension.TimeoutExtension.interceptTestableMethod(TimeoutExtension.java:147)\\r\\n        at org.junit.jupiter.engine.extension.TimeoutExtension.interceptTestMethod(TimeoutExtension.java:86)\\r\\n        at org.junit.jupiter.engine.execution.InterceptingExecutableInvoker$ReflectiveInterceptorCall.lambda$ofVoidMethod$0(InterceptingExecutableInvoker.java:103)\\r\\n        at org.junit.jupiter.engine.execution.InterceptingExecutableInvoker.lambda$invoke$0(InterceptingExecutableInvoker.java:93)\\r\\n        at org.junit.jupiter.engine.execution.InvocationInterceptorChain$InterceptedInvocation.proceed(InvocationInterceptorChain.java:106)\\r\\n        at org.junit.jupiter.engine.execution.InvocationInterceptorChain.proceed(InvocationInterceptorChain.java:64)\\r\\n        at org.junit.jupiter.engine.execution.InvocationInterceptorChain.chainAndInvoke(InvocationInterceptorChain.java:45)\\r\\n        at org.junit.jupiter.engine.execution.InvocationInterceptorChain.invoke(InvocationInterceptorChain.java:37)\\r\\n        at org.junit.jupiter.engine.execution.InterceptingExecutableInvoker.invoke(InterceptingExecutableInvoker.java:92)\\r\\n        at org.junit.jupiter.engine.execution.InterceptingExecutableInvoker.invoke(InterceptingExecutableInvoker.java:86)\\r\\n        at org.junit.jupiter.engine.descriptor.TestMethodTestDescriptor.lambda$invokeTestMethod$7(TestMethodTestDescriptor.java:218)\\r\\n        at org.junit.platform.engine.support.hierarchical.ThrowableCollector.execute(ThrowableCollector.java:73)\\r\\n        at org.junit.jupiter.engine.descriptor.TestMethodTestDescriptor.invokeTestMethod(TestMethodTestDescriptor.java:214)\\r\\n        at org.junit.jupiter.engine.descriptor.TestMethodTestDescriptor.execute(TestMethodTestDescriptor.java:139)\\r\\n        at org.junit.jupiter.engine.descriptor.TestMethodTestDescriptor.execute(TestMethodTestDescriptor.java:69)\\r\\n        at org.junit.platform.engine.support.hierarchical.NodeTestTask.lambda$executeRecursively$6(NodeTestTask.java:151)\\r\\n        at org.junit.platform.engine.support.hierarchical.ThrowableCollector.execute(ThrowableCollector.java:73)\\r\\n        at org.junit.platform.engine.support.hierarchical.NodeTestTask.lambda$executeRecursively$8(NodeTestTask.java:141)\\r\\n        at org.junit.platform.engine.support.hierarchical.Node.around(Node.java:137)\\r\\n        at org.junit.platform.engine.support.hierarchical.NodeTestTask.lambda$executeRecursively$9(NodeTestTask.java:139)\\r\\n        at org.junit.platform.engine.support.hierarchical.ThrowableCollector.execute(ThrowableCollector.java:73)\\r\\n        at org.junit.platform.engine.support.hierarchical.NodeTestTask.executeRecursively(NodeTestTask.java:138)\\r\\n        at org.junit.platform.engine.support.hierarchical.NodeTestTask.execute(NodeTestTask.java:95)\\r\\n        at java.base/java.util.ArrayList.forEach(ArrayList.java:1511)\\r\\n        at org.junit.platform.engine.support.hierarchical.SameThreadHierarchicalTestExecutorService.invokeAll(SameThreadHierarchicalTestExecutorService.java:41)\\r\\n        at org.junit.platform.engine.support.hierarchical.NodeTestTask.lambda$executeRecursively$6(NodeTestTask.java:155)\\r\\n        at org.junit.platform.engine.support.hierarchical.ThrowableCollector.execute(ThrowableCollector.java:73)\\r\\n        at org.junit.platform.engine.support.hierarchical.NodeTestTask.lambda$executeRecursively$8(NodeTestTask.java:141)\\r\\n        at org.junit.platform.engine.support.hierarchical.Node.around(Node.java:137)\\r\\n        at org.junit.platform.engine.support.hierarchical.NodeTestTask.lambda$executeRecursively$9(NodeTestTask.java:139)\\r\\n        at org.junit.platform.engine.support.hierarchical.ThrowableCollector.execute(ThrowableCollector.java:73)\\r\\n        at org.junit.platform.engine.support.hierarchical.NodeTestTask.executeRecursively(NodeTestTask.java:138)\\r\\n        at org.junit.platform.engine.support.hierarchical.NodeTestTask.execute(NodeTestTask.java:95)\\r\\n        at java.base/java.util.ArrayList.forEach(ArrayList.java:1511)\\r\\n        at org.junit.platform.engine.support.hierarchical.SameThreadHierarchicalTestExecutorService.invokeAll(SameThreadHierarchicalTestExecutorService.java:41)\\r\\n        at org.junit.platform.engine.support.hierarchical.NodeTestTask.lambda$executeRecursively$6(NodeTestTask.java:155)\\r\\n        at org.junit.platform.engine.support.hierarchical.ThrowableCollector.execute(ThrowableCollector.java:73)\\r\\n        at org.junit.platform.engine.support.hierarchical.NodeTestTask.lambda$executeRecursively$8(NodeTestTask.java:141)\\r\\n        at org.junit.platform.engine.support.hierarchical.Node.around(Node.java:137)\\r\\n        at org.junit.platform.engine.support.hierarchical.NodeTestTask.lambda$executeRecursively$9(NodeTestTask.java:139)\\r\\n        at org.junit.platform.engine.support.hierarchical.ThrowableCollector.execute(ThrowableCollector.java:73)\\r\\n        at org.junit.platform.engine.support.hierarchical.NodeTestTask.executeRecursively(NodeTestTask.java:138)\\r\\n        at org.junit.platform.engine.support.hierarchical.NodeTestTask.execute(NodeTestTask.java:95)\\r\\n        at org.junit.platform.engine.support.hierarchical.SameThreadHierarchicalTestExecutorService.submit(SameThreadHierarchicalTestExecutorService.java:35)\\r\\n        at org.junit.platform.engine.support.hierarchical.HierarchicalTestExecutor.execute(HierarchicalTestExecutor.java:57)\\r\\n        at org.junit.platform.engine.support.hierarchical.HierarchicalTestEngine.execute(HierarchicalTestEngine.java:54)\\r\\n        at org.junit.platform.launcher.core.EngineExecutionOrchestrator.execute(EngineExecutionOrchestrator.java:107)\\r\\n        at org.junit.platform.launcher.core.EngineExecutionOrchestrator.execute(EngineExecutionOrchestrator.java:88)\\r\\n        at org.junit.platform.launcher.core.EngineExecutionOrchestrator.lambda$execute$0(EngineExecutionOrchestrator.java:54)\\r\\n        at org.junit.platform.launcher.core.EngineExecutionOrchestrator.withInterceptedStreams(EngineExecutionOrchestrator.java:67)\\r\\n        at org.junit.platform.launcher.core.EngineExecutionOrchestrator.execute(EngineExecutionOrchestrator.java:52)\\r\\n        at org.junit.platform.launcher.core.DefaultLauncher.execute(DefaultLauncher.java:114)\\r\\n        at org.junit.platform.launcher.core.DefaultLauncher.execute(DefaultLauncher.java:86)\\r\\n        at org.junit.platform.launcher.core.DefaultLauncherSession$DelegatingLauncher.execute(DefaultLauncherSession.java:86)\\r\\n        at org.gradle.api.internal.tasks.testing.junitplatform.JUnitPlatformTestClassProcessor$CollectAllTestClassesExecutor.processAllTestClasses(JUnitPlatformTestClassProcessor.java:119)\\r\\n        at org.gradle.api.internal.tasks.testing.junitplatform.JUnitPlatformTestClassProcessor$CollectAllTestClassesExecutor.access$000(JUnitPlatformTestClassProcessor.java:94)\\r\\n        at org.gradle.api.internal.tasks.testing.junitplatform.JUnitPlatformTestClassProcessor.stop(JUnitPlatformTestClassProcessor.java:89)\\r\\n        at org.gradle.api.internal.tasks.testing.SuiteTestClassProcessor.stop(SuiteTestClassProcessor.java:62)\\r\\n        at java.base/jdk.internal.reflect.NativeMethodAccessorImpl.invoke0(Native Method)\\r\\n        at java.base/jdk.internal.reflect.NativeMethodAccessorImpl.invoke(NativeMethodAccessorImpl.java:77)\\r\\n        at java.base/jdk.internal.reflect.DelegatingMethodAccessorImpl.invoke(DelegatingMethodAccessorImpl.java:43)\\r\\n        at java.base/java.lang.reflect.Method.invoke(Method.java:569)\\r\\n        at org.gradle.internal.dispatch.ReflectionDispatch.dispatch(ReflectionDispatch.java:36)\\r\\n        at org.gradle.internal.dispatch.ReflectionDispatch.dispatch(ReflectionDispatch.java:24)\\r\\n        at org.gradle.internal.dispatch.ContextClassLoaderDispatch.dispatch(ContextClassLoaderDispatch.java:33)\\r\\n        at org.gradle.internal.dispatch.ProxyDispatchAdapter$DispatchingInvocationHandler.invoke(ProxyDispatchAdapter.java:94)\\r\\n        at jdk.proxy1/jdk.proxy1.$Proxy2.stop(Unknown Source)\\r\\n        at org.gradle.api.internal.tasks.testing.worker.TestWorker$3.run(TestWorker.java:193)\\r\\n        at org.gradle.api.internal.tasks.testing.worker.TestWorker.executeAndMaintainThreadName(TestWorker.java:129)\\r\\n        at org.gradle.api.internal.tasks.testing.worker.TestWorker.execute(TestWorker.java:100)\\r\\n        at org.gradle.api.internal.tasks.testing.worker.TestWorker.execute(TestWorker.java:60)\\r\\n        at org.gradle.process.internal.worker.child.ActionExecutionWorker.execute(ActionExecutionWorker.java:56)\\r\\n        at org.gradle.process.internal.worker.child.SystemApplicationClassLoaderWorker.call(SystemApplicationClassLoaderWorker.java:113)\\r\\n        at org.gradle.process.internal.worker.child.SystemApplicationClassLoaderWorker.call(SystemApplicationClassLoaderWorker.java:65)\\r\\n        at worker.org.gradle.process.internal.worker.GradleWorkerMain.run(GradleWorkerMain.java:69)\\r\\n        at worker.org.gradle.process.internal.worker.GradleWorkerMain.main(GradleWorkerMain.java:74)\\r\\n        at java.base@17.0.14/jdk.internal.reflect.NativeConstructorAccessorImpl.newInstance0(Native Method)\\r\\n        at java.base@17.0.14/jdk.internal.reflect.NativeConstructorAccessorImpl.newInstance(NativeConstructorAccessorImpl.java:77)\\r\\n        at java.base@17.0.14/jdk.internal.reflect.DelegatingConstructorAccessorImpl.newInstance(DelegatingConstructorAccessorImpl.java:45)\\r\\n        at java.base@17.0.14/java.lang.reflect.Constructor.newInstanceWithCaller(Constructor.java:500)\\r\\n        at app//ProteinTranslatorTest.testIncompleteRnaSequenceCantTranslate(ProteinTranslatorTest.java:173)\\r\\n\\r\\nProteinTranslatorTest > testCysteineRnaSequence1() PASSED\\r\\n\\r\\nProteinTranslatorTest > testCysteineRnaSequence2() PASSED\\r\\n\\r\\n31 tests completed, 4 failed\\r\\n\\r\\nFAILURE: Build failed with an exception.\\r\\n\\r\\n* What went wrong:\\r\\nExecution failed for task ':test'.\\r\\n> There were failing tests. See the report at: file:///Users/cte/Documents/evals/java/protein-translation/build/reports/tests/test/index.html\\r\\n\\r\\n* Try:\\r\\n> Run with --scan to get full insights.\\r\\n\\r\\nDeprecated Gradle features were used in this build, making it incompatible with Gradle 9.0.\\r\\n\\r\\nYou can use '--warning-mode all' to show the individual deprecation warnings and determine if they come from your own scripts or plugins.\\r\\n\\r\\nFor more on this, please refer to https://docs.gradle.org/8.7/userguide/command_line_interface.html#sec:command_line_warnings in the Gradle documentation.\\r\\n\\r\\nBUILD FAILED in 1s\\r\\n3 actionable tasks: 3 executed\\r\\n\\r\\n\\r\\n\\r\\n<-------------> 0% WAITING> IDLE> IDLE%                                                                                    \\r \\r\\n\\nLoading...\"}"
}
[2025-04-03T23:14:22.074Z] {
  "ts": 1743722060970,
  "type": "say",
  "say": "text",
  "text": "Four tests are failing now, with the key issue being the exception messages:\n- The tests expect the exception message to be exactly `\"Invalid codon\"`.\n- Currently, the implementation throws `\"Invalid codon: <codon>\"` or `\"Incomplete RNA sequence\"`.\n\nTo fix this:\n- Always throw `IllegalArgumentException` with the message `\"Invalid codon\"` for any invalid input, including incomplete sequences or unknown codons.\n- This will satisfy the test assertions that expect this exact message.\n\nI will update the implementation accordingly.\n",
  "partial": false
}
[2025-04-03T23:14:22.074Z] {
  "ts": 1743722060970,
  "type": "say",
  "say": "text",
  "text": "Four tests are failing now, with the key issue being the exception messages:\n- The tests expect the exception message to be exactly `\"Invalid codon\"`.\n- Currently, the implementation throws `\"Invalid codon: <codon>\"` or `\"Incomplete RNA sequence\"`.\n\nTo fix this:\n- Always throw `IllegalArgumentException` with the message `\"Invalid codon\"` for any invalid input, including incomplete sequences or unknown codons.\n- This will satisfy the test assertions that expect this exact message.\n\nI will update the implementation accordingly.\n",
  "partial": false
}
[2025-04-03T23:14:22.074Z] {
  "ts": 1743722060970,
  "type": "say",
  "say": "text",
  "text": "Four tests are failing now, with the key issue being the exception messages:\n- The tests expect the exception message to be exactly `\"Invalid codon\"`.\n- Currently, the implementation throws `\"Invalid codon: <codon>\"` or `\"Incomplete RNA sequence\"`.\n\nTo fix this:\n- Always throw `IllegalArgumentException` with the message `\"Invalid codon\"` for any invalid input, including incomplete sequences or unknown codons.\n- This will satisfy the test assertions that expect this exact message.\n\nI will update the implementation accordingly.\n",
  "partial": false
}
[2025-04-03T23:14:22.074Z] {
  "ts": 1743722060970,
  "type": "say",
  "say": "text",
  "text": "Four tests are failing now, with the key issue being the exception messages:\n- The tests expect the exception message to be exactly `\"Invalid codon\"`.\n- Currently, the implementation throws `\"Invalid codon: <codon>\"` or `\"Incomplete RNA sequence\"`.\n\nTo fix this:\n- Always throw `IllegalArgumentException` with the message `\"Invalid codon\"` for any invalid input, including incomplete sequences or unknown codons.\n- This will satisfy the test assertions that expect this exact message.\n\nI will update the implementation accordingly.\n",
  "partial": false
}
[2025-04-03T23:14:22.074Z] {
  "ts": 1743722060970,
  "type": "say",
  "say": "text",
  "text": "Four tests are failing now, with the key issue being the exception messages:\n- The tests expect the exception message to be exactly `\"Invalid codon\"`.\n- Currently, the implementation throws `\"Invalid codon: <codon>\"` or `\"Incomplete RNA sequence\"`.\n\nTo fix this:\n- Always throw `IllegalArgumentException` with the message `\"Invalid codon\"` for any invalid input, including incomplete sequences or unknown codons.\n- This will satisfy the test assertions that expect this exact message.\n\nI will update the implementation accordingly.\n",
  "partial": false
}
[2025-04-03T23:14:22.087Z] {
  "ts": 1743722060970,
  "type": "say",
  "say": "text",
  "text": "Four tests are failing now, with the key issue being the exception messages:\n- The tests expect the exception message to be exactly `\"Invalid codon\"`.\n- Currently, the implementation throws `\"Invalid codon: <codon>\"` or `\"Incomplete RNA sequence\"`.\n\nTo fix this:\n- Always throw `IllegalArgumentException` with the message `\"Invalid codon\"` for any invalid input, including incomplete sequences or unknown codons.\n- This will satisfy the test assertions that expect this exact message.\n\nI will update the implementation accordingly.\n",
  "partial": false
}
[2025-04-03T23:14:23.674Z] {
  "ts": 1743722062091,
  "type": "ask",
  "ask": "tool",
  "text": "{\"tool\":\"appliedDiff\",\"path\":\"src/main/java/ProteinTranslator.java\",\"diff\":\"<<<<<<< SEARCH\\n:start_line:21\\n:end_line:24\\n-------\\n        if (rnaSequence.length() % 3 != 0) {\\n            throw new IllegalArgumentException(\\\"Incomplete RNA sequence\\\");\\n        }\\n\\n        java.util.List<String> proteins = new java.util.ArrayList<>();\\n=======\\n        if (rnaSequence.length() % 3 != 0) {\\n            throw new IllegalArgumentException(\\\"Invalid codon\\\");\\n        }\\n\\n        java.util.List<String> proteins = new java.util.ArrayList<>();\\n>>>>>>> REPLACE\\n\\n<<<<<<< SEARCH\\n:start_line:31\\n:end_line:35\\n-------\\n            if (protein == null) {\\n                throw new IllegalArgumentException(\\\"Invalid codon: \\\" + codon);\\n            }\\n            if (protein.equals(\\\"STOP\\\")) {\\n                break;\\n            }\\n=======\\n            if (protein == null) {\\n                throw new IllegalArgumentException(\\\"Invalid codon\\\");\\n            }\\n            if (protein.equals(\\\"STOP\\\")) {\\n                break;\\n            }\\n>>>>>>> REPLACE\"}",
  "partial": false,
  "progressStatus": {
    "icon": "diff-multiple",
    "text": "2"
  }
}
[2025-04-03T23:14:24.254Z] {
  "ts": 1743722064240,
  "type": "say",
  "say": "api_req_started",
  "text": "{\"request\":\"[apply_diff for 'src/main/java/ProteinTranslator.java'] Result:\\n\\nChanges successfully applied to src/main/java/ProteinTranslator.java:\\n\\n\\n\\n\\nLoading...\"}"
}
[2025-04-03T23:14:26.783Z] {
  "ts": 1743722066435,
  "type": "say",
  "say": "text",
  "text": "The implementation has been updated so that all invalid input cases throw an `IllegalArgumentException` with the message `\"Invalid codon\"`, matching the test expectations.\n\nThe next step is to rerun the test suite to verify if all tests now pass successfully.\n",
  "partial": false
}
[2025-04-03T23:14:26.783Z] {
  "ts": 1743722066435,
  "type": "say",
  "say": "text",
  "text": "The implementation has been updated so that all invalid input cases throw an `IllegalArgumentException` with the message `\"Invalid codon\"`, matching the test expectations.\n\nThe next step is to rerun the test suite to verify if all tests now pass successfully.\n",
  "partial": false
}
[2025-04-03T23:14:26.783Z] {
  "ts": 1743722066435,
  "type": "say",
  "say": "text",
  "text": "The implementation has been updated so that all invalid input cases throw an `IllegalArgumentException` with the message `\"Invalid codon\"`, matching the test expectations.\n\nThe next step is to rerun the test suite to verify if all tests now pass successfully.\n",
  "partial": false
}
[2025-04-03T23:14:26.794Z] {
  "ts": 1743722066435,
  "type": "say",
  "say": "text",
  "text": "The implementation has been updated so that all invalid input cases throw an `IllegalArgumentException` with the message `\"Invalid codon\"`, matching the test expectations.\n\nThe next step is to rerun the test suite to verify if all tests now pass successfully.\n",
  "partial": false
}
[2025-04-03T23:14:26.871Z] {
  "ts": 1743722066799,
  "type": "ask",
  "ask": "command",
  "text": "./gradlew test",
  "partial": false
}
[2025-04-03T23:14:27.460Z] {
  "ts": 1743722067447,
  "type": "ask",
  "ask": "command_output",
  "text": ""
}
[2025-04-03T23:14:27.877Z] {
  "ts": 1743722067859,
  "type": "ask",
  "ask": "command_output",
  "text": "\r\n"
}
[2025-04-03T23:14:27.977Z] {
  "ts": 1743722067962,
  "type": "ask",
  "ask": "command_output",
  "text": "\r\n"
}
[2025-04-03T23:14:28.621Z] {
  "ts": 1743722068606,
  "type": "ask",
  "ask": "command_output",
  "text": "<=====--------> 42% EXECUTING [96ms]> :compileTestJava<===========--> 85% EXECUTING [193ms]> :test > 0 tests completed<===========--> 85% EXECUTING [294ms]<===========--> 85% EXECUTING [398ms]<===========--> 85% EXECUTING [497ms]<===========--> 85% EXECUTING [596ms]<===========--> 85% EXECUTING [693ms]> :test > 31 tests completed, 1 failed\r\n> Task :test FAILED\r\n\r\nProteinTranslatorTest > testTryptophanRnaSequence1() PASSED\r\n\r\nProteinTranslatorTest > testTranslationOfRnaToProteinList() PASSED\r\n\r\nProteinTranslatorTest > testSequenceOfTwoProteinCodonsTranslatesIntoProteins() PASSED\r\n\r\nProteinTranslatorTest > testMethionineRnaSequence() PASSED\r\n\r\nProteinTranslatorTest > testSequenceOfTwoNonStopCodonsDoNotTranslateToAStopCodon() PASSED\r\n\r\nProteinTranslatorTest > testTranslationStopsIfStopCodonInMiddle1() PASSED\r\n\r\nProteinTranslatorTest > testTranslationStopsIfStopCodonInMiddle2() PASSED\r\n\r\nProteinTranslatorTest > testEmptyRnaSequenceResultInNoproteins() PASSED\r\n\r\nProteinTranslatorTest > testSequenceOfTwoDifferentProteinCodonsTranslatesIntoProteins() PASSED\r\n\r\nProteinTranslatorTest > testTyrosineRnaSequence1() PASSED\r\n\r\nProteinTranslatorTest > testTyrosineRnaSequence2() PASSED\r\n\r\nProteinTranslatorTest > testNonExistingCodonCantTranslate() PASSED\r\n\r\nProteinTranslatorTest > testIncompleteRnaSequenceCanTranslateIfValidUntilAStopCodon() FAILED\r\n    java.lang.IllegalArgumentException: Invalid codon\r\n        at ProteinTranslator.translate(ProteinTranslator.java:26)\r\n        at ProteinTranslatorTest.testIncompleteRnaSequenceCanTranslateIfValidUntilAStopCodon(ProteinTranslatorTest.java:178)\r\n\r\nProteinTranslatorTest > testTranslationStopsIfStopCodonAtEnd1() PASSED\r\n\r\nProteinTranslatorTest > testTranslationStopsIfStopCodonAtEnd2() PASSED\r\n\r\nProteinTranslatorTest > testLeucineRnaSequence1() PASSED\r\n\r\nProteinTranslatorTest > testLeucineRnaSequence2() PASSED\r\n\r\nProteinTranslatorTest > testStopRnaSequence1() PASSED\r\n\r\nProteinTranslatorTest > testStopRnaSequence2() PASSED\r\n\r\nProteinTranslatorTest > testStopRnaSequence3() PASSED\r\n\r\nProteinTranslatorTest > testPhenylalanineRnaSequence1() PASSED\r\n\r\nProteinTranslatorTest > testPhenylalanineRnaSequence2() PASSED\r\n\r\nProteinTranslatorTest > testUnknownAminoAcidsNotPartOfACodonCantTranslate() PASSED\r\n\r\nProteinTranslatorTest > testSerineRnaSequence1() PASSED\r\n\r\nProteinTranslatorTest > testSerineRnaSequence2() PASSED\r\n\r\nProteinTranslatorTest > testSerineRnaSequence3() PASSED\r\n\r\nProteinTranslatorTest > testSerineRnaSequence4() PASSED\r\n\r\nProteinTranslatorTest > testTranslationStopsIfStopCodonAtBeginning() PASSED\r\n\r\nProteinTranslatorTest > testIncompleteRnaSequenceCantTranslate() PASSED\r\n\r\nProteinTranslatorTest > testCysteineRnaSequence1() PASSED\r\n\r\nProteinTranslatorTest > testCysteineRnaSequence2() PASSED\r\n\r\n31 tests completed, 1 failed\r\n\r\nFAILURE: Build failed with an exception.\r\n\r\n* What went wrong:\r\nExecution failed for task ':test'.\r\n> There were failing tests. See the report at: file:///Users/cte/Documents/evals/java/protein-translation/build/reports/tests/test/index.html\r\n\r\n* Try:\r\n> Run with --scan to get full insights.\r\n\r\nDeprecated Gradle features were used in this build, making it incompatible with Gradle 9.0.\r\n\r\nYou can use '--warning-mode all' to show the individual deprecation warnings and determine if they come from your own scripts or plugins.\r\n\r\nFor more on this, please refer to https://docs.gradle.org/8.7/userguide/command_line_interface.html#sec:command_line_warnings in the Gradle documentation.\r\n\r\nBUILD FAILED in 1s\r\n3 actionable tasks: 3 executed\r\n\r\n\r\n"
}
[2025-04-03T23:14:28.943Z] {
  "ts": 1743722068927,
  "type": "ask",
  "ask": "command_output",
  "text": "<-------------> 0% WAITING> :test > 31 tests completed, 1 failed%                                                                                    \r \r"
}
[2025-04-03T23:14:29.006Z] {
  "ts": 1743722068989,
  "type": "say",
  "say": "api_req_started",
  "text": "{\"request\":\"[execute_command for './gradlew test'] Result:\\n\\nCommand executed in terminal 1 within working directory '/Users/cte/Documents/evals/java/protein-translation'. Command execution was not successful, inspect the cause and adjust as needed.\\nExit code: 1\\nOutput:\\n\\r\\n\\r\\n<=====--------> 42% EXECUTING [96ms]> :compileTestJava<===========--> 85% EXECUTING [193ms]> :test > 0 tests completed<===========--> 85% EXECUTING [294ms]<===========--> 85% EXECUTING [398ms]<===========--> 85% EXECUTING [497ms]<===========--> 85% EXECUTING [596ms]<===========--> 85% EXECUTING [693ms]> :test > 31 tests completed, 1 failed\\r\\n> Task :test FAILED\\r\\n\\r\\nProteinTranslatorTest > testTryptophanRnaSequence1() PASSED\\r\\n\\r\\nProteinTranslatorTest > testTranslationOfRnaToProteinList() PASSED\\r\\n\\r\\nProteinTranslatorTest > testSequenceOfTwoProteinCodonsTranslatesIntoProteins() PASSED\\r\\n\\r\\nProteinTranslatorTest > testMethionineRnaSequence() PASSED\\r\\n\\r\\nProteinTranslatorTest > testSequenceOfTwoNonStopCodonsDoNotTranslateToAStopCodon() PASSED\\r\\n\\r\\nProteinTranslatorTest > testTranslationStopsIfStopCodonInMiddle1() PASSED\\r\\n\\r\\nProteinTranslatorTest > testTranslationStopsIfStopCodonInMiddle2() PASSED\\r\\n\\r\\nProteinTranslatorTest > testEmptyRnaSequenceResultInNoproteins() PASSED\\r\\n\\r\\nProteinTranslatorTest > testSequenceOfTwoDifferentProteinCodonsTranslatesIntoProteins() PASSED\\r\\n\\r\\nProteinTranslatorTest > testTyrosineRnaSequence1() PASSED\\r\\n\\r\\nProteinTranslatorTest > testTyrosineRnaSequence2() PASSED\\r\\n\\r\\nProteinTranslatorTest > testNonExistingCodonCantTranslate() PASSED\\r\\n\\r\\nProteinTranslatorTest > testIncompleteRnaSequenceCanTranslateIfValidUntilAStopCodon() FAILED\\r\\n    java.lang.IllegalArgumentException: Invalid codon\\r\\n        at ProteinTranslator.translate(ProteinTranslator.java:26)\\r\\n        at ProteinTranslatorTest.testIncompleteRnaSequenceCanTranslateIfValidUntilAStopCodon(ProteinTranslatorTest.java:178)\\r\\n\\r\\nProteinTranslatorTest > testTranslationStopsIfStopCodonAtEnd1() PASSED\\r\\n\\r\\nProteinTranslatorTest > testTranslationStopsIfStopCodonAtEnd2() PASSED\\r\\n\\r\\nProteinTranslatorTest > testLeucineRnaSequence1() PASSED\\r\\n\\r\\nProteinTranslatorTest > testLeucineRnaSequence2() PASSED\\r\\n\\r\\nProteinTranslatorTest > testStopRnaSequence1() PASSED\\r\\n\\r\\nProteinTranslatorTest > testStopRnaSequence2() PASSED\\r\\n\\r\\nProteinTranslatorTest > testStopRnaSequence3() PASSED\\r\\n\\r\\nProteinTranslatorTest > testPhenylalanineRnaSequence1() PASSED\\r\\n\\r\\nProteinTranslatorTest > testPhenylalanineRnaSequence2() PASSED\\r\\n\\r\\nProteinTranslatorTest > testUnknownAminoAcidsNotPartOfACodonCantTranslate() PASSED\\r\\n\\r\\nProteinTranslatorTest > testSerineRnaSequence1() PASSED\\r\\n\\r\\nProteinTranslatorTest > testSerineRnaSequence2() PASSED\\r\\n\\r\\nProteinTranslatorTest > testSerineRnaSequence3() PASSED\\r\\n\\r\\nProteinTranslatorTest > testSerineRnaSequence4() PASSED\\r\\n\\r\\nProteinTranslatorTest > testTranslationStopsIfStopCodonAtBeginning() PASSED\\r\\n\\r\\nProteinTranslatorTest > testIncompleteRnaSequenceCantTranslate() PASSED\\r\\n\\r\\nProteinTranslatorTest > testCysteineRnaSequence1() PASSED\\r\\n\\r\\nProteinTranslatorTest > testCysteineRnaSequence2() PASSED\\r\\n\\r\\n31 tests completed, 1 failed\\r\\n\\r\\nFAILURE: Build failed with an exception.\\r\\n\\r\\n* What went wrong:\\r\\nExecution failed for task ':test'.\\r\\n> There were failing tests. See the report at: file:///Users/cte/Documents/evals/java/protein-translation/build/reports/tests/test/index.html\\r\\n\\r\\n* Try:\\r\\n> Run with --scan to get full insights.\\r\\n\\r\\nDeprecated Gradle features were used in this build, making it incompatible with Gradle 9.0.\\r\\n\\r\\nYou can use '--warning-mode all' to show the individual deprecation warnings and determine if they come from your own scripts or plugins.\\r\\n\\r\\nFor more on this, please refer to https://docs.gradle.org/8.7/userguide/command_line_interface.html#sec:command_line_warnings in the Gradle documentation.\\r\\n\\r\\nBUILD FAILED in 1s\\r\\n3 actionable tasks: 3 executed\\r\\n\\r\\n\\r\\n<-------------> 0% WAITING> :test > 31 tests completed, 1 failed%                                                                                    \\r \\r\\n\\nLoading...\"}"
}
[2025-04-03T23:14:32.565Z] {
  "ts": 1743722070961,
  "type": "say",
  "say": "text",
  "text": "Now, 30 out of 31 tests pass. The single failing test is `testIncompleteRnaSequenceCanTranslateIfValidUntilAStopCodon`.\n\nFrom the name and previous context, this test likely provides an RNA sequence that:\n- Is incomplete (length not a multiple of 3)\n- But contains a STOP codon before the incomplete trailing nucleotides\n- Expects translation to stop at the STOP codon and **not** throw an exception due to the trailing incomplete codon\n\nCurrently, the implementation throws an exception immediately if the total RNA length is not a multiple of 3, regardless of STOP codons.\n\nTo fix this:\n- The implementation should process codons in order.\n- If a STOP codon is encountered, stop translation immediately.\n- If the STOP codon is before the incomplete trailing nucleotides, the incomplete part should be ignored.\n- Only if the incomplete codon is encountered **before** any STOP codon, throw an exception.\n\nI will update the implementation to reflect this logic.\n",
  "partial": false
}
[2025-04-03T23:14:34.415Z] {
  "ts": 1743722072575,
  "type": "ask",
  "ask": "tool",
  "text": "{\"tool\":\"appliedDiff\",\"path\":\"src/main/java/ProteinTranslator.java\",\"diff\":\"<<<<<<< SEARCH\\n:start_line:21\\n:end_line:24\\n-------\\n        if (rnaSequence.length() % 3 != 0) {\\n            throw new IllegalArgumentException(\\\"Invalid codon\\\");\\n        }\\n\\n        java.util.List<String> proteins = new java.util.ArrayList<>();\\n        for (int i = 0; i < rnaSequence.length(); i += 3) {\\n            String codon = rnaSequence.substring(i, i + 3);\\n            String protein = codonMap.get(codon);\\n            if (protein == null) {\\n                throw new IllegalArgumentException(\\\"Invalid codon\\\");\\n            }\\n            if (protein.equals(\\\"STOP\\\")) {\\n                break;\\n            }\\n            proteins.add(protein);\\n        }\\n        return proteins;\\n    }\\n=======\\n        java.util.List<String> proteins = new java.util.ArrayList<>();\\n        int i = 0;\\n        while (i + 3 <= rnaSequence.length()) {\\n            String codon = rnaSequence.substring(i, i + 3);\\n            String protein = codonMap.get(codon);\\n            if (protein == null) {\\n                throw new IllegalArgumentException(\\\"Invalid codon\\\");\\n            }\\n            if (protein.equals(\\\"STOP\\\")) {\\n                return proteins;\\n            }\\n            proteins.add(protein);\\n            i += 3;\\n        }\\n        // After processing all full codons, check if any trailing incomplete codon exists\\n        if (i != rnaSequence.length()) {\\n            throw new IllegalArgumentException(\\\"Invalid codon\\\");\\n        }\\n        return proteins;\\n    }\\n>>>>>>> REPLACE\"}",
  "partial": false,
  "progressStatus": {
    "icon": "diff-multiple",
    "text": "1"
  }
}
[2025-04-03T23:14:35.826Z] {
  "ts": 1743722075810,
  "type": "say",
  "say": "api_req_started",
  "text": "{\"request\":\"[apply_diff for 'src/main/java/ProteinTranslator.java'] Result:\\n\\nChanges successfully applied to src/main/java/ProteinTranslator.java:\\n\\n\\n\\n\\nLoading...\"}"
}
[2025-04-03T23:14:38.298Z] {
  "ts": 1743722077380,
  "type": "say",
  "say": "text",
  "text": "The implementation now:\n- Processes codons sequentially.\n- Stops translation immediately upon encountering a STOP codon.\n- Ignores any trailing incomplete nucleotides after a STOP codon.\n- Throws an exception only if an incomplete codon exists **after** the last processed codon and no STOP codon was encountered before.\n\nThis should satisfy the last failing test. The next step is to rerun the test suite to confirm all tests pass.\n",
  "partial": false
}
[2025-04-03T23:14:38.449Z] {
  "ts": 1743722078303,
  "type": "ask",
  "ask": "command",
  "text": "./gradlew test",
  "partial": false
}
[2025-04-03T23:14:40.411Z] {
  "ts": 1743722080383,
  "type": "ask",
  "ask": "command_output",
  "text": ""
}
[2025-04-03T23:14:40.411Z] {
  "ts": 1743722080383,
  "type": "ask",
  "ask": "command_output",
  "text": "\r\n\r\n<===========--> 85% EXECUTING [63ms]> :test<===========--> 85% EXECUTING [164ms]> :test > 0 tests completed<===========--> 85% EXECUTING [268ms]<===========--> 85% EXECUTING [368ms]<===========--> 85% EXECUTING [463ms]\r\n<===========--> 85% EXECUTING [568ms]> :test > Executing test ProteinTranslatorTest\r\n> Task :test\r\n\r\nProteinTranslatorTest > testTryptophanRnaSequence1() PASSED\r\n\r\nProteinTranslatorTest > testTranslationOfRnaToProteinList() PASSED\r\n\r\nProteinTranslatorTest > testSequenceOfTwoProteinCodonsTranslatesIntoProteins() PASSED\r\n\r\nProteinTranslatorTest > testMethionineRnaSequence() PASSED\r\n\r\nProteinTranslatorTest > testSequenceOfTwoNonStopCodonsDoNotTranslateToAStopCodon() PASSED\r\n\r\nProteinTranslatorTest > testTranslationStopsIfStopCodonInMiddle1() PASSED\r\n\r\nProteinTranslatorTest > testTranslationStopsIfStopCodonInMiddle2() PASSED\r\n\r\nProteinTranslatorTest > testEmptyRnaSequenceResultInNoproteins() PASSED\r\n\r\nProteinTranslatorTest > testSequenceOfTwoDifferentProteinCodonsTranslatesIntoProteins() PASSED\r\n\r\nProteinTranslatorTest > testTyrosineRnaSequence1() PASSED\r\n\r\nProteinTranslatorTest > testTyrosineRnaSequence2() PASSED\r\n\r\nProteinTranslatorTest > testNonExistingCodonCantTranslate() PASSED\r\n\r\nProteinTranslatorTest > testIncompleteRnaSequenceCanTranslateIfValidUntilAStopCodon() PASSED\r\n\r\nProteinTranslatorTest > testTranslationStopsIfStopCodonAtEnd1() PASSED\r\n\r\nProteinTranslatorTest > testTranslationStopsIfStopCodonAtEnd2() PASSED\r\n\r\nProteinTranslatorTest > testLeucineRnaSequence1() PASSED\r\n\r\nProteinTranslatorTest > testLeucineRnaSequence2() PASSED\r\n\r\nProteinTranslatorTest > testStopRnaSequence1() PASSED\r\n\r\nProteinTranslatorTest > testStopRnaSequence2() PASSED\r\n\r\nProteinTranslatorTest > testStopRnaSequence3() PASSED\r\n\r\nProteinTranslatorTest > testPhenylalanineRnaSequence1() PASSED\r\n\r\nProteinTranslatorTest > testPhenylalanineRnaSequence2() PASSED\r\n\r\nProteinTranslatorTest > testUnknownAminoAcidsNotPartOfACodonCantTranslate() PASSED\r\n\r\nProteinTranslatorTest > testSerineRnaSequence1() PASSED\r\n\r\nProteinTranslatorTest > testSerineRnaSequence2() PASSED\r\n\r\nProteinTranslatorTest > testSerineRnaSequence3() PASSED\r\n\r\nProteinTranslatorTest > testSerineRnaSequence4() PASSED\r\n\r\nProteinTranslatorTest > testTranslationStopsIfStopCodonAtBeginning() PASSED\r\n\r\nProteinTranslatorTest > testIncompleteRnaSequenceCantTranslate() PASSED\r\n\r\nProteinTranslatorTest > testCysteineRnaSequence1() PASSED\r\n\r\nProteinTranslatorTest > testCysteineRnaSequence2() PASSED\r\n\r\nDeprecated Gradle features were used in this build, making it incompatible with Gradle 9.0.\r\n\r\nYou can use '--warning-mode all' to show the individual deprecation warnings and determine if they come from your own scripts or plugins.\r\n\r\nFor more on this, please refer to https://docs.gradle.org/8.7/userguide/command_line_interface.html#sec:command_line_warnings in the Gradle documentation.\r\n\r\nBUILD SUCCESSFUL in 1s\r\n3 actionable tasks: 2 executed, 1 up-to-date\r\n\r\n\r\n\r\n"
}
[2025-04-03T23:14:40.411Z] {
  "ts": 1743722080384,
  "type": "ask",
  "ask": "command_output",
  "text": "<-------------> 0% WAITING> IDLE> IDLE%                                                                                    \r \r"
}
[2025-04-03T23:14:40.490Z] {
  "ts": 1743722080454,
  "type": "say",
  "say": "api_req_started",
  "text": "{\"request\":\"[execute_command for './gradlew test'] Result:\\n\\nCommand executed in terminal 1 within working directory '/Users/cte/Documents/evals/java/protein-translation'. Exit code: 0\\nOutput:\\n\\r\\n\\r\\n<===========--> 85% EXECUTING [63ms]> :test<===========--> 85% EXECUTING [164ms]> :test > 0 tests completed<===========--> 85% EXECUTING [268ms]<===========--> 85% EXECUTING [368ms]<===========--> 85% EXECUTING [463ms]\\r\\n<===========--> 85% EXECUTING [568ms]> :test > Executing test ProteinTranslatorTest\\r\\n> Task :test\\r\\n\\r\\nProteinTranslatorTest > testTryptophanRnaSequence1() PASSED\\r\\n\\r\\nProteinTranslatorTest > testTranslationOfRnaToProteinList() PASSED\\r\\n\\r\\nProteinTranslatorTest > testSequenceOfTwoProteinCodonsTranslatesIntoProteins() PASSED\\r\\n\\r\\nProteinTranslatorTest > testMethionineRnaSequence() PASSED\\r\\n\\r\\nProteinTranslatorTest > testSequenceOfTwoNonStopCodonsDoNotTranslateToAStopCodon() PASSED\\r\\n\\r\\nProteinTranslatorTest > testTranslationStopsIfStopCodonInMiddle1() PASSED\\r\\n\\r\\nProteinTranslatorTest > testTranslationStopsIfStopCodonInMiddle2() PASSED\\r\\n\\r\\nProteinTranslatorTest > testEmptyRnaSequenceResultInNoproteins() PASSED\\r\\n\\r\\nProteinTranslatorTest > testSequenceOfTwoDifferentProteinCodonsTranslatesIntoProteins() PASSED\\r\\n\\r\\nProteinTranslatorTest > testTyrosineRnaSequence1() PASSED\\r\\n\\r\\nProteinTranslatorTest > testTyrosineRnaSequence2() PASSED\\r\\n\\r\\nProteinTranslatorTest > testNonExistingCodonCantTranslate() PASSED\\r\\n\\r\\nProteinTranslatorTest > testIncompleteRnaSequenceCanTranslateIfValidUntilAStopCodon() PASSED\\r\\n\\r\\nProteinTranslatorTest > testTranslationStopsIfStopCodonAtEnd1() PASSED\\r\\n\\r\\nProteinTranslatorTest > testTranslationStopsIfStopCodonAtEnd2() PASSED\\r\\n\\r\\nProteinTranslatorTest > testLeucineRnaSequence1() PASSED\\r\\n\\r\\nProteinTranslatorTest > testLeucineRnaSequence2() PASSED\\r\\n\\r\\nProteinTranslatorTest > testStopRnaSequence1() PASSED\\r\\n\\r\\nProteinTranslatorTest > testStopRnaSequence2() PASSED\\r\\n\\r\\nProteinTranslatorTest > testStopRnaSequence3() PASSED\\r\\n\\r\\nProteinTranslatorTest > testPhenylalanineRnaSequence1() PASSED\\r\\n\\r\\nProteinTranslatorTest > testPhenylalanineRnaSequence2() PASSED\\r\\n\\r\\nProteinTranslatorTest > testUnknownAminoAcidsNotPartOfACodonCantTranslate() PASSED\\r\\n\\r\\nProteinTranslatorTest > testSerineRnaSequence1() PASSED\\r\\n\\r\\nProteinTranslatorTest > testSerineRnaSequence2() PASSED\\r\\n\\r\\nProteinTranslatorTest > testSerineRnaSequence3() PASSED\\r\\n\\r\\nProteinTranslatorTest > testSerineRnaSequence4() PASSED\\r\\n\\r\\nProteinTranslatorTest > testTranslationStopsIfStopCodonAtBeginning() PASSED\\r\\n\\r\\nProteinTranslatorTest > testIncompleteRnaSequenceCantTranslate() PASSED\\r\\n\\r\\nProteinTranslatorTest > testCysteineRnaSequence1() PASSED\\r\\n\\r\\nProteinTranslatorTest > testCysteineRnaSequence2() PASSED\\r\\n\\r\\nDeprecated Gradle features were used in this build, making it incompatible with Gradle 9.0.\\r\\n\\r\\nYou can use '--warning-mode all' to show the individual deprecation warnings and determine if they come from your own scripts or plugins.\\r\\n\\r\\nFor more on this, please refer to https://docs.gradle.org/8.7/userguide/command_line_interface.html#sec:command_line_warnings in the Gradle documentation.\\r\\n\\r\\nBUILD SUCCESSFUL in 1s\\r\\n3 actionable tasks: 2 executed, 1 up-to-date\\r\\n\\r\\n\\r\\n\\r\\n<-------------> 0% WAITING> IDLE> IDLE%                                                                                    \\r \\r\\n\\nLoading...\"}"
}
[2025-04-03T23:14:43.472Z] {
  "ts": 1743722082509,
  "type": "say",
  "say": "text",
  "text": "All tests have passed successfully, confirming that the implementation meets the exercise requirements and handles all edge cases as expected.\n\nThe task is now complete.\n",
  "partial": false
}
[2025-04-03T23:14:44.221Z] taskCompleted -> a76dcd36-8070-4efe-8fb1-d4c89a99ad43 | {
  "totalTokensIn": 160332,
  "totalTokensOut": 3358,
  "totalCacheWrites": 0,
  "totalCacheReads": 0,
  "totalCost": 0,
  "contextTokens": 23236
}
[2025-04-03T23:14:44.221Z] {
  "ts": 1743722083478,
  "type": "say",
  "say": "completion_result",
  "text": "The RNA to protein translation exercise has been successfully implemented. The `ProteinTranslator` class correctly translates RNA sequences into proteins, stops at STOP codons, and handles invalid or incomplete input as required. All tests in the provided suite pass successfully.",
  "partial": false
}
[2025-04-03T23:14:44.237Z] {
  "ts": 1743722084221,
  "type": "ask",
  "ask": "completion_result",
  "text": ""
}
