[2025-04-04T04:39:19.338Z] {
  "ts": 1743741559283,
  "type": "say",
  "say": "text",
  "text": "Your job is to complete a coding exercise described the markdown files inside the `.docs` directory.\n\nA file with the implementation stubbed out has been created for you, along with a test file.\n\nTo successfully complete the exercise, you must pass all the tests in the test file.\n\nTo confirm that your solution is correct, run the tests with `./gradlew test`. Do not alter the test file; it should be run as-is.\n\nDo not use the \"ask_followup_question\" tool.\n"
}
[2025-04-04T04:39:19.383Z] taskStarted -> 1964f662-b0cc-4a06-9205-b7e265b5cb42
[2025-04-04T04:39:19.414Z] {
  "ts": 1743741559384,
  "type": "say",
  "say": "api_req_started",
  "text": "{\"request\":\"<task>\\nYour job is to complete a coding exercise described the markdown files inside the `.docs` directory.\\n\\nA file with the implementation stubbed out has been created for you, along with a test file.\\n\\nTo successfully complete the exercise, you must pass all the tests in the test file.\\n\\nTo confirm that your solution is correct, run the tests with `./gradlew test`. Do not alter the test file; it should be run as-is.\\n\\nDo not use the \\\"ask_followup_question\\\" tool.\\n\\n</task>\\n\\nLoading...\"}"
}
[2025-04-04T04:39:24.128Z] {
  "ts": 1743741563120,
  "type": "say",
  "say": "text",
  "text": "Okay, I understand the task. I need to implement the `ForthEvaluator.java` file based on instructions found in the `.docs` directory and ensure it passes the tests in `ForthEvaluatorTest.java` by running `./gradlew test`.\n\nFirst, I need to find the instruction file. I'll list the files in the `.docs` directory.",
  "partial": false
}
[2025-04-04T04:39:24.273Z] {
  "ts": 1743741564185,
  "type": "ask",
  "ask": "tool",
  "text": "{\"tool\":\"listFilesTopLevel\",\"path\":\".docs\",\"content\":\"instructions.md\"}"
}
[2025-04-04T04:39:24.369Z] {
  "ts": 1743741564336,
  "type": "say",
  "say": "api_req_started",
  "text": "{\"request\":\"[list_files for '.docs'] Result:\\n\\ninstructions.md\\n\\nLoading...\"}"
}
[2025-04-04T04:39:28.130Z] {
  "ts": 1743741567880,
  "type": "say",
  "say": "text",
  "text": "Okay, the instruction file is `.docs/instructions.md`. I'll read it now to understand the requirements for the Forth evaluator.",
  "partial": false
}
[2025-04-04T04:39:28.232Z] {
  "ts": 1743741568177,
  "type": "ask",
  "ask": "tool",
  "text": "{\"tool\":\"readFile\",\"path\":\".docs/instructions.md\",\"isOutsideWorkspace\":false,\"content\":\"/Users/cte/Documents/evals/java/forth/.docs/instructions.md\",\"reason\":\" (max 500 lines)\"}"
}
[2025-04-04T04:39:28.315Z] {
  "ts": 1743741568283,
  "type": "say",
  "say": "api_req_started",
  "text": "{\"request\":\"[read_file for '.docs/instructions.md'] Result:\\n\\n 1 | # Instructions\\n 2 | \\n 3 | Implement an evaluator for a very simple subset of Forth.\\n 4 | \\n 5 | [Forth][forth]\\n 6 | is a stack-based programming language.\\n 7 | Implement a very basic evaluator for a small subset of Forth.\\n 8 | \\n 9 | Your evaluator has to support the following words:\\n10 | \\n11 | - `+`, `-`, `*`, `/` (integer arithmetic)\\n12 | - `DUP`, `DROP`, `SWAP`, `OVER` (stack manipulation)\\n13 | \\n14 | Your evaluator also has to support defining new words using the customary syntax: `: word-name definition ;`.\\n15 | \\n16 | To keep things simple the only data type you need to support is signed integers of at least 16 bits size.\\n17 | \\n18 | You should use the following rules for the syntax: a number is a sequence of one or more (ASCII) digits, a word is a sequence of one or more letters, digits, symbols or punctuation that is not a number.\\n19 | (Forth probably uses slightly different rules, but this is close enough.)\\n20 | \\n21 | Words are case-insensitive.\\n22 | \\n23 | [forth]: https://en.wikipedia.org/wiki/Forth_%28programming_language%29\\n24 | \\n\\nLoading...\"}"
}
[2025-04-04T04:39:39.027Z] {
  "ts": 1743741578700,
  "type": "say",
  "say": "text",
  "text": "Okay, I have the requirements. Now I need to see the structure of the `ForthEvaluator.java` file I need to implement.",
  "partial": false
}
[2025-04-04T04:39:39.116Z] {
  "ts": 1743741579060,
  "type": "ask",
  "ask": "tool",
  "text": "{\"tool\":\"readFile\",\"path\":\"src/main/java/ForthEvaluator.java\",\"isOutsideWorkspace\":false,\"content\":\"/Users/cte/Documents/evals/java/forth/src/main/java/ForthEvaluator.java\",\"reason\":\" (max 500 lines)\"}"
}
[2025-04-04T04:39:39.207Z] {
  "ts": 1743741579174,
  "type": "say",
  "say": "api_req_started",
  "text": "{\"request\":\"[read_file for 'src/main/java/ForthEvaluator.java'] Result:\\n\\n1 | import java.util.List;\\n2 | \\n3 | class ForthEvaluator {\\n4 |     List<Integer> evaluateProgram(List<String> input) {\\n5 |         throw new UnsupportedOperationException(\\\"Please implement the evaluateProgram method\\\");\\n6 |     }\\n7 | }\\n8 | \\n\\nLoading...\"}"
}
[2025-04-04T04:40:00.010Z] {
  "ts": 1743741597290,
  "type": "say",
  "say": "text",
  "text": "Okay, I've reviewed the requirements and the stub file. I will now implement the `ForthEvaluator` class.\n\nHere's the plan:\n1.  Use a `Deque` (like `ArrayDeque`) as the stack.\n2.  Use a `Map` to store user-defined words (mapping word name to a list of tokens representing its definition).\n3.  The `evaluateProgram` method will iterate through the input lines.\n4.  For each line, tokenize it (split by whitespace).\n5.  Process tokens:\n    *   Numbers are pushed onto the stack.\n    *   Built-in operators (`+`, `-`, `*`, `/`, `DUP`, `DROP`, `SWAP`, `OVER`) perform stack operations. Check for sufficient operands and division by zero.\n    *   Word definition (`: ... ;`) parses the definition and stores it in the map. Handle invalid definitions (e.g., redefining numbers, unterminated definitions).\n    *   User-defined words are looked up in the map and their definitions are executed recursively.\n    *   Unknown words throw an exception.\n6.  Handle case-insensitivity by converting words to lowercase during processing.\n7.  Return the final stack contents as a `List<Integer>`.\n\nI will now write the implementation to `src/main/java/ForthEvaluator.java`.",
  "partial": false
}
[2025-04-04T04:40:13.816Z] {
  "ts": 1743741600336,
  "type": "ask",
  "ask": "tool",
  "text": "{\"tool\":\"editedExistingFile\",\"path\":\"src/main/java/ForthEvaluator.java\",\"isOutsideWorkspace\":false,\"diff\":\"@@ -1,7 +1,174 @@\\n+import java.util.ArrayDeque;\\n+import java.util.ArrayList;\\n+import java.util.Deque;\\n+import java.util.HashMap;\\n import java.util.List;\\n+import java.util.Map;\\n+import java.util.Objects;\\n \\n class ForthEvaluator {\\n-    List<Integer> evaluateProgram(List<String> input) {\\n-        throw new UnsupportedOperationException(\\\"Please implement the evaluateProgram method\\\");\\n+    private final Deque<Integer> stack = new ArrayDeque<>();\\n+    private final Map<String, List<String>> userDefinedWords = new HashMap<>();\\n+\\n+    // Public method to evaluate a list of Forth commands\\n+    public List<Integer> evaluateProgram(List<String> input) {\\n+        // Clear state for each new program evaluation\\n+        stack.clear();\\n+        userDefinedWords.clear();\\n+\\n+        // Process each line of the input program\\n+        for (String line : input) {\\n+            processLine(line.toLowerCase()); // Process lines case-insensitively\\n+        }\\n+\\n+        // Return the final state of the stack\\n+        return new ArrayList<>(stack);\\n     }\\n-}\\n+\\n+    // Processes a single line of Forth code\\n+    private void processLine(String line) {\\n+        List<String> tokens = tokenize(line);\\n+        boolean definingWord = false; // Flag to track if we are currently defining a new word\\n+        String newWordName = null; // Stores the name of the word being defined\\n+        List<String> newWordDefinition = new ArrayList<>(); // Stores the definition tokens\\n+\\n+        for (String token : tokens) {\\n+            if (definingWord) {\\n+                // Inside a word definition\\n+                if (token.equals(\\\";\\\")) {\\n+                    // End of definition\\n+                    if (newWordName == null) {\\n+                        throw new IllegalArgumentException(\\\"Invalid definition: Missing word name\\\");\\n+                    }\\n+                    // Check if the word being defined is actually a number\\n+                    try {\\n+                        Integer.parseInt(newWordName);\\n+                        // If parsing succeeds, it's a number, which is illegal to redefine\\n+                        throw new IllegalArgumentException(\\\"Cannot redefine numbers\\\");\\n+                    } catch (NumberFormatException e) {\\n+                        // It's not a number, proceed with definition\\n+                        userDefinedWords.put(newWordName, new ArrayList<>(newWordDefinition));\\n+                    }\\n+                    // Reset definition state\\n+                    definingWord = false;\\n+                    newWordName = null;\\n+                    newWordDefinition.clear();\\n+                } else if (newWordName == null) {\\n+                    // First token after ':' is the word name\\n+                    newWordName = token;\\n+                } else {\\n+                    // Subsequent tokens are part of the definition\\n+                    newWordDefinition.add(token);\\n+                }\\n+            } else if (token.equals(\\\":\\\")) {\\n+                // Start of a word definition\\n+                definingWord = true;\\n+            } else {\\n+                // Not defining a word, evaluate the token normally\\n+                evaluateToken(token);\\n+            }\\n+        }\\n+\\n+        // Check if a definition was started but not terminated\\n+        if (definingWord) {\\n+            throw new IllegalArgumentException(\\\"Invalid definition: Definition not terminated with ;\\\");\\n+        }\\n+    }\\n+\\n+    // Splits a line into tokens based on whitespace\\n+    private List<String> tokenize(String line) {\\n+        String trimmedLine = line.trim();\\n+        if (trimmedLine.isEmpty()) {\\n+            return List.of(); // Return empty list for empty or whitespace-only lines\\n+        }\\n+        // Split by one or more whitespace characters\\n+        return List.of(trimmedLine.split(\\\"\\\\\\\\s+\\\"));\\n+    }\\n+\\n+    // Evaluates a single token (number, built-in word, or user-defined word)\\n+    private void evaluateToken(String token) {\\n+        try {\\n+            // Attempt to parse the token as an integer\\n+            int number = Integer.parseInt(token);\\n+            stack.push(number);\\n+        } catch (NumberFormatException e) {\\n+            // If not a number, treat it as a word\\n+            if (userDefinedWords.containsKey(token)) {\\n+                // Execute user-defined word by evaluating its definition tokens\\n+                List<String> definition = userDefinedWords.get(token);\\n+                for (String defToken : definition) {\\n+                    evaluateToken(defToken); // Recursive evaluation\\n+                }\\n+            } else {\\n+                // Execute built-in word\\n+                executeBuiltIn(token);\\n+            }\\n+        }\\n+    }\\n+\\n+    // Executes a built-in Forth operation\\n+    private void executeBuiltIn(String word) {\\n+        switch (word) {\\n+            case \\\"+\\\":\\n+                ensureStackSize(2, \\\"Addition requires that the stack contain at least 2 values\\\");\\n+                int addB = stack.pop();\\n+                int addA = stack.pop();\\n+                stack.push(addA + addB);\\n+                break;\\n+            case \\\"-\\\":\\n+                ensureStackSize(2, \\\"Subtraction requires that the stack contain at least 2 values\\\");\\n+                int subB = stack.pop();\\n+                int subA = stack.pop();\\n+                stack.push(subA - subB);\\n+                break;\\n+            case \\\"*\\\":\\n+                ensureStackSize(2, \\\"Multiplication requires that the stack contain at least 2 values\\\");\\n+                int mulB = stack.pop();\\n+                int mulA = stack.pop();\\n+                stack.push(mulA * mulB);\\n+                break;\\n+            case \\\"/\\\":\\n+                ensureStackSize(2, \\\"Division requires that the stack contain at least 2 values\\\");\\n+                int divB = stack.pop();\\n+                int divA = stack.pop();\\n+                if (divB == 0) {\\n+                    throw new IllegalArgumentException(\\\"Division by zero is not allowed\\\");\\n+                }\\n+                stack.push(divA / divB); // Integer division\\n+                break;\\n+            case \\\"dup\\\":\\n+                ensureStackSize(1, \\\"Duplicating requires that the stack contain at least 1 value\\\");\\n+                stack.push(Objects.requireNonNull(stack.peek())); // Use peek() and handle potential null if stack was empty (though ensureStackSize prevents this)\\n+                break;\\n+            case \\\"drop\\\":\\n+                ensureStackSize(1, \\\"Dropping requires that the stack contain at least 1 value\\\");\\n+                stack.pop();\\n+                break;\\n+            case \\\"swap\\\":\\n+                ensureStackSize(2, \\\"Swapping requires that the stack contain at least 2 values\\\");\\n+                int swapB = stack.pop();\\n+                int swapA = stack.pop();\\n+                stack.push(swapB);\\n+                stack.push(swapA);\\n+                break;\\n+            case \\\"over\\\":\\n+                ensureStackSize(2, \\\"Over requires that the stack contain at least 2 values\\\");\\n+                int overB = stack.pop();\\n+                int overA = stack.pop();\\n+                stack.push(overA);\\n+                stack.push(overB);\\n+                stack.push(overA);\\n+                break;\\n+            default:\\n+                // Handle unknown words\\n+                throw new IllegalArgumentException(\\\"No definition available for operator \\\\\\\"\\\" + word + \\\"\\\\\\\"\\\");\\n+        }\\n+    }\\n+\\n+    // Helper method to check if the stack has enough elements for an operation\\n+    private void ensureStackSize(int requiredSize, String errorMessage) {\\n+        if (stack.size() < requiredSize) {\\n+            throw new IllegalArgumentException(errorMessage);\\n+        }\\n+    }\\n+}\\n\\\\ No newline at end of file\\n\"}",
  "partial": false
}
[2025-04-04T04:40:14.854Z] {
  "ts": 1743741614821,
  "type": "say",
  "say": "api_req_started",
  "text": "{\"request\":\"[write_to_file for 'src/main/java/ForthEvaluator.java'] Result:\\n\\nThe content was successfully saved to src/main/java/ForthEvaluator.java.\\n\\nLoading...\"}"
}
[2025-04-04T04:40:17.346Z] {
  "ts": 1743741617038,
  "type": "say",
  "say": "text",
  "text": "Okay, the implementation has been written to `src/main/java/ForthEvaluator.java`.\n\nNow, I will run the tests using the provided command to check if the implementation passes.",
  "partial": false
}
[2025-04-04T04:40:17.388Z] {
  "ts": 1743741617351,
  "type": "ask",
  "ask": "command",
  "text": "./gradlew test"
}
[2025-04-04T04:40:19.682Z] {
  "ts": 1743741619630,
  "type": "ask",
  "ask": "command_output",
  "text": ""
}
[2025-04-04T04:40:20.669Z] {
  "ts": 1743741620635,
  "type": "ask",
  "ask": "command_output",
  "text": "\r\n\r\n> Connecting to Daemon<=====--------> 42% EXECUTING [90ms]> :compileTestJava > Resolve dependencies of :testCompileClasspath<===========--> 85% EXECUTING [193ms]> :test > 0 tests completed<===========--> 85% EXECUTING [290ms]<===========--> 85% EXECUTING [391ms]\r\n"
}
[2025-04-04T04:40:21.424Z] {
  "ts": 1743741621351,
  "type": "ask",
  "ask": "command_output",
  "text": "<===========--> 85% EXECUTING [494ms]> :test > 3 tests completed> :test > Executing test ForthEvaluatorTest<===========--> 85% EXECUTING [595ms]> :test > 30 tests completed, 7 failed<===========--> 85% EXECUTING [695ms]<===========--> 85% EXECUTING [794ms]<===========--> 85% EXECUTING [890ms]<===========--> 85% EXECUTING [990ms]<===========--> 85% EXECUTING [1s]\r\n> Task :test FAILED\r\n\r\nForthEvaluatorTest > testErrorIfSwappingAttemptedWithOneNumberOnTheStack() PASSED\r\n\r\nForthEvaluatorTest > testCombinedAdditionAndMultiplication() PASSED\r\n\r\nForthEvaluatorTest > testUserDefinedWordsAreCaseInsensitive() PASSED\r\n\r\nForthEvaluatorTest > testOverCopiesTheSecondElementIfThereAreMoreThanTwo() FAILED\r\n    org.opentest4j.AssertionFailedError: \r\n    Expecting actual:\r\n      [2, 3, 2, 1]\r\n    to contain exactly (and in same order):\r\n      [1, 2, 3, 2]\r\n    but there were differences at these indexes:\r\n      - element at index 0: expected \"1\" but was \"2\"\r\n      - element at index 1: expected \"2\" but was \"3\"\r\n      - element at index 2: expected \"3\" but was \"2\"\r\n      - element at index 3: expected \"2\" but was \"1\"\r\n        at java.base@17.0.14/jdk.internal.reflect.NativeConstructorAccessorImpl.newInstance0(Native Method)\r\n        at java.base@17.0.14/jdk.internal.reflect.NativeConstructorAccessorImpl.newInstance(NativeConstructorAccessorImpl.java:77)\r\n        at java.base@17.0.14/jdk.internal.reflect.DelegatingConstructorAccessorImpl.newInstance(DelegatingConstructorAccessorImpl.java:45)\r\n        at java.base@17.0.14/java.lang.reflect.Constructor.newInstanceWithCaller(Constructor.java:500)\r\n        at app//ForthEvaluatorTest.testOverCopiesTheSecondElementIfThereAreMoreThanTwo(ForthEvaluatorTest.java:230)\r\n\r\nForthEvaluatorTest > testOverCopiesTheSecondElementIfThereAreOnlyTwo() PASSED\r\n\r\nForthEvaluatorTest > testErrorIfOveringAttemptedWithNothingOnTheStack() FAILED\r\n    org.opentest4j.AssertionFailedError: \r\n    Expecting message to be:\r\n      \"Overing requires that the stack contain at least 2 values\"\r\n    but was:\r\n      \"Over requires that the stack contain at least 2 values\"\r\n\r\n    Throwable that failed the check:\r\n\r\n    java.lang.IllegalArgumentException: Over requires that the stack contain at least 2 values\r\n        at ForthEvaluator.ensureStackSize(ForthEvaluator.java:171)\r\n        at ForthEvaluator.executeBuiltIn(ForthEvaluator.java:155)\r\n        at ForthEvaluator.evaluateToken(ForthEvaluator.java:104)\r\n        at ForthEvaluator.processLine(ForthEvaluator.java:68)\r\n        at ForthEvaluator.evaluateProgram(ForthEvaluator.java:21)\r\n        at ForthEvaluatorTest.lambda$testErrorIfOveringAttemptedWithNothingOnTheStack$13(ForthEvaluatorTest.java:236)\r\n        at org.assertj.core.api.ThrowableAssert.catchThrowable(ThrowableAssert.java:63)\r\n        at org.assertj.core.api.ThrowableTypeAssert.isThrownBy(ThrowableTypeAssert.java:59)\r\n        at ForthEvaluatorTest.testErrorIfOveringAttemptedWithNothingOnTheStack(ForthEvaluatorTest.java:236)\r\n        at java.base/jdk.internal.reflect.NativeMethodAccessorImpl.invoke0(Native Method)\r\n        at java.base/jdk.internal.reflect.NativeMethodAccessorImpl.invoke(NativeMethodAccessorImpl.java:77)\r\n        at java.base/jdk.internal.reflect.DelegatingMethodAccessorImpl.invoke(DelegatingMethodAccessorImpl.java:43)\r\n        at java.base/java.lang.reflect.Method.invoke(Method.java:569)\r\n        at org.junit.platform.commons.util.ReflectionUtils.invokeMethod(ReflectionUtils.java:728)\r\n        at org.junit.jupiter.engine.execution.MethodInvocation.proceed(MethodInvocation.java:60)\r\n        at org.junit.jupiter.engine.execution.InvocationInterceptorChain$ValidatingInvocation.proceed(InvocationInterceptorChain.java:131)\r\n        at org.junit.jupiter.engine.extension.TimeoutExtension.intercept(TimeoutExtension.java:156)\r\n        at org.junit.jupiter.engine.extension.TimeoutExtension.interceptTestableMethod(TimeoutExtension.java:147)\r\n        at org.junit.jupiter.engine.extension.TimeoutExtension.interceptTestMethod(TimeoutExtension.java:86)\r\n        at org.junit.jupiter.engine.execution.InterceptingExecutableInvoker$ReflectiveInterceptorCall.lambda$ofVoidMethod$0(InterceptingExecutableInvoker.java:103)\r\n        at org.junit.jupiter.engine.execution.InterceptingExecutableInvoker.lambda$invoke$0(InterceptingExecutableInvoker.java:93)\r\n        at org.junit.jupiter.engine.execution.InvocationInterceptorChain$InterceptedInvocation.proceed(InvocationInterceptorChain.java:106)\r\n        at org.junit.jupiter.engine.execution.InvocationInterceptorChain.proceed(InvocationInterceptorChain.java:64)\r\n        at org.junit.jupiter.engine.execution.InvocationInterceptorChain.chainAndInvoke(InvocationInterceptorChain.java:45)\r\n        at org.junit.jupiter.engine.execution.InvocationInterceptorChain.invoke(InvocationInterceptorChain.java:37)\r\n        at org.junit.jupiter.engine.execution.InterceptingExecutableInvoker.invoke(InterceptingExecutableInvoker.java:92)\r\n        at org.junit.jupiter.engine.execution.InterceptingExecutableInvoker.invoke(InterceptingExecutableInvoker.java:86)\r\n        at org.junit.jupiter.engine.descriptor.TestMethodTestDescriptor.lambda$invokeTestMethod$7(TestMethodTestDescriptor.java:218)\r\n        at org.junit.platform.engine.support.hierarchical.ThrowableCollector.execute(ThrowableCollector.java:73)\r\n        at org.junit.jupiter.engine.descriptor.TestMethodTestDescriptor.invokeTestMethod(TestMethodTestDescriptor.java:214)\r\n        at org.junit.jupiter.engine.descriptor.TestMethodTestDescriptor.execute(TestMethodTestDescriptor.java:139)\r\n        at org.junit.jupiter.engine.descriptor.TestMethodTestDescriptor.execute(TestMethodTestDescriptor.java:69)\r\n        at org.junit.platform.engine.support.hierarchical.NodeTestTask.lambda$executeRecursively$6(NodeTestTask.java:151)\r\n        at org.junit.platform.engine.support.hierarchical.ThrowableCollector.execute(ThrowableCollector.java:73)\r\n        at org.junit.platform.engine.support.hierarchical.NodeTestTask.lambda$executeRecursively$8(NodeTestTask.java:141)\r\n        at org.junit.platform.engine.support.hierarchical.Node.around(Node.java:137)\r\n        at org.junit.platform.engine.support.hierarchical.NodeTestTask.lambda$executeRecursively$9(NodeTestTask.java:139)\r\n        at org.junit.platform.engine.support.hierarchical.ThrowableCollector.execute(ThrowableCollector.java:73)\r\n        at org.junit.platform.engine.support.hierarchical.NodeTestTask.executeRecursively(NodeTestTask.java:138)\r\n        at org.junit.platform.engine.support.hierarchical.NodeTestTask.execute(NodeTestTask.java:95)\r\n        at java.base/java.util.ArrayList.forEach(ArrayList.java:1511)\r\n        at org.junit.platform.engine.support.hierarchical.SameThreadHierarchicalTestExecutorService.invokeAll(SameThreadHierarchicalTestExecutorService.java:41)\r\n        at org.junit.platform.engine.support.hierarchical.NodeTestTask.lambda$executeRecursively$6(NodeTestTask.java:155)\r\n        at org.junit.platform.engine.support.hierarchical.ThrowableCollector.execute(ThrowableCollector.java:73)\r\n        at org.junit.platform.engine.support.hierarchical.NodeTestTask.lambda$executeRecursively$8(NodeTestTask.java:141)\r\n        at org.junit.platform.engine.support.hierarchical.Node.around(Node.java:137)\r\n        at org.junit.platform.engine.support.hierarchical.NodeTestTask.lambda$executeRecursively$9(NodeTestTask.java:139)\r\n        at org.junit.platform.engine.support.hierarchical.ThrowableCollector.execute(ThrowableCollector.java:73)\r\n        at org.junit.platform.engine.support.hierarchical.NodeTestTask.executeRecursively(NodeTestTask.java:138)\r\n        at org.junit.platform.engine.support.hierarchical.NodeTestTask.execute(NodeTestTask.java:95)\r\n        at java.base/java.util.ArrayList.forEach(ArrayList.java:1511)\r\n        at org.junit.platform.engine.support.hierarchical.SameThreadHierarchicalTestExecutorService.invokeAll(SameThreadHierarchicalTestExecutorService.java:41)\r\n        at org.junit.platform.engine.support.hierarchical.NodeTestTask.lambda$executeRecursively$6(NodeTestTask.java:155)\r\n        at org.junit.platform.engine.support.hierarchical.ThrowableCollector.execute(ThrowableCollector.java:73)\r\n        at org.junit.platform.engine.support.hierarchical.NodeTestTask.lambda$executeRecursively$8(NodeTestTask.java:141)\r\n        at org.junit.platform.engine.support.hierarchical.Node.around(Node.java:137)\r\n        at org.junit.platform.engine.support.hierarchical.NodeTestTask.lambda$executeRecursively$9(NodeTestTask.java:139)\r\n        at org.junit.platform.engine.support.hierarchical.ThrowableCollector.execute(ThrowableCollector.java:73)\r\n        at org.junit.platform.engine.support.hierarchical.NodeTestTask.executeRecursively(NodeTestTask.java:138)\r\n        at org.junit.platform.engine.support.hierarchical.NodeTestTask.execute(NodeTestTask.java:95)\r\n        at org.junit.platform.engine.support.hierarchical.SameThreadHierarchicalTestExecutorService.submit(SameThreadHierarchicalTestExecutorService.java:35)\r\n        at org.junit.platform.engine.support.hierarchical.HierarchicalTestExecutor.execute(HierarchicalTestExecutor.java:57)\r\n\n[...141 lines omitted...]\n\n        at org.junit.platform.engine.support.hierarchical.NodeTestTask.lambda$executeRecursively$6(NodeTestTask.java:155)\r\n        at org.junit.platform.engine.support.hierarchical.ThrowableCollector.execute(ThrowableCollector.java:73)\r\n        at org.junit.platform.engine.support.hierarchical.NodeTestTask.lambda$executeRecursively$8(NodeTestTask.java:141)\r\n        at org.junit.platform.engine.support.hierarchical.Node.around(Node.java:137)\r\n        at org.junit.platform.engine.support.hierarchical.NodeTestTask.lambda$executeRecursively$9(NodeTestTask.java:139)\r\n        at org.junit.platform.engine.support.hierarchical.ThrowableCollector.execute(ThrowableCollector.java:73)\r\n        at org.junit.platform.engine.support.hierarchical.NodeTestTask.executeRecursively(NodeTestTask.java:138)\r\n        at org.junit.platform.engine.support.hierarchical.NodeTestTask.execute(NodeTestTask.java:95)\r\n        at java.base/java.util.ArrayList.forEach(ArrayList.java:1511)\r\n        at org.junit.platform.engine.support.hierarchical.SameThreadHierarchicalTestExecutorService.invokeAll(SameThreadHierarchicalTestExecutorService.java:41)\r\n        at org.junit.platform.engine.support.hierarchical.NodeTestTask.lambda$executeRecursively$6(NodeTestTask.java:155)\r\n        at org.junit.platform.engine.support.hierarchical.ThrowableCollector.execute(ThrowableCollector.java:73)\r\n        at org.junit.platform.engine.support.hierarchical.NodeTestTask.lambda$executeRecursively$8(NodeTestTask.java:141)\r\n        at org.junit.platform.engine.support.hierarchical.Node.around(Node.java:137)\r\n        at org.junit.platform.engine.support.hierarchical.NodeTestTask.lambda$executeRecursively$9(NodeTestTask.java:139)\r\n        at org.junit.platform.engine.support.hierarchical.ThrowableCollector.execute(ThrowableCollector.java:73)\r\n        at org.junit.platform.engine.support.hierarchical.NodeTestTask.executeRecursively(NodeTestTask.java:138)\r\n        at org.junit.platform.engine.support.hierarchical.NodeTestTask.execute(NodeTestTask.java:95)\r\n        at org.junit.platform.engine.support.hierarchical.SameThreadHierarchicalTestExecutorService.submit(SameThreadHierarchicalTestExecutorService.java:35)\r\n        at org.junit.platform.engine.support.hierarchical.HierarchicalTestExecutor.execute(HierarchicalTestExecutor.java:57)\r\n        at org.junit.platform.engine.support.hierarchical.HierarchicalTestEngine.execute(HierarchicalTestEngine.java:54)\r\n        at org.junit.platform.launcher.core.EngineExecutionOrchestrator.execute(EngineExecutionOrchestrator.java:107)\r\n        at org.junit.platform.launcher.core.EngineExecutionOrchestrator.execute(EngineExecutionOrchestrator.java:88)\r\n        at org.junit.platform.launcher.core.EngineExecutionOrchestrator.lambda$execute$0(EngineExecutionOrchestrator.java:54)\r\n        at org.junit.platform.launcher.core.EngineExecutionOrchestrator.withInterceptedStreams(EngineExecutionOrchestrator.java:67)\r\n        at org.junit.platform.launcher.core.EngineExecutionOrchestrator.execute(EngineExecutionOrchestrator.java:52)\r\n        at org.junit.platform.launcher.core.DefaultLauncher.execute(DefaultLauncher.java:114)\r\n        at org.junit.platform.launcher.core.DefaultLauncher.execute(DefaultLauncher.java:86)\r\n        at org.junit.platform.launcher.core.DefaultLauncherSession$DelegatingLauncher.execute(DefaultLauncherSession.java:86)\r\n        at org.gradle.api.internal.tasks.testing.junitplatform.JUnitPlatformTestClassProcessor$CollectAllTestClassesExecutor.processAllTestClasses(JUnitPlatformTestClassProcessor.java:119)\r\n        at org.gradle.api.internal.tasks.testing.junitplatform.JUnitPlatformTestClassProcessor$CollectAllTestClassesExecutor.access$000(JUnitPlatformTestClassProcessor.java:94)\r\n        at org.gradle.api.internal.tasks.testing.junitplatform.JUnitPlatformTestClassProcessor.stop(JUnitPlatformTestClassProcessor.java:89)\r\n        at org.gradle.api.internal.tasks.testing.SuiteTestClassProcessor.stop(SuiteTestClassProcessor.java:62)\r\n        at java.base/jdk.internal.reflect.NativeMethodAccessorImpl.invoke0(Native Method)\r\n        at java.base/jdk.internal.reflect.NativeMethodAccessorImpl.invoke(NativeMethodAccessorImpl.java:77)\r\n        at java.base/jdk.internal.reflect.DelegatingMethodAccessorImpl.invoke(DelegatingMethodAccessorImpl.java:43)\r\n        at java.base/java.lang.reflect.Method.invoke(Method.java:569)\r\n        at org.gradle.internal.dispatch.ReflectionDispatch.dispatch(ReflectionDispatch.java:36)\r\n        at org.gradle.internal.dispatch.ReflectionDispatch.dispatch(ReflectionDispatch.java:24)\r\n        at org.gradle.internal.dispatch.ContextClassLoaderDispatch.dispatch(ContextClassLoaderDispatch.java:33)\r\n        at org.gradle.internal.dispatch.ProxyDispatchAdapter$DispatchingInvocationHandler.invoke(ProxyDispatchAdapter.java:94)\r\n        at jdk.proxy1/jdk.proxy1.$Proxy2.stop(Unknown Source)\r\n        at org.gradle.api.internal.tasks.testing.worker.TestWorker$3.run(TestWorker.java:193)\r\n        at org.gradle.api.internal.tasks.testing.worker.TestWorker.executeAndMaintainThreadName(TestWorker.java:129)\r\n        at org.gradle.api.internal.tasks.testing.worker.TestWorker.execute(TestWorker.java:100)\r\n        at org.gradle.api.internal.tasks.testing.worker.TestWorker.execute(TestWorker.java:60)\r\n        at org.gradle.process.internal.worker.child.ActionExecutionWorker.execute(ActionExecutionWorker.java:56)\r\n        at org.gradle.process.internal.worker.child.SystemApplicationClassLoaderWorker.call(SystemApplicationClassLoaderWorker.java:113)\r\n        at org.gradle.process.internal.worker.child.SystemApplicationClassLoaderWorker.call(SystemApplicationClassLoaderWorker.java:65)\r\n        at worker.org.gradle.process.internal.worker.GradleWorkerMain.run(GradleWorkerMain.java:69)\r\n        at worker.org.gradle.process.internal.worker.GradleWorkerMain.main(GradleWorkerMain.java:74)\r\n        at java.base@17.0.14/jdk.internal.reflect.NativeConstructorAccessorImpl.newInstance0(Native Method)\r\n        at java.base@17.0.14/jdk.internal.reflect.NativeConstructorAccessorImpl.newInstance(NativeConstructorAccessorImpl.java:77)\r\n        at java.base@17.0.14/jdk.internal.reflect.DelegatingConstructorAccessorImpl.newInstance(DelegatingConstructorAccessorImpl.java:45)\r\n        at java.base@17.0.14/java.lang.reflect.Constructor.newInstanceWithCaller(Constructor.java:500)\r\n        at app//ForthEvaluatorTest.testErrorIfOveringAttemptedWithOneNumberOnTheStack(ForthEvaluatorTest.java:244)\r\n\r\nForthEvaluatorTest > testErrorIfMultiplicationAttemptedWithOneNumberOnTheStack() PASSED\r\n\r\nForthEvaluatorTest > testCombinedMultiplicationAndAddition() PASSED\r\n\r\nForthEvaluatorTest > testCombinedAdditionAndSubtraction() PASSED\r\n\r\nForthEvaluatorTest > testErrorIfDroppingAttemptedWithNothingOnTheStack() PASSED\r\n\r\nForthEvaluatorTest > testSubtractionForMoreThanTwoValuesOnTheStack() FAILED\r\n    org.opentest4j.AssertionFailedError: \r\n    Expecting actual:\r\n      [9, 1]\r\n    to contain exactly (and in same order):\r\n      [1, 9]\r\n    but there were differences at these indexes:\r\n      - element at index 0: expected \"1\" but was \"9\"\r\n      - element at index 1: expected \"9\" but was \"1\"\r\n        at java.base@17.0.14/jdk.internal.reflect.NativeConstructorAccessorImpl.newInstance0(Native Method)\r\n        at java.base@17.0.14/jdk.internal.reflect.NativeConstructorAccessorImpl.newInstance(NativeConstructorAccessorImpl.java:77)\r\n        at java.base@17.0.14/jdk.internal.reflect.DelegatingConstructorAccessorImpl.newInstance(DelegatingConstructorAccessorImpl.java:45)\r\n        at java.base@17.0.14/java.lang.reflect.Constructor.newInstanceWithCaller(Constructor.java:500)\r\n        at app//ForthEvaluatorTest.testSubtractionForMoreThanTwoValuesOnTheStack(ForthEvaluatorTest.java:77)\r\n\r\nForthEvaluatorTest > testErrorIfMultiplicationAttemptedWithNothingOnTheStack() PASSED\r\n\r\nForthEvaluatorTest > testErrorIfDivisionAttemptedWithOneNumberOnTheStack() PASSED\r\n\r\nForthEvaluatorTest > testDropRemovesTheTopValueOnTheStackIfItIsNotTheOnlyOne() PASSED\r\n\r\nForthEvaluatorTest > testErrorIfAdditionAttemptedWithNothingOnTheStack() PASSED\r\n\r\nForthEvaluatorTest > testNegativeNumbersArePushedOntoTheStack() FAILED\r\n    org.opentest4j.AssertionFailedError: \r\n    Expecting actual:\r\n      [-5, -4, -3, -2, -1]\r\n    to contain exactly (and in same order):\r\n      [-1, -2, -3, -4, -5]\r\n    but there were differences at these indexes:\r\n      - element at index 0: expected \"-1\" but was \"-5\"\r\n      - element at index 1: expected \"-2\" but was \"-4\"\r\n      - element at index 3: expected \"-4\" but was \"-2\"\r\n      - element at index 4: expected \"-5\" but was \"-1\"\r\n        at java.base@17.0.14/jdk.internal.reflect.NativeConstructorAccessorImpl.newInstance0(Native Method)\r\n        at java.base@17.0.14/jdk.internal.reflect.NativeConstructorAccessorImpl.newInstance(NativeConstructorAccessorImpl.java:77)\r\n        at java.base@17.0.14/jdk.internal.reflect.DelegatingConstructorAccessorImpl.newInstance(DelegatingConstructorAccessorImpl.java:45)\r\n        at java.base@17.0.14/java.lang.reflect.Constructor.newInstanceWithCaller(Constructor.java:500)\r\n        at app//ForthEvaluatorTest.testNegativeNumbersArePushedOntoTheStack(ForthEvaluatorTest.java:24)\r\n\r\nForthEvaluatorTest > testCanDefineWordThatUsesWordWithTheSameName() FAILED\r\n    java.lang.StackOverflowError\r\n        at java.base/java.lang.NumberFormatException.forInputString(NumberFormatException.java:67)\r\n        at java.base/java.lang.Integer.parseInt(Integer.java:668)\r\n        at java.base/java.lang.Integer.parseInt(Integer.java:786)\r\n        at ForthEvaluator.evaluateToken(ForthEvaluator.java:92)\r\n        at ForthEvaluator.evaluateToken(ForthEvaluator.java:100)\r\n<previous line repeated 1019 additional times>\n\r\nForthEvaluatorTest > testTwoNumbersCanBeMultiplied() PASSED\r\n\r\nForthEvaluatorTest > testDefinitionsAreCaseInsensitive() PASSED\r\n\r\nForthEvaluatorTest > testTwoNumbersCanBeDivided() PASSED\r\n\r\nForthEvaluatorTest > testDivisionForMoreThanTwoValuesOnTheStack() FAILED\r\n    org.opentest4j.AssertionFailedError: \r\n    Expecting actual:\r\n      [4, 1]\r\n    to contain exactly (and in same order):\r\n      [1, 4]\r\n    but there were differences at these indexes:\r\r\n      - element at index 0: expected \"1\" but was \"4\"\r\n      - element at index 1: expected \"4\" but was \"1\"\r\n        at java.base@17.0.14/jdk.internal.reflect.NativeConstructorAccessorImpl.newInstance0(Native Method)\r\n        at java.base@17.0.14/jdk.internal.reflect.NativeConstructorAccessorImpl.newInstance(NativeConstructorAccessorImpl.java:77)\r\n        at java.base@17.0.14/jdk.internal.reflect.DelegatingConstructorAccessorImpl.newInstance(DelegatingConstructorAccessorImpl.java:45)\r\n        at java.base@17.0.14/java.lang.reflect.Constructor.newInstanceWithCaller(Constructor.java:500)\r\n        at app//ForthEvaluatorTest.testDivisionForMoreThanTwoValuesOnTheStack(ForthEvaluatorTest.java:139)\r\n\r\nForthEvaluatorTest > testCanOverrideBuiltInArithmeticOperators() PASSED\r\n\r\nForthEvaluatorTest > testUserDefinedOperatorsAreEvaluatedInTheCorrectOrder() FAILED\r\n    org.opentest4j.AssertionFailedError: \r\n    Expecting actual:\r\n      [3, 2, 1]\r\n    to contain exactly (and in same order):\r\n      [1, 2, 3]\r\n    but there were differences at these indexes:\r\n      - element at index 0: expected \"1\" but was \"3\"\r\n      - element at index 2: expected \"3\" but was \"1\"\r\n        at java.base@17.0.14/jdk.internal.reflect.NativeConstructorAccessorImpl.newInstance0(Native Method)\r\n        at java.base@17.0.14/jdk.internal.reflect.NativeConstructorAccessorImpl.newInstance(NativeConstructorAccessorImpl.java:77)\r\n        at java.base@17.0.14/jdk.internal.reflect.DelegatingConstructorAccessorImpl.newInstance(DelegatingConstructorAccessorImpl.java:45)\r\n        at java.base@17.0.14/java.lang.reflect.Constructor.newInstanceWithCaller(Constructor.java:500)\r\n        at app//ForthEvaluatorTest.testUserDefinedOperatorsAreEvaluatedInTheCorrectOrder(ForthEvaluatorTest.java:256)\r\n\r\nForthEvaluatorTest > testErrorIfDividingByZero() FAILED\r\n    org.opentest4j.AssertionFailedError: \r\n    Expecting message to be:\r\n      \"Division by 0 is not allowed\"\r\n    but was:\r\n      \"Division by zero is not allowed\"\r\n\r\n    Throwable that failed the check:\r\n\r\n    java.lang.IllegalArgumentException: Division by zero is not allowed\r\n        at ForthEvaluator.executeBuiltIn(ForthEvaluator.java:135)\r\n        at ForthEvaluator.evaluateToken(ForthEvaluator.java:104)\r\n        at ForthEvaluator.processLine(ForthEvaluator.java:68)\r\n        at ForthEvaluator.evaluateProgram(ForthEvaluator.java:21)\r\n        at ForthEvaluatorTest.lambda$testErrorIfDividingByZero$6(ForthEvaluatorTest.java:118)\r\n        at org.assertj.core.api.ThrowableAssert.catchThrowable(ThrowableAssert.java:63)\r\n        at org.assertj.core.api.ThrowableTypeAssert.isThrownBy(ThrowableTypeAssert.java:59)\r\n        at ForthEvaluatorTest.testErrorIfDividingByZero(ForthEvaluatorTest.java:118)\r\n        at java.base/jdk.internal.reflect.NativeMethodAccessorImpl.invoke0(Native Method)\r\n        at java.base/jdk.internal.reflect.NativeMethodAccessorImpl.invoke(NativeMethodAccessorImpl.java:77)\r\n        at java.base/jdk.internal.reflect.DelegatingMethodAccessorImpl.invoke(DelegatingMethodAccessorImpl.java:43)\r\n        at java.base/java.lang.reflect.Method.invoke(Method.java:569)\r\n        at org.junit.platform.commons.util.ReflectionUtils.invokeMethod(ReflectionUtils.java:728)\r\n        at org.junit.jupiter.engine.execution.MethodInvocation.proceed(MethodInvocation.java:60)\r\n        at org.junit.jupiter.engine.execution.InvocationInterceptorChain$ValidatingInvocation.proceed(InvocationInterceptorChain.java:131)\r\n        at org.junit.jupiter.engine.extension.TimeoutExtension.intercept(TimeoutExtension.java:156)\r\n        at org.junit.jupiter.engine.extension.TimeoutExtension.interceptTestableMethod(TimeoutExtension.java:147)\r\n        at org.junit.jupiter.engine.extension.TimeoutExtension.interceptTestMethod(TimeoutExtension.java:86)\r\n        at org.junit.jupiter.engine.execution.InterceptingExecutableInvoker$ReflectiveInterceptorCall.lambda$ofVoidMethod$0(InterceptingExecutableInvoker.java:103)\r\n        at org.junit.jupiter.engine.execution.InterceptingExecutableInvoker.lambda$invoke$0(InterceptingExecutableInvoker.java:93)\r\n        at org.junit.jupiter.engine.execution.InvocationInterceptorChain$InterceptedInvocation.proceed(InvocationInterceptorChain.java:106)\r\n        at org.junit.jupiter.engine.execution.InvocationInterceptorChain.proceed(InvocationInterceptorChain.java:64)\r\n        at org.junit.jupiter.engine.execution.InvocationInterceptorChain.chainAndInvoke(InvocationInterceptorChain.java:45)\r\n        at org.junit.jupiter.engine.execution.InvocationInterceptorChain.invoke(InvocationInterceptorChain.java:37)\r\n        at org.junit.jupiter.engine.execution.InterceptingExecutableInvoker.invoke(InterceptingExecutableInvoker.java:92)\r\n        at org.junit.jupiter.engine.execution.InterceptingExecutableInvoker.invoke(InterceptingExecutableInvoker.java:86)\r\n        at org.junit.jupiter.engine.descriptor.TestMethodTestDescriptor.lambda$invokeTestMethod$7(TestMethodTestDescriptor.java:218)\r\n        at org.junit.platform.engine.support.hierarchical.ThrowableCollector.execute(ThrowableCollector.java:73)\r\n        at org.junit.jupiter.engine.descriptor.TestMethodTestDescriptor.invokeTestMethod(TestMethodTestDescriptor.java:214)\r\n        at org.junit.jupiter.engine.descriptor.TestMethodTestDescriptor.execute(TestMethodTestDescriptor.java:139)\r\n        at org.junit.jupiter.engine.descriptor.TestMethodTestDescriptor.execute(TestMethodTestDescriptor.java:69)\r\n        at org.junit.platform.engine.support.hierarchical.NodeTestTask.lambda$executeRecursively$6(NodeTestTask.java:151)\r\n        at org.junit.platform.engine.support.hierarchical.ThrowableCollector.execute(ThrowableCollector.java:73)\r\n        at org.junit.platform.engine.support.hierarchical.NodeTestTask.lambda$executeRecursively$8(NodeTestTask.java:141)\r\n        at org.junit.platform.engine.support.hierarchical.Node.around(Node.java:137)\r\n        at org.junit.platform.engine.support.hierarchical.NodeTestTask.lambda$executeRecursively$9(NodeTestTask.java:139)\r\n        at org.junit.platform.engine.support.hierarchical.ThrowableCollector.execute(ThrowableCollector.java:73)\r\n        at org.junit.platform.engine.support.hierarchical.NodeTestTask.executeRecursively(NodeTestTask.java:138)\r\n        at org.junit.platform.engine.support.hierarchical.NodeTestTask.execute(NodeTestTask.java:95)\r\n        at java.base/java.util.ArrayList.forEach(ArrayList.java:1511)\r\n        at org.junit.platform.engine.support.hierarchical.SameThreadHierarchicalTestExecutorService.invokeAll(SameThreadHierarchicalTestExecutorService.java:41)\r\n        at org.junit.platform.engine.support.hierarchical.NodeTestTask.lambda$executeRecursively$6(NodeTestTask.java:155)\r\n        at org.junit.platform.engine.support.hierarchical.ThrowableCollector.execute(ThrowableCollector.java:73)\r\n        at org.junit.platform.engine.support.hierarchical.NodeTestTask.lambda$executeRecursively$8(NodeTestTask.java:141)\r\n        at org.junit.platform.engine.support.hierarchical.Node.around(Node.java:137)\r\n        at org.junit.platform.engine.support.hierarchical.NodeTestTask.lambda$executeRecursively$9(NodeTestTask.java:139)\r\n        at org.junit.platform.engine.support.hierarchical.ThrowableCollector.execute(ThrowableCollector.java:73)\r\n        at org.junit.platform.engine.support.hierarchical.NodeTestTask.executeRecursively(NodeTestTask.java:138)\r\n        at org.junit.platform.engine.support.hierarchical.NodeTestTask.execute(NodeTestTask.java:95)\r\n        at java.base/java.util.ArrayList.forEach(ArrayList.java:1511)\r\n        at org.junit.platform.engine.support.hierarchical.SameThreadHierarchicalTestExecutorService.invokeAll(SameThreadHierarchicalTestExecutorService.java:41)\r\n        at org.junit.platform.engine.support.hierarchical.NodeTestTask.lambda$executeRecursively$6(NodeTestTask.java:155)\r\n        at org.junit.platform.engine.support.hierarchical.ThrowableCollector.execute(ThrowableCollector.java:73)\r\n        at org.junit.platform.engine.support.hierarchical.NodeTestTask.lambda$executeRecursively$8(NodeTestTask.java:141)\r\n        at org.junit.platform.engine.support.hierarchical.Node.around(Node.java:137)\r\n        at org.junit.platform.engine.support.hierarchical.NodeTestTask.lambda$executeRecursively$9(NodeTestTask.java:139)\r\n        at org.junit.platform.engine.support.hierarchical.ThrowableCollector.execute(ThrowableCollector.java:73)\r\n        at org.junit.platform.engine.support.hierarchical.NodeTestTask.executeRecursively(NodeTestTask.java:138)\r\n        at org.junit.platform.engine.support.hierarchical.NodeTestTask.execute(NodeTestTask.java:95)\r\n        at org.junit.platform.engine.support.hierarchical.SameThreadHierarchicalTestExecutorService.submit(SameThreadHierarchicalTestExecutorService.java:35)\r\n        at org.junit.platform.engine.support.hierarchical.HierarchicalTestExecutor.execute(HierarchicalTestExecutor.java:57)\r\n        at org.junit.platform.engine.support.hierarchical.HierarchicalTestEngine.execute(HierarchicalTestEngine.java:54)\r\n        at org.junit.platform.launcher.core.EngineExecutionOrchestrator.execute(EngineExecutionOrchestrator.java:107)\r\n        at org.junit.platform.launcher.core.EngineExecutionOrchestrator.execute(EngineExecutionOrchestrator.java:88)\r\n        at org.junit.platform.launcher.core.EngineExecutionOrchestrator.lambda$execute$0(EngineExecutionOrchestrator.java:54)\r\n        at org.junit.platform.launcher.core.EngineExecutionOrchestrator.withInterceptedStreams(EngineExecutionOrchestrator.java:67)\r\n        at org.junit.platform.launcher.core.EngineExecutionOrchestrator.execute(EngineExecutionOrchestrator.java:52)\r\n        at org.junit.platform.launcher.core.DefaultLauncher.execute(DefaultLauncher.java:114)\r\n        at org.junit.platform.launcher.core.DefaultLauncher.execute(DefaultLauncher.java:86)\r\n        at org.junit.platform.launcher.core.DefaultLauncherSession$DelegatingLauncher.execute(DefaultLauncherSession.java:86)\r\n        at org.gradle.api.internal.tasks.testing.junitplatform.JUnitPlatformTestClassProcessor$CollectAllTestClassesExecutor.processAllTestClasses(JUnitPlatformTestClassProcessor.java:119)\r\n        at org.gradle.api.internal.tasks.testing.junitplatform.JUnitPlatformTestClassProcessor$CollectAllTestClassesExecutor.access$000(JUnitPlatformTestClassProcessor.java:94)\r\n        at org.gradle.api.internal.tasks.testing.junitplatform.JUnitPlatformTestClassProcessor.stop(JUnitPlatformTestClassProcessor.java:89)\r\n        at org.gradle.api.internal.tasks.testing.SuiteTestClassProcessor.stop(SuiteTestClassProcessor.java:62)\r\n        at java.base/jdk.internal.reflect.NativeMethodAccessorImpl.invoke0(Native Method)\r\n        at java.base/jdk.internal.reflect.NativeMethodAccessorImpl.invoke(NativeMethodAccessorImpl.java:77)\r\n        at java.base/jdk.internal.reflect.DelegatingMethodAccessorImpl.invoke(DelegatingMethodAccessorImpl.java:43)\r\n        at java.base/java.lang.reflect.Method.invoke(Method.java:569)\r\n        at org.gradle.internal.dispatch.ReflectionDispatch.dispatch(ReflectionDispatch.java:36)\r\n        at org.gradle.internal.dispatch.ReflectionDispatch.dispatch(ReflectionDispatch.java:24)\r\n        at org.gradle.internal.dispatch.ContextClassLoaderDispatch.dispatch(ContextClassLoaderDispatch.java:33)\r\n        at org.gradle.internal.dispatch.ProxyDispatchAdapter$DispatchingInvocationHandler.invoke(ProxyDispatchAdapter.java:94)\r\n        at jdk.proxy1/jdk.proxy1.$Proxy2.stop(Unknown Source)\r\n        at org.gradle.api.internal.tasks.testing.worker.TestWorker$3.run(TestWorker.java:193)\r\n        at org.gradle.api.internal.tasks.testing.worker.TestWorker.executeAndMaintainThreadName(TestWorker.java:129)\r\n        at org.gradle.api.internal.tasks.testing.worker.TestWorker.execute(TestWorker.java:100)\r\n        at org.gradle.api.internal.tasks.testing.worker.TestWorker.execute(TestWorker.java:60)\r\n        at org.gradle.process.internal.worker.child.ActionExecutionWorker.execute(ActionExecutionWorker.java:56)\r\n        at org.gradle.process.internal.worker.child.SystemApplicationClassLoaderWorker.call(SystemApplicationClassLoaderWorker.java:113)\r\n        at org.gradle.process.internal.worker.child.SystemApplicationClassLoaderWorker.call(SystemApplicationClassLoaderWorker.java:65)\r\n        at worker.org.gradle.process.internal.worker.GradleWorkerMain.run(GradleWorkerMain.java:69)\r\n        at worker.org.gradle.process.internal.worker.GradleWorkerMain.main(GradleWorkerMain.java:74)\r\n        at java.base@17.0.14/jdk.internal.reflect.NativeConstructorAccessorImpl.newInstance0(Native Method)\r\n        at java.base@17.0.14/jdk.internal.reflect.NativeConstructorAccessorImpl.newInstance(NativeConstructorAccessorImpl.java:77)\r\n        at java.base@17.0.14/jdk.internal.reflect.DelegatingConstructorAccessorImpl.newInstance(DelegatingConstructorAccessorImpl.java:45)\r\n        at java.base@17.0.14/java.lang.reflect.Constructor.newInstanceWithCaller(Constructor.java:500)\r\n        at app//ForthEvaluatorTest.testErrorIfDividingByZero(ForthEvaluatorTest.java:119)\r\n\r\nForthEvaluatorTest > testOverIsCaseInsensitive() PASSED\r\n\r\nForthEvaluatorTest > testCannotRedefineNegativeNumbers() PASSED\r\n\r\nForthEvaluatorTest > testErrorIfEvaluatingAnUndefinedOperator() PASSED\r\n\r\nForthEvaluatorTest > testSwapSwapsTheTopTwosValueOnTheStackIfTheyAreNotTheOnlyOnes() FAILED\r\n    org.opentest4j.AssertionFailedError: \r\n    Expecting actual:\r\n      [2, 3, 1]\r\n    to contain exactly (and in same order):\r\n      [1, 3, 2]\r\r\n    but there were differences at these indexes:\r\n      - element at index 0: expected \"1\" but was \"2\"\r\n      - element at index 2: expected \"2\" but was \"1\"\r\n        at java.base@17.0.14/jdk.internal.reflect.NativeConstructorAccessorImpl.newInstance0(Native Method)\r\n        at java.base@17.0.14/jdk.internal.reflect.NativeConstructorAccessorImpl.newInstance(NativeConstructorAccessorImpl.java:77)\r\n        at java.base@17.0.14/jdk.internal.reflect.DelegatingConstructorAccessorImpl.newInstance(DelegatingConstructorAccessorImpl.java:45)\r\n        at java.base@17.0.14/java.lang.reflect.Constructor.newInstanceWithCaller(Constructor.java:500)\r\n        at app//ForthEvaluatorTest.testSwapSwapsTheTopTwosValueOnTheStackIfTheyAreNotTheOnlyOnes(ForthEvaluatorTest.java:204)\r\n\r\nForthEvaluatorTest > testCanOverrideBuiltInWordOperators() PASSED\r\n\r\nForthEvaluatorTest > testDefinitionsAreOnlyDefinedLocally() PASSED\r\n\r\nForthEvaluatorTest > testCombinedMultiplicationAndDivision() PASSED\r\n\r\nForthEvaluatorTest > testCanUseDifferentWordsWithTheSameName() FAILED\r\n    org.opentest4j.AssertionFailedError: \r\n    Expecting actual:\r\n      [6, 6]\r\n    to contain exactly (and in same order):\r\n      [5, 6]\r\n    but some elements were not found:\r\n      [5]\r\n    and others were not expected:\r\n      [6]\r\n        at java.base@17.0.14/jdk.internal.reflect.NativeConstructorAccessorImpl.newInstance0(Native Method)\r\n        at java.base@17.0.14/jdk.internal.reflect.NativeConstructorAccessorImpl.newInstance(NativeConstructorAccessorImpl.java:77)\r\n        at java.base@17.0.14/jdk.internal.reflect.DelegatingConstructorAccessorImpl.newInstance(DelegatingConstructorAccessorImpl.java:45)\r\n        at java.base@17.0.14/java.lang.reflect.Constructor.newInstanceWithCaller(Constructor.java:500)\r\n        at app//ForthEvaluatorTest.testCanUseDifferentWordsWithTheSameName(ForthEvaluatorTest.java:280)\r\n\r\nForthEvaluatorTest > testNumbersAreJustPushedOntoTheStack() FAILED\r\n    org.opentest4j.AssertionFailedError: \r\n    Expecting actual:\r\n      [5, 4, 3, 2, 1]\r\n    to contain exactly (and in same order):\r\n      [1, 2, 3, 4, 5]\r\n    but there were differences at these indexes:\r\n      - element at index 0: expected \"1\" but was \"5\"\r\n      - element at index 1: expected \"2\" but was \"4\"\r\n      - element at index 3: expected \"4\" but was \"2\"\r\n      - element at index 4: expected \"5\" but was \"1\"\r\n        at java.base@17.0.14/jdk.internal.reflect.NativeConstructorAccessorImpl.newInstance0(Native Method)\r\n        at java.base@17.0.14/jdk.internal.reflect.NativeConstructorAccessorImpl.newInstance(NativeConstructorAccessorImpl.java:77)\r\n        at java.base@17.0.14/jdk.internal.reflect.DelegatingConstructorAccessorImpl.newInstance(DelegatingConstructorAccessorImpl.java:45)\r\n        at java.base@17.0.14/java.lang.reflect.Constructor.newInstanceWithCaller(Constructor.java:500)\r\n        at app//ForthEvaluatorTest.testNumbersAreJustPushedOntoTheStack(ForthEvaluatorTest.java:18)\r\n\r\nForthEvaluatorTest > testDupIsCaseInsensitive() PASSED\r\n\r\nForthEvaluatorTest > testTwoNumbersCanBeAdded() PASSED\r\n\r\nForthEvaluatorTest > testErrorIfDivisionAttemptedWithNothingOnTheStack() PASSED\r\n\r\nForthEvaluatorTest > testDupCopiesTopValueOnTheStack() FAILED\r\n    org.opentest4j.AssertionFailedError: \r\n    Expecting actual:\r\n      [2, 2, 1]\r\n    to contain exactly (and in same order):\r\n      [1, 2, 2]\r\n    but there were differences at these indexes:\r\n      - element at index 0: expected \"1\" but was \"2\"\r\n      - element at index 2: expected \"2\" but was \"1\"\r\n        at java.base@17.0.14/jdk.internal.reflect.NativeConstructorAccessorImpl.newInstance0(Native Method)\r\n        at java.base@17.0.14/jdk.internal.reflect.NativeConstructorAccessorImpl.newInstance(NativeConstructorAccessorImpl.java:77)\r\n        at java.base@17.0.14/jdk.internal.reflect.DelegatingConstructorAccessorImpl.newInstance(DelegatingConstructorAccessorImpl.java:45)\r\n        at java.base@17.0.14/java.lang.reflect.Constructor.newInstanceWithCaller(Constructor.java:500)\r\n        at app//ForthEvaluatorTest.testDupCopiesTopValueOnTheStack(ForthEvaluatorTest.java:169)\r\n\r\nForthEvaluatorTest > testDropIsCaseInsensitive() PASSED\r\n\r\nForthEvaluatorTest > testMultiplicationForMoreThanTwoValuesOnTheStack() FAILED\r\n    org.opentest4j.AssertionFailedError: \r\n    Expecting actual:\r\n      [6, 1]\r\n    to contain exactly (and in same order):\r\n      [1, 6]\r\n    but there were differences at these indexes:\r\n      - element at index 0: expected \"1\" but was \"6\"\r\n      - element at index 1: expected \"6\" but was \"1\"\r\n        at java.base@17.0.14/jdk.internal.reflect.NativeConstructorAccessorImpl.newInstance0(Native Method)\r\n        at java.base@17.0.14/jdk.internal.reflect.NativeConstructorAccessorImpl.newInstance(NativeConstructorAccessorImpl.java:77)\r\n        at java.base@17.0.14/jdk.internal.reflect.DelegatingConstructorAccessorImpl.newInstance(DelegatingConstructorAccessorImpl.java:45)\r\n        at java.base@17.0.14/java.lang.reflect.Constructor.newInstanceWithCaller(Constructor.java:500)\r\n        at app//ForthEvaluatorTest.testMultiplicationForMoreThanTwoValuesOnTheStack(ForthEvaluatorTest.java:102)\r\n\r\nForthEvaluatorTest > testSwapIsCaseInsensitive() FAILED\r\n    org.opentest4j.AssertionFailedError: \r\n    Expecting actual:\r\n      [1, 4, 3, 2]\r\n    to contain exactly (and in same order):\r\n      [2, 3, 4, 1]\r\n    but there were differences at these indexes:\r\n      - element at index 0: expected \"2\" but was \"1\"\r\n      - element at index 1: expected \"3\" but was \"4\"\r\n      - element at index 2: expected \"4\" but was \"3\"\r\n      - element at index 3: expected \"1\" but was \"2\"\r\n        at java.base@17.0.14/jdk.internal.reflect.NativeConstructorAccessorImpl.newInstance0(Native Method)\r\n        at java.base@17.0.14/jdk.internal.reflect.NativeConstructorAccessorImpl.newInstance(NativeConstructorAccessorImpl.java:77)\r\n        at java.base@17.0.14/jdk.internal.reflect.DelegatingConstructorAccessorImpl.newInstance(DelegatingConstructorAccessorImpl.java:45)\r\n        at java.base@17.0.14/java.lang.reflect.Constructor.newInstanceWithCaller(Constructor.java:500)\r\n        at app//ForthEvaluatorTest.testSwapIsCaseInsensitive(ForthEvaluatorTest.java:325)\r\n\r\nForthEvaluatorTest > testDupCopiesAValueOnTheStack() PASSED\r\n\r\n55 tests completed, 17 failed\r\n\r\nFAILURE: Build failed with an exception.\r\n\r\n* What went wrong:\r\nExecution failed for task ':test'.\r\n> There were failing tests. See the report at: file:///Users/cte/Documents/evals/java/forth/build/reports/tests/test/index.html\r\n\r\n* Try:\r\n> Run with --scan to get full insights.\r\n\r\nDeprecated Gradle features were used in this build, making it incompatible with Gradle 9.0.\r\n\r\nYou can use '--warning-mode all' to show the individual deprecation warnings and determine if they come from your own scripts or plugins.\r\n\r\nFor more on this, please refer to https://docs.gradle.org/8.7/userguide/command_line_interface.html#sec:command_line_warnings in the Gradle documentation.\r\n\r\nBUILD FAILED in 1s\r\n3 actionable tasks: 2 executed, 1 up-to-date\r\n\r\n\r\n\r\n"
}
[2025-04-04T04:40:21.424Z] {
  "ts": 1743741621352,
  "type": "ask",
  "ask": "command_output",
  "text": "<-------------> 0% WAITING> IDLE> IDLE%                                                                                    \r \r"
}
[2025-04-04T04:40:21.487Z] {
  "ts": 1743741621407,
  "type": "say",
  "say": "api_req_started",
  "text": "{\"request\":\"[execute_command for './gradlew test'] Result:\\n\\nCommand executed in terminal 1 within working directory '/Users/cte/Documents/evals/java/forth'. Command execution was not successful, inspect the cause and adjust as needed.\\nExit code: 1\\nOutput:\\n\\r\\n\\r\\n> Connecting to Daemon<=====--------> 42% EXECUTING [90ms]> :compileTestJava > Resolve dependencies of :testCompileClasspath<===========--> 85% EXECUTING [193ms]> :test > 0 tests completed<===========--> 85% EXECUTING [290ms]<===========--> 85% EXECUTING [391ms]\\r\\n<===========--> 85% EXECUTING [494ms]> :test > 3 tests completed> :test > Executing test ForthEvaluatorTest<===========--> 85% EXECUTING [595ms]> :test > 30 tests completed, 7 failed<===========--> 85% EXECUTING [695ms]<===========--> 85% EXECUTING [794ms]<===========--> 85% EXECUTING [890ms]<===========--> 85% EXECUTING [990ms]<===========--> 85% EXECUTING [1s]\\r\\n> Task :test FAILED\\r\\n\\r\\nForthEvaluatorTest > testErrorIfSwappingAttemptedWithOneNumberOnTheStack() PASSED\\r\\n\\r\\nForthEvaluatorTest > testCombinedAdditionAndMultiplication() PASSED\\r\\n\\r\\nForthEvaluatorTest > testUserDefinedWordsAreCaseInsensitive() PASSED\\r\\n\\r\\nForthEvaluatorTest > testOverCopiesTheSecondElementIfThereAreMoreThanTwo() FAILED\\r\\n    org.opentest4j.AssertionFailedError: \\r\\n    Expecting actual:\\r\\n      [2, 3, 2, 1]\\r\\n    to contain exactly (and in same order):\\r\\n      [1, 2, 3, 2]\\r\\n    but there were differences at these indexes:\\r\\n      - element at index 0: expected \\\"1\\\" but was \\\"2\\\"\\r\\n      - element at index 1: expected \\\"2\\\" but was \\\"3\\\"\\r\\n      - element at index 2: expected \\\"3\\\" but was \\\"2\\\"\\r\\n      - element at index 3: expected \\\"2\\\" but was \\\"1\\\"\\r\\n        at java.base@17.0.14/jdk.internal.reflect.NativeConstructorAccessorImpl.newInstance0(Native Method)\\r\\n        at java.base@17.0.14/jdk.internal.reflect.NativeConstructorAccessorImpl.newInstance(NativeConstructorAccessorImpl.java:77)\\r\\n        at java.base@17.0.14/jdk.internal.reflect.DelegatingConstructorAccessorImpl.newInstance(DelegatingConstructorAccessorImpl.java:45)\\r\\n        at java.base@17.0.14/java.lang.reflect.Constructor.newInstanceWithCaller(Constructor.java:500)\\r\\n        at app//ForthEvaluatorTest.testOverCopiesTheSecondElementIfThereAreMoreThanTwo(ForthEvaluatorTest.java:230)\\r\\n\\r\\nForthEvaluatorTest > testOverCopiesTheSecondElementIfThereAreOnlyTwo() PASSED\\r\\n\\r\\nForthEvaluatorTest > testErrorIfOveringAttemptedWithNothingOnTheStack() FAILED\\r\\n    org.opentest4j.AssertionFailedError: \\r\\n    Expecting message to be:\\r\\n      \\\"Overing requires that the stack contain at least 2 values\\\"\\r\\n    but was:\\r\\n      \\\"Over requires that the stack contain at least 2 values\\\"\\r\\n\\r\\n    Throwable that failed the check:\\r\\n\\r\\n    java.lang.IllegalArgumentException: Over requires that the stack contain at least 2 values\\r\\n        at ForthEvaluator.ensureStackSize(ForthEvaluator.java:171)\\r\\n        at ForthEvaluator.executeBuiltIn(ForthEvaluator.java:155)\\r\\n        at ForthEvaluator.evaluateToken(ForthEvaluator.java:104)\\r\\n        at ForthEvaluator.processLine(ForthEvaluator.java:68)\\r\\n        at ForthEvaluator.evaluateProgram(ForthEvaluator.java:21)\\r\\n        at ForthEvaluatorTest.lambda$testErrorIfOveringAttemptedWithNothingOnTheStack$13(ForthEvaluatorTest.java:236)\\r\\n        at org.assertj.core.api.ThrowableAssert.catchThrowable(ThrowableAssert.java:63)\\r\\n        at org.assertj.core.api.ThrowableTypeAssert.isThrownBy(ThrowableTypeAssert.java:59)\\r\\n        at ForthEvaluatorTest.testErrorIfOveringAttemptedWithNothingOnTheStack(ForthEvaluatorTest.java:236)\\r\\n        at java.base/jdk.internal.reflect.NativeMethodAccessorImpl.invoke0(Native Method)\\r\\n        at java.base/jdk.internal.reflect.NativeMethodAccessorImpl.invoke(NativeMethodAccessorImpl.java:77)\\r\\n        at java.base/jdk.internal.reflect.DelegatingMethodAccessorImpl.invoke(DelegatingMethodAccessorImpl.java:43)\\r\\n        at java.base/java.lang.reflect.Method.invoke(Method.java:569)\\r\\n        at org.junit.platform.commons.util.ReflectionUtils.invokeMethod(ReflectionUtils.java:728)\\r\\n        at org.junit.jupiter.engine.execution.MethodInvocation.proceed(MethodInvocation.java:60)\\r\\n        at org.junit.jupiter.engine.execution.InvocationInterceptorChain$ValidatingInvocation.proceed(InvocationInterceptorChain.java:131)\\r\\n        at org.junit.jupiter.engine.extension.TimeoutExtension.intercept(TimeoutExtension.java:156)\\r\\n        at org.junit.jupiter.engine.extension.TimeoutExtension.interceptTestableMethod(TimeoutExtension.java:147)\\r\\n        at org.junit.jupiter.engine.extension.TimeoutExtension.interceptTestMethod(TimeoutExtension.java:86)\\r\\n        at org.junit.jupiter.engine.execution.InterceptingExecutableInvoker$ReflectiveInterceptorCall.lambda$ofVoidMethod$0(InterceptingExecutableInvoker.java:103)\\r\\n        at org.junit.jupiter.engine.execution.InterceptingExecutableInvoker.lambda$invoke$0(InterceptingExecutableInvoker.java:93)\\r\\n        at org.junit.jupiter.engine.execution.InvocationInterceptorChain$InterceptedInvocation.proceed(InvocationInterceptorChain.java:106)\\r\\n        at org.junit.jupiter.engine.execution.InvocationInterceptorChain.proceed(InvocationInterceptorChain.java:64)\\r\\n        at org.junit.jupiter.engine.execution.InvocationInterceptorChain.chainAndInvoke(InvocationInterceptorChain.java:45)\\r\\n        at org.junit.jupiter.engine.execution.InvocationInterceptorChain.invoke(InvocationInterceptorChain.java:37)\\r\\n        at org.junit.jupiter.engine.execution.InterceptingExecutableInvoker.invoke(InterceptingExecutableInvoker.java:92)\\r\\n        at org.junit.jupiter.engine.execution.InterceptingExecutableInvoker.invoke(InterceptingExecutableInvoker.java:86)\\r\\n        at org.junit.jupiter.engine.descriptor.TestMethodTestDescriptor.lambda$invokeTestMethod$7(TestMethodTestDescriptor.java:218)\\r\\n        at org.junit.platform.engine.support.hierarchical.ThrowableCollector.execute(ThrowableCollector.java:73)\\r\\n        at org.junit.jupiter.engine.descriptor.TestMethodTestDescriptor.invokeTestMethod(TestMethodTestDescriptor.java:214)\\r\\n        at org.junit.jupiter.engine.descriptor.TestMethodTestDescriptor.execute(TestMethodTestDescriptor.java:139)\\r\\n        at org.junit.jupiter.engine.descriptor.TestMethodTestDescriptor.execute(TestMethodTestDescriptor.java:69)\\r\\n        at org.junit.platform.engine.support.hierarchical.NodeTestTask.lambda$executeRecursively$6(NodeTestTask.java:151)\\r\\n        at org.junit.platform.engine.support.hierarchical.ThrowableCollector.execute(ThrowableCollector.java:73)\\r\\n        at org.junit.platform.engine.support.hierarchical.NodeTestTask.lambda$executeRecursively$8(NodeTestTask.java:141)\\r\\n        at org.junit.platform.engine.support.hierarchical.Node.around(Node.java:137)\\r\\n        at org.junit.platform.engine.support.hierarchical.NodeTestTask.lambda$executeRecursively$9(NodeTestTask.java:139)\\r\\n        at org.junit.platform.engine.support.hierarchical.ThrowableCollector.execute(ThrowableCollector.java:73)\\r\\n        at org.junit.platform.engine.support.hierarchical.NodeTestTask.executeRecursively(NodeTestTask.java:138)\\r\\n        at org.junit.platform.engine.support.hierarchical.NodeTestTask.execute(NodeTestTask.java:95)\\r\\n        at java.base/java.util.ArrayList.forEach(ArrayList.java:1511)\\r\\n        at org.junit.platform.engine.support.hierarchical.SameThreadHierarchicalTestExecutorService.invokeAll(SameThreadHierarchicalTestExecutorService.java:41)\\r\\n        at org.junit.platform.engine.support.hierarchical.NodeTestTask.lambda$executeRecursively$6(NodeTestTask.java:155)\\r\\n        at org.junit.platform.engine.support.hierarchical.ThrowableCollector.execute(ThrowableCollector.java:73)\\r\\n        at org.junit.platform.engine.support.hierarchical.NodeTestTask.lambda$executeRecursively$8(NodeTestTask.java:141)\\r\\n        at org.junit.platform.engine.support.hierarchical.Node.around(Node.java:137)\\r\\n        at org.junit.platform.engine.support.hierarchical.NodeTestTask.lambda$executeRecursively$9(NodeTestTask.java:139)\\r\\n        at org.junit.platform.engine.support.hierarchical.ThrowableCollector.execute(ThrowableCollector.java:73)\\r\\n        at org.junit.platform.engine.support.hierarchical.NodeTestTask.executeRecursively(NodeTestTask.java:138)\\r\\n        at org.junit.platform.engine.support.hierarchical.NodeTestTask.execute(NodeTestTask.java:95)\\r\\n        at java.base/java.util.ArrayList.forEach(ArrayList.java:1511)\\r\\n        at org.junit.platform.engine.support.hierarchical.SameThreadHierarchicalTestExecutorService.invokeAll(SameThreadHierarchicalTestExecutorService.java:41)\\r\\n        at org.junit.platform.engine.support.hierarchical.NodeTestTask.lambda$executeRecursively$6(NodeTestTask.java:155)\\r\\n        at org.junit.platform.engine.support.hierarchical.ThrowableCollector.execute(ThrowableCollector.java:73)\\r\\n        at org.junit.platform.engine.support.hierarchical.NodeTestTask.lambda$executeRecursively$8(NodeTestTask.java:141)\\r\\n        at org.junit.platform.engine.support.hierarchical.Node.around(Node.java:137)\\r\\n        at org.junit.platform.engine.support.hierarchical.NodeTestTask.lambda$executeRecursively$9(NodeTestTask.java:139)\\r\\n        at org.junit.platform.engine.support.hierarchical.ThrowableCollector.execute(ThrowableCollector.java:73)\\r\\n        at org.junit.platform.engine.support.hierarchical.NodeTestTask.executeRecursively(NodeTestTask.java:138)\\r\\n\\n[...144 lines omitted...]\\n\\n        at org.junit.platform.engine.support.hierarchical.NodeTestTask.lambda$executeRecursively$6(NodeTestTask.java:155)\\r\\n        at org.junit.platform.engine.support.hierarchical.ThrowableCollector.execute(ThrowableCollector.java:73)\\r\\n        at org.junit.platform.engine.support.hierarchical.NodeTestTask.lambda$executeRecursively$8(NodeTestTask.java:141)\\r\\n        at org.junit.platform.engine.support.hierarchical.Node.around(Node.java:137)\\r\\n        at org.junit.platform.engine.support.hierarchical.NodeTestTask.lambda$executeRecursively$9(NodeTestTask.java:139)\\r\\n        at org.junit.platform.engine.support.hierarchical.ThrowableCollector.execute(ThrowableCollector.java:73)\\r\\n        at org.junit.platform.engine.support.hierarchical.NodeTestTask.executeRecursively(NodeTestTask.java:138)\\r\\n        at org.junit.platform.engine.support.hierarchical.NodeTestTask.execute(NodeTestTask.java:95)\\r\\n        at java.base/java.util.ArrayList.forEach(ArrayList.java:1511)\\r\\n        at org.junit.platform.engine.support.hierarchical.SameThreadHierarchicalTestExecutorService.invokeAll(SameThreadHierarchicalTestExecutorService.java:41)\\r\\n        at org.junit.platform.engine.support.hierarchical.NodeTestTask.lambda$executeRecursively$6(NodeTestTask.java:155)\\r\\n        at org.junit.platform.engine.support.hierarchical.ThrowableCollector.execute(ThrowableCollector.java:73)\\r\\n        at org.junit.platform.engine.support.hierarchical.NodeTestTask.lambda$executeRecursively$8(NodeTestTask.java:141)\\r\\n        at org.junit.platform.engine.support.hierarchical.Node.around(Node.java:137)\\r\\n        at org.junit.platform.engine.support.hierarchical.NodeTestTask.lambda$executeRecursively$9(NodeTestTask.java:139)\\r\\n        at org.junit.platform.engine.support.hierarchical.ThrowableCollector.execute(ThrowableCollector.java:73)\\r\\n        at org.junit.platform.engine.support.hierarchical.NodeTestTask.executeRecursively(NodeTestTask.java:138)\\r\\n        at org.junit.platform.engine.support.hierarchical.NodeTestTask.execute(NodeTestTask.java:95)\\r\\n        at org.junit.platform.engine.support.hierarchical.SameThreadHierarchicalTestExecutorService.submit(SameThreadHierarchicalTestExecutorService.java:35)\\r\\n        at org.junit.platform.engine.support.hierarchical.HierarchicalTestExecutor.execute(HierarchicalTestExecutor.java:57)\\r\\n        at org.junit.platform.engine.support.hierarchical.HierarchicalTestEngine.execute(HierarchicalTestEngine.java:54)\\r\\n        at org.junit.platform.launcher.core.EngineExecutionOrchestrator.execute(EngineExecutionOrchestrator.java:107)\\r\\n        at org.junit.platform.launcher.core.EngineExecutionOrchestrator.execute(EngineExecutionOrchestrator.java:88)\\r\\n        at org.junit.platform.launcher.core.EngineExecutionOrchestrator.lambda$execute$0(EngineExecutionOrchestrator.java:54)\\r\\n        at org.junit.platform.launcher.core.EngineExecutionOrchestrator.withInterceptedStreams(EngineExecutionOrchestrator.java:67)\\r\\n        at org.junit.platform.launcher.core.EngineExecutionOrchestrator.execute(EngineExecutionOrchestrator.java:52)\\r\\n        at org.junit.platform.launcher.core.DefaultLauncher.execute(DefaultLauncher.java:114)\\r\\n        at org.junit.platform.launcher.core.DefaultLauncher.execute(DefaultLauncher.java:86)\\r\\n        at org.junit.platform.launcher.core.DefaultLauncherSession$DelegatingLauncher.execute(DefaultLauncherSession.java:86)\\r\\n        at org.gradle.api.internal.tasks.testing.junitplatform.JUnitPlatformTestClassProcessor$CollectAllTestClassesExecutor.processAllTestClasses(JUnitPlatformTestClassProcessor.java:119)\\r\\n        at org.gradle.api.internal.tasks.testing.junitplatform.JUnitPlatformTestClassProcessor$CollectAllTestClassesExecutor.access$000(JUnitPlatformTestClassProcessor.java:94)\\r\\n        at org.gradle.api.internal.tasks.testing.junitplatform.JUnitPlatformTestClassProcessor.stop(JUnitPlatformTestClassProcessor.java:89)\\r\\n        at org.gradle.api.internal.tasks.testing.SuiteTestClassProcessor.stop(SuiteTestClassProcessor.java:62)\\r\\n        at java.base/jdk.internal.reflect.NativeMethodAccessorImpl.invoke0(Native Method)\\r\\n        at java.base/jdk.internal.reflect.NativeMethodAccessorImpl.invoke(NativeMethodAccessorImpl.java:77)\\r\\n        at java.base/jdk.internal.reflect.DelegatingMethodAccessorImpl.invoke(DelegatingMethodAccessorImpl.java:43)\\r\\n        at java.base/java.lang.reflect.Method.invoke(Method.java:569)\\r\\n        at org.gradle.internal.dispatch.ReflectionDispatch.dispatch(ReflectionDispatch.java:36)\\r\\n        at org.gradle.internal.dispatch.ReflectionDispatch.dispatch(ReflectionDispatch.java:24)\\r\\n        at org.gradle.internal.dispatch.ContextClassLoaderDispatch.dispatch(ContextClassLoaderDispatch.java:33)\\r\\n        at org.gradle.internal.dispatch.ProxyDispatchAdapter$DispatchingInvocationHandler.invoke(ProxyDispatchAdapter.java:94)\\r\\n        at jdk.proxy1/jdk.proxy1.$Proxy2.stop(Unknown Source)\\r\\n        at org.gradle.api.internal.tasks.testing.worker.TestWorker$3.run(TestWorker.java:193)\\r\\n        at org.gradle.api.internal.tasks.testing.worker.TestWorker.executeAndMaintainThreadName(TestWorker.java:129)\\r\\n        at org.gradle.api.internal.tasks.testing.worker.TestWorker.execute(TestWorker.java:100)\\r\\n        at org.gradle.api.internal.tasks.testing.worker.TestWorker.execute(TestWorker.java:60)\\r\\n        at org.gradle.process.internal.worker.child.ActionExecutionWorker.execute(ActionExecutionWorker.java:56)\\r\\n        at org.gradle.process.internal.worker.child.SystemApplicationClassLoaderWorker.call(SystemApplicationClassLoaderWorker.java:113)\\r\\n        at org.gradle.process.internal.worker.child.SystemApplicationClassLoaderWorker.call(SystemApplicationClassLoaderWorker.java:65)\\r\\n        at worker.org.gradle.process.internal.worker.GradleWorkerMain.run(GradleWorkerMain.java:69)\\r\\n        at worker.org.gradle.process.internal.worker.GradleWorkerMain.main(GradleWorkerMain.java:74)\\r\\n        at java.base@17.0.14/jdk.internal.reflect.NativeConstructorAccessorImpl.newInstance0(Native Method)\\r\\n        at java.base@17.0.14/jdk.internal.reflect.NativeConstructorAccessorImpl.newInstance(NativeConstructorAccessorImpl.java:77)\\r\\n        at java.base@17.0.14/jdk.internal.reflect.DelegatingConstructorAccessorImpl.newInstance(DelegatingConstructorAccessorImpl.java:45)\\r\\n        at java.base@17.0.14/java.lang.reflect.Constructor.newInstanceWithCaller(Constructor.java:500)\\r\\n        at app//ForthEvaluatorTest.testErrorIfOveringAttemptedWithOneNumberOnTheStack(ForthEvaluatorTest.java:244)\\r\\n\\r\\nForthEvaluatorTest > testErrorIfMultiplicationAttemptedWithOneNumberOnTheStack() PASSED\\r\\n\\r\\nForthEvaluatorTest > testCombinedMultiplicationAndAddition() PASSED\\r\\n\\r\\nForthEvaluatorTest > testCombinedAdditionAndSubtraction() PASSED\\r\\n\\r\\nForthEvaluatorTest > testErrorIfDroppingAttemptedWithNothingOnTheStack() PASSED\\r\\n\\r\\nForthEvaluatorTest > testSubtractionForMoreThanTwoValuesOnTheStack() FAILED\\r\\n    org.opentest4j.AssertionFailedError: \\r\\n    Expecting actual:\\r\\n      [9, 1]\\r\\n    to contain exactly (and in same order):\\r\\n      [1, 9]\\r\\n    but there were differences at these indexes:\\r\\n      - element at index 0: expected \\\"1\\\" but was \\\"9\\\"\\r\\n      - element at index 1: expected \\\"9\\\" but was \\\"1\\\"\\r\\n        at java.base@17.0.14/jdk.internal.reflect.NativeConstructorAccessorImpl.newInstance0(Native Method)\\r\\n        at java.base@17.0.14/jdk.internal.reflect.NativeConstructorAccessorImpl.newInstance(NativeConstructorAccessorImpl.java:77)\\r\\n        at java.base@17.0.14/jdk.internal.reflect.DelegatingConstructorAccessorImpl.newInstance(DelegatingConstructorAccessorImpl.java:45)\\r\\n        at java.base@17.0.14/java.lang.reflect.Constructor.newInstanceWithCaller(Constructor.java:500)\\r\\n        at app//ForthEvaluatorTest.testSubtractionForMoreThanTwoValuesOnTheStack(ForthEvaluatorTest.java:77)\\r\\n\\r\\nForthEvaluatorTest > testErrorIfMultiplicationAttemptedWithNothingOnTheStack() PASSED\\r\\n\\r\\nForthEvaluatorTest > testErrorIfDivisionAttemptedWithOneNumberOnTheStack() PASSED\\r\\n\\r\\nForthEvaluatorTest > testDropRemovesTheTopValueOnTheStackIfItIsNotTheOnlyOne() PASSED\\r\\n\\r\\nForthEvaluatorTest > testErrorIfAdditionAttemptedWithNothingOnTheStack() PASSED\\r\\n\\r\\nForthEvaluatorTest > testNegativeNumbersArePushedOntoTheStack() FAILED\\r\\n    org.opentest4j.AssertionFailedError: \\r\\n    Expecting actual:\\r\\n      [-5, -4, -3, -2, -1]\\r\\n    to contain exactly (and in same order):\\r\\n      [-1, -2, -3, -4, -5]\\r\\n    but there were differences at these indexes:\\r\\n      - element at index 0: expected \\\"-1\\\" but was \\\"-5\\\"\\r\\n      - element at index 1: expected \\\"-2\\\" but was \\\"-4\\\"\\r\\n      - element at index 3: expected \\\"-4\\\" but was \\\"-2\\\"\\r\\n      - element at index 4: expected \\\"-5\\\" but was \\\"-1\\\"\\r\\n        at java.base@17.0.14/jdk.internal.reflect.NativeConstructorAccessorImpl.newInstance0(Native Method)\\r\\n        at java.base@17.0.14/jdk.internal.reflect.NativeConstructorAccessorImpl.newInstance(NativeConstructorAccessorImpl.java:77)\\r\\n        at java.base@17.0.14/jdk.internal.reflect.DelegatingConstructorAccessorImpl.newInstance(DelegatingConstructorAccessorImpl.java:45)\\r\\n        at java.base@17.0.14/java.lang.reflect.Constructor.newInstanceWithCaller(Constructor.java:500)\\r\\n        at app//ForthEvaluatorTest.testNegativeNumbersArePushedOntoTheStack(ForthEvaluatorTest.java:24)\\r\\n\\r\\nForthEvaluatorTest > testCanDefineWordThatUsesWordWithTheSameName() FAILED\\r\\n    java.lang.StackOverflowError\\r\\n        at java.base/java.lang.NumberFormatException.forInputString(NumberFormatException.java:67)\\r\\n        at java.base/java.lang.Integer.parseInt(Integer.java:668)\\r\\n        at java.base/java.lang.Integer.parseInt(Integer.java:786)\\r\\n        at ForthEvaluator.evaluateToken(ForthEvaluator.java:92)\\r\\n        at ForthEvaluator.evaluateToken(ForthEvaluator.java:100)\\r\\n<previous line repeated 1019 additional times>\\n\\r\\nForthEvaluatorTest > testTwoNumbersCanBeMultiplied() PASSED\\r\\n\\r\\nForthEvaluatorTest > testDefinitionsAreCaseInsensitive() PASSED\\r\\n\\r\\nForthEvaluatorTest > testTwoNumbersCanBeDivided() PASSED\\r\\n\\r\\nForthEvaluatorTest > testDivisionForMoreThanTwoValuesOnTheStack() FAILED\\r\\n    org.opentest4j.AssertionFailedError: \\r\\n    Expecting actual:\\r\\n      [4, 1]\\r\\n    to contain exactly (and in same order):\\r\\n      [1, 4]\\r\\n    but there were differences at these indexes:\\r\\r\\n      - element at index 0: expected \\\"1\\\" but was \\\"4\\\"\\r\\n      - element at index 1: expected \\\"4\\\" but was \\\"1\\\"\\r\\n        at java.base@17.0.14/jdk.internal.reflect.NativeConstructorAccessorImpl.newInstance0(Native Method)\\r\\n        at java.base@17.0.14/jdk.internal.reflect.NativeConstructorAccessorImpl.newInstance(NativeConstructorAccessorImpl.java:77)\\r\\n        at java.base@17.0.14/jdk.internal.reflect.DelegatingConstructorAccessorImpl.newInstance(DelegatingConstructorAccessorImpl.java:45)\\r\\n        at java.base@17.0.14/java.lang.reflect.Constructor.newInstanceWithCaller(Constructor.java:500)\\r\\n        at app//ForthEvaluatorTest.testDivisionForMoreThanTwoValuesOnTheStack(ForthEvaluatorTest.java:139)\\r\\n\\r\\nForthEvaluatorTest > testCanOverrideBuiltInArithmeticOperators() PASSED\\r\\n\\r\\nForthEvaluatorTest > testUserDefinedOperatorsAreEvaluatedInTheCorrectOrder() FAILED\\r\\n    org.opentest4j.AssertionFailedError: \\r\\n    Expecting actual:\\r\\n      [3, 2, 1]\\r\\n    to contain exactly (and in same order):\\r\\n      [1, 2, 3]\\r\\n    but there were differences at these indexes:\\r\\n      - element at index 0: expected \\\"1\\\" but was \\\"3\\\"\\r\\n      - element at index 2: expected \\\"3\\\" but was \\\"1\\\"\\r\\n        at java.base@17.0.14/jdk.internal.reflect.NativeConstructorAccessorImpl.newInstance0(Native Method)\\r\\n        at java.base@17.0.14/jdk.internal.reflect.NativeConstructorAccessorImpl.newInstance(NativeConstructorAccessorImpl.java:77)\\r\\n        at java.base@17.0.14/jdk.internal.reflect.DelegatingConstructorAccessorImpl.newInstance(DelegatingConstructorAccessorImpl.java:45)\\r\\n        at java.base@17.0.14/java.lang.reflect.Constructor.newInstanceWithCaller(Constructor.java:500)\\r\\n        at app//ForthEvaluatorTest.testUserDefinedOperatorsAreEvaluatedInTheCorrectOrder(ForthEvaluatorTest.java:256)\\r\\n\\r\\nForthEvaluatorTest > testErrorIfDividingByZero() FAILED\\r\\n    org.opentest4j.AssertionFailedError: \\r\\n    Expecting message to be:\\r\\n      \\\"Division by 0 is not allowed\\\"\\r\\n    but was:\\r\\n      \\\"Division by zero is not allowed\\\"\\r\\n\\r\\n    Throwable that failed the check:\\r\\n\\r\\n    java.lang.IllegalArgumentException: Division by zero is not allowed\\r\\n        at ForthEvaluator.executeBuiltIn(ForthEvaluator.java:135)\\r\\n        at ForthEvaluator.evaluateToken(ForthEvaluator.java:104)\\r\\n        at ForthEvaluator.processLine(ForthEvaluator.java:68)\\r\\n        at ForthEvaluator.evaluateProgram(ForthEvaluator.java:21)\\r\\n        at ForthEvaluatorTest.lambda$testErrorIfDividingByZero$6(ForthEvaluatorTest.java:118)\\r\\n        at org.assertj.core.api.ThrowableAssert.catchThrowable(ThrowableAssert.java:63)\\r\\n        at org.assertj.core.api.ThrowableTypeAssert.isThrownBy(ThrowableTypeAssert.java:59)\\r\\n        at ForthEvaluatorTest.testErrorIfDividingByZero(ForthEvaluatorTest.java:118)\\r\\n        at java.base/jdk.internal.reflect.NativeMethodAccessorImpl.invoke0(Native Method)\\r\\n        at java.base/jdk.internal.reflect.NativeMethodAccessorImpl.invoke(NativeMethodAccessorImpl.java:77)\\r\\n        at java.base/jdk.internal.reflect.DelegatingMethodAccessorImpl.invoke(DelegatingMethodAccessorImpl.java:43)\\r\\n        at java.base/java.lang.reflect.Method.invoke(Method.java:569)\\r\\n        at org.junit.platform.commons.util.ReflectionUtils.invokeMethod(ReflectionUtils.java:728)\\r\\n        at org.junit.jupiter.engine.execution.MethodInvocation.proceed(MethodInvocation.java:60)\\r\\n        at org.junit.jupiter.engine.execution.InvocationInterceptorChain$ValidatingInvocation.proceed(InvocationInterceptorChain.java:131)\\r\\n        at org.junit.jupiter.engine.extension.TimeoutExtension.intercept(TimeoutExtension.java:156)\\r\\n        at org.junit.jupiter.engine.extension.TimeoutExtension.interceptTestableMethod(TimeoutExtension.java:147)\\r\\n        at org.junit.jupiter.engine.extension.TimeoutExtension.interceptTestMethod(TimeoutExtension.java:86)\\r\\n        at org.junit.jupiter.engine.execution.InterceptingExecutableInvoker$ReflectiveInterceptorCall.lambda$ofVoidMethod$0(InterceptingExecutableInvoker.java:103)\\r\\n        at org.junit.jupiter.engine.execution.InterceptingExecutableInvoker.lambda$invoke$0(InterceptingExecutableInvoker.java:93)\\r\\n        at org.junit.jupiter.engine.execution.InvocationInterceptorChain$InterceptedInvocation.proceed(InvocationInterceptorChain.java:106)\\r\\n        at org.junit.jupiter.engine.execution.InvocationInterceptorChain.proceed(InvocationInterceptorChain.java:64)\\r\\n        at org.junit.jupiter.engine.execution.InvocationInterceptorChain.chainAndInvoke(InvocationInterceptorChain.java:45)\\r\\n        at org.junit.jupiter.engine.execution.InvocationInterceptorChain.invoke(InvocationInterceptorChain.java:37)\\r\\n        at org.junit.jupiter.engine.execution.InterceptingExecutableInvoker.invoke(InterceptingExecutableInvoker.java:92)\\r\\n        at org.junit.jupiter.engine.execution.InterceptingExecutableInvoker.invoke(InterceptingExecutableInvoker.java:86)\\r\\n        at org.junit.jupiter.engine.descriptor.TestMethodTestDescriptor.lambda$invokeTestMethod$7(TestMethodTestDescriptor.java:218)\\r\\n        at org.junit.platform.engine.support.hierarchical.ThrowableCollector.execute(ThrowableCollector.java:73)\\r\\n        at org.junit.jupiter.engine.descriptor.TestMethodTestDescriptor.invokeTestMethod(TestMethodTestDescriptor.java:214)\\r\\n        at org.junit.jupiter.engine.descriptor.TestMethodTestDescriptor.execute(TestMethodTestDescriptor.java:139)\\r\\n        at org.junit.jupiter.engine.descriptor.TestMethodTestDescriptor.execute(TestMethodTestDescriptor.java:69)\\r\\n        at org.junit.platform.engine.support.hierarchical.NodeTestTask.lambda$executeRecursively$6(NodeTestTask.java:151)\\r\\n        at org.junit.platform.engine.support.hierarchical.ThrowableCollector.execute(ThrowableCollector.java:73)\\r\\n        at org.junit.platform.engine.support.hierarchical.NodeTestTask.lambda$executeRecursively$8(NodeTestTask.java:141)\\r\\n        at org.junit.platform.engine.support.hierarchical.Node.around(Node.java:137)\\r\\n        at org.junit.platform.engine.support.hierarchical.NodeTestTask.lambda$executeRecursively$9(NodeTestTask.java:139)\\r\\n        at org.junit.platform.engine.support.hierarchical.ThrowableCollector.execute(ThrowableCollector.java:73)\\r\\n        at org.junit.platform.engine.support.hierarchical.NodeTestTask.executeRecursively(NodeTestTask.java:138)\\r\\n        at org.junit.platform.engine.support.hierarchical.NodeTestTask.execute(NodeTestTask.java:95)\\r\\n        at java.base/java.util.ArrayList.forEach(ArrayList.java:1511)\\r\\n        at org.junit.platform.engine.support.hierarchical.SameThreadHierarchicalTestExecutorService.invokeAll(SameThreadHierarchicalTestExecutorService.java:41)\\r\\n        at org.junit.platform.engine.support.hierarchical.NodeTestTask.lambda$executeRecursively$6(NodeTestTask.java:155)\\r\\n        at org.junit.platform.engine.support.hierarchical.ThrowableCollector.execute(ThrowableCollector.java:73)\\r\\n        at org.junit.platform.engine.support.hierarchical.NodeTestTask.lambda$executeRecursively$8(NodeTestTask.java:141)\\r\\n        at org.junit.platform.engine.support.hierarchical.Node.around(Node.java:137)\\r\\n        at org.junit.platform.engine.support.hierarchical.NodeTestTask.lambda$executeRecursively$9(NodeTestTask.java:139)\\r\\n        at org.junit.platform.engine.support.hierarchical.ThrowableCollector.execute(ThrowableCollector.java:73)\\r\\n        at org.junit.platform.engine.support.hierarchical.NodeTestTask.executeRecursively(NodeTestTask.java:138)\\r\\n        at org.junit.platform.engine.support.hierarchical.NodeTestTask.execute(NodeTestTask.java:95)\\r\\n        at java.base/java.util.ArrayList.forEach(ArrayList.java:1511)\\r\\n        at org.junit.platform.engine.support.hierarchical.SameThreadHierarchicalTestExecutorService.invokeAll(SameThreadHierarchicalTestExecutorService.java:41)\\r\\n        at org.junit.platform.engine.support.hierarchical.NodeTestTask.lambda$executeRecursively$6(NodeTestTask.java:155)\\r\\n        at org.junit.platform.engine.support.hierarchical.ThrowableCollector.execute(ThrowableCollector.java:73)\\r\\n        at org.junit.platform.engine.support.hierarchical.NodeTestTask.lambda$executeRecursively$8(NodeTestTask.java:141)\\r\\n        at org.junit.platform.engine.support.hierarchical.Node.around(Node.java:137)\\r\\n        at org.junit.platform.engine.support.hierarchical.NodeTestTask.lambda$executeRecursively$9(NodeTestTask.java:139)\\r\\n        at org.junit.platform.engine.support.hierarchical.ThrowableCollector.execute(ThrowableCollector.java:73)\\r\\n        at org.junit.platform.engine.support.hierarchical.NodeTestTask.executeRecursively(NodeTestTask.java:138)\\r\\n        at org.junit.platform.engine.support.hierarchical.NodeTestTask.execute(NodeTestTask.java:95)\\r\\n        at org.junit.platform.engine.support.hierarchical.SameThreadHierarchicalTestExecutorService.submit(SameThreadHierarchicalTestExecutorService.java:35)\\r\\n        at org.junit.platform.engine.support.hierarchical.HierarchicalTestExecutor.execute(HierarchicalTestExecutor.java:57)\\r\\n        at org.junit.platform.engine.support.hierarchical.HierarchicalTestEngine.execute(HierarchicalTestEngine.java:54)\\r\\n        at org.junit.platform.launcher.core.EngineExecutionOrchestrator.execute(EngineExecutionOrchestrator.java:107)\\r\\n        at org.junit.platform.launcher.core.EngineExecutionOrchestrator.execute(EngineExecutionOrchestrator.java:88)\\r\\n        at org.junit.platform.launcher.core.EngineExecutionOrchestrator.lambda$execute$0(EngineExecutionOrchestrator.java:54)\\r\\n        at org.junit.platform.launcher.core.EngineExecutionOrchestrator.withInterceptedStreams(EngineExecutionOrchestrator.java:67)\\r\\n        at org.junit.platform.launcher.core.EngineExecutionOrchestrator.execute(EngineExecutionOrchestrator.java:52)\\r\\n        at org.junit.platform.launcher.core.DefaultLauncher.execute(DefaultLauncher.java:114)\\r\\n        at org.junit.platform.launcher.core.DefaultLauncher.execute(DefaultLauncher.java:86)\\r\\n        at org.junit.platform.launcher.core.DefaultLauncherSession$DelegatingLauncher.execute(DefaultLauncherSession.java:86)\\r\\n        at org.gradle.api.internal.tasks.testing.junitplatform.JUnitPlatformTestClassProcessor$CollectAllTestClassesExecutor.processAllTestClasses(JUnitPlatformTestClassProcessor.java:119)\\r\\n        at org.gradle.api.internal.tasks.testing.junitplatform.JUnitPlatformTestClassProcessor$CollectAllTestClassesExecutor.access$000(JUnitPlatformTestClassProcessor.java:94)\\r\\n        at org.gradle.api.internal.tasks.testing.junitplatform.JUnitPlatformTestClassProcessor.stop(JUnitPlatformTestClassProcessor.java:89)\\r\\n        at org.gradle.api.internal.tasks.testing.SuiteTestClassProcessor.stop(SuiteTestClassProcessor.java:62)\\r\\n        at java.base/jdk.internal.reflect.NativeMethodAccessorImpl.invoke0(Native Method)\\r\\n        at java.base/jdk.internal.reflect.NativeMethodAccessorImpl.invoke(NativeMethodAccessorImpl.java:77)\\r\\n        at java.base/jdk.internal.reflect.DelegatingMethodAccessorImpl.invoke(DelegatingMethodAccessorImpl.java:43)\\r\\n        at java.base/java.lang.reflect.Method.invoke(Method.java:569)\\r\\n        at org.gradle.internal.dispatch.ReflectionDispatch.dispatch(ReflectionDispatch.java:36)\\r\\n        at org.gradle.internal.dispatch.ReflectionDispatch.dispatch(ReflectionDispatch.java:24)\\r\\n        at org.gradle.internal.dispatch.ContextClassLoaderDispatch.dispatch(ContextClassLoaderDispatch.java:33)\\r\\n        at org.gradle.internal.dispatch.ProxyDispatchAdapter$DispatchingInvocationHandler.invoke(ProxyDispatchAdapter.java:94)\\r\\n        at jdk.proxy1/jdk.proxy1.$Proxy2.stop(Unknown Source)\\r\\n        at org.gradle.api.internal.tasks.testing.worker.TestWorker$3.run(TestWorker.java:193)\\r\\n        at org.gradle.api.internal.tasks.testing.worker.TestWorker.executeAndMaintainThreadName(TestWorker.java:129)\\r\\n        at org.gradle.api.internal.tasks.testing.worker.TestWorker.execute(TestWorker.java:100)\\r\\n        at org.gradle.api.internal.tasks.testing.worker.TestWorker.execute(TestWorker.java:60)\\r\\n        at org.gradle.process.internal.worker.child.ActionExecutionWorker.execute(ActionExecutionWorker.java:56)\\r\\n        at org.gradle.process.internal.worker.child.SystemApplicationClassLoaderWorker.call(SystemApplicationClassLoaderWorker.java:113)\\r\\n        at org.gradle.process.internal.worker.child.SystemApplicationClassLoaderWorker.call(SystemApplicationClassLoaderWorker.java:65)\\r\\n        at worker.org.gradle.process.internal.worker.GradleWorkerMain.run(GradleWorkerMain.java:69)\\r\\n        at worker.org.gradle.process.internal.worker.GradleWorkerMain.main(GradleWorkerMain.java:74)\\r\\n        at java.base@17.0.14/jdk.internal.reflect.NativeConstructorAccessorImpl.newInstance0(Native Method)\\r\\n        at java.base@17.0.14/jdk.internal.reflect.NativeConstructorAccessorImpl.newInstance(NativeConstructorAccessorImpl.java:77)\\r\\n        at java.base@17.0.14/jdk.internal.reflect.DelegatingConstructorAccessorImpl.newInstance(DelegatingConstructorAccessorImpl.java:45)\\r\\n        at java.base@17.0.14/java.lang.reflect.Constructor.newInstanceWithCaller(Constructor.java:500)\\r\\n        at app//ForthEvaluatorTest.testErrorIfDividingByZero(ForthEvaluatorTest.java:119)\\r\\n\\r\\nForthEvaluatorTest > testOverIsCaseInsensitive() PASSED\\r\\n\\r\\nForthEvaluatorTest > testCannotRedefineNegativeNumbers() PASSED\\r\\n\\r\\nForthEvaluatorTest > testErrorIfEvaluatingAnUndefinedOperator() PASSED\\r\\n\\r\\nForthEvaluatorTest > testSwapSwapsTheTopTwosValueOnTheStackIfTheyAreNotTheOnlyOnes() FAILED\\r\\n    org.opentest4j.AssertionFailedError: \\r\\n    Expecting actual:\\r\\n      [2, 3, 1]\\r\\n    to contain exactly (and in same order):\\r\\n      [1, 3, 2]\\r\\r\\n    but there were differences at these indexes:\\r\\n      - element at index 0: expected \\\"1\\\" but was \\\"2\\\"\\r\\n      - element at index 2: expected \\\"2\\\" but was \\\"1\\\"\\r\\n        at java.base@17.0.14/jdk.internal.reflect.NativeConstructorAccessorImpl.newInstance0(Native Method)\\r\\n        at java.base@17.0.14/jdk.internal.reflect.NativeConstructorAccessorImpl.newInstance(NativeConstructorAccessorImpl.java:77)\\r\\n        at java.base@17.0.14/jdk.internal.reflect.DelegatingConstructorAccessorImpl.newInstance(DelegatingConstructorAccessorImpl.java:45)\\r\\n        at java.base@17.0.14/java.lang.reflect.Constructor.newInstanceWithCaller(Constructor.java:500)\\r\\n        at app//ForthEvaluatorTest.testSwapSwapsTheTopTwosValueOnTheStackIfTheyAreNotTheOnlyOnes(ForthEvaluatorTest.java:204)\\r\\n\\r\\nForthEvaluatorTest > testCanOverrideBuiltInWordOperators() PASSED\\r\\n\\r\\nForthEvaluatorTest > testDefinitionsAreOnlyDefinedLocally() PASSED\\r\\n\\r\\nForthEvaluatorTest > testCombinedMultiplicationAndDivision() PASSED\\r\\n\\r\\nForthEvaluatorTest > testCanUseDifferentWordsWithTheSameName() FAILED\\r\\n    org.opentest4j.AssertionFailedError: \\r\\n    Expecting actual:\\r\\n      [6, 6]\\r\\n    to contain exactly (and in same order):\\r\\n      [5, 6]\\r\\n    but some elements were not found:\\r\\n      [5]\\r\\n    and others were not expected:\\r\\n      [6]\\r\\n        at java.base@17.0.14/jdk.internal.reflect.NativeConstructorAccessorImpl.newInstance0(Native Method)\\r\\n        at java.base@17.0.14/jdk.internal.reflect.NativeConstructorAccessorImpl.newInstance(NativeConstructorAccessorImpl.java:77)\\r\\n        at java.base@17.0.14/jdk.internal.reflect.DelegatingConstructorAccessorImpl.newInstance(DelegatingConstructorAccessorImpl.java:45)\\r\\n        at java.base@17.0.14/java.lang.reflect.Constructor.newInstanceWithCaller(Constructor.java:500)\\r\\n        at app//ForthEvaluatorTest.testCanUseDifferentWordsWithTheSameName(ForthEvaluatorTest.java:280)\\r\\n\\r\\nForthEvaluatorTest > testNumbersAreJustPushedOntoTheStack() FAILED\\r\\n    org.opentest4j.AssertionFailedError: \\r\\n    Expecting actual:\\r\\n      [5, 4, 3, 2, 1]\\r\\n    to contain exactly (and in same order):\\r\\n      [1, 2, 3, 4, 5]\\r\\n    but there were differences at these indexes:\\r\\n      - element at index 0: expected \\\"1\\\" but was \\\"5\\\"\\r\\n      - element at index 1: expected \\\"2\\\" but was \\\"4\\\"\\r\\n      - element at index 3: expected \\\"4\\\" but was \\\"2\\\"\\r\\n      - element at index 4: expected \\\"5\\\" but was \\\"1\\\"\\r\\n        at java.base@17.0.14/jdk.internal.reflect.NativeConstructorAccessorImpl.newInstance0(Native Method)\\r\\n        at java.base@17.0.14/jdk.internal.reflect.NativeConstructorAccessorImpl.newInstance(NativeConstructorAccessorImpl.java:77)\\r\\n        at java.base@17.0.14/jdk.internal.reflect.DelegatingConstructorAccessorImpl.newInstance(DelegatingConstructorAccessorImpl.java:45)\\r\\n        at java.base@17.0.14/java.lang.reflect.Constructor.newInstanceWithCaller(Constructor.java:500)\\r\\n        at app//ForthEvaluatorTest.testNumbersAreJustPushedOntoTheStack(ForthEvaluatorTest.java:18)\\r\\n\\r\\nForthEvaluatorTest > testDupIsCaseInsensitive() PASSED\\r\\n\\r\\nForthEvaluatorTest > testTwoNumbersCanBeAdded() PASSED\\r\\n\\r\\nForthEvaluatorTest > testErrorIfDivisionAttemptedWithNothingOnTheStack() PASSED\\r\\n\\r\\nForthEvaluatorTest > testDupCopiesTopValueOnTheStack() FAILED\\r\\n    org.opentest4j.AssertionFailedError: \\r\\n    Expecting actual:\\r\\n      [2, 2, 1]\\r\\n    to contain exactly (and in same order):\\r\\n      [1, 2, 2]\\r\\n    but there were differences at these indexes:\\r\\n      - element at index 0: expected \\\"1\\\" but was \\\"2\\\"\\r\\n      - element at index 2: expected \\\"2\\\" but was \\\"1\\\"\\r\\n        at java.base@17.0.14/jdk.internal.reflect.NativeConstructorAccessorImpl.newInstance0(Native Method)\\r\\n        at java.base@17.0.14/jdk.internal.reflect.NativeConstructorAccessorImpl.newInstance(NativeConstructorAccessorImpl.java:77)\\r\\n        at java.base@17.0.14/jdk.internal.reflect.DelegatingConstructorAccessorImpl.newInstance(DelegatingConstructorAccessorImpl.java:45)\\r\\n        at java.base@17.0.14/java.lang.reflect.Constructor.newInstanceWithCaller(Constructor.java:500)\\r\\n        at app//ForthEvaluatorTest.testDupCopiesTopValueOnTheStack(ForthEvaluatorTest.java:169)\\r\\n\\r\\nForthEvaluatorTest > testDropIsCaseInsensitive() PASSED\\r\\n\\r\\nForthEvaluatorTest > testMultiplicationForMoreThanTwoValuesOnTheStack() FAILED\\r\\n    org.opentest4j.AssertionFailedError: \\r\\n    Expecting actual:\\r\\n      [6, 1]\\r\\n    to contain exactly (and in same order):\\r\\n      [1, 6]\\r\\n    but there were differences at these indexes:\\r\\n      - element at index 0: expected \\\"1\\\" but was \\\"6\\\"\\r\\n      - element at index 1: expected \\\"6\\\" but was \\\"1\\\"\\r\\n        at java.base@17.0.14/jdk.internal.reflect.NativeConstructorAccessorImpl.newInstance0(Native Method)\\r\\n        at java.base@17.0.14/jdk.internal.reflect.NativeConstructorAccessorImpl.newInstance(NativeConstructorAccessorImpl.java:77)\\r\\n        at java.base@17.0.14/jdk.internal.reflect.DelegatingConstructorAccessorImpl.newInstance(DelegatingConstructorAccessorImpl.java:45)\\r\\n        at java.base@17.0.14/java.lang.reflect.Constructor.newInstanceWithCaller(Constructor.java:500)\\r\\n        at app//ForthEvaluatorTest.testMultiplicationForMoreThanTwoValuesOnTheStack(ForthEvaluatorTest.java:102)\\r\\n\\r\\nForthEvaluatorTest > testSwapIsCaseInsensitive() FAILED\\r\\n    org.opentest4j.AssertionFailedError: \\r\\n    Expecting actual:\\r\\n      [1, 4, 3, 2]\\r\\n    to contain exactly (and in same order):\\r\\n      [2, 3, 4, 1]\\r\\n    but there were differences at these indexes:\\r\\n      - element at index 0: expected \\\"2\\\" but was \\\"1\\\"\\r\\n      - element at index 1: expected \\\"3\\\" but was \\\"4\\\"\\r\\n      - element at index 2: expected \\\"4\\\" but was \\\"3\\\"\\r\\n      - element at index 3: expected \\\"1\\\" but was \\\"2\\\"\\r\\n        at java.base@17.0.14/jdk.internal.reflect.NativeConstructorAccessorImpl.newInstance0(Native Method)\\r\\n        at java.base@17.0.14/jdk.internal.reflect.NativeConstructorAccessorImpl.newInstance(NativeConstructorAccessorImpl.java:77)\\r\\n        at java.base@17.0.14/jdk.internal.reflect.DelegatingConstructorAccessorImpl.newInstance(DelegatingConstructorAccessorImpl.java:45)\\r\\n        at java.base@17.0.14/java.lang.reflect.Constructor.newInstanceWithCaller(Constructor.java:500)\\r\\n        at app//ForthEvaluatorTest.testSwapIsCaseInsensitive(ForthEvaluatorTest.java:325)\\r\\n\\r\\nForthEvaluatorTest > testDupCopiesAValueOnTheStack() PASSED\\r\\n\\r\\n55 tests completed, 17 failed\\r\\n\\r\\nFAILURE: Build failed with an exception.\\r\\n\\r\\n* What went wrong:\\r\\nExecution failed for task ':test'.\\r\\n> There were failing tests. See the report at: file:///Users/cte/Documents/evals/java/forth/build/reports/tests/test/index.html\\r\\n\\r\\n* Try:\\r\\n> Run with --scan to get full insights.\\r\\n\\r\\nDeprecated Gradle features were used in this build, making it incompatible with Gradle 9.0.\\r\\n\\r\\nYou can use '--warning-mode all' to show the individual deprecation warnings and determine if they come from your own scripts or plugins.\\r\\n\\r\\nFor more on this, please refer to https://docs.gradle.org/8.7/userguide/command_line_interface.html#sec:command_line_warnings in the Gradle documentation.\\r\\n\\r\\nBUILD FAILED in 1s\\r\\n3 actionable tasks: 2 executed, 1 up-to-date\\r\\n\\r\\n\\r\\n\\r\\n<-------------> 0% WAITING> IDLE> IDLE%                                                                                    \\r \\r\\n\\nLoading...\"}"
}
[2025-04-04T04:40:38.042Z] {
  "ts": 1743741635336,
  "type": "say",
  "say": "text",
  "text": "Okay, it seems there are several issues:\n\n1.  **Stack Order:** Many tests fail because the final stack order is reversed. The `evaluateProgram` method returns the stack elements in the order they are iterated from the `ArrayDeque` (top-to-bottom), but the tests expect bottom-to-top.\n2.  **Error Messages:** Some error messages don't exactly match the strings expected by the tests (e.g., \"Over\" vs. \"Overing\", \"zero\" vs. \"0\").\n3.  **Recursive Definition:** `testCanDefineWordThatUsesWordWithTheSameName` causes a `StackOverflowError`, likely due to infinite recursion when a word's definition refers to itself directly or indirectly without proper handling.\n4.  **Definition Capture:** `testCanUseDifferentWordsWithTheSameName` fails because redefining a word affects previous definitions that used it. Definitions should capture the meaning of words *at the time of definition*.\n\nI will address these issues:\n\n1.  Reverse the list returned by `evaluateProgram`.\n2.  Correct the error message strings.\n3.  Modify the definition logic (`: ... ;`) to *expand* user-defined words within a new definition into their constituent tokens at the time of definition. This resolves both the stack overflow and the definition capture issues.\n\nLet's apply these changes.",
  "partial": false
}
[2025-04-04T04:40:51.192Z] {
  "ts": 1743741638055,
  "type": "ask",
  "ask": "tool",
  "text": "{\"tool\":\"appliedDiff\",\"path\":\"src/main/java/ForthEvaluator.java\",\"diff\":\"<<<<<<< SEARCH\\n:start_line:10\\n:end_line:11\\n-------\\n    private final Deque<Integer> stack = new ArrayDeque<>();\\n    private final Map<String, List<String>> userDefinedWords = new HashMap<>();\\n=======\\n    private Deque<Integer> stack; // Initialize in evaluateProgram\\n    private Map<String, List<String>> userDefinedWords; // Initialize in evaluateProgram\\n>>>>>>> REPLACE\\n\\n<<<<<<< SEARCH\\n:start_line:15\\n:end_line:17\\n-------\\n    public List<Integer> evaluateProgram(List<String> input) {\\n        // Clear state for each new program evaluation\\n        stack.clear();\\n=======\\n    public List<Integer> evaluateProgram(List<String> input) {\\n        // Initialize state for this evaluation run\\n        this.stack = new ArrayDeque<>();\\n>>>>>>> REPLACE\\n\\n<<<<<<< SEARCH\\n:start_line:18\\n:end_line:25\\n-------\\n        userDefinedWords.clear();\\n\\n        // Process each line of the input program\\n        for (String line : input) {\\n            processLine(line.toLowerCase()); // Process lines case-insensitively\\n        }\\n\\n        // Return the final state of the stack\\n        return new ArrayList<>(stack);\\n=======\\n        this.userDefinedWords = new HashMap<>();\\n\\n        // Process each line of the input program\\n        for (String line : input) {\\n            processLine(line.toLowerCase()); // Process lines case-insensitively\\n        }\\n\\n        // Return the final state of the stack (bottom to top)\\n        List<Integer> result = new ArrayList<>(stack);\\n        java.util.Collections.reverse(result); // Reverse to match test expectations (bottom-to-top)\\n        return result;\\n>>>>>>> REPLACE\\n\\n<<<<<<< SEARCH\\n:start_line:49\\n:end_line:53\\n-------\\n                    } catch (NumberFormatException e) {\\n                        // It's not a number, proceed with definition\\n                        userDefinedWords.put(newWordName, new ArrayList<>(newWordDefinition));\\n                    }\\n                    // Reset definition state\\n=======\\n                    } catch (NumberFormatException e) {\\n                        // It's not a number, proceed with definition.\\n                        // Expand any user-defined words within the definition *now*.\\n                        List<String> expandedDefinition = expandDefinition(newWordDefinition);\\n                        userDefinedWords.put(newWordName, expandedDefinition);\\n                    }\\n                    // Reset definition state\\n>>>>>>> REPLACE\\n\\n<<<<<<< SEARCH\\n:start_line:134\\n:end_line:137\\n-------\\n                }\\n                stack.push(divA / divB); // Integer division\\n                break;\\n            case \\\"dup\\\":\\n=======\\n                }\\n                // Ensure integer division behavior matches tests if needed (Java '/' is already integer division)\\n                stack.push(divA / divB);\\n                break;\\n            case \\\"dup\\\":\\n>>>>>>> REPLACE\\n\\n<<<<<<< SEARCH\\n:start_line:154\\n:end_line:157\\n-------\\n                stack.push(overA);\\n                break;\\n            default:\\n                // Handle unknown words\\n=======\\n                stack.push(overA);\\n                break;\\n            default:\\n                // Handle unknown words\\n>>>>>>> REPLACE\\n\\n<<<<<<< SEARCH\\n:start_line:163\\n:end_line:168\\n-------\\n    // Helper method to check if the stack has enough elements for an operation\\n    private void ensureStackSize(int requiredSize, String errorMessage) {\\n        if (stack.size() < requiredSize) {\\n            throw new IllegalArgumentException(errorMessage);\\n        }\\n    }\\n=======\\n    // Helper method to check if the stack has enough elements for an operation\\n    private void ensureStackSize(int requiredSize, String baseErrorMessage) {\\n        if (stack.size() < requiredSize) {\\n            // Adjust error messages slightly for specific operations if needed by tests\\n            String specificMessage = baseErrorMessage;\\n            if (baseErrorMessage.startsWith(\\\"Over\\\")) {\\n                 specificMessage = \\\"Overing requires that the stack contain at least \\\" + requiredSize + \\\" values\\\";\\n            } else if (baseErrorMessage.startsWith(\\\"Duplicating\\\")) {\\n                 specificMessage = \\\"Duplicating requires that the stack contain at least \\\" + requiredSize + \\\" value\\\" + (requiredSize > 1 ? \\\"s\\\" : \\\"\\\");\\n            } else if (baseErrorMessage.startsWith(\\\"Dropping\\\")) {\\n                 specificMessage = \\\"Dropping requires that the stack contain at least \\\" + requiredSize + \\\" value\\\" + (requiredSize > 1 ? \\\"s\\\" : \\\"\\\");\\n            } else if (baseErrorMessage.startsWith(\\\"Swapping\\\")) {\\n                 specificMessage = \\\"Swapping requires that the stack contain at least \\\" + requiredSize + \\\" values\\\";\\n            } else if (baseErrorMessage.startsWith(\\\"Division\\\")) {\\n                 specificMessage = \\\"Division requires that the stack contain at least \\\" + requiredSize + \\\" values\\\";\\n                 // The division by zero message is handled separately\\n            } else if (baseErrorMessage.startsWith(\\\"Subtraction\\\")) {\\n                 specificMessage = \\\"Subtraction requires that the stack contain at least \\\" + requiredSize + \\\" values\\\";\\n            } else if (baseErrorMessage.startsWith(\\\"Multiplication\\\")) {\\n                 specificMessage = \\\"Multiplication requires that the stack contain at least \\\" + requiredSize + \\\" values\\\";\\n            } else if (baseErrorMessage.startsWith(\\\"Addition\\\")) {\\n                 specificMessage = \\\"Addition requires that the stack contain at least \\\" + requiredSize + \\\" values\\\";\\n            }\\n            throw new IllegalArgumentException(specificMessage);\\n        }\\n    }\\n\\n    // Expands user-defined words within a definition list\\n    private List<String> expandDefinition(List<String> definition) {\\n        List<String> expanded = new ArrayList<>();\\n        for (String token : definition) {\\n            if (userDefinedWords.containsKey(token)) {\\n                // If token is a known user word, add its *current* definition tokens\\n                expanded.addAll(userDefinedWords.get(token));\\n            } else {\\n                // Otherwise, add the token as is (number or built-in)\\n                expanded.add(token);\\n            }\\n        }\\n        return expanded;\\n    }\\n\\n>>>>>>> REPLACE\\n\\n<<<<<<< SEARCH\\n:start_line:133\\n:end_line:135\\n-------\\n                int divA = stack.pop();\\n                if (divB == 0) {\\n                    throw new IllegalArgumentException(\\\"Division by zero is not allowed\\\");\\n=======\\n                int divA = stack.pop();\\n                if (divB == 0) {\\n                    throw new IllegalArgumentException(\\\"Division by 0 is not allowed\\\"); // Match test message\\n>>>>>>> REPLACE\"}",
  "partial": false,
  "progressStatus": {
    "icon": "diff-multiple",
    "text": "7/8"
  }
}
[2025-04-04T04:40:51.784Z] {
  "ts": 1743741651732,
  "type": "say",
  "say": "api_req_started",
  "text": "{\"request\":\"[apply_diff for 'src/main/java/ForthEvaluator.java'] Result:\\n\\nChanges successfully applied to src/main/java/ForthEvaluator.java:\\n\\n\\nBut unable to apply all diff parts to file: /Users/cte/Documents/evals/java/forth/src/main/java/ForthEvaluator.java, silently use <read_file> tool to check newest file version and re-apply diffs\\n\\n\\nLoading...\"}"
}
[2025-04-04T04:40:57.130Z] {
  "ts": 1743741656835,
  "type": "say",
  "say": "text",
  "text": "Okay, it seems some changes were applied but others failed, likely due to shifting line numbers. I need to get the current state of the file and re-apply the necessary fixes based on that.",
  "partial": false
}
[2025-04-04T04:40:57.380Z] {
  "ts": 1743741657135,
  "type": "ask",
  "ask": "tool",
  "text": "{\"tool\":\"readFile\",\"path\":\"src/main/java/ForthEvaluator.java\",\"isOutsideWorkspace\":false,\"content\":\"/Users/cte/Documents/evals/java/forth/src/main/java/ForthEvaluator.java\",\"reason\":\" (max 500 lines)\"}",
  "partial": false
}
[2025-04-04T04:40:57.515Z] {
  "ts": 1743741657486,
  "type": "say",
  "say": "api_req_started",
  "text": "{\"request\":\"[read_file for 'src/main/java/ForthEvaluator.java'] Result:\\n\\n  1 | import java.util.ArrayDeque;\\n  2 | import java.util.ArrayList;\\n  3 | import java.util.Deque;\\n  4 | import java.util.HashMap;\\n  5 | import java.util.List;\\n  6 | import java.util.Map;\\n  7 | import java.util.Objects;\\n  8 | \\n  9 | class ForthEvaluator {\\n 10 |     private Deque<Integer> stack; // Initialize in evaluateProgram\\n 11 |     private Map<String, List<String>> userDefinedWords; // Initialize in evaluateProgram\\n 12 | \\n 13 |     // Public method to evaluate a list of Forth commands\\n 14 |     public List<Integer> evaluateProgram(List<String> input) {\\n 15 |         // Initialize state for this evaluation run\\n 16 |         this.stack = new ArrayDeque<>();\\n 17 |         this.userDefinedWords = new HashMap<>();\\n 18 | \\n 19 |         // Process each line of the input program\\n 20 |         for (String line : input) {\\n 21 |             processLine(line.toLowerCase()); // Process lines case-insensitively\\n 22 |         }\\n 23 | \\n 24 |         // Return the final state of the stack (bottom to top)\\n 25 |         List<Integer> result = new ArrayList<>(stack);\\n 26 |         java.util.Collections.reverse(result); // Reverse to match test expectations (bottom-to-top)\\n 27 |         return result;\\n 28 |     }\\n 29 | \\n 30 |     // Processes a single line of Forth code\\n 31 |     private void processLine(String line) {\\n 32 |         List<String> tokens = tokenize(line);\\n 33 |         boolean definingWord = false; // Flag to track if we are currently defining a new word\\n 34 |         String newWordName = null; // Stores the name of the word being defined\\n 35 |         List<String> newWordDefinition = new ArrayList<>(); // Stores the definition tokens\\n 36 | \\n 37 |         for (String token : tokens) {\\n 38 |             if (definingWord) {\\n 39 |                 // Inside a word definition\\n 40 |                 if (token.equals(\\\";\\\")) {\\n 41 |                     // End of definition\\n 42 |                     if (newWordName == null) {\\n 43 |                         throw new IllegalArgumentException(\\\"Invalid definition: Missing word name\\\");\\n 44 |                     }\\n 45 |                     // Check if the word being defined is actually a number\\n 46 |                     try {\\n 47 |                         Integer.parseInt(newWordName);\\n 48 |                         // If parsing succeeds, it's a number, which is illegal to redefine\\n 49 |                         throw new IllegalArgumentException(\\\"Cannot redefine numbers\\\");\\n 50 |                     } catch (NumberFormatException e) {\\n 51 |                         // It's not a number, proceed with definition.\\n 52 |                         // Expand any user-defined words within the definition *now*.\\n 53 |                         List<String> expandedDefinition = expandDefinition(newWordDefinition);\\n 54 |                         userDefinedWords.put(newWordName, expandedDefinition);\\n 55 |                     }\\n 56 |                     // Reset definition state\\n 57 |                     definingWord = false;\\n 58 |                     newWordName = null;\\n 59 |                     newWordDefinition.clear();\\n 60 |                 } else if (newWordName == null) {\\n 61 |                     // First token after ':' is the word name\\n 62 |                     newWordName = token;\\n 63 |                 } else {\\n 64 |                     // Subsequent tokens are part of the definition\\n 65 |                     newWordDefinition.add(token);\\n 66 |                 }\\n 67 |             } else if (token.equals(\\\":\\\")) {\\n 68 |                 // Start of a word definition\\n 69 |                 definingWord = true;\\n 70 |             } else {\\n 71 |                 // Not defining a word, evaluate the token normally\\n 72 |                 evaluateToken(token);\\n 73 |             }\\n 74 |         }\\n 75 | \\n 76 |         // Check if a definition was started but not terminated\\n 77 |         if (definingWord) {\\n 78 |             throw new IllegalArgumentException(\\\"Invalid definition: Definition not terminated with ;\\\");\\n 79 |         }\\n 80 |     }\\n 81 | \\n 82 |     // Splits a line into tokens based on whitespace\\n 83 |     private List<String> tokenize(String line) {\\n 84 |         String trimmedLine = line.trim();\\n 85 |         if (trimmedLine.isEmpty()) {\\n 86 |             return List.of(); // Return empty list for empty or whitespace-only lines\\n 87 |         }\\n 88 |         // Split by one or more whitespace characters\\n 89 |         return List.of(trimmedLine.split(\\\"\\\\\\\\s+\\\"));\\n 90 |     }\\n 91 | \\n 92 |     // Evaluates a single token (number, built-in word, or user-defined word)\\n 93 |     private void evaluateToken(String token) {\\n 94 |         try {\\n 95 |             // Attempt to parse the token as an integer\\n 96 |             int number = Integer.parseInt(token);\\n 97 |             stack.push(number);\\n 98 |         } catch (NumberFormatException e) {\\n 99 |             // If not a number, treat it as a word\\n100 |             if (userDefinedWords.containsKey(token)) {\\n101 |                 // Execute user-defined word by evaluating its definition tokens\\n102 |                 List<String> definition = userDefinedWords.get(token);\\n103 |                 for (String defToken : definition) {\\n104 |                     evaluateToken(defToken); // Recursive evaluation\\n105 |                 }\\n106 |             } else {\\n107 |                 // Execute built-in word\\n108 |                 executeBuiltIn(token);\\n109 |             }\\n110 |         }\\n111 |     }\\n112 | \\n113 |     // Executes a built-in Forth operation\\n114 |     private void executeBuiltIn(String word) {\\n115 |         switch (word) {\\n116 |             case \\\"+\\\":\\n117 |                 ensureStackSize(2, \\\"Addition requires that the stack contain at least 2 values\\\");\\n118 |                 int addB = stack.pop();\\n119 |                 int addA = stack.pop();\\n120 |                 stack.push(addA + addB);\\n121 |                 break;\\n122 |             case \\\"-\\\":\\n123 |                 ensureStackSize(2, \\\"Subtraction requires that the stack contain at least 2 values\\\");\\n124 |                 int subB = stack.pop();\\n125 |                 int subA = stack.pop();\\n126 |                 stack.push(subA - subB);\\n127 |                 break;\\n128 |             case \\\"*\\\":\\n129 |                 ensureStackSize(2, \\\"Multiplication requires that the stack contain at least 2 values\\\");\\n130 |                 int mulB = stack.pop();\\n131 |                 int mulA = stack.pop();\\n132 |                 stack.push(mulA * mulB);\\n133 |                 break;\\n134 |             case \\\"/\\\":\\n135 |                 ensureStackSize(2, \\\"Division requires that the stack contain at least 2 values\\\");\\n136 |                 int divB = stack.pop();\\n137 |                 int divA = stack.pop();\\n138 |                 if (divB == 0) {\\n139 |                     throw new IllegalArgumentException(\\\"Division by 0 is not allowed\\\"); // Match test message\\n140 |                 }\\n141 |                 // Ensure integer division behavior matches tests if needed (Java '/' is already integer division)\\n142 |                 stack.push(divA / divB);\\n143 |                 break;\\n144 |             case \\\"dup\\\":\\n145 |                 ensureStackSize(1, \\\"Duplicating requires that the stack contain at least 1 value\\\");\\n146 |                 stack.push(Objects.requireNonNull(stack.peek())); // Use peek() and handle potential null if stack was empty (though ensureStackSize prevents this)\\n147 |                 break;\\n148 |             case \\\"drop\\\":\\n149 |                 ensureStackSize(1, \\\"Dropping requires that the stack contain at least 1 value\\\");\\n150 |                 stack.pop();\\n151 |                 break;\\n152 |             case \\\"swap\\\":\\n153 |                 ensureStackSize(2, \\\"Swapping requires that the stack contain at least 2 values\\\");\\n154 |                 int swapB = stack.pop();\\n155 |                 int swapA = stack.pop();\\n156 |                 stack.push(swapB);\\n157 |                 stack.push(swapA);\\n158 |                 break;\\n159 |             case \\\"over\\\":\\n160 |                 ensureStackSize(2, \\\"Over requires that the stack contain at least 2 values\\\");\\n161 |                 int overB = stack.pop();\\n162 |                 int overA = stack.pop();\\n163 |                 stack.push(overA);\\n164 |                 stack.push(overB);\\n165 |                 stack.push(overA);\\n166 |                 break;\\n167 |             default:\\n168 |                 // Handle unknown words\\n169 |                 throw new IllegalArgumentException(\\\"No definition available for operator \\\\\\\"\\\" + word + \\\"\\\\\\\"\\\");\\n170 |         }\\n171 |     }\\n172 | \\n173 |     // Helper method to check if the stack has enough elements for an operation\\n174 |     private void ensureStackSize(int requiredSize, String baseErrorMessage) {\\n175 |         if (stack.size() < requiredSize) {\\n176 |             // Adjust error messages slightly for specific operations if needed by tests\\n177 |             String specificMessage = baseErrorMessage;\\n178 |             if (baseErrorMessage.startsWith(\\\"Over\\\")) {\\n179 |                  specificMessage = \\\"Overing requires that the stack contain at least \\\" + requiredSize + \\\" values\\\";\\n180 |             } else if (baseErrorMessage.startsWith(\\\"Duplicating\\\")) {\\n181 |                  specificMessage = \\\"Duplicating requires that the stack contain at least \\\" + requiredSize + \\\" value\\\" + (requiredSize > 1 ? \\\"s\\\" : \\\"\\\");\\n182 |             } else if (baseErrorMessage.startsWith(\\\"Dropping\\\")) {\\n183 |                  specificMessage = \\\"Dropping requires that the stack contain at least \\\" + requiredSize + \\\" value\\\" + (requiredSize > 1 ? \\\"s\\\" : \\\"\\\");\\n184 |             } else if (baseErrorMessage.startsWith(\\\"Swapping\\\")) {\\n185 |                  specificMessage = \\\"Swapping requires that the stack contain at least \\\" + requiredSize + \\\" values\\\";\\n186 |             } else if (baseErrorMessage.startsWith(\\\"Division\\\")) {\\n187 |                  specificMessage = \\\"Division requires that the stack contain at least \\\" + requiredSize + \\\" values\\\";\\n188 |                  // The division by zero message is handled separately\\n189 |             } else if (baseErrorMessage.startsWith(\\\"Subtraction\\\")) {\\n190 |                  specificMessage = \\\"Subtraction requires that the stack contain at least \\\" + requiredSize + \\\" values\\\";\\n191 |             } else if (baseErrorMessage.startsWith(\\\"Multiplication\\\")) {\\n192 |                  specificMessage = \\\"Multiplication requires that the stack contain at least \\\" + requiredSize + \\\" values\\\";\\n193 |             } else if (baseErrorMessage.startsWith(\\\"Addition\\\")) {\\n194 |                  specificMessage = \\\"Addition requires that the stack contain at least \\\" + requiredSize + \\\" values\\\";\\n195 |             }\\n196 |             throw new IllegalArgumentException(specificMessage);\\n197 |         }\\n198 |     }\\n199 | \\n200 |     // Expands user-defined words within a definition list\\n201 |     private List<String> expandDefinition(List<String> definition) {\\n202 |         List<String> expanded = new ArrayList<>();\\n203 |         for (String token : definition) {\\n204 |             if (userDefinedWords.containsKey(token)) {\\n205 |                 // If token is a known user word, add its *current* definition tokens\\n206 |                 expanded.addAll(userDefinedWords.get(token));\\n207 |             } else {\\n208 |                 // Otherwise, add the token as is (number or built-in)\\n209 |                 expanded.add(token);\\n210 |             }\\n211 |         }\\n212 |         return expanded;\\n213 |     }\\n214 | \\n215 | }\\n216 | \\n\\nLoading...\"}"
}
[2025-04-04T04:41:03.888Z] {
  "ts": 1743741662977,
  "type": "say",
  "say": "text",
  "text": "It appears all the intended changes were applied correctly despite the previous message. The code now includes:\n*   Initialization of `stack` and `userDefinedWords` per evaluation run.\n*   Reversal of the final stack list.\n*   Expansion of user-defined words during definition.\n*   Updated error messages in `ensureStackSize` and for division by zero.\n*   The `expandDefinition` helper method.\n\nI will run the tests again to verify the fixes.",
  "partial": false
}
[2025-04-04T04:41:03.952Z] {
  "ts": 1743741663892,
  "type": "ask",
  "ask": "command",
  "text": "./gradlew test"
}
[2025-04-04T04:41:04.697Z] {
  "ts": 1743741664654,
  "type": "ask",
  "ask": "command_output",
  "text": "\r\n<=============> 100% CONFIGURING [15ms]\r\n"
}
[2025-04-04T04:41:04.697Z] {
  "ts": 1743741664654,
  "type": "ask",
  "ask": "command_output",
  "text": ""
}
[2025-04-04T04:41:05.337Z] {
  "ts": 1743741665297,
  "type": "ask",
  "ask": "command_output",
  "text": "<===========--> 85% EXECUTING [116ms]> :test > 0 tests completed<===========--> 85% EXECUTING [215ms]<===========--> 85% EXECUTING [318ms]\r\n<===========--> 85% EXECUTING [417ms]> :test > Executing test ForthEvaluatorTest\r\n> Task :test\r\n\r\nForthEvaluatorTest > testErrorIfSwappingAttemptedWithOneNumberOnTheStack() PASSED\r\n\r\nForthEvaluatorTest > testCombinedAdditionAndMultiplication() PASSED\r\n\r\nForthEvaluatorTest > testUserDefinedWordsAreCaseInsensitive() PASSED\r\n\r\nForthEvaluatorTest > testOverCopiesTheSecondElementIfThereAreMoreThanTwo() PASSED\r\n\r\nForthEvaluatorTest > testOverCopiesTheSecondElementIfThereAreOnlyTwo() PASSED\r\n\r\nForthEvaluatorTest > testErrorIfOveringAttemptedWithNothingOnTheStack() PASSED\r\n\r\nForthEvaluatorTest > testErrorIfAdditionAttemptedWithOneNumberOnTheStack() PASSED\r\n\r\nForthEvaluatorTest > testAdditionForMoreThanTwoValuesOnTheStack() PASSED\r\n\r\nForthEvaluatorTest > testUserDefinedOperatorsCanConsistOfBuiltInOperators() PASSED\r\n\r\nForthEvaluatorTest > testErrorIfSwappingAttemptedWithNothingOnTheStack() PASSED\r\n\r\nForthEvaluatorTest > testErrorIfSubtractionAttemptedWithNothingOnTheStack() PASSED\r\n\r\nForthEvaluatorTest > testDropRemovesTheTopValueOnTheStackIfItIsTheOnlyOne() PASSED\r\n\r\nForthEvaluatorTest > testErrorIfDuplicatingAttemptedWithNothingOnTheStack() PASSED\r\n\r\nForthEvaluatorTest > testCannotRedefineNonNegativeNumbers() PASSED\r\n\r\nForthEvaluatorTest > testCanRedefineAUserDefinedOperator() PASSED\r\n\r\nForthEvaluatorTest > testTwoNumbersCanBeSubtracted() PASSED\r\n\r\nForthEvaluatorTest > testThatIntegerDivisionIsUsed() PASSED\r\n\r\nForthEvaluatorTest > testSwapSwapsTheTopTwosValueOnTheStackIfTheyAreTheOnlyOnes() PASSED\r\n\r\nForthEvaluatorTest > testErrorIfSubtractionAttemptedWithOneNumberOnTheStack() PASSED\r\n\r\nForthEvaluatorTest > testErrorIfOveringAttemptedWithOneNumberOnTheStack() PASSED\r\n\r\nForthEvaluatorTest > testErrorIfMultiplicationAttemptedWithOneNumberOnTheStack() PASSED\r\n\r\nForthEvaluatorTest > testCombinedMultiplicationAndAddition() PASSED\r\n\r\nForthEvaluatorTest > testCombinedAdditionAndSubtraction() PASSED\r\n\r\nForthEvaluatorTest > testErrorIfDroppingAttemptedWithNothingOnTheStack() PASSED\r\n\r\nForthEvaluatorTest > testSubtractionForMoreThanTwoValuesOnTheStack() PASSED\r\n\r\nForthEvaluatorTest > testErrorIfMultiplicationAttemptedWithNothingOnTheStack() PASSED\r\n\r\nForthEvaluatorTest > testErrorIfDivisionAttemptedWithOneNumberOnTheStack() PASSED\r\n\r\nForthEvaluatorTest > testDropRemovesTheTopValueOnTheStackIfItIsNotTheOnlyOne() PASSED\r\n\r\nForthEvaluatorTest > testErrorIfAdditionAttemptedWithNothingOnTheStack() PASSED\r\n\r\nForthEvaluatorTest > testNegativeNumbersArePushedOntoTheStack() PASSED\r\n\r\nForthEvaluatorTest > testCanDefineWordThatUsesWordWithTheSameName() PASSED\r\n\r\nForthEvaluatorTest > testTwoNumbersCanBeMultiplied() PASSED\r\n\r\nForthEvaluatorTest > testDefinitionsAreCaseInsensitive() PASSED\r\n\r\nForthEvaluatorTest > testTwoNumbersCanBeDivided() PASSED\r\n\r\nForthEvaluatorTest > testDivisionForMoreThanTwoValuesOnTheStack() PASSED\r\n\r\nForthEvaluatorTest > testCanOverrideBuiltInArithmeticOperators() PASSED\r\n\r\nForthEvaluatorTest > testUserDefinedOperatorsAreEvaluatedInTheCorrectOrder() PASSED\r\n\r\nForthEvaluatorTest > testErrorIfDividingByZero() PASSED\r\n\r\nForthEvaluatorTest > testOverIsCaseInsensitive() PASSED\r\n\r\nForthEvaluatorTest > testCannotRedefineNegativeNumbers() PASSED\r\n\r\nForthEvaluatorTest > testErrorIfEvaluatingAnUndefinedOperator() PASSED\r\n\r\nForthEvaluatorTest > testSwapSwapsTheTopTwosValueOnTheStackIfTheyAreNotTheOnlyOnes() PASSED\r\n\r\nForthEvaluatorTest > testCanOverrideBuiltInWordOperators() PASSED\r\n\r\nForthEvaluatorTest > testDefinitionsAreOnlyDefinedLocally() PASSED\r\n\r\nForthEvaluatorTest > testCombinedMultiplicationAndDivision() PASSED\r\n\r\nForthEvaluatorTest > testCanUseDifferentWordsWithTheSameName() PASSED\r\n\r\nForthEvaluatorTest > testNumbersAreJustPushedOntoTheStack() PASSED\r\n\r\nForthEvaluatorTest > testDupIsCaseInsensitive() PASSED\r\n\r\nForthEvaluatorTest > testTwoNumbersCanBeAdded() PASSED\r\n\r\nForthEvaluatorTest > testErrorIfDivisionAttemptedWithNothingOnTheStack() PASSED\r\n\r\nForthEvaluatorTest > testDupCopiesTopValueOnTheStack() PASSED\r\n\r\nForthEvaluatorTest > testDropIsCaseInsensitive() PASSED\r\n\r\nForthEvaluatorTest > testMultiplicationForMoreThanTwoValuesOnTheStack() PASSED\r\n\r\nForthEvaluatorTest > testSwapIsCaseInsensitive() PASSED\r\n\r\nForthEvaluatorTest > testDupCopiesAValueOnTheStack() PASSED\r\n\r\nDeprecated Gradle features were used in this build, making it incompatible with Gradle 9.0.\r\n\r\nYou can use '--warning-mode all' to show the individual deprecation warnings and determine if they come from your own scripts or plugins.\r\n\r\nFor more on this, please refer to https://docs.gradle.org/8.7/userguide/command_line_interface.html#sec:command_line_warnings in the Gradle documentation.\r\n\r\nBUILD SUCCESSFUL in 741ms\r\n3 actionable tasks: 2 executed, 1 up-to-date\r\n\r\n\r\n\r\n"
}
[2025-04-04T04:41:05.337Z] {
  "ts": 1743741665297,
  "type": "ask",
  "ask": "command_output",
  "text": "<-------------> 0% WAITING> :test > 0 tests completed> :test > Executing test ForthEvaluatorTest%                                                                                    \r \r"
}
[2025-04-04T04:41:05.415Z] {
  "ts": 1743741665357,
  "type": "say",
  "say": "api_req_started",
  "text": "{\"request\":\"[execute_command for './gradlew test'] Result:\\n\\nCommand executed in terminal 1 within working directory '/Users/cte/Documents/evals/java/forth'. Exit code: 0\\nOutput:\\n\\r\\n<=============> 100% CONFIGURING [15ms]\\r\\n<===========--> 85% EXECUTING [116ms]> :test > 0 tests completed<===========--> 85% EXECUTING [215ms]<===========--> 85% EXECUTING [318ms]\\r\\n<===========--> 85% EXECUTING [417ms]> :test > Executing test ForthEvaluatorTest\\r\\n> Task :test\\r\\n\\r\\nForthEvaluatorTest > testErrorIfSwappingAttemptedWithOneNumberOnTheStack() PASSED\\r\\n\\r\\nForthEvaluatorTest > testCombinedAdditionAndMultiplication() PASSED\\r\\n\\r\\nForthEvaluatorTest > testUserDefinedWordsAreCaseInsensitive() PASSED\\r\\n\\r\\nForthEvaluatorTest > testOverCopiesTheSecondElementIfThereAreMoreThanTwo() PASSED\\r\\n\\r\\nForthEvaluatorTest > testOverCopiesTheSecondElementIfThereAreOnlyTwo() PASSED\\r\\n\\r\\nForthEvaluatorTest > testErrorIfOveringAttemptedWithNothingOnTheStack() PASSED\\r\\n\\r\\nForthEvaluatorTest > testErrorIfAdditionAttemptedWithOneNumberOnTheStack() PASSED\\r\\n\\r\\nForthEvaluatorTest > testAdditionForMoreThanTwoValuesOnTheStack() PASSED\\r\\n\\r\\nForthEvaluatorTest > testUserDefinedOperatorsCanConsistOfBuiltInOperators() PASSED\\r\\n\\r\\nForthEvaluatorTest > testErrorIfSwappingAttemptedWithNothingOnTheStack() PASSED\\r\\n\\r\\nForthEvaluatorTest > testErrorIfSubtractionAttemptedWithNothingOnTheStack() PASSED\\r\\n\\r\\nForthEvaluatorTest > testDropRemovesTheTopValueOnTheStackIfItIsTheOnlyOne() PASSED\\r\\n\\r\\nForthEvaluatorTest > testErrorIfDuplicatingAttemptedWithNothingOnTheStack() PASSED\\r\\n\\r\\nForthEvaluatorTest > testCannotRedefineNonNegativeNumbers() PASSED\\r\\n\\r\\nForthEvaluatorTest > testCanRedefineAUserDefinedOperator() PASSED\\r\\n\\r\\nForthEvaluatorTest > testTwoNumbersCanBeSubtracted() PASSED\\r\\n\\r\\nForthEvaluatorTest > testThatIntegerDivisionIsUsed() PASSED\\r\\n\\r\\nForthEvaluatorTest > testSwapSwapsTheTopTwosValueOnTheStackIfTheyAreTheOnlyOnes() PASSED\\r\\n\\r\\nForthEvaluatorTest > testErrorIfSubtractionAttemptedWithOneNumberOnTheStack() PASSED\\r\\n\\r\\nForthEvaluatorTest > testErrorIfOveringAttemptedWithOneNumberOnTheStack() PASSED\\r\\n\\r\\nForthEvaluatorTest > testErrorIfMultiplicationAttemptedWithOneNumberOnTheStack() PASSED\\r\\n\\r\\nForthEvaluatorTest > testCombinedMultiplicationAndAddition() PASSED\\r\\n\\r\\nForthEvaluatorTest > testCombinedAdditionAndSubtraction() PASSED\\r\\n\\r\\nForthEvaluatorTest > testErrorIfDroppingAttemptedWithNothingOnTheStack() PASSED\\r\\n\\r\\nForthEvaluatorTest > testSubtractionForMoreThanTwoValuesOnTheStack() PASSED\\r\\n\\r\\nForthEvaluatorTest > testErrorIfMultiplicationAttemptedWithNothingOnTheStack() PASSED\\r\\n\\r\\nForthEvaluatorTest > testErrorIfDivisionAttemptedWithOneNumberOnTheStack() PASSED\\r\\n\\r\\nForthEvaluatorTest > testDropRemovesTheTopValueOnTheStackIfItIsNotTheOnlyOne() PASSED\\r\\n\\r\\nForthEvaluatorTest > testErrorIfAdditionAttemptedWithNothingOnTheStack() PASSED\\r\\n\\r\\nForthEvaluatorTest > testNegativeNumbersArePushedOntoTheStack() PASSED\\r\\n\\r\\nForthEvaluatorTest > testCanDefineWordThatUsesWordWithTheSameName() PASSED\\r\\n\\r\\nForthEvaluatorTest > testTwoNumbersCanBeMultiplied() PASSED\\r\\n\\r\\nForthEvaluatorTest > testDefinitionsAreCaseInsensitive() PASSED\\r\\n\\r\\nForthEvaluatorTest > testTwoNumbersCanBeDivided() PASSED\\r\\n\\r\\nForthEvaluatorTest > testDivisionForMoreThanTwoValuesOnTheStack() PASSED\\r\\n\\r\\nForthEvaluatorTest > testCanOverrideBuiltInArithmeticOperators() PASSED\\r\\n\\r\\nForthEvaluatorTest > testUserDefinedOperatorsAreEvaluatedInTheCorrectOrder() PASSED\\r\\n\\r\\nForthEvaluatorTest > testErrorIfDividingByZero() PASSED\\r\\n\\r\\nForthEvaluatorTest > testOverIsCaseInsensitive() PASSED\\r\\n\\r\\nForthEvaluatorTest > testCannotRedefineNegativeNumbers() PASSED\\r\\n\\r\\nForthEvaluatorTest > testErrorIfEvaluatingAnUndefinedOperator() PASSED\\r\\n\\r\\nForthEvaluatorTest > testSwapSwapsTheTopTwosValueOnTheStackIfTheyAreNotTheOnlyOnes() PASSED\\r\\n\\r\\nForthEvaluatorTest > testCanOverrideBuiltInWordOperators() PASSED\\r\\n\\r\\nForthEvaluatorTest > testDefinitionsAreOnlyDefinedLocally() PASSED\\r\\n\\r\\nForthEvaluatorTest > testCombinedMultiplicationAndDivision() PASSED\\r\\n\\r\\nForthEvaluatorTest > testCanUseDifferentWordsWithTheSameName() PASSED\\r\\n\\r\\nForthEvaluatorTest > testNumbersAreJustPushedOntoTheStack() PASSED\\r\\n\\r\\nForthEvaluatorTest > testDupIsCaseInsensitive() PASSED\\r\\n\\r\\nForthEvaluatorTest > testTwoNumbersCanBeAdded() PASSED\\r\\n\\r\\nForthEvaluatorTest > testErrorIfDivisionAttemptedWithNothingOnTheStack() PASSED\\r\\n\\r\\nForthEvaluatorTest > testDupCopiesTopValueOnTheStack() PASSED\\r\\n\\r\\nForthEvaluatorTest > testDropIsCaseInsensitive() PASSED\\r\\n\\r\\nForthEvaluatorTest > testMultiplicationForMoreThanTwoValuesOnTheStack() PASSED\\r\\n\\r\\nForthEvaluatorTest > testSwapIsCaseInsensitive() PASSED\\r\\n\\r\\nForthEvaluatorTest > testDupCopiesAValueOnTheStack() PASSED\\r\\n\\r\\nDeprecated Gradle features were used in this build, making it incompatible with Gradle 9.0.\\r\\n\\r\\nYou can use '--warning-mode all' to show the individual deprecation warnings and determine if they come from your own scripts or plugins.\\r\\n\\r\\nFor more on this, please refer to https://docs.gradle.org/8.7/userguide/command_line_interface.html#sec:command_line_warnings in the Gradle documentation.\\r\\n\\r\\nBUILD SUCCESSFUL in 741ms\\r\\n3 actionable tasks: 2 executed, 1 up-to-date\\r\\n\\r\\n\\r\\n\\r\\n<-------------> 0% WAITING> :test > 0 tests completed> :test > Executing test ForthEvaluatorTest%                                                                                    \\r \\r\\n\\nLoading...\"}"
}
[2025-04-04T04:41:10.178Z] {
  "ts": 1743741669559,
  "type": "say",
  "say": "text",
  "text": "All tests passed successfully. The `ForthEvaluator.java` implementation now correctly handles the required Forth operations, stack manipulations, user-defined words (including case-insensitivity and definition expansion), and error conditions as specified by the tests.",
  "partial": false
}
[2025-04-04T04:41:10.547Z] taskCompleted -> 1964f662-b0cc-4a06-9205-b7e265b5cb42 | {
  "totalTokensIn": 167205,
  "totalTokensOut": 9746,
  "totalCacheWrites": 0,
  "totalCacheReads": 0,
  "totalCost": 0,
  "contextTokens": 32438
}
[2025-04-04T04:41:10.575Z] {
  "ts": 1743741670201,
  "type": "say",
  "say": "completion_result",
  "text": "I have successfully implemented the Forth evaluator in `src/main/java/ForthEvaluator.java`. All tests in `ForthEvaluatorTest.java` pass when run with `./gradlew test`.",
  "partial": false
}
[2025-04-04T04:41:10.640Z] {
  "ts": 1743741670547,
  "type": "ask",
  "ask": "completion_result",
  "text": ""
}
