[2025-04-04T04:41:53.377Z] {
  "ts": 1743741713323,
  "type": "say",
  "say": "text",
  "text": "Your job is to complete a coding exercise described the markdown files inside the `.docs` directory.\n\nA file with the implementation stubbed out has been created for you, along with a test file.\n\nTo successfully complete the exercise, you must pass all the tests in the test file.\n\nTo confirm that your solution is correct, run the tests with `./gradlew test`. Do not alter the test file; it should be run as-is.\n\nDo not use the \"ask_followup_question\" tool.\n"
}
[2025-04-04T04:41:53.450Z] taskStarted -> 7cb4f01e-0db8-4b02-872c-74edd0e76aa4
[2025-04-04T04:41:53.480Z] {
  "ts": 1743741713450,
  "type": "say",
  "say": "api_req_started",
  "text": "{\"request\":\"<task>\\nYour job is to complete a coding exercise described the markdown files inside the `.docs` directory.\\n\\nA file with the implementation stubbed out has been created for you, along with a test file.\\n\\nTo successfully complete the exercise, you must pass all the tests in the test file.\\n\\nTo confirm that your solution is correct, run the tests with `./gradlew test`. Do not alter the test file; it should be run as-is.\\n\\nDo not use the \\\"ask_followup_question\\\" tool.\\n\\n</task>\\n\\nLoading...\"}"
}
[2025-04-04T04:41:59.526Z] {
  "ts": 1743741718451,
  "type": "say",
  "say": "text",
  "text": "Okay, I understand the task. I need to implement the `OpticalCharacterReader.java` file based on the instructions found in the `.docs` directory and ensure all tests in `OpticalCharacterReaderTest.java` pass when run with `./gradlew test`.\n\nFirst, I need to find the exercise description. You mentioned it's in the `.docs` directory, but the initial file listing doesn't show it. I'll list the files in the current directory to locate it.",
  "partial": false
}
[2025-04-04T04:41:59.650Z] {
  "ts": 1743741719601,
  "type": "ask",
  "ask": "tool",
  "text": "{\"tool\":\"listFilesTopLevel\",\"path\":\"ocr-numbers\",\"content\":\"build.gradle\\ngradlew\\ngradlew.bat\\nroo-code-messages.log\\n.docs/\\n.gradle/\\nbuild/\\ngradle/\\nsrc/\"}"
}
[2025-04-04T04:41:59.730Z] {
  "ts": 1743741719702,
  "type": "say",
  "say": "api_req_started",
  "text": "{\"request\":\"[list_files for '.'] Result:\\n\\nbuild.gradle\\ngradlew\\ngradlew.bat\\nroo-code-messages.log\\n.docs/\\n.gradle/\\nbuild/\\ngradle/\\nsrc/\\n\\nLoading...\"}"
}
[2025-04-04T04:42:03.290Z] {
  "ts": 1743741723148,
  "type": "say",
  "say": "text",
  "text": "Okay, the `.docs` directory exists. Now I need to see what's inside it to find the instructions file.",
  "partial": false
}
[2025-04-04T04:42:03.515Z] {
  "ts": 1743741723309,
  "type": "ask",
  "ask": "tool",
  "text": "{\"tool\":\"listFilesTopLevel\",\"path\":\".docs\",\"content\":\"instructions.md\"}",
  "partial": false
}
[2025-04-04T04:42:03.649Z] {
  "ts": 1743741723616,
  "type": "say",
  "say": "api_req_started",
  "text": "{\"request\":\"[list_files for '.docs'] Result:\\n\\ninstructions.md\\n\\nLoading...\"}"
}
[2025-04-04T04:42:07.440Z] {
  "ts": 1743741727072,
  "type": "say",
  "say": "text",
  "text": "Okay, I've located the instructions file: `.docs/instructions.md`. Now I'll read its content to understand the requirements of the exercise.",
  "partial": false
}
[2025-04-04T04:42:07.545Z] {
  "ts": 1743741727495,
  "type": "ask",
  "ask": "tool",
  "text": "{\"tool\":\"readFile\",\"path\":\".docs/instructions.md\",\"isOutsideWorkspace\":false,\"content\":\"/Users/cte/Documents/evals/java/ocr-numbers/.docs/instructions.md\",\"reason\":\" (max 500 lines)\"}"
}
[2025-04-04T04:42:07.627Z] {
  "ts": 1743741727597,
  "type": "say",
  "say": "api_req_started",
  "text": "{\"request\":\"[read_file for '.docs/instructions.md'] Result:\\n\\n 1 | # Instructions\\n 2 | \\n 3 | Given a 3 x 4 grid of pipes, underscores, and spaces, determine which number is represented, or whether it is garbled.\\n 4 | \\n 5 | ## Step One\\n 6 | \\n 7 | To begin with, convert a simple binary font to a string containing 0 or 1.\\n 8 | \\n 9 | The binary font uses pipes and underscores, four rows high and three columns wide.\\n10 | \\n11 | ```text\\n12 |      _   #\\n13 |     | |  # zero.\\n14 |     |_|  #\\n15 |          # the fourth row is always blank\\n16 | ```\\n17 | \\n18 | Is converted to \\\"0\\\"\\n19 | \\n20 | ```text\\n21 |          #\\n22 |       |  # one.\\n23 |       |  #\\n24 |          # (blank fourth row)\\n25 | ```\\n26 | \\n27 | Is converted to \\\"1\\\"\\n28 | \\n29 | If the input is the correct size, but not recognizable, your program should return '?'\\n30 | \\n31 | If the input is the incorrect size, your program should return an error.\\n32 | \\n33 | ## Step Two\\n34 | \\n35 | Update your program to recognize multi-character binary strings, replacing garbled numbers with ?\\n36 | \\n37 | ## Step Three\\n38 | \\n39 | Update your program to recognize all numbers 0 through 9, both individually and as part of a larger string.\\n40 | \\n41 | ```text\\n42 |  _\\n43 |  _|\\n44 | |_\\n45 | \\n46 | ```\\n47 | \\n48 | Is converted to \\\"2\\\"\\n49 | \\n50 | ```text\\n51 |       _  _     _  _  _  _  _  _  #\\n52 |     | _| _||_||_ |_   ||_||_|| | # decimal numbers.\\n53 |     ||_  _|  | _||_|  ||_| _||_| #\\n54 |                                  # fourth line is always blank\\n55 | ```\\n56 | \\n57 | Is converted to \\\"1234567890\\\"\\n58 | \\n59 | ## Step Four\\n60 | \\n61 | Update your program to handle multiple numbers, one per line.\\n62 | When converting several lines, join the lines with commas.\\n63 | \\n64 | ```text\\n65 |     _  _\\n66 |   | _| _|\\n67 |   ||_  _|\\n68 | \\n69 |     _  _\\n70 | |_||_ |_\\n71 |   | _||_|\\n72 | \\n73 |  _  _  _\\n74 |   ||_||_|\\n75 |   ||_| _|\\n76 | \\n77 | ```\\n78 | \\n79 | Is converted to \\\"123,456,789\\\".\\n80 | \\n\\nLoading...\"}"
}
[2025-04-04T04:42:12.847Z] {
  "ts": 1743741731857,
  "type": "say",
  "say": "text",
  "text": "Okay, I've read the instructions. The task is to convert text-based representations of numbers (using `_`, `|`, and spaces in a 3x4 grid per digit) into their numerical string equivalents. The process involves handling single digits, multiple digits on one line, digits 0-9, multiple lines of input, and error conditions.\n\nFirst, I need to see the structure of the `OpticalCharacterReader.java` file I need to implement.",
  "partial": false
}
[2025-04-04T04:42:12.920Z] {
  "ts": 1743741732879,
  "type": "ask",
  "ask": "tool",
  "text": "{\"tool\":\"readFile\",\"path\":\"src/main/java/OpticalCharacterReader.java\",\"isOutsideWorkspace\":false,\"content\":\"/Users/cte/Documents/evals/java/ocr-numbers/src/main/java/OpticalCharacterReader.java\",\"reason\":\" (max 500 lines)\"}"
}
[2025-04-04T04:42:13.010Z] {
  "ts": 1743741732981,
  "type": "say",
  "say": "api_req_started",
  "text": "{\"request\":\"[read_file for 'src/main/java/OpticalCharacterReader.java'] Result:\\n\\n1 | import java.util.List;\\n2 | \\n3 | class OpticalCharacterReader {\\n4 | \\n5 |     String parse(List<String> input) {\\n6 |         throw new UnsupportedOperationException(\\\"Delete this statement and write your own implementation.\\\");\\n7 |     }\\n8 | \\n9 | }\\n\\nLoading...\"}"
}
[2025-04-04T04:42:27.509Z] {
  "ts": 1743741744975,
  "type": "say",
  "say": "text",
  "text": "Okay, I understand the requirements. I will implement the `parse` method in `OpticalCharacterReader.java` to handle the conversion according to the steps outlined in the instructions.\n\nHere's the plan:\n1.  Define the string representations for each digit (0-9) based on the 3x4 grid structure.\n2.  Implement the `parse` method:\n    *   Validate the input list size (must be a multiple of 4 rows).\n    *   Validate the line lengths within each 4-row block (must be equal and a multiple of 3 columns).\n    *   Iterate through the input list in chunks of 4 rows.\n    *   For each 4-row chunk, iterate through the characters in steps of 3 columns.\n    *   Extract the 3x4 character pattern for each potential digit.\n    *   Match the pattern against the predefined digit representations. Append the matched digit or \"?\" if no match is found.\n    *   Collect the parsed numbers for each 4-row chunk.\n    *   Join the results from each chunk with commas.\n3.  Return the final comma-separated string.\n\nI will now write the complete implementation for `OpticalCharacterReader.java`.",
  "partial": false
}
[2025-04-04T04:42:36.621Z] {
  "ts": 1743741747673,
  "type": "ask",
  "ask": "tool",
  "text": "{\"tool\":\"editedExistingFile\",\"path\":\"src/main/java/OpticalCharacterReader.java\",\"isOutsideWorkspace\":false,\"diff\":\"@@ -1,9 +1,122 @@\\n import java.util.List;\\n+import java.util.ArrayList;\\n+import java.util.Map;\\n+import java.util.HashMap;\\n+import java.util.stream.Collectors;\\n \\n class OpticalCharacterReader {\\n \\n+    private static final int DIGIT_HEIGHT = 4;\\n+    private static final int DIGIT_WIDTH = 3;\\n+    private static final Map<String, String> DIGIT_PATTERNS = new HashMap<>();\\n+\\n+    static {\\n+        DIGIT_PATTERNS.put(\\n+            \\\" _ \\\" +\\n+            \\\"| |\\\" +\\n+            \\\"|_|\\\" +\\n+            \\\"   \\\", \\\"0\\\");\\n+        DIGIT_PATTERNS.put(\\n+            \\\"   \\\" +\\n+            \\\"  |\\\" +\\n+            \\\"  |\\\" +\\n+            \\\"   \\\", \\\"1\\\");\\n+        DIGIT_PATTERNS.put(\\n+            \\\" _ \\\" +\\n+            \\\" _|\\\" +\\n+            \\\"|_ \\\" +\\n+            \\\"   \\\", \\\"2\\\");\\n+        DIGIT_PATTERNS.put(\\n+            \\\" _ \\\" +\\n+            \\\" _|\\\" +\\n+            \\\" _|\\\" +\\n+            \\\"   \\\", \\\"3\\\");\\n+        DIGIT_PATTERNS.put(\\n+            \\\"   \\\" +\\n+            \\\"|_|\\\" +\\n+            \\\"  |\\\" +\\n+            \\\"   \\\", \\\"4\\\");\\n+        DIGIT_PATTERNS.put(\\n+            \\\" _ \\\" +\\n+            \\\"|_ \\\" +\\n+            \\\" _|\\\" +\\n+            \\\"   \\\", \\\"5\\\");\\n+        DIGIT_PATTERNS.put(\\n+            \\\" _ \\\" +\\n+            \\\"|_ \\\" +\\n+            \\\"|_|\\\" +\\n+            \\\"   \\\", \\\"6\\\");\\n+        DIGIT_PATTERNS.put(\\n+            \\\" _ \\\" +\\n+            \\\"  |\\\" +\\n+            \\\"  |\\\" +\\n+            \\\"   \\\", \\\"7\\\");\\n+        DIGIT_PATTERNS.put(\\n+            \\\" _ \\\" +\\n+            \\\"|_|\\\" +\\n+            \\\"|_|\\\" +\\n+            \\\"   \\\", \\\"8\\\");\\n+        DIGIT_PATTERNS.put(\\n+            \\\" _ \\\" +\\n+            \\\"|_|\\\" +\\n+            \\\" _|\\\" +\\n+            \\\"   \\\", \\\"9\\\");\\n+    }\\n+\\n     String parse(List<String> input) {\\n-        throw new UnsupportedOperationException(\\\"Delete this statement and write your own implementation.\\\");\\n+        if (input.size() % DIGIT_HEIGHT != 0) {\\n+            throw new IllegalArgumentException(\\\"Number of input lines must be a multiple of 4\\\");\\n+        }\\n+\\n+        List<String> resultNumbers = new ArrayList<>();\\n+        int lineCount = input.size();\\n+\\n+        for (int i = 0; i < lineCount; i += DIGIT_HEIGHT) {\\n+            List<String> currentNumberLines = input.subList(i, i + DIGIT_HEIGHT);\\n+            resultNumbers.add(parseSingleNumber(currentNumberLines));\\n+        }\\n+\\n+        return String.join(\\\",\\\", resultNumbers);\\n     }\\n \\n+    private String parseSingleNumber(List<String> lines) {\\n+        if (lines.size() != DIGIT_HEIGHT) {\\n+             // This should ideally not happen due to the check in parse()\\n+             throw new IllegalArgumentException(\\\"Internal error: Incorrect number of lines for single number.\\\");\\n+        }\\n+\\n+        int lineWidth = lines.get(0).length();\\n+        if (lineWidth % DIGIT_WIDTH != 0) {\\n+            throw new IllegalArgumentException(\\\"Number of columns must be a multiple of 3\\\");\\n+        }\\n+\\n+        // Validate all lines in the block have the same length\\n+        for (String line : lines) {\\n+            if (line.length() != lineWidth) {\\n+                 throw new IllegalArgumentException(\\\"Input lines within a block must have the same length\\\");\\n+            }\\n+        }\\n+\\n+\\n+        StringBuilder recognizedNumber = new StringBuilder();\\n+        int numDigits = lineWidth / DIGIT_WIDTH;\\n+\\n+        for (int digitIndex = 0; digitIndex < numDigits; digitIndex++) {\\n+            StringBuilder currentDigitPattern = new StringBuilder();\\n+            int startCol = digitIndex * DIGIT_WIDTH;\\n+            int endCol = startCol + DIGIT_WIDTH;\\n+\\n+            for (int row = 0; row < DIGIT_HEIGHT; row++) {\\n+                 // Ensure substring indices are valid\\n+                if (endCol > lines.get(row).length()) {\\n+                     throw new IllegalArgumentException(\\\"Input line too short for expected width\\\");\\n+                }\\n+                currentDigitPattern.append(lines.get(row).substring(startCol, endCol));\\n+            }\\n+\\n+            recognizedNumber.append(DIGIT_PATTERNS.getOrDefault(currentDigitPattern.toString(), \\\"?\\\"));\\n+        }\\n+\\n+        return recognizedNumber.toString();\\n+    }\\n }\\n\\\\ No newline at end of file\\n\"}",
  "partial": false
}
[2025-04-04T04:42:37.841Z] {
  "ts": 1743741757797,
  "type": "say",
  "say": "api_req_started",
  "text": "{\"request\":\"[write_to_file for 'src/main/java/OpticalCharacterReader.java'] Result:\\n\\nThe content was successfully saved to src/main/java/OpticalCharacterReader.java.\\n\\nLoading...\"}"
}
[2025-04-04T04:42:41.137Z] {
  "ts": 1743741760271,
  "type": "say",
  "say": "text",
  "text": "Okay, the implementation has been written to `src/main/java/OpticalCharacterReader.java`.\n\nNow, I will run the tests using the provided command `./gradlew test` to check if the implementation passes all test cases defined in `src/test/java/OpticalCharacterReaderTest.java`. This command will compile the code and execute the JUnit tests.",
  "partial": false
}
[2025-04-04T04:42:41.257Z] {
  "ts": 1743741761155,
  "type": "ask",
  "ask": "command",
  "text": "./gradlew test"
}
[2025-04-04T04:42:43.692Z] {
  "ts": 1743741763631,
  "type": "ask",
  "ask": "command_output",
  "text": "\r\n\r\n"
}
[2025-04-04T04:42:43.692Z] {
  "ts": 1743741763631,
  "type": "ask",
  "ask": "command_output",
  "text": ""
}
[2025-04-04T04:42:44.418Z] {
  "ts": 1743741764348,
  "type": "ask",
  "ask": "command_output",
  "text": "<===========--> 85% EXECUTING [111ms]> :test > 0 tests completed<===========--> 85% EXECUTING [206ms]<===========--> 85% EXECUTING [308ms]\r\n<===========--> 85% EXECUTING [407ms]> :test > Executing test OpticalCharacterReaderTest\r\n> Task :test FAILED\r\n\r\nOpticalCharacterReaderTest > testReaderRecognizesAndCorrectlyFormatsMultiRowInput() PASSED\r\n\r\nOpticalCharacterReaderTest > testReaderReturnsQuestionMarkForUnreadableButCorrectlySizedInput() PASSED\r\n\r\nOpticalCharacterReaderTest > testReaderThrowsExceptionWhenNumberOfInputColumnsIsNotAMultipleOf3() FAILED\r\n    org.opentest4j.AssertionFailedError: \r\n    Expecting message to be:\r\n      \"Number of input columns must be a positive multiple of 3\"\r\n    but was:\r\n      \"Number of columns must be a multiple of 3\"\r\n\r\n    Throwable that failed the check:\r\n\r\n    java.lang.IllegalArgumentException: Number of columns must be a multiple of 3\r\n        at OpticalCharacterReader.parseSingleNumber(OpticalCharacterReader.java:90)\r\n        at OpticalCharacterReader.parse(OpticalCharacterReader.java:76)\r\n        at OpticalCharacterReaderTest.lambda$testReaderThrowsExceptionWhenNumberOfInputColumnsIsNotAMultipleOf3$1(OpticalCharacterReaderTest.java:67)\r\n        at org.assertj.core.api.ThrowableAssert.catchThrowable(ThrowableAssert.java:63)\r\n        at org.assertj.core.api.ThrowableTypeAssert.isThrownBy(ThrowableTypeAssert.java:59)\r\n        at OpticalCharacterReaderTest.testReaderThrowsExceptionWhenNumberOfInputColumnsIsNotAMultipleOf3(OpticalCharacterReaderTest.java:66)\r\n        at java.base/jdk.internal.reflect.NativeMethodAccessorImpl.invoke0(Native Method)\r\n        at java.base/jdk.internal.reflect.NativeMethodAccessorImpl.invoke(NativeMethodAccessorImpl.java:77)\r\n        at java.base/jdk.internal.reflect.DelegatingMethodAccessorImpl.invoke(DelegatingMethodAccessorImpl.java:43)\r\n        at java.base/java.lang.reflect.Method.invoke(Method.java:569)\r\n        at org.junit.platform.commons.util.ReflectionUtils.invokeMethod(ReflectionUtils.java:728)\r\n        at org.junit.jupiter.engine.execution.MethodInvocation.proceed(MethodInvocation.java:60)\r\n        at org.junit.jupiter.engine.execution.InvocationInterceptorChain$ValidatingInvocation.proceed(InvocationInterceptorChain.java:131)\r\n        at org.junit.jupiter.engine.extension.TimeoutExtension.intercept(TimeoutExtension.java:156)\r\n        at org.junit.jupiter.engine.extension.TimeoutExtension.interceptTestableMethod(TimeoutExtension.java:147)\r\n        at org.junit.jupiter.engine.extension.TimeoutExtension.interceptTestMethod(TimeoutExtension.java:86)\r\n        at org.junit.jupiter.engine.execution.InterceptingExecutableInvoker$ReflectiveInterceptorCall.lambda$ofVoidMethod$0(InterceptingExecutableInvoker.java:103)\r\n        at org.junit.jupiter.engine.execution.InterceptingExecutableInvoker.lambda$invoke$0(InterceptingExecutableInvoker.java:93)\r\n        at org.junit.jupiter.engine.execution.InvocationInterceptorChain$InterceptedInvocation.proceed(InvocationInterceptorChain.java:106)\r\n        at org.junit.jupiter.engine.execution.InvocationInterceptorChain.proceed(InvocationInterceptorChain.java:64)\r\n        at org.junit.jupiter.engine.execution.InvocationInterceptorChain.chainAndInvoke(InvocationInterceptorChain.java:45)\r\n        at org.junit.jupiter.engine.execution.InvocationInterceptorChain.invoke(InvocationInterceptorChain.java:37)\r\n        at org.junit.jupiter.engine.execution.InterceptingExecutableInvoker.invoke(InterceptingExecutableInvoker.java:92)\r\n        at org.junit.jupiter.engine.execution.InterceptingExecutableInvoker.invoke(InterceptingExecutableInvoker.java:86)\r\n        at org.junit.jupiter.engine.descriptor.TestMethodTestDescriptor.lambda$invokeTestMethod$7(TestMethodTestDescriptor.java:218)\r\n        at org.junit.platform.engine.support.hierarchical.ThrowableCollector.execute(ThrowableCollector.java:73)\r\n        at org.junit.jupiter.engine.descriptor.TestMethodTestDescriptor.invokeTestMethod(TestMethodTestDescriptor.java:214)\r\n        at org.junit.jupiter.engine.descriptor.TestMethodTestDescriptor.execute(TestMethodTestDescriptor.java:139)\r\n        at org.junit.jupiter.engine.descriptor.TestMethodTestDescriptor.execute(TestMethodTestDescriptor.java:69)\r\n        at org.junit.platform.engine.support.hierarchical.NodeTestTask.lambda$executeRecursively$6(NodeTestTask.java:151)\r\n        at org.junit.platform.engine.support.hierarchical.ThrowableCollector.execute(ThrowableCollector.java:73)\r\n        at org.junit.platform.engine.support.hierarchical.NodeTestTask.lambda$executeRecursively$8(NodeTestTask.java:141)\r\n        at org.junit.platform.engine.support.hierarchical.Node.around(Node.java:137)\r\n        at org.junit.platform.engine.support.hierarchical.NodeTestTask.lambda$executeRecursively$9(NodeTestTask.java:139)\r\n        at org.junit.platform.engine.support.hierarchical.ThrowableCollector.execute(ThrowableCollector.java:73)\r\n        at org.junit.platform.engine.support.hierarchical.NodeTestTask.executeRecursively(NodeTestTask.java:138)\r\n        at org.junit.platform.engine.support.hierarchical.NodeTestTask.execute(NodeTestTask.java:95)\r\n        at java.base/java.util.ArrayList.forEach(ArrayList.java:1511)\r\n        at org.junit.platform.engine.support.hierarchical.SameThreadHierarchicalTestExecutorService.invokeAll(SameThreadHierarchicalTestExecutorService.java:41)\r\n        at org.junit.platform.engine.support.hierarchical.NodeTestTask.lambda$executeRecursively$6(NodeTestTask.java:155)\r\n        at org.junit.platform.engine.support.hierarchical.ThrowableCollector.execute(ThrowableCollector.java:73)\r\n        at org.junit.platform.engine.support.hierarchical.NodeTestTask.lambda$executeRecursively$8(NodeTestTask.java:141)\r\n        at org.junit.platform.engine.support.hierarchical.Node.around(Node.java:137)\r\n        at org.junit.platform.engine.support.hierarchical.NodeTestTask.lambda$executeRecursively$9(NodeTestTask.java:139)\r\n        at org.junit.platform.engine.support.hierarchical.ThrowableCollector.execute(ThrowableCollector.java:73)\r\n        at org.junit.platform.engine.support.hierarchical.NodeTestTask.executeRecursively(NodeTestTask.java:138)\r\n        at org.junit.platform.engine.support.hierarchical.NodeTestTask.execute(NodeTestTask.java:95)\r\n        at java.base/java.util.ArrayList.forEach(ArrayList.java:1511)\r\n        at org.junit.platform.engine.support.hierarchical.SameThreadHierarchicalTestExecutorService.invokeAll(SameThreadHierarchicalTestExecutorService.java:41)\r\n        at org.junit.platform.engine.support.hierarchical.NodeTestTask.lambda$executeRecursively$6(NodeTestTask.java:155)\r\n        at org.junit.platform.engine.support.hierarchical.ThrowableCollector.execute(ThrowableCollector.java:73)\r\n        at org.junit.platform.engine.support.hierarchical.NodeTestTask.lambda$executeRecursively$8(NodeTestTask.java:141)\r\n        at org.junit.platform.engine.support.hierarchical.Node.around(Node.java:137)\r\n        at org.junit.platform.engine.support.hierarchical.NodeTestTask.lambda$executeRecursively$9(NodeTestTask.java:139)\r\n        at org.junit.platform.engine.support.hierarchical.ThrowableCollector.execute(ThrowableCollector.java:73)\r\n        at org.junit.platform.engine.support.hierarchical.NodeTestTask.executeRecursively(NodeTestTask.java:138)\r\n        at org.junit.platform.engine.support.hierarchical.NodeTestTask.execute(NodeTestTask.java:95)\r\n        at org.junit.platform.engine.support.hierarchical.SameThreadHierarchicalTestExecutorService.submit(SameThreadHierarchicalTestExecutorService.java:35)\r\n        at org.junit.platform.engine.support.hierarchical.HierarchicalTestExecutor.execute(HierarchicalTestExecutor.java:57)\r\n        at org.junit.platform.engine.support.hierarchical.HierarchicalTestEngine.execute(HierarchicalTestEngine.java:54)\r\n        at org.junit.platform.launcher.core.EngineExecutionOrchestrator.execute(EngineExecutionOrchestrator.java:107)\r\n        at org.junit.platform.launcher.core.EngineExecutionOrchestrator.execute(EngineExecutionOrchestrator.java:88)\r\n        at org.junit.platform.launcher.core.EngineExecutionOrchestrator.lambda$execute$0(EngineExecutionOrchestrator.java:54)\r\n        at org.junit.platform.launcher.core.EngineExecutionOrchestrator.withInterceptedStreams(EngineExecutionOrchestrator.java:67)\r\n        at org.junit.platform.launcher.core.EngineExecutionOrchestrator.execute(EngineExecutionOrchestrator.java:52)\r\n        at org.junit.platform.launcher.core.DefaultLauncher.execute(DefaultLauncher.java:114)\r\n        at org.junit.platform.launcher.core.DefaultLauncher.execute(DefaultLauncher.java:86)\r\n        at org.junit.platform.launcher.core.DefaultLauncherSession$DelegatingLauncher.execute(DefaultLauncherSession.java:86)\r\n        at org.gradle.api.internal.tasks.testing.junitplatform.JUnitPlatformTestClassProcessor$CollectAllTestClassesExecutor.processAllTestClasses(JUnitPlatformTestClassProcessor.java:119)\r\n        at org.gradle.api.internal.tasks.testing.junitplatform.JUnitPlatformTestClassProcessor$CollectAllTestClassesExecutor.access$000(JUnitPlatformTestClassProcessor.java:94)\r\n        at org.gradle.api.internal.tasks.testing.junitplatform.JUnitPlatformTestClassProcessor.stop(JUnitPlatformTestClassProcessor.java:89)\r\n        at org.gradle.api.internal.tasks.testing.SuiteTestClassProcessor.stop(SuiteTestClassProcessor.java:62)\r\n        at java.base/jdk.internal.reflect.NativeMethodAccessorImpl.invoke0(Native Method)\r\n        at java.base/jdk.internal.reflect.NativeMethodAccessorImpl.invoke(NativeMethodAccessorImpl.java:77)\r\n        at java.base/jdk.internal.reflect.DelegatingMethodAccessorImpl.invoke(DelegatingMethodAccessorImpl.java:43)\r\n        at java.base/java.lang.reflect.Method.invoke(Method.java:569)\r\n        at org.gradle.internal.dispatch.ReflectionDispatch.dispatch(ReflectionDispatch.java:36)\r\n        at org.gradle.internal.dispatch.ReflectionDispatch.dispatch(ReflectionDispatch.java:24)\r\n        at org.gradle.internal.dispatch.ContextClassLoaderDispatch.dispatch(ContextClassLoaderDispatch.java:33)\r\n        at org.gradle.internal.dispatch.ProxyDispatchAdapter$DispatchingInvocationHandler.invoke(ProxyDispatchAdapter.java:94)\r\n        at jdk.proxy1/jdk.proxy1.$Proxy2.stop(Unknown Source)\r\n        at org.gradle.api.internal.tasks.testing.worker.TestWorker$3.run(TestWorker.java:193)\r\n        at org.gradle.api.internal.tasks.testing.worker.TestWorker.executeAndMaintainThreadName(TestWorker.java:129)\r\n        at org.gradle.api.internal.tasks.testing.worker.TestWorker.execute(TestWorker.java:100)\r\n        at org.gradle.api.internal.tasks.testing.worker.TestWorker.execute(TestWorker.java:60)\r\n        at org.gradle.process.internal.worker.child.ActionExecutionWorker.execute(ActionExecutionWorker.java:56)\r\n        at org.gradle.process.internal.worker.child.SystemApplicationClassLoaderWorker.call(SystemApplicationClassLoaderWorker.java:113)\r\n        at org.gradle.process.internal.worker.child.SystemApplicationClassLoaderWorker.call(SystemApplicationClassLoaderWorker.java:65)\r\n        at worker.org.gradle.process.internal.worker.GradleWorkerMain.run(GradleWorkerMain.java:69)\r\n        at worker.org.gradle.process.internal.worker.GradleWorkerMain.main(GradleWorkerMain.java:74)\r\n        at java.base@17.0.14/jdk.internal.reflect.NativeConstructorAccessorImpl.newInstance0(Native Method)\r\n        at java.base@17.0.14/jdk.internal.reflect.NativeConstructorAccessorImpl.newInstance(NativeConstructorAccessorImpl.java:77)\r\n        at java.base@17.0.14/jdk.internal.reflect.DelegatingConstructorAccessorImpl.newInstance(DelegatingConstructorAccessorImpl.java:45)\r\n        at java.base@17.0.14/java.lang.reflect.Constructor.newInstanceWithCaller(Constructor.java:500)\r\n        at app//OpticalCharacterReaderTest.testReaderThrowsExceptionWhenNumberOfInputColumnsIsNotAMultipleOf3(OpticalCharacterReaderTest.java:73)\r\n\r\nOpticalCharacterReaderTest > testReaderRecognizesBinarySequence110101100() PASSED\r\n\r\nOpticalCharacterReaderTest > testReaderRecognizesSingle0() PASSED\r\n\r\nOpticalCharacterReaderTest > testReaderRecognizesSingle1() PASSED\r\n\r\nOpticalCharacterReaderTest > testReaderRecognizesSingle2() PASSED\r\n\r\nOpticalCharacterReaderTest > testReaderRecognizesSingle3() PASSED\r\n\r\nOpticalCharacterReaderTest > testReaderRecognizesSingle4() PASSED\r\n\r\nOpticalCharacterReaderTest > testReaderRecognizesSingle5() PASSED\r\n\r\nOpticalCharacterReaderTest > testReaderRecognizesSingle6() PASSED\r\n\r\nOpticalCharacterReaderTest > testReaderRecognizesSingle7() PASSED\r\n\r\nOpticalCharacterReaderTest > testReaderRecognizesSingle8() PASSED\r\n\r\nOpticalCharacterReaderTest > testReaderRecognizesSingle9() PASSED\r\n\r\nOpticalCharacterReaderTest > testReaderReplacesUnreadableDigitsWithQuestionMarksWithinSequence() PASSED\r\n\r\nOpticalCharacterReaderTest > testReaderRecognizesSequence1234567890() PASSED\r\n\r\nOpticalCharacterReaderTest > testReaderThrowsExceptionWhenNumberOfInputLinesIsNotAMultipleOf4() FAILED\r\n    org.opentest4j.AssertionFailedError: \r\n    Expecting message to be:\r\n      \"Number of input rows must be a positive multiple of 4\"\r\n    but was:\r\n      \"Number of input lines must be a multiple of 4\"\r\n\r\n    Throwable that failed the check:\r\n\r\n    java.lang.IllegalArgumentException: Number of input lines must be a multiple of 4\r\n        at OpticalCharacterReader.parse(OpticalCharacterReader.java:68)\r\n        at OpticalCharacterReaderTest.lambda$testReaderThrowsExceptionWhenNumberOfInputLinesIsNotAMultipleOf4$0(OpticalCharacterReaderTest.java:53)\r\n        at org.assertj.core.api.ThrowableAssert.catchThrowable(ThrowableAssert.java:63)\r\n        at org.assertj.core.api.ThrowableTypeAssert.isThrownBy(ThrowableTypeAssert.java:59)\r\n        at OpticalCharacterReaderTest.testReaderThrowsExceptionWhenNumberOfInputLinesIsNotAMultipleOf4(OpticalCharacterReaderTest.java:52)\r\n        at java.base/jdk.internal.reflect.NativeMethodAccessorImpl.invoke0(Native Method)\r\n        at java.base/jdk.internal.reflect.NativeMethodAccessorImpl.invoke(NativeMethodAccessorImpl.java:77)\r\n        at java.base/jdk.internal.reflect.DelegatingMethodAccessorImpl.invoke(DelegatingMethodAccessorImpl.java:43)\r\n        at java.base/java.lang.reflect.Method.invoke(Method.java:569)\r\n        at org.junit.platform.commons.util.ReflectionUtils.invokeMethod(ReflectionUtils.java:728)\r\n        at org.junit.jupiter.engine.execution.MethodInvocation.proceed(MethodInvocation.java:60)\r\n        at org.junit.jupiter.engine.execution.InvocationInterceptorChain$ValidatingInvocation.proceed(InvocationInterceptorChain.java:131)\r\n        at org.junit.jupiter.engine.extension.TimeoutExtension.intercept(TimeoutExtension.java:156)\r\n        at org.junit.jupiter.engine.extension.TimeoutExtension.interceptTestableMethod(TimeoutExtension.java:147)\r\n        at org.junit.jupiter.engine.extension.TimeoutExtension.interceptTestMethod(TimeoutExtension.java:86)\r\n        at org.junit.jupiter.engine.execution.InterceptingExecutableInvoker$ReflectiveInterceptorCall.lambda$ofVoidMethod$0(InterceptingExecutableInvoker.java:103)\r\n        at org.junit.jupiter.engine.execution.InterceptingExecutableInvoker.lambda$invoke$0(InterceptingExecutableInvoker.java:93)\r\n        at org.junit.jupiter.engine.execution.InvocationInterceptorChain$InterceptedInvocation.proceed(InvocationInterceptorChain.java:106)\r\n        at org.junit.jupiter.engine.execution.InvocationInterceptorChain.proceed(InvocationInterceptorChain.java:64)\r\n        at org.junit.jupiter.engine.execution.InvocationInterceptorChain.chainAndInvoke(InvocationInterceptorChain.java:45)\r\n        at org.junit.jupiter.engine.execution.InvocationInterceptorChain.invoke(InvocationInterceptorChain.java:37)\r\n        at org.junit.jupiter.engine.execution.InterceptingExecutableInvoker.invoke(InterceptingExecutableInvoker.java:92)\r\n        at org.junit.jupiter.engine.execution.InterceptingExecutableInvoker.invoke(InterceptingExecutableInvoker.java:86)\r\n        at org.junit.jupiter.engine.descriptor.TestMethodTestDescriptor.lambda$invokeTestMethod$7(TestMethodTestDescriptor.java:218)\r\n        at org.junit.platform.engine.support.hierarchical.ThrowableCollector.execute(ThrowableCollector.java:73)\r\n        at org.junit.jupiter.engine.descriptor.TestMethodTestDescriptor.invokeTestMethod(TestMethodTestDescriptor.java:214)\r\n        at org.junit.jupiter.engine.descriptor.TestMethodTestDescriptor.execute(TestMethodTestDescriptor.java:139)\r\n        at org.junit.jupiter.engine.descriptor.TestMethodTestDescriptor.execute(TestMethodTestDescriptor.java:69)\r\n        at org.junit.platform.engine.support.hierarchical.NodeTestTask.lambda$executeRecursively$6(NodeTestTask.java:151)\r\n        at org.junit.platform.engine.support.hierarchical.ThrowableCollector.execute(ThrowableCollector.java:73)\r\n        at org.junit.platform.engine.support.hierarchical.NodeTestTask.lambda$executeRecursively$8(NodeTestTask.java:141)\r\n        at org.junit.platform.engine.support.hierarchical.Node.around(Node.java:137)\r\n        at org.junit.platform.engine.support.hierarchical.NodeTestTask.lambda$executeRecursively$9(NodeTestTask.java:139)\r\n        at org.junit.platform.engine.support.hierarchical.ThrowableCollector.execute(ThrowableCollector.java:73)\r\n        at org.junit.platform.engine.support.hierarchical.NodeTestTask.executeRecursively(NodeTestTask.java:138)\r\n        at org.junit.platform.engine.support.hierarchical.NodeTestTask.execute(NodeTestTask.java:95)\r\n        at java.base/java.util.ArrayList.forEach(ArrayList.java:1511)\r\n        at org.junit.platform.engine.support.hierarchical.SameThreadHierarchicalTestExecutorService.invokeAll(SameThreadHierarchicalTestExecutorService.java:41)\r\n        at org.junit.platform.engine.support.hierarchical.NodeTestTask.lambda$executeRecursively$6(NodeTestTask.java:155)\r\n        at org.junit.platform.engine.support.hierarchical.ThrowableCollector.execute(ThrowableCollector.java:73)\r\n        at org.junit.platform.engine.support.hierarchical.NodeTestTask.lambda$executeRecursively$8(NodeTestTask.java:141)\r\n        at org.junit.platform.engine.support.hierarchical.Node.around(Node.java:137)\r\n        at org.junit.platform.engine.support.hierarchical.NodeTestTask.lambda$executeRecursively$9(NodeTestTask.java:139)\r\n        at org.junit.platform.engine.support.hierarchical.ThrowableCollector.execute(ThrowableCollector.java:73)\r\n        at org.junit.platform.engine.support.hierarchical.NodeTestTask.executeRecursively(NodeTestTask.java:138)\r\n        at org.junit.platform.engine.support.hierarchical.NodeTestTask.execute(NodeTestTask.java:95)\r\n        at java.base/java.util.ArrayList.forEach(ArrayList.java:1511)\r\n        at org.junit.platform.engine.support.hierarchical.SameThreadHierarchicalTestExecutorService.invokeAll(SameThreadHierarchicalTestExecutorService.java:41)\r\n        at org.junit.platform.engine.support.hierarchical.NodeTestTask.lambda$executeRecursively$6(NodeTestTask.java:155)\r\n        at org.junit.platform.engine.support.hierarchical.ThrowableCollector.execute(ThrowableCollector.java:73)\r\n        at org.junit.platform.engine.support.hierarchical.NodeTestTask.lambda$executeRecursively$8(NodeTestTask.java:141)\r\n        at org.junit.platform.engine.support.hierarchical.Node.around(Node.java:137)\r\n        at org.junit.platform.engine.support.hierarchical.NodeTestTask.lambda$executeRecursively$9(NodeTestTask.java:139)\r\n        at org.junit.platform.engine.support.hierarchical.ThrowableCollector.execute(ThrowableCollector.java:73)\r\n        at org.junit.platform.engine.support.hierarchical.NodeTestTask.executeRecursively(NodeTestTask.java:138)\r\n        at org.junit.platform.engine.support.hierarchical.NodeTestTask.execute(NodeTestTask.java:95)\r\n        at org.junit.platform.engine.support.hierarchical.SameThreadHierarchicalTestExecutorService.submit(SameThreadHierarchicalTestExecutorService.java:35)\r\n        at org.junit.platform.engine.support.hierarchical.HierarchicalTestExecutor.execute(HierarchicalTestExecutor.java:57)\r\n        at org.junit.platform.engine.support.hierarchical.HierarchicalTestEngine.execute(HierarchicalTestEngine.java:54)\r\n        at org.junit.platform.launcher.core.EngineExecutionOrchestrator.execute(EngineExecutionOrchestrator.java:107)\r\n        at org.junit.platform.launcher.core.EngineExecutionOrchestrator.execute(EngineExecutionOrchestrator.java:88)\r\n        at org.junit.platform.launcher.core.EngineExecutionOrchestrator.lambda$execute$0(EngineExecutionOrchestrator.java:54)\r\n        at org.junit.platform.launcher.core.EngineExecutionOrchestrator.withInterceptedStreams(EngineExecutionOrchestrator.java:67)\r\n        at org.junit.platform.launcher.core.EngineExecutionOrchestrator.execute(EngineExecutionOrchestrator.java:52)\r\n        at org.junit.platform.launcher.core.DefaultLauncher.execute(DefaultLauncher.java:114)\r\n        at org.junit.platform.launcher.core.DefaultLauncher.execute(DefaultLauncher.java:86)\r\n        at org.junit.platform.launcher.core.DefaultLauncherSession$DelegatingLauncher.execute(DefaultLauncherSession.java:86)\r\n        at org.gradle.api.internal.tasks.testing.junitplatform.JUnitPlatformTestClassProcessor$CollectAllTestClassesExecutor.processAllTestClasses(JUnitPlatformTestClassProcessor.java:119)\r\n        at org.gradle.api.internal.tasks.testing.junitplatform.JUnitPlatformTestClassProcessor$CollectAllTestClassesExecutor.access$000(JUnitPlatformTestClassProcessor.java:94)\r\n        at org.gradle.api.internal.tasks.testing.junitplatform.JUnitPlatformTestClassProcessor.stop(JUnitPlatformTestClassProcessor.java:89)\r\n        at org.gradle.api.internal.tasks.testing.SuiteTestClassProcessor.stop(SuiteTestClassProcessor.java:62)\r\n        at java.base/jdk.internal.reflect.NativeMethodAccessorImpl.invoke0(Native Method)\r\n        at java.base/jdk.internal.reflect.NativeMethodAccessorImpl.invoke(NativeMethodAccessorImpl.java:77)\r\n        at java.base/jdk.internal.reflect.DelegatingMethodAccessorImpl.invoke(DelegatingMethodAccessorImpl.java:43)\r\n        at java.base/java.lang.reflect.Method.invoke(Method.java:569)\r\n        at org.gradle.internal.dispatch.ReflectionDispatch.dispatch(ReflectionDispatch.java:36)\r\n        at org.gradle.internal.dispatch.ReflectionDispatch.dispatch(ReflectionDispatch.java:24)\r\n        at org.gradle.internal.dispatch.ContextClassLoaderDispatch.dispatch(ContextClassLoaderDispatch.java:33)\r\n        at org.gradle.internal.dispatch.ProxyDispatchAdapter$DispatchingInvocationHandler.invoke(ProxyDispatchAdapter.java:94)\r\n        at jdk.proxy1/jdk.proxy1.$Proxy2.stop(Unknown Source)\r\n        at org.gradle.api.internal.tasks.testing.worker.TestWorker$3.run(TestWorker.java:193)\r\n        at org.gradle.api.internal.tasks.testing.worker.TestWorker.executeAndMaintainThreadName(TestWorker.java:129)\r\n        at org.gradle.api.internal.tasks.testing.worker.TestWorker.execute(TestWorker.java:100)\r\n        at org.gradle.api.internal.tasks.testing.worker.TestWorker.execute(TestWorker.java:60)\r\n        at org.gradle.process.internal.worker.child.ActionExecutionWorker.execute(ActionExecutionWorker.java:56)\r\n        at org.gradle.process.internal.worker.child.SystemApplicationClassLoaderWorker.call(SystemApplicationClassLoaderWorker.java:113)\r\n        at org.gradle.process.internal.worker.child.SystemApplicationClassLoaderWorker.call(SystemApplicationClassLoaderWorker.java:65)\r\n        at worker.org.gradle.process.internal.worker.GradleWorkerMain.run(GradleWorkerMain.java:69)\r\n        at worker.org.gradle.process.internal.worker.GradleWorkerMain.main(GradleWorkerMain.java:74)\r\n        at java.base@17.0.14/jdk.internal.reflect.NativeConstructorAccessorImpl.newInstance0(Native Method)\r\n        at java.base@17.0.14/jdk.internal.reflect.NativeConstructorAccessorImpl.newInstance(NativeConstructorAccessorImpl.java:77)\r\n        at java.base@17.0.14/jdk.internal.reflect.DelegatingConstructorAccessorImpl.newInstance(DelegatingConstructorAccessorImpl.java:45)\r\n        at java.base@17.0.14/java.lang.reflect.Constructor.newInstanceWithCaller(Constructor.java:500)\r\n        at app//OpticalCharacterReaderTest.testReaderThrowsExceptionWhenNumberOfInputLinesIsNotAMultipleOf4(OpticalCharacterReaderTest.java:58)\r\n\r\n17 tests completed, 2 failed\r\n\r\nFAILURE: Build failed with an exception.\r\n\r\n* What went wrong:\r\nExecution failed for task ':test'.\r\n> There were failing tests. See the report at: file:///Users/cte/Documents/evals/java/ocr-numbers/build/reports/tests/test/index.html\r\n\r\n* Try:\r\n> Run with --scan to get full insights.\r\n\r\nDeprecated Gradle features were used in this build, making it incompatible with Gradle 9.0.\r\n\r\nYou can use '--warning-mode all' to show the individual deprecation warnings and determine if they come from your own scripts or plugins.\r\n\r\nFor more on this, please refer to https://docs.gradle.org/8.7/userguide/command_line_interface.html#sec:command_line_warnings in the Gradle documentation.\r\n\r\nBUILD FAILED in 763ms\r\n3 actionable tasks: 2 executed, 1 up-to-date\r\n\r\n\r\n\r\n"
}
[2025-04-04T04:42:44.418Z] {
  "ts": 1743741764348,
  "type": "ask",
  "ask": "command_output",
  "text": "<-------------> 0% WAITING> :test > 0 tests completed> :test > Executing test OpticalCharacterReaderTest> IDLE> IDLE%                                                                                    \r \r"
}
[2025-04-04T04:42:44.473Z] {
  "ts": 1743741764401,
  "type": "say",
  "say": "api_req_started",
  "text": "{\"request\":\"[execute_command for './gradlew test'] Result:\\n\\nCommand executed in terminal 1 within working directory '/Users/cte/Documents/evals/java/ocr-numbers'. Command execution was not successful, inspect the cause and adjust as needed.\\nExit code: 1\\nOutput:\\n\\r\\n\\r\\n<===========--> 85% EXECUTING [111ms]> :test > 0 tests completed<===========--> 85% EXECUTING [206ms]<===========--> 85% EXECUTING [308ms]\\r\\n<===========--> 85% EXECUTING [407ms]> :test > Executing test OpticalCharacterReaderTest\\r\\n> Task :test FAILED\\r\\n\\r\\nOpticalCharacterReaderTest > testReaderRecognizesAndCorrectlyFormatsMultiRowInput() PASSED\\r\\n\\r\\nOpticalCharacterReaderTest > testReaderReturnsQuestionMarkForUnreadableButCorrectlySizedInput() PASSED\\r\\n\\r\\nOpticalCharacterReaderTest > testReaderThrowsExceptionWhenNumberOfInputColumnsIsNotAMultipleOf3() FAILED\\r\\n    org.opentest4j.AssertionFailedError: \\r\\n    Expecting message to be:\\r\\n      \\\"Number of input columns must be a positive multiple of 3\\\"\\r\\n    but was:\\r\\n      \\\"Number of columns must be a multiple of 3\\\"\\r\\n\\r\\n    Throwable that failed the check:\\r\\n\\r\\n    java.lang.IllegalArgumentException: Number of columns must be a multiple of 3\\r\\n        at OpticalCharacterReader.parseSingleNumber(OpticalCharacterReader.java:90)\\r\\n        at OpticalCharacterReader.parse(OpticalCharacterReader.java:76)\\r\\n        at OpticalCharacterReaderTest.lambda$testReaderThrowsExceptionWhenNumberOfInputColumnsIsNotAMultipleOf3$1(OpticalCharacterReaderTest.java:67)\\r\\n        at org.assertj.core.api.ThrowableAssert.catchThrowable(ThrowableAssert.java:63)\\r\\n        at org.assertj.core.api.ThrowableTypeAssert.isThrownBy(ThrowableTypeAssert.java:59)\\r\\n        at OpticalCharacterReaderTest.testReaderThrowsExceptionWhenNumberOfInputColumnsIsNotAMultipleOf3(OpticalCharacterReaderTest.java:66)\\r\\n        at java.base/jdk.internal.reflect.NativeMethodAccessorImpl.invoke0(Native Method)\\r\\n        at java.base/jdk.internal.reflect.NativeMethodAccessorImpl.invoke(NativeMethodAccessorImpl.java:77)\\r\\n        at java.base/jdk.internal.reflect.DelegatingMethodAccessorImpl.invoke(DelegatingMethodAccessorImpl.java:43)\\r\\n        at java.base/java.lang.reflect.Method.invoke(Method.java:569)\\r\\n        at org.junit.platform.commons.util.ReflectionUtils.invokeMethod(ReflectionUtils.java:728)\\r\\n        at org.junit.jupiter.engine.execution.MethodInvocation.proceed(MethodInvocation.java:60)\\r\\n        at org.junit.jupiter.engine.execution.InvocationInterceptorChain$ValidatingInvocation.proceed(InvocationInterceptorChain.java:131)\\r\\n        at org.junit.jupiter.engine.extension.TimeoutExtension.intercept(TimeoutExtension.java:156)\\r\\n        at org.junit.jupiter.engine.extension.TimeoutExtension.interceptTestableMethod(TimeoutExtension.java:147)\\r\\n        at org.junit.jupiter.engine.extension.TimeoutExtension.interceptTestMethod(TimeoutExtension.java:86)\\r\\n        at org.junit.jupiter.engine.execution.InterceptingExecutableInvoker$ReflectiveInterceptorCall.lambda$ofVoidMethod$0(InterceptingExecutableInvoker.java:103)\\r\\n        at org.junit.jupiter.engine.execution.InterceptingExecutableInvoker.lambda$invoke$0(InterceptingExecutableInvoker.java:93)\\r\\n        at org.junit.jupiter.engine.execution.InvocationInterceptorChain$InterceptedInvocation.proceed(InvocationInterceptorChain.java:106)\\r\\n        at org.junit.jupiter.engine.execution.InvocationInterceptorChain.proceed(InvocationInterceptorChain.java:64)\\r\\n        at org.junit.jupiter.engine.execution.InvocationInterceptorChain.chainAndInvoke(InvocationInterceptorChain.java:45)\\r\\n        at org.junit.jupiter.engine.execution.InvocationInterceptorChain.invoke(InvocationInterceptorChain.java:37)\\r\\n        at org.junit.jupiter.engine.execution.InterceptingExecutableInvoker.invoke(InterceptingExecutableInvoker.java:92)\\r\\n        at org.junit.jupiter.engine.execution.InterceptingExecutableInvoker.invoke(InterceptingExecutableInvoker.java:86)\\r\\n        at org.junit.jupiter.engine.descriptor.TestMethodTestDescriptor.lambda$invokeTestMethod$7(TestMethodTestDescriptor.java:218)\\r\\n        at org.junit.platform.engine.support.hierarchical.ThrowableCollector.execute(ThrowableCollector.java:73)\\r\\n        at org.junit.jupiter.engine.descriptor.TestMethodTestDescriptor.invokeTestMethod(TestMethodTestDescriptor.java:214)\\r\\n        at org.junit.jupiter.engine.descriptor.TestMethodTestDescriptor.execute(TestMethodTestDescriptor.java:139)\\r\\n        at org.junit.jupiter.engine.descriptor.TestMethodTestDescriptor.execute(TestMethodTestDescriptor.java:69)\\r\\n        at org.junit.platform.engine.support.hierarchical.NodeTestTask.lambda$executeRecursively$6(NodeTestTask.java:151)\\r\\n        at org.junit.platform.engine.support.hierarchical.ThrowableCollector.execute(ThrowableCollector.java:73)\\r\\n        at org.junit.platform.engine.support.hierarchical.NodeTestTask.lambda$executeRecursively$8(NodeTestTask.java:141)\\r\\n        at org.junit.platform.engine.support.hierarchical.Node.around(Node.java:137)\\r\\n        at org.junit.platform.engine.support.hierarchical.NodeTestTask.lambda$executeRecursively$9(NodeTestTask.java:139)\\r\\n        at org.junit.platform.engine.support.hierarchical.ThrowableCollector.execute(ThrowableCollector.java:73)\\r\\n        at org.junit.platform.engine.support.hierarchical.NodeTestTask.executeRecursively(NodeTestTask.java:138)\\r\\n        at org.junit.platform.engine.support.hierarchical.NodeTestTask.execute(NodeTestTask.java:95)\\r\\n        at java.base/java.util.ArrayList.forEach(ArrayList.java:1511)\\r\\n        at org.junit.platform.engine.support.hierarchical.SameThreadHierarchicalTestExecutorService.invokeAll(SameThreadHierarchicalTestExecutorService.java:41)\\r\\n        at org.junit.platform.engine.support.hierarchical.NodeTestTask.lambda$executeRecursively$6(NodeTestTask.java:155)\\r\\n        at org.junit.platform.engine.support.hierarchical.ThrowableCollector.execute(ThrowableCollector.java:73)\\r\\n        at org.junit.platform.engine.support.hierarchical.NodeTestTask.lambda$executeRecursively$8(NodeTestTask.java:141)\\r\\n        at org.junit.platform.engine.support.hierarchical.Node.around(Node.java:137)\\r\\n        at org.junit.platform.engine.support.hierarchical.NodeTestTask.lambda$executeRecursively$9(NodeTestTask.java:139)\\r\\n        at org.junit.platform.engine.support.hierarchical.ThrowableCollector.execute(ThrowableCollector.java:73)\\r\\n        at org.junit.platform.engine.support.hierarchical.NodeTestTask.executeRecursively(NodeTestTask.java:138)\\r\\n        at org.junit.platform.engine.support.hierarchical.NodeTestTask.execute(NodeTestTask.java:95)\\r\\n        at java.base/java.util.ArrayList.forEach(ArrayList.java:1511)\\r\\n        at org.junit.platform.engine.support.hierarchical.SameThreadHierarchicalTestExecutorService.invokeAll(SameThreadHierarchicalTestExecutorService.java:41)\\r\\n        at org.junit.platform.engine.support.hierarchical.NodeTestTask.lambda$executeRecursively$6(NodeTestTask.java:155)\\r\\n        at org.junit.platform.engine.support.hierarchical.ThrowableCollector.execute(ThrowableCollector.java:73)\\r\\n        at org.junit.platform.engine.support.hierarchical.NodeTestTask.lambda$executeRecursively$8(NodeTestTask.java:141)\\r\\n        at org.junit.platform.engine.support.hierarchical.Node.around(Node.java:137)\\r\\n        at org.junit.platform.engine.support.hierarchical.NodeTestTask.lambda$executeRecursively$9(NodeTestTask.java:139)\\r\\n        at org.junit.platform.engine.support.hierarchical.ThrowableCollector.execute(ThrowableCollector.java:73)\\r\\n        at org.junit.platform.engine.support.hierarchical.NodeTestTask.executeRecursively(NodeTestTask.java:138)\\r\\n        at org.junit.platform.engine.support.hierarchical.NodeTestTask.execute(NodeTestTask.java:95)\\r\\n        at org.junit.platform.engine.support.hierarchical.SameThreadHierarchicalTestExecutorService.submit(SameThreadHierarchicalTestExecutorService.java:35)\\r\\n        at org.junit.platform.engine.support.hierarchical.HierarchicalTestExecutor.execute(HierarchicalTestExecutor.java:57)\\r\\n        at org.junit.platform.engine.support.hierarchical.HierarchicalTestEngine.execute(HierarchicalTestEngine.java:54)\\r\\n        at org.junit.platform.launcher.core.EngineExecutionOrchestrator.execute(EngineExecutionOrchestrator.java:107)\\r\\n        at org.junit.platform.launcher.core.EngineExecutionOrchestrator.execute(EngineExecutionOrchestrator.java:88)\\r\\n        at org.junit.platform.launcher.core.EngineExecutionOrchestrator.lambda$execute$0(EngineExecutionOrchestrator.java:54)\\r\\n        at org.junit.platform.launcher.core.EngineExecutionOrchestrator.withInterceptedStreams(EngineExecutionOrchestrator.java:67)\\r\\n        at org.junit.platform.launcher.core.EngineExecutionOrchestrator.execute(EngineExecutionOrchestrator.java:52)\\r\\n        at org.junit.platform.launcher.core.DefaultLauncher.execute(DefaultLauncher.java:114)\\r\\n        at org.junit.platform.launcher.core.DefaultLauncher.execute(DefaultLauncher.java:86)\\r\\n        at org.junit.platform.launcher.core.DefaultLauncherSession$DelegatingLauncher.execute(DefaultLauncherSession.java:86)\\r\\n        at org.gradle.api.internal.tasks.testing.junitplatform.JUnitPlatformTestClassProcessor$CollectAllTestClassesExecutor.processAllTestClasses(JUnitPlatformTestClassProcessor.java:119)\\r\\n        at org.gradle.api.internal.tasks.testing.junitplatform.JUnitPlatformTestClassProcessor$CollectAllTestClassesExecutor.access$000(JUnitPlatformTestClassProcessor.java:94)\\r\\n        at org.gradle.api.internal.tasks.testing.junitplatform.JUnitPlatformTestClassProcessor.stop(JUnitPlatformTestClassProcessor.java:89)\\r\\n        at org.gradle.api.internal.tasks.testing.SuiteTestClassProcessor.stop(SuiteTestClassProcessor.java:62)\\r\\n        at java.base/jdk.internal.reflect.NativeMethodAccessorImpl.invoke0(Native Method)\\r\\n        at java.base/jdk.internal.reflect.NativeMethodAccessorImpl.invoke(NativeMethodAccessorImpl.java:77)\\r\\n        at java.base/jdk.internal.reflect.DelegatingMethodAccessorImpl.invoke(DelegatingMethodAccessorImpl.java:43)\\r\\n        at java.base/java.lang.reflect.Method.invoke(Method.java:569)\\r\\n        at org.gradle.internal.dispatch.ReflectionDispatch.dispatch(ReflectionDispatch.java:36)\\r\\n        at org.gradle.internal.dispatch.ReflectionDispatch.dispatch(ReflectionDispatch.java:24)\\r\\n        at org.gradle.internal.dispatch.ContextClassLoaderDispatch.dispatch(ContextClassLoaderDispatch.java:33)\\r\\n        at org.gradle.internal.dispatch.ProxyDispatchAdapter$DispatchingInvocationHandler.invoke(ProxyDispatchAdapter.java:94)\\r\\n        at jdk.proxy1/jdk.proxy1.$Proxy2.stop(Unknown Source)\\r\\n        at org.gradle.api.internal.tasks.testing.worker.TestWorker$3.run(TestWorker.java:193)\\r\\n        at org.gradle.api.internal.tasks.testing.worker.TestWorker.executeAndMaintainThreadName(TestWorker.java:129)\\r\\n        at org.gradle.api.internal.tasks.testing.worker.TestWorker.execute(TestWorker.java:100)\\r\\n        at org.gradle.api.internal.tasks.testing.worker.TestWorker.execute(TestWorker.java:60)\\r\\n        at org.gradle.process.internal.worker.child.ActionExecutionWorker.execute(ActionExecutionWorker.java:56)\\r\\n        at org.gradle.process.internal.worker.child.SystemApplicationClassLoaderWorker.call(SystemApplicationClassLoaderWorker.java:113)\\r\\n        at org.gradle.process.internal.worker.child.SystemApplicationClassLoaderWorker.call(SystemApplicationClassLoaderWorker.java:65)\\r\\n        at worker.org.gradle.process.internal.worker.GradleWorkerMain.run(GradleWorkerMain.java:69)\\r\\n        at worker.org.gradle.process.internal.worker.GradleWorkerMain.main(GradleWorkerMain.java:74)\\r\\n        at java.base@17.0.14/jdk.internal.reflect.NativeConstructorAccessorImpl.newInstance0(Native Method)\\r\\n        at java.base@17.0.14/jdk.internal.reflect.NativeConstructorAccessorImpl.newInstance(NativeConstructorAccessorImpl.java:77)\\r\\n        at java.base@17.0.14/jdk.internal.reflect.DelegatingConstructorAccessorImpl.newInstance(DelegatingConstructorAccessorImpl.java:45)\\r\\n        at java.base@17.0.14/java.lang.reflect.Constructor.newInstanceWithCaller(Constructor.java:500)\\r\\n        at app//OpticalCharacterReaderTest.testReaderThrowsExceptionWhenNumberOfInputColumnsIsNotAMultipleOf3(OpticalCharacterReaderTest.java:73)\\r\\n\\r\\nOpticalCharacterReaderTest > testReaderRecognizesBinarySequence110101100() PASSED\\r\\n\\r\\nOpticalCharacterReaderTest > testReaderRecognizesSingle0() PASSED\\r\\n\\r\\nOpticalCharacterReaderTest > testReaderRecognizesSingle1() PASSED\\r\\n\\r\\nOpticalCharacterReaderTest > testReaderRecognizesSingle2() PASSED\\r\\n\\r\\nOpticalCharacterReaderTest > testReaderRecognizesSingle3() PASSED\\r\\n\\r\\nOpticalCharacterReaderTest > testReaderRecognizesSingle4() PASSED\\r\\n\\r\\nOpticalCharacterReaderTest > testReaderRecognizesSingle5() PASSED\\r\\n\\r\\nOpticalCharacterReaderTest > testReaderRecognizesSingle6() PASSED\\r\\n\\r\\nOpticalCharacterReaderTest > testReaderRecognizesSingle7() PASSED\\r\\n\\r\\nOpticalCharacterReaderTest > testReaderRecognizesSingle8() PASSED\\r\\n\\r\\nOpticalCharacterReaderTest > testReaderRecognizesSingle9() PASSED\\r\\n\\r\\nOpticalCharacterReaderTest > testReaderReplacesUnreadableDigitsWithQuestionMarksWithinSequence() PASSED\\r\\n\\r\\nOpticalCharacterReaderTest > testReaderRecognizesSequence1234567890() PASSED\\r\\n\\r\\nOpticalCharacterReaderTest > testReaderThrowsExceptionWhenNumberOfInputLinesIsNotAMultipleOf4() FAILED\\r\\n    org.opentest4j.AssertionFailedError: \\r\\n    Expecting message to be:\\r\\n      \\\"Number of input rows must be a positive multiple of 4\\\"\\r\\n    but was:\\r\\n      \\\"Number of input lines must be a multiple of 4\\\"\\r\\n\\r\\n    Throwable that failed the check:\\r\\n\\r\\n    java.lang.IllegalArgumentException: Number of input lines must be a multiple of 4\\r\\n        at OpticalCharacterReader.parse(OpticalCharacterReader.java:68)\\r\\n        at OpticalCharacterReaderTest.lambda$testReaderThrowsExceptionWhenNumberOfInputLinesIsNotAMultipleOf4$0(OpticalCharacterReaderTest.java:53)\\r\\n        at org.assertj.core.api.ThrowableAssert.catchThrowable(ThrowableAssert.java:63)\\r\\n        at org.assertj.core.api.ThrowableTypeAssert.isThrownBy(ThrowableTypeAssert.java:59)\\r\\n        at OpticalCharacterReaderTest.testReaderThrowsExceptionWhenNumberOfInputLinesIsNotAMultipleOf4(OpticalCharacterReaderTest.java:52)\\r\\n        at java.base/jdk.internal.reflect.NativeMethodAccessorImpl.invoke0(Native Method)\\r\\n        at java.base/jdk.internal.reflect.NativeMethodAccessorImpl.invoke(NativeMethodAccessorImpl.java:77)\\r\\n        at java.base/jdk.internal.reflect.DelegatingMethodAccessorImpl.invoke(DelegatingMethodAccessorImpl.java:43)\\r\\n        at java.base/java.lang.reflect.Method.invoke(Method.java:569)\\r\\n        at org.junit.platform.commons.util.ReflectionUtils.invokeMethod(ReflectionUtils.java:728)\\r\\n        at org.junit.jupiter.engine.execution.MethodInvocation.proceed(MethodInvocation.java:60)\\r\\n        at org.junit.jupiter.engine.execution.InvocationInterceptorChain$ValidatingInvocation.proceed(InvocationInterceptorChain.java:131)\\r\\n        at org.junit.jupiter.engine.extension.TimeoutExtension.intercept(TimeoutExtension.java:156)\\r\\n        at org.junit.jupiter.engine.extension.TimeoutExtension.interceptTestableMethod(TimeoutExtension.java:147)\\r\\n        at org.junit.jupiter.engine.extension.TimeoutExtension.interceptTestMethod(TimeoutExtension.java:86)\\r\\n        at org.junit.jupiter.engine.execution.InterceptingExecutableInvoker$ReflectiveInterceptorCall.lambda$ofVoidMethod$0(InterceptingExecutableInvoker.java:103)\\r\\n        at org.junit.jupiter.engine.execution.InterceptingExecutableInvoker.lambda$invoke$0(InterceptingExecutableInvoker.java:93)\\r\\n        at org.junit.jupiter.engine.execution.InvocationInterceptorChain$InterceptedInvocation.proceed(InvocationInterceptorChain.java:106)\\r\\n        at org.junit.jupiter.engine.execution.InvocationInterceptorChain.proceed(InvocationInterceptorChain.java:64)\\r\\n        at org.junit.jupiter.engine.execution.InvocationInterceptorChain.chainAndInvoke(InvocationInterceptorChain.java:45)\\r\\n        at org.junit.jupiter.engine.execution.InvocationInterceptorChain.invoke(InvocationInterceptorChain.java:37)\\r\\n        at org.junit.jupiter.engine.execution.InterceptingExecutableInvoker.invoke(InterceptingExecutableInvoker.java:92)\\r\\n        at org.junit.jupiter.engine.execution.InterceptingExecutableInvoker.invoke(InterceptingExecutableInvoker.java:86)\\r\\n        at org.junit.jupiter.engine.descriptor.TestMethodTestDescriptor.lambda$invokeTestMethod$7(TestMethodTestDescriptor.java:218)\\r\\n        at org.junit.platform.engine.support.hierarchical.ThrowableCollector.execute(ThrowableCollector.java:73)\\r\\n        at org.junit.jupiter.engine.descriptor.TestMethodTestDescriptor.invokeTestMethod(TestMethodTestDescriptor.java:214)\\r\\n        at org.junit.jupiter.engine.descriptor.TestMethodTestDescriptor.execute(TestMethodTestDescriptor.java:139)\\r\\n        at org.junit.jupiter.engine.descriptor.TestMethodTestDescriptor.execute(TestMethodTestDescriptor.java:69)\\r\\n        at org.junit.platform.engine.support.hierarchical.NodeTestTask.lambda$executeRecursively$6(NodeTestTask.java:151)\\r\\n        at org.junit.platform.engine.support.hierarchical.ThrowableCollector.execute(ThrowableCollector.java:73)\\r\\n        at org.junit.platform.engine.support.hierarchical.NodeTestTask.lambda$executeRecursively$8(NodeTestTask.java:141)\\r\\n        at org.junit.platform.engine.support.hierarchical.Node.around(Node.java:137)\\r\\n        at org.junit.platform.engine.support.hierarchical.NodeTestTask.lambda$executeRecursively$9(NodeTestTask.java:139)\\r\\n        at org.junit.platform.engine.support.hierarchical.ThrowableCollector.execute(ThrowableCollector.java:73)\\r\\n        at org.junit.platform.engine.support.hierarchical.NodeTestTask.executeRecursively(NodeTestTask.java:138)\\r\\n        at org.junit.platform.engine.support.hierarchical.NodeTestTask.execute(NodeTestTask.java:95)\\r\\n        at java.base/java.util.ArrayList.forEach(ArrayList.java:1511)\\r\\n        at org.junit.platform.engine.support.hierarchical.SameThreadHierarchicalTestExecutorService.invokeAll(SameThreadHierarchicalTestExecutorService.java:41)\\r\\n        at org.junit.platform.engine.support.hierarchical.NodeTestTask.lambda$executeRecursively$6(NodeTestTask.java:155)\\r\\n        at org.junit.platform.engine.support.hierarchical.ThrowableCollector.execute(ThrowableCollector.java:73)\\r\\n        at org.junit.platform.engine.support.hierarchical.NodeTestTask.lambda$executeRecursively$8(NodeTestTask.java:141)\\r\\n        at org.junit.platform.engine.support.hierarchical.Node.around(Node.java:137)\\r\\n        at org.junit.platform.engine.support.hierarchical.NodeTestTask.lambda$executeRecursively$9(NodeTestTask.java:139)\\r\\n        at org.junit.platform.engine.support.hierarchical.ThrowableCollector.execute(ThrowableCollector.java:73)\\r\\n        at org.junit.platform.engine.support.hierarchical.NodeTestTask.executeRecursively(NodeTestTask.java:138)\\r\\n        at org.junit.platform.engine.support.hierarchical.NodeTestTask.execute(NodeTestTask.java:95)\\r\\n        at java.base/java.util.ArrayList.forEach(ArrayList.java:1511)\\r\\n        at org.junit.platform.engine.support.hierarchical.SameThreadHierarchicalTestExecutorService.invokeAll(SameThreadHierarchicalTestExecutorService.java:41)\\r\\n        at org.junit.platform.engine.support.hierarchical.NodeTestTask.lambda$executeRecursively$6(NodeTestTask.java:155)\\r\\n        at org.junit.platform.engine.support.hierarchical.ThrowableCollector.execute(ThrowableCollector.java:73)\\r\\n        at org.junit.platform.engine.support.hierarchical.NodeTestTask.lambda$executeRecursively$8(NodeTestTask.java:141)\\r\\n        at org.junit.platform.engine.support.hierarchical.Node.around(Node.java:137)\\r\\n        at org.junit.platform.engine.support.hierarchical.NodeTestTask.lambda$executeRecursively$9(NodeTestTask.java:139)\\r\\n        at org.junit.platform.engine.support.hierarchical.ThrowableCollector.execute(ThrowableCollector.java:73)\\r\\n        at org.junit.platform.engine.support.hierarchical.NodeTestTask.executeRecursively(NodeTestTask.java:138)\\r\\n        at org.junit.platform.engine.support.hierarchical.NodeTestTask.execute(NodeTestTask.java:95)\\r\\n        at org.junit.platform.engine.support.hierarchical.SameThreadHierarchicalTestExecutorService.submit(SameThreadHierarchicalTestExecutorService.java:35)\\r\\n        at org.junit.platform.engine.support.hierarchical.HierarchicalTestExecutor.execute(HierarchicalTestExecutor.java:57)\\r\\n        at org.junit.platform.engine.support.hierarchical.HierarchicalTestEngine.execute(HierarchicalTestEngine.java:54)\\r\\n        at org.junit.platform.launcher.core.EngineExecutionOrchestrator.execute(EngineExecutionOrchestrator.java:107)\\r\\n        at org.junit.platform.launcher.core.EngineExecutionOrchestrator.execute(EngineExecutionOrchestrator.java:88)\\r\\n        at org.junit.platform.launcher.core.EngineExecutionOrchestrator.lambda$execute$0(EngineExecutionOrchestrator.java:54)\\r\\n        at org.junit.platform.launcher.core.EngineExecutionOrchestrator.withInterceptedStreams(EngineExecutionOrchestrator.java:67)\\r\\n        at org.junit.platform.launcher.core.EngineExecutionOrchestrator.execute(EngineExecutionOrchestrator.java:52)\\r\\n        at org.junit.platform.launcher.core.DefaultLauncher.execute(DefaultLauncher.java:114)\\r\\n        at org.junit.platform.launcher.core.DefaultLauncher.execute(DefaultLauncher.java:86)\\r\\n        at org.junit.platform.launcher.core.DefaultLauncherSession$DelegatingLauncher.execute(DefaultLauncherSession.java:86)\\r\\n        at org.gradle.api.internal.tasks.testing.junitplatform.JUnitPlatformTestClassProcessor$CollectAllTestClassesExecutor.processAllTestClasses(JUnitPlatformTestClassProcessor.java:119)\\r\\n        at org.gradle.api.internal.tasks.testing.junitplatform.JUnitPlatformTestClassProcessor$CollectAllTestClassesExecutor.access$000(JUnitPlatformTestClassProcessor.java:94)\\r\\n        at org.gradle.api.internal.tasks.testing.junitplatform.JUnitPlatformTestClassProcessor.stop(JUnitPlatformTestClassProcessor.java:89)\\r\\n        at org.gradle.api.internal.tasks.testing.SuiteTestClassProcessor.stop(SuiteTestClassProcessor.java:62)\\r\\n        at java.base/jdk.internal.reflect.NativeMethodAccessorImpl.invoke0(Native Method)\\r\\n        at java.base/jdk.internal.reflect.NativeMethodAccessorImpl.invoke(NativeMethodAccessorImpl.java:77)\\r\\n        at java.base/jdk.internal.reflect.DelegatingMethodAccessorImpl.invoke(DelegatingMethodAccessorImpl.java:43)\\r\\n        at java.base/java.lang.reflect.Method.invoke(Method.java:569)\\r\\n        at org.gradle.internal.dispatch.ReflectionDispatch.dispatch(ReflectionDispatch.java:36)\\r\\n        at org.gradle.internal.dispatch.ReflectionDispatch.dispatch(ReflectionDispatch.java:24)\\r\\n        at org.gradle.internal.dispatch.ContextClassLoaderDispatch.dispatch(ContextClassLoaderDispatch.java:33)\\r\\n        at org.gradle.internal.dispatch.ProxyDispatchAdapter$DispatchingInvocationHandler.invoke(ProxyDispatchAdapter.java:94)\\r\\n        at jdk.proxy1/jdk.proxy1.$Proxy2.stop(Unknown Source)\\r\\n        at org.gradle.api.internal.tasks.testing.worker.TestWorker$3.run(TestWorker.java:193)\\r\\n        at org.gradle.api.internal.tasks.testing.worker.TestWorker.executeAndMaintainThreadName(TestWorker.java:129)\\r\\n        at org.gradle.api.internal.tasks.testing.worker.TestWorker.execute(TestWorker.java:100)\\r\\n        at org.gradle.api.internal.tasks.testing.worker.TestWorker.execute(TestWorker.java:60)\\r\\n        at org.gradle.process.internal.worker.child.ActionExecutionWorker.execute(ActionExecutionWorker.java:56)\\r\\n        at org.gradle.process.internal.worker.child.SystemApplicationClassLoaderWorker.call(SystemApplicationClassLoaderWorker.java:113)\\r\\n        at org.gradle.process.internal.worker.child.SystemApplicationClassLoaderWorker.call(SystemApplicationClassLoaderWorker.java:65)\\r\\n        at worker.org.gradle.process.internal.worker.GradleWorkerMain.run(GradleWorkerMain.java:69)\\r\\n        at worker.org.gradle.process.internal.worker.GradleWorkerMain.main(GradleWorkerMain.java:74)\\r\\n        at java.base@17.0.14/jdk.internal.reflect.NativeConstructorAccessorImpl.newInstance0(Native Method)\\r\\n        at java.base@17.0.14/jdk.internal.reflect.NativeConstructorAccessorImpl.newInstance(NativeConstructorAccessorImpl.java:77)\\r\\n        at java.base@17.0.14/jdk.internal.reflect.DelegatingConstructorAccessorImpl.newInstance(DelegatingConstructorAccessorImpl.java:45)\\r\\n        at java.base@17.0.14/java.lang.reflect.Constructor.newInstanceWithCaller(Constructor.java:500)\\r\\n        at app//OpticalCharacterReaderTest.testReaderThrowsExceptionWhenNumberOfInputLinesIsNotAMultipleOf4(OpticalCharacterReaderTest.java:58)\\r\\n\\r\\n17 tests completed, 2 failed\\r\\n\\r\\nFAILURE: Build failed with an exception.\\r\\n\\r\\n* What went wrong:\\r\\nExecution failed for task ':test'.\\r\\n> There were failing tests. See the report at: file:///Users/cte/Documents/evals/java/ocr-numbers/build/reports/tests/test/index.html\\r\\n\\r\\n* Try:\\r\\n> Run with --scan to get full insights.\\r\\n\\r\\nDeprecated Gradle features were used in this build, making it incompatible with Gradle 9.0.\\r\\n\\r\\nYou can use '--warning-mode all' to show the individual deprecation warnings and determine if they come from your own scripts or plugins.\\r\\n\\r\\nFor more on this, please refer to https://docs.gradle.org/8.7/userguide/command_line_interface.html#sec:command_line_warnings in the Gradle documentation.\\r\\n\\r\\nBUILD FAILED in 763ms\\r\\n3 actionable tasks: 2 executed, 1 up-to-date\\r\\n\\r\\n\\r\\n\\r\\n<-------------> 0% WAITING> :test > 0 tests completed> :test > Executing test OpticalCharacterReaderTest> IDLE> IDLE%                                                                                    \\r \\r\\n\\nLoading...\"}"
}
[2025-04-04T04:42:50.256Z] {
  "ts": 1743741769112,
  "type": "say",
  "say": "text",
  "text": "The tests failed. It seems the exception messages I used for invalid input dimensions don't exactly match what the tests expect.\n\nSpecifically:\n1.  For invalid column count, the test expects `\"Number of input columns must be a positive multiple of 3\"`, but my code throws `\"Number of columns must be a multiple of 3\"`.\n2.  For invalid row count, the test expects `\"Number of input rows must be a positive multiple of 4\"`, but my code throws `\"Number of input lines must be a multiple of 4\"`.\n\nI will correct these messages using `apply_diff`.",
  "partial": false
}
[2025-04-04T04:42:53.239Z] {
  "ts": 1743741770277,
  "type": "ask",
  "ask": "tool",
  "text": "{\"tool\":\"appliedDiff\",\"path\":\"src/main/java/OpticalCharacterReader.java\",\"diff\":\"<<<<<<< SEARCH\\n:start_line:67\\n:end_line:69\\n-------\\n    String parse(List<String> input) {\\n        if (input.size() % DIGIT_HEIGHT != 0) {\\n            throw new IllegalArgumentException(\\\"Number of input lines must be a multiple of 4\\\");\\n=======\\n    String parse(List<String> input) {\\n        if (input.size() % DIGIT_HEIGHT != 0) {\\n            throw new IllegalArgumentException(\\\"Number of input rows must be a positive multiple of 4\\\");\\n>>>>>>> REPLACE\\n\\n<<<<<<< SEARCH\\n:start_line:89\\n:end_line:91\\n-------\\n        int lineWidth = lines.get(0).length();\\n        if (lineWidth % DIGIT_WIDTH != 0) {\\n            throw new IllegalArgumentException(\\\"Number of columns must be a multiple of 3\\\");\\n=======\\n        int lineWidth = lines.get(0).length();\\n        if (lineWidth % DIGIT_WIDTH != 0) {\\n            throw new IllegalArgumentException(\\\"Number of input columns must be a positive multiple of 3\\\");\\n>>>>>>> REPLACE\"}",
  "partial": false,
  "progressStatus": {
    "icon": "diff-multiple",
    "text": "2"
  }
}
[2025-04-04T04:42:53.807Z] {
  "ts": 1743741773775,
  "type": "say",
  "say": "api_req_started",
  "text": "{\"request\":\"[apply_diff for 'src/main/java/OpticalCharacterReader.java'] Result:\\n\\nChanges successfully applied to src/main/java/OpticalCharacterReader.java:\\n\\n\\n\\n\\nLoading...\"}"
}
[2025-04-04T04:43:09.640Z] {
  "ts": 1743741789208,
  "type": "say",
  "say": "text",
  "text": "Okay, the exception messages have been updated.\n\nI will run the tests again using `./gradlew test` to verify the corrections.",
  "partial": false
}
[2025-04-04T04:43:09.681Z] {
  "ts": 1743741789646,
  "type": "ask",
  "ask": "command",
  "text": "./gradlew test"
}
[2025-04-04T04:43:10.693Z] {
  "ts": 1743741790652,
  "type": "ask",
  "ask": "command_output",
  "text": ""
}
[2025-04-04T04:43:10.693Z] {
  "ts": 1743741790652,
  "type": "ask",
  "ask": "command_output",
  "text": "\r\n\r\n<-------------> 0% CONFIGURING [13ms]> root project<===========--> 85% EXECUTING [112ms]> :test > 0 tests completed<===========--> 85% EXECUTING [216ms]\r\n<===========--> 85% EXECUTING [314ms]> :test > Executing test OpticalCharacterReaderTest\r\n> Task :test\r\n\r\nOpticalCharacterReaderTest > testReaderRecognizesAndCorrectlyFormatsMultiRowInput() PASSED\r\n\r\nOpticalCharacterReaderTest > testReaderReturnsQuestionMarkForUnreadableButCorrectlySizedInput() PASSED\r\n\r\nOpticalCharacterReaderTest > testReaderThrowsExceptionWhenNumberOfInputColumnsIsNotAMultipleOf3() PASSED\r\n\r\nOpticalCharacterReaderTest > testReaderRecognizesBinarySequence110101100() PASSED\r\n\r\nOpticalCharacterReaderTest > testReaderRecognizesSingle0() PASSED\r\n\r\nOpticalCharacterReaderTest > testReaderRecognizesSingle1() PASSED\r\n\r\nOpticalCharacterReaderTest > testReaderRecognizesSingle2() PASSED\r\n\r\nOpticalCharacterReaderTest > testReaderRecognizesSingle3() PASSED\r\n\r\nOpticalCharacterReaderTest > testReaderRecognizesSingle4() PASSED\r\n\r\nOpticalCharacterReaderTest > testReaderRecognizesSingle5() PASSED\r\n\r\nOpticalCharacterReaderTest > testReaderRecognizesSingle6() PASSED\r\r\n\r\nOpticalCharacterReaderTest > testReaderRecognizesSingle7() PASSED\r\n\r\nOpticalCharacterReaderTest > testReaderRecognizesSingle8() PASSED\r\n\r\nOpticalCharacterReaderTest > testReaderRecognizesSingle9() PASSED\r\n\r\nOpticalCharacterReaderTest > testReaderReplacesUnreadableDigitsWithQuestionMarksWithinSequence() PASSED\r\n\r\nOpticalCharacterReaderTest > testReaderRecognizesSequence1234567890() PASSED\r\n\r\nOpticalCharacterReaderTest > testReaderThrowsExceptionWhenNumberOfInputLinesIsNotAMultipleOf4() PASSED\r\n\r\nDeprecated Gradle features were used in this build, making it incompatible with Gradle 9.0.\r\n\r\nYou can use '--warning-mode all' to show the individual deprecation warnings and determine if they come from your own scripts or plugins.\r\n\r\nFor more on this, please refer to https://docs.gradle.org/8.7/userguide/command_line_interface.html#sec:command_line_warnings in the Gradle documentation.\r\n\r\nBUILD SUCCESSFUL in 640ms\r\n3 actionable tasks: 2 executed, 1 up-to-date\r\n\r\n\r\n\r\n"
}
[2025-04-04T04:43:10.959Z] {
  "ts": 1743741790928,
  "type": "ask",
  "ask": "command_output",
  "text": "<-------------> 0% WAITING> :test > 0 tests completed> :test > Executing test OpticalCharacterReaderTest%                                                                                    \r \r"
}
[2025-04-04T04:43:11.036Z] {
  "ts": 1743741790990,
  "type": "say",
  "say": "api_req_started",
  "text": "{\"request\":\"[execute_command for './gradlew test'] Result:\\n\\nCommand executed in terminal 1 within working directory '/Users/cte/Documents/evals/java/ocr-numbers'. Exit code: 0\\nOutput:\\n\\r\\n\\r\\n<-------------> 0% CONFIGURING [13ms]> root project<===========--> 85% EXECUTING [112ms]> :test > 0 tests completed<===========--> 85% EXECUTING [216ms]\\r\\n<===========--> 85% EXECUTING [314ms]> :test > Executing test OpticalCharacterReaderTest\\r\\n> Task :test\\r\\n\\r\\nOpticalCharacterReaderTest > testReaderRecognizesAndCorrectlyFormatsMultiRowInput() PASSED\\r\\n\\r\\nOpticalCharacterReaderTest > testReaderReturnsQuestionMarkForUnreadableButCorrectlySizedInput() PASSED\\r\\n\\r\\nOpticalCharacterReaderTest > testReaderThrowsExceptionWhenNumberOfInputColumnsIsNotAMultipleOf3() PASSED\\r\\n\\r\\nOpticalCharacterReaderTest > testReaderRecognizesBinarySequence110101100() PASSED\\r\\n\\r\\nOpticalCharacterReaderTest > testReaderRecognizesSingle0() PASSED\\r\\n\\r\\nOpticalCharacterReaderTest > testReaderRecognizesSingle1() PASSED\\r\\n\\r\\nOpticalCharacterReaderTest > testReaderRecognizesSingle2() PASSED\\r\\n\\r\\nOpticalCharacterReaderTest > testReaderRecognizesSingle3() PASSED\\r\\n\\r\\nOpticalCharacterReaderTest > testReaderRecognizesSingle4() PASSED\\r\\n\\r\\nOpticalCharacterReaderTest > testReaderRecognizesSingle5() PASSED\\r\\n\\r\\nOpticalCharacterReaderTest > testReaderRecognizesSingle6() PASSED\\r\\r\\n\\r\\nOpticalCharacterReaderTest > testReaderRecognizesSingle7() PASSED\\r\\n\\r\\nOpticalCharacterReaderTest > testReaderRecognizesSingle8() PASSED\\r\\n\\r\\nOpticalCharacterReaderTest > testReaderRecognizesSingle9() PASSED\\r\\n\\r\\nOpticalCharacterReaderTest > testReaderReplacesUnreadableDigitsWithQuestionMarksWithinSequence() PASSED\\r\\n\\r\\nOpticalCharacterReaderTest > testReaderRecognizesSequence1234567890() PASSED\\r\\n\\r\\nOpticalCharacterReaderTest > testReaderThrowsExceptionWhenNumberOfInputLinesIsNotAMultipleOf4() PASSED\\r\\n\\r\\nDeprecated Gradle features were used in this build, making it incompatible with Gradle 9.0.\\r\\n\\r\\nYou can use '--warning-mode all' to show the individual deprecation warnings and determine if they come from your own scripts or plugins.\\r\\n\\r\\nFor more on this, please refer to https://docs.gradle.org/8.7/userguide/command_line_interface.html#sec:command_line_warnings in the Gradle documentation.\\r\\n\\r\\nBUILD SUCCESSFUL in 640ms\\r\\n3 actionable tasks: 2 executed, 1 up-to-date\\r\\n\\r\\n\\r\\n\\r\\n<-------------> 0% WAITING> :test > 0 tests completed> :test > Executing test OpticalCharacterReaderTest%                                                                                    \\r \\r\\n\\nLoading...\"}"
}
[2025-04-04T04:43:15.107Z] {
  "ts": 1743741794784,
  "type": "say",
  "say": "text",
  "text": "The tests now pass successfully! The `OpticalCharacterReader.java` implementation correctly parses the OCR input according to the specified rules and handles the error conditions as expected by the test suite.",
  "partial": false
}
[2025-04-04T04:43:15.676Z] taskCompleted -> 7cb4f01e-0db8-4b02-872c-74edd0e76aa4 | {
  "totalTokensIn": 127363,
  "totalTokensOut": 5111,
  "totalCacheWrites": 0,
  "totalCacheReads": 0,
  "totalCost": 0,
  "contextTokens": 21968
}
[2025-04-04T04:43:15.703Z] {
  "ts": 1743741795113,
  "type": "say",
  "say": "completion_result",
  "text": "I have successfully implemented the `OpticalCharacterReader.java` class based on the instructions in `.docs/instructions.md`. All tests in `OpticalCharacterReaderTest.java` now pass when executed with `./gradlew test`.",
  "partial": false
}
[2025-04-04T04:43:15.907Z] {
  "ts": 1743741795676,
  "type": "ask",
  "ask": "command",
  "text": "./gradlew test",
  "partial": false
}
