[2025-04-04T05:22:20.987Z] {
  "ts": 1743744140947,
  "type": "say",
  "say": "text",
  "text": "Your job is to complete a coding exercise described the markdown files inside the `.docs` directory.\n\nA file with the implementation stubbed out has been created for you, along with a test file.\n\nTo successfully complete the exercise, you must pass all the tests in the test file.\n\nTo confirm that your solution is correct, run the tests with `cargo test`. Do not alter the test file; it should be run as-is.\n\nDo not use the \"ask_followup_question\" tool.\n"
}
[2025-04-04T05:22:21.019Z] taskStarted -> 6883bfbe-433d-4203-8631-8eda2aca6753
[2025-04-04T05:22:21.076Z] {
  "ts": 1743744141019,
  "type": "say",
  "say": "api_req_started",
  "text": "{\"request\":\"<task>\\nYour job is to complete a coding exercise described the markdown files inside the `.docs` directory.\\n\\nA file with the implementation stubbed out has been created for you, along with a test file.\\n\\nTo successfully complete the exercise, you must pass all the tests in the test file.\\n\\nTo confirm that your solution is correct, run the tests with `cargo test`. Do not alter the test file; it should be run as-is.\\n\\nDo not use the \\\"ask_followup_question\\\" tool.\\n\\n</task>\\n\\nLoading...\"}"
}
[2025-04-04T05:22:26.042Z] {
  "ts": 1743744145315,
  "type": "say",
  "say": "text",
  "text": "Okay, I understand the task. I need to find the exercise description in the `.docs` directory, implement the solution in `src/lib.rs`, and ensure it passes the tests in `tests/nucleotide-codons.rs` by running `cargo test`.\n\nFirst, I'll list the files in the `.docs` directory to locate the exercise description.",
  "partial": false
}
[2025-04-04T05:22:26.118Z] {
  "ts": 1743744146077,
  "type": "ask",
  "ask": "tool",
  "text": "{\"tool\":\"listFilesTopLevel\",\"path\":\".docs\",\"content\":\"instructions.md\"}"
}
[2025-04-04T05:22:26.196Z] {
  "ts": 1743744146163,
  "type": "say",
  "say": "api_req_started",
  "text": "{\"request\":\"[list_files for '.docs'] Result:\\n\\ninstructions.md\\n\\nLoading...\"}"
}
[2025-04-04T05:22:30.339Z] {
  "ts": 1743744150134,
  "type": "say",
  "say": "text",
  "text": "Okay, I see the `instructions.md` file. I'll read it now to understand the exercise requirements.",
  "partial": false
}
[2025-04-04T05:22:30.512Z] {
  "ts": 1743744150352,
  "type": "ask",
  "ask": "tool",
  "text": "{\"tool\":\"readFile\",\"path\":\".docs/instructions.md\",\"isOutsideWorkspace\":false,\"content\":\"/Users/cte/Documents/evals/rust/nucleotide-codons/.docs/instructions.md\",\"reason\":\" (max 500 lines)\"}",
  "partial": false
}
[2025-04-04T05:22:30.665Z] {
  "ts": 1743744150634,
  "type": "say",
  "say": "api_req_started",
  "text": "{\"request\":\"[read_file for '.docs/instructions.md'] Result:\\n\\n 1 | # Instructions\\n 2 | \\n 3 | Write a function that returns the name of an amino acid a particular codon,\\n 4 | possibly using shorthand, encodes for.\\n 5 | \\n 6 | In DNA sequences of 3 nucleotides, called codons, encode for amino acids. Often\\n 7 | several codons encode for the same amino acid. The International Union of Pure\\n 8 | and Applied Chemistry developed a shorthand system for designating groups of\\n 9 | codons that encode for the same amino acid.\\n10 | \\n11 | Simply put they've expanded the four letters A, C, G and T with a bunch of\\n12 | letters that stand for different possibilities. For example R means A and G.\\n13 | So TAR stands for TAA and TAG (think of \\\"TAR\\\" as \\\"TA[AG]\\\" in regex notation).\\n14 | \\n15 | Write some code that given a codon, which may use shorthand, returns the\\n16 | name of the amino acid that that codon encodes for. You will be given\\n17 | a list of non-shorthand-codon/name pairs to base your computation on.\\n18 | \\n19 | See: [wikipedia](https://en.wikipedia.org/wiki/DNA_codon_table).\\n20 | \\n\\nLoading...\"}"
}
[2025-04-04T05:22:36.263Z] {
  "ts": 1743744155535,
  "type": "say",
  "say": "text",
  "text": "Okay, the task is to write a function that maps a DNA codon (which might use shorthand notation) to its corresponding amino acid name. I need to use the provided codon/name pairs (implicitly defined by the tests) to build this mapping.\n\nFirst, I'll examine the stub file `src/lib.rs` to see the function signature I need to implement.",
  "partial": false
}
[2025-04-04T05:22:36.350Z] {
  "ts": 1743744156301,
  "type": "ask",
  "ask": "tool",
  "text": "{\"tool\":\"readFile\",\"path\":\"src/lib.rs\",\"isOutsideWorkspace\":false,\"content\":\"/Users/cte/Documents/evals/rust/nucleotide-codons/src/lib.rs\",\"reason\":\" (max 500 lines)\"}"
}
[2025-04-04T05:22:36.447Z] {
  "ts": 1743744156396,
  "type": "say",
  "say": "api_req_started",
  "text": "{\"request\":\"[read_file for 'src/lib.rs'] Result:\\n\\n 1 | // This exercise is deprecated.\\n 2 | // Consider working on protein-translation instead.\\n 3 | \\n 4 | use std::marker::PhantomData;\\n 5 | \\n 6 | pub struct CodonsInfo<'a> {\\n 7 |     // This field is here to make the template compile and not to\\n 8 |     // complain about unused type lifetime parameter \\\"'a\\\". Once you start\\n 9 |     // solving the exercise, delete this field and the 'std::marker::PhantomData'\\n10 |     // import.\\n11 |     phantom: PhantomData<&'a ()>,\\n12 | }\\n13 | \\n14 | #[derive(Debug, Clone, Copy, PartialEq, Eq)]\\n15 | pub struct Error;\\n16 | \\n17 | impl<'a> CodonsInfo<'a> {\\n18 |     pub fn name_for(&self, codon: &str) -> Result<&'a str, Error> {\\n19 |         todo!(\\n20 |             \\\"Return the protein name for a '{}' codon or Err, if codon string is invalid\\\",\\n21 |             codon\\n22 |         );\\n23 |     }\\n24 | \\n25 |     pub fn of_rna(&self, rna: &str) -> Result<Vec<&'a str>, Error> {\\n26 |         todo!(\\\"Return a list of protein names that correspond to the '{}' RNA string or Err if the RNA string is invalid\\\", rna);\\n27 |     }\\n28 | }\\n29 | \\n30 | pub fn parse<'a>(pairs: Vec<(&'a str, &'a str)>) -> CodonsInfo<'a> {\\n31 |     todo!(\\n32 |         \\\"Construct a new CodonsInfo struct from given pairs: {:?}\\\",\\n33 |         pairs\\n34 |     );\\n35 | }\\n36 | \\n\\nLoading...\"}"
}
[2025-04-04T05:22:57.737Z] {
  "ts": 1743744167644,
  "type": "say",
  "say": "text",
  "text": "Okay, I see the structure. There's a `CodonsInfo` struct, a `parse` function to initialize it with codon-name pairs, and two methods: `name_for` to find the amino acid for a single codon, and `of_rna` to translate an entire RNA sequence.\n\nI'll start by implementing the `CodonsInfo` struct and the `parse` function. I'll use a `HashMap` to store the codon-to-name mapping. I'll also implement the `name_for` method to perform the lookup.\n\n```rust\nuse std::collections::HashMap;\n\npub struct CodonsInfo<'a> {\n    map: HashMap<&'a str, &'a str>,\n}\n\n#[derive(Debug, Clone, Copy, PartialEq, Eq)]\npub struct Error;\n\nimpl<'a> CodonsInfo<'a> {\n    pub fn name_for(&self, codon: &str) -> Result<&'a str, Error> {\n        // Look up the codon in the map.\n        // The get method returns an Option<&'a str>.\n        // We use copied() to convert Option<&'a &'a str> to Option<&'a str>.\n        // We use ok_or(Error) to convert Option<&'a str> to Result<&'a str, Error>.\n        self.map.get(codon).copied().ok_or(Error)\n    }\n\n    pub fn of_rna(&self, rna: &str) -> Result<Vec<&'a str>, Error> {\n        todo!(\"Return a list of protein names that correspond to the '{}' RNA string or Err if the RNA string is invalid\", rna);\n    }\n}\n\npub fn parse<'a>(pairs: Vec<(&'a str, &'a str)>) -> CodonsInfo<'a> {\n    // Create a HashMap from the input vector of pairs.\n    let map: HashMap<&'a str, &'a str> = pairs.into_iter().collect();\n    CodonsInfo { map }\n}\n```\n\nNow I'll implement the `of_rna` method. This method needs to:\n1. Iterate over the input `rna` string in chunks of 3 characters (codons).\n2. For each codon, use the `name_for` method to find the corresponding amino acid name.\n3. Collect these names into a `Vec<&'a str>`.\n4. Stop translation if a \"STOP\" codon is encountered.\n5. Return `Err(Error)` if the RNA string length is not a multiple of 3 or if any codon is invalid (not found by `name_for`).\n\n```rust\nuse std::collections::HashMap;\n\npub struct CodonsInfo<'a> {\n    map: HashMap<&'a str, &'a str>,\n}\n\n#[derive(Debug, Clone, Copy, PartialEq, Eq)]\npub struct Error;\n\nimpl<'a> CodonsInfo<'a> {\n    pub fn name_for(&self, codon: &str) -> Result<&'a str, Error> {\n        self.map.get(codon).copied().ok_or(Error)\n    }\n\n    pub fn of_rna(&self, rna: &str) -> Result<Vec<&'a str>, Error> {\n        // Check if RNA length is valid (multiple of 3)\n        if rna.len() % 3 != 0 {\n            // Although tests don't explicitly check for this,\n            // it's good practice. However, the chunking logic below\n            // implicitly handles non-multiples by potentially missing the last part,\n            // and the tests seem to rely on that behavior or provide valid lengths.\n            // Let's stick to what the tests likely expect based on typical Exercism problems.\n        }\n\n        let mut proteins = Vec::new();\n        // Iterate over the RNA string in chunks of 3 characters.\n        for codon in rna.chars().collect::<Vec<char>>().chunks(3) {\n             // Check if the chunk is exactly 3 characters long.\n             // This handles cases where the rna length is not a multiple of 3.\n            if codon.len() != 3 {\n                return Err(Error);\n            }\n            let codon_str: String = codon.iter().collect();\n            match self.name_for(&codon_str) {\n                Ok(name) => {\n                    // Stop translation if a STOP codon is found.\n                    if name == \"STOP\" {\n                        break; // Stop processing further codons\n                    }\n                    proteins.push(name);\n                }\n                Err(_) => {\n                    // If any codon is invalid, return an error.\n                    return Err(Error);\n                }\n            }\n        }\n        Ok(proteins)\n    }\n}\n\npub fn parse<'a>(pairs: Vec<(&'a str, &'a str)>) -> CodonsInfo<'a> {\n    let map: HashMap<&'a str, &'a str> = pairs.into_iter().collect();\n    CodonsInfo { map }\n}\n```\nI'll now write this complete implementation to `src/lib.rs`.",
  "partial": false
}
[2025-04-04T05:23:03.406Z] {
  "ts": 1743744177859,
  "type": "ask",
  "ask": "tool",
  "text": "{\"tool\":\"editedExistingFile\",\"path\":\"src/lib.rs\",\"isOutsideWorkspace\":false,\"diff\":\"@@ -1,35 +1,54 @@\\n-// This exercise is deprecated.\\n-// Consider working on protein-translation instead.\\n+use std::collections::HashMap;\\n \\n-use std::marker::PhantomData;\\n-\\n pub struct CodonsInfo<'a> {\\n-    // This field is here to make the template compile and not to\\n-    // complain about unused type lifetime parameter \\\"'a\\\". Once you start\\n-    // solving the exercise, delete this field and the 'std::marker::PhantomData'\\n-    // import.\\n-    phantom: PhantomData<&'a ()>,\\n+    map: HashMap<&'a str, &'a str>,\\n }\\n \\n #[derive(Debug, Clone, Copy, PartialEq, Eq)]\\n pub struct Error;\\n \\n impl<'a> CodonsInfo<'a> {\\n     pub fn name_for(&self, codon: &str) -> Result<&'a str, Error> {\\n-        todo!(\\n-            \\\"Return the protein name for a '{}' codon or Err, if codon string is invalid\\\",\\n-            codon\\n-        );\\n+        // Look up the codon in the map.\\n+        // The get method returns an Option<&'a str>.\\n+        // We use copied() to convert Option<&'a &'a str> to Option<&'a str>.\\n+        // We use ok_or(Error) to convert Option<&'a str> to Result<&'a str, Error>.\\n+        self.map.get(codon).copied().ok_or(Error)\\n     }\\n \\n     pub fn of_rna(&self, rna: &str) -> Result<Vec<&'a str>, Error> {\\n-        todo!(\\\"Return a list of protein names that correspond to the '{}' RNA string or Err if the RNA string is invalid\\\", rna);\\n+        let mut proteins = Vec::new();\\n+        // Iterate over the RNA string in chunks of 3 characters.\\n+        // Using chunks(3) on bytes is more efficient and idiomatic for ASCII/UTF-8 strings\\n+        // where codons are 3 bytes.\\n+        for codon_bytes in rna.as_bytes().chunks(3) {\\n+            // Ensure the chunk is exactly 3 bytes long.\\n+            if codon_bytes.len() != 3 {\\n+                return Err(Error); // Invalid RNA length or final partial codon\\n+            }\\n+            // Convert byte slice to &str. This is safe as codons are ASCII.\\n+            let codon_str = std::str::from_utf8(codon_bytes).map_err(|_| Error)?;\\n+\\n+            match self.name_for(codon_str) {\\n+                Ok(name) => {\\n+                    // Stop translation if a STOP codon is found.\\n+                    if name == \\\"STOP\\\" {\\n+                        break; // Stop processing further codons\\n+                    }\\n+                    proteins.push(name);\\n+                }\\n+                Err(_) => {\\n+                    // If any codon is invalid, return an error.\\n+                    return Err(Error);\\n+                }\\n+            }\\n+        }\\n+        Ok(proteins)\\n     }\\n }\\n \\n pub fn parse<'a>(pairs: Vec<(&'a str, &'a str)>) -> CodonsInfo<'a> {\\n-    todo!(\\n-        \\\"Construct a new CodonsInfo struct from given pairs: {:?}\\\",\\n-        pairs\\n-    );\\n-}\\n+    // Create a HashMap from the input vector of pairs.\\n+    let map: HashMap<&'a str, &'a str> = pairs.into_iter().collect();\\n+    CodonsInfo { map }\\n+}\\n\\\\ No newline at end of file\\n\"}",
  "partial": false
}
[2025-04-04T05:23:03.808Z] {
  "ts": 1743744183778,
  "type": "say",
  "say": "api_req_started",
  "text": "{\"request\":\"[write_to_file for 'src/lib.rs'] Result:\\n\\nThe content was successfully saved to src/lib.rs.\\n\\nLoading...\"}"
}
[2025-04-04T05:23:07.210Z] {
  "ts": 1743744186600,
  "type": "say",
  "say": "text",
  "text": "Okay, the implementation has been written to `src/lib.rs`. Now I will run the tests using `cargo test` to verify the solution.",
  "partial": false
}
[2025-04-04T05:23:07.268Z] {
  "ts": 1743744187225,
  "type": "ask",
  "ask": "command",
  "text": "cargo test"
}
[2025-04-04T05:23:09.928Z] {
  "ts": 1743744189790,
  "type": "ask",
  "ask": "command_output",
  "text": ""
}
[2025-04-04T05:23:09.928Z] {
  "ts": 1743744189791,
  "type": "ask",
  "ask": "command_output",
  "text": "%                                                                                    \r \r"
}
[2025-04-04T05:23:09.928Z] {
  "ts": 1743744189790,
  "type": "ask",
  "ask": "command_output",
  "text": "warning: no edition set: defaulting to the 2015 edition while the latest is 2024\r\n   Compiling nucleotide_codons v0.1.0 (/Users/cte/Documents/evals/rust/nucleotide-codons)\r\n    Building [                             ] 0/4: nucleotide_codons(test), nucle...\r    Building [======>                      ] 1/4: nucleotide_codons                \r    Building [====================>        ] 3/4: nucleotide-codons(test)          \r    Finished `test` profile [unoptimized + debuginfo] target(s) in 0.28s\r\n     Running unittests src/lib.rs (target/debug/deps/nucleotide_codons-e4fbfb2e5b089a1f)\r\n\r\nrunning 0 tests\r\n\r\ntest result: ok. 0 passed; 0 failed; 0 ignored; 0 measured; 0 filtered out; finished in 0.00s\r\n\r\n     Running tests/nucleotide-codons.rs (target/debug/deps/nucleotide_codons-159d548f6fab1f6a)\r\n\r\nrunning 11 tests\r\ntest cysteine_tgt ... ok\r\ntest empty_is_invalid ... ok\r\ntest methionine ... ok\r\ntest stop ... ok\r\ntest cysteine_tgy ... FAILED\r\ntest isoleucine ... FAILED\r\ntest arginine_name ... FAILED\r\ntest too_long_is_invalid ... ok\r\ntest too_short_is_invalid ... ok\r\ntest x_is_not_shorthand_so_is_invalid ... ok\r\ntest valine ... FAILED\r\n\r\nfailures:\r\n\r\n---- cysteine_tgy stdout ----\r\n\r\nthread 'cysteine_tgy' panicked at tests/nucleotide-codons.rs:17:5:\r\nassertion `left == right` failed\r\n  left: Ok(\"cysteine\")\r\n right: Err(Error)\r\n\r\n---- isoleucine stdout ----\r\n\r\nthread 'isoleucine' panicked at tests/nucleotide-codons.rs:36:5:\r\nassertion `left == right` failed\r\n  left: Err(Error)\r\n right: Ok(\"isoleucine\")\r\n\r\n---- arginine_name stdout ----\r\n\r\nthread 'arginine_name' panicked at tests/nucleotide-codons.rs:44:5:\r\nassertion `left == right` failed\r\n  left: Err(Error)\r\n right: Ok(\"arginine\")\r\nnote: run with `RUST_BACKTRACE=1` environment variable to display a backtrace\r\n\r\n---- valine stdout ----\r\n\r\nthread 'valine' panicked at tests/nucleotide-codons.rs:30:5:\r\nassertion `left == right` failed\r\n  left: Err(Error)\r\n right: Ok(\"valine\")\r\n\r\n\r\nfailures:\r\n    arginine_name\r\n    cysteine_tgy\r\n    isoleucine\r\n    valine\r\n\r\ntest result: FAILED. 7 passed; 4 failed; 0 ignored; 0 measured; 0 filtered out; finished in 0.00s\r\n\r\nerror: test failed, to rerun pass `--test nucleotide-codons`\r\n"
}
[2025-04-04T05:23:09.941Z] {
  "ts": 1743744189844,
  "type": "say",
  "say": "api_req_started",
  "text": "{\"request\":\"[execute_command for 'cargo test'] Result:\\n\\nCommand executed in terminal 1 within working directory '/Users/cte/Documents/evals/rust/nucleotide-codons'. Command execution was not successful, inspect the cause and adjust as needed.\\nExit code: 101\\nOutput:\\nwarning: no edition set: defaulting to the 2015 edition while the latest is 2024\\r\\n   Compiling nucleotide_codons v0.1.0 (/Users/cte/Documents/evals/rust/nucleotide-codons)\\r\\n    Building [                             ] 0/4: nucleotide_codons(test), nucle...\\r    Building [======>                      ] 1/4: nucleotide_codons                \\r    Building [====================>        ] 3/4: nucleotide-codons(test)          \\r    Finished `test` profile [unoptimized + debuginfo] target(s) in 0.28s\\r\\n     Running unittests src/lib.rs (target/debug/deps/nucleotide_codons-e4fbfb2e5b089a1f)\\r\\n\\r\\nrunning 0 tests\\r\\n\\r\\ntest result: ok. 0 passed; 0 failed; 0 ignored; 0 measured; 0 filtered out; finished in 0.00s\\r\\n\\r\\n     Running tests/nucleotide-codons.rs (target/debug/deps/nucleotide_codons-159d548f6fab1f6a)\\r\\n\\r\\nrunning 11 tests\\r\\ntest cysteine_tgt ... ok\\r\\ntest empty_is_invalid ... ok\\r\\ntest methionine ... ok\\r\\ntest stop ... ok\\r\\ntest cysteine_tgy ... FAILED\\r\\ntest isoleucine ... FAILED\\r\\ntest arginine_name ... FAILED\\r\\ntest too_long_is_invalid ... ok\\r\\ntest too_short_is_invalid ... ok\\r\\ntest x_is_not_shorthand_so_is_invalid ... ok\\r\\ntest valine ... FAILED\\r\\n\\r\\nfailures:\\r\\n\\r\\n---- cysteine_tgy stdout ----\\r\\n\\r\\nthread 'cysteine_tgy' panicked at tests/nucleotide-codons.rs:17:5:\\r\\nassertion `left == right` failed\\r\\n  left: Ok(\\\"cysteine\\\")\\r\\n right: Err(Error)\\r\\n\\r\\n---- isoleucine stdout ----\\r\\n\\r\\nthread 'isoleucine' panicked at tests/nucleotide-codons.rs:36:5:\\r\\nassertion `left == right` failed\\r\\n  left: Err(Error)\\r\\n right: Ok(\\\"isoleucine\\\")\\r\\n\\r\\n---- arginine_name stdout ----\\r\\n\\r\\nthread 'arginine_name' panicked at tests/nucleotide-codons.rs:44:5:\\r\\nassertion `left == right` failed\\r\\n  left: Err(Error)\\r\\n right: Ok(\\\"arginine\\\")\\r\\nnote: run with `RUST_BACKTRACE=1` environment variable to display a backtrace\\r\\n\\r\\n---- valine stdout ----\\r\\n\\r\\nthread 'valine' panicked at tests/nucleotide-codons.rs:30:5:\\r\\nassertion `left == right` failed\\r\\n  left: Err(Error)\\r\\n right: Ok(\\\"valine\\\")\\r\\n\\r\\n\\r\\nfailures:\\r\\n    arginine_name\\r\\n    cysteine_tgy\\r\\n    isoleucine\\r\\n    valine\\r\\n\\r\\ntest result: FAILED. 7 passed; 4 failed; 0 ignored; 0 measured; 0 filtered out; finished in 0.00s\\r\\n\\r\\nerror: test failed, to rerun pass `--test nucleotide-codons`\\r\\n%                                                                                    \\r \\r\\n\\nLoading...\"}"
}
[2025-04-04T05:23:59.944Z] {
  "ts": 1743744238202,
  "type": "say",
  "say": "text",
  "text": "The test failures indicate that the initial implementation didn't handle the shorthand codon notation described in the instructions. The `name_for` function needs to expand codons with shorthand characters (like 'Y' in 'TGY') into all possible non-shorthand codons ('TGT', 'TGC') and check if they all map to the same amino acid based on the pairs provided during parsing.\n\nI will update `src/lib.rs` with a new implementation that includes an `expand_codon` helper function and modifies `name_for` to use it. I'll also adjust `parse` to normalize 'U' to 'T' when building the map, ensuring consistent lookups.",
  "partial": false
}
[2025-04-04T05:24:12.031Z] {
  "ts": 1743744240033,
  "type": "ask",
  "ask": "tool",
  "text": "{\"tool\":\"editedExistingFile\",\"path\":\"src/lib.rs\",\"isOutsideWorkspace\":false,\"diff\":\"@@ -1,45 +1,113 @@\\n use std::collections::HashMap;\\n \\n pub struct CodonsInfo<'a> {\\n-    map: HashMap<&'a str, &'a str>,\\n+    // Store normalized codons (T instead of U) as keys\\n+    map: HashMap<String, &'a str>,\\n }\\n \\n #[derive(Debug, Clone, Copy, PartialEq, Eq)]\\n pub struct Error;\\n \\n+// Helper function to expand codons including shorthand\\n+fn expand_codon(codon: &str) -> Result<Vec<String>, Error> {\\n+    // This function assumes input codon is already normalized (T instead of U)\\n+    // and is 3 characters long (checked by caller).\\n+    let mut expanded_list: Vec<String> = vec![String::new()];\\n+\\n+    for nucleotide in codon.chars() {\\n+        let possibilities: Vec<char> = match nucleotide {\\n+            'A' => vec!['A'], 'C' => vec!['C'], 'G' => vec!['G'], 'T' => vec!['T'],\\n+            'R' => vec!['A', 'G'], 'Y' => vec!['C', 'T'], 'W' => vec!['A', 'T'],\\n+            'S' => vec!['C', 'G'], 'K' => vec!['G', 'T'], 'M' => vec!['A', 'C'],\\n+            'B' => vec!['C', 'G', 'T'], 'D' => vec!['A', 'G', 'T'], 'H' => vec!['A', 'C', 'T'],\\n+            'V' => vec!['A', 'C', 'G'], 'N' => vec!['A', 'C', 'G', 'T'],\\n+            _ => return Err(Error), // Invalid character\\n+        };\\n+\\n+        let mut next_expanded = Vec::new();\\n+        for prefix in &expanded_list {\\n+            for p in &possibilities {\\n+                let mut new_codon = prefix.clone();\\n+                new_codon.push(p);\\n+                next_expanded.push(new_codon);\\n+            }\\n+        }\\n+        expanded_list = next_expanded;\\n+    }\\n+    // Return only fully expanded 3-character codons\\n+    Ok(expanded_list.into_iter().filter(|c| c.len() == 3).collect())\\n+}\\n+\\n+\\n impl<'a> CodonsInfo<'a> {\\n     pub fn name_for(&self, codon: &str) -> Result<&'a str, Error> {\\n-        // Look up the codon in the map.\\n-        // The get method returns an Option<&'a str>.\\n-        // We use copied() to convert Option<&'a &'a str> to Option<&'a str>.\\n-        // We use ok_or(Error) to convert Option<&'a str> to Result<&'a str, Error>.\\n-        self.map.get(codon).copied().ok_or(Error)\\n+        if codon.len() != 3 {\\n+            return Err(Error);\\n+        }\\n+\\n+        // Normalize U to T for lookup and expansion\\n+        let codon_t = codon.replace('U', \\\"T\\\");\\n+\\n+        // Expand the potentially shorthand codon\\n+        let expanded_codons = expand_codon(&codon_t)?;\\n+\\n+        if expanded_codons.is_empty() {\\n+            // If expansion results in nothing (e.g., invalid chars), it's an error\\n+            return Err(Error);\\n+        }\\n+\\n+        let mut expected_name: Option<&'a str> = None;\\n+\\n+        for expanded in &expanded_codons {\\n+            // Lookup the normalized, expanded codon in the map\\n+            match self.map.get(expanded).copied() {\\n+                Some(current_name) => {\\n+                    if let Some(name) = expected_name {\\n+                        // Check consistency among all expansions\\n+                        if current_name != name {\\n+                            return Err(Error); // Shorthand maps to different proteins\\n+                        }\\n+                    } else {\\n+                        // Store the first valid name found\\n+                        expected_name = Some(current_name);\\n+                    }\\n+                }\\n+                None => {\\n+                    // If any specific codon resulting from shorthand expansion is not in the map,\\n+                    // the shorthand is considered invalid for this set of pairs.\\n+                    return Err(Error);\\n+                }\\n+            }\\n+        }\\n+\\n+        // If we found a consistent name across all expansions, return it.\\n+        // If expected_name is None, it means none of the expanded codons were in the map.\\n+        expected_name.ok_or(Error)\\n     }\\n \\n     pub fn of_rna(&self, rna: &str) -> Result<Vec<&'a str>, Error> {\\n         let mut proteins = Vec::new();\\n-        // Iterate over the RNA string in chunks of 3 characters.\\n-        // Using chunks(3) on bytes is more efficient and idiomatic for ASCII/UTF-8 strings\\n-        // where codons are 3 bytes.\\n+        // Process the RNA string by codons (3 characters/bytes at a time)\\n         for codon_bytes in rna.as_bytes().chunks(3) {\\n-            // Ensure the chunk is exactly 3 bytes long.\\n+             // Ensure we have a full codon\\n             if codon_bytes.len() != 3 {\\n-                return Err(Error); // Invalid RNA length or final partial codon\\n+                return Err(Error); // Incomplete codon at the end or invalid length\\n             }\\n-            // Convert byte slice to &str. This is safe as codons are ASCII.\\n+            // Convert bytes to string slice; safe for valid RNA/DNA sequences\\n             let codon_str = std::str::from_utf8(codon_bytes).map_err(|_| Error)?;\\n \\n+            // Use the updated name_for which handles shorthand and U/T normalization\\n             match self.name_for(codon_str) {\\n                 Ok(name) => {\\n-                    // Stop translation if a STOP codon is found.\\n+                    // Check for STOP codon to terminate translation\\n                     if name == \\\"STOP\\\" {\\n-                        break; // Stop processing further codons\\n+                        break;\\n                     }\\n                     proteins.push(name);\\n                 }\\n                 Err(_) => {\\n-                    // If any codon is invalid, return an error.\\n+                    // If any codon is invalid or cannot be resolved, the whole sequence is invalid\\n                     return Err(Error);\\n                 }\\n             }\\n         }\\n@@ -47,8 +115,11 @@\\n     }\\n }\\n \\n pub fn parse<'a>(pairs: Vec<(&'a str, &'a str)>) -> CodonsInfo<'a> {\\n-    // Create a HashMap from the input vector of pairs.\\n-    let map: HashMap<&'a str, &'a str> = pairs.into_iter().collect();\\n+    // Normalize codons to use 'T' instead of 'U' and store them as Strings in the map keys\\n+    let map: HashMap<String, &'a str> = pairs\\n+        .into_iter()\\n+        .map(|(codon, name)| (codon.replace('U', \\\"T\\\"), name))\\n+        .collect();\\n     CodonsInfo { map }\\n-}\\n+}\\n\\\\ No newline at end of file\\n\"}",
  "partial": false
}
[2025-04-04T05:24:12.434Z] {
  "ts": 1743744252401,
  "type": "say",
  "say": "api_req_started",
  "text": "{\"request\":\"[write_to_file for 'src/lib.rs'] Result:\\n\\nThe content was successfully saved to src/lib.rs.\\n\\nLoading...\"}"
}
[2025-04-04T05:24:17.326Z] {
  "ts": 1743744256936,
  "type": "say",
  "say": "text",
  "text": "Okay, the updated code with shorthand handling has been written to `src/lib.rs`. I will now run `cargo test` again to check if it passes all the tests.",
  "partial": false
}
[2025-04-04T05:24:17.389Z] {
  "ts": 1743744257336,
  "type": "ask",
  "ask": "command",
  "text": "cargo test"
}
[2025-04-04T05:24:17.590Z] {
  "ts": 1743744257541,
  "type": "ask",
  "ask": "command_output",
  "text": "%                                                                                    \r \r"
}
[2025-04-04T05:24:17.590Z] {
  "ts": 1743744257540,
  "type": "ask",
  "ask": "command_output",
  "text": "warning: no edition set: defaulting to the 2015 edition while the latest is 2024\r\n   Compiling nucleotide_codons v0.1.0 (/Users/cte/Documents/evals/rust/nucleotide-codons)\r\n    Building [                             ] 0/4: nucleotide_codons, nucleotide_...\rerror[E0308]: mismatched types\r\n  --> src/lib.rs:31:32\r\n   |\r\n31 |                 new_codon.push(p);\r\n   |                           ---- ^ expected `char`, found `&char`\r\n   |                           |\r\n   |                           arguments to this method are incorrect\r\n   |\r\nnote: method defined here\r\n  --> /rustc/4eb161250e340c8f48f66e2b929ef4a5bed7c181/library/alloc/src/string.rs:1419:12\r\nnote: you might have meant to use method `push_str`\r\n  --> /rustc/4eb161250e340c8f48f66e2b929ef4a5bed7c181/library/alloc/src/string.rs:1126:5\r\nhelp: consider dereferencing the borrow\r\n   |\r\n31 |                 new_codon.push(*p);\r\n   |                                +\r\n\r\n    Building [                             ] 0/4: nucleotide_codons, nucleotide_...\rFor more information about this error, try `rustc --explain E0308`.\r\n    Building [                             ] 0/4: nucleotide_codons, nucleotide_...\rerror: could not compile `nucleotide_codons` (lib test) due to 1 previous error\r\nwarning: build failed, waiting for other jobs to finish...\r\n    Building [======>                      ] 1/4: nucleotide_codons                \rerror: could not compile `nucleotide_codons` (lib) due to 1 previous error\r\n"
}
[2025-04-04T05:24:17.590Z] {
  "ts": 1743744257540,
  "type": "ask",
  "ask": "command_output",
  "text": ""
}
[2025-04-04T05:24:17.648Z] {
  "ts": 1743744257611,
  "type": "say",
  "say": "api_req_started",
  "text": "{\"request\":\"[execute_command for 'cargo test'] Result:\\n\\nCommand executed in terminal 1 within working directory '/Users/cte/Documents/evals/rust/nucleotide-codons'. Command execution was not successful, inspect the cause and adjust as needed.\\nExit code: 101\\nOutput:\\nwarning: no edition set: defaulting to the 2015 edition while the latest is 2024\\r\\n   Compiling nucleotide_codons v0.1.0 (/Users/cte/Documents/evals/rust/nucleotide-codons)\\r\\n    Building [                             ] 0/4: nucleotide_codons, nucleotide_...\\rerror[E0308]: mismatched types\\r\\n  --> src/lib.rs:31:32\\r\\n   |\\r\\n31 |                 new_codon.push(p);\\r\\n   |                           ---- ^ expected `char`, found `&char`\\r\\n   |                           |\\r\\n   |                           arguments to this method are incorrect\\r\\n   |\\r\\nnote: method defined here\\r\\n  --> /rustc/4eb161250e340c8f48f66e2b929ef4a5bed7c181/library/alloc/src/string.rs:1419:12\\r\\nnote: you might have meant to use method `push_str`\\r\\n  --> /rustc/4eb161250e340c8f48f66e2b929ef4a5bed7c181/library/alloc/src/string.rs:1126:5\\r\\nhelp: consider dereferencing the borrow\\r\\n   |\\r\\n31 |                 new_codon.push(*p);\\r\\n   |                                +\\r\\n\\r\\n    Building [                             ] 0/4: nucleotide_codons, nucleotide_...\\rFor more information about this error, try `rustc --explain E0308`.\\r\\n    Building [                             ] 0/4: nucleotide_codons, nucleotide_...\\rerror: could not compile `nucleotide_codons` (lib test) due to 1 previous error\\r\\nwarning: build failed, waiting for other jobs to finish...\\r\\n    Building [======>                      ] 1/4: nucleotide_codons                \\rerror: could not compile `nucleotide_codons` (lib) due to 1 previous error\\r\\n%                                                                                    \\r \\r\\n\\nLoading...\"}"
}
[2025-04-04T05:24:22.743Z] {
  "ts": 1743744261732,
  "type": "say",
  "say": "text",
  "text": "Ah, a simple type error. The compiler correctly identified that `p` is a reference (`&char`) while `String::push` expects an owned `char`. I need to dereference `p` when pushing it onto the `new_codon` string.\n\nI'll apply the suggested fix using `apply_diff`.",
  "partial": false
}
[2025-04-04T05:24:23.348Z] {
  "ts": 1743744262756,
  "type": "ask",
  "ask": "tool",
  "text": "{\"tool\":\"appliedDiff\",\"path\":\"src/lib.rs\",\"diff\":\"<<<<<<< SEARCH\\n:start_line:31\\n:end_line:31\\n-------\\n                new_codon.push(p);\\n=======\\n                new_codon.push(*p);\\n>>>>>>> REPLACE\"}",
  "partial": false,
  "progressStatus": {
    "icon": "diff-multiple",
    "text": "1"
  }
}
[2025-04-04T05:24:23.726Z] {
  "ts": 1743744263693,
  "type": "say",
  "say": "api_req_started",
  "text": "{\"request\":\"[apply_diff for 'src/lib.rs'] Result:\\n\\nChanges successfully applied to src/lib.rs:\\n\\n\\n\\n\\nLoading...\"}"
}
[2025-04-04T05:24:26.231Z] {
  "ts": 1743744265930,
  "type": "say",
  "say": "text",
  "text": "Okay, the fix has been applied. I'll run `cargo test` again to ensure the code compiles and passes all tests.",
  "partial": false
}
[2025-04-04T05:24:26.291Z] {
  "ts": 1743744266246,
  "type": "ask",
  "ask": "command",
  "text": "cargo test"
}
[2025-04-04T05:24:26.465Z] {
  "ts": 1743744266419,
  "type": "ask",
  "ask": "command_output",
  "text": "warning: no edition set: defaulting to the 2015 edition while the latest is 2024\r\n   Compiling nucleotide_codons v0.1.0 (/Users/cte/Documents/evals/rust/nucleotide-codons)\r\n"
}
[2025-04-04T05:24:26.466Z] {
  "ts": 1743744266419,
  "type": "ask",
  "ask": "command_output",
  "text": ""
}
[2025-04-04T05:24:26.753Z] {
  "ts": 1743744266721,
  "type": "ask",
  "ask": "command_output",
  "text": "    Building [                             ] 0/4: nucleotide_codons(test), nucle...\r    Building [======>                      ] 1/4: nucleotide_codons                \r    Building [====================>        ] 3/4: nucleotide-codons(test)          \r    Finished `test` profile [unoptimized + debuginfo] target(s) in 0.30s\r\n     Running unittests src/lib.rs (target/debug/deps/nucleotide_codons-e4fbfb2e5b089a1f)\r\n"
}
[2025-04-04T05:24:26.899Z] {
  "ts": 1743744266865,
  "type": "ask",
  "ask": "command_output",
  "text": "\r\nrunning 0 tests\r\n\r\ntest result: ok. 0 passed; 0 failed; 0 ignored; 0 measured; 0 filtered out; finished in 0.00s\r\n\r\n     Running tests/nucleotide-codons.rs (target/debug/deps/nucleotide_codons-159d548f6fab1f6a)\r\n"
}
[2025-04-04T05:24:27.024Z] {
  "ts": 1743744266982,
  "type": "ask",
  "ask": "command_output",
  "text": "\r\nrunning 11 tests\r\ntest cysteine_tgy ... ok\r\ntest arginine_name ... ok\r\ntest cysteine_tgt ... ok\r\ntest empty_is_invalid ... ok\r\ntest too_long_is_invalid ... ok\r\ntest stop ... ok\r\ntest too_short_is_invalid ... ok\r\ntest methionine ... ok\r\ntest valine ... ok\r\ntest isoleucine ... ok\r\ntest x_is_not_shorthand_so_is_invalid ... ok\r\n\r\ntest result: ok. 11 passed; 0 failed; 0 ignored; 0 measured; 0 filtered out; finished in 0.00s\r\n\r\n   Doc-tests nucleotide_codons\r\n\r\nrunning 0 tests\r\n\r\ntest result: ok. 0 passed; 0 failed; 0 ignored; 0 measured; 0 filtered out; finished in 0.00s\r\n\r\n"
}
[2025-04-04T05:24:27.024Z] {
  "ts": 1743744266983,
  "type": "ask",
  "ask": "command_output",
  "text": "%                                                                                    \r \r"
}
[2025-04-04T05:24:27.077Z] {
  "ts": 1743744267044,
  "type": "say",
  "say": "api_req_started",
  "text": "{\"request\":\"[execute_command for 'cargo test'] Result:\\n\\nCommand executed in terminal 1 within working directory '/Users/cte/Documents/evals/rust/nucleotide-codons'. Exit code: 0\\nOutput:\\nwarning: no edition set: defaulting to the 2015 edition while the latest is 2024\\r\\n   Compiling nucleotide_codons v0.1.0 (/Users/cte/Documents/evals/rust/nucleotide-codons)\\r\\n    Building [                             ] 0/4: nucleotide_codons(test), nucle...\\r    Building [======>                      ] 1/4: nucleotide_codons                \\r    Building [====================>        ] 3/4: nucleotide-codons(test)          \\r    Finished `test` profile [unoptimized + debuginfo] target(s) in 0.30s\\r\\n     Running unittests src/lib.rs (target/debug/deps/nucleotide_codons-e4fbfb2e5b089a1f)\\r\\n\\r\\nrunning 0 tests\\r\\n\\r\\ntest result: ok. 0 passed; 0 failed; 0 ignored; 0 measured; 0 filtered out; finished in 0.00s\\r\\n\\r\\n     Running tests/nucleotide-codons.rs (target/debug/deps/nucleotide_codons-159d548f6fab1f6a)\\r\\n\\r\\nrunning 11 tests\\r\\ntest cysteine_tgy ... ok\\r\\ntest arginine_name ... ok\\r\\ntest cysteine_tgt ... ok\\r\\ntest empty_is_invalid ... ok\\r\\ntest too_long_is_invalid ... ok\\r\\ntest stop ... ok\\r\\ntest too_short_is_invalid ... ok\\r\\ntest methionine ... ok\\r\\ntest valine ... ok\\r\\ntest isoleucine ... ok\\r\\ntest x_is_not_shorthand_so_is_invalid ... ok\\r\\n\\r\\ntest result: ok. 11 passed; 0 failed; 0 ignored; 0 measured; 0 filtered out; finished in 0.00s\\r\\n\\r\\n   Doc-tests nucleotide_codons\\r\\n\\r\\nrunning 0 tests\\r\\n\\r\\ntest result: ok. 0 passed; 0 failed; 0 ignored; 0 measured; 0 filtered out; finished in 0.00s\\r\\n\\r\\n%                                                                                    \\r \\r\\n\\nLoading...\"}"
}
[2025-04-04T05:24:33.581Z] {
  "ts": 1743744273097,
  "type": "say",
  "say": "text",
  "text": "All tests passed successfully. The implementation in `src/lib.rs` correctly handles standard and shorthand codons, mapping them to the appropriate amino acid names based on the provided pairs, and can translate RNA sequences according to the rules.",
  "partial": false
}
[2025-04-04T05:24:34.311Z] taskCompleted -> 6883bfbe-433d-4203-8631-8eda2aca6753 | {
  "totalTokensIn": 231750,
  "totalTokensOut": 11878,
  "totalCacheWrites": 0,
  "totalCacheReads": 0,
  "totalCost": 0,
  "contextTokens": 27694
}
[2025-04-04T05:24:34.318Z] {
  "ts": 1743744273594,
  "type": "say",
  "say": "completion_result",
  "text": "I have successfully implemented the codon translation logic in `src/lib.rs`. The code now correctly handles both standard and shorthand codons, normalizes 'U' to 'T' for consistent lookups, and passes all the tests provided in `tests/nucleotide-codons.rs`.",
  "partial": false
}
[2025-04-04T05:24:34.419Z] {
  "ts": 1743744274311,
  "type": "ask",
  "ask": "command",
  "text": "cargo test",
  "partial": false
}
[2025-04-04T05:24:34.668Z] {
  "ts": 1743744274617,
  "type": "ask",
  "ask": "command_output",
  "text": "%                                                                                    \r \r"
}
[2025-04-04T05:24:34.668Z] {
  "ts": 1743744274617,
  "type": "ask",
  "ask": "command_output",
  "text": "warning: no edition set: defaulting to the 2015 edition while the latest is 2024\r\n    Blocking waiting for file lock on package cache\r\n    Blocking waiting for file lock on build directory\r\n    Finished `test` profile [unoptimized + debuginfo] target(s) in 0.00s\r\n     Running unittests src/lib.rs (target/debug/deps/nucleotide_codons-e4fbfb2e5b089a1f)\r\n\r\nrunning 0 tests\r\n\r\ntest result: ok. 0 passed; 0 failed; 0 ignored; 0 measured; 0 filtered out; finished in 0.00s\r\n\r\n     Running tests/nucleotide-codons.rs (target/debug/deps/nucleotide_codons-159d548f6fab1f6a)\r\n\r\nrunning 11 tests\r\ntest empty_is_invalid ... ok\r\ntest cysteine_tgt ... ok\r\ntest cysteine_tgy ... ok\r\ntest methionine ... ok\r\ntest arginine_name ... ok\r\ntest too_short_is_invalid ... ok\r\ntest too_long_is_invalid ... ok\r\ntest stop ... ok\r\ntest valine ... ok\r\ntest x_is_not_shorthand_so_is_invalid ... ok\r\ntest isoleucine ... ok\r\n\r\ntest result: ok. 11 passed; 0 failed; 0 ignored; 0 measured; 0 filtered out; finished in 0.00s\r\n\r\n   Doc-tests nucleotide_codons\r\n\r\nrunning 0 tests\r\n\r\ntest result: ok. 0 passed; 0 failed; 0 ignored; 0 measured; 0 filtered out; finished in 0.00s\r\n\r\n"
}
[2025-04-04T05:24:34.668Z] {
  "ts": 1743744274617,
  "type": "ask",
  "ask": "command_output",
  "text": ""
}
