[2025-04-04T05:28:34.439Z] {
  "ts": 1743744514393,
  "type": "say",
  "say": "text",
  "text": "Your job is to complete a coding exercise described the markdown files inside the `.docs` directory.\n\nA file with the implementation stubbed out has been created for you, along with a test file.\n\nTo successfully complete the exercise, you must pass all the tests in the test file.\n\nTo confirm that your solution is correct, run the tests with `cargo test`. Do not alter the test file; it should be run as-is.\n\nDo not use the \"ask_followup_question\" tool.\n"
}
[2025-04-04T05:28:34.478Z] taskStarted -> 516be059-19bf-43e8-ba4c-0cda9e81d175
[2025-04-04T05:28:34.512Z] {
  "ts": 1743744514478,
  "type": "say",
  "say": "api_req_started",
  "text": "{\"request\":\"<task>\\nYour job is to complete a coding exercise described the markdown files inside the `.docs` directory.\\n\\nA file with the implementation stubbed out has been created for you, along with a test file.\\n\\nTo successfully complete the exercise, you must pass all the tests in the test file.\\n\\nTo confirm that your solution is correct, run the tests with `cargo test`. Do not alter the test file; it should be run as-is.\\n\\nDo not use the \\\"ask_followup_question\\\" tool.\\n\\n</task>\\n\\nLoading...\"}"
}
[2025-04-04T05:28:39.534Z] {
  "ts": 1743744518837,
  "type": "say",
  "say": "text",
  "text": "Okay, I understand the task. I need to implement the variable-length quantity encoding and decoding functions in Rust based on the instructions in the `.docs` directory and ensure all tests in `tests/variable-length-quantity.rs` pass.\n\nFirst, I need to find the instruction file in the `.docs` directory.",
  "partial": false
}
[2025-04-04T05:28:39.636Z] {
  "ts": 1743744519592,
  "type": "ask",
  "ask": "tool",
  "text": "{\"tool\":\"listFilesTopLevel\",\"path\":\".docs\",\"content\":\"instructions.md\"}"
}
[2025-04-04T05:28:39.716Z] {
  "ts": 1743744519683,
  "type": "say",
  "say": "api_req_started",
  "text": "{\"request\":\"[list_files for '.docs'] Result:\\n\\ninstructions.md\\n\\nLoading...\"}"
}
[2025-04-04T05:28:43.643Z] {
  "ts": 1743744523254,
  "type": "say",
  "say": "text",
  "text": "Okay, I see the instruction file is `.docs/instructions.md`. I'll read it now to understand the requirements for the variable-length quantity encoding and decoding.",
  "partial": false
}
[2025-04-04T05:28:43.736Z] {
  "ts": 1743744523694,
  "type": "ask",
  "ask": "tool",
  "text": "{\"tool\":\"readFile\",\"path\":\".docs/instructions.md\",\"isOutsideWorkspace\":false,\"content\":\"/Users/cte/Documents/evals/rust/variable-length-quantity/.docs/instructions.md\",\"reason\":\" (max 500 lines)\"}"
}
[2025-04-04T05:28:43.819Z] {
  "ts": 1743744523784,
  "type": "say",
  "say": "api_req_started",
  "text": "{\"request\":\"[read_file for '.docs/instructions.md'] Result:\\n\\n 1 | # Instructions\\n 2 | \\n 3 | Implement variable length quantity encoding and decoding.\\n 4 | \\n 5 | The goal of this exercise is to implement [VLQ][vlq] encoding/decoding.\\n 6 | \\n 7 | In short, the goal of this encoding is to encode integer values in a way that would save bytes.\\n 8 | Only the first 7 bits of each byte are significant (right-justified; sort of like an ASCII byte).\\n 9 | So, if you have a 32-bit value, you have to unpack it into a series of 7-bit bytes.\\n10 | Of course, you will have a variable number of bytes depending upon your integer.\\n11 | To indicate which is the last byte of the series, you leave bit #7 clear.\\n12 | In all of the preceding bytes, you set bit #7.\\n13 | \\n14 | So, if an integer is between `0-127`, it can be represented as one byte.\\n15 | Although VLQ can deal with numbers of arbitrary sizes, for this exercise we will restrict ourselves to only numbers that fit in a 32-bit unsigned integer.\\n16 | Here are examples of integers as 32-bit values, and the variable length quantities that they translate to:\\n17 | \\n18 | ```text\\n19 |  NUMBER        VARIABLE QUANTITY\\n20 | 00000000              00\\n21 | 00000040              40\\n22 | 0000007F              7F\\n23 | 00000080             81 00\\n24 | 00002000             C0 00\\n25 | 00003FFF             FF 7F\\n26 | 00004000           81 80 00\\n27 | 00100000           C0 80 00\\n28 | 001FFFFF           FF FF 7F\\n29 | 00200000          81 80 80 00\\n30 | 08000000          C0 80 80 00\\n31 | 0FFFFFFF          FF FF FF 7F\\n32 | ```\\n33 | \\n34 | [vlq]: https://en.wikipedia.org/wiki/Variable-length_quantity\\n35 | \\n\\nLoading...\"}"
}
[2025-04-04T05:28:48.207Z] {
  "ts": 1743744527869,
  "type": "say",
  "say": "text",
  "text": "Okay, I understand the VLQ encoding/decoding rules. Now I'll read the stubbed implementation file `src/lib.rs` to see the function signatures.",
  "partial": false
}
[2025-04-04T05:28:48.368Z] {
  "ts": 1743744528224,
  "type": "ask",
  "ask": "tool",
  "text": "{\"tool\":\"readFile\",\"path\":\"src/lib.rs\",\"isOutsideWorkspace\":false,\"content\":\"/Users/cte/Documents/evals/rust/variable-length-quantity/src/lib.rs\",\"reason\":\" (max 500 lines)\"}",
  "partial": false
}
[2025-04-04T05:28:48.517Z] {
  "ts": 1743744528479,
  "type": "say",
  "say": "api_req_started",
  "text": "{\"request\":\"[read_file for 'src/lib.rs'] Result:\\n\\n 1 | #[derive(Debug, PartialEq, Eq)]\\n 2 | pub enum Error {\\n 3 |     IncompleteNumber,\\n 4 | }\\n 5 | \\n 6 | /// Convert a list of numbers to a stream of bytes encoded with variable length encoding.\\n 7 | pub fn to_bytes(values: &[u32]) -> Vec<u8> {\\n 8 |     todo!(\\\"Convert the values {values:?} to a list of bytes\\\")\\n 9 | }\\n10 | \\n11 | /// Given a stream of bytes, extract all numbers which are encoded in there.\\n12 | pub fn from_bytes(bytes: &[u8]) -> Result<Vec<u32>, Error> {\\n13 |     todo!(\\\"Convert the list of bytes {bytes:?} to a list of numbers\\\")\\n14 | }\\n15 | \\n\\nLoading...\"}"
}
[2025-04-04T05:29:04.993Z] {
  "ts": 1743744538025,
  "type": "say",
  "say": "text",
  "text": "Okay, I have the function signatures and the VLQ rules. I'll now implement the `to_bytes` and `from_bytes` functions in `src/lib.rs`.\n\n```rust\n#[derive(Debug, PartialEq, Eq)]\npub enum Error {\n    IncompleteNumber,\n    Overflow, // Added for handling potential overflows during decoding\n}\n\n/// Convert a list of numbers to a stream of bytes encoded with variable length encoding.\npub fn to_bytes(values: &[u32]) -> Vec<u8> {\n    let mut bytes = Vec::new();\n    for &value in values {\n        let mut num = value;\n        let mut encoded_bytes = Vec::new();\n\n        // Handle the 0 case explicitly\n        if num == 0 {\n            encoded_bytes.push(0x00);\n        } else {\n            while num > 0 {\n                // Take the lower 7 bits\n                let mut byte = (num & 0x7F) as u8;\n                num >>= 7;\n                // If there are more bits to come, set the MSB for the *next* byte to be processed\n                // Since we push in reverse order, we check if num is still > 0\n                if !encoded_bytes.is_empty() || num > 0 {\n                   // This byte is not the *least* significant byte in the final sequence\n                   // so set its MSB later (except for the actual least significant one)\n                }\n                 encoded_bytes.push(byte);\n            }\n             encoded_bytes.reverse(); // Put bytes in correct order\n\n            // Set MSB for all but the last byte\n            for i in 0..encoded_bytes.len() -1 {\n                encoded_bytes[i] |= 0x80;\n            }\n        }\n        bytes.extend(encoded_bytes);\n    }\n    bytes\n}\n\n/// Given a stream of bytes, extract all numbers which are encoded in there.\npub fn from_bytes(bytes: &[u8]) -> Result<Vec<u32>, Error> {\n    let mut values = Vec::new();\n    let mut current_num: u32 = 0;\n    let mut in_number = false; // Track if we are currently parsing a number\n\n    for &byte in bytes {\n        in_number = true;\n        // Check for potential overflow before shifting and adding\n        // If the top 7 bits of current_num are already set, shifting left by 7 will overflow\n        if (current_num >> (32 - 7)) > 0 {\n             return Err(Error::Overflow);\n        }\n\n        current_num <<= 7;\n        current_num |= (byte & 0x7F) as u32;\n\n        // Check if this is the last byte for the current number\n        if byte & 0x80 == 0 {\n            values.push(current_num);\n            current_num = 0;\n            in_number = false; // Finished parsing this number\n        }\n    }\n\n    // If the loop finishes while still parsing a number (last byte had MSB set), it's incomplete\n    if in_number {\n        Err(Error::IncompleteNumber)\n    } else {\n        Ok(values)\n    }\n}\n```\n\nI'll use `write_to_file` to update `src/lib.rs` with this implementation. I also added an `Overflow` variant to the `Error` enum to handle potential overflows during decoding, as shifting and adding could exceed `u32::MAX`.",
  "partial": false
}
[2025-04-04T05:29:12.245Z] {
  "ts": 1743744545160,
  "type": "ask",
  "ask": "tool",
  "text": "{\"tool\":\"editedExistingFile\",\"path\":\"src/lib.rs\",\"isOutsideWorkspace\":false,\"diff\":\"@@ -1,14 +1,78 @@\\n #[derive(Debug, PartialEq, Eq)]\\n pub enum Error {\\n     IncompleteNumber,\\n+    Overflow, // Added for handling potential overflows during decoding\\n }\\n \\n /// Convert a list of numbers to a stream of bytes encoded with variable length encoding.\\n pub fn to_bytes(values: &[u32]) -> Vec<u8> {\\n-    todo!(\\\"Convert the values {values:?} to a list of bytes\\\")\\n+    let mut bytes = Vec::new();\\n+    for &value in values {\\n+        let mut num = value;\\n+        let mut encoded_bytes = Vec::new();\\n+\\n+        // Handle the 0 case explicitly\\n+        if num == 0 {\\n+            encoded_bytes.push(0x00);\\n+        } else {\\n+            // Extract 7-bit chunks until number is 0\\n+            loop {\\n+                let mut byte = (num & 0x7F) as u8;\\n+                 num >>= 7;\\n+                 // The first byte extracted is the least significant\\n+                 // If num > 0 after shift, this wasn't the most significant 7 bits\\n+                 if num > 0 || !encoded_bytes.is_empty() {\\n+                    // This implies more bytes will follow this one in the final sequence\\n+                    // But we are adding them in reverse order of significance here\\n+                 }\\n+                 encoded_bytes.push(byte);\\n+                 if num == 0 {\\n+                     break;\\n+                 }\\n+            }\\n+\\n+            // Reverse to get the correct order (most significant first)\\n+            encoded_bytes.reverse();\\n+\\n+            // Set MSB for all but the last byte (least significant)\\n+            for i in 0..encoded_bytes.len() - 1 {\\n+                encoded_bytes[i] |= 0x80;\\n+            }\\n+        }\\n+        bytes.extend(encoded_bytes);\\n+    }\\n+    bytes\\n }\\n \\n /// Given a stream of bytes, extract all numbers which are encoded in there.\\n pub fn from_bytes(bytes: &[u8]) -> Result<Vec<u32>, Error> {\\n-    todo!(\\\"Convert the list of bytes {bytes:?} to a list of numbers\\\")\\n-}\\n+    let mut values = Vec::new();\\n+    let mut current_num: u32 = 0;\\n+    let mut in_number = false; // Track if we are currently parsing a number\\n+\\n+    for &byte in bytes {\\n+        in_number = true;\\n+        // Check for potential overflow before shifting and adding\\n+        // If the top 7 bits of current_num are already set, shifting left by 7 will overflow\\n+        if (current_num >> (32 - 7)) > 0 {\\n+             return Err(Error::Overflow);\\n+        }\\n+\\n+        current_num <<= 7;\\n+        current_num |= (byte & 0x7F) as u32;\\n+\\n+        // Check if this is the last byte for the current number\\n+        if byte & 0x80 == 0 {\\n+            values.push(current_num);\\n+            current_num = 0;\\n+            in_number = false; // Finished parsing this number\\n+        }\\n+    }\\n+\\n+    // If the loop finishes while still parsing a number (last byte had MSB set), it's incomplete\\n+    if in_number {\\n+        Err(Error::IncompleteNumber)\\n+    } else {\\n+        Ok(values)\\n+    }\\n+}\\n\\\\ No newline at end of file\\n\"}",
  "partial": false
}
[2025-04-04T05:29:12.653Z] {
  "ts": 1743744552620,
  "type": "say",
  "say": "api_req_started",
  "text": "{\"request\":\"[write_to_file for 'src/lib.rs'] Result:\\n\\nThe content was successfully saved to src/lib.rs.\\n\\nLoading...\"}"
}
[2025-04-04T05:29:15.491Z] {
  "ts": 1743744555142,
  "type": "say",
  "say": "text",
  "text": "Okay, the code has been written to `src/lib.rs`. Now I will run the tests using `cargo test` to check if the implementation is correct.",
  "partial": false
}
[2025-04-04T05:29:15.537Z] {
  "ts": 1743744555498,
  "type": "ask",
  "ask": "command",
  "text": "cargo test"
}
[2025-04-04T05:29:17.699Z] {
  "ts": 1743744557653,
  "type": "ask",
  "ask": "command_output",
  "text": ""
}
[2025-04-04T05:29:17.699Z] {
  "ts": 1743744557654,
  "type": "ask",
  "ask": "command_output",
  "text": "   Compiling variable-length-quantity v1.2.0 (/Users/cte/Documents/evals/rust/variable-length-quantity)\r\n    Building [                             ] 0/4: variable-length-quantity, vari...\rwarning: variable does not need to be mutable\r\n  --> src/lib.rs:20:21\r\n   |\r\n20 |                 let mut byte = (num & 0x7F) as u8;\r\n   |                     ----^^^^\r\n   |                     |\r\n   |                     help: remove this `mut`\r\n   |\r\n   = note: `#[warn(unused_mut)]` on by default\r\n\r\n    Building [                             ] 0/4: variable-length-quantity, vari...\rwarning: `variable-length-quantity` (lib) generated 1 warning (1 duplicate)\r\n    Building [=============>               ] 2/4: variable_length_quantity(test)...\rwarning: `variable-length-quantity` (lib test) generated 1 warning (run `cargo fix --lib -p variable-length-quantity --tests` to apply 1 suggestion)\r\n"
}
[2025-04-04T05:29:17.927Z] {
  "ts": 1743744557894,
  "type": "ask",
  "ask": "command_output",
  "text": "    Building [====================>        ] 3/4: variable-length-quantity(test)   \r    Finished `test` profile [unoptimized + debuginfo] target(s) in 0.20s\r\n     Running unittests src/lib.rs (target/debug/deps/variable_length_quantity-e2c19988dfd47fd0)\r\n\r\nrunning 0 tests\r\n\r\ntest result: ok. 0 passed; 0 failed; 0 ignored; 0 measured; 0 filtered out; finished in 0.00s\r\n\r\n     Running tests/variable-length-quantity.rs (target/debug/deps/variable_length_quantity-88dc6bc2f67a7bfc)\r\n"
}
[2025-04-04T05:29:18.071Z] {
  "ts": 1743744558028,
  "type": "ask",
  "ask": "command_output",
  "text": "\r\nrunning 26 tests\r\ntest arbitrary_quintuple_byte ... ok\r\ntest arbitrary_double_byte ... ok\r\ntest incomplete_sequence_causes_error_even_if_value_is_zero ... ok\r\ntest largest_single_byte ... ok\r\ntest arbitrary_quadruple_byte ... ok\r\ntest one_byte ... ok\r\ntest arbitrary_triple_byte ... ok\r\ntest smallest_quintuple_byte ... ok\r\ntest incomplete_sequence_causes_error ... ok\r\ntest largest_double_byte ... ok\r\ntest four_bytes ... ok\r\ntest two_bytes ... ok\r\ntest largest_quadruple_byte ... ok\r\ntest largest_triple_byte ... ok\r\ntest many_multi_byte_values ... ok\r\ntest maximum_32_bit_integer ... ok\r\ntest multiple_values ... ok\r\ntest maximum_32_bit_integer_input ... ok\r\ntest arbitrary_single_byte ... ok\r\ntest smallest_double_byte ... ok\r\ntest smallest_quadruple_byte ... ok\r\ntest smallest_triple_byte ... ok\r\ntest two_multi_byte_values ... ok\r\ntest three_bytes ... ok\r\ntest two_single_byte_values ... ok\r\ntest zero ... ok\r\n\r\ntest result: ok. 26 passed; 0 failed; 0 ignored; 0 measured; 0 filtered out; finished in 0.00s\r\n\r\n   Doc-tests variable_length_quantity\r\n\r\nrunning 0 tests\r\n\r\ntest result: ok. 0 passed; 0 failed; 0 ignored; 0 measured; 0 filtered out; finished in 0.00s\r\n\r\n"
}
[2025-04-04T05:29:18.071Z] {
  "ts": 1743744558028,
  "type": "ask",
  "ask": "command_output",
  "text": "%                                                                                    \r \r"
}
[2025-04-04T05:29:18.130Z] {
  "ts": 1743744558096,
  "type": "say",
  "say": "api_req_started",
  "text": "{\"request\":\"[execute_command for 'cargo test'] Result:\\n\\nCommand executed in terminal 1 within working directory '/Users/cte/Documents/evals/rust/variable-length-quantity'. Exit code: 0\\nOutput:\\n   Compiling variable-length-quantity v1.2.0 (/Users/cte/Documents/evals/rust/variable-length-quantity)\\r\\n    Building [                             ] 0/4: variable-length-quantity, vari...\\rwarning: variable does not need to be mutable\\r\\n  --> src/lib.rs:20:21\\r\\n   |\\r\\n20 |                 let mut byte = (num & 0x7F) as u8;\\r\\n   |                     ----^^^^\\r\\n   |                     |\\r\\n   |                     help: remove this `mut`\\r\\n   |\\r\\n   = note: `#[warn(unused_mut)]` on by default\\r\\n\\r\\n    Building [                             ] 0/4: variable-length-quantity, vari...\\rwarning: `variable-length-quantity` (lib) generated 1 warning (1 duplicate)\\r\\n    Building [=============>               ] 2/4: variable_length_quantity(test)...\\rwarning: `variable-length-quantity` (lib test) generated 1 warning (run `cargo fix --lib -p variable-length-quantity --tests` to apply 1 suggestion)\\r\\n    Building [====================>        ] 3/4: variable-length-quantity(test)   \\r    Finished `test` profile [unoptimized + debuginfo] target(s) in 0.20s\\r\\n     Running unittests src/lib.rs (target/debug/deps/variable_length_quantity-e2c19988dfd47fd0)\\r\\n\\r\\nrunning 0 tests\\r\\n\\r\\ntest result: ok. 0 passed; 0 failed; 0 ignored; 0 measured; 0 filtered out; finished in 0.00s\\r\\n\\r\\n     Running tests/variable-length-quantity.rs (target/debug/deps/variable_length_quantity-88dc6bc2f67a7bfc)\\r\\n\\r\\nrunning 26 tests\\r\\ntest arbitrary_quintuple_byte ... ok\\r\\ntest arbitrary_double_byte ... ok\\r\\ntest incomplete_sequence_causes_error_even_if_value_is_zero ... ok\\r\\ntest largest_single_byte ... ok\\r\\ntest arbitrary_quadruple_byte ... ok\\r\\ntest one_byte ... ok\\r\\ntest arbitrary_triple_byte ... ok\\r\\ntest smallest_quintuple_byte ... ok\\r\\ntest incomplete_sequence_causes_error ... ok\\r\\ntest largest_double_byte ... ok\\r\\ntest four_bytes ... ok\\r\\ntest two_bytes ... ok\\r\\ntest largest_quadruple_byte ... ok\\r\\ntest largest_triple_byte ... ok\\r\\ntest many_multi_byte_values ... ok\\r\\ntest maximum_32_bit_integer ... ok\\r\\ntest multiple_values ... ok\\r\\ntest maximum_32_bit_integer_input ... ok\\r\\ntest arbitrary_single_byte ... ok\\r\\ntest smallest_double_byte ... ok\\r\\ntest smallest_quadruple_byte ... ok\\r\\ntest smallest_triple_byte ... ok\\r\\ntest two_multi_byte_values ... ok\\r\\ntest three_bytes ... ok\\r\\ntest two_single_byte_values ... ok\\r\\ntest zero ... ok\\r\\n\\r\\ntest result: ok. 26 passed; 0 failed; 0 ignored; 0 measured; 0 filtered out; finished in 0.00s\\r\\n\\r\\n   Doc-tests variable_length_quantity\\r\\n\\r\\nrunning 0 tests\\r\\n\\r\\ntest result: ok. 0 passed; 0 failed; 0 ignored; 0 measured; 0 filtered out; finished in 0.00s\\r\\n\\r\\n%                                                                                    \\r \\r\\n\\nLoading...\"}"
}
[2025-04-04T05:29:22.765Z] {
  "ts": 1743744562161,
  "type": "say",
  "say": "text",
  "text": "The tests passed! There's a minor warning about an unused mutable variable (`let mut byte = ...` in `to_bytes`). While it doesn't affect functionality, it's good practice to fix it.\n\nI'll remove the unnecessary `mut`.",
  "partial": false
}
[2025-04-04T05:29:23.371Z] {
  "ts": 1743744563336,
  "type": "say",
  "say": "api_req_started",
  "text": "{\"request\":\"[apply_diff for 'src/lib.rs'] Result:\\n\\nUnable to apply diff to file: /Users/cte/Documents/evals/rust/variable-length-quantity/src/lib.rs\\n\\n<error_details>\\nERROR: Special marker '=======' found in your diff content at line 6:\\n\\nWhen removing merge conflict markers like '=======' from files, you MUST escape them\\nin your SEARCH section by prepending a backslash (\\\\) at the beginning of the line:\\n\\nCORRECT FORMAT:\\n\\n<<<<<<< SEARCH\\ncontent before\\n\\\\=======    <-- Note the backslash here in this example\\ncontent after\\n=======\\nreplacement content\\n>>>>>>> REPLACE\\n\\nWithout escaping, the system confuses your content with diff syntax markers.\\nYou may use multiple diff blocks in a single diff request, but ANY of ONLY the following separators that occur within SEARCH or REPLACE content must be escaped, as follows:\\n\\\\<<<<<<< SEARCH\\n\\\\=======\\n\\\\>>>>>>> REPLACE\\n\\n</error_details>\\n\\nLoading...\"}"
}
[2025-04-04T05:29:31.659Z] {
  "ts": 1743744570970,
  "type": "say",
  "say": "text",
  "text": "Ah, it seems the diff format was misinterpreted. My apologies. The `=======` separator itself should not be escaped, only if it appears *within* the actual code being searched for or replaced.\n\nLet me first re-read the exact line content to ensure the `SEARCH` block is perfect, including whitespace.",
  "partial": false
}
[2025-04-04T05:29:31.847Z] {
  "ts": 1743744571673,
  "type": "ask",
  "ask": "tool",
  "text": "{\"tool\":\"readFile\",\"path\":\"src/lib.rs\",\"isOutsideWorkspace\":false,\"content\":\"/Users/cte/Documents/evals/rust/variable-length-quantity/src/lib.rs\",\"reason\":\" (lines 20-20)\"}",
  "partial": false
}
[2025-04-04T05:29:31.988Z] {
  "ts": 1743744571955,
  "type": "say",
  "say": "api_req_started",
  "text": "{\"request\":\"[read_file for 'src/lib.rs'] Result:\\n\\n20 |                 let mut byte = (num & 0x7F) as u8;\\n\\nLoading...\"}"
}
[2025-04-04T05:29:36.549Z] {
  "ts": 1743744576142,
  "type": "say",
  "say": "text",
  "text": "Okay, I have the exact content for line 20 now. I'll apply the diff again to remove the unnecessary `mut`.",
  "partial": false
}
[2025-04-04T05:29:37.154Z] {
  "ts": 1743744577108,
  "type": "say",
  "say": "error",
  "text": "Unable to apply diff to file: /Users/cte/Documents/evals/rust/variable-length-quantity/src/lib.rs\n\n<error_details>\nERROR: Special marker '=======' found in your diff content at line 6:\n\nWhen removing merge conflict markers like '=======' from files, you MUST escape them\nin your SEARCH section by prepending a backslash (\\) at the beginning of the line:\n\nCORRECT FORMAT:\n\n<<<<<<< SEARCH\ncontent before\n\\=======    <-- Note the backslash here in this example\ncontent after\n=======\nreplacement content\n>>>>>>> REPLACE\n\nWithout escaping, the system confuses your content with diff syntax markers.\nYou may use multiple diff blocks in a single diff request, but ANY of ONLY the following separators that occur within SEARCH or REPLACE content must be escaped, as follows:\n\\<<<<<<< SEARCH\n\\=======\n\\>>>>>>> REPLACE\n\n</error_details>"
}
[2025-04-04T05:29:37.242Z] {
  "ts": 1743744577209,
  "type": "say",
  "say": "api_req_started",
  "text": "{\"request\":\"[apply_diff for 'src/lib.rs'] Result:\\n\\nUnable to apply diff to file: /Users/cte/Documents/evals/rust/variable-length-quantity/src/lib.rs\\n\\n<error_details>\\nERROR: Special marker '=======' found in your diff content at line 6:\\n\\nWhen removing merge conflict markers like '=======' from files, you MUST escape them\\nin your SEARCH section by prepending a backslash (\\\\) at the beginning of the line:\\n\\nCORRECT FORMAT:\\n\\n<<<<<<< SEARCH\\ncontent before\\n\\\\=======    <-- Note the backslash here in this example\\ncontent after\\n=======\\nreplacement content\\n>>>>>>> REPLACE\\n\\nWithout escaping, the system confuses your content with diff syntax markers.\\nYou may use multiple diff blocks in a single diff request, but ANY of ONLY the following separators that occur within SEARCH or REPLACE content must be escaped, as follows:\\n\\\\<<<<<<< SEARCH\\n\\\\=======\\n\\\\>>>>>>> REPLACE\\n\\n</error_details>\\n\\nLoading...\"}"
}
[2025-04-04T05:29:43.647Z] {
  "ts": 1743744582996,
  "type": "say",
  "say": "text",
  "text": "It seems the `apply_diff` tool is consistently having trouble with the separator. I'll try using the `search_and_replace` tool instead to achieve the same result: removing `mut` from line 20.\n\nFirst, I'll re-read line 20 to ensure the search string is exact, including leading whitespace.",
  "partial": false
}
[2025-04-04T05:29:43.837Z] {
  "ts": 1743744583660,
  "type": "ask",
  "ask": "tool",
  "text": "{\"tool\":\"readFile\",\"path\":\"src/lib.rs\",\"isOutsideWorkspace\":false,\"content\":\"/Users/cte/Documents/evals/rust/variable-length-quantity/src/lib.rs\",\"reason\":\" (lines 20-20)\"}",
  "partial": false
}
[2025-04-04T05:29:43.974Z] {
  "ts": 1743744583943,
  "type": "say",
  "say": "api_req_started",
  "text": "{\"request\":\"[read_file for 'src/lib.rs'] Result:\\n\\n20 |                 let mut byte = (num & 0x7F) as u8;\\n\\nLoading...\"}"
}
[2025-04-04T05:29:46.871Z] {
  "ts": 1743744586480,
  "type": "say",
  "say": "text",
  "text": "Okay, I have the exact content again. I'll use `search_and_replace` to remove the `mut` keyword from line 20.",
  "partial": false
}
[2025-04-04T05:29:47.307Z] {
  "ts": 1743744586883,
  "type": "ask",
  "ask": "tool",
  "text": "{\"tool\":\"appliedDiff\",\"path\":\"src/lib.rs\",\"diff\":\"@@ -16,9 +16,9 @@\\n             encoded_bytes.push(0x00);\\n         } else {\\n             // Extract 7-bit chunks until number is 0\\n             loop {\\n-                let mut byte = (num & 0x7F) as u8;\\n+                let byte = (num & 0x7F) as u8;\\n                  num >>= 7;\\n                  // The first byte extracted is the least significant\\n                  // If num > 0 after shift, this wasn't the most significant 7 bits\\n                  if num > 0 || !encoded_bytes.is_empty() {\\n\"}",
  "partial": false
}
[2025-04-04T05:29:47.720Z] {
  "ts": 1743744587667,
  "type": "say",
  "say": "api_req_started",
  "text": "{\"request\":\"[search_and_replace for 'src/lib.rs'] Result:\\n\\nChanges successfully applied to src/lib.rs:\\n\\n\\n\\nLoading...\"}"
}
[2025-04-04T05:29:51.331Z] {
  "ts": 1743744591055,
  "type": "say",
  "say": "text",
  "text": "Okay, the `mut` keyword has been removed. I'll run `cargo test` one more time to ensure the warning is gone and all tests still pass.",
  "partial": false
}
[2025-04-04T05:29:51.465Z] {
  "ts": 1743744591347,
  "type": "ask",
  "ask": "command",
  "text": "cargo test",
  "partial": false
}
[2025-04-04T05:29:51.672Z] {
  "ts": 1743744591638,
  "type": "ask",
  "ask": "command_output",
  "text": ""
}
[2025-04-04T05:29:51.801Z] {
  "ts": 1743744591768,
  "type": "ask",
  "ask": "command_output",
  "text": "   Compiling variable-length-quantity v1.2.0 (/Users/cte/Documents/evals/rust/variable-length-quantity)\r\n"
}
[2025-04-04T05:29:52.324Z] {
  "ts": 1743744592291,
  "type": "ask",
  "ask": "command_output",
  "text": "    Building [                             ] 0/4: variable-length-quantity, vari...\r    Building [=============>               ] 2/4: variable_length_quantity(test)...\r    Building [====================>        ] 3/4: variable-length-quantity(test)   \r    Finished `test` profile [unoptimized + debuginfo] target(s) in 0.56s\r\n     Running unittests src/lib.rs (target/debug/deps/variable_length_quantity-e2c19988dfd47fd0)\r\n"
}
[2025-04-04T05:29:52.480Z] {
  "ts": 1743744592439,
  "type": "ask",
  "ask": "command_output",
  "text": "\r\nrunning 0 tests\r\n\r\ntest result: ok. 0 passed; 0 failed; 0 ignored; 0 measured; 0 filtered out; finished in 0.00s\r\n\r\n     Running tests/variable-length-quantity.rs (target/debug/deps/variable_length_quantity-88dc6bc2f67a7bfc)\r\n"
}
[2025-04-04T05:29:52.630Z] {
  "ts": 1743744592587,
  "type": "ask",
  "ask": "command_output",
  "text": "%                                                                                    \r \r"
}
[2025-04-04T05:29:52.630Z] {
  "ts": 1743744592587,
  "type": "ask",
  "ask": "command_output",
  "text": "\r\nrunning 26 tests\r\ntest arbitrary_double_byte ... ok\r\ntest arbitrary_quintuple_byte ... ok\r\ntest arbitrary_quadruple_byte ... ok\r\ntest arbitrary_single_byte ... ok\r\ntest arbitrary_triple_byte ... ok\r\ntest incomplete_sequence_causes_error ... ok\r\ntest four_bytes ... ok\r\ntest incomplete_sequence_causes_error_even_if_value_is_zero ... ok\r\ntest largest_double_byte ... ok\r\ntest largest_quadruple_byte ... ok\r\ntest largest_single_byte ... ok\r\ntest largest_triple_byte ... ok\r\ntest many_multi_byte_values ... ok\r\ntest maximum_32_bit_integer ... ok\r\ntest maximum_32_bit_integer_input ... ok\r\ntest multiple_values ... ok\r\ntest one_byte ... ok\r\ntest smallest_double_byte ... ok\r\ntest smallest_quadruple_byte ... ok\r\ntest smallest_quintuple_byte ... ok\r\ntest smallest_triple_byte ... ok\r\ntest three_bytes ... ok\r\ntest two_bytes ... ok\r\ntest two_multi_byte_values ... ok\r\ntest two_single_byte_values ... ok\r\ntest zero ... ok\r\n\r\ntest result: ok. 26 passed; 0 failed; 0 ignored; 0 measured; 0 filtered out; finished in 0.00s\r\n\r\n   Doc-tests variable_length_quantity\r\n\r\nrunning 0 tests\r\n\r\ntest result: ok. 0 passed; 0 failed; 0 ignored; 0 measured; 0 filtered out; finished in 0.00s\r\n\r\n"
}
[2025-04-04T05:29:52.691Z] {
  "ts": 1743744592652,
  "type": "say",
  "say": "api_req_started",
  "text": "{\"request\":\"[execute_command for 'cargo test'] Result:\\n\\nCommand executed in terminal 1 within working directory '/Users/cte/Documents/evals/rust/variable-length-quantity'. Exit code: 0\\nOutput:\\n   Compiling variable-length-quantity v1.2.0 (/Users/cte/Documents/evals/rust/variable-length-quantity)\\r\\n    Building [                             ] 0/4: variable-length-quantity, vari...\\r    Building [=============>               ] 2/4: variable_length_quantity(test)...\\r    Building [====================>        ] 3/4: variable-length-quantity(test)   \\r    Finished `test` profile [unoptimized + debuginfo] target(s) in 0.56s\\r\\n     Running unittests src/lib.rs (target/debug/deps/variable_length_quantity-e2c19988dfd47fd0)\\r\\n\\r\\nrunning 0 tests\\r\\n\\r\\ntest result: ok. 0 passed; 0 failed; 0 ignored; 0 measured; 0 filtered out; finished in 0.00s\\r\\n\\r\\n     Running tests/variable-length-quantity.rs (target/debug/deps/variable_length_quantity-88dc6bc2f67a7bfc)\\r\\n\\r\\nrunning 26 tests\\r\\ntest arbitrary_double_byte ... ok\\r\\ntest arbitrary_quintuple_byte ... ok\\r\\ntest arbitrary_quadruple_byte ... ok\\r\\ntest arbitrary_single_byte ... ok\\r\\ntest arbitrary_triple_byte ... ok\\r\\ntest incomplete_sequence_causes_error ... ok\\r\\ntest four_bytes ... ok\\r\\ntest incomplete_sequence_causes_error_even_if_value_is_zero ... ok\\r\\ntest largest_double_byte ... ok\\r\\ntest largest_quadruple_byte ... ok\\r\\ntest largest_single_byte ... ok\\r\\ntest largest_triple_byte ... ok\\r\\ntest many_multi_byte_values ... ok\\r\\ntest maximum_32_bit_integer ... ok\\r\\ntest maximum_32_bit_integer_input ... ok\\r\\ntest multiple_values ... ok\\r\\ntest one_byte ... ok\\r\\ntest smallest_double_byte ... ok\\r\\ntest smallest_quadruple_byte ... ok\\r\\ntest smallest_quintuple_byte ... ok\\r\\ntest smallest_triple_byte ... ok\\r\\ntest three_bytes ... ok\\r\\ntest two_bytes ... ok\\r\\ntest two_multi_byte_values ... ok\\r\\ntest two_single_byte_values ... ok\\r\\ntest zero ... ok\\r\\n\\r\\ntest result: ok. 26 passed; 0 failed; 0 ignored; 0 measured; 0 filtered out; finished in 0.00s\\r\\n\\r\\n   Doc-tests variable_length_quantity\\r\\n\\r\\nrunning 0 tests\\r\\n\\r\\ntest result: ok. 0 passed; 0 failed; 0 ignored; 0 measured; 0 filtered out; finished in 0.00s\\r\\n\\r\\n%                                                                                    \\r \\r\\n\\nLoading...\"}"
}
[2025-04-04T05:29:56.789Z] {
  "ts": 1743744596463,
  "type": "say",
  "say": "text",
  "text": "Excellent, the tests passed successfully and the warning is gone. The implementation of variable-length quantity encoding and decoding in `src/lib.rs` is complete and correct according to the provided tests.",
  "partial": false
}
[2025-04-04T05:29:57.391Z] taskCompleted -> 516be059-19bf-43e8-ba4c-0cda9e81d175 | {
  "totalTokensIn": 213680,
  "totalTokensOut": 6412,
  "totalCacheWrites": 0,
  "totalCacheReads": 0,
  "totalCost": 0,
  "contextTokens": 21349
}
[2025-04-04T05:29:57.406Z] {
  "ts": 1743744596801,
  "type": "say",
  "say": "completion_result",
  "text": "I have successfully implemented the variable-length quantity encoding and decoding functions in `src/lib.rs`. All tests in `tests/variable-length-quantity.rs` pass, and the code is free of warnings.",
  "partial": false
}
[2025-04-04T05:29:57.427Z] {
  "ts": 1743744597391,
  "type": "ask",
  "ask": "command",
  "text": "cargo test"
}
[2025-04-04T05:29:57.603Z] {
  "ts": 1743744597551,
  "type": "ask",
  "ask": "command_output",
  "text": ""
}
[2025-04-04T05:29:57.603Z] {
  "ts": 1743744597551,
  "type": "ask",
  "ask": "command_output",
  "text": "    Finished `test` profile [unoptimized + debuginfo] target(s) in 0.00s\r\n     Running unittests src/lib.rs (target/debug/deps/variable_length_quantity-e2c19988dfd47fd0)\r\n\r\nrunning 0 tests\r\n\r\ntest result: ok. 0 passed; 0 failed; 0 ignored; 0 measured; 0 filtered out; finished in 0.00s\r\n\r\n     Running tests/variable-length-quantity.rs (target/debug/deps/variable_length_quantity-88dc6bc2f67a7bfc)\r\n\r\nrunning 26 tests\r\ntest arbitrary_double_byte ... ok\r\ntest arbitrary_quadruple_byte ... ok\r\ntest arbitrary_single_byte ... ok\r\ntest arbitrary_triple_byte ... ok\r\ntest arbitrary_quintuple_byte ... ok\r\ntest four_bytes ... ok\r\ntest incomplete_sequence_causes_error ... ok\r\ntest incomplete_sequence_causes_error_even_if_value_is_zero ... ok\r\ntest largest_double_byte ... ok\r\ntest largest_single_byte ... ok\r\ntest largest_quadruple_byte ... ok\r\ntest many_multi_byte_values ... ok\r\ntest largest_triple_byte ... ok\r\ntest maximum_32_bit_integer_input ... ok\r\ntest maximum_32_bit_integer ... ok\r\ntest multiple_values ... ok\r\ntest one_byte ... ok\r\ntest smallest_double_byte ... ok\r\ntest smallest_quintuple_byte ... ok\r\ntest smallest_quadruple_byte ... ok\r\ntest three_bytes ... ok\r\ntest smallest_triple_byte ... ok\r\ntest two_bytes ... ok\r\ntest two_multi_byte_values ... ok\r\ntest two_single_byte_values ... ok\r\ntest zero ... ok\r\n\r\ntest result: ok. 26 passed; 0 failed; 0 ignored; 0 measured; 0 filtered out; finished in 0.00s\r\n\r\n   Doc-tests variable_length_quantity\r\n\r\nrunning 0 tests\r\n\r\ntest result: ok. 0 passed; 0 failed; 0 ignored; 0 measured; 0 filtered out; finished in 0.00s\r\n\r\n"
}
[2025-04-04T05:29:57.603Z] {
  "ts": 1743744597551,
  "type": "ask",
  "ask": "command_output",
  "text": "%                                                                                    \r \r"
}
[2025-04-04T05:29:57.654Z] {
  "ts": 1743744597604,
  "type": "ask",
  "ask": "completion_result",
  "text": ""
}
