[2025-04-03T23:21:58.415Z] {
  "ts": 1743722518398,
  "type": "say",
  "say": "text",
  "text": "Your job is to complete a coding exercise described the markdown files inside the `.docs` directory.\n\nA file with the implementation stubbed out has been created for you, along with a test file.\n\nTo successfully complete the exercise, you must pass all the tests in the test file.\n\nTo confirm that your solution is correct, run the tests with `cargo test`. Do not alter the test file; it should be run as-is.\n\nDo not use the \"ask_followup_question\" tool.\n"
}
[2025-04-03T23:21:58.428Z] taskStarted -> a7239e90-0904-4e1d-b22c-bfe4419c4d2b
[2025-04-03T23:21:58.456Z] {
  "ts": 1743722518428,
  "type": "say",
  "say": "api_req_started",
  "text": "{\"request\":\"<task>\\nYour job is to complete a coding exercise described the markdown files inside the `.docs` directory.\\n\\nA file with the implementation stubbed out has been created for you, along with a test file.\\n\\nTo successfully complete the exercise, you must pass all the tests in the test file.\\n\\nTo confirm that your solution is correct, run the tests with `cargo test`. Do not alter the test file; it should be run as-is.\\n\\nDo not use the \\\"ask_followup_question\\\" tool.\\n\\n</task>\\n\\nLoading...\"}"
}
[2025-04-03T23:22:01.787Z] {
  "ts": 1743722520114,
  "type": "say",
  "say": "text",
  "text": "The task is to complete a coding exercise described in markdown files inside a `.docs` directory. However, the `.docs` directory is not currently visible in the environment details, which only list files in the project root (`Cargo.toml`, `roo-code-messages.log`, `src/`, `tests/`). \n\nSince the `.docs` directory is not listed, it might be inside `src/` or `tests/`, or it might simply not have been listed because the initial file listing was non-recursive. To locate the `.docs` directory and access the exercise description, I will perform a recursive file listing from the project root.\n\nOnce I locate the `.docs` directory and the relevant markdown files, I will read them to understand the exercise requirements. After that, I will inspect the implementation stub (likely in `src/lib.rs`) and the test file (`tests/grade-school.rs`). Finally, I will implement the solution, verify it by running `cargo test`, and ensure all tests pass.\n\nThe next step is to perform a recursive file listing from the project root to locate `.docs` and its contents.",
  "partial": false
}
[2025-04-03T23:22:01.801Z] {
  "ts": 1743722520114,
  "type": "say",
  "say": "text",
  "text": "The task is to complete a coding exercise described in markdown files inside a `.docs` directory. However, the `.docs` directory is not currently visible in the environment details, which only list files in the project root (`Cargo.toml`, `roo-code-messages.log`, `src/`, `tests/`). \n\nSince the `.docs` directory is not listed, it might be inside `src/` or `tests/`, or it might simply not have been listed because the initial file listing was non-recursive. To locate the `.docs` directory and access the exercise description, I will perform a recursive file listing from the project root.\n\nOnce I locate the `.docs` directory and the relevant markdown files, I will read them to understand the exercise requirements. After that, I will inspect the implementation stub (likely in `src/lib.rs`) and the test file (`tests/grade-school.rs`). Finally, I will implement the solution, verify it by running `cargo test`, and ensure all tests pass.\n\nThe next step is to perform a recursive file listing from the project root to locate `.docs` and its contents.",
  "partial": false
}
[2025-04-03T23:22:02.023Z] {
  "ts": 1743722521807,
  "type": "ask",
  "ask": "tool",
  "text": "{\"tool\":\"listFilesRecursive\",\"path\":\"grade-school\",\"content\":\"Cargo.toml\\nroo-code-messages.log\\nsrc/\\nsrc/lib.rs\\ntests/\\ntests/grade-school.rs\"}",
  "partial": false
}
[2025-04-03T23:22:02.356Z] {
  "ts": 1743722522341,
  "type": "say",
  "say": "api_req_started",
  "text": "{\"request\":\"[list_files for '.'] Result:\\n\\nCargo.toml\\nroo-code-messages.log\\nsrc/\\nsrc/lib.rs\\ntests/\\ntests/grade-school.rs\\n\\nLoading...\"}"
}
[2025-04-03T23:22:05.720Z] {
  "ts": 1743722524319,
  "type": "say",
  "say": "text",
  "text": "The recursive file listing shows only the root files and directories (`Cargo.toml`, `roo-code-messages.log`, `src/`, `tests/`) but does not reveal any `.docs` directory. This suggests that either:\n- The `.docs` directory is hidden or located outside the current working directory.\n- The `.docs` directory does not exist, and the exercise description might be elsewhere.\n\nSince the instructions explicitly mention `.docs`, it is likely a hidden directory (due to the dot prefix). Some file listing tools omit hidden directories by default, but the `list_files` tool should include them.\n\nGiven that `.docs` is not found, the next logical step is to search for markdown files (`*.md`) within the project directory, as the exercise description is inside markdown files. This will help locate any relevant documentation regardless of directory.\n\nI will perform a recursive search for all `.md` files in the project.",
  "partial": false
}
[2025-04-03T23:22:05.992Z] {
  "ts": 1743722525726,
  "type": "ask",
  "ask": "tool",
  "text": "{\"tool\":\"searchFiles\",\"path\":\"grade-school\",\"regex\":\".*\",\"filePattern\":\"*.md\",\"content\":\"Found 0 results.\"}",
  "partial": false
}
[2025-04-03T23:22:06.332Z] {
  "ts": 1743722526317,
  "type": "say",
  "say": "api_req_started",
  "text": "{\"request\":\"[search_files for '.*' in '*.md'] Result:\\n\\nFound 0 results.\\n\\nLoading...\"}"
}
[2025-04-03T23:22:09.244Z] {
  "ts": 1743722528200,
  "type": "say",
  "say": "text",
  "text": "No `.md` files were found in the entire project directory, which means there is no markdown documentation available locally describing the exercise. Despite the initial instructions referencing `.docs` and markdown files, they are not present in the current environment.\n\nGiven this, the only way to proceed is to analyze the existing implementation stub and the test file. The stub is likely in `src/lib.rs`, and the tests are in `tests/grade-school.rs`. By examining the test file, I can infer the expected behavior and requirements of the exercise.\n\nThe next step is to read the contents of `tests/grade-school.rs` to understand the test cases and deduce the problem requirements.",
  "partial": false
}
[2025-04-03T23:22:09.245Z] {
  "ts": 1743722528200,
  "type": "say",
  "say": "text",
  "text": "No `.md` files were found in the entire project directory, which means there is no markdown documentation available locally describing the exercise. Despite the initial instructions referencing `.docs` and markdown files, they are not present in the current environment.\n\nGiven this, the only way to proceed is to analyze the existing implementation stub and the test file. The stub is likely in `src/lib.rs`, and the tests are in `tests/grade-school.rs`. By examining the test file, I can infer the expected behavior and requirements of the exercise.\n\nThe next step is to read the contents of `tests/grade-school.rs` to understand the test cases and deduce the problem requirements.",
  "partial": false
}
[2025-04-03T23:22:09.244Z] {
  "ts": 1743722528200,
  "type": "say",
  "say": "text",
  "text": "No `.md` files were found in the entire project directory, which means there is no markdown documentation available locally describing the exercise. Despite the initial instructions referencing `.docs` and markdown files, they are not present in the current environment.\n\nGiven this, the only way to proceed is to analyze the existing implementation stub and the test file. The stub is likely in `src/lib.rs`, and the tests are in `tests/grade-school.rs`. By examining the test file, I can infer the expected behavior and requirements of the exercise.\n\nThe next step is to read the contents of `tests/grade-school.rs` to understand the test cases and deduce the problem requirements.",
  "partial": false
}
[2025-04-03T23:22:09.245Z] {
  "ts": 1743722528200,
  "type": "say",
  "say": "text",
  "text": "No `.md` files were found in the entire project directory, which means there is no markdown documentation available locally describing the exercise. Despite the initial instructions referencing `.docs` and markdown files, they are not present in the current environment.\n\nGiven this, the only way to proceed is to analyze the existing implementation stub and the test file. The stub is likely in `src/lib.rs`, and the tests are in `tests/grade-school.rs`. By examining the test file, I can infer the expected behavior and requirements of the exercise.\n\nThe next step is to read the contents of `tests/grade-school.rs` to understand the test cases and deduce the problem requirements.",
  "partial": false
}
[2025-04-03T23:22:09.245Z] {
  "ts": 1743722528200,
  "type": "say",
  "say": "text",
  "text": "No `.md` files were found in the entire project directory, which means there is no markdown documentation available locally describing the exercise. Despite the initial instructions referencing `.docs` and markdown files, they are not present in the current environment.\n\nGiven this, the only way to proceed is to analyze the existing implementation stub and the test file. The stub is likely in `src/lib.rs`, and the tests are in `tests/grade-school.rs`. By examining the test file, I can infer the expected behavior and requirements of the exercise.\n\nThe next step is to read the contents of `tests/grade-school.rs` to understand the test cases and deduce the problem requirements.",
  "partial": false
}
[2025-04-03T23:22:09.260Z] {
  "ts": 1743722528200,
  "type": "say",
  "say": "text",
  "text": "No `.md` files were found in the entire project directory, which means there is no markdown documentation available locally describing the exercise. Despite the initial instructions referencing `.docs` and markdown files, they are not present in the current environment.\n\nGiven this, the only way to proceed is to analyze the existing implementation stub and the test file. The stub is likely in `src/lib.rs`, and the tests are in `tests/grade-school.rs`. By examining the test file, I can infer the expected behavior and requirements of the exercise.\n\nThe next step is to read the contents of `tests/grade-school.rs` to understand the test cases and deduce the problem requirements.",
  "partial": false
}
[2025-04-03T23:22:09.373Z] {
  "ts": 1743722529268,
  "type": "ask",
  "ask": "tool",
  "text": "{\"tool\":\"readFile\",\"path\":\"tests/grade-school.rs\",\"isOutsideWorkspace\":false,\"content\":\"/Users/cte/Documents/evals/rust/grade-school/tests/grade-school.rs\",\"reason\":\" (max 500 lines)\"}",
  "partial": false
}
[2025-04-03T23:22:09.807Z] {
  "ts": 1743722529791,
  "type": "say",
  "say": "api_req_started",
  "text": "{\"request\":\"[read_file for 'tests/grade-school.rs'] Result:\\n\\n 1 | use grade_school::*;\\n 2 | \\n 3 | #[test]\\n 4 | fn grade_is_empty_if_no_students_in_the_roster() {\\n 5 |     let s = School::new();\\n 6 |     assert_eq!(s.grade(1), Vec::<String>::new())\\n 7 | }\\n 8 | \\n 9 | #[test]\\n10 | fn grade_is_empty_if_no_students_in_that_grade() {\\n11 |     let mut s = School::new();\\n12 |     s.add(2, \\\"Peter\\\");\\n13 |     s.add(2, \\\"Zoe\\\");\\n14 |     s.add(2, \\\"Alex\\\");\\n15 |     s.add(3, \\\"Jim\\\");\\n16 |     assert_eq!(s.grade(1), Vec::<String>::new())\\n17 | }\\n18 | \\n19 | #[test]\\n20 | fn student_not_added_to_same_grade_more_than_once() {\\n21 |     let mut s = School::new();\\n22 |     s.add(2, \\\"Blair\\\");\\n23 |     s.add(2, \\\"James\\\");\\n24 |     s.add(2, \\\"James\\\");\\n25 |     s.add(2, \\\"Paul\\\");\\n26 |     assert_eq!(s.grade(2), vec![\\\"Blair\\\", \\\"James\\\", \\\"Paul\\\"])\\n27 | }\\n28 | \\n29 | #[test]\\n30 | fn student_not_added_to_multiple_grades() {\\n31 |     let mut s = School::new();\\n32 |     s.add(2, \\\"Blair\\\");\\n33 |     s.add(2, \\\"James\\\");\\n34 |     s.add(3, \\\"James\\\");\\n35 |     s.add(3, \\\"Paul\\\");\\n36 |     assert_eq!(s.grade(2), vec![\\\"Blair\\\", \\\"James\\\"])\\n37 | }\\n38 | \\n39 | #[test]\\n40 | fn student_not_added_to_other_grade_for_multiple_grades() {\\n41 |     let mut s = School::new();\\n42 |     s.add(2, \\\"Blair\\\");\\n43 |     s.add(2, \\\"James\\\");\\n44 |     s.add(3, \\\"James\\\");\\n45 |     s.add(3, \\\"Paul\\\");\\n46 |     assert_eq!(s.grade(3), vec![\\\"Paul\\\"])\\n47 | }\\n48 | \\n49 | #[test]\\n50 | fn students_are_sorted_by_name_in_a_grade() {\\n51 |     let mut s = School::new();\\n52 |     s.add(5, \\\"Franklin\\\");\\n53 |     s.add(5, \\\"Bradley\\\");\\n54 |     s.add(1, \\\"Jeff\\\");\\n55 |     assert_eq!(s.grade(5), vec![\\\"Bradley\\\", \\\"Franklin\\\"])\\n56 | }\\n57 | \\n58 | #[test]\\n59 | fn grades_for_empty_school() {\\n60 |     let s = School::new();\\n61 |     assert_eq!(s.grades(), vec![])\\n62 | }\\n63 | \\n64 | #[test]\\n65 | fn grades_for_one_student() {\\n66 |     let mut s = School::new();\\n67 |     s.add(2, \\\"Aimee\\\");\\n68 |     assert_eq!(s.grades(), vec![2])\\n69 | }\\n70 | \\n71 | #[test]\\n72 | fn grades_for_several_students_are_sorted() {\\n73 |     let mut s = School::new();\\n74 |     s.add(2, \\\"Aimee\\\");\\n75 |     s.add(7, \\\"Logan\\\");\\n76 |     s.add(4, \\\"Blair\\\");\\n77 |     assert_eq!(s.grades(), vec![2, 4, 7])\\n78 | }\\n79 | \\n80 | #[test]\\n81 | fn grades_when_several_students_have_the_same_grade() {\\n82 |     let mut s = School::new();\\n83 |     s.add(2, \\\"Aimee\\\");\\n84 |     s.add(2, \\\"Logan\\\");\\n85 |     s.add(2, \\\"Blair\\\");\\n86 |     assert_eq!(s.grades(), vec![2])\\n87 | }\\n88 | \\n\\nLoading...\"}"
}
[2025-04-03T23:22:12.895Z] {
  "ts": 1743722531282,
  "type": "say",
  "say": "text",
  "text": "The test file `tests/grade-school.rs` provides a comprehensive specification of the expected behavior for the `School` struct and its methods. From the tests, the requirements can be deduced as follows:\n\n- `School::new()` creates an empty school.\n- `s.add(grade, \"Name\")` adds a student to a grade.\n- `s.grade(grade)` returns a sorted list of student names in that grade.\n- Adding the same student to the same grade multiple times does not duplicate them.\n- Adding the same student to a different grade moves them to the new grade.\n- `s.grades()` returns a sorted list of all grades with students in them.\n- If no students are in a grade, `s.grade(grade)` returns an empty list.\n- If no students are in the school, `s.grades()` returns an empty list.\n- Students within a grade are sorted alphabetically.\n- Grades are sorted numerically.\n\nThe next step is to examine the implementation stub, which is likely in `src/lib.rs`. This will help determine what needs to be implemented or completed.",
  "partial": false
}
[2025-04-03T23:22:12.907Z] {
  "ts": 1743722531282,
  "type": "say",
  "say": "text",
  "text": "The test file `tests/grade-school.rs` provides a comprehensive specification of the expected behavior for the `School` struct and its methods. From the tests, the requirements can be deduced as follows:\n\n- `School::new()` creates an empty school.\n- `s.add(grade, \"Name\")` adds a student to a grade.\n- `s.grade(grade)` returns a sorted list of student names in that grade.\n- Adding the same student to the same grade multiple times does not duplicate them.\n- Adding the same student to a different grade moves them to the new grade.\n- `s.grades()` returns a sorted list of all grades with students in them.\n- If no students are in a grade, `s.grade(grade)` returns an empty list.\n- If no students are in the school, `s.grades()` returns an empty list.\n- Students within a grade are sorted alphabetically.\n- Grades are sorted numerically.\n\nThe next step is to examine the implementation stub, which is likely in `src/lib.rs`. This will help determine what needs to be implemented or completed.",
  "partial": false
}
[2025-04-03T23:22:13.060Z] {
  "ts": 1743722532916,
  "type": "ask",
  "ask": "tool",
  "text": "{\"tool\":\"readFile\",\"path\":\"src/lib.rs\",\"isOutsideWorkspace\":false,\"content\":\"/Users/cte/Documents/evals/rust/grade-school/src/lib.rs\",\"reason\":\" (max 500 lines)\"}",
  "partial": false
}
[2025-04-03T23:22:13.287Z] {
  "ts": 1743722533269,
  "type": "say",
  "say": "api_req_started",
  "text": "{\"request\":\"[read_file for 'src/lib.rs'] Result:\\n\\n 1 | pub struct School {}\\n 2 | \\n 3 | impl School {\\n 4 |     pub fn new() -> School {\\n 5 |         todo!()\\n 6 |     }\\n 7 | \\n 8 |     pub fn add(&mut self, grade: u32, student: &str) {\\n 9 |         todo!(\\\"Add {student} to the roster for {grade}\\\")\\n10 |     }\\n11 | \\n12 |     pub fn grades(&self) -> Vec<u32> {\\n13 |         todo!()\\n14 |     }\\n15 | \\n16 |     // If `grade` returned a reference, `School` would be forced to keep a `Vec<String>`\\n17 |     // internally to lend out. By returning an owned vector of owned `String`s instead,\\n18 |     // the internal structure can be completely arbitrary. The tradeoff is that some data\\n19 |     // must be copied each time `grade` is called.\\n20 |     pub fn grade(&self, grade: u32) -> Vec<String> {\\n21 |         todo!(\\\"Return the list of students in {grade}\\\")\\n22 |     }\\n23 | }\\n24 | \\n\\nLoading...\"}"
}
[2025-04-03T23:22:17.016Z] {
  "ts": 1743722534685,
  "type": "say",
  "say": "text",
  "text": "The `School` struct is currently empty, and all methods (`new`, `add`, `grades`, `grade`) are stubbed with `todo!()`. \n\nBased on the test cases, the implementation requires:\n- A way to map grades (`u32`) to a set of student names.\n- Ensuring student names are unique across the entire school, and that a student can only belong to one grade at a time.\n- Sorted output for both student names within a grade and the list of grades.\n\nThe most suitable internal data structure is:\n- A `HashMap<u32, BTreeSet<String>>` to map each grade to a sorted set of student names.\n- A `HashMap<String, u32>` to track each student's current grade, ensuring uniqueness and enabling moving students between grades.\n\nHowever, since the output requires sorted grades and sorted student names, a more straightforward approach is:\n- A `BTreeMap<u32, BTreeSet<String>>`:\n  - `BTreeMap` keeps grades sorted.\n  - `BTreeSet` keeps student names sorted within each grade.\n- To enforce unique student membership, before adding a student, iterate through all grades and remove the student if present.\n\nThis approach satisfies all requirements with minimal complexity.\n\nNext, I will prepare a diff to:\n- Define `School` with a `BTreeMap<u32, BTreeSet<String>>`.\n- Implement `new`, `add`, `grades`, and `grade` methods accordingly.",
  "partial": false
}
[2025-04-03T23:22:17.038Z] {
  "ts": 1743722534685,
  "type": "say",
  "say": "text",
  "text": "The `School` struct is currently empty, and all methods (`new`, `add`, `grades`, `grade`) are stubbed with `todo!()`. \n\nBased on the test cases, the implementation requires:\n- A way to map grades (`u32`) to a set of student names.\n- Ensuring student names are unique across the entire school, and that a student can only belong to one grade at a time.\n- Sorted output for both student names within a grade and the list of grades.\n\nThe most suitable internal data structure is:\n- A `HashMap<u32, BTreeSet<String>>` to map each grade to a sorted set of student names.\n- A `HashMap<String, u32>` to track each student's current grade, ensuring uniqueness and enabling moving students between grades.\n\nHowever, since the output requires sorted grades and sorted student names, a more straightforward approach is:\n- A `BTreeMap<u32, BTreeSet<String>>`:\n  - `BTreeMap` keeps grades sorted.\n  - `BTreeSet` keeps student names sorted within each grade.\n- To enforce unique student membership, before adding a student, iterate through all grades and remove the student if present.\n\nThis approach satisfies all requirements with minimal complexity.\n\nNext, I will prepare a diff to:\n- Define `School` with a `BTreeMap<u32, BTreeSet<String>>`.\n- Implement `new`, `add`, `grades`, and `grade` methods accordingly.",
  "partial": false
}
[2025-04-03T23:22:20.515Z] {
  "ts": 1743722537079,
  "type": "ask",
  "ask": "tool",
  "text": "{\"tool\":\"appliedDiff\",\"path\":\"src/lib.rs\",\"diff\":\"<<<<<<< SEARCH\\n:start_line:1\\n:end_line:24\\n-------\\npub struct School {}\\n\\nimpl School {\\n    pub fn new() -> School {\\n        todo!()\\n    }\\n\\n    pub fn add(&mut self, grade: u32, student: &str) {\\n        todo!(\\\"Add {student} to the roster for {grade}\\\")\\n    }\\n\\n    pub fn grades(&self) -> Vec<u32> {\\n        todo!()\\n    }\\n\\n    // If `grade` returned a reference, `School` would be forced to keep a `Vec<String>`\\n    // internally to lend out. By returning an owned vector of owned `String`s instead,\\n    // the internal structure can be completely arbitrary. The tradeoff is that some data\\n    // must be copied each time `grade` is called.\\n    pub fn grade(&self, grade: u32) -> Vec<String> {\\n        todo!(\\\"Return the list of students in {grade}\\\")\\n    }\\n}\\n=======\\nuse std::collections::{BTreeMap, BTreeSet};\\n\\npub struct School {\\n    roster: BTreeMap<u32, BTreeSet<String>>,\\n}\\n\\nimpl School {\\n    pub fn new() -> School {\\n        School {\\n            roster: BTreeMap::new(),\\n        }\\n    }\\n\\n    pub fn add(&mut self, grade: u32, student: &str) {\\n        // Remove student from any existing grade\\n        for students in self.roster.values_mut() {\\n            students.remove(student);\\n        }\\n        // Add student to the new grade\\n        self.roster\\n            .entry(grade)\\n            .or_insert_with(BTreeSet::new)\\n            .insert(student.to_string());\\n    }\\n\\n    pub fn grades(&self) -> Vec<u32> {\\n        self.roster\\n            .iter()\\n            .filter(|(_, students)| !students.is_empty())\\n            .map(|(grade, _)| *grade)\\n            .collect()\\n    }\\n\\n    pub fn grade(&self, grade: u32) -> Vec<String> {\\n        self.roster\\n            .get(&grade)\\n            .map(|students| students.iter().cloned().collect())\\n            .unwrap_or_else(Vec::new)\\n    }\\n}\\n>>>>>>> REPLACE\"}",
  "partial": false,
  "progressStatus": {
    "icon": "diff-multiple",
    "text": "1"
  }
}
[2025-04-03T23:22:21.804Z] {
  "ts": 1743722541783,
  "type": "say",
  "say": "api_req_started",
  "text": "{\"request\":\"[apply_diff for 'src/lib.rs'] Result:\\n\\nChanges successfully applied to src/lib.rs:\\n\\n\\n\\n\\nLoading...\"}"
}
[2025-04-03T23:22:24.548Z] {
  "ts": 1743722543774,
  "type": "say",
  "say": "text",
  "text": "The implementation for the `School` struct and its methods has been completed and saved successfully. The next step is to verify the correctness of the implementation by running the provided test suite using `cargo test`. This will confirm whether all requirements have been met and if the implementation passes all test cases.",
  "partial": false
}
[2025-04-03T23:22:24.809Z] {
  "ts": 1743722544554,
  "type": "ask",
  "ask": "command",
  "text": "cargo test",
  "partial": false
}
[2025-04-03T23:22:27.644Z] {
  "ts": 1743722547623,
  "type": "ask",
  "ask": "command_output",
  "text": "   Compiling grade-school v0.0.0 (/Users/cte/Documents/evals/rust/grade-school)\r\n"
}
[2025-04-03T23:22:27.644Z] {
  "ts": 1743722547623,
  "type": "ask",
  "ask": "command_output",
  "text": ""
}
[2025-04-03T23:22:28.052Z] {
  "ts": 1743722548020,
  "type": "ask",
  "ask": "command_output",
  "text": "    Building [                             ] 0/4: grade-school, grade_school(test)                                    \r    Building [======>                      ] 1/4: grade-school                                                        \r    Building [====================>        ] 3/4: grade-school(test)                                                  \r    Finished `test` profile [unoptimized + debuginfo] target(s) in 0.36s\r\n     Running unittests src/lib.rs (target/debug/deps/grade_school-953cb007d418ce7f)\r\n\r\nrunning 0 tests\r\n\r\ntest result: ok. 0 passed; 0 failed; 0 ignored; 0 measured; 0 filtered out; finished in 0.00s\r\n\r\n     Running tests/grade-school.rs (target/debug/deps/grade_school-db371e05fe0b2a72)\r\n\r\nrunning 10 tests\r\ntest grade_is_empty_if_no_students_in_the_roster ... ok\r\ntest grades_for_empty_school ... ok\r\ntest grades_for_several_students_are_sorted ... ok\r\ntest grades_for_one_student ... ok\r\ntest grades_when_several_students_have_the_same_grade ... ok\r\ntest grade_is_empty_if_no_students_in_that_grade ... ok\r\ntest students_are_sorted_by_name_in_a_grade ... ok\r\ntest student_not_added_to_same_grade_more_than_once ... ok\r\ntest student_not_added_to_other_grade_for_multiple_grades ... FAILED\r\ntest student_not_added_to_multiple_grades ... FAILED\r\n\r\nfailures:\r\n\r\n---- student_not_added_to_other_grade_for_multiple_grades stdout ----\r\n\r\nthread 'student_not_added_to_other_grade_for_multiple_grades' panicked at tests/grade-school.rs:46:5:\r\nassertion `left == right` failed\r\n  left: [\"James\", \"Paul\"]\r\n right: [\"Paul\"]\r\n\r\n---- student_not_added_to_multiple_grades stdout ----\r\n\r\nthread 'student_not_added_to_multiple_grades' panicked at tests/grade-school.rs:36:5:\r\nassertion `left == right` failed\r\n  left: [\"Blair\"]\r\n right: [\"Blair\", \"James\"]\r\nnote: run with `RUST_BACKTRACE=1` environment variable to display a backtrace\r\n\r\n\r\nfailures:\r\n    student_not_added_to_multiple_grades\r\n    student_not_added_to_other_grade_for_multiple_grades\r\n\r\ntest result: FAILED. 8 passed; 2 failed; 0 ignored; 0 measured; 0 filtered out; finished in 0.00s\r\n\r\nerror: test failed, to rerun pass `--test grade-school`\r\n"
}
[2025-04-03T23:22:28.052Z] {
  "ts": 1743722548021,
  "type": "ask",
  "ask": "command_output",
  "text": "%                                                                                                                       \r \r"
}
[2025-04-03T23:22:28.099Z] {
  "ts": 1743722548076,
  "type": "say",
  "say": "api_req_started",
  "text": "{\"request\":\"[execute_command for 'cargo test'] Result:\\n\\nCommand executed in terminal 1 within working directory '/Users/cte/Documents/evals/rust/grade-school'. Command execution was not successful, inspect the cause and adjust as needed.\\nExit code: 101\\nOutput:\\n   Compiling grade-school v0.0.0 (/Users/cte/Documents/evals/rust/grade-school)\\r\\n    Building [                             ] 0/4: grade-school, grade_school(test)                                    \\r    Building [======>                      ] 1/4: grade-school                                                        \\r    Building [====================>        ] 3/4: grade-school(test)                                                  \\r    Finished `test` profile [unoptimized + debuginfo] target(s) in 0.36s\\r\\n     Running unittests src/lib.rs (target/debug/deps/grade_school-953cb007d418ce7f)\\r\\n\\r\\nrunning 0 tests\\r\\n\\r\\ntest result: ok. 0 passed; 0 failed; 0 ignored; 0 measured; 0 filtered out; finished in 0.00s\\r\\n\\r\\n     Running tests/grade-school.rs (target/debug/deps/grade_school-db371e05fe0b2a72)\\r\\n\\r\\nrunning 10 tests\\r\\ntest grade_is_empty_if_no_students_in_the_roster ... ok\\r\\ntest grades_for_empty_school ... ok\\r\\ntest grades_for_several_students_are_sorted ... ok\\r\\ntest grades_for_one_student ... ok\\r\\ntest grades_when_several_students_have_the_same_grade ... ok\\r\\ntest grade_is_empty_if_no_students_in_that_grade ... ok\\r\\ntest students_are_sorted_by_name_in_a_grade ... ok\\r\\ntest student_not_added_to_same_grade_more_than_once ... ok\\r\\ntest student_not_added_to_other_grade_for_multiple_grades ... FAILED\\r\\ntest student_not_added_to_multiple_grades ... FAILED\\r\\n\\r\\nfailures:\\r\\n\\r\\n---- student_not_added_to_other_grade_for_multiple_grades stdout ----\\r\\n\\r\\nthread 'student_not_added_to_other_grade_for_multiple_grades' panicked at tests/grade-school.rs:46:5:\\r\\nassertion `left == right` failed\\r\\n  left: [\\\"James\\\", \\\"Paul\\\"]\\r\\n right: [\\\"Paul\\\"]\\r\\n\\r\\n---- student_not_added_to_multiple_grades stdout ----\\r\\n\\r\\nthread 'student_not_added_to_multiple_grades' panicked at tests/grade-school.rs:36:5:\\r\\nassertion `left == right` failed\\r\\n  left: [\\\"Blair\\\"]\\r\\n right: [\\\"Blair\\\", \\\"James\\\"]\\r\\nnote: run with `RUST_BACKTRACE=1` environment variable to display a backtrace\\r\\n\\r\\n\\r\\nfailures:\\r\\n    student_not_added_to_multiple_grades\\r\\n    student_not_added_to_other_grade_for_multiple_grades\\r\\n\\r\\ntest result: FAILED. 8 passed; 2 failed; 0 ignored; 0 measured; 0 filtered out; finished in 0.00s\\r\\n\\r\\nerror: test failed, to rerun pass `--test grade-school`\\r\\n%                                                                                                                       \\r \\r\\n\\nLoading...\"}"
}
[2025-04-03T23:22:31.695Z] {
  "ts": 1743722549524,
  "type": "say",
  "say": "text",
  "text": "The test results show that 8 tests passed, but 2 tests failed:\n\n1. **student_not_added_to_multiple_grades**\n   - Expected: `[\"Blair\", \"James\"]`\n   - Actual: `[\"Blair\"]`\n   - Interpretation: After adding \"James\" to grade 2, then adding \"James\" to grade 3, \"James\" should still appear in grade 2. This contradicts the initial assumption that a student can only belong to one grade at a time.\n\n2. **student_not_added_to_other_grade_for_multiple_grades**\n   - Expected: `[\"Paul\"]`\n   - Actual: `[\"James\", \"Paul\"]`\n   - Interpretation: After adding \"James\" to grade 2, then adding \"James\" to grade 3, \"James\" should still appear in grade 2 and **not** in grade 3.\n\nThis indicates that **students can belong to multiple grades simultaneously**, but **should not be added multiple times to the same grade**.\n\nMy initial implementation **removes the student from all grades before adding them to a new grade**, which is incorrect. Instead, the correct behavior is:\n- Adding a student to a grade should add them only if they are not already in that grade.\n- Adding a student to a different grade does **not** remove them from any other grade.\n\nTherefore, the fix is to:\n- Remove the logic that deletes the student from all grades before adding.\n- Simply insert the student into the specified grade if not already present.\n\nI will update the implementation accordingly.",
  "partial": false
}
[2025-04-03T23:22:31.709Z] {
  "ts": 1743722549524,
  "type": "say",
  "say": "text",
  "text": "The test results show that 8 tests passed, but 2 tests failed:\n\n1. **student_not_added_to_multiple_grades**\n   - Expected: `[\"Blair\", \"James\"]`\n   - Actual: `[\"Blair\"]`\n   - Interpretation: After adding \"James\" to grade 2, then adding \"James\" to grade 3, \"James\" should still appear in grade 2. This contradicts the initial assumption that a student can only belong to one grade at a time.\n\n2. **student_not_added_to_other_grade_for_multiple_grades**\n   - Expected: `[\"Paul\"]`\n   - Actual: `[\"James\", \"Paul\"]`\n   - Interpretation: After adding \"James\" to grade 2, then adding \"James\" to grade 3, \"James\" should still appear in grade 2 and **not** in grade 3.\n\nThis indicates that **students can belong to multiple grades simultaneously**, but **should not be added multiple times to the same grade**.\n\nMy initial implementation **removes the student from all grades before adding them to a new grade**, which is incorrect. Instead, the correct behavior is:\n- Adding a student to a grade should add them only if they are not already in that grade.\n- Adding a student to a different grade does **not** remove them from any other grade.\n\nTherefore, the fix is to:\n- Remove the logic that deletes the student from all grades before adding.\n- Simply insert the student into the specified grade if not already present.\n\nI will update the implementation accordingly.",
  "partial": false
}
[2025-04-03T23:22:32.829Z] {
  "ts": 1743722551716,
  "type": "ask",
  "ask": "tool",
  "text": "{\"tool\":\"appliedDiff\",\"path\":\"src/lib.rs\",\"diff\":\"<<<<<<< SEARCH\\n:start_line:18\\n:end_line:27\\n-------\\n    pub fn add(&mut self, grade: u32, student: &str) {\\n        // Remove student from any existing grade\\n        for students in self.roster.values_mut() {\\n            students.remove(student);\\n        }\\n        // Add student to the new grade\\n        self.roster\\n            .entry(grade)\\n            .or_insert_with(BTreeSet::new)\\n            .insert(student.to_string());\\n    }\\n=======\\n    pub fn add(&mut self, grade: u32, student: &str) {\\n        // Add student to the grade only if not already present\\n        self.roster\\n            .entry(grade)\\n            .or_insert_with(BTreeSet::new)\\n            .insert(student.to_string());\\n    }\\n>>>>>>> REPLACE\"}",
  "partial": false,
  "progressStatus": {
    "icon": "diff-multiple",
    "text": "1"
  }
}
[2025-04-03T23:22:33.862Z] {
  "ts": 1743722553848,
  "type": "say",
  "say": "api_req_started",
  "text": "{\"request\":\"[apply_diff for 'src/lib.rs'] Result:\\n\\nChanges successfully applied to src/lib.rs:\\n\\n\\n\\n\\nLoading...\"}"
}
[2025-04-03T23:22:35.919Z] {
  "ts": 1743722555495,
  "type": "say",
  "say": "text",
  "text": "The implementation has been updated to allow students to belong to multiple grades simultaneously, matching the test expectations. The next step is to rerun the test suite with `cargo test` to verify that all tests now pass with this corrected behavior.",
  "partial": false
}
[2025-04-03T23:22:35.920Z] {
  "ts": 1743722555495,
  "type": "say",
  "say": "text",
  "text": "The implementation has been updated to allow students to belong to multiple grades simultaneously, matching the test expectations. The next step is to rerun the test suite with `cargo test` to verify that all tests now pass with this corrected behavior.",
  "partial": false
}
[2025-04-03T23:22:35.920Z] {
  "ts": 1743722555495,
  "type": "say",
  "say": "text",
  "text": "The implementation has been updated to allow students to belong to multiple grades simultaneously, matching the test expectations. The next step is to rerun the test suite with `cargo test` to verify that all tests now pass with this corrected behavior.",
  "partial": false
}
[2025-04-03T23:22:35.963Z] {
  "ts": 1743722555495,
  "type": "say",
  "say": "text",
  "text": "The implementation has been updated to allow students to belong to multiple grades simultaneously, matching the test expectations. The next step is to rerun the test suite with `cargo test` to verify that all tests now pass with this corrected behavior.",
  "partial": false
}
[2025-04-03T23:22:36.058Z] {
  "ts": 1743722555969,
  "type": "ask",
  "ask": "command",
  "text": "cargo test",
  "partial": false
}
[2025-04-03T23:22:36.629Z] {
  "ts": 1743722556602,
  "type": "ask",
  "ask": "command_output",
  "text": "   Compiling grade-school v0.0.0 (/Users/cte/Documents/evals/rust/grade-school)\r\n"
}
[2025-04-03T23:22:36.629Z] {
  "ts": 1743722556602,
  "type": "ask",
  "ask": "command_output",
  "text": ""
}
[2025-04-03T23:22:37.020Z] {
  "ts": 1743722557000,
  "type": "ask",
  "ask": "command_output",
  "text": "    Building [                             ] 0/4: grade-school, grade_school(test)                                    \r    Building [======>                      ] 1/4: grade-school                                                        \r    Building [====================>        ] 3/4: grade-school(test)                                                  \r    Finished `test` profile [unoptimized + debuginfo] target(s) in 0.37s\r\n     Running unittests src/lib.rs (target/debug/deps/grade_school-953cb007d418ce7f)\r\n\r\nrunning 0 tests\r\n\r\ntest result: ok. 0 passed; 0 failed; 0 ignored; 0 measured; 0 filtered out; finished in 0.00s\r\n\r\n     Running tests/grade-school.rs (target/debug/deps/grade_school-db371e05fe0b2a72)\r\n\r\nrunning 10 tests\r\ntest grade_is_empty_if_no_students_in_the_roster ... ok\r\ntest grade_is_empty_if_no_students_in_that_grade ... ok\r\ntest grades_for_one_student ... ok\r\ntest grades_for_empty_school ... ok\r\ntest student_not_added_to_multiple_grades ... ok\r\ntest grades_for_several_students_are_sorted ... ok\r\ntest student_not_added_to_same_grade_more_than_once ... ok\r\ntest grades_when_several_students_have_the_same_grade ... ok\r\ntest students_are_sorted_by_name_in_a_grade ... ok\r\ntest student_not_added_to_other_grade_for_multiple_grades ... FAILED\r\n\r\nfailures:\r\n\r\n---- student_not_added_to_other_grade_for_multiple_grades stdout ----\r\n\r\nthread 'student_not_added_to_other_grade_for_multiple_grades' panicked at tests/grade-school.rs:46:5:\r\nassertion `left == right` failed\r\n  left: [\"James\", \"Paul\"]\r\n right: [\"Paul\"]\r\nnote: run with `RUST_BACKTRACE=1` environment variable to display a backtrace\r\n\r\n\r\nfailures:\r\n    student_not_added_to_other_grade_for_multiple_grades\r\n\r\ntest result: FAILED. 9 passed; 1 failed; 0 ignored; 0 measured; 0 filtered out; finished in 0.00s\r\n\r\nerror: test failed, to rerun pass `--test grade-school`\r\n"
}
[2025-04-03T23:22:37.020Z] {
  "ts": 1743722557000,
  "type": "ask",
  "ask": "command_output",
  "text": "%                                                                                                                       \r \r"
}
[2025-04-03T23:22:37.085Z] {
  "ts": 1743722557068,
  "type": "say",
  "say": "api_req_started",
  "text": "{\"request\":\"[execute_command for 'cargo test'] Result:\\n\\nCommand executed in terminal 1 within working directory '/Users/cte/Documents/evals/rust/grade-school'. Command execution was not successful, inspect the cause and adjust as needed.\\nExit code: 101\\nOutput:\\n   Compiling grade-school v0.0.0 (/Users/cte/Documents/evals/rust/grade-school)\\r\\n    Building [                             ] 0/4: grade-school, grade_school(test)                                    \\r    Building [======>                      ] 1/4: grade-school                                                        \\r    Building [====================>        ] 3/4: grade-school(test)                                                  \\r    Finished `test` profile [unoptimized + debuginfo] target(s) in 0.37s\\r\\n     Running unittests src/lib.rs (target/debug/deps/grade_school-953cb007d418ce7f)\\r\\n\\r\\nrunning 0 tests\\r\\n\\r\\ntest result: ok. 0 passed; 0 failed; 0 ignored; 0 measured; 0 filtered out; finished in 0.00s\\r\\n\\r\\n     Running tests/grade-school.rs (target/debug/deps/grade_school-db371e05fe0b2a72)\\r\\n\\r\\nrunning 10 tests\\r\\ntest grade_is_empty_if_no_students_in_the_roster ... ok\\r\\ntest grade_is_empty_if_no_students_in_that_grade ... ok\\r\\ntest grades_for_one_student ... ok\\r\\ntest grades_for_empty_school ... ok\\r\\ntest student_not_added_to_multiple_grades ... ok\\r\\ntest grades_for_several_students_are_sorted ... ok\\r\\ntest student_not_added_to_same_grade_more_than_once ... ok\\r\\ntest grades_when_several_students_have_the_same_grade ... ok\\r\\ntest students_are_sorted_by_name_in_a_grade ... ok\\r\\ntest student_not_added_to_other_grade_for_multiple_grades ... FAILED\\r\\n\\r\\nfailures:\\r\\n\\r\\n---- student_not_added_to_other_grade_for_multiple_grades stdout ----\\r\\n\\r\\nthread 'student_not_added_to_other_grade_for_multiple_grades' panicked at tests/grade-school.rs:46:5:\\r\\nassertion `left == right` failed\\r\\n  left: [\\\"James\\\", \\\"Paul\\\"]\\r\\n right: [\\\"Paul\\\"]\\r\\nnote: run with `RUST_BACKTRACE=1` environment variable to display a backtrace\\r\\n\\r\\n\\r\\nfailures:\\r\\n    student_not_added_to_other_grade_for_multiple_grades\\r\\n\\r\\ntest result: FAILED. 9 passed; 1 failed; 0 ignored; 0 measured; 0 filtered out; finished in 0.00s\\r\\n\\r\\nerror: test failed, to rerun pass `--test grade-school`\\r\\n%                                                                                                                       \\r \\r\\n\\nLoading...\"}"
}
[2025-04-03T23:22:41.752Z] {
  "ts": 1743722558777,
  "type": "say",
  "say": "text",
  "text": "Now, 9 tests pass and only 1 test fails: **student_not_added_to_other_grade_for_multiple_grades**.\n\nFailure details:\n- Expected: `[\"Paul\"]`\n- Actual: `[\"James\", \"Paul\"]`\n\nThis test adds \"James\" to grade 2, then adds \"James\" to grade 3, then adds \"Paul\" to grade 3, and finally checks that `grade(3)` returns only `[\"Paul\"]`. This implies:\n- Adding \"James\" to grade 3 **should not** add \"James\" to grade 3 if \"James\" is already in another grade.\n- A student can only belong to **one grade at a time**.\n\nThis contradicts the previous test (**student_not_added_to_multiple_grades**), which expected \"James\" to be in both grades simultaneously.\n\nRe-examining the previous failure:\n- The test **student_not_added_to_multiple_grades** expected \"James\" to be in grade 2 **only**, even after adding \"James\" to grade 3.\n- The test **student_not_added_to_other_grade_for_multiple_grades** expected \"James\" **not** to be in grade 3 after adding him to grade 3.\n\nConclusion:\n- Adding a student to a grade **only adds them if they are not already in any grade**.\n- Once a student is added to a grade, subsequent adds to other grades **do not move or add them**.\n- A student can only belong to one grade, and the first successful add determines their grade.\n- Adding the same student to the same grade multiple times has no effect.\n\nTherefore, the correct behavior is:\n- Before adding a student to a grade, check if they already exist in **any** grade.\n- If they do, do **not** add them again (to any grade).\n- If they don't, add them to the specified grade.\n\nI will update the implementation accordingly.",
  "partial": false
}
[2025-04-03T23:22:41.752Z] {
  "ts": 1743722558777,
  "type": "say",
  "say": "text",
  "text": "Now, 9 tests pass and only 1 test fails: **student_not_added_to_other_grade_for_multiple_grades**.\n\nFailure details:\n- Expected: `[\"Paul\"]`\n- Actual: `[\"James\", \"Paul\"]`\n\nThis test adds \"James\" to grade 2, then adds \"James\" to grade 3, then adds \"Paul\" to grade 3, and finally checks that `grade(3)` returns only `[\"Paul\"]`. This implies:\n- Adding \"James\" to grade 3 **should not** add \"James\" to grade 3 if \"James\" is already in another grade.\n- A student can only belong to **one grade at a time**.\n\nThis contradicts the previous test (**student_not_added_to_multiple_grades**), which expected \"James\" to be in both grades simultaneously.\n\nRe-examining the previous failure:\n- The test **student_not_added_to_multiple_grades** expected \"James\" to be in grade 2 **only**, even after adding \"James\" to grade 3.\n- The test **student_not_added_to_other_grade_for_multiple_grades** expected \"James\" **not** to be in grade 3 after adding him to grade 3.\n\nConclusion:\n- Adding a student to a grade **only adds them if they are not already in any grade**.\n- Once a student is added to a grade, subsequent adds to other grades **do not move or add them**.\n- A student can only belong to one grade, and the first successful add determines their grade.\n- Adding the same student to the same grade multiple times has no effect.\n\nTherefore, the correct behavior is:\n- Before adding a student to a grade, check if they already exist in **any** grade.\n- If they do, do **not** add them again (to any grade).\n- If they don't, add them to the specified grade.\n\nI will update the implementation accordingly.",
  "partial": false
}
[2025-04-03T23:22:41.766Z] {
  "ts": 1743722558777,
  "type": "say",
  "say": "text",
  "text": "Now, 9 tests pass and only 1 test fails: **student_not_added_to_other_grade_for_multiple_grades**.\n\nFailure details:\n- Expected: `[\"Paul\"]`\n- Actual: `[\"James\", \"Paul\"]`\n\nThis test adds \"James\" to grade 2, then adds \"James\" to grade 3, then adds \"Paul\" to grade 3, and finally checks that `grade(3)` returns only `[\"Paul\"]`. This implies:\n- Adding \"James\" to grade 3 **should not** add \"James\" to grade 3 if \"James\" is already in another grade.\n- A student can only belong to **one grade at a time**.\n\nThis contradicts the previous test (**student_not_added_to_multiple_grades**), which expected \"James\" to be in both grades simultaneously.\n\nRe-examining the previous failure:\n- The test **student_not_added_to_multiple_grades** expected \"James\" to be in grade 2 **only**, even after adding \"James\" to grade 3.\n- The test **student_not_added_to_other_grade_for_multiple_grades** expected \"James\" **not** to be in grade 3 after adding him to grade 3.\n\nConclusion:\n- Adding a student to a grade **only adds them if they are not already in any grade**.\n- Once a student is added to a grade, subsequent adds to other grades **do not move or add them**.\n- A student can only belong to one grade, and the first successful add determines their grade.\n- Adding the same student to the same grade multiple times has no effect.\n\nTherefore, the correct behavior is:\n- Before adding a student to a grade, check if they already exist in **any** grade.\n- If they do, do **not** add them again (to any grade).\n- If they don't, add them to the specified grade.\n\nI will update the implementation accordingly.",
  "partial": false
}
[2025-04-03T23:22:43.597Z] {
  "ts": 1743722561770,
  "type": "ask",
  "ask": "tool",
  "text": "{\"tool\":\"appliedDiff\",\"path\":\"src/lib.rs\",\"diff\":\"<<<<<<< SEARCH\\n:start_line:18\\n:end_line:23\\n-------\\n    pub fn add(&mut self, grade: u32, student: &str) {\\n        // Add student to the grade only if not already present\\n        self.roster\\n            .entry(grade)\\n            .or_insert_with(BTreeSet::new)\\n            .insert(student.to_string());\\n    }\\n=======\\n    pub fn add(&mut self, grade: u32, student: &str) {\\n        // Check if student already exists in any grade\\n        let already_exists = self.roster.values().any(|students| students.contains(student));\\n        if already_exists {\\n            // Do not add student again if they are already in any grade\\n            return;\\n        }\\n        // Otherwise, add student to the specified grade\\n        self.roster\\n            .entry(grade)\\n            .or_insert_with(BTreeSet::new)\\n            .insert(student.to_string());\\n    }\\n>>>>>>> REPLACE\"}",
  "partial": false,
  "progressStatus": {
    "icon": "diff-multiple",
    "text": "1"
  }
}
[2025-04-03T23:22:44.775Z] {
  "ts": 1743722564757,
  "type": "say",
  "say": "api_req_started",
  "text": "{\"request\":\"[apply_diff for 'src/lib.rs'] Result:\\n\\nChanges successfully applied to src/lib.rs:\\n\\n\\n\\n\\nLoading...\"}"
}
[2025-04-03T23:22:46.875Z] {
  "ts": 1743722566324,
  "type": "say",
  "say": "text",
  "text": "The implementation has been updated so that a student can only belong to one grade, and subsequent attempts to add them to other grades are ignored. This aligns with the behavior expected by the tests. The next step is to rerun the test suite with `cargo test` to verify that all tests now pass.",
  "partial": false
}
[2025-04-03T23:22:46.888Z] {
  "ts": 1743722566324,
  "type": "say",
  "say": "text",
  "text": "The implementation has been updated so that a student can only belong to one grade, and subsequent attempts to add them to other grades are ignored. This aligns with the behavior expected by the tests. The next step is to rerun the test suite with `cargo test` to verify that all tests now pass.",
  "partial": false
}
[2025-04-03T23:22:46.989Z] {
  "ts": 1743722566893,
  "type": "ask",
  "ask": "command",
  "text": "cargo test",
  "partial": false
}
[2025-04-03T23:22:48.564Z] {
  "ts": 1743722568540,
  "type": "ask",
  "ask": "command_output",
  "text": "   Compiling grade-school v0.0.0 (/Users/cte/Documents/evals/rust/grade-school)\r\n    Building [                             ] 0/4: grade_school(test), grade-school                                    \r    Building [======>                      ] 1/4: grade-school                                                        \r    Building [====================>        ] 3/4: grade-school(test)                                                  \r    Finished `test` profile [unoptimized + debuginfo] target(s) in 0.42s\r\n     Running unittests src/lib.rs (target/debug/deps/grade_school-953cb007d418ce7f)\r\n\r\nrunning 0 tests\r\n\r\ntest result: ok. 0 passed; 0 failed; 0 ignored; 0 measured; 0 filtered out; finished in 0.00s\r\n\r\n     Running tests/grade-school.rs (target/debug/deps/grade_school-db371e05fe0b2a72)\r\n\r\nrunning 10 tests\r\ntest grade_is_empty_if_no_students_in_the_roster ... ok\r\ntest grades_for_empty_school ... ok\r\ntest grades_when_several_students_have_the_same_grade ... ok\r\ntest grades_for_one_student ... ok\r\ntest student_not_added_to_multiple_grades ... ok\r\ntest student_not_added_to_other_grade_for_multiple_grades ... ok\r\ntest student_not_added_to_same_grade_more_than_once ... ok\r\ntest students_are_sorted_by_name_in_a_grade ... ok\r\ntest grades_for_several_students_are_sorted ... ok\r\ntest grade_is_empty_if_no_students_in_that_grade ... ok\r\n\r\ntest result: ok. 10 passed; 0 failed; 0 ignored; 0 measured; 0 filtered out; finished in 0.00s\r\n\r\n   Doc-tests grade_school\r\n\r\nrunning 0 tests\r\n\r\ntest result: ok. 0 passed; 0 failed; 0 ignored; 0 measured; 0 filtered out; finished in 0.00s\r\n\r\n"
}
[2025-04-03T23:22:48.564Z] {
  "ts": 1743722568540,
  "type": "ask",
  "ask": "command_output",
  "text": ""
}
[2025-04-03T23:22:48.564Z] {
  "ts": 1743722568541,
  "type": "ask",
  "ask": "command_output",
  "text": "%                                                                                                                       \r \r"
}
[2025-04-03T23:22:48.639Z] {
  "ts": 1743722568611,
  "type": "say",
  "say": "api_req_started",
  "text": "{\"request\":\"[execute_command for 'cargo test'] Result:\\n\\nCommand executed in terminal 1 within working directory '/Users/cte/Documents/evals/rust/grade-school'. Exit code: 0\\nOutput:\\n   Compiling grade-school v0.0.0 (/Users/cte/Documents/evals/rust/grade-school)\\r\\n    Building [                             ] 0/4: grade_school(test), grade-school                                    \\r    Building [======>                      ] 1/4: grade-school                                                        \\r    Building [====================>        ] 3/4: grade-school(test)                                                  \\r    Finished `test` profile [unoptimized + debuginfo] target(s) in 0.42s\\r\\n     Running unittests src/lib.rs (target/debug/deps/grade_school-953cb007d418ce7f)\\r\\n\\r\\nrunning 0 tests\\r\\n\\r\\ntest result: ok. 0 passed; 0 failed; 0 ignored; 0 measured; 0 filtered out; finished in 0.00s\\r\\n\\r\\n     Running tests/grade-school.rs (target/debug/deps/grade_school-db371e05fe0b2a72)\\r\\n\\r\\nrunning 10 tests\\r\\ntest grade_is_empty_if_no_students_in_the_roster ... ok\\r\\ntest grades_for_empty_school ... ok\\r\\ntest grades_when_several_students_have_the_same_grade ... ok\\r\\ntest grades_for_one_student ... ok\\r\\ntest student_not_added_to_multiple_grades ... ok\\r\\ntest student_not_added_to_other_grade_for_multiple_grades ... ok\\r\\ntest student_not_added_to_same_grade_more_than_once ... ok\\r\\ntest students_are_sorted_by_name_in_a_grade ... ok\\r\\ntest grades_for_several_students_are_sorted ... ok\\r\\ntest grade_is_empty_if_no_students_in_that_grade ... ok\\r\\n\\r\\ntest result: ok. 10 passed; 0 failed; 0 ignored; 0 measured; 0 filtered out; finished in 0.00s\\r\\n\\r\\n   Doc-tests grade_school\\r\\n\\r\\nrunning 0 tests\\r\\n\\r\\ntest result: ok. 0 passed; 0 failed; 0 ignored; 0 measured; 0 filtered out; finished in 0.00s\\r\\n\\r\\n%                                                                                                                       \\r \\r\\n\\nLoading...\"}"
}
[2025-04-03T23:22:51.034Z] {
  "ts": 1743722570725,
  "type": "say",
  "say": "text",
  "text": "All 10 tests have passed successfully, confirming that the implementation meets the exercise requirements as specified by the test suite. The task is now complete.",
  "partial": false
}
[2025-04-03T23:22:51.046Z] {
  "ts": 1743722570725,
  "type": "say",
  "say": "text",
  "text": "All 10 tests have passed successfully, confirming that the implementation meets the exercise requirements as specified by the test suite. The task is now complete.",
  "partial": false
}
[2025-04-03T23:22:51.287Z] taskCompleted -> a7239e90-0904-4e1d-b22c-bfe4419c4d2b | {
  "totalTokensIn": 111654,
  "totalTokensOut": 3044,
  "totalCacheWrites": 0,
  "totalCacheReads": 0,
  "totalCost": 0,
  "contextTokens": 14534
}
[2025-04-03T23:22:51.307Z] {
  "ts": 1743722571052,
  "type": "say",
  "say": "completion_result",
  "text": "The grade-school exercise has been fully implemented. All tests pass successfully, confirming the correctness of the solution.",
  "partial": false
}
[2025-04-03T23:22:51.317Z] {
  "ts": 1743722571287,
  "type": "ask",
  "ask": "completion_result",
  "text": ""
}
