[2025-04-04T04:44:32.500Z] {
  "ts": 1743741872456,
  "type": "say",
  "say": "text",
  "text": "Your job is to complete a coding exercise described the markdown files inside the `.docs` directory.\n\nA file with the implementation stubbed out has been created for you, along with a test file.\n\nTo successfully complete the exercise, you must pass all the tests in the test file.\n\nTo confirm that your solution is correct, run the tests with `./gradlew test`. Do not alter the test file; it should be run as-is.\n\nDo not use the \"ask_followup_question\" tool.\n"
}
[2025-04-04T04:44:32.527Z] taskStarted -> 837bde7f-203b-4968-bc27-86c0f22975b4
[2025-04-04T04:44:32.560Z] {
  "ts": 1743741872527,
  "type": "say",
  "say": "api_req_started",
  "text": "{\"request\":\"<task>\\nYour job is to complete a coding exercise described the markdown files inside the `.docs` directory.\\n\\nA file with the implementation stubbed out has been created for you, along with a test file.\\n\\nTo successfully complete the exercise, you must pass all the tests in the test file.\\n\\nTo confirm that your solution is correct, run the tests with `./gradlew test`. Do not alter the test file; it should be run as-is.\\n\\nDo not use the \\\"ask_followup_question\\\" tool.\\n\\n</task>\\n\\nLoading...\"}"
}
[2025-04-04T04:44:37.131Z] {
  "ts": 1743741876601,
  "type": "say",
  "say": "text",
  "text": "Okay, I understand the task. I need to implement a Java solution based on the description in the `.docs` directory, ensuring it passes the provided tests.\n\nFirst, I'll list the files in the `.docs` directory to find the exercise description.",
  "partial": false
}
[2025-04-04T04:44:37.193Z] {
  "ts": 1743741877163,
  "type": "ask",
  "ask": "tool",
  "text": "{\"tool\":\"listFilesTopLevel\",\"path\":\".docs\",\"content\":\"instructions.append.md\\ninstructions.md\"}"
}
[2025-04-04T04:44:37.367Z] {
  "ts": 1743741877336,
  "type": "say",
  "say": "api_req_started",
  "text": "{\"request\":\"[list_files for '.docs'] Result:\\n\\ninstructions.append.md\\ninstructions.md\\n\\nLoading...\"}"
}
[2025-04-04T04:44:41.827Z] {
  "ts": 1743741881395,
  "type": "say",
  "say": "text",
  "text": "Okay, I see two files: `instructions.append.md` and `instructions.md`. I'll read `instructions.md` first to understand the core requirements of the exercise.",
  "partial": false
}
[2025-04-04T04:44:41.899Z] {
  "ts": 1743741881858,
  "type": "ask",
  "ask": "tool",
  "text": "{\"tool\":\"readFile\",\"path\":\".docs/instructions.md\",\"isOutsideWorkspace\":false,\"content\":\"/Users/cte/Documents/evals/java/pov/.docs/instructions.md\",\"reason\":\" (max 500 lines)\"}"
}
[2025-04-04T04:44:41.976Z] {
  "ts": 1743741881945,
  "type": "say",
  "say": "api_req_started",
  "text": "{\"request\":\"[read_file for '.docs/instructions.md'] Result:\\n\\n 1 | # Instructions\\n 2 | \\n 3 | Reparent a tree on a selected node.\\n 4 | \\n 5 | A [tree][wiki-tree] is a special type of [graph][wiki-graph] where all nodes are connected but there are no cycles.\\n 6 | That means, there is exactly one path to get from one node to another for any pair of nodes.\\n 7 | \\n 8 | This exercise is all about re-orientating a tree to see things from a different point of view.\\n 9 | For example family trees are usually presented from the ancestor's perspective:\\n10 | \\n11 | ```text\\n12 |     +------0------+\\n13 |     |      |      |\\n14 |   +-1-+  +-2-+  +-3-+\\n15 |   |   |  |   |  |   |\\n16 |   4   5  6   7  8   9\\n17 | ```\\n18 | \\n19 | But there is no inherent direction in a tree.\\n20 | The same information can be presented from the perspective of any other node in the tree, by pulling it up to the root and dragging its relationships along with it.\\n21 | So the same tree from 6's perspective would look like:\\n22 | \\n23 | ```text\\n24 |         6\\n25 |         |\\n26 |   +-----2-----+\\n27 |   |           |\\n28 |   7     +-----0-----+\\n29 |         |           |\\n30 |       +-1-+       +-3-+\\n31 |       |   |       |   |\\n32 |       4   5       8   9\\n33 | ```\\n34 | \\n35 | This lets us more simply describe the paths between two nodes.\\n36 | So for example the path from 6-9 (which in the first tree goes up to the root and then down to a different leaf node) can be seen to follow the path 6-2-0-3-9.\\n37 | \\n38 | This exercise involves taking an input tree and re-orientating it from the point of view of one of the nodes.\\n39 | \\n40 | [wiki-graph]: https://en.wikipedia.org/wiki/Tree_(graph_theory)\\n41 | [wiki-tree]: https://en.wikipedia.org/wiki/Graph_(discrete_mathematics)\\n42 | \\n\\nLoading...\"}"
}
[2025-04-04T04:44:46.962Z] {
  "ts": 1743741886567,
  "type": "say",
  "say": "text",
  "text": "Okay, I understand the concept of re-orienting a tree. Now I'll read the `instructions.append.md` file to see if there are any additional details or specific requirements.",
  "partial": false
}
[2025-04-04T04:44:47.029Z] {
  "ts": 1743741886995,
  "type": "ask",
  "ask": "tool",
  "text": "{\"tool\":\"readFile\",\"path\":\".docs/instructions.append.md\",\"isOutsideWorkspace\":false,\"content\":\"/Users/cte/Documents/evals/java/pov/.docs/instructions.append.md\",\"reason\":\" (max 500 lines)\"}"
}
[2025-04-04T04:44:47.105Z] {
  "ts": 1743741887075,
  "type": "say",
  "say": "api_req_started",
  "text": "{\"request\":\"[read_file for '.docs/instructions.append.md'] Result:\\n\\n 1 | # Instructions append\\n 2 | \\n 3 | ## Implementation Notes\\n 4 | \\n 5 | Tree object have two attributes:\\n 6 | \\n 7 | - `String` label\\n 8 | - `List<Tree>` children\\n 9 | \\n10 | The test program creates trees by repeated application of\\n11 | `Tree.of` builder function. For example, the statement\\n12 | \\n13 | ```java\\n14 | Tree tree = Tree.of(\\\"a\\\", List.of(Tree.of(\\\"b\\\"), Tree.of(\\\"c\\\", List.of(Tree.of(\\\"d\\\")))));\\n15 | ```\\n16 | \\n17 | constructs the following tree:\\n18 | \\n19 | ```text\\n20 |       \\\"a\\\"\\n21 |        |\\n22 |     -------\\n23 |     |     |\\n24 |    \\\"b\\\"   \\\"c\\\"\\n25 |           |\\n26 |          \\\"d\\\"\\n27 | ```\\n28 | \\n29 | You can assume that there will be no duplicate values in test trees.\\n30 | \\n31 | ---\\n32 | \\n33 | The methods `FromPov` and `PathTo` are the interesting part of the exercise.\\n34 | \\n35 | Method `FromPov` takes a string argument `from` which specifies a node in the\\n36 | tree via its value. It should return a tree with the value `from` in the root.\\n37 | You can modify the original tree and return it or create a new tree and return\\n38 | that. If you return a new tree you are free to consume or destroy the original\\n39 | tree. Of course, it's nice to leave it unmodified.\\n40 | \\n41 | Method `PathTo` takes two string arguments `from` and `to` which specify two\\n42 | nodes in the tree via their values. It should return the shortest path in the\\n43 | tree from the first to the second node.\\n44 | \\n45 | ## Exception messages\\n46 | \\n47 | Sometimes it is necessary to [throw an exception](https://docs.oracle.com/javase/tutorial/essential/exceptions/throwing.html).\\n48 | When you do this, you should always include a **meaningful error message** to indicate what the source of the error is.\\n49 | This makes your code more readable and helps significantly with debugging.\\n50 | \\n51 | This particular exercise requires that you use the [throw keyword](https://docs.oracle.com/javase/tutorial/essential/exceptions/throwing.html)\\n52 | to \\\"throw\\\" multiple `UnsupportedOperationException` if the `Tree()` class is passed a tree that cannot be reoriented, or a path cannot be found between a `start node` and an `end node`.\\n53 | The tests will only pass if you both `throw` the `exception` and include a message with it.\\n54 | \\n55 | To throw a `UnsupportedOperationException` with a message, write the message as an argument to the `exception` type:\\n56 | \\n57 | ```java\\n58 | // when a tree cannot be oriented to a new node POV\\n59 | throw new UnsupportedOperationException(\\\"Tree could not be reoriented\\\");\\n60 | \\n61 | // when a path cannot be found between a start and end node on the tree.\\n62 | throw new UnsupportedOperationException(\\\"No path found\\\");\\n63 | ```\\n64 | \\n\\nLoading...\"}"
}
[2025-04-04T04:44:53.432Z] {
  "ts": 1743741892941,
  "type": "say",
  "say": "text",
  "text": "Okay, I have the full requirements now. I need to implement the `fromPov` and `pathTo` methods in the `Tree.java` file.\n\nFirst, I'll read the contents of `src/main/java/Tree.java` to see the existing structure.",
  "partial": false
}
[2025-04-04T04:44:53.503Z] {
  "ts": 1743741893463,
  "type": "ask",
  "ask": "tool",
  "text": "{\"tool\":\"readFile\",\"path\":\"src/main/java/Tree.java\",\"isOutsideWorkspace\":false,\"content\":\"/Users/cte/Documents/evals/java/pov/src/main/java/Tree.java\",\"reason\":\" (max 500 lines)\"}"
}
[2025-04-04T04:44:53.577Z] {
  "ts": 1743741893548,
  "type": "say",
  "say": "api_req_started",
  "text": "{\"request\":\"[read_file for 'src/main/java/Tree.java'] Result:\\n\\n 1 | import java.util.*;\\n 2 | \\n 3 | class Tree {\\n 4 |     private final String label;\\n 5 |     private final List<Tree> children;\\n 6 | \\n 7 |     public Tree(String label) {\\n 8 |         this(label, new ArrayList<>());\\n 9 |     }\\n10 | \\n11 |     public Tree(String label, List<Tree> children) {\\n12 |         this.label = label;\\n13 |         this.children = children;\\n14 |     }\\n15 | \\n16 |     public static Tree of(String label) {\\n17 |         return new Tree(label);\\n18 |     }\\n19 | \\n20 |     public static Tree of(String label, List<Tree> children) {\\n21 |         return new Tree(label, children);\\n22 |     }\\n23 | \\n24 |     @Override\\n25 |     public boolean equals(Object o) {\\n26 |         if (this == o) return true;\\n27 |         if (o == null || getClass() != o.getClass()) return false;\\n28 |         Tree tree = (Tree) o;\\n29 |         return label.equals(tree.label)\\n30 |                 && children.size() == tree.children.size()\\n31 |                 && children.containsAll(tree.children)\\n32 |                 && tree.children.containsAll(children);\\n33 |     }\\n34 | \\n35 |     @Override\\n36 |     public int hashCode() {\\n37 |         return Objects.hash(label, children);\\n38 |     }\\n39 | \\n40 |     @Override\\n41 |     public String toString() {\\n42 |         return \\\"Tree{\\\" + label +\\n43 |                 \\\", \\\" + children +\\n44 |                 \\\"}\\\";\\n45 |     }\\n46 | \\n47 |     public Tree fromPov(String fromNode) {\\n48 |         throw new UnsupportedOperationException(\\\"Please implement the Pov.fromPov() method.\\\");\\n49 |     }\\n50 | \\n51 |     public List<String> pathTo(String fromNode, String toNode) {\\n52 |         throw new UnsupportedOperationException(\\\"Please implement the Pov.pathTo() method.\\\");\\n53 |     }\\n54 | }\\n55 | \\n\\nLoading...\"}"
}
[2025-04-04T04:45:14.225Z] {
  "ts": 1743741901751,
  "type": "say",
  "say": "text",
  "text": "Okay, I'll implement the `fromPov` and `pathTo` methods. I'll start by creating helper methods to build an adjacency list representation of the tree and to perform the tree reconstruction and path finding.\n\n```java\nimport java.util.*;\nimport java.util.stream.Collectors;\n\nclass Tree {\n    private final String label;\n    private final List<Tree> children;\n\n    public Tree(String label) {\n        this(label, new ArrayList<>());\n    }\n\n    public Tree(String label, List<Tree> children) {\n        this.label = label;\n        this.children = children;\n    }\n\n    public String getLabel() {\n        return label;\n    }\n\n    public List<Tree> getChildren() {\n        return children;\n    }\n\n    public static Tree of(String label) {\n        return new Tree(label);\n    }\n\n    public static Tree of(String label, List<Tree> children) {\n        return new Tree(label, children);\n    }\n\n    @Override\n    public boolean equals(Object o) {\n        if (this == o) return true;\n        if (o == null || getClass() != o.getClass()) return false;\n        Tree tree = (Tree) o;\n        // Need a more robust comparison that doesn't rely on child order\n        return label.equals(tree.label)\n                && new HashSet<>(children).equals(new HashSet<>(tree.children));\n    }\n\n    @Override\n    public int hashCode() {\n        // Hash based on label and a sorted set of children hashes for order independence\n        List<Integer> childrenHashes = children.stream()\n                                               .map(Tree::hashCode)\n                                               .sorted()\n                                               .collect(Collectors.toList());\n        return Objects.hash(label, childrenHashes);\n    }\n\n\n    @Override\n    public String toString() {\n        return \"Tree{\" + label +\n                \", \" + children +\n                \"}\";\n    }\n\n    // Helper method to build an undirected graph representation (adjacency list)\n    private Map<String, Set<String>> buildGraph() {\n        Map<String, Set<String>> adj = new HashMap<>();\n        Queue<Tree> queue = new LinkedList<>();\n        queue.offer(this);\n        adj.put(this.label, new HashSet<>());\n\n        while (!queue.isEmpty()) {\n            Tree current = queue.poll();\n            adj.putIfAbsent(current.label, new HashSet<>());\n\n            for (Tree child : current.children) {\n                adj.putIfAbsent(child.label, new HashSet<>());\n                adj.get(current.label).add(child.label);\n                adj.get(child.label).add(current.label); // Add edge in both directions\n                queue.offer(child);\n            }\n        }\n        return adj;\n    }\n\n    // Helper method to reconstruct the tree from a given node using BFS\n    private Tree reconstructTree(String rootLabel, Map<String, Set<String>> adj) {\n        if (!adj.containsKey(rootLabel)) {\n             throw new UnsupportedOperationException(\"Tree could not be reoriented\");\n        }\n\n        Map<String, Tree> newNodes = new HashMap<>();\n        Queue<String> queue = new LinkedList<>();\n        Set<String> visited = new HashSet<>();\n\n        queue.offer(rootLabel);\n        visited.add(rootLabel);\n        newNodes.put(rootLabel, new Tree(rootLabel));\n\n        while (!queue.isEmpty()) {\n            String currentLabel = queue.poll();\n            Tree currentNode = newNodes.get(currentLabel);\n\n            if (adj.containsKey(currentLabel)) {\n                for (String neighborLabel : adj.get(currentLabel)) {\n                    if (!visited.contains(neighborLabel)) {\n                        visited.add(neighborLabel);\n                        Tree neighborNode = new Tree(neighborLabel);\n                        newNodes.put(neighborLabel, neighborNode);\n                        currentNode.children.add(neighborNode);\n                        queue.offer(neighborLabel);\n                    }\n                }\n            }\n        }\n        return newNodes.get(rootLabel);\n    }\n\n\n    public Tree fromPov(String fromNode) {\n        Map<String, Set<String>> adj = buildGraph();\n        if (!adj.containsKey(fromNode)) {\n             throw new UnsupportedOperationException(\"Tree could not be reoriented\");\n        }\n        return reconstructTree(fromNode, adj);\n    }\n\n    public List<String> pathTo(String fromNode, String toNode) {\n        Map<String, Set<String>> adj = buildGraph();\n\n        if (!adj.containsKey(fromNode) || !adj.containsKey(toNode)) {\n            throw new UnsupportedOperationException(\"No path found\");\n        }\n\n        Queue<List<String>> queue = new LinkedList<>();\n        Set<String> visited = new HashSet<>();\n\n        List<String> initialPath = new ArrayList<>();\n        initialPath.add(fromNode);\n        queue.offer(initialPath);\n        visited.add(fromNode);\n\n        while (!queue.isEmpty()) {\n            List<String> currentPath = queue.poll();\n            String lastNode = currentPath.get(currentPath.size() - 1);\n\n            if (lastNode.equals(toNode)) {\n                return currentPath;\n            }\n\n            if (adj.containsKey(lastNode)) {\n                 for (String neighbor : adj.get(lastNode)) {\n                    if (!visited.contains(neighbor)) {\n                        visited.add(neighbor);\n                        List<String> newPath = new ArrayList<>(currentPath);\n                        newPath.add(neighbor);\n                        queue.offer(newPath);\n                    }\n                }\n            }\n        }\n\n        // If the loop finishes without finding the path\n        throw new UnsupportedOperationException(\"No path found\");\n    }\n}\n```\n\nI've implemented the `fromPov` and `pathTo` methods.\n*   `buildGraph` creates an adjacency list representation of the tree.\n*   `reconstructTree` performs a BFS starting from the `fromNode` to build the new tree structure based on the adjacency list.\n*   `fromPov` uses these helpers to return the reoriented tree. It throws an exception if `fromNode` is not found.\n*   `pathTo` uses BFS on the adjacency list to find the shortest path between `fromNode` and `toNode`. It throws an exception if either node is not found or if no path exists.\n*   I also updated `equals` and `hashCode` to be order-independent regarding children, which might be necessary for correct test comparisons.\n\nNow, I'll run the tests using `./gradlew test` to verify the implementation.",
  "partial": false
}
[2025-04-04T04:45:14.277Z] {
  "ts": 1743741914238,
  "type": "ask",
  "ask": "command",
  "text": "./gradlew test"
}
[2025-04-04T04:45:16.087Z] {
  "ts": 1743741916054,
  "type": "ask",
  "ask": "command_output",
  "text": ""
}
[2025-04-04T04:45:16.453Z] {
  "ts": 1743741916422,
  "type": "ask",
  "ask": "command_output",
  "text": "\r\n"
}
[2025-04-04T04:45:16.633Z] {
  "ts": 1743741916600,
  "type": "ask",
  "ask": "command_output",
  "text": "\r\n"
}
[2025-04-04T04:45:17.031Z] {
  "ts": 1743741916998,
  "type": "ask",
  "ask": "command_output",
  "text": "<=====--------> 42% EXECUTING [111ms]> :compileTestJava<===========--> 85% EXECUTING [206ms]> :test > 0 tests completed<===========--> 85% EXECUTING [306ms]<===========--> 85% EXECUTING [406ms]\r\n<===========--> 85% EXECUTING [506ms]> :test > 1 test completed, 1 failed> :test > Executing test PovTest\r\n> Task :test FAILED\r\n\r\nPovTest > testPathToCanFindPathToSibling() FAILED\r\n    java.lang.UnsupportedOperationException: Please implement the Pov.pathTo() method.\r\n        at Tree.pathTo(Tree.java:52)\r\n        at PovTest.testPathToCanFindPathToSibling(PovTest.java:147)\r\n\r\nPovTest > testPathWhenSourceDoesNotExist() FAILED\r\n    org.opentest4j.AssertionFailedError: \r\n    Expecting message to be:\r\n      \"No path found\"\r\n    but was:\r\n      \"Please implement the Pov.pathTo() method.\"\r\n\r\n    Throwable that failed the check:\r\n\r\n    java.lang.UnsupportedOperationException: Please implement the Pov.pathTo() method.\r\n        at Tree.pathTo(Tree.java:52)\r\n        at PovTest.lambda$testPathWhenSourceDoesNotExist$3(PovTest.java:215)\r\n        at org.assertj.core.api.ThrowableAssert.catchThrowable(ThrowableAssert.java:63)\r\n        at org.assertj.core.api.ThrowableTypeAssert.isThrownBy(ThrowableTypeAssert.java:59)\r\n        at PovTest.testPathWhenSourceDoesNotExist(PovTest.java:215)\r\n        at java.base/jdk.internal.reflect.NativeMethodAccessorImpl.invoke0(Native Method)\r\n        at java.base/jdk.internal.reflect.NativeMethodAccessorImpl.invoke(NativeMethodAccessorImpl.java:77)\r\n        at java.base/jdk.internal.reflect.DelegatingMethodAccessorImpl.invoke(DelegatingMethodAccessorImpl.java:43)\r\n        at java.base/java.lang.reflect.Method.invoke(Method.java:569)\r\n        at org.junit.platform.commons.util.ReflectionUtils.invokeMethod(ReflectionUtils.java:728)\r\n        at org.junit.jupiter.engine.execution.MethodInvocation.proceed(MethodInvocation.java:60)\r\n        at org.junit.jupiter.engine.execution.InvocationInterceptorChain$ValidatingInvocation.proceed(InvocationInterceptorChain.java:131)\r\n        at org.junit.jupiter.engine.extension.TimeoutExtension.intercept(TimeoutExtension.java:156)\r\n        at org.junit.jupiter.engine.extension.TimeoutExtension.interceptTestableMethod(TimeoutExtension.java:147)\r\n        at org.junit.jupiter.engine.extension.TimeoutExtension.interceptTestMethod(TimeoutExtension.java:86)\r\n        at org.junit.jupiter.engine.execution.InterceptingExecutableInvoker$ReflectiveInterceptorCall.lambda$ofVoidMethod$0(InterceptingExecutableInvoker.java:103)\r\n        at org.junit.jupiter.engine.execution.InterceptingExecutableInvoker.lambda$invoke$0(InterceptingExecutableInvoker.java:93)\r\n        at org.junit.jupiter.engine.execution.InvocationInterceptorChain$InterceptedInvocation.proceed(InvocationInterceptorChain.java:106)\r\n        at org.junit.jupiter.engine.execution.InvocationInterceptorChain.proceed(InvocationInterceptorChain.java:64)\r\n        at org.junit.jupiter.engine.execution.InvocationInterceptorChain.chainAndInvoke(InvocationInterceptorChain.java:45)\r\n        at org.junit.jupiter.engine.execution.InvocationInterceptorChain.invoke(InvocationInterceptorChain.java:37)\r\n        at org.junit.jupiter.engine.execution.InterceptingExecutableInvoker.invoke(InterceptingExecutableInvoker.java:92)\r\n        at org.junit.jupiter.engine.execution.InterceptingExecutableInvoker.invoke(InterceptingExecutableInvoker.java:86)\r\n        at org.junit.jupiter.engine.descriptor.TestMethodTestDescriptor.lambda$invokeTestMethod$7(TestMethodTestDescriptor.java:218)\r\n        at org.junit.platform.engine.support.hierarchical.ThrowableCollector.execute(ThrowableCollector.java:73)\r\n        at org.junit.jupiter.engine.descriptor.TestMethodTestDescriptor.invokeTestMethod(TestMethodTestDescriptor.java:214)\r\n        at org.junit.jupiter.engine.descriptor.TestMethodTestDescriptor.execute(TestMethodTestDescriptor.java:139)\r\n        at org.junit.jupiter.engine.descriptor.TestMethodTestDescriptor.execute(TestMethodTestDescriptor.java:69)\r\n        at org.junit.platform.engine.support.hierarchical.NodeTestTask.lambda$executeRecursively$6(NodeTestTask.java:151)\r\n        at org.junit.platform.engine.support.hierarchical.ThrowableCollector.execute(ThrowableCollector.java:73)\r\n        at org.junit.platform.engine.support.hierarchical.NodeTestTask.lambda$executeRecursively$8(NodeTestTask.java:141)\r\n        at org.junit.platform.engine.support.hierarchical.Node.around(Node.java:137)\r\n        at org.junit.platform.engine.support.hierarchical.NodeTestTask.lambda$executeRecursively$9(NodeTestTask.java:139)\r\n        at org.junit.platform.engine.support.hierarchical.ThrowableCollector.execute(ThrowableCollector.java:73)\r\n        at org.junit.platform.engine.support.hierarchical.NodeTestTask.executeRecursively(NodeTestTask.java:138)\r\n        at org.junit.platform.engine.support.hierarchical.NodeTestTask.execute(NodeTestTask.java:95)\r\n        at java.base/java.util.ArrayList.forEach(ArrayList.java:1511)\r\n        at org.junit.platform.engine.support.hierarchical.SameThreadHierarchicalTestExecutorService.invokeAll(SameThreadHierarchicalTestExecutorService.java:41)\r\n        at org.junit.platform.engine.support.hierarchical.NodeTestTask.lambda$executeRecursively$6(NodeTestTask.java:155)\r\n        at org.junit.platform.engine.support.hierarchical.ThrowableCollector.execute(ThrowableCollector.java:73)\r\n        at org.junit.platform.engine.support.hierarchical.NodeTestTask.lambda$executeRecursively$8(NodeTestTask.java:141)\r\n        at org.junit.platform.engine.support.hierarchical.Node.around(Node.java:137)\r\n        at org.junit.platform.engine.support.hierarchical.NodeTestTask.lambda$executeRecursively$9(NodeTestTask.java:139)\r\n        at org.junit.platform.engine.support.hierarchical.ThrowableCollector.execute(ThrowableCollector.java:73)\r\n        at org.junit.platform.engine.support.hierarchical.NodeTestTask.executeRecursively(NodeTestTask.java:138)\r\n        at org.junit.platform.engine.support.hierarchical.NodeTestTask.execute(NodeTestTask.java:95)\r\n        at java.base/java.util.ArrayList.forEach(ArrayList.java:1511)\r\n        at org.junit.platform.engine.support.hierarchical.SameThreadHierarchicalTestExecutorService.invokeAll(SameThreadHierarchicalTestExecutorService.java:41)\r\n        at org.junit.platform.engine.support.hierarchical.NodeTestTask.lambda$executeRecursively$6(NodeTestTask.java:155)\r\n        at org.junit.platform.engine.support.hierarchical.ThrowableCollector.execute(ThrowableCollector.java:73)\r\n        at org.junit.platform.engine.support.hierarchical.NodeTestTask.lambda$executeRecursively$8(NodeTestTask.java:141)\r\n        at org.junit.platform.engine.support.hierarchical.Node.around(Node.java:137)\r\n        at org.junit.platform.engine.support.hierarchical.NodeTestTask.lambda$executeRecursively$9(NodeTestTask.java:139)\r\n        at org.junit.platform.engine.support.hierarchical.ThrowableCollector.execute(ThrowableCollector.java:73)\r\n        at org.junit.platform.engine.support.hierarchical.NodeTestTask.executeRecursively(NodeTestTask.java:138)\r\n        at org.junit.platform.engine.support.hierarchical.NodeTestTask.execute(NodeTestTask.java:95)\r\n        at org.junit.platform.engine.support.hierarchical.SameThreadHierarchicalTestExecutorService.submit(SameThreadHierarchicalTestExecutorService.java:35)\r\n        at org.junit.platform.engine.support.hierarchical.HierarchicalTestExecutor.execute(HierarchicalTestExecutor.java:57)\r\n        at org.junit.platform.engine.support.hierarchical.HierarchicalTestEngine.execute(HierarchicalTestEngine.java:54)\r\n        at org.junit.platform.launcher.core.EngineExecutionOrchestrator.execute(EngineExecutionOrchestrator.java:107)\r\n        at org.junit.platform.launcher.core.EngineExecutionOrchestrator.execute(EngineExecutionOrchestrator.java:88)\r\n        at org.junit.platform.launcher.core.EngineExecutionOrchestrator.lambda$execute$0(EngineExecutionOrchestrator.java:54)\r\n        at org.junit.platform.launcher.core.EngineExecutionOrchestrator.withInterceptedStreams(EngineExecutionOrchestrator.java:67)\r\n        at org.junit.platform.launcher.core.EngineExecutionOrchestrator.execute(EngineExecutionOrchestrator.java:52)\r\n        at org.junit.platform.launcher.core.DefaultLauncher.execute(DefaultLauncher.java:114)\r\n        at org.junit.platform.launcher.core.DefaultLauncher.execute(DefaultLauncher.java:86)\r\n        at org.junit.platform.launcher.core.DefaultLauncherSession$DelegatingLauncher.execute(DefaultLauncherSession.java:86)\r\n        at org.gradle.api.internal.tasks.testing.junitplatform.JUnitPlatformTestClassProcessor$CollectAllTestClassesExecutor.processAllTestClasses(JUnitPlatformTestClassProcessor.java:119)\r\n        at org.gradle.api.internal.tasks.testing.junitplatform.JUnitPlatformTestClassProcessor$CollectAllTestClassesExecutor.access$000(JUnitPlatformTestClassProcessor.java:94)\r\n        at org.gradle.api.internal.tasks.testing.junitplatform.JUnitPlatformTestClassProcessor.stop(JUnitPlatformTestClassProcessor.java:89)\r\n        at org.gradle.api.internal.tasks.testing.SuiteTestClassProcessor.stop(SuiteTestClassProcessor.java:62)\r\n        at java.base/jdk.internal.reflect.NativeMethodAccessorImpl.invoke0(Native Method)\r\n        at java.base/jdk.internal.reflect.NativeMethodAccessorImpl.invoke(NativeMethodAccessorImpl.java:77)\r\n        at java.base/jdk.internal.reflect.DelegatingMethodAccessorImpl.invoke(DelegatingMethodAccessorImpl.java:43)\r\n        at java.base/java.lang.reflect.Method.invoke(Method.java:569)\r\n        at org.gradle.internal.dispatch.ReflectionDispatch.dispatch(ReflectionDispatch.java:36)\r\n        at org.gradle.internal.dispatch.ReflectionDispatch.dispatch(ReflectionDispatch.java:24)\r\n        at org.gradle.internal.dispatch.ContextClassLoaderDispatch.dispatch(ContextClassLoaderDispatch.java:33)\r\n        at org.gradle.internal.dispatch.ProxyDispatchAdapter$DispatchingInvocationHandler.invoke(ProxyDispatchAdapter.java:94)\r\n        at jdk.proxy1/jdk.proxy1.$Proxy2.stop(Unknown Source)\r\n        at org.gradle.api.internal.tasks.testing.worker.TestWorker$3.run(TestWorker.java:193)\r\n\n[...2 lines omitted...]\n\n        at org.gradle.api.internal.tasks.testing.worker.TestWorker.execute(TestWorker.java:60)\r\n        at org.gradle.process.internal.worker.child.ActionExecutionWorker.execute(ActionExecutionWorker.java:56)\r\n        at org.gradle.process.internal.worker.child.SystemApplicationClassLoaderWorker.call(SystemApplicationClassLoaderWorker.java:113)\r\n        at org.gradle.process.internal.worker.child.SystemApplicationClassLoaderWorker.call(SystemApplicationClassLoaderWorker.java:65)\r\n        at worker.org.gradle.process.internal.worker.GradleWorkerMain.run(GradleWorkerMain.java:69)\r\n        at worker.org.gradle.process.internal.worker.GradleWorkerMain.main(GradleWorkerMain.java:74)\r\n        at java.base@17.0.14/jdk.internal.reflect.NativeConstructorAccessorImpl.newInstance0(Native Method)\r\n        at java.base@17.0.14/jdk.internal.reflect.NativeConstructorAccessorImpl.newInstance(NativeConstructorAccessorImpl.java:77)\r\n        at java.base@17.0.14/jdk.internal.reflect.DelegatingConstructorAccessorImpl.newInstance(DelegatingConstructorAccessorImpl.java:45)\r\n        at java.base@17.0.14/java.lang.reflect.Constructor.newInstanceWithCaller(Constructor.java:500)\r\n        at app//PovTest.testPathWhenSourceDoesNotExist(PovTest.java:216)\r\n\r\nPovTest > testFromPovGivenTreeWithNewRootDeeplyNested() FAILED\r\n    java.lang.UnsupportedOperationException: Please implement the Pov.fromPov() method.\r\n        at Tree.fromPov(Tree.java:48)\r\n        at PovTest.testFromPovGivenTreeWithNewRootDeeplyNested(PovTest.java:61)\r\n\r\nPovTest > testPathToCanFindPathFromNodesOtherThanX() FAILED\r\n    java.lang.UnsupportedOperationException: Please implement the Pov.pathTo() method.\r\n        at Tree.pathTo(Tree.java:52)\r\n        at PovTest.testPathToCanFindPathFromNodesOtherThanX(PovTest.java:188)\r\n\r\nPovTest > testFromPovGivenTreeWithParentAndOneSibling() FAILED\r\n    java.lang.UnsupportedOperationException: Please implement the Pov.fromPov() method.\r\n        at Tree.fromPov(Tree.java:48)\r\n        at PovTest.testFromPovGivenTreeWithParentAndOneSibling(PovTest.java:27)\r\n\r\nPovTest > testFromPovGivenNonExistentTargetInLargeTree() FAILED\r\n    org.opentest4j.AssertionFailedError: \r\n    Expecting message to be:\r\n      \"Tree could not be reoriented\"\r\n    but was:\r\n      \"Please implement the Pov.fromPov() method.\"\r\n\r\n    Throwable that failed the check:\r\n\r\n    java.lang.UnsupportedOperationException: Please implement the Pov.fromPov() method.\r\n        at Tree.fromPov(Tree.java:48)\r\n        at PovTest.lambda$testFromPovGivenNonExistentTargetInLargeTree$1(PovTest.java:124)\r\n        at org.assertj.core.api.ThrowableAssert.catchThrowable(ThrowableAssert.java:63)\r\n        at org.assertj.core.api.ThrowableTypeAssert.isThrownBy(ThrowableTypeAssert.java:59)\r\n        at PovTest.testFromPovGivenNonExistentTargetInLargeTree(PovTest.java:124)\r\n        at java.base/jdk.internal.reflect.NativeMethodAccessorImpl.invoke0(Native Method)\r\n        at java.base/jdk.internal.reflect.NativeMethodAccessorImpl.invoke(NativeMethodAccessorImpl.java:77)\r\n        at java.base/jdk.internal.reflect.DelegatingMethodAccessorImpl.invoke(DelegatingMethodAccessorImpl.java:43)\r\n        at java.base/java.lang.reflect.Method.invoke(Method.java:569)\r\n        at org.junit.platform.commons.util.ReflectionUtils.invokeMethod(ReflectionUtils.java:728)\r\n        at org.junit.jupiter.engine.execution.MethodInvocation.proceed(MethodInvocation.java:60)\r\n        at org.junit.jupiter.engine.execution.InvocationInterceptorChain$ValidatingInvocation.proceed(InvocationInterceptorChain.java:131)\r\n        at org.junit.jupiter.engine.extension.TimeoutExtension.intercept(TimeoutExtension.java:156)\r\n        at org.junit.jupiter.engine.extension.TimeoutExtension.interceptTestableMethod(TimeoutExtension.java:147)\r\n        at org.junit.jupiter.engine.extension.TimeoutExtension.interceptTestMethod(TimeoutExtension.java:86)\r\n        at org.junit.jupiter.engine.execution.InterceptingExecutableInvoker$ReflectiveInterceptorCall.lambda$ofVoidMethod$0(InterceptingExecutableInvoker.java:103)\r\n        at org.junit.jupiter.engine.execution.InterceptingExecutableInvoker.lambda$invoke$0(InterceptingExecutableInvoker.java:93)\r\n        at org.junit.jupiter.engine.execution.InvocationInterceptorChain$InterceptedInvocation.proceed(InvocationInterceptorChain.java:106)\r\n        at org.junit.jupiter.engine.execution.InvocationInterceptorChain.proceed(InvocationInterceptorChain.java:64)\r\n        at org.junit.jupiter.engine.execution.InvocationInterceptorChain.chainAndInvoke(InvocationInterceptorChain.java:45)\r\n        at org.junit.jupiter.engine.execution.InvocationInterceptorChain.invoke(InvocationInterceptorChain.java:37)\r\n        at org.junit.jupiter.engine.execution.InterceptingExecutableInvoker.invoke(InterceptingExecutableInvoker.java:92)\r\n        at org.junit.jupiter.engine.execution.InterceptingExecutableInvoker.invoke(InterceptingExecutableInvoker.java:86)\r\n        at org.junit.jupiter.engine.descriptor.TestMethodTestDescriptor.lambda$invokeTestMethod$7(TestMethodTestDescriptor.java:218)\r\n        at org.junit.platform.engine.support.hierarchical.ThrowableCollector.execute(ThrowableCollector.java:73)\r\n        at org.junit.jupiter.engine.descriptor.TestMethodTestDescriptor.invokeTestMethod(TestMethodTestDescriptor.java:214)\r\n        at org.junit.jupiter.engine.descriptor.TestMethodTestDescriptor.execute(TestMethodTestDescriptor.java:139)\r\n        at org.junit.jupiter.engine.descriptor.TestMethodTestDescriptor.execute(TestMethodTestDescriptor.java:69)\r\n        at org.junit.platform.engine.support.hierarchical.NodeTestTask.lambda$executeRecursively$6(NodeTestTask.java:151)\r\n        at org.junit.platform.engine.support.hierarchical.ThrowableCollector.execute(ThrowableCollector.java:73)\r\n        at org.junit.platform.engine.support.hierarchical.NodeTestTask.lambda$executeRecursively$8(NodeTestTask.java:141)\r\n        at org.junit.platform.engine.support.hierarchical.Node.around(Node.java:137)\r\n        at org.junit.platform.engine.support.hierarchical.NodeTestTask.lambda$executeRecursively$9(NodeTestTask.java:139)\r\n        at org.junit.platform.engine.support.hierarchical.ThrowableCollector.execute(ThrowableCollector.java:73)\r\n        at org.junit.platform.engine.support.hierarchical.NodeTestTask.executeRecursively(NodeTestTask.java:138)\r\n        at org.junit.platform.engine.support.hierarchical.NodeTestTask.execute(NodeTestTask.java:95)\r\n        at java.base/java.util.ArrayList.forEach(ArrayList.java:1511)\r\n        at org.junit.platform.engine.support.hierarchical.SameThreadHierarchicalTestExecutorService.invokeAll(SameThreadHierarchicalTestExecutorService.java:41)\r\n        at org.junit.platform.engine.support.hierarchical.NodeTestTask.lambda$executeRecursively$6(NodeTestTask.java:155)\r\n        at org.junit.platform.engine.support.hierarchical.ThrowableCollector.execute(ThrowableCollector.java:73)\r\n        at org.junit.platform.engine.support.hierarchical.NodeTestTask.lambda$executeRecursively$8(NodeTestTask.java:141)\r\n        at org.junit.platform.engine.support.hierarchical.Node.around(Node.java:137)\r\n        at org.junit.platform.engine.support.hierarchical.NodeTestTask.lambda$executeRecursively$9(NodeTestTask.java:139)\r\n        at org.junit.platform.engine.support.hierarchical.ThrowableCollector.execute(ThrowableCollector.java:73)\r\n        at org.junit.platform.engine.support.hierarchical.NodeTestTask.executeRecursively(NodeTestTask.java:138)\r\n        at org.junit.platform.engine.support.hierarchical.NodeTestTask.execute(NodeTestTask.java:95)\r\n        at java.base/java.util.ArrayList.forEach(ArrayList.java:1511)\r\n        at org.junit.platform.engine.support.hierarchical.SameThreadHierarchicalTestExecutorService.invokeAll(SameThreadHierarchicalTestExecutorService.java:41)\r\n        at org.junit.platform.engine.support.hierarchical.NodeTestTask.lambda$executeRecursively$6(NodeTestTask.java:155)\r\n        at org.junit.platform.engine.support.hierarchical.ThrowableCollector.execute(ThrowableCollector.java:73)\r\n        at org.junit.platform.engine.support.hierarchical.NodeTestTask.lambda$executeRecursively$8(NodeTestTask.java:141)\r\n        at org.junit.platform.engine.support.hierarchical.Node.around(Node.java:137)\r\n        at org.junit.platform.engine.support.hierarchical.NodeTestTask.lambda$executeRecursively$9(NodeTestTask.java:139)\r\n        at org.junit.platform.engine.support.hierarchical.ThrowableCollector.execute(ThrowableCollector.java:73)\r\n        at org.junit.platform.engine.support.hierarchical.NodeTestTask.executeRecursively(NodeTestTask.java:138)\r\n        at org.junit.platform.engine.support.hierarchical.NodeTestTask.execute(NodeTestTask.java:95)\r\n        at org.junit.platform.engine.support.hierarchical.SameThreadHierarchicalTestExecutorService.submit(SameThreadHierarchicalTestExecutorService.java:35)\r\n        at org.junit.platform.engine.support.hierarchical.HierarchicalTestExecutor.execute(HierarchicalTestExecutor.java:57)\r\n        at org.junit.platform.engine.support.hierarchical.HierarchicalTestEngine.execute(HierarchicalTestEngine.java:54)\r\n        at org.junit.platform.launcher.core.EngineExecutionOrchestrator.execute(EngineExecutionOrchestrator.java:107)\r\n        at org.junit.platform.launcher.core.EngineExecutionOrchestrator.execute(EngineExecutionOrchestrator.java:88)\r\n        at org.junit.platform.launcher.core.EngineExecutionOrchestrator.lambda$execute$0(EngineExecutionOrchestrator.java:54)\r\n        at org.junit.platform.launcher.core.EngineExecutionOrchestrator.withInterceptedStreams(EngineExecutionOrchestrator.java:67)\r\n        at org.junit.platform.launcher.core.EngineExecutionOrchestrator.execute(EngineExecutionOrchestrator.java:52)\r\n        at org.junit.platform.launcher.core.DefaultLauncher.execute(DefaultLauncher.java:114)\r\n        at org.junit.platform.launcher.core.DefaultLauncher.execute(DefaultLauncher.java:86)\r\n        at org.junit.platform.launcher.core.DefaultLauncherSession$DelegatingLauncher.execute(DefaultLauncherSession.java:86)\r\n        at org.gradle.api.internal.tasks.testing.junitplatform.JUnitPlatformTestClassProcessor$CollectAllTestClassesExecutor.processAllTestClasses(JUnitPlatformTestClassProcessor.java:119)\r\n        at org.gradle.api.internal.tasks.testing.junitplatform.JUnitPlatformTestClassProcessor$CollectAllTestClassesExecutor.access$000(JUnitPlatformTestClassProcessor.java:94)\r\n        at org.gradle.api.internal.tasks.testing.junitplatform.JUnitPlatformTestClassProcessor.stop(JUnitPlatformTestClassProcessor.java:89)\r\n        at org.gradle.api.internal.tasks.testing.SuiteTestClassProcessor.stop(SuiteTestClassProcessor.java:62)\r\n        at java.base/jdk.internal.reflect.NativeMethodAccessorImpl.invoke0(Native Method)\r\n        at java.base/jdk.internal.reflect.NativeMethodAccessorImpl.invoke(NativeMethodAccessorImpl.java:77)\r\n        at java.base/jdk.internal.reflect.DelegatingMethodAccessorImpl.invoke(DelegatingMethodAccessorImpl.java:43)\r\n        at java.base/java.lang.reflect.Method.invoke(Method.java:569)\r\n        at org.gradle.internal.dispatch.ReflectionDispatch.dispatch(ReflectionDispatch.java:36)\r\n        at org.gradle.internal.dispatch.ReflectionDispatch.dispatch(ReflectionDispatch.java:24)\r\n        at org.gradle.internal.dispatch.ContextClassLoaderDispatch.dispatch(ContextClassLoaderDispatch.java:33)\r\n        at org.gradle.internal.dispatch.ProxyDispatchAdapter$DispatchingInvocationHandler.invoke(ProxyDispatchAdapter.java:94)\r\n        at jdk.proxy1/jdk.proxy1.$Proxy2.stop(Unknown Source)\r\n        at org.gradle.api.internal.tasks.testing.worker.TestWorker$3.run(TestWorker.java:193)\r\n        at org.gradle.api.internal.tasks.testing.worker.TestWorker.executeAndMaintainThreadName(TestWorker.java:129)\r\n        at org.gradle.api.internal.tasks.testing.worker.TestWorker.execute(TestWorker.java:100)\r\n        at org.gradle.api.internal.tasks.testing.worker.TestWorker.execute(TestWorker.java:60)\r\n        at org.gradle.process.internal.worker.child.ActionExecutionWorker.execute(ActionExecutionWorker.java:56)\r\n        at org.gradle.process.internal.worker.child.SystemApplicationClassLoaderWorker.call(SystemApplicationClassLoaderWorker.java:113)\r\n        at org.gradle.process.internal.worker.child.SystemApplicationClassLoaderWorker.call(SystemApplicationClassLoaderWorker.java:65)\r\n        at worker.org.gradle.process.internal.worker.GradleWorkerMain.run(GradleWorkerMain.java:69)\r\n        at worker.org.gradle.process.internal.worker.GradleWorkerMain.main(GradleWorkerMain.java:74)\r\n        at java.base@17.0.14/jdk.internal.reflect.NativeConstructorAccessorImpl.newInstance0(Native Method)\r\n        at java.base@17.0.14/jdk.internal.reflect.NativeConstructorAccessorImpl.newInstance(NativeConstructorAccessorImpl.java:77)\r\n        at java.base@17.0.14/jdk.internal.reflect.DelegatingConstructorAccessorImpl.newInstance(DelegatingConstructorAccessorImpl.java:45)\r\n        at java.base@17.0.14/java.lang.reflect.Constructor.newInstanceWithCaller(Constructor.java:500)\r\n        at app//PovTest.testFromPovGivenNonExistentTargetInLargeTree(PovTest.java:125)\r\n\r\nPovTest > testPathToCanFindPathToCousin() FAILED\r\n    java.lang.UnsupportedOperationException: Please implement the Pov.pathTo() method.\r\n        at Tree.pathTo(Tree.java:52)\r\n        at PovTest.testPathToCanFindPathToCousin(PovTest.java:164)\r\n\r\nPovTest > testFromPovGivenTreeWithParentAndManySibling() FAILED\r\n    java.lang.UnsupportedOperationException: Please implement the Pov.fromPov() method.\r\n        at Tree.fromPov(Tree.java:48)\r\n        at PovTest.testFromPovGivenTreeWithParentAndManySibling(PovTest.java:44)\r\n\r\nPovTest > testPathToCanFindPathToParent() FAILED\r\n    java.lang.UnsupportedOperationException: Please implement the Pov.pathTo() method.\r\n        at Tree.pathTo(Tree.java:52)\r\n        at PovTest.testPathToCanFindPathToParent(PovTest.java:135)\r\n\r\nPovTest > testFromPovGivenNonExistentTargetInSingletonTree() FAILED\r\n    org.opentest4j.AssertionFailedError: \r\n    Expecting message to be:\r\n      \"Tree could not be reoriented\"\r\n    but was:\r\n      \"Please implement the Pov.fromPov() method.\"\r\n\r\n    Throwable that failed the check:\r\n\r\n    java.lang.UnsupportedOperationException: Please implement the Pov.fromPov() method.\r\n        at Tree.fromPov(Tree.java:48)\r\n        at PovTest.lambda$testFromPovGivenNonExistentTargetInSingletonTree$0(PovTest.java:110)\r\n        at org.assertj.core.api.ThrowableAssert.catchThrowable(ThrowableAssert.java:63)\r\n        at org.assertj.core.api.ThrowableTypeAssert.isThrownBy(ThrowableTypeAssert.java:59)\r\n        at PovTest.testFromPovGivenNonExistentTargetInSingletonTree(PovTest.java:110)\r\n        at java.base/jdk.internal.reflect.NativeMethodAccessorImpl.invoke0(Native Method)\r\n        at java.base/jdk.internal.reflect.NativeMethodAccessorImpl.invoke(NativeMethodAccessorImpl.java:77)\r\n        at java.base/jdk.internal.reflect.DelegatingMethodAccessorImpl.invoke(DelegatingMethodAccessorImpl.java:43)\r\n        at java.base/java.lang.reflect.Method.invoke(Method.java:569)\r\n        at org.junit.platform.commons.util.ReflectionUtils.invokeMethod(ReflectionUtils.java:728)\r\n        at org.junit.jupiter.engine.execution.MethodInvocation.proceed(MethodInvocation.java:60)\r\n        at org.junit.jupiter.engine.execution.InvocationInterceptorChain$ValidatingInvocation.proceed(InvocationInterceptorChain.java:131)\r\n        at org.junit.jupiter.engine.extension.TimeoutExtension.intercept(TimeoutExtension.java:156)\r\n        at org.junit.jupiter.engine.extension.TimeoutExtension.interceptTestableMethod(TimeoutExtension.java:147)\r\n        at org.junit.jupiter.engine.extension.TimeoutExtension.interceptTestMethod(TimeoutExtension.java:86)\r\n        at org.junit.jupiter.engine.execution.InterceptingExecutableInvoker$ReflectiveInterceptorCall.lambda$ofVoidMethod$0(InterceptingExecutableInvoker.java:103)\r\n        at org.junit.jupiter.engine.execution.InterceptingExecutableInvoker.lambda$invoke$0(InterceptingExecutableInvoker.java:93)\r\n        at org.junit.jupiter.engine.execution.InvocationInterceptorChain$InterceptedInvocation.proceed(InvocationInterceptorChain.java:106)\r\n        at org.junit.jupiter.engine.execution.InvocationInterceptorChain.proceed(InvocationInterceptorChain.java:64)\r\n        at org.junit.jupiter.engine.execution.InvocationInterceptorChain.chainAndInvoke(InvocationInterceptorChain.java:45)\r\n        at org.junit.jupiter.engine.execution.InvocationInterceptorChain.invoke(InvocationInterceptorChain.java:37)\r\n        at org.junit.jupiter.engine.execution.InterceptingExecutableInvoker.invoke(InterceptingExecutableInvoker.java:92)\r\n        at org.junit.jupiter.engine.execution.InterceptingExecutableInvoker.invoke(InterceptingExecutableInvoker.java:86)\r\n        at org.junit.jupiter.engine.descriptor.TestMethodTestDescriptor.lambda$invokeTestMethod$7(TestMethodTestDescriptor.java:218)\r\n        at org.junit.platform.engine.support.hierarchical.ThrowableCollector.execute(ThrowableCollector.java:73)\r\n        at org.junit.jupiter.engine.descriptor.TestMethodTestDescriptor.invokeTestMethod(TestMethodTestDescriptor.java:214)\r\n        at org.junit.jupiter.engine.descriptor.TestMethodTestDescriptor.execute(TestMethodTestDescriptor.java:139)\r\n        at org.junit.jupiter.engine.descriptor.TestMethodTestDescriptor.execute(TestMethodTestDescriptor.java:69)\r\n        at org.junit.platform.engine.support.hierarchical.NodeTestTask.lambda$executeRecursively$6(NodeTestTask.java:151)\r\n        at org.junit.platform.engine.support.hierarchical.ThrowableCollector.execute(ThrowableCollector.java:73)\r\n        at org.junit.platform.engine.support.hierarchical.NodeTestTask.lambda$executeRecursively$8(NodeTestTask.java:141)\r\n        at org.junit.platform.engine.support.hierarchical.Node.around(Node.java:137)\r\n        at org.junit.platform.engine.support.hierarchical.NodeTestTask.lambda$executeRecursively$9(NodeTestTask.java:139)\r\n        at org.junit.platform.engine.support.hierarchical.ThrowableCollector.execute(ThrowableCollector.java:73)\r\n        at org.junit.platform.engine.support.hierarchical.NodeTestTask.executeRecursively(NodeTestTask.java:138)\r\n        at org.junit.platform.engine.support.hierarchical.NodeTestTask.execute(NodeTestTask.java:95)\r\n        at java.base/java.util.ArrayList.forEach(ArrayList.java:1511)\r\n        at org.junit.platform.engine.support.hierarchical.SameThreadHierarchicalTestExecutorService.invokeAll(SameThreadHierarchicalTestExecutorService.java:41)\r\n        at org.junit.platform.engine.support.hierarchical.NodeTestTask.lambda$executeRecursively$6(NodeTestTask.java:155)\r\n        at org.junit.platform.engine.support.hierarchical.ThrowableCollector.execute(ThrowableCollector.java:73)\r\n        at org.junit.platform.engine.support.hierarchical.NodeTestTask.lambda$executeRecursively$8(NodeTestTask.java:141)\r\n        at org.junit.platform.engine.support.hierarchical.Node.around(Node.java:137)\r\n        at org.junit.platform.engine.support.hierarchical.NodeTestTask.lambda$executeRecursively$9(NodeTestTask.java:139)\r\n        at org.junit.platform.engine.support.hierarchical.ThrowableCollector.execute(ThrowableCollector.java:73)\r\n        at org.junit.platform.engine.support.hierarchical.NodeTestTask.executeRecursively(NodeTestTask.java:138)\r\n        at org.junit.platform.engine.support.hierarchical.NodeTestTask.execute(NodeTestTask.java:95)\r\n        at java.base/java.util.ArrayList.forEach(ArrayList.java:1511)\r\n        at org.junit.platform.engine.support.hierarchical.SameThreadHierarchicalTestExecutorService.invokeAll(SameThreadHierarchicalTestExecutorService.java:41)\r\n        at org.junit.platform.engine.support.hierarchical.NodeTestTask.lambda$executeRecursively$6(NodeTestTask.java:155)\r\n        at org.junit.platform.engine.support.hierarchical.ThrowableCollector.execute(ThrowableCollector.java:73)\r\n        at org.junit.platform.engine.support.hierarchical.NodeTestTask.lambda$executeRecursively$8(NodeTestTask.java:141)\r\n        at org.junit.platform.engine.support.hierarchical.Node.around(Node.java:137)\r\n        at org.junit.platform.engine.support.hierarchical.NodeTestTask.lambda$executeRecursively$9(NodeTestTask.java:139)\r\n        at org.junit.platform.engine.support.hierarchical.ThrowableCollector.execute(ThrowableCollector.java:73)\r\n        at org.junit.platform.engine.support.hierarchical.NodeTestTask.executeRecursively(NodeTestTask.java:138)\r\n        at org.junit.platform.engine.support.hierarchical.NodeTestTask.execute(NodeTestTask.java:95)\r\n        at org.junit.platform.engine.support.hierarchical.SameThreadHierarchicalTestExecutorService.submit(SameThreadHierarchicalTestExecutorService.java:35)\r\n        at org.junit.platform.engine.support.hierarchical.HierarchicalTestExecutor.execute(HierarchicalTestExecutor.java:57)\r\n        at org.junit.platform.engine.support.hierarchical.HierarchicalTestEngine.execute(HierarchicalTestEngine.java:54)\r\n        at org.junit.platform.launcher.core.EngineExecutionOrchestrator.execute(EngineExecutionOrchestrator.java:107)\r\n        at org.junit.platform.launcher.core.EngineExecutionOrchestrator.execute(EngineExecutionOrchestrator.java:88)\r\n        at org.junit.platform.launcher.core.EngineExecutionOrchestrator.lambda$execute$0(EngineExecutionOrchestrator.java:54)\r\n        at org.junit.platform.launcher.core.EngineExecutionOrchestrator.withInterceptedStreams(EngineExecutionOrchestrator.java:67)\r\n        at org.junit.platform.launcher.core.EngineExecutionOrchestrator.execute(EngineExecutionOrchestrator.java:52)\r\n        at org.junit.platform.launcher.core.DefaultLauncher.execute(DefaultLauncher.java:114)\r\n        at org.junit.platform.launcher.core.DefaultLauncher.execute(DefaultLauncher.java:86)\r\n        at org.junit.platform.launcher.core.DefaultLauncherSession$DelegatingLauncher.execute(DefaultLauncherSession.java:86)\r\n        at org.gradle.api.internal.tasks.testing.junitplatform.JUnitPlatformTestClassProcessor$CollectAllTestClassesExecutor.processAllTestClasses(JUnitPlatformTestClassProcessor.java:119)\r\n        at org.gradle.api.internal.tasks.testing.junitplatform.JUnitPlatformTestClassProcessor$CollectAllTestClassesExecutor.access$000(JUnitPlatformTestClassProcessor.java:94)\r\n        at org.gradle.api.internal.tasks.testing.junitplatform.JUnitPlatformTestClassProcessor.stop(JUnitPlatformTestClassProcessor.java:89)\r\n        at org.gradle.api.internal.tasks.testing.SuiteTestClassProcessor.stop(SuiteTestClassProcessor.java:62)\r\n        at java.base/jdk.internal.reflect.NativeMethodAccessorImpl.invoke0(Native Method)\r\n        at java.base/jdk.internal.reflect.NativeMethodAccessorImpl.invoke(NativeMethodAccessorImpl.java:77)\r\n        at java.base/jdk.internal.reflect.DelegatingMethodAccessorImpl.invoke(DelegatingMethodAccessorImpl.java:43)\r\n        at java.base/java.lang.reflect.Method.invoke(Method.java:569)\r\n        at org.gradle.internal.dispatch.ReflectionDispatch.dispatch(ReflectionDispatch.java:36)\r\n        at org.gradle.internal.dispatch.ReflectionDispatch.dispatch(ReflectionDispatch.java:24)\r\n        at org.gradle.internal.dispatch.ContextClassLoaderDispatch.dispatch(ContextClassLoaderDispatch.java:33)\r\n        at org.gradle.internal.dispatch.ProxyDispatchAdapter$DispatchingInvocationHandler.invoke(ProxyDispatchAdapter.java:94)\r\n        at jdk.proxy1/jdk.proxy1.$Proxy2.stop(Unknown Source)\r\n        at org.gradle.api.internal.tasks.testing.worker.TestWorker$3.run(TestWorker.java:193)\r\n        at org.gradle.api.internal.tasks.testing.worker.TestWorker.executeAndMaintainThreadName(TestWorker.java:129)\r\n        at org.gradle.api.internal.tasks.testing.worker.TestWorker.execute(TestWorker.java:100)\r\n        at org.gradle.api.internal.tasks.testing.worker.TestWorker.execute(TestWorker.java:60)\r\n        at org.gradle.process.internal.worker.child.ActionExecutionWorker.execute(ActionExecutionWorker.java:56)\r\n        at org.gradle.process.internal.worker.child.SystemApplicationClassLoaderWorker.call(SystemApplicationClassLoaderWorker.java:113)\r\n        at org.gradle.process.internal.worker.child.SystemApplicationClassLoaderWorker.call(SystemApplicationClassLoaderWorker.java:65)\r\n        at worker.org.gradle.process.internal.worker.GradleWorkerMain.run(GradleWorkerMain.java:69)\r\n        at worker.org.gradle.process.internal.worker.GradleWorkerMain.main(GradleWorkerMain.java:74)\r\n        at java.base@17.0.14/jdk.internal.reflect.NativeConstructorAccessorImpl.newInstance0(Native Method)\r\n        at java.base@17.0.14/jdk.internal.reflect.NativeConstructorAccessorImpl.newInstance(NativeConstructorAccessorImpl.java:77)\r\n        at java.base@17.0.14/jdk.internal.reflect.DelegatingConstructorAccessorImpl.newInstance(DelegatingConstructorAccessorImpl.java:45)\r\n        at java.base@17.0.14/java.lang.reflect.Constructor.newInstanceWithCaller(Constructor.java:500)\r\n        at app//PovTest.testFromPovGivenNonExistentTargetInSingletonTree(PovTest.java:111)\r\n\r\nPovTest > testPathToCanFindPathNotEnvolvingRoot() FAILED\r\n    java.lang.UnsupportedOperationException: Please implement the Pov.pathTo() method.\r\n        at Tree.pathTo(Tree.java:52)\r\n        at PovTest.testPathToCanFindPathNotEnvolvingRoot(PovTest.java:176)\r\n\r\nPovTest > testFromPovGivenComplexTreeWithCousins() FAILED\r\n    java.lang.UnsupportedOperationException: Please implement the Pov.fromPov() method.\r\n        at Tree.fromPov(Tree.java:48)\r\n        at PovTest.testFromPovGivenComplexTreeWithCousins(PovTest.java:103)\r\n\r\nPovTest > testPathWhenDestinationDoesNotExist() FAILED\r\n    org.opentest4j.AssertionFailedError: \r\n    Expecting message to be:\r\n      \"No path found\"\r\n    but was:\r\n      \"Please implement the Pov.pathTo() method.\"\r\n\r\n    Throwable that failed the check:\r\n\r\n    java.lang.UnsupportedOperationException: Please implement the Pov.pathTo() method.\r\n        at Tree.pathTo(Tree.java:52)\r\n        at PovTest.lambda$testPathWhenDestinationDoesNotExist$2(PovTest.java:201)\r\n        at org.assertj.core.api.ThrowableAssert.catchThrowable(ThrowableAssert.java:63)\r\n        at org.assertj.core.api.ThrowableTypeAssert.isThrownBy(ThrowableTypeAssert.java:59)\r\n        at PovTest.testPathWhenDestinationDoesNotExist(PovTest.java:201)\r\n        at java.base/jdk.internal.reflect.NativeMethodAccessorImpl.invoke0(Native Method)\r\n        at java.base/jdk.internal.reflect.NativeMethodAccessorImpl.invoke(NativeMethodAccessorImpl.java:77)\r\n        at java.base/jdk.internal.reflect.DelegatingMethodAccessorImpl.invoke(DelegatingMethodAccessorImpl.java:43)\r\n        at java.base/java.lang.reflect.Method.invoke(Method.java:569)\r\n        at org.junit.platform.commons.util.ReflectionUtils.invokeMethod(ReflectionUtils.java:728)\r\n        at org.junit.jupiter.engine.execution.MethodInvocation.proceed(MethodInvocation.java:60)\r\n        at org.junit.jupiter.engine.execution.InvocationInterceptorChain$ValidatingInvocation.proceed(InvocationInterceptorChain.java:131)\r\n        at org.junit.jupiter.engine.extension.TimeoutExtension.intercept(TimeoutExtension.java:156)\r\n        at org.junit.jupiter.engine.extension.TimeoutExtension.interceptTestableMethod(TimeoutExtension.java:147)\r\n        at org.junit.jupiter.engine.extension.TimeoutExtension.interceptTestMethod(TimeoutExtension.java:86)\r\n        at org.junit.jupiter.engine.execution.InterceptingExecutableInvoker$ReflectiveInterceptorCall.lambda$ofVoidMethod$0(InterceptingExecutableInvoker.java:103)\r\n        at org.junit.jupiter.engine.execution.InterceptingExecutableInvoker.lambda$invoke$0(InterceptingExecutableInvoker.java:93)\r\n        at org.junit.jupiter.engine.execution.InvocationInterceptorChain$InterceptedInvocation.proceed(InvocationInterceptorChain.java:106)\r\n        at org.junit.jupiter.engine.execution.InvocationInterceptorChain.proceed(InvocationInterceptorChain.java:64)\r\n        at org.junit.jupiter.engine.execution.InvocationInterceptorChain.chainAndInvoke(InvocationInterceptorChain.java:45)\r\n        at org.junit.jupiter.engine.execution.InvocationInterceptorChain.invoke(InvocationInterceptorChain.java:37)\r\n        at org.junit.jupiter.engine.execution.InterceptingExecutableInvoker.invoke(InterceptingExecutableInvoker.java:92)\r\n        at org.junit.jupiter.engine.execution.InterceptingExecutableInvoker.invoke(InterceptingExecutableInvoker.java:86)\r\n        at org.junit.jupiter.engine.descriptor.TestMethodTestDescriptor.lambda$invokeTestMethod$7(TestMethodTestDescriptor.java:218)\r\n        at org.junit.platform.engine.support.hierarchical.ThrowableCollector.execute(ThrowableCollector.java:73)\r\n        at org.junit.jupiter.engine.descriptor.TestMethodTestDescriptor.invokeTestMethod(TestMethodTestDescriptor.java:214)\r\n        at org.junit.jupiter.engine.descriptor.TestMethodTestDescriptor.execute(TestMethodTestDescriptor.java:139)\r\n        at org.junit.jupiter.engine.descriptor.TestMethodTestDescriptor.execute(TestMethodTestDescriptor.java:69)\r\n        at org.junit.platform.engine.support.hierarchical.NodeTestTask.lambda$executeRecursively$6(NodeTestTask.java:151)\r\n        at org.junit.platform.engine.support.hierarchical.ThrowableCollector.execute(ThrowableCollector.java:73)\r\n        at org.junit.platform.engine.support.hierarchical.NodeTestTask.lambda$executeRecursively$8(NodeTestTask.java:141)\r\n        at org.junit.platform.engine.support.hierarchical.Node.around(Node.java:137)\r\n        at org.junit.platform.engine.support.hierarchical.NodeTestTask.lambda$executeRecursively$9(NodeTestTask.java:139)\r\n        at org.junit.platform.engine.support.hierarchical.ThrowableCollector.execute(ThrowableCollector.java:73)\r\n        at org.junit.platform.engine.support.hierarchical.NodeTestTask.executeRecursively(NodeTestTask.java:138)\r\n        at org.junit.platform.engine.support.hierarchical.NodeTestTask.execute(NodeTestTask.java:95)\r\n        at java.base/java.util.ArrayList.forEach(ArrayList.java:1511)\r\n        at org.junit.platform.engine.support.hierarchical.SameThreadHierarchicalTestExecutorService.invokeAll(SameThreadHierarchicalTestExecutorService.java:41)\r\n        at org.junit.platform.engine.support.hierarchical.NodeTestTask.lambda$executeRecursively$6(NodeTestTask.java:155)\r\n        at org.junit.platform.engine.support.hierarchical.ThrowableCollector.execute(ThrowableCollector.java:73)\r\n        at org.junit.platform.engine.support.hierarchical.NodeTestTask.lambda$executeRecursively$8(NodeTestTask.java:141)\r\n        at org.junit.platform.engine.support.hierarchical.Node.around(Node.java:137)\r\n        at org.junit.platform.engine.support.hierarchical.NodeTestTask.lambda$executeRecursively$9(NodeTestTask.java:139)\r\n        at org.junit.platform.engine.support.hierarchical.ThrowableCollector.execute(ThrowableCollector.java:73)\r\n        at org.junit.platform.engine.support.hierarchical.NodeTestTask.executeRecursively(NodeTestTask.java:138)\r\n        at org.junit.platform.engine.support.hierarchical.NodeTestTask.execute(NodeTestTask.java:95)\r\n        at java.base/java.util.ArrayList.forEach(ArrayList.java:1511)\r\n        at org.junit.platform.engine.support.hierarchical.SameThreadHierarchicalTestExecutorService.invokeAll(SameThreadHierarchicalTestExecutorService.java:41)\r\n        at org.junit.platform.engine.support.hierarchical.NodeTestTask.lambda$executeRecursively$6(NodeTestTask.java:155)\r\n        at org.junit.platform.engine.support.hierarchical.ThrowableCollector.execute(ThrowableCollector.java:73)\r\n        at org.junit.platform.engine.support.hierarchical.NodeTestTask.lambda$executeRecursively$8(NodeTestTask.java:141)\r\n        at org.junit.platform.engine.support.hierarchical.Node.around(Node.java:137)\r\n        at org.junit.platform.engine.support.hierarchical.NodeTestTask.lambda$executeRecursively$9(NodeTestTask.java:139)\r\n        at org.junit.platform.engine.support.hierarchical.ThrowableCollector.execute(ThrowableCollector.java:73)\r\n        at org.junit.platform.engine.support.hierarchical.NodeTestTask.executeRecursively(NodeTestTask.java:138)\r\n        at org.junit.platform.engine.support.hierarchical.NodeTestTask.execute(NodeTestTask.java:95)\r\n        at org.junit.platform.engine.support.hierarchical.SameThreadHierarchicalTestExecutorService.submit(SameThreadHierarchicalTestExecutorService.java:35)\r\n        at org.junit.platform.engine.support.hierarchical.HierarchicalTestExecutor.execute(HierarchicalTestExecutor.java:57)\r\n        at org.junit.platform.engine.support.hierarchical.HierarchicalTestEngine.execute(HierarchicalTestEngine.java:54)\r\n        at org.junit.platform.launcher.core.EngineExecutionOrchestrator.execute(EngineExecutionOrchestrator.java:107)\r\n        at org.junit.platform.launcher.core.EngineExecutionOrchestrator.execute(EngineExecutionOrchestrator.java:88)\r\n        at org.junit.platform.launcher.core.EngineExecutionOrchestrator.lambda$execute$0(EngineExecutionOrchestrator.java:54)\r\n        at org.junit.platform.launcher.core.EngineExecutionOrchestrator.withInterceptedStreams(EngineExecutionOrchestrator.java:67)\r\n        at org.junit.platform.launcher.core.EngineExecutionOrchestrator.execute(EngineExecutionOrchestrator.java:52)\r\n        at org.junit.platform.launcher.core.DefaultLauncher.execute(DefaultLauncher.java:114)\r\n        at org.junit.platform.launcher.core.DefaultLauncher.execute(DefaultLauncher.java:86)\r\n        at org.junit.platform.launcher.core.DefaultLauncherSession$DelegatingLauncher.execute(DefaultLauncherSession.java:86)\r\n        at org.gradle.api.internal.tasks.testing.junitplatform.JUnitPlatformTestClassProcessor$CollectAllTestClassesExecutor.processAllTestClasses(JUnitPlatformTestClassProcessor.java:119)\r\n        at org.gradle.api.internal.tasks.testing.junitplatform.JUnitPlatformTestClassProcessor$CollectAllTestClassesExecutor.access$000(JUnitPlatformTestClassProcessor.java:94)\r\n        at org.gradle.api.internal.tasks.testing.junitplatform.JUnitPlatformTestClassProcessor.stop(JUnitPlatformTestClassProcessor.java:89)\r\n        at org.gradle.api.internal.tasks.testing.SuiteTestClassProcessor.stop(SuiteTestClassProcessor.java:62)\r\n        at java.base/jdk.internal.reflect.NativeMethodAccessorImpl.invoke0(Native Method)\r\n        at java.base/jdk.internal.reflect.NativeMethodAccessorImpl.invoke(NativeMethodAccessorImpl.java:77)\r\n        at java.base/jdk.internal.reflect.DelegatingMethodAccessorImpl.invoke(DelegatingMethodAccessorImpl.java:43)\r\n        at java.base/java.lang.reflect.Method.invoke(Method.java:569)\r\n        at org.gradle.internal.dispatch.ReflectionDispatch.dispatch(ReflectionDispatch.java:36)\r\n        at org.gradle.internal.dispatch.ReflectionDispatch.dispatch(ReflectionDispatch.java:24)\r\n        at org.gradle.internal.dispatch.ContextClassLoaderDispatch.dispatch(ContextClassLoaderDispatch.java:33)\r\n        at org.gradle.internal.dispatch.ProxyDispatchAdapter$DispatchingInvocationHandler.invoke(ProxyDispatchAdapter.java:94)\r\n        at jdk.proxy1/jdk.proxy1.$Proxy2.stop(Unknown Source)\r\n        at org.gradle.api.internal.tasks.testing.worker.TestWorker$3.run(TestWorker.java:193)\r\n        at org.gradle.api.internal.tasks.testing.worker.TestWorker.executeAndMaintainThreadName(TestWorker.java:129)\r\n        at org.gradle.api.internal.tasks.testing.worker.TestWorker.execute(TestWorker.java:100)\r\n        at org.gradle.api.internal.tasks.testing.worker.TestWorker.execute(TestWorker.java:60)\r\n        at org.gradle.process.internal.worker.child.ActionExecutionWorker.execute(ActionExecutionWorker.java:56)\r\n        at org.gradle.process.internal.worker.child.SystemApplicationClassLoaderWorker.call(SystemApplicationClassLoaderWorker.java:113)\r\n        at org.gradle.process.internal.worker.child.SystemApplicationClassLoaderWorker.call(SystemApplicationClassLoaderWorker.java:65)\r\n        at worker.org.gradle.process.internal.worker.GradleWorkerMain.run(GradleWorkerMain.java:69)\r\n        at worker.org.gradle.process.internal.worker.GradleWorkerMain.main(GradleWorkerMain.java:74)\r\n        at java.base@17.0.14/jdk.internal.reflect.NativeConstructorAccessorImpl.newInstance0(Native Method)\r\n        at java.base@17.0.14/jdk.internal.reflect.NativeConstructorAccessorImpl.newInstance(NativeConstructorAccessorImpl.java:77)\r\n        at java.base@17.0.14/jdk.internal.reflect.DelegatingConstructorAccessorImpl.newInstance(DelegatingConstructorAccessorImpl.java:45)\r\n        at java.base@17.0.14/java.lang.reflect.Constructor.newInstanceWithCaller(Constructor.java:500)\r\n        at app//PovTest.testPathWhenDestinationDoesNotExist(PovTest.java:202)\r\n\r\nPovTest > testFromPovGivenMovesChildrenOfNewRootToSameLevelAsFormerParent() FAILED\r\n    java.lang.UnsupportedOperationException: Please implement the Pov.fromPov() method.\r\n        at Tree.fromPov(Tree.java:48)\r\n        at PovTest.testFromPovGivenMovesChildrenOfNewRootToSameLevelAsFormerParent(PovTest.java:76)\r\n\r\nPovTest > testFromPovGivenSingletonTree() FAILED\r\n    java.lang.UnsupportedOperationException: Please implement the Pov.fromPov() method.\r\n        at Tree.fromPov(Tree.java:48)\r\n        at PovTest.testFromPovGivenSingletonTree(PovTest.java:15)\r\n\r\n15 tests completed, 15 failed\r\n\r\nFAILURE: Build failed with an exception.\r\n\r\n* What went wrong:\r\nExecution failed for task ':test'.\r\n> There were failing tests. See the report at: file:///Users/cte/Documents/evals/java/pov/build/reports/tests/test/index.html\r\n\r\n* Try:\r\n> Run with --scan to get full insights.\r\n\r\nDeprecated Gradle features were used in this build, making it incompatible with Gradle 9.0.\r\n\r\nYou can use '--warning-mode all' to show the individual deprecation warnings and determine if they come from your own scripts or plugins.\r\n\r\nFor more on this, please refer to https://docs.gradle.org/8.7/userguide/command_line_interface.html#sec:command_line_warnings in the Gradle documentation.\r\n\r\nBUILD FAILED in 837ms\r\n3 actionable tasks: 3 executed\r\n\r\n\r\n\r\n"
}
[2025-04-04T04:45:17.365Z] {
  "ts": 1743741917324,
  "type": "ask",
  "ask": "command_output",
  "text": "<-------------> 0% WAITING> :test > 1 test completed, 1 failed> :test > Executing test PovTest%                                                                                    \r \r"
}
[2025-04-04T04:45:17.412Z] {
  "ts": 1743741917377,
  "type": "say",
  "say": "api_req_started",
  "text": "{\"request\":\"[execute_command for './gradlew test'] Result:\\n\\nCommand executed in terminal 1 within working directory '/Users/cte/Documents/evals/java/pov'. Command execution was not successful, inspect the cause and adjust as needed.\\nExit code: 1\\nOutput:\\n\\r\\n\\r\\n<=====--------> 42% EXECUTING [111ms]> :compileTestJava<===========--> 85% EXECUTING [206ms]> :test > 0 tests completed<===========--> 85% EXECUTING [306ms]<===========--> 85% EXECUTING [406ms]\\r\\n<===========--> 85% EXECUTING [506ms]> :test > 1 test completed, 1 failed> :test > Executing test PovTest\\r\\n> Task :test FAILED\\r\\n\\r\\nPovTest > testPathToCanFindPathToSibling() FAILED\\r\\n    java.lang.UnsupportedOperationException: Please implement the Pov.pathTo() method.\\r\\n        at Tree.pathTo(Tree.java:52)\\r\\n        at PovTest.testPathToCanFindPathToSibling(PovTest.java:147)\\r\\n\\r\\nPovTest > testPathWhenSourceDoesNotExist() FAILED\\r\\n    org.opentest4j.AssertionFailedError: \\r\\n    Expecting message to be:\\r\\n      \\\"No path found\\\"\\r\\n    but was:\\r\\n      \\\"Please implement the Pov.pathTo() method.\\\"\\r\\n\\r\\n    Throwable that failed the check:\\r\\n\\r\\n    java.lang.UnsupportedOperationException: Please implement the Pov.pathTo() method.\\r\\n        at Tree.pathTo(Tree.java:52)\\r\\n        at PovTest.lambda$testPathWhenSourceDoesNotExist$3(PovTest.java:215)\\r\\n        at org.assertj.core.api.ThrowableAssert.catchThrowable(ThrowableAssert.java:63)\\r\\n        at org.assertj.core.api.ThrowableTypeAssert.isThrownBy(ThrowableTypeAssert.java:59)\\r\\n        at PovTest.testPathWhenSourceDoesNotExist(PovTest.java:215)\\r\\n        at java.base/jdk.internal.reflect.NativeMethodAccessorImpl.invoke0(Native Method)\\r\\n        at java.base/jdk.internal.reflect.NativeMethodAccessorImpl.invoke(NativeMethodAccessorImpl.java:77)\\r\\n        at java.base/jdk.internal.reflect.DelegatingMethodAccessorImpl.invoke(DelegatingMethodAccessorImpl.java:43)\\r\\n        at java.base/java.lang.reflect.Method.invoke(Method.java:569)\\r\\n        at org.junit.platform.commons.util.ReflectionUtils.invokeMethod(ReflectionUtils.java:728)\\r\\n        at org.junit.jupiter.engine.execution.MethodInvocation.proceed(MethodInvocation.java:60)\\r\\n        at org.junit.jupiter.engine.execution.InvocationInterceptorChain$ValidatingInvocation.proceed(InvocationInterceptorChain.java:131)\\r\\n        at org.junit.jupiter.engine.extension.TimeoutExtension.intercept(TimeoutExtension.java:156)\\r\\n        at org.junit.jupiter.engine.extension.TimeoutExtension.interceptTestableMethod(TimeoutExtension.java:147)\\r\\n        at org.junit.jupiter.engine.extension.TimeoutExtension.interceptTestMethod(TimeoutExtension.java:86)\\r\\n        at org.junit.jupiter.engine.execution.InterceptingExecutableInvoker$ReflectiveInterceptorCall.lambda$ofVoidMethod$0(InterceptingExecutableInvoker.java:103)\\r\\n        at org.junit.jupiter.engine.execution.InterceptingExecutableInvoker.lambda$invoke$0(InterceptingExecutableInvoker.java:93)\\r\\n        at org.junit.jupiter.engine.execution.InvocationInterceptorChain$InterceptedInvocation.proceed(InvocationInterceptorChain.java:106)\\r\\n        at org.junit.jupiter.engine.execution.InvocationInterceptorChain.proceed(InvocationInterceptorChain.java:64)\\r\\n        at org.junit.jupiter.engine.execution.InvocationInterceptorChain.chainAndInvoke(InvocationInterceptorChain.java:45)\\r\\n        at org.junit.jupiter.engine.execution.InvocationInterceptorChain.invoke(InvocationInterceptorChain.java:37)\\r\\n        at org.junit.jupiter.engine.execution.InterceptingExecutableInvoker.invoke(InterceptingExecutableInvoker.java:92)\\r\\n        at org.junit.jupiter.engine.execution.InterceptingExecutableInvoker.invoke(InterceptingExecutableInvoker.java:86)\\r\\n        at org.junit.jupiter.engine.descriptor.TestMethodTestDescriptor.lambda$invokeTestMethod$7(TestMethodTestDescriptor.java:218)\\r\\n        at org.junit.platform.engine.support.hierarchical.ThrowableCollector.execute(ThrowableCollector.java:73)\\r\\n        at org.junit.jupiter.engine.descriptor.TestMethodTestDescriptor.invokeTestMethod(TestMethodTestDescriptor.java:214)\\r\\n        at org.junit.jupiter.engine.descriptor.TestMethodTestDescriptor.execute(TestMethodTestDescriptor.java:139)\\r\\n        at org.junit.jupiter.engine.descriptor.TestMethodTestDescriptor.execute(TestMethodTestDescriptor.java:69)\\r\\n        at org.junit.platform.engine.support.hierarchical.NodeTestTask.lambda$executeRecursively$6(NodeTestTask.java:151)\\r\\n        at org.junit.platform.engine.support.hierarchical.ThrowableCollector.execute(ThrowableCollector.java:73)\\r\\n        at org.junit.platform.engine.support.hierarchical.NodeTestTask.lambda$executeRecursively$8(NodeTestTask.java:141)\\r\\n        at org.junit.platform.engine.support.hierarchical.Node.around(Node.java:137)\\r\\n        at org.junit.platform.engine.support.hierarchical.NodeTestTask.lambda$executeRecursively$9(NodeTestTask.java:139)\\r\\n        at org.junit.platform.engine.support.hierarchical.ThrowableCollector.execute(ThrowableCollector.java:73)\\r\\n        at org.junit.platform.engine.support.hierarchical.NodeTestTask.executeRecursively(NodeTestTask.java:138)\\r\\n        at org.junit.platform.engine.support.hierarchical.NodeTestTask.execute(NodeTestTask.java:95)\\r\\n        at java.base/java.util.ArrayList.forEach(ArrayList.java:1511)\\r\\n        at org.junit.platform.engine.support.hierarchical.SameThreadHierarchicalTestExecutorService.invokeAll(SameThreadHierarchicalTestExecutorService.java:41)\\r\\n        at org.junit.platform.engine.support.hierarchical.NodeTestTask.lambda$executeRecursively$6(NodeTestTask.java:155)\\r\\n        at org.junit.platform.engine.support.hierarchical.ThrowableCollector.execute(ThrowableCollector.java:73)\\r\\n        at org.junit.platform.engine.support.hierarchical.NodeTestTask.lambda$executeRecursively$8(NodeTestTask.java:141)\\r\\n        at org.junit.platform.engine.support.hierarchical.Node.around(Node.java:137)\\r\\n        at org.junit.platform.engine.support.hierarchical.NodeTestTask.lambda$executeRecursively$9(NodeTestTask.java:139)\\r\\n        at org.junit.platform.engine.support.hierarchical.ThrowableCollector.execute(ThrowableCollector.java:73)\\r\\n        at org.junit.platform.engine.support.hierarchical.NodeTestTask.executeRecursively(NodeTestTask.java:138)\\r\\n        at org.junit.platform.engine.support.hierarchical.NodeTestTask.execute(NodeTestTask.java:95)\\r\\n        at java.base/java.util.ArrayList.forEach(ArrayList.java:1511)\\r\\n        at org.junit.platform.engine.support.hierarchical.SameThreadHierarchicalTestExecutorService.invokeAll(SameThreadHierarchicalTestExecutorService.java:41)\\r\\n        at org.junit.platform.engine.support.hierarchical.NodeTestTask.lambda$executeRecursively$6(NodeTestTask.java:155)\\r\\n        at org.junit.platform.engine.support.hierarchical.ThrowableCollector.execute(ThrowableCollector.java:73)\\r\\n        at org.junit.platform.engine.support.hierarchical.NodeTestTask.lambda$executeRecursively$8(NodeTestTask.java:141)\\r\\n        at org.junit.platform.engine.support.hierarchical.Node.around(Node.java:137)\\r\\n        at org.junit.platform.engine.support.hierarchical.NodeTestTask.lambda$executeRecursively$9(NodeTestTask.java:139)\\r\\n        at org.junit.platform.engine.support.hierarchical.ThrowableCollector.execute(ThrowableCollector.java:73)\\r\\n        at org.junit.platform.engine.support.hierarchical.NodeTestTask.executeRecursively(NodeTestTask.java:138)\\r\\n        at org.junit.platform.engine.support.hierarchical.NodeTestTask.execute(NodeTestTask.java:95)\\r\\n        at org.junit.platform.engine.support.hierarchical.SameThreadHierarchicalTestExecutorService.submit(SameThreadHierarchicalTestExecutorService.java:35)\\r\\n        at org.junit.platform.engine.support.hierarchical.HierarchicalTestExecutor.execute(HierarchicalTestExecutor.java:57)\\r\\n        at org.junit.platform.engine.support.hierarchical.HierarchicalTestEngine.execute(HierarchicalTestEngine.java:54)\\r\\n        at org.junit.platform.launcher.core.EngineExecutionOrchestrator.execute(EngineExecutionOrchestrator.java:107)\\r\\n        at org.junit.platform.launcher.core.EngineExecutionOrchestrator.execute(EngineExecutionOrchestrator.java:88)\\r\\n        at org.junit.platform.launcher.core.EngineExecutionOrchestrator.lambda$execute$0(EngineExecutionOrchestrator.java:54)\\r\\n        at org.junit.platform.launcher.core.EngineExecutionOrchestrator.withInterceptedStreams(EngineExecutionOrchestrator.java:67)\\r\\n        at org.junit.platform.launcher.core.EngineExecutionOrchestrator.execute(EngineExecutionOrchestrator.java:52)\\r\\n        at org.junit.platform.launcher.core.DefaultLauncher.execute(DefaultLauncher.java:114)\\r\\n        at org.junit.platform.launcher.core.DefaultLauncher.execute(DefaultLauncher.java:86)\\r\\n        at org.junit.platform.launcher.core.DefaultLauncherSession$DelegatingLauncher.execute(DefaultLauncherSession.java:86)\\r\\n        at org.gradle.api.internal.tasks.testing.junitplatform.JUnitPlatformTestClassProcessor$CollectAllTestClassesExecutor.processAllTestClasses(JUnitPlatformTestClassProcessor.java:119)\\r\\n        at org.gradle.api.internal.tasks.testing.junitplatform.JUnitPlatformTestClassProcessor$CollectAllTestClassesExecutor.access$000(JUnitPlatformTestClassProcessor.java:94)\\r\\n        at org.gradle.api.internal.tasks.testing.junitplatform.JUnitPlatformTestClassProcessor.stop(JUnitPlatformTestClassProcessor.java:89)\\r\\n        at org.gradle.api.internal.tasks.testing.SuiteTestClassProcessor.stop(SuiteTestClassProcessor.java:62)\\r\\n        at java.base/jdk.internal.reflect.NativeMethodAccessorImpl.invoke0(Native Method)\\r\\n        at java.base/jdk.internal.reflect.NativeMethodAccessorImpl.invoke(NativeMethodAccessorImpl.java:77)\\r\\n        at java.base/jdk.internal.reflect.DelegatingMethodAccessorImpl.invoke(DelegatingMethodAccessorImpl.java:43)\\r\\n        at java.base/java.lang.reflect.Method.invoke(Method.java:569)\\r\\n        at org.gradle.internal.dispatch.ReflectionDispatch.dispatch(ReflectionDispatch.java:36)\\r\\n        at org.gradle.internal.dispatch.ReflectionDispatch.dispatch(ReflectionDispatch.java:24)\\r\\n        at org.gradle.internal.dispatch.ContextClassLoaderDispatch.dispatch(ContextClassLoaderDispatch.java:33)\\r\\n        at org.gradle.internal.dispatch.ProxyDispatchAdapter$DispatchingInvocationHandler.invoke(ProxyDispatchAdapter.java:94)\\r\\n\\n[...4 lines omitted...]\\n\\n        at org.gradle.api.internal.tasks.testing.worker.TestWorker.execute(TestWorker.java:60)\\r\\n        at org.gradle.process.internal.worker.child.ActionExecutionWorker.execute(ActionExecutionWorker.java:56)\\r\\n        at org.gradle.process.internal.worker.child.SystemApplicationClassLoaderWorker.call(SystemApplicationClassLoaderWorker.java:113)\\r\\n        at org.gradle.process.internal.worker.child.SystemApplicationClassLoaderWorker.call(SystemApplicationClassLoaderWorker.java:65)\\r\\n        at worker.org.gradle.process.internal.worker.GradleWorkerMain.run(GradleWorkerMain.java:69)\\r\\n        at worker.org.gradle.process.internal.worker.GradleWorkerMain.main(GradleWorkerMain.java:74)\\r\\n        at java.base@17.0.14/jdk.internal.reflect.NativeConstructorAccessorImpl.newInstance0(Native Method)\\r\\n        at java.base@17.0.14/jdk.internal.reflect.NativeConstructorAccessorImpl.newInstance(NativeConstructorAccessorImpl.java:77)\\r\\n        at java.base@17.0.14/jdk.internal.reflect.DelegatingConstructorAccessorImpl.newInstance(DelegatingConstructorAccessorImpl.java:45)\\r\\n        at java.base@17.0.14/java.lang.reflect.Constructor.newInstanceWithCaller(Constructor.java:500)\\r\\n        at app//PovTest.testPathWhenSourceDoesNotExist(PovTest.java:216)\\r\\n\\r\\nPovTest > testFromPovGivenTreeWithNewRootDeeplyNested() FAILED\\r\\n    java.lang.UnsupportedOperationException: Please implement the Pov.fromPov() method.\\r\\n        at Tree.fromPov(Tree.java:48)\\r\\n        at PovTest.testFromPovGivenTreeWithNewRootDeeplyNested(PovTest.java:61)\\r\\n\\r\\nPovTest > testPathToCanFindPathFromNodesOtherThanX() FAILED\\r\\n    java.lang.UnsupportedOperationException: Please implement the Pov.pathTo() method.\\r\\n        at Tree.pathTo(Tree.java:52)\\r\\n        at PovTest.testPathToCanFindPathFromNodesOtherThanX(PovTest.java:188)\\r\\n\\r\\nPovTest > testFromPovGivenTreeWithParentAndOneSibling() FAILED\\r\\n    java.lang.UnsupportedOperationException: Please implement the Pov.fromPov() method.\\r\\n        at Tree.fromPov(Tree.java:48)\\r\\n        at PovTest.testFromPovGivenTreeWithParentAndOneSibling(PovTest.java:27)\\r\\n\\r\\nPovTest > testFromPovGivenNonExistentTargetInLargeTree() FAILED\\r\\n    org.opentest4j.AssertionFailedError: \\r\\n    Expecting message to be:\\r\\n      \\\"Tree could not be reoriented\\\"\\r\\n    but was:\\r\\n      \\\"Please implement the Pov.fromPov() method.\\\"\\r\\n\\r\\n    Throwable that failed the check:\\r\\n\\r\\n    java.lang.UnsupportedOperationException: Please implement the Pov.fromPov() method.\\r\\n        at Tree.fromPov(Tree.java:48)\\r\\n        at PovTest.lambda$testFromPovGivenNonExistentTargetInLargeTree$1(PovTest.java:124)\\r\\n        at org.assertj.core.api.ThrowableAssert.catchThrowable(ThrowableAssert.java:63)\\r\\n        at org.assertj.core.api.ThrowableTypeAssert.isThrownBy(ThrowableTypeAssert.java:59)\\r\\n        at PovTest.testFromPovGivenNonExistentTargetInLargeTree(PovTest.java:124)\\r\\n        at java.base/jdk.internal.reflect.NativeMethodAccessorImpl.invoke0(Native Method)\\r\\n        at java.base/jdk.internal.reflect.NativeMethodAccessorImpl.invoke(NativeMethodAccessorImpl.java:77)\\r\\n        at java.base/jdk.internal.reflect.DelegatingMethodAccessorImpl.invoke(DelegatingMethodAccessorImpl.java:43)\\r\\n        at java.base/java.lang.reflect.Method.invoke(Method.java:569)\\r\\n        at org.junit.platform.commons.util.ReflectionUtils.invokeMethod(ReflectionUtils.java:728)\\r\\n        at org.junit.jupiter.engine.execution.MethodInvocation.proceed(MethodInvocation.java:60)\\r\\n        at org.junit.jupiter.engine.execution.InvocationInterceptorChain$ValidatingInvocation.proceed(InvocationInterceptorChain.java:131)\\r\\n        at org.junit.jupiter.engine.extension.TimeoutExtension.intercept(TimeoutExtension.java:156)\\r\\n        at org.junit.jupiter.engine.extension.TimeoutExtension.interceptTestableMethod(TimeoutExtension.java:147)\\r\\n        at org.junit.jupiter.engine.extension.TimeoutExtension.interceptTestMethod(TimeoutExtension.java:86)\\r\\n        at org.junit.jupiter.engine.execution.InterceptingExecutableInvoker$ReflectiveInterceptorCall.lambda$ofVoidMethod$0(InterceptingExecutableInvoker.java:103)\\r\\n        at org.junit.jupiter.engine.execution.InterceptingExecutableInvoker.lambda$invoke$0(InterceptingExecutableInvoker.java:93)\\r\\n        at org.junit.jupiter.engine.execution.InvocationInterceptorChain$InterceptedInvocation.proceed(InvocationInterceptorChain.java:106)\\r\\n        at org.junit.jupiter.engine.execution.InvocationInterceptorChain.proceed(InvocationInterceptorChain.java:64)\\r\\n        at org.junit.jupiter.engine.execution.InvocationInterceptorChain.chainAndInvoke(InvocationInterceptorChain.java:45)\\r\\n        at org.junit.jupiter.engine.execution.InvocationInterceptorChain.invoke(InvocationInterceptorChain.java:37)\\r\\n        at org.junit.jupiter.engine.execution.InterceptingExecutableInvoker.invoke(InterceptingExecutableInvoker.java:92)\\r\\n        at org.junit.jupiter.engine.execution.InterceptingExecutableInvoker.invoke(InterceptingExecutableInvoker.java:86)\\r\\n        at org.junit.jupiter.engine.descriptor.TestMethodTestDescriptor.lambda$invokeTestMethod$7(TestMethodTestDescriptor.java:218)\\r\\n        at org.junit.platform.engine.support.hierarchical.ThrowableCollector.execute(ThrowableCollector.java:73)\\r\\n        at org.junit.jupiter.engine.descriptor.TestMethodTestDescriptor.invokeTestMethod(TestMethodTestDescriptor.java:214)\\r\\n        at org.junit.jupiter.engine.descriptor.TestMethodTestDescriptor.execute(TestMethodTestDescriptor.java:139)\\r\\n        at org.junit.jupiter.engine.descriptor.TestMethodTestDescriptor.execute(TestMethodTestDescriptor.java:69)\\r\\n        at org.junit.platform.engine.support.hierarchical.NodeTestTask.lambda$executeRecursively$6(NodeTestTask.java:151)\\r\\n        at org.junit.platform.engine.support.hierarchical.ThrowableCollector.execute(ThrowableCollector.java:73)\\r\\n        at org.junit.platform.engine.support.hierarchical.NodeTestTask.lambda$executeRecursively$8(NodeTestTask.java:141)\\r\\n        at org.junit.platform.engine.support.hierarchical.Node.around(Node.java:137)\\r\\n        at org.junit.platform.engine.support.hierarchical.NodeTestTask.lambda$executeRecursively$9(NodeTestTask.java:139)\\r\\n        at org.junit.platform.engine.support.hierarchical.ThrowableCollector.execute(ThrowableCollector.java:73)\\r\\n        at org.junit.platform.engine.support.hierarchical.NodeTestTask.executeRecursively(NodeTestTask.java:138)\\r\\n        at org.junit.platform.engine.support.hierarchical.NodeTestTask.execute(NodeTestTask.java:95)\\r\\n        at java.base/java.util.ArrayList.forEach(ArrayList.java:1511)\\r\\n        at org.junit.platform.engine.support.hierarchical.SameThreadHierarchicalTestExecutorService.invokeAll(SameThreadHierarchicalTestExecutorService.java:41)\\r\\n        at org.junit.platform.engine.support.hierarchical.NodeTestTask.lambda$executeRecursively$6(NodeTestTask.java:155)\\r\\n        at org.junit.platform.engine.support.hierarchical.ThrowableCollector.execute(ThrowableCollector.java:73)\\r\\n        at org.junit.platform.engine.support.hierarchical.NodeTestTask.lambda$executeRecursively$8(NodeTestTask.java:141)\\r\\n        at org.junit.platform.engine.support.hierarchical.Node.around(Node.java:137)\\r\\n        at org.junit.platform.engine.support.hierarchical.NodeTestTask.lambda$executeRecursively$9(NodeTestTask.java:139)\\r\\n        at org.junit.platform.engine.support.hierarchical.ThrowableCollector.execute(ThrowableCollector.java:73)\\r\\n        at org.junit.platform.engine.support.hierarchical.NodeTestTask.executeRecursively(NodeTestTask.java:138)\\r\\n        at org.junit.platform.engine.support.hierarchical.NodeTestTask.execute(NodeTestTask.java:95)\\r\\n        at java.base/java.util.ArrayList.forEach(ArrayList.java:1511)\\r\\n        at org.junit.platform.engine.support.hierarchical.SameThreadHierarchicalTestExecutorService.invokeAll(SameThreadHierarchicalTestExecutorService.java:41)\\r\\n        at org.junit.platform.engine.support.hierarchical.NodeTestTask.lambda$executeRecursively$6(NodeTestTask.java:155)\\r\\n        at org.junit.platform.engine.support.hierarchical.ThrowableCollector.execute(ThrowableCollector.java:73)\\r\\n        at org.junit.platform.engine.support.hierarchical.NodeTestTask.lambda$executeRecursively$8(NodeTestTask.java:141)\\r\\n        at org.junit.platform.engine.support.hierarchical.Node.around(Node.java:137)\\r\\n        at org.junit.platform.engine.support.hierarchical.NodeTestTask.lambda$executeRecursively$9(NodeTestTask.java:139)\\r\\n        at org.junit.platform.engine.support.hierarchical.ThrowableCollector.execute(ThrowableCollector.java:73)\\r\\n        at org.junit.platform.engine.support.hierarchical.NodeTestTask.executeRecursively(NodeTestTask.java:138)\\r\\n        at org.junit.platform.engine.support.hierarchical.NodeTestTask.execute(NodeTestTask.java:95)\\r\\n        at org.junit.platform.engine.support.hierarchical.SameThreadHierarchicalTestExecutorService.submit(SameThreadHierarchicalTestExecutorService.java:35)\\r\\n        at org.junit.platform.engine.support.hierarchical.HierarchicalTestExecutor.execute(HierarchicalTestExecutor.java:57)\\r\\n        at org.junit.platform.engine.support.hierarchical.HierarchicalTestEngine.execute(HierarchicalTestEngine.java:54)\\r\\n        at org.junit.platform.launcher.core.EngineExecutionOrchestrator.execute(EngineExecutionOrchestrator.java:107)\\r\\n        at org.junit.platform.launcher.core.EngineExecutionOrchestrator.execute(EngineExecutionOrchestrator.java:88)\\r\\n        at org.junit.platform.launcher.core.EngineExecutionOrchestrator.lambda$execute$0(EngineExecutionOrchestrator.java:54)\\r\\n        at org.junit.platform.launcher.core.EngineExecutionOrchestrator.withInterceptedStreams(EngineExecutionOrchestrator.java:67)\\r\\n        at org.junit.platform.launcher.core.EngineExecutionOrchestrator.execute(EngineExecutionOrchestrator.java:52)\\r\\n        at org.junit.platform.launcher.core.DefaultLauncher.execute(DefaultLauncher.java:114)\\r\\n        at org.junit.platform.launcher.core.DefaultLauncher.execute(DefaultLauncher.java:86)\\r\\n        at org.junit.platform.launcher.core.DefaultLauncherSession$DelegatingLauncher.execute(DefaultLauncherSession.java:86)\\r\\n        at org.gradle.api.internal.tasks.testing.junitplatform.JUnitPlatformTestClassProcessor$CollectAllTestClassesExecutor.processAllTestClasses(JUnitPlatformTestClassProcessor.java:119)\\r\\n        at org.gradle.api.internal.tasks.testing.junitplatform.JUnitPlatformTestClassProcessor$CollectAllTestClassesExecutor.access$000(JUnitPlatformTestClassProcessor.java:94)\\r\\n        at org.gradle.api.internal.tasks.testing.junitplatform.JUnitPlatformTestClassProcessor.stop(JUnitPlatformTestClassProcessor.java:89)\\r\\n        at org.gradle.api.internal.tasks.testing.SuiteTestClassProcessor.stop(SuiteTestClassProcessor.java:62)\\r\\n        at java.base/jdk.internal.reflect.NativeMethodAccessorImpl.invoke0(Native Method)\\r\\n        at java.base/jdk.internal.reflect.NativeMethodAccessorImpl.invoke(NativeMethodAccessorImpl.java:77)\\r\\n        at java.base/jdk.internal.reflect.DelegatingMethodAccessorImpl.invoke(DelegatingMethodAccessorImpl.java:43)\\r\\n        at java.base/java.lang.reflect.Method.invoke(Method.java:569)\\r\\n        at org.gradle.internal.dispatch.ReflectionDispatch.dispatch(ReflectionDispatch.java:36)\\r\\n        at org.gradle.internal.dispatch.ReflectionDispatch.dispatch(ReflectionDispatch.java:24)\\r\\n        at org.gradle.internal.dispatch.ContextClassLoaderDispatch.dispatch(ContextClassLoaderDispatch.java:33)\\r\\n        at org.gradle.internal.dispatch.ProxyDispatchAdapter$DispatchingInvocationHandler.invoke(ProxyDispatchAdapter.java:94)\\r\\n        at jdk.proxy1/jdk.proxy1.$Proxy2.stop(Unknown Source)\\r\\n        at org.gradle.api.internal.tasks.testing.worker.TestWorker$3.run(TestWorker.java:193)\\r\\n        at org.gradle.api.internal.tasks.testing.worker.TestWorker.executeAndMaintainThreadName(TestWorker.java:129)\\r\\n        at org.gradle.api.internal.tasks.testing.worker.TestWorker.execute(TestWorker.java:100)\\r\\n        at org.gradle.api.internal.tasks.testing.worker.TestWorker.execute(TestWorker.java:60)\\r\\n        at org.gradle.process.internal.worker.child.ActionExecutionWorker.execute(ActionExecutionWorker.java:56)\\r\\n        at org.gradle.process.internal.worker.child.SystemApplicationClassLoaderWorker.call(SystemApplicationClassLoaderWorker.java:113)\\r\\n        at org.gradle.process.internal.worker.child.SystemApplicationClassLoaderWorker.call(SystemApplicationClassLoaderWorker.java:65)\\r\\n        at worker.org.gradle.process.internal.worker.GradleWorkerMain.run(GradleWorkerMain.java:69)\\r\\n        at worker.org.gradle.process.internal.worker.GradleWorkerMain.main(GradleWorkerMain.java:74)\\r\\n        at java.base@17.0.14/jdk.internal.reflect.NativeConstructorAccessorImpl.newInstance0(Native Method)\\r\\n        at java.base@17.0.14/jdk.internal.reflect.NativeConstructorAccessorImpl.newInstance(NativeConstructorAccessorImpl.java:77)\\r\\n        at java.base@17.0.14/jdk.internal.reflect.DelegatingConstructorAccessorImpl.newInstance(DelegatingConstructorAccessorImpl.java:45)\\r\\n        at java.base@17.0.14/java.lang.reflect.Constructor.newInstanceWithCaller(Constructor.java:500)\\r\\n        at app//PovTest.testFromPovGivenNonExistentTargetInLargeTree(PovTest.java:125)\\r\\n\\r\\nPovTest > testPathToCanFindPathToCousin() FAILED\\r\\n    java.lang.UnsupportedOperationException: Please implement the Pov.pathTo() method.\\r\\n        at Tree.pathTo(Tree.java:52)\\r\\n        at PovTest.testPathToCanFindPathToCousin(PovTest.java:164)\\r\\n\\r\\nPovTest > testFromPovGivenTreeWithParentAndManySibling() FAILED\\r\\n    java.lang.UnsupportedOperationException: Please implement the Pov.fromPov() method.\\r\\n        at Tree.fromPov(Tree.java:48)\\r\\n        at PovTest.testFromPovGivenTreeWithParentAndManySibling(PovTest.java:44)\\r\\n\\r\\nPovTest > testPathToCanFindPathToParent() FAILED\\r\\n    java.lang.UnsupportedOperationException: Please implement the Pov.pathTo() method.\\r\\n        at Tree.pathTo(Tree.java:52)\\r\\n        at PovTest.testPathToCanFindPathToParent(PovTest.java:135)\\r\\n\\r\\nPovTest > testFromPovGivenNonExistentTargetInSingletonTree() FAILED\\r\\n    org.opentest4j.AssertionFailedError: \\r\\n    Expecting message to be:\\r\\n      \\\"Tree could not be reoriented\\\"\\r\\n    but was:\\r\\n      \\\"Please implement the Pov.fromPov() method.\\\"\\r\\n\\r\\n    Throwable that failed the check:\\r\\n\\r\\n    java.lang.UnsupportedOperationException: Please implement the Pov.fromPov() method.\\r\\n        at Tree.fromPov(Tree.java:48)\\r\\n        at PovTest.lambda$testFromPovGivenNonExistentTargetInSingletonTree$0(PovTest.java:110)\\r\\n        at org.assertj.core.api.ThrowableAssert.catchThrowable(ThrowableAssert.java:63)\\r\\n        at org.assertj.core.api.ThrowableTypeAssert.isThrownBy(ThrowableTypeAssert.java:59)\\r\\n        at PovTest.testFromPovGivenNonExistentTargetInSingletonTree(PovTest.java:110)\\r\\n        at java.base/jdk.internal.reflect.NativeMethodAccessorImpl.invoke0(Native Method)\\r\\n        at java.base/jdk.internal.reflect.NativeMethodAccessorImpl.invoke(NativeMethodAccessorImpl.java:77)\\r\\n        at java.base/jdk.internal.reflect.DelegatingMethodAccessorImpl.invoke(DelegatingMethodAccessorImpl.java:43)\\r\\n        at java.base/java.lang.reflect.Method.invoke(Method.java:569)\\r\\n        at org.junit.platform.commons.util.ReflectionUtils.invokeMethod(ReflectionUtils.java:728)\\r\\n        at org.junit.jupiter.engine.execution.MethodInvocation.proceed(MethodInvocation.java:60)\\r\\n        at org.junit.jupiter.engine.execution.InvocationInterceptorChain$ValidatingInvocation.proceed(InvocationInterceptorChain.java:131)\\r\\n        at org.junit.jupiter.engine.extension.TimeoutExtension.intercept(TimeoutExtension.java:156)\\r\\n        at org.junit.jupiter.engine.extension.TimeoutExtension.interceptTestableMethod(TimeoutExtension.java:147)\\r\\n        at org.junit.jupiter.engine.extension.TimeoutExtension.interceptTestMethod(TimeoutExtension.java:86)\\r\\n        at org.junit.jupiter.engine.execution.InterceptingExecutableInvoker$ReflectiveInterceptorCall.lambda$ofVoidMethod$0(InterceptingExecutableInvoker.java:103)\\r\\n        at org.junit.jupiter.engine.execution.InterceptingExecutableInvoker.lambda$invoke$0(InterceptingExecutableInvoker.java:93)\\r\\n        at org.junit.jupiter.engine.execution.InvocationInterceptorChain$InterceptedInvocation.proceed(InvocationInterceptorChain.java:106)\\r\\n        at org.junit.jupiter.engine.execution.InvocationInterceptorChain.proceed(InvocationInterceptorChain.java:64)\\r\\n        at org.junit.jupiter.engine.execution.InvocationInterceptorChain.chainAndInvoke(InvocationInterceptorChain.java:45)\\r\\n        at org.junit.jupiter.engine.execution.InvocationInterceptorChain.invoke(InvocationInterceptorChain.java:37)\\r\\n        at org.junit.jupiter.engine.execution.InterceptingExecutableInvoker.invoke(InterceptingExecutableInvoker.java:92)\\r\\n        at org.junit.jupiter.engine.execution.InterceptingExecutableInvoker.invoke(InterceptingExecutableInvoker.java:86)\\r\\n        at org.junit.jupiter.engine.descriptor.TestMethodTestDescriptor.lambda$invokeTestMethod$7(TestMethodTestDescriptor.java:218)\\r\\n        at org.junit.platform.engine.support.hierarchical.ThrowableCollector.execute(ThrowableCollector.java:73)\\r\\n        at org.junit.jupiter.engine.descriptor.TestMethodTestDescriptor.invokeTestMethod(TestMethodTestDescriptor.java:214)\\r\\n        at org.junit.jupiter.engine.descriptor.TestMethodTestDescriptor.execute(TestMethodTestDescriptor.java:139)\\r\\n        at org.junit.jupiter.engine.descriptor.TestMethodTestDescriptor.execute(TestMethodTestDescriptor.java:69)\\r\\n        at org.junit.platform.engine.support.hierarchical.NodeTestTask.lambda$executeRecursively$6(NodeTestTask.java:151)\\r\\n        at org.junit.platform.engine.support.hierarchical.ThrowableCollector.execute(ThrowableCollector.java:73)\\r\\n        at org.junit.platform.engine.support.hierarchical.NodeTestTask.lambda$executeRecursively$8(NodeTestTask.java:141)\\r\\n        at org.junit.platform.engine.support.hierarchical.Node.around(Node.java:137)\\r\\n        at org.junit.platform.engine.support.hierarchical.NodeTestTask.lambda$executeRecursively$9(NodeTestTask.java:139)\\r\\n        at org.junit.platform.engine.support.hierarchical.ThrowableCollector.execute(ThrowableCollector.java:73)\\r\\n        at org.junit.platform.engine.support.hierarchical.NodeTestTask.executeRecursively(NodeTestTask.java:138)\\r\\n        at org.junit.platform.engine.support.hierarchical.NodeTestTask.execute(NodeTestTask.java:95)\\r\\n        at java.base/java.util.ArrayList.forEach(ArrayList.java:1511)\\r\\n        at org.junit.platform.engine.support.hierarchical.SameThreadHierarchicalTestExecutorService.invokeAll(SameThreadHierarchicalTestExecutorService.java:41)\\r\\n        at org.junit.platform.engine.support.hierarchical.NodeTestTask.lambda$executeRecursively$6(NodeTestTask.java:155)\\r\\n        at org.junit.platform.engine.support.hierarchical.ThrowableCollector.execute(ThrowableCollector.java:73)\\r\\n        at org.junit.platform.engine.support.hierarchical.NodeTestTask.lambda$executeRecursively$8(NodeTestTask.java:141)\\r\\n        at org.junit.platform.engine.support.hierarchical.Node.around(Node.java:137)\\r\\n        at org.junit.platform.engine.support.hierarchical.NodeTestTask.lambda$executeRecursively$9(NodeTestTask.java:139)\\r\\n        at org.junit.platform.engine.support.hierarchical.ThrowableCollector.execute(ThrowableCollector.java:73)\\r\\n        at org.junit.platform.engine.support.hierarchical.NodeTestTask.executeRecursively(NodeTestTask.java:138)\\r\\n        at org.junit.platform.engine.support.hierarchical.NodeTestTask.execute(NodeTestTask.java:95)\\r\\n        at java.base/java.util.ArrayList.forEach(ArrayList.java:1511)\\r\\n        at org.junit.platform.engine.support.hierarchical.SameThreadHierarchicalTestExecutorService.invokeAll(SameThreadHierarchicalTestExecutorService.java:41)\\r\\n        at org.junit.platform.engine.support.hierarchical.NodeTestTask.lambda$executeRecursively$6(NodeTestTask.java:155)\\r\\n        at org.junit.platform.engine.support.hierarchical.ThrowableCollector.execute(ThrowableCollector.java:73)\\r\\n        at org.junit.platform.engine.support.hierarchical.NodeTestTask.lambda$executeRecursively$8(NodeTestTask.java:141)\\r\\n        at org.junit.platform.engine.support.hierarchical.Node.around(Node.java:137)\\r\\n        at org.junit.platform.engine.support.hierarchical.NodeTestTask.lambda$executeRecursively$9(NodeTestTask.java:139)\\r\\n        at org.junit.platform.engine.support.hierarchical.ThrowableCollector.execute(ThrowableCollector.java:73)\\r\\n        at org.junit.platform.engine.support.hierarchical.NodeTestTask.executeRecursively(NodeTestTask.java:138)\\r\\n        at org.junit.platform.engine.support.hierarchical.NodeTestTask.execute(NodeTestTask.java:95)\\r\\n        at org.junit.platform.engine.support.hierarchical.SameThreadHierarchicalTestExecutorService.submit(SameThreadHierarchicalTestExecutorService.java:35)\\r\\n        at org.junit.platform.engine.support.hierarchical.HierarchicalTestExecutor.execute(HierarchicalTestExecutor.java:57)\\r\\n        at org.junit.platform.engine.support.hierarchical.HierarchicalTestEngine.execute(HierarchicalTestEngine.java:54)\\r\\n        at org.junit.platform.launcher.core.EngineExecutionOrchestrator.execute(EngineExecutionOrchestrator.java:107)\\r\\n        at org.junit.platform.launcher.core.EngineExecutionOrchestrator.execute(EngineExecutionOrchestrator.java:88)\\r\\n        at org.junit.platform.launcher.core.EngineExecutionOrchestrator.lambda$execute$0(EngineExecutionOrchestrator.java:54)\\r\\n        at org.junit.platform.launcher.core.EngineExecutionOrchestrator.withInterceptedStreams(EngineExecutionOrchestrator.java:67)\\r\\n        at org.junit.platform.launcher.core.EngineExecutionOrchestrator.execute(EngineExecutionOrchestrator.java:52)\\r\\n        at org.junit.platform.launcher.core.DefaultLauncher.execute(DefaultLauncher.java:114)\\r\\n        at org.junit.platform.launcher.core.DefaultLauncher.execute(DefaultLauncher.java:86)\\r\\n        at org.junit.platform.launcher.core.DefaultLauncherSession$DelegatingLauncher.execute(DefaultLauncherSession.java:86)\\r\\n        at org.gradle.api.internal.tasks.testing.junitplatform.JUnitPlatformTestClassProcessor$CollectAllTestClassesExecutor.processAllTestClasses(JUnitPlatformTestClassProcessor.java:119)\\r\\n        at org.gradle.api.internal.tasks.testing.junitplatform.JUnitPlatformTestClassProcessor$CollectAllTestClassesExecutor.access$000(JUnitPlatformTestClassProcessor.java:94)\\r\\n        at org.gradle.api.internal.tasks.testing.junitplatform.JUnitPlatformTestClassProcessor.stop(JUnitPlatformTestClassProcessor.java:89)\\r\\n        at org.gradle.api.internal.tasks.testing.SuiteTestClassProcessor.stop(SuiteTestClassProcessor.java:62)\\r\\n        at java.base/jdk.internal.reflect.NativeMethodAccessorImpl.invoke0(Native Method)\\r\\n        at java.base/jdk.internal.reflect.NativeMethodAccessorImpl.invoke(NativeMethodAccessorImpl.java:77)\\r\\n        at java.base/jdk.internal.reflect.DelegatingMethodAccessorImpl.invoke(DelegatingMethodAccessorImpl.java:43)\\r\\n        at java.base/java.lang.reflect.Method.invoke(Method.java:569)\\r\\n        at org.gradle.internal.dispatch.ReflectionDispatch.dispatch(ReflectionDispatch.java:36)\\r\\n        at org.gradle.internal.dispatch.ReflectionDispatch.dispatch(ReflectionDispatch.java:24)\\r\\n        at org.gradle.internal.dispatch.ContextClassLoaderDispatch.dispatch(ContextClassLoaderDispatch.java:33)\\r\\n        at org.gradle.internal.dispatch.ProxyDispatchAdapter$DispatchingInvocationHandler.invoke(ProxyDispatchAdapter.java:94)\\r\\n        at jdk.proxy1/jdk.proxy1.$Proxy2.stop(Unknown Source)\\r\\n        at org.gradle.api.internal.tasks.testing.worker.TestWorker$3.run(TestWorker.java:193)\\r\\n        at org.gradle.api.internal.tasks.testing.worker.TestWorker.executeAndMaintainThreadName(TestWorker.java:129)\\r\\n        at org.gradle.api.internal.tasks.testing.worker.TestWorker.execute(TestWorker.java:100)\\r\\n        at org.gradle.api.internal.tasks.testing.worker.TestWorker.execute(TestWorker.java:60)\\r\\n        at org.gradle.process.internal.worker.child.ActionExecutionWorker.execute(ActionExecutionWorker.java:56)\\r\\n        at org.gradle.process.internal.worker.child.SystemApplicationClassLoaderWorker.call(SystemApplicationClassLoaderWorker.java:113)\\r\\n        at org.gradle.process.internal.worker.child.SystemApplicationClassLoaderWorker.call(SystemApplicationClassLoaderWorker.java:65)\\r\\n        at worker.org.gradle.process.internal.worker.GradleWorkerMain.run(GradleWorkerMain.java:69)\\r\\n        at worker.org.gradle.process.internal.worker.GradleWorkerMain.main(GradleWorkerMain.java:74)\\r\\n        at java.base@17.0.14/jdk.internal.reflect.NativeConstructorAccessorImpl.newInstance0(Native Method)\\r\\n        at java.base@17.0.14/jdk.internal.reflect.NativeConstructorAccessorImpl.newInstance(NativeConstructorAccessorImpl.java:77)\\r\\n        at java.base@17.0.14/jdk.internal.reflect.DelegatingConstructorAccessorImpl.newInstance(DelegatingConstructorAccessorImpl.java:45)\\r\\n        at java.base@17.0.14/java.lang.reflect.Constructor.newInstanceWithCaller(Constructor.java:500)\\r\\n        at app//PovTest.testFromPovGivenNonExistentTargetInSingletonTree(PovTest.java:111)\\r\\n\\r\\nPovTest > testPathToCanFindPathNotEnvolvingRoot() FAILED\\r\\n    java.lang.UnsupportedOperationException: Please implement the Pov.pathTo() method.\\r\\n        at Tree.pathTo(Tree.java:52)\\r\\n        at PovTest.testPathToCanFindPathNotEnvolvingRoot(PovTest.java:176)\\r\\n\\r\\nPovTest > testFromPovGivenComplexTreeWithCousins() FAILED\\r\\n    java.lang.UnsupportedOperationException: Please implement the Pov.fromPov() method.\\r\\n        at Tree.fromPov(Tree.java:48)\\r\\n        at PovTest.testFromPovGivenComplexTreeWithCousins(PovTest.java:103)\\r\\n\\r\\nPovTest > testPathWhenDestinationDoesNotExist() FAILED\\r\\n    org.opentest4j.AssertionFailedError: \\r\\n    Expecting message to be:\\r\\n      \\\"No path found\\\"\\r\\n    but was:\\r\\n      \\\"Please implement the Pov.pathTo() method.\\\"\\r\\n\\r\\n    Throwable that failed the check:\\r\\n\\r\\n    java.lang.UnsupportedOperationException: Please implement the Pov.pathTo() method.\\r\\n        at Tree.pathTo(Tree.java:52)\\r\\n        at PovTest.lambda$testPathWhenDestinationDoesNotExist$2(PovTest.java:201)\\r\\n        at org.assertj.core.api.ThrowableAssert.catchThrowable(ThrowableAssert.java:63)\\r\\n        at org.assertj.core.api.ThrowableTypeAssert.isThrownBy(ThrowableTypeAssert.java:59)\\r\\n        at PovTest.testPathWhenDestinationDoesNotExist(PovTest.java:201)\\r\\n        at java.base/jdk.internal.reflect.NativeMethodAccessorImpl.invoke0(Native Method)\\r\\n        at java.base/jdk.internal.reflect.NativeMethodAccessorImpl.invoke(NativeMethodAccessorImpl.java:77)\\r\\n        at java.base/jdk.internal.reflect.DelegatingMethodAccessorImpl.invoke(DelegatingMethodAccessorImpl.java:43)\\r\\n        at java.base/java.lang.reflect.Method.invoke(Method.java:569)\\r\\n        at org.junit.platform.commons.util.ReflectionUtils.invokeMethod(ReflectionUtils.java:728)\\r\\n        at org.junit.jupiter.engine.execution.MethodInvocation.proceed(MethodInvocation.java:60)\\r\\n        at org.junit.jupiter.engine.execution.InvocationInterceptorChain$ValidatingInvocation.proceed(InvocationInterceptorChain.java:131)\\r\\n        at org.junit.jupiter.engine.extension.TimeoutExtension.intercept(TimeoutExtension.java:156)\\r\\n        at org.junit.jupiter.engine.extension.TimeoutExtension.interceptTestableMethod(TimeoutExtension.java:147)\\r\\n        at org.junit.jupiter.engine.extension.TimeoutExtension.interceptTestMethod(TimeoutExtension.java:86)\\r\\n        at org.junit.jupiter.engine.execution.InterceptingExecutableInvoker$ReflectiveInterceptorCall.lambda$ofVoidMethod$0(InterceptingExecutableInvoker.java:103)\\r\\n        at org.junit.jupiter.engine.execution.InterceptingExecutableInvoker.lambda$invoke$0(InterceptingExecutableInvoker.java:93)\\r\\n        at org.junit.jupiter.engine.execution.InvocationInterceptorChain$InterceptedInvocation.proceed(InvocationInterceptorChain.java:106)\\r\\n        at org.junit.jupiter.engine.execution.InvocationInterceptorChain.proceed(InvocationInterceptorChain.java:64)\\r\\n        at org.junit.jupiter.engine.execution.InvocationInterceptorChain.chainAndInvoke(InvocationInterceptorChain.java:45)\\r\\n        at org.junit.jupiter.engine.execution.InvocationInterceptorChain.invoke(InvocationInterceptorChain.java:37)\\r\\n        at org.junit.jupiter.engine.execution.InterceptingExecutableInvoker.invoke(InterceptingExecutableInvoker.java:92)\\r\\n        at org.junit.jupiter.engine.execution.InterceptingExecutableInvoker.invoke(InterceptingExecutableInvoker.java:86)\\r\\n        at org.junit.jupiter.engine.descriptor.TestMethodTestDescriptor.lambda$invokeTestMethod$7(TestMethodTestDescriptor.java:218)\\r\\n        at org.junit.platform.engine.support.hierarchical.ThrowableCollector.execute(ThrowableCollector.java:73)\\r\\n        at org.junit.jupiter.engine.descriptor.TestMethodTestDescriptor.invokeTestMethod(TestMethodTestDescriptor.java:214)\\r\\n        at org.junit.jupiter.engine.descriptor.TestMethodTestDescriptor.execute(TestMethodTestDescriptor.java:139)\\r\\n        at org.junit.jupiter.engine.descriptor.TestMethodTestDescriptor.execute(TestMethodTestDescriptor.java:69)\\r\\n        at org.junit.platform.engine.support.hierarchical.NodeTestTask.lambda$executeRecursively$6(NodeTestTask.java:151)\\r\\n        at org.junit.platform.engine.support.hierarchical.ThrowableCollector.execute(ThrowableCollector.java:73)\\r\\n        at org.junit.platform.engine.support.hierarchical.NodeTestTask.lambda$executeRecursively$8(NodeTestTask.java:141)\\r\\n        at org.junit.platform.engine.support.hierarchical.Node.around(Node.java:137)\\r\\n        at org.junit.platform.engine.support.hierarchical.NodeTestTask.lambda$executeRecursively$9(NodeTestTask.java:139)\\r\\n        at org.junit.platform.engine.support.hierarchical.ThrowableCollector.execute(ThrowableCollector.java:73)\\r\\n        at org.junit.platform.engine.support.hierarchical.NodeTestTask.executeRecursively(NodeTestTask.java:138)\\r\\n        at org.junit.platform.engine.support.hierarchical.NodeTestTask.execute(NodeTestTask.java:95)\\r\\n        at java.base/java.util.ArrayList.forEach(ArrayList.java:1511)\\r\\n        at org.junit.platform.engine.support.hierarchical.SameThreadHierarchicalTestExecutorService.invokeAll(SameThreadHierarchicalTestExecutorService.java:41)\\r\\n        at org.junit.platform.engine.support.hierarchical.NodeTestTask.lambda$executeRecursively$6(NodeTestTask.java:155)\\r\\n        at org.junit.platform.engine.support.hierarchical.ThrowableCollector.execute(ThrowableCollector.java:73)\\r\\n        at org.junit.platform.engine.support.hierarchical.NodeTestTask.lambda$executeRecursively$8(NodeTestTask.java:141)\\r\\n        at org.junit.platform.engine.support.hierarchical.Node.around(Node.java:137)\\r\\n        at org.junit.platform.engine.support.hierarchical.NodeTestTask.lambda$executeRecursively$9(NodeTestTask.java:139)\\r\\n        at org.junit.platform.engine.support.hierarchical.ThrowableCollector.execute(ThrowableCollector.java:73)\\r\\n        at org.junit.platform.engine.support.hierarchical.NodeTestTask.executeRecursively(NodeTestTask.java:138)\\r\\n        at org.junit.platform.engine.support.hierarchical.NodeTestTask.execute(NodeTestTask.java:95)\\r\\n        at java.base/java.util.ArrayList.forEach(ArrayList.java:1511)\\r\\n        at org.junit.platform.engine.support.hierarchical.SameThreadHierarchicalTestExecutorService.invokeAll(SameThreadHierarchicalTestExecutorService.java:41)\\r\\n        at org.junit.platform.engine.support.hierarchical.NodeTestTask.lambda$executeRecursively$6(NodeTestTask.java:155)\\r\\n        at org.junit.platform.engine.support.hierarchical.ThrowableCollector.execute(ThrowableCollector.java:73)\\r\\n        at org.junit.platform.engine.support.hierarchical.NodeTestTask.lambda$executeRecursively$8(NodeTestTask.java:141)\\r\\n        at org.junit.platform.engine.support.hierarchical.Node.around(Node.java:137)\\r\\n        at org.junit.platform.engine.support.hierarchical.NodeTestTask.lambda$executeRecursively$9(NodeTestTask.java:139)\\r\\n        at org.junit.platform.engine.support.hierarchical.ThrowableCollector.execute(ThrowableCollector.java:73)\\r\\n        at org.junit.platform.engine.support.hierarchical.NodeTestTask.executeRecursively(NodeTestTask.java:138)\\r\\n        at org.junit.platform.engine.support.hierarchical.NodeTestTask.execute(NodeTestTask.java:95)\\r\\n        at org.junit.platform.engine.support.hierarchical.SameThreadHierarchicalTestExecutorService.submit(SameThreadHierarchicalTestExecutorService.java:35)\\r\\n        at org.junit.platform.engine.support.hierarchical.HierarchicalTestExecutor.execute(HierarchicalTestExecutor.java:57)\\r\\n        at org.junit.platform.engine.support.hierarchical.HierarchicalTestEngine.execute(HierarchicalTestEngine.java:54)\\r\\n        at org.junit.platform.launcher.core.EngineExecutionOrchestrator.execute(EngineExecutionOrchestrator.java:107)\\r\\n        at org.junit.platform.launcher.core.EngineExecutionOrchestrator.execute(EngineExecutionOrchestrator.java:88)\\r\\n        at org.junit.platform.launcher.core.EngineExecutionOrchestrator.lambda$execute$0(EngineExecutionOrchestrator.java:54)\\r\\n        at org.junit.platform.launcher.core.EngineExecutionOrchestrator.withInterceptedStreams(EngineExecutionOrchestrator.java:67)\\r\\n        at org.junit.platform.launcher.core.EngineExecutionOrchestrator.execute(EngineExecutionOrchestrator.java:52)\\r\\n        at org.junit.platform.launcher.core.DefaultLauncher.execute(DefaultLauncher.java:114)\\r\\n        at org.junit.platform.launcher.core.DefaultLauncher.execute(DefaultLauncher.java:86)\\r\\n        at org.junit.platform.launcher.core.DefaultLauncherSession$DelegatingLauncher.execute(DefaultLauncherSession.java:86)\\r\\n        at org.gradle.api.internal.tasks.testing.junitplatform.JUnitPlatformTestClassProcessor$CollectAllTestClassesExecutor.processAllTestClasses(JUnitPlatformTestClassProcessor.java:119)\\r\\n        at org.gradle.api.internal.tasks.testing.junitplatform.JUnitPlatformTestClassProcessor$CollectAllTestClassesExecutor.access$000(JUnitPlatformTestClassProcessor.java:94)\\r\\n        at org.gradle.api.internal.tasks.testing.junitplatform.JUnitPlatformTestClassProcessor.stop(JUnitPlatformTestClassProcessor.java:89)\\r\\n        at org.gradle.api.internal.tasks.testing.SuiteTestClassProcessor.stop(SuiteTestClassProcessor.java:62)\\r\\n        at java.base/jdk.internal.reflect.NativeMethodAccessorImpl.invoke0(Native Method)\\r\\n        at java.base/jdk.internal.reflect.NativeMethodAccessorImpl.invoke(NativeMethodAccessorImpl.java:77)\\r\\n        at java.base/jdk.internal.reflect.DelegatingMethodAccessorImpl.invoke(DelegatingMethodAccessorImpl.java:43)\\r\\n        at java.base/java.lang.reflect.Method.invoke(Method.java:569)\\r\\n        at org.gradle.internal.dispatch.ReflectionDispatch.dispatch(ReflectionDispatch.java:36)\\r\\n        at org.gradle.internal.dispatch.ReflectionDispatch.dispatch(ReflectionDispatch.java:24)\\r\\n        at org.gradle.internal.dispatch.ContextClassLoaderDispatch.dispatch(ContextClassLoaderDispatch.java:33)\\r\\n        at org.gradle.internal.dispatch.ProxyDispatchAdapter$DispatchingInvocationHandler.invoke(ProxyDispatchAdapter.java:94)\\r\\n        at jdk.proxy1/jdk.proxy1.$Proxy2.stop(Unknown Source)\\r\\n        at org.gradle.api.internal.tasks.testing.worker.TestWorker$3.run(TestWorker.java:193)\\r\\n        at org.gradle.api.internal.tasks.testing.worker.TestWorker.executeAndMaintainThreadName(TestWorker.java:129)\\r\\n        at org.gradle.api.internal.tasks.testing.worker.TestWorker.execute(TestWorker.java:100)\\r\\n        at org.gradle.api.internal.tasks.testing.worker.TestWorker.execute(TestWorker.java:60)\\r\\n        at org.gradle.process.internal.worker.child.ActionExecutionWorker.execute(ActionExecutionWorker.java:56)\\r\\n        at org.gradle.process.internal.worker.child.SystemApplicationClassLoaderWorker.call(SystemApplicationClassLoaderWorker.java:113)\\r\\n        at org.gradle.process.internal.worker.child.SystemApplicationClassLoaderWorker.call(SystemApplicationClassLoaderWorker.java:65)\\r\\n        at worker.org.gradle.process.internal.worker.GradleWorkerMain.run(GradleWorkerMain.java:69)\\r\\n        at worker.org.gradle.process.internal.worker.GradleWorkerMain.main(GradleWorkerMain.java:74)\\r\\n        at java.base@17.0.14/jdk.internal.reflect.NativeConstructorAccessorImpl.newInstance0(Native Method)\\r\\n        at java.base@17.0.14/jdk.internal.reflect.NativeConstructorAccessorImpl.newInstance(NativeConstructorAccessorImpl.java:77)\\r\\n        at java.base@17.0.14/jdk.internal.reflect.DelegatingConstructorAccessorImpl.newInstance(DelegatingConstructorAccessorImpl.java:45)\\r\\n        at java.base@17.0.14/java.lang.reflect.Constructor.newInstanceWithCaller(Constructor.java:500)\\r\\n        at app//PovTest.testPathWhenDestinationDoesNotExist(PovTest.java:202)\\r\\n\\r\\nPovTest > testFromPovGivenMovesChildrenOfNewRootToSameLevelAsFormerParent() FAILED\\r\\n    java.lang.UnsupportedOperationException: Please implement the Pov.fromPov() method.\\r\\n        at Tree.fromPov(Tree.java:48)\\r\\n        at PovTest.testFromPovGivenMovesChildrenOfNewRootToSameLevelAsFormerParent(PovTest.java:76)\\r\\n\\r\\nPovTest > testFromPovGivenSingletonTree() FAILED\\r\\n    java.lang.UnsupportedOperationException: Please implement the Pov.fromPov() method.\\r\\n        at Tree.fromPov(Tree.java:48)\\r\\n        at PovTest.testFromPovGivenSingletonTree(PovTest.java:15)\\r\\n\\r\\n15 tests completed, 15 failed\\r\\n\\r\\nFAILURE: Build failed with an exception.\\r\\n\\r\\n* What went wrong:\\r\\nExecution failed for task ':test'.\\r\\n> There were failing tests. See the report at: file:///Users/cte/Documents/evals/java/pov/build/reports/tests/test/index.html\\r\\n\\r\\n* Try:\\r\\n> Run with --scan to get full insights.\\r\\n\\r\\nDeprecated Gradle features were used in this build, making it incompatible with Gradle 9.0.\\r\\n\\r\\nYou can use '--warning-mode all' to show the individual deprecation warnings and determine if they come from your own scripts or plugins.\\r\\n\\r\\nFor more on this, please refer to https://docs.gradle.org/8.7/userguide/command_line_interface.html#sec:command_line_warnings in the Gradle documentation.\\r\\n\\r\\nBUILD FAILED in 837ms\\r\\n3 actionable tasks: 3 executed\\r\\n\\r\\n\\r\\n\\r\\n<-------------> 0% WAITING> :test > 1 test completed, 1 failed> :test > Executing test PovTest%                                                                                    \\r \\r\\n\\nLoading...\"}"
}
[2025-04-04T04:45:22.062Z] {
  "ts": 1743741921545,
  "type": "say",
  "say": "text",
  "text": "Ah, it seems I forgot the crucial step of actually writing the implemented code to the file. The tests failed because they were still running against the original stubbed methods.\n\nI will now write the implemented code to `src/main/java/Tree.java`.",
  "partial": false
}
[2025-04-04T04:45:36.419Z] {
  "ts": 1743741922338,
  "type": "ask",
  "ask": "tool",
  "text": "{\"tool\":\"editedExistingFile\",\"path\":\"src/main/java/Tree.java\",\"isOutsideWorkspace\":false,\"diff\":\"@@ -1,5 +1,6 @@\\n import java.util.*;\\n+import java.util.stream.Collectors;\\n \\n class Tree {\\n     private final String label;\\n     private final List<Tree> children;\\n@@ -12,8 +13,16 @@\\n         this.label = label;\\n         this.children = children;\\n     }\\n \\n+    public String getLabel() {\\n+        return label;\\n+    }\\n+\\n+    public List<Tree> getChildren() {\\n+        return children;\\n+    }\\n+\\n     public static Tree of(String label) {\\n         return new Tree(label);\\n     }\\n \\n@@ -25,30 +34,152 @@\\n     public boolean equals(Object o) {\\n         if (this == o) return true;\\n         if (o == null || getClass() != o.getClass()) return false;\\n         Tree tree = (Tree) o;\\n+        // Need a more robust comparison that doesn't rely on child order\\n         return label.equals(tree.label)\\n-                && children.size() == tree.children.size()\\n-                && children.containsAll(tree.children)\\n-                && tree.children.containsAll(children);\\n+                && new HashSet<>(children).equals(new HashSet<>(tree.children));\\n     }\\n \\n     @Override\\n     public int hashCode() {\\n-        return Objects.hash(label, children);\\n+        // Hash based on label and a sorted set of children hashes for order independence\\n+        List<Integer> childrenHashes = children.stream()\\n+                                               .map(Tree::hashCode)\\n+                                               .sorted()\\n+                                               .collect(Collectors.toList());\\n+        return Objects.hash(label, childrenHashes);\\n     }\\n \\n+\\n     @Override\\n     public String toString() {\\n         return \\\"Tree{\\\" + label +\\n                 \\\", \\\" + children +\\n                 \\\"}\\\";\\n     }\\n \\n+    // Helper method to build an undirected graph representation (adjacency list)\\n+    private Map<String, Set<String>> buildGraph() {\\n+        Map<String, Set<String>> adj = new HashMap<>();\\n+        Queue<Tree> queue = new LinkedList<>();\\n+        Set<String> visitedNodes = new HashSet<>(); // Keep track of visited nodes to avoid cycles in graph building if any\\n+\\n+        queue.offer(this);\\n+        visitedNodes.add(this.label);\\n+\\n+\\n+        while (!queue.isEmpty()) {\\n+            Tree current = queue.poll();\\n+            adj.putIfAbsent(current.label, new HashSet<>()); // Ensure node exists in adj map\\n+\\n+            for (Tree child : current.children) {\\n+                 if (!visitedNodes.contains(child.label)) { // Process only if not visited\\n+                    adj.putIfAbsent(child.label, new HashSet<>());\\n+                    adj.get(current.label).add(child.label);\\n+                    adj.get(child.label).add(current.label); // Add edge in both directions\\n+                    visitedNodes.add(child.label);\\n+                    queue.offer(child);\\n+                 } else {\\n+                     // If already visited, still ensure the edge exists if the graph allows cycles (though trees shouldn't have them)\\n+                     // For a strict tree, this case might indicate an issue, but we handle it defensively.\\n+                     adj.putIfAbsent(child.label, new HashSet<>());\\n+                     adj.get(current.label).add(child.label);\\n+                     adj.get(child.label).add(current.label);\\n+                 }\\n+            }\\n+        }\\n+        return adj;\\n+    }\\n+\\n+    // Helper method to reconstruct the tree from a given node using BFS\\n+    private Tree reconstructTree(String rootLabel, Map<String, Set<String>> adj) {\\n+        // Check if rootLabel exists in the graph keys\\n+        if (!adj.containsKey(rootLabel)) {\\n+             throw new UnsupportedOperationException(\\\"Tree could not be reoriented\\\");\\n+        }\\n+\\n+        Map<String, Tree> newNodes = new HashMap<>();\\n+        Queue<String> queue = new LinkedList<>();\\n+        Set<String> visited = new HashSet<>();\\n+\\n+        queue.offer(rootLabel);\\n+        visited.add(rootLabel);\\n+        newNodes.put(rootLabel, new Tree(rootLabel));\\n+\\n+        while (!queue.isEmpty()) {\\n+            String currentLabel = queue.poll();\\n+            Tree currentNode = newNodes.get(currentLabel);\\n+\\n+            // Check if currentLabel exists in adj before accessing its neighbors\\n+            if (adj.containsKey(currentLabel)) {\\n+                // Sort neighbors to ensure deterministic child order for equals/hashCode if needed, though HashSet equality handles it.\\n+                List<String> neighbors = new ArrayList<>(adj.get(currentLabel));\\n+                Collections.sort(neighbors); // Optional: for consistent toString/debugging\\n+\\n+                for (String neighborLabel : neighbors) {\\n+                    if (!visited.contains(neighborLabel)) {\\n+                        visited.add(neighborLabel);\\n+                        Tree neighborNode = new Tree(neighborLabel);\\n+                        newNodes.put(neighborLabel, neighborNode);\\n+                        currentNode.children.add(neighborNode); // Add to the children list\\n+                        queue.offer(neighborLabel);\\n+                    }\\n+                }\\n+            }\\n+        }\\n+        // Sort children of the final root node if consistent order is desired\\n+        // Collections.sort(newNodes.get(rootLabel).children, Comparator.comparing(Tree::getLabel)); // Optional\\n+        return newNodes.get(rootLabel);\\n+    }\\n+\\n+\\n     public Tree fromPov(String fromNode) {\\n-        throw new UnsupportedOperationException(\\\"Please implement the Pov.fromPov() method.\\\");\\n+        Map<String, Set<String>> adj = buildGraph();\\n+        // Check specifically if the target node 'fromNode' exists in the graph\\n+        if (!adj.containsKey(fromNode)) {\\n+             throw new UnsupportedOperationException(\\\"Tree could not be reoriented\\\");\\n+        }\\n+        return reconstructTree(fromNode, adj);\\n     }\\n \\n     public List<String> pathTo(String fromNode, String toNode) {\\n-        throw new UnsupportedOperationException(\\\"Please implement the Pov.pathTo() method.\\\");\\n+        Map<String, Set<String>> adj = buildGraph();\\n+\\n+        // Check if both start and end nodes exist in the graph\\n+        if (!adj.containsKey(fromNode) || !adj.containsKey(toNode)) {\\n+            throw new UnsupportedOperationException(\\\"No path found\\\");\\n+        }\\n+\\n+        Queue<List<String>> queue = new LinkedList<>();\\n+        Set<String> visited = new HashSet<>();\\n+\\n+        List<String> initialPath = new ArrayList<>();\\n+        initialPath.add(fromNode);\\n+        queue.offer(initialPath);\\n+        visited.add(fromNode);\\n+\\n+        while (!queue.isEmpty()) {\\n+            List<String> currentPath = queue.poll();\\n+            String lastNode = currentPath.get(currentPath.size() - 1);\\n+\\n+            if (lastNode.equals(toNode)) {\\n+                return currentPath; // Path found\\n+            }\\n+\\n+            // Check if lastNode exists in adj before accessing its neighbors\\n+            if (adj.containsKey(lastNode)) {\\n+                 for (String neighbor : adj.get(lastNode)) {\\n+                    if (!visited.contains(neighbor)) {\\n+                        visited.add(neighbor);\\n+                        List<String> newPath = new ArrayList<>(currentPath);\\n+                        newPath.add(neighbor);\\n+                        queue.offer(newPath);\\n+                    }\\n+                }\\n+            }\\n+        }\\n+\\n+        // If the loop finishes without finding the path (shouldn't happen in a connected tree if both nodes exist)\\n+        throw new UnsupportedOperationException(\\\"No path found\\\");\\n     }\\n-}\\n+}\\n\\\\ No newline at end of file\\n\"}",
  "partial": false
}
[2025-04-04T04:45:36.823Z] {
  "ts": 1743741936791,
  "type": "say",
  "say": "api_req_started",
  "text": "{\"request\":\"[write_to_file for 'src/main/java/Tree.java'] Result:\\n\\nThe content was successfully saved to src/main/java/Tree.java.\\n\\nLoading...\"}"
}
[2025-04-04T04:45:40.311Z] {
  "ts": 1743741939993,
  "type": "say",
  "say": "text",
  "text": "Okay, the code has been written to `src/main/java/Tree.java`.\n\nNow I will run the tests again using `./gradlew test`.",
  "partial": false
}
[2025-04-04T04:45:40.356Z] {
  "ts": 1743741940319,
  "type": "ask",
  "ask": "command",
  "text": "./gradlew test"
}
[2025-04-04T04:45:40.483Z] {
  "ts": 1743741940450,
  "type": "ask",
  "ask": "command_output",
  "text": ""
}
[2025-04-04T04:45:40.842Z] {
  "ts": 1743741940808,
  "type": "ask",
  "ask": "command_output",
  "text": "\r\n"
}
[2025-04-04T04:45:40.949Z] {
  "ts": 1743741940918,
  "type": "ask",
  "ask": "command_output",
  "text": "\r\n"
}
[2025-04-04T04:45:41.242Z] {
  "ts": 1743741941208,
  "type": "ask",
  "ask": "command_output",
  "text": "<=====--------> 42% EXECUTING [111ms]> :compileTestJava<===========--> 85% EXECUTING [207ms]> :test > 0 tests completed<===========--> 85% EXECUTING [309ms]\r\n"
}
[2025-04-04T04:45:41.628Z] {
  "ts": 1743741941588,
  "type": "ask",
  "ask": "command_output",
  "text": "<-------------> 0% WAITING> :test > 0 tests completed> :test > Executing test PovTest%                                                                                    \r \r"
}
[2025-04-04T04:45:41.629Z] {
  "ts": 1743741941587,
  "type": "ask",
  "ask": "command_output",
  "text": "<===========--> 85% EXECUTING [410ms]> :test > Executing test PovTest\r\n> Task :test\r\n\r\nPovTest > testPathToCanFindPathToSibling() PASSED\r\n\r\nPovTest > testPathWhenSourceDoesNotExist() PASSED\r\n\r\nPovTest > testFromPovGivenTreeWithNewRootDeeplyNested() PASSED\r\n\r\nPovTest > testPathToCanFindPathFromNodesOtherThanX() PASSED\r\n\r\nPovTest > testFromPovGivenTreeWithParentAndOneSibling() PASSED\r\n\r\nPovTest > testFromPovGivenNonExistentTargetInLargeTree() PASSED\r\n\r\nPovTest > testPathToCanFindPathToCousin() PASSED\r\n\r\nPovTest > testFromPovGivenTreeWithParentAndManySibling() PASSED\r\n\r\nPovTest > testPathToCanFindPathToParent() PASSED\r\n\r\nPovTest > testFromPovGivenNonExistentTargetInSingletonTree() PASSED\r\n\r\nPovTest > testPathToCanFindPathNotEnvolvingRoot() PASSED\r\n\r\nPovTest > testFromPovGivenComplexTreeWithCousins() PASSED\r\n\r\nPovTest > testPathWhenDestinationDoesNotExist() PASSED\r\n\r\nPovTest > testFromPovGivenMovesChildrenOfNewRootToSameLevelAsFormerParent() PASSED\r\n\r\nPovTest > testFromPovGivenSingletonTree() PASSED\r\n\r\nDeprecated Gradle features were used in this build, making it incompatible with Gradle 9.0.\r\n\r\nYou can use '--warning-mode all' to show the individual deprecation warnings and determine if they come from your own scripts or plugins.\r\n\r\nFor more on this, please refer to https://docs.gradle.org/8.7/userguide/command_line_interface.html#sec:command_line_warnings in the Gradle documentation.\r\n\r\nBUILD SUCCESSFUL in 747ms\r\n3 actionable tasks: 3 executed\r\n\r\n\r\n\r\n"
}
[2025-04-04T04:45:41.685Z] {
  "ts": 1743741941650,
  "type": "say",
  "say": "api_req_started",
  "text": "{\"request\":\"[execute_command for './gradlew test'] Result:\\n\\nCommand executed in terminal 1 within working directory '/Users/cte/Documents/evals/java/pov'. Exit code: 0\\nOutput:\\n\\r\\n\\r\\n<=====--------> 42% EXECUTING [111ms]> :compileTestJava<===========--> 85% EXECUTING [207ms]> :test > 0 tests completed<===========--> 85% EXECUTING [309ms]\\r\\n<===========--> 85% EXECUTING [410ms]> :test > Executing test PovTest\\r\\n> Task :test\\r\\n\\r\\nPovTest > testPathToCanFindPathToSibling() PASSED\\r\\n\\r\\nPovTest > testPathWhenSourceDoesNotExist() PASSED\\r\\n\\r\\nPovTest > testFromPovGivenTreeWithNewRootDeeplyNested() PASSED\\r\\n\\r\\nPovTest > testPathToCanFindPathFromNodesOtherThanX() PASSED\\r\\n\\r\\nPovTest > testFromPovGivenTreeWithParentAndOneSibling() PASSED\\r\\n\\r\\nPovTest > testFromPovGivenNonExistentTargetInLargeTree() PASSED\\r\\n\\r\\nPovTest > testPathToCanFindPathToCousin() PASSED\\r\\n\\r\\nPovTest > testFromPovGivenTreeWithParentAndManySibling() PASSED\\r\\n\\r\\nPovTest > testPathToCanFindPathToParent() PASSED\\r\\n\\r\\nPovTest > testFromPovGivenNonExistentTargetInSingletonTree() PASSED\\r\\n\\r\\nPovTest > testPathToCanFindPathNotEnvolvingRoot() PASSED\\r\\n\\r\\nPovTest > testFromPovGivenComplexTreeWithCousins() PASSED\\r\\n\\r\\nPovTest > testPathWhenDestinationDoesNotExist() PASSED\\r\\n\\r\\nPovTest > testFromPovGivenMovesChildrenOfNewRootToSameLevelAsFormerParent() PASSED\\r\\n\\r\\nPovTest > testFromPovGivenSingletonTree() PASSED\\r\\n\\r\\nDeprecated Gradle features were used in this build, making it incompatible with Gradle 9.0.\\r\\n\\r\\nYou can use '--warning-mode all' to show the individual deprecation warnings and determine if they come from your own scripts or plugins.\\r\\n\\r\\nFor more on this, please refer to https://docs.gradle.org/8.7/userguide/command_line_interface.html#sec:command_line_warnings in the Gradle documentation.\\r\\n\\r\\nBUILD SUCCESSFUL in 747ms\\r\\n3 actionable tasks: 3 executed\\r\\n\\r\\n\\r\\n\\r\\n<-------------> 0% WAITING> :test > 0 tests completed> :test > Executing test PovTest%                                                                                    \\r \\r\\n\\nLoading...\"}"
}
[2025-04-04T04:45:48.407Z] {
  "ts": 1743741947942,
  "type": "say",
  "say": "text",
  "text": "All tests passed successfully. The `fromPov` and `pathTo` methods in `src/main/java/Tree.java` have been implemented according to the requirements, and the solution correctly handles tree re-orientation and path finding.",
  "partial": false
}
[2025-04-04T04:45:49.145Z] taskCompleted -> 837bde7f-203b-4968-bc27-86c0f22975b4 | {
  "totalTokensIn": 141577,
  "totalTokensOut": 6390,
  "totalCacheWrites": 0,
  "totalCacheReads": 0,
  "totalCost": 0,
  "contextTokens": 31027
}
[2025-04-04T04:45:49.158Z] {
  "ts": 1743741948419,
  "type": "say",
  "say": "completion_result",
  "text": "I have successfully implemented the `fromPov` and `pathTo` methods in `src/main/java/Tree.java` as per the exercise description. The implementation builds an adjacency list representation of the tree and uses Breadth-First Search (BFS) to reconstruct the tree from the specified point of view and find the shortest path between nodes. All tests in `PovTest.java` pass, confirming the solution is correct.",
  "partial": false
}
[2025-04-04T04:45:49.198Z] {
  "ts": 1743741949146,
  "type": "ask",
  "ask": "completion_result",
  "text": ""
}
