[2025-04-04T04:46:59.345Z] {
  "ts": 1743742019302,
  "type": "say",
  "say": "text",
  "text": "Your job is to complete a coding exercise described the markdown files inside the `.docs` directory.\n\nA file with the implementation stubbed out has been created for you, along with a test file.\n\nTo successfully complete the exercise, you must pass all the tests in the test file.\n\nTo confirm that your solution is correct, run the tests with `./gradlew test`. Do not alter the test file; it should be run as-is.\n\nDo not use the \"ask_followup_question\" tool.\n"
}
[2025-04-04T04:46:59.373Z] taskStarted -> faf13de1-f7b4-4b83-9796-6a984fca046c
[2025-04-04T04:46:59.414Z] {
  "ts": 1743742019373,
  "type": "say",
  "say": "api_req_started",
  "text": "{\"request\":\"<task>\\nYour job is to complete a coding exercise described the markdown files inside the `.docs` directory.\\n\\nA file with the implementation stubbed out has been created for you, along with a test file.\\n\\nTo successfully complete the exercise, you must pass all the tests in the test file.\\n\\nTo confirm that your solution is correct, run the tests with `./gradlew test`. Do not alter the test file; it should be run as-is.\\n\\nDo not use the \\\"ask_followup_question\\\" tool.\\n\\n</task>\\n\\nLoading...\"}"
}
[2025-04-04T04:47:04.680Z] {
  "ts": 1743742024254,
  "type": "say",
  "say": "text",
  "text": "Okay, I understand the task. I will first look for the exercise description in the `.docs` directory.",
  "partial": false
}
[2025-04-04T04:47:04.818Z] {
  "ts": 1743742024701,
  "type": "ask",
  "ask": "tool",
  "text": "{\"tool\":\"listFilesTopLevel\",\"path\":\".docs\",\"content\":\"instructions.md\"}",
  "partial": false
}
[2025-04-04T04:47:04.941Z] {
  "ts": 1743742024911,
  "type": "say",
  "say": "api_req_started",
  "text": "{\"request\":\"[list_files for '.docs'] Result:\\n\\ninstructions.md\\n\\nLoading...\"}"
}
[2025-04-04T04:47:07.489Z] {
  "ts": 1743742027352,
  "type": "say",
  "say": "text",
  "text": "Okay, I see the `instructions.md` file. I will now read its contents to understand the exercise.",
  "partial": false
}
[2025-04-04T04:47:07.562Z] {
  "ts": 1743742027522,
  "type": "ask",
  "ask": "tool",
  "text": "{\"tool\":\"readFile\",\"path\":\".docs/instructions.md\",\"isOutsideWorkspace\":false,\"content\":\"/Users/cte/Documents/evals/java/satellite/.docs/instructions.md\",\"reason\":\" (max 500 lines)\"}"
}
[2025-04-04T04:47:07.643Z] {
  "ts": 1743742027608,
  "type": "say",
  "say": "api_req_started",
  "text": "{\"request\":\"[read_file for '.docs/instructions.md'] Result:\\n\\n 1 | # Instructions\\n 2 | \\n 3 | Imagine you need to transmit a binary tree to a satellite approaching Alpha Centauri and you have limited bandwidth.\\n 4 | Since the tree has no repeating items it can be uniquely represented by its [pre-order and in-order traversals][wiki].\\n 5 | \\n 6 | Write the software for the satellite to rebuild the tree from the traversals.\\n 7 | \\n 8 | A pre-order traversal reads the value of the current node before (hence \\\"pre\\\") reading the left subtree in pre-order.\\n 9 | Afterwards the right subtree is read in pre-order.\\n10 | \\n11 | An in-order traversal reads the left subtree in-order then the current node and finally the right subtree in-order.\\n12 | So in order from left to right.\\n13 | \\n14 | For example the pre-order traversal of this tree is [a, i, x, f, r].\\n15 | The in-order traversal of this tree is [i, a, f, x, r]\\n16 | \\n17 | ```text\\n18 |   a\\n19 |  / \\\\\\n20 | i   x\\n21 |    / \\\\\\n22 |   f   r\\n23 | ```\\n24 | \\n25 | Note: the first item in the pre-order traversal is always the root.\\n26 | \\n27 | [wiki]: https://en.wikipedia.org/wiki/Tree_traversal\\n28 | \\n\\nLoading...\"}"
}
[2025-04-04T04:47:12.418Z] {
  "ts": 1743742031824,
  "type": "say",
  "say": "text",
  "text": "Okay, I understand the instructions. The goal is to implement the `buildTree` method in `Satellite.java` to reconstruct a binary tree from its pre-order and in-order traversals.\n\nFirst, I need to see the current state of the `Satellite.java` file.",
  "partial": false
}
[2025-04-04T04:47:12.488Z] {
  "ts": 1743742032448,
  "type": "ask",
  "ask": "tool",
  "text": "{\"tool\":\"readFile\",\"path\":\"src/main/java/Satellite.java\",\"isOutsideWorkspace\":false,\"content\":\"/Users/cte/Documents/evals/java/satellite/src/main/java/Satellite.java\",\"reason\":\" (max 500 lines)\"}"
}
[2025-04-04T04:47:12.562Z] {
  "ts": 1743742032534,
  "type": "say",
  "say": "api_req_started",
  "text": "{\"request\":\"[read_file for 'src/main/java/Satellite.java'] Result:\\n\\n1 | import java.util.List;\\n2 | \\n3 | public class Satellite {\\n4 |     public Tree treeFromTraversals(List<Character> preorderInput, List<Character> inorderInput) {\\n5 |         throw new UnsupportedOperationException(\\\"Please implement the Satellite.treeFromTraversals() method.\\\");\\n6 |     }\\n7 | }\\n8 | \\n\\nLoading...\"}"
}
[2025-04-04T04:47:19.482Z] {
  "ts": 1743742038884,
  "type": "say",
  "say": "text",
  "text": "Okay, I see the stubbed-out method. Before implementing the logic, I need to understand the structure of the `Tree` and `Node` classes it uses.\n\nLet's read `Tree.java` first.",
  "partial": false
}
[2025-04-04T04:47:19.649Z] {
  "ts": 1743742039492,
  "type": "ask",
  "ask": "tool",
  "text": "{\"tool\":\"readFile\",\"path\":\"src/main/java/Tree.java\",\"isOutsideWorkspace\":false,\"content\":\"/Users/cte/Documents/evals/java/satellite/src/main/java/Tree.java\",\"reason\":\" (max 500 lines)\"}",
  "partial": false
}
[2025-04-04T04:47:19.823Z] {
  "ts": 1743742039775,
  "type": "say",
  "say": "api_req_started",
  "text": "{\"request\":\"[read_file for 'src/main/java/Tree.java'] Result:\\n\\n 1 | import java.util.function.Consumer;\\n 2 | import java.util.List;\\n 3 | import java.util.ArrayList;\\n 4 | \\n 5 | class Tree {\\n 6 |     private final Node root;\\n 7 | \\n 8 |     public Tree(Node root) {\\n 9 |         this.root = root;\\n10 |     }\\n11 | \\n12 |     public List<Character> inorder() {\\n13 |         List<Character> inorder = new ArrayList<>();\\n14 |         inorder(root, inorder::add);\\n15 |         return inorder;\\n16 |     }\\n17 | \\n18 |     private void inorder(Node node, Consumer<Character> emitter) {\\n19 |         if (node == null) {\\n20 |             return;\\n21 |         }\\n22 |         inorder(node.left, emitter);\\n23 |         emitter.accept(node.value);\\n24 |         inorder(node.right, emitter);\\n25 |     }\\n26 | \\n27 |     public List<Character> preorder() {\\n28 |         List<Character> preorder = new ArrayList<>();\\n29 |         preorder(root, preorder::add);\\n30 |         return preorder;\\n31 |     }\\n32 | \\n33 |     private void preorder(Node node, Consumer<Character> emitter) {\\n34 |         if (node == null) {\\n35 |             return;\\n36 |         }\\n37 |         emitter.accept(node.value);\\n38 |         preorder(node.left, emitter);\\n39 |         preorder(node.right, emitter);\\n40 |     }\\n41 | \\n42 |     public List<Character> postorder() {\\n43 |         List<Character> postorder = new ArrayList<>();\\n44 |         postorder(root, postorder::add);\\n45 |         return postorder;\\n46 |     }\\n47 | \\n48 |     private void postorder(Node node, Consumer<Character> emitter) {\\n49 |         if (node == null) {\\n50 |             return;\\n51 |         }\\n52 |         postorder(node.left, emitter);\\n53 |         postorder(node.right, emitter);\\n54 |         emitter.accept(node.value);\\n55 |     }\\n56 | }\\n57 | \\n\\nLoading...\"}"
}
[2025-04-04T04:47:22.905Z] {
  "ts": 1743742042608,
  "type": "say",
  "say": "text",
  "text": "Okay, the `Tree` class has a `root` node and methods for different traversals. Now I need to see the `Node` class definition.",
  "partial": false
}
[2025-04-04T04:47:22.993Z] {
  "ts": 1743742042939,
  "type": "ask",
  "ask": "tool",
  "text": "{\"tool\":\"readFile\",\"path\":\"src/main/java/Node.java\",\"isOutsideWorkspace\":false,\"content\":\"/Users/cte/Documents/evals/java/satellite/src/main/java/Node.java\",\"reason\":\" (max 500 lines)\"}"
}
[2025-04-04T04:47:23.066Z] {
  "ts": 1743742043035,
  "type": "say",
  "say": "api_req_started",
  "text": "{\"request\":\"[read_file for 'src/main/java/Node.java'] Result:\\n\\n 1 | class Node {\\n 2 |     public final char value;\\n 3 |     public Node left;\\n 4 |     public Node right;\\n 5 | \\n 6 |     public Node(char value) {\\n 7 |         this(value, null, null);\\n 8 |     }\\n 9 | \\n10 |     /** For testing. */\\n11 |     Node(char value, Node left, Node right) {\\n12 |         this.value = value;\\n13 |         this.left = left;\\n14 |         this.right = right;\\n15 |     }\\n16 | }\\n17 | \\n\\nLoading...\"}"
}
[2025-04-04T04:47:39.327Z] {
  "ts": 1743742053436,
  "type": "say",
  "say": "text",
  "text": "Okay, I have the necessary information about the `Tree` and `Node` classes. Now I can implement the `treeFromTraversals` method in `Satellite.java`.\n\nI'll use a recursive helper function that takes sublist boundaries (start and end indices) for both pre-order and in-order lists.\n\n```java\nimport java.util.List;\nimport java.util.HashMap;\nimport java.util.Map;\n\npublic class Satellite {\n\n    // Store inorder indices for quick lookup\n    private Map<Character, Integer> inorderIndexMap;\n\n    public Tree treeFromTraversals(List<Character> preorderInput, List<Character> inorderInput) {\n        if (preorderInput == null || inorderInput == null || preorderInput.isEmpty() || inorderInput.isEmpty() || preorderInput.size() != inorderInput.size()) {\n            // Handle invalid input, perhaps throw an exception or return an empty tree\n            // For this exercise, assuming valid inputs based on instructions.\n            // If lists are empty, the helper will return null, resulting in new Tree(null).\n        }\n\n        // Precompute inorder indices for O(1) lookup\n        inorderIndexMap = new HashMap<>();\n        for (int i = 0; i < inorderInput.size(); i++) {\n            inorderIndexMap.put(inorderInput.get(i), i);\n        }\n\n        Node root = buildTreeHelper(preorderInput, 0, preorderInput.size() - 1, inorderInput, 0, inorderInput.size() - 1);\n        return new Tree(root);\n    }\n\n    private Node buildTreeHelper(List<Character> preorder, int preStart, int preEnd,\n                                 List<Character> inorder, int inStart, int inEnd) {\n\n        // Base case: If the range is invalid, the subtree is empty\n        if (preStart > preEnd || inStart > inEnd) {\n            return null;\n        }\n\n        // The first element in the current preorder range is the root\n        char rootValue = preorder.get(preStart);\n        Node root = new Node(rootValue);\n\n        // Find the root's index in the current inorder range\n        int inorderRootIndex = inorderIndexMap.get(rootValue);\n\n        // Calculate the size of the left subtree\n        int leftSubtreeSize = inorderRootIndex - inStart;\n\n        // Recursively build the left subtree\n        root.left = buildTreeHelper(preorder, preStart + 1, preStart + leftSubtreeSize,\n                                    inorder, inStart, inorderRootIndex - 1);\n\n        // Recursively build the right subtree\n        root.right = buildTreeHelper(preorder, preStart + leftSubtreeSize + 1, preEnd,\n                                     inorder, inorderRootIndex + 1, inEnd);\n\n        return root;\n    }\n}\n```\n\nNow, I will use `write_to_file` to update `src/main/java/Satellite.java` with this implementation.",
  "partial": false
}
[2025-04-04T04:47:45.290Z] {
  "ts": 1743742059459,
  "type": "ask",
  "ask": "tool",
  "text": "{\"tool\":\"editedExistingFile\",\"path\":\"src/main/java/Satellite.java\",\"isOutsideWorkspace\":false,\"diff\":\"@@ -1,7 +1,55 @@\\n import java.util.List;\\n+import java.util.HashMap;\\n+import java.util.Map;\\n \\n public class Satellite {\\n+\\n+    // Store inorder indices for quick lookup\\n+    private Map<Character, Integer> inorderIndexMap;\\n+\\n     public Tree treeFromTraversals(List<Character> preorderInput, List<Character> inorderInput) {\\n-        throw new UnsupportedOperationException(\\\"Please implement the Satellite.treeFromTraversals() method.\\\");\\n+        if (preorderInput == null || inorderInput == null || preorderInput.isEmpty() || inorderInput.isEmpty() || preorderInput.size() != inorderInput.size()) {\\n+            // Handle invalid input, perhaps throw an exception or return an empty tree\\n+            // For this exercise, assuming valid inputs based on instructions.\\n+            // If lists are empty, the helper will return null, resulting in new Tree(null).\\n+        }\\n+\\n+        // Precompute inorder indices for O(1) lookup\\n+        inorderIndexMap = new HashMap<>();\\n+        for (int i = 0; i < inorderInput.size(); i++) {\\n+            inorderIndexMap.put(inorderInput.get(i), i);\\n+        }\\n+\\n+        Node root = buildTreeHelper(preorderInput, 0, preorderInput.size() - 1, inorderInput, 0, inorderInput.size() - 1);\\n+        return new Tree(root);\\n     }\\n-}\\n+\\n+    private Node buildTreeHelper(List<Character> preorder, int preStart, int preEnd,\\n+                                 List<Character> inorder, int inStart, int inEnd) {\\n+\\n+        // Base case: If the range is invalid, the subtree is empty\\n+        if (preStart > preEnd || inStart > inEnd) {\\n+            return null;\\n+        }\\n+\\n+        // The first element in the current preorder range is the root\\n+        char rootValue = preorder.get(preStart);\\n+        Node root = new Node(rootValue);\\n+\\n+        // Find the root's index in the current inorder range\\n+        int inorderRootIndex = inorderIndexMap.get(rootValue);\\n+\\n+        // Calculate the size of the left subtree\\n+        int leftSubtreeSize = inorderRootIndex - inStart;\\n+\\n+        // Recursively build the left subtree\\n+        root.left = buildTreeHelper(preorder, preStart + 1, preStart + leftSubtreeSize,\\n+                                    inorder, inStart, inorderRootIndex - 1);\\n+\\n+        // Recursively build the right subtree\\n+        root.right = buildTreeHelper(preorder, preStart + leftSubtreeSize + 1, preEnd,\\n+                                     inorder, inorderRootIndex + 1, inEnd);\\n+\\n+        return root;\\n+    }\\n+}\\n\\\\ No newline at end of file\\n\"}",
  "partial": false
}
[2025-04-04T04:47:45.823Z] {
  "ts": 1743742065774,
  "type": "say",
  "say": "api_req_started",
  "text": "{\"request\":\"[write_to_file for 'src/main/java/Satellite.java'] Result:\\n\\nThe content was successfully saved to src/main/java/Satellite.java.\\n\\nLoading...\"}"
}
[2025-04-04T04:47:48.381Z] {
  "ts": 1743742067968,
  "type": "say",
  "say": "text",
  "text": "Okay, the file has been updated with the implementation. Now I will run the tests using the provided command to check if the solution is correct.",
  "partial": false
}
[2025-04-04T04:47:48.425Z] {
  "ts": 1743742068388,
  "type": "ask",
  "ask": "command",
  "text": "./gradlew test"
}
[2025-04-04T04:47:50.410Z] {
  "ts": 1743742070380,
  "type": "ask",
  "ask": "command_output",
  "text": ""
}
[2025-04-04T04:47:50.760Z] {
  "ts": 1743742070726,
  "type": "ask",
  "ask": "command_output",
  "text": "\r\n"
}
[2025-04-04T04:47:50.863Z] {
  "ts": 1743742070831,
  "type": "ask",
  "ask": "command_output",
  "text": "\r\n"
}
[2025-04-04T04:47:51.304Z] {
  "ts": 1743742071274,
  "type": "ask",
  "ask": "command_output",
  "text": "<=====--------> 42% EXECUTING [112ms]> :compileTestJava<===========--> 85% EXECUTING [210ms]> :test > 0 tests completed<===========--> 85% EXECUTING [309ms]<===========--> 85% EXECUTING [412ms]<===========--> 85% EXECUTING [512ms]> :test > 9 tests completed, 3 failed\r\n> Task :test FAILED\r\n\r\nSatelliteTest > rejectTraversalsWithRepeatedItems() FAILED\r\n    java.lang.AssertionError: \r\n    Expecting actual throwable to be an instance of:\r\n      java.lang.IllegalArgumentException\r\n    but was:\r\n      java.lang.ArrayIndexOutOfBoundsException: Index 3 out of bounds for length 3\r\n        at java.base/java.util.ImmutableCollections$ListN.get(ImmutableCollections.java:680)\r\n        at Satellite.buildTreeHelper(Satellite.java:36)\r\n        at Satellite.buildTreeHelper(Satellite.java:46)\r\n        ...(91 remaining lines not displayed - this can be changed with Assertions.setMaxStackTraceElementsDisplayed)\r\n        at SatelliteTest.rejectTraversalsWithRepeatedItems(SatelliteTest.java:74)\r\n\r\nSatelliteTest > rejectInconsistentTraversalsOfSameLength() FAILED\r\n    java.lang.AssertionError: \r\n    Expecting actual throwable to be an instance of:\r\n      java.lang.IllegalArgumentException\r\n    but was:\r\n      java.lang.NullPointerException: Cannot invoke \"java.lang.Integer.intValue()\" because the return value of \"java.util.Map.get(Object)\" is null\r\n        at Satellite.buildTreeHelper(Satellite.java:40)\r\n        at Satellite.treeFromTraversals(Satellite.java:23)\r\n        at SatelliteTest.lambda$rejectInconsistentTraversalsOfSameLength$1(SatelliteTest.java:64)\r\n        ...(87 remaining lines not displayed - this can be changed with Assertions.setMaxStackTraceElementsDisplayed)\r\n        at SatelliteTest.rejectInconsistentTraversalsOfSameLength(SatelliteTest.java:64)\r\n\r\nSatelliteTest > emptyTree() PASSED\r\n\r\nSatelliteTest > treeWithOneItem() PASSED\r\n\r\nSatelliteTest > rejectTraversalsOfDifferentLengths() FAILED\r\n    java.lang.AssertionError: \r\n    Expecting code to raise a throwable.\r\n        at SatelliteTest.rejectTraversalsOfDifferentLengths(SatelliteTest.java:53)\r\n\r\nSatelliteTest > treeWithManyItems() PASSED\r\n\r\nTreeTest > preorder() PASSED\r\n\r\nTreeTest > inorder() PASSED\r\n\r\nTreeTest > postorder() PASSED\r\n\r\n9 tests completed, 3 failed\r\n\r\nFAILURE: Build failed with an exception.\r\n\r\n* What went wrong:\r\nExecution failed for task ':test'.\r\n> There were failing tests. See the report at: file:///Users/cte/Documents/evals/java/satellite/build/reports/tests/test/index.html\r\n\r\n* Try:\r\n> Run with --scan to get full insights.\r\n\r\nDeprecated Gradle features were used in this build, making it incompatible with Gradle 9.0.\r\n\r\nYou can use '--warning-mode all' to show the individual deprecation warnings and determine if they come from your own scripts or plugins.\r\n\r\nFor more on this, please refer to https://docs.gradle.org/8.7/userguide/command_line_interface.html#sec:command_line_warnings in the Gradle documentation.\r\n\r\nBUILD FAILED in 812ms\r\n3 actionable tasks: 3 executed\r\n\r\n\r\n"
}
[2025-04-04T04:47:51.652Z] {
  "ts": 1743742071606,
  "type": "ask",
  "ask": "command_output",
  "text": "<-------------> 0% WAITING> :test > 9 tests completed, 3 failed%                                                                                    \r \r"
}
[2025-04-04T04:47:51.707Z] {
  "ts": 1743742071676,
  "type": "say",
  "say": "api_req_started",
  "text": "{\"request\":\"[execute_command for './gradlew test'] Result:\\n\\nCommand executed in terminal 1 within working directory '/Users/cte/Documents/evals/java/satellite'. Command execution was not successful, inspect the cause and adjust as needed.\\nExit code: 1\\nOutput:\\n\\r\\n\\r\\n<=====--------> 42% EXECUTING [112ms]> :compileTestJava<===========--> 85% EXECUTING [210ms]> :test > 0 tests completed<===========--> 85% EXECUTING [309ms]<===========--> 85% EXECUTING [412ms]<===========--> 85% EXECUTING [512ms]> :test > 9 tests completed, 3 failed\\r\\n> Task :test FAILED\\r\\n\\r\\nSatelliteTest > rejectTraversalsWithRepeatedItems() FAILED\\r\\n    java.lang.AssertionError: \\r\\n    Expecting actual throwable to be an instance of:\\r\\n      java.lang.IllegalArgumentException\\r\\n    but was:\\r\\n      java.lang.ArrayIndexOutOfBoundsException: Index 3 out of bounds for length 3\\r\\n        at java.base/java.util.ImmutableCollections$ListN.get(ImmutableCollections.java:680)\\r\\n        at Satellite.buildTreeHelper(Satellite.java:36)\\r\\n        at Satellite.buildTreeHelper(Satellite.java:46)\\r\\n        ...(91 remaining lines not displayed - this can be changed with Assertions.setMaxStackTraceElementsDisplayed)\\r\\n        at SatelliteTest.rejectTraversalsWithRepeatedItems(SatelliteTest.java:74)\\r\\n\\r\\nSatelliteTest > rejectInconsistentTraversalsOfSameLength() FAILED\\r\\n    java.lang.AssertionError: \\r\\n    Expecting actual throwable to be an instance of:\\r\\n      java.lang.IllegalArgumentException\\r\\n    but was:\\r\\n      java.lang.NullPointerException: Cannot invoke \\\"java.lang.Integer.intValue()\\\" because the return value of \\\"java.util.Map.get(Object)\\\" is null\\r\\n        at Satellite.buildTreeHelper(Satellite.java:40)\\r\\n        at Satellite.treeFromTraversals(Satellite.java:23)\\r\\n        at SatelliteTest.lambda$rejectInconsistentTraversalsOfSameLength$1(SatelliteTest.java:64)\\r\\n        ...(87 remaining lines not displayed - this can be changed with Assertions.setMaxStackTraceElementsDisplayed)\\r\\n        at SatelliteTest.rejectInconsistentTraversalsOfSameLength(SatelliteTest.java:64)\\r\\n\\r\\nSatelliteTest > emptyTree() PASSED\\r\\n\\r\\nSatelliteTest > treeWithOneItem() PASSED\\r\\n\\r\\nSatelliteTest > rejectTraversalsOfDifferentLengths() FAILED\\r\\n    java.lang.AssertionError: \\r\\n    Expecting code to raise a throwable.\\r\\n        at SatelliteTest.rejectTraversalsOfDifferentLengths(SatelliteTest.java:53)\\r\\n\\r\\nSatelliteTest > treeWithManyItems() PASSED\\r\\n\\r\\nTreeTest > preorder() PASSED\\r\\n\\r\\nTreeTest > inorder() PASSED\\r\\n\\r\\nTreeTest > postorder() PASSED\\r\\n\\r\\n9 tests completed, 3 failed\\r\\n\\r\\nFAILURE: Build failed with an exception.\\r\\n\\r\\n* What went wrong:\\r\\nExecution failed for task ':test'.\\r\\n> There were failing tests. See the report at: file:///Users/cte/Documents/evals/java/satellite/build/reports/tests/test/index.html\\r\\n\\r\\n* Try:\\r\\n> Run with --scan to get full insights.\\r\\n\\r\\nDeprecated Gradle features were used in this build, making it incompatible with Gradle 9.0.\\r\\n\\r\\nYou can use '--warning-mode all' to show the individual deprecation warnings and determine if they come from your own scripts or plugins.\\r\\n\\r\\nFor more on this, please refer to https://docs.gradle.org/8.7/userguide/command_line_interface.html#sec:command_line_warnings in the Gradle documentation.\\r\\n\\r\\nBUILD FAILED in 812ms\\r\\n3 actionable tasks: 3 executed\\r\\n\\r\\n\\r\\n<-------------> 0% WAITING> :test > 9 tests completed, 3 failed%                                                                                    \\r \\r\\n\\nLoading...\"}"
}
[2025-04-04T04:48:18.016Z] {
  "ts": 1743742088460,
  "type": "say",
  "say": "text",
  "text": "Okay, it seems the tests failed. Let's analyze the errors:\n\n1.  **`rejectTraversalsWithRepeatedItems` Failed:** Expected `IllegalArgumentException` but got `ArrayIndexOutOfBoundsException`. This means the code didn't detect the invalid input (repeated items) and proceeded with the algorithm, leading to an index error.\n2.  **`rejectInconsistentTraversalsOfSameLength` Failed:** Expected `IllegalArgumentException` but got `NullPointerException`. This occurred because an element from the preorder list wasn't found in the `inorderIndexMap`, indicating the lists contain different elements. The code should have thrown an `IllegalArgumentException` earlier.\n3.  **`rejectTraversalsOfDifferentLengths` Failed:** Expected a throwable (`IllegalArgumentException`) but none was thrown. The initial check for list lengths needs to explicitly throw the exception.\n\nI need to add more robust validation at the beginning of the `treeFromTraversals` method to catch these invalid inputs and throw `IllegalArgumentException` as required by the tests. I also need to handle the empty tree case correctly.\n\nHere's the corrected implementation:\n\n```java\nimport java.util.List;\nimport java.util.HashMap;\nimport java.util.HashSet;\nimport java.util.Map;\nimport java.util.Set;\n\npublic class Satellite {\n\n    private Map<Character, Integer> inorderIndexMap;\n    private int preorderIndex; // Use a member variable to track preorder index\n\n    public Tree treeFromTraversals(List<Character> preorderInput, List<Character> inorderInput) {\n        // Handle potentially null inputs first\n        boolean preorderEmpty = (preorderInput == null || preorderInput.isEmpty());\n        boolean inorderEmpty = (inorderInput == null || inorderInput.isEmpty());\n\n        // Specific case for empty tree test\n        if (preorderEmpty && inorderEmpty) {\n            return new Tree(null);\n        }\n\n        // General validation: null, empty (if not both), different lengths\n        if (preorderEmpty || inorderEmpty || preorderInput.size() != inorderInput.size()) {\n            throw new IllegalArgumentException(\"Traversals must not be null, must not be empty unless both are, and must have the same length.\");\n        }\n\n        // Validate consistency and duplicates\n        inorderIndexMap = new HashMap<>();\n        Set<Character> inorderSet = new HashSet<>();\n        for (int i = 0; i < inorderInput.size(); i++) {\n            char val = inorderInput.get(i);\n            // Check for duplicates in inorder\n            if (!inorderSet.add(val)) {\n                 throw new IllegalArgumentException(\"Inorder traversal cannot contain duplicate items.\");\n            }\n            inorderIndexMap.put(val, i);\n        }\n\n        // Check for duplicates in preorder and element consistency\n        Set<Character> preorderSet = new HashSet<>();\n        for (char val : preorderInput) {\n             if (!inorderSet.contains(val)) { // Check if preorder element exists in inorder set\n                 throw new IllegalArgumentException(\"Inconsistent traversals: elements do not match.\");\n             }\n             if (!preorderSet.add(val)) { // Check for duplicates in preorder\n                 throw new IllegalArgumentException(\"Preorder traversal cannot contain duplicate items.\");\n             }\n        }\n         // Final check if sets have same size (redundant if above checks pass, but safe)\n        if (preorderSet.size() != inorderSet.size()) {\n             throw new IllegalArgumentException(\"Inconsistent traversals: elements do not match.\");\n        }\n\n\n        // Reset preorder index and build tree\n        preorderIndex = 0;\n        Node root = buildTreeHelper(preorderInput, 0, inorderInput.size() - 1);\n        return new Tree(root);\n    }\n\n    // Simplified helper using member variable for preorder index and only inorder bounds\n    private Node buildTreeHelper(List<Character> preorder, int inStart, int inEnd) {\n        // Base case\n        if (inStart > inEnd) {\n            return null;\n        }\n\n        // Get current root from preorder and advance index\n        char rootValue = preorder.get(preorderIndex++);\n        Node root = new Node(rootValue);\n\n        // Find root's position in inorder (guaranteed to exist due to earlier checks)\n        int inorderRootIndex = inorderIndexMap.get(rootValue);\n\n        // Recursively build left subtree (inorder elements from inStart to inorderRootIndex - 1)\n        root.left = buildTreeHelper(preorder, inStart, inorderRootIndex - 1);\n\n        // Recursively build right subtree (inorder elements from inorderRootIndex + 1 to inEnd)\n        root.right = buildTreeHelper(preorder, inorderRootIndex + 1, inEnd);\n\n        return root;\n    }\n}\n```\n\nI will now write this corrected code to the file.",
  "partial": false
}
[2025-04-04T04:48:25.396Z] {
  "ts": 1743742098167,
  "type": "ask",
  "ask": "tool",
  "text": "{\"tool\":\"editedExistingFile\",\"path\":\"src/main/java/Satellite.java\",\"isOutsideWorkspace\":false,\"diff\":\"@@ -1,55 +1,83 @@\\n import java.util.List;\\n import java.util.HashMap;\\n+import java.util.HashSet;\\n import java.util.Map;\\n+import java.util.Set;\\n \\n public class Satellite {\\n \\n-    // Store inorder indices for quick lookup\\n     private Map<Character, Integer> inorderIndexMap;\\n+    private int preorderIndex; // Use a member variable to track preorder index\\n \\n     public Tree treeFromTraversals(List<Character> preorderInput, List<Character> inorderInput) {\\n-        if (preorderInput == null || inorderInput == null || preorderInput.isEmpty() || inorderInput.isEmpty() || preorderInput.size() != inorderInput.size()) {\\n-            // Handle invalid input, perhaps throw an exception or return an empty tree\\n-            // For this exercise, assuming valid inputs based on instructions.\\n-            // If lists are empty, the helper will return null, resulting in new Tree(null).\\n+        // Handle potentially null inputs first\\n+        boolean preorderEmpty = (preorderInput == null || preorderInput.isEmpty());\\n+        boolean inorderEmpty = (inorderInput == null || inorderInput.isEmpty());\\n+\\n+        // Specific case for empty tree test\\n+        if (preorderEmpty && inorderEmpty) {\\n+            return new Tree(null);\\n         }\\n \\n-        // Precompute inorder indices for O(1) lookup\\n+        // General validation: null, empty (if not both), different lengths\\n+        if (preorderEmpty || inorderEmpty || preorderInput.size() != inorderInput.size()) {\\n+            throw new IllegalArgumentException(\\\"Traversals must not be null, must not be empty unless both are, and must have the same length.\\\");\\n+        }\\n+\\n+        // Validate consistency and duplicates\\n         inorderIndexMap = new HashMap<>();\\n+        Set<Character> inorderSet = new HashSet<>();\\n         for (int i = 0; i < inorderInput.size(); i++) {\\n-            inorderIndexMap.put(inorderInput.get(i), i);\\n+            char val = inorderInput.get(i);\\n+            // Check for duplicates in inorder\\n+            if (!inorderSet.add(val)) {\\n+                 throw new IllegalArgumentException(\\\"Inorder traversal cannot contain duplicate items.\\\");\\n+            }\\n+            inorderIndexMap.put(val, i);\\n         }\\n \\n-        Node root = buildTreeHelper(preorderInput, 0, preorderInput.size() - 1, inorderInput, 0, inorderInput.size() - 1);\\n+        // Check for duplicates in preorder and element consistency\\n+        Set<Character> preorderSet = new HashSet<>();\\n+        for (char val : preorderInput) {\\n+             if (!inorderSet.contains(val)) { // Check if preorder element exists in inorder set\\n+                 throw new IllegalArgumentException(\\\"Inconsistent traversals: elements do not match.\\\");\\n+             }\\n+             if (!preorderSet.add(val)) { // Check for duplicates in preorder\\n+                 throw new IllegalArgumentException(\\\"Preorder traversal cannot contain duplicate items.\\\");\\n+             }\\n+        }\\n+         // Final check if sets have same size (redundant if above checks pass, but safe)\\n+        if (preorderSet.size() != inorderSet.size()) {\\n+             throw new IllegalArgumentException(\\\"Inconsistent traversals: elements do not match.\\\");\\n+        }\\n+\\n+\\n+        // Reset preorder index and build tree\\n+        preorderIndex = 0;\\n+        Node root = buildTreeHelper(preorderInput, 0, inorderInput.size() - 1);\\n         return new Tree(root);\\n     }\\n \\n-    private Node buildTreeHelper(List<Character> preorder, int preStart, int preEnd,\\n-                                 List<Character> inorder, int inStart, int inEnd) {\\n-\\n-        // Base case: If the range is invalid, the subtree is empty\\n-        if (preStart > preEnd || inStart > inEnd) {\\n+    // Simplified helper using member variable for preorder index and only inorder bounds\\n+    private Node buildTreeHelper(List<Character> preorder, int inStart, int inEnd) {\\n+        // Base case\\n+        if (inStart > inEnd) {\\n             return null;\\n         }\\n \\n-        // The first element in the current preorder range is the root\\n-        char rootValue = preorder.get(preStart);\\n+        // Get current root from preorder and advance index\\n+        char rootValue = preorder.get(preorderIndex++);\\n         Node root = new Node(rootValue);\\n \\n-        // Find the root's index in the current inorder range\\n+        // Find root's position in inorder (guaranteed to exist due to earlier checks)\\n         int inorderRootIndex = inorderIndexMap.get(rootValue);\\n \\n-        // Calculate the size of the left subtree\\n-        int leftSubtreeSize = inorderRootIndex - inStart;\\n+        // Recursively build left subtree (inorder elements from inStart to inorderRootIndex - 1)\\n+        root.left = buildTreeHelper(preorder, inStart, inorderRootIndex - 1);\\n \\n-        // Recursively build the left subtree\\n-        root.left = buildTreeHelper(preorder, preStart + 1, preStart + leftSubtreeSize,\\n-                                    inorder, inStart, inorderRootIndex - 1);\\n+        // Recursively build right subtree (inorder elements from inorderRootIndex + 1 to inEnd)\\n+        root.right = buildTreeHelper(preorder, inorderRootIndex + 1, inEnd);\\n \\n-        // Recursively build the right subtree\\n-        root.right = buildTreeHelper(preorder, preStart + leftSubtreeSize + 1, preEnd,\\n-                                     inorder, inorderRootIndex + 1, inEnd);\\n-\\n         return root;\\n     }\\n-}\\n+}\\n\\\\ No newline at end of file\\n\"}",
  "partial": false
}
[2025-04-04T04:48:25.798Z] {
  "ts": 1743742105767,
  "type": "say",
  "say": "api_req_started",
  "text": "{\"request\":\"[write_to_file for 'src/main/java/Satellite.java'] Result:\\n\\nThe content was successfully saved to src/main/java/Satellite.java.\\n\\nLoading...\"}"
}
[2025-04-04T04:48:30.217Z] {
  "ts": 1743742109835,
  "type": "say",
  "say": "text",
  "text": "Okay, the corrected code has been written to `src/main/java/Satellite.java`.\n\nI will now run the tests again to see if the changes fixed the issues.",
  "partial": false
}
[2025-04-04T04:48:30.342Z] {
  "ts": 1743742110233,
  "type": "ask",
  "ask": "command",
  "text": "./gradlew test",
  "partial": false
}
[2025-04-04T04:48:30.540Z] {
  "ts": 1743742110509,
  "type": "ask",
  "ask": "command_output",
  "text": ""
}
[2025-04-04T04:48:31.024Z] {
  "ts": 1743742110993,
  "type": "ask",
  "ask": "command_output",
  "text": "Starting a Gradle Daemon, 13 busy and 36 stopped Daemons could not be reused, use --status for details\r\n\r\n\r\n"
}
[2025-04-04T04:48:34.109Z] {
  "ts": 1743742114069,
  "type": "ask",
  "ask": "command_output",
  "text": "<-------------> 0% WAITING> :test%                                                                                    \r \r"
}
[2025-04-04T04:48:34.109Z] {
  "ts": 1743742114068,
  "type": "ask",
  "ask": "command_output",
  "text": "> Starting Daemon> IDLE<-------------> 0% INITIALIZING [18ms]<-------------> 0% INITIALIZING [121ms]<-------------> 0% INITIALIZING [219ms]> Evaluating settings<-------------> 0% INITIALIZING [317ms]<-------------> 0% INITIALIZING [419ms]<-------------> 0% INITIALIZING [518ms]<-------------> 0% CONFIGURING [618ms]> root project<-------------> 0% CONFIGURING [722ms]<-------------> 0% CONFIGURING [818ms]<-------------> 0% CONFIGURING [918ms]<-------------> 0% CONFIGURING [1s]<=============> 100% CONFIGURING [1s]> IDLE<-------------> 0% EXECUTING [1s]> :compileJava<=====--------> 42% EXECUTING [1s]> IDLE<===========--> 85% EXECUTING [1s]> :test> :test > 0 tests completed<===========--> 85% EXECUTING [2s]> :test\r\n> Task :test FAILED\r\n\r\nSatelliteTest > rejectTraversalsWithRepeatedItems() FAILED\r\n    org.opentest4j.AssertionFailedError: \r\n    Expecting message to be:\r\n      \"traversals must contain unique items\"\r\n    but was:\r\n      \"Inorder traversal cannot contain duplicate items.\"\r\n\r\n    Throwable that failed the check:\r\n\r\n    java.lang.IllegalArgumentException: Inorder traversal cannot contain duplicate items.\r\n        at Satellite.treeFromTraversals(Satellite.java:34)\r\n        at SatelliteTest.lambda$rejectTraversalsWithRepeatedItems$2(SatelliteTest.java:74)\r\n        at org.assertj.core.api.ThrowableAssert.catchThrowable(ThrowableAssert.java:63)\r\n        at org.assertj.core.api.ThrowableTypeAssert.isThrownBy(ThrowableTypeAssert.java:59)\r\n        at SatelliteTest.rejectTraversalsWithRepeatedItems(SatelliteTest.java:74)\r\n        at java.base/jdk.internal.reflect.NativeMethodAccessorImpl.invoke0(Native Method)\r\n        at java.base/jdk.internal.reflect.NativeMethodAccessorImpl.invoke(NativeMethodAccessorImpl.java:77)\r\n        at java.base/jdk.internal.reflect.DelegatingMethodAccessorImpl.invoke(DelegatingMethodAccessorImpl.java:43)\r\n        at java.base/java.lang.reflect.Method.invoke(Method.java:569)\r\n        at org.junit.platform.commons.util.ReflectionUtils.invokeMethod(ReflectionUtils.java:728)\r\n        at org.junit.jupiter.engine.execution.MethodInvocation.proceed(MethodInvocation.java:60)\r\n        at org.junit.jupiter.engine.execution.InvocationInterceptorChain$ValidatingInvocation.proceed(InvocationInterceptorChain.java:131)\r\n        at org.junit.jupiter.engine.extension.TimeoutExtension.intercept(TimeoutExtension.java:156)\r\n        at org.junit.jupiter.engine.extension.TimeoutExtension.interceptTestableMethod(TimeoutExtension.java:147)\r\n        at org.junit.jupiter.engine.extension.TimeoutExtension.interceptTestMethod(TimeoutExtension.java:86)\r\n        at org.junit.jupiter.engine.execution.InterceptingExecutableInvoker$ReflectiveInterceptorCall.lambda$ofVoidMethod$0(InterceptingExecutableInvoker.java:103)\r\n        at org.junit.jupiter.engine.execution.InterceptingExecutableInvoker.lambda$invoke$0(InterceptingExecutableInvoker.java:93)\r\n        at org.junit.jupiter.engine.execution.InvocationInterceptorChain$InterceptedInvocation.proceed(InvocationInterceptorChain.java:106)\r\n        at org.junit.jupiter.engine.execution.InvocationInterceptorChain.proceed(InvocationInterceptorChain.java:64)\r\n        at org.junit.jupiter.engine.execution.InvocationInterceptorChain.chainAndInvoke(InvocationInterceptorChain.java:45)\r\n        at org.junit.jupiter.engine.execution.InvocationInterceptorChain.invoke(InvocationInterceptorChain.java:37)\r\n        at org.junit.jupiter.engine.execution.InterceptingExecutableInvoker.invoke(InterceptingExecutableInvoker.java:92)\r\n        at org.junit.jupiter.engine.execution.InterceptingExecutableInvoker.invoke(InterceptingExecutableInvoker.java:86)\r\n        at org.junit.jupiter.engine.descriptor.TestMethodTestDescriptor.lambda$invokeTestMethod$7(TestMethodTestDescriptor.java:218)\r\n        at org.junit.platform.engine.support.hierarchical.ThrowableCollector.execute(ThrowableCollector.java:73)\r\n        at org.junit.jupiter.engine.descriptor.TestMethodTestDescriptor.invokeTestMethod(TestMethodTestDescriptor.java:214)\r\n        at org.junit.jupiter.engine.descriptor.TestMethodTestDescriptor.execute(TestMethodTestDescriptor.java:139)\r\n        at org.junit.jupiter.engine.descriptor.TestMethodTestDescriptor.execute(TestMethodTestDescriptor.java:69)\r\n        at org.junit.platform.engine.support.hierarchical.NodeTestTask.lambda$executeRecursively$6(NodeTestTask.java:151)\r\n        at org.junit.platform.engine.support.hierarchical.ThrowableCollector.execute(ThrowableCollector.java:73)\r\n        at org.junit.platform.engine.support.hierarchical.NodeTestTask.lambda$executeRecursively$8(NodeTestTask.java:141)\r\n        at org.junit.platform.engine.support.hierarchical.Node.around(Node.java:137)\r\n        at org.junit.platform.engine.support.hierarchical.NodeTestTask.lambda$executeRecursively$9(NodeTestTask.java:139)\r\n        at org.junit.platform.engine.support.hierarchical.ThrowableCollector.execute(ThrowableCollector.java:73)\r\n        at org.junit.platform.engine.support.hierarchical.NodeTestTask.executeRecursively(NodeTestTask.java:138)\r\n        at org.junit.platform.engine.support.hierarchical.NodeTestTask.execute(NodeTestTask.java:95)\r\n        at java.base/java.util.ArrayList.forEach(ArrayList.java:1511)\r\n        at org.junit.platform.engine.support.hierarchical.SameThreadHierarchicalTestExecutorService.invokeAll(SameThreadHierarchicalTestExecutorService.java:41)\r\n        at org.junit.platform.engine.support.hierarchical.NodeTestTask.lambda$executeRecursively$6(NodeTestTask.java:155)\r\n        at org.junit.platform.engine.support.hierarchical.ThrowableCollector.execute(ThrowableCollector.java:73)\r\n        at org.junit.platform.engine.support.hierarchical.NodeTestTask.lambda$executeRecursively$8(NodeTestTask.java:141)\r\n        at org.junit.platform.engine.support.hierarchical.Node.around(Node.java:137)\r\n        at org.junit.platform.engine.support.hierarchical.NodeTestTask.lambda$executeRecursively$9(NodeTestTask.java:139)\r\n        at org.junit.platform.engine.support.hierarchical.ThrowableCollector.execute(ThrowableCollector.java:73)\r\n        at org.junit.platform.engine.support.hierarchical.NodeTestTask.executeRecursively(NodeTestTask.java:138)\r\n        at org.junit.platform.engine.support.hierarchical.NodeTestTask.execute(NodeTestTask.java:95)\r\n        at java.base/java.util.ArrayList.forEach(ArrayList.java:1511)\r\n        at org.junit.platform.engine.support.hierarchical.SameThreadHierarchicalTestExecutorService.invokeAll(SameThreadHierarchicalTestExecutorService.java:41)\r\n        at org.junit.platform.engine.support.hierarchical.NodeTestTask.lambda$executeRecursively$6(NodeTestTask.java:155)\r\n        at org.junit.platform.engine.support.hierarchical.ThrowableCollector.execute(ThrowableCollector.java:73)\r\n        at org.junit.platform.engine.support.hierarchical.NodeTestTask.lambda$executeRecursively$8(NodeTestTask.java:141)\r\n        at org.junit.platform.engine.support.hierarchical.Node.around(Node.java:137)\r\n        at org.junit.platform.engine.support.hierarchical.NodeTestTask.lambda$executeRecursively$9(NodeTestTask.java:139)\r\n        at org.junit.platform.engine.support.hierarchical.ThrowableCollector.execute(ThrowableCollector.java:73)\r\n        at org.junit.platform.engine.support.hierarchical.NodeTestTask.executeRecursively(NodeTestTask.java:138)\r\n        at org.junit.platform.engine.support.hierarchical.NodeTestTask.execute(NodeTestTask.java:95)\r\n        at org.junit.platform.engine.support.hierarchical.SameThreadHierarchicalTestExecutorService.submit(SameThreadHierarchicalTestExecutorService.java:35)\r\n        at org.junit.platform.engine.support.hierarchical.HierarchicalTestExecutor.execute(HierarchicalTestExecutor.java:57)\r\n        at org.junit.platform.engine.support.hierarchical.HierarchicalTestEngine.execute(HierarchicalTestEngine.java:54)\r\n        at org.junit.platform.launcher.core.EngineExecutionOrchestrator.execute(EngineExecutionOrchestrator.java:107)\r\n        at org.junit.platform.launcher.core.EngineExecutionOrchestrator.execute(EngineExecutionOrchestrator.java:88)\r\n        at org.junit.platform.launcher.core.EngineExecutionOrchestrator.lambda$execute$0(EngineExecutionOrchestrator.java:54)\r\n        at org.junit.platform.launcher.core.EngineExecutionOrchestrator.withInterceptedStreams(EngineExecutionOrchestrator.java:67)\r\n        at org.junit.platform.launcher.core.EngineExecutionOrchestrator.execute(EngineExecutionOrchestrator.java:52)\r\n        at org.junit.platform.launcher.core.DefaultLauncher.execute(DefaultLauncher.java:114)\r\n        at org.junit.platform.launcher.core.DefaultLauncher.execute(DefaultLauncher.java:86)\r\n        at org.junit.platform.launcher.core.DefaultLauncherSession$DelegatingLauncher.execute(DefaultLauncherSession.java:86)\r\n        at org.gradle.api.internal.tasks.testing.junitplatform.JUnitPlatformTestClassProcessor$CollectAllTestClassesExecutor.processAllTestClasses(JUnitPlatformTestClassProcessor.java:119)\r\n        at org.gradle.api.internal.tasks.testing.junitplatform.JUnitPlatformTestClassProcessor$CollectAllTestClassesExecutor.access$000(JUnitPlatformTestClassProcessor.java:94)\r\n        at org.gradle.api.internal.tasks.testing.junitplatform.JUnitPlatformTestClassProcessor.stop(JUnitPlatformTestClassProcessor.java:89)\r\n        at org.gradle.api.internal.tasks.testing.SuiteTestClassProcessor.stop(SuiteTestClassProcessor.java:62)\r\n        at java.base/jdk.internal.reflect.NativeMethodAccessorImpl.invoke0(Native Method)\r\n        at java.base/jdk.internal.reflect.NativeMethodAccessorImpl.invoke(NativeMethodAccessorImpl.java:77)\r\n        at java.base/jdk.internal.reflect.DelegatingMethodAccessorImpl.invoke(DelegatingMethodAccessorImpl.java:43)\r\n        at java.base/java.lang.reflect.Method.invoke(Method.java:569)\r\n        at org.gradle.internal.dispatch.ReflectionDispatch.dispatch(ReflectionDispatch.java:36)\r\n        at org.gradle.internal.dispatch.ReflectionDispatch.dispatch(ReflectionDispatch.java:24)\r\n        at org.gradle.internal.dispatch.ContextClassLoaderDispatch.dispatch(ContextClassLoaderDispatch.java:33)\r\n        at org.gradle.internal.dispatch.ProxyDispatchAdapter$DispatchingInvocationHandler.invoke(ProxyDispatchAdapter.java:94)\r\n        at jdk.proxy1/jdk.proxy1.$Proxy2.stop(Unknown Source)\r\n        at org.gradle.api.internal.tasks.testing.worker.TestWorker$3.run(TestWorker.java:193)\r\n        at org.gradle.api.internal.tasks.testing.worker.TestWorker.executeAndMaintainThreadName(TestWorker.java:129)\r\n        at org.gradle.api.internal.tasks.testing.worker.TestWorker.execute(TestWorker.java:100)\r\n        at org.gradle.api.internal.tasks.testing.worker.TestWorker.execute(TestWorker.java:60)\r\n        at org.gradle.process.internal.worker.child.ActionExecutionWorker.execute(ActionExecutionWorker.java:56)\r\n        at org.gradle.process.internal.worker.child.SystemApplicationClassLoaderWorker.call(SystemApplicationClassLoaderWorker.java:113)\r\n        at org.gradle.process.internal.worker.child.SystemApplicationClassLoaderWorker.call(SystemApplicationClassLoaderWorker.java:65)\r\n        at worker.org.gradle.process.internal.worker.GradleWorkerMain.run(GradleWorkerMain.java:69)\r\n        at worker.org.gradle.process.internal.worker.GradleWorkerMain.main(GradleWorkerMain.java:74)\r\n        at java.base@17.0.14/jdk.internal.reflect.NativeConstructorAccessorImpl.newInstance0(Native Method)\r\n        at java.base@17.0.14/jdk.internal.reflect.NativeConstructorAccessorImpl.newInstance(NativeConstructorAccessorImpl.java:77)\r\n        at java.base@17.0.14/jdk.internal.reflect.DelegatingConstructorAccessorImpl.newInstance(DelegatingConstructorAccessorImpl.java:45)\r\n        at java.base@17.0.14/java.lang.reflect.Constructor.newInstanceWithCaller(Constructor.java:500)\r\n        at app//SatelliteTest.rejectTraversalsWithRepeatedItems(SatelliteTest.java:75)\r\n\r\nSatelliteTest > rejectInconsistentTraversalsOfSameLength() FAILED\r\n    org.opentest4j.AssertionFailedError: \r\n    Expecting message to be:\r\n      \"traversals must have the same elements\"\r\n    but was:\r\n      \"Inconsistent traversals: elements do not match.\"\r\n\r\n    Throwable that failed the check:\r\n\r\n    java.lang.IllegalArgumentException: Inconsistent traversals: elements do not match.\r\n        at Satellite.treeFromTraversals(Satellite.java:43)\r\n        at SatelliteTest.lambda$rejectInconsistentTraversalsOfSameLength$1(SatelliteTest.java:64)\r\n        at org.assertj.core.api.ThrowableAssert.catchThrowable(ThrowableAssert.java:63)\r\n        at org.assertj.core.api.ThrowableTypeAssert.isThrownBy(ThrowableTypeAssert.java:59)\r\n        at SatelliteTest.rejectInconsistentTraversalsOfSameLength(SatelliteTest.java:64)\r\n        at java.base/jdk.internal.reflect.NativeMethodAccessorImpl.invoke0(Native Method)\r\n        at java.base/jdk.internal.reflect.NativeMethodAccessorImpl.invoke(NativeMethodAccessorImpl.java:77)\r\n        at java.base/jdk.internal.reflect.DelegatingMethodAccessorImpl.invoke(DelegatingMethodAccessorImpl.java:43)\r\n        at java.base/java.lang.reflect.Method.invoke(Method.java:569)\r\n        at org.junit.platform.commons.util.ReflectionUtils.invokeMethod(ReflectionUtils.java:728)\r\n        at org.junit.jupiter.engine.execution.MethodInvocation.proceed(MethodInvocation.java:60)\r\n        at org.junit.jupiter.engine.execution.InvocationInterceptorChain$ValidatingInvocation.proceed(InvocationInterceptorChain.java:131)\r\n        at org.junit.jupiter.engine.extension.TimeoutExtension.intercept(TimeoutExtension.java:156)\r\n        at org.junit.jupiter.engine.extension.TimeoutExtension.interceptTestableMethod(TimeoutExtension.java:147)\r\n        at org.junit.jupiter.engine.extension.TimeoutExtension.interceptTestMethod(TimeoutExtension.java:86)\r\n        at org.junit.jupiter.engine.execution.InterceptingExecutableInvoker$ReflectiveInterceptorCall.lambda$ofVoidMethod$0(InterceptingExecutableInvoker.java:103)\r\n        at org.junit.jupiter.engine.execution.InterceptingExecutableInvoker.lambda$invoke$0(InterceptingExecutableInvoker.java:93)\r\n        at org.junit.jupiter.engine.execution.InvocationInterceptorChain$InterceptedInvocation.proceed(InvocationInterceptorChain.java:106)\r\n        at org.junit.jupiter.engine.execution.InvocationInterceptorChain.proceed(InvocationInterceptorChain.java:64)\r\n        at org.junit.jupiter.engine.execution.InvocationInterceptorChain.chainAndInvoke(InvocationInterceptorChain.java:45)\r\n        at org.junit.jupiter.engine.execution.InvocationInterceptorChain.invoke(InvocationInterceptorChain.java:37)\r\n        at org.junit.jupiter.engine.execution.InterceptingExecutableInvoker.invoke(InterceptingExecutableInvoker.java:92)\r\n        at org.junit.jupiter.engine.execution.InterceptingExecutableInvoker.invoke(InterceptingExecutableInvoker.java:86)\r\n        at org.junit.jupiter.engine.descriptor.TestMethodTestDescriptor.lambda$invokeTestMethod$7(TestMethodTestDescriptor.java:218)\r\n        at org.junit.platform.engine.support.hierarchical.ThrowableCollector.execute(ThrowableCollector.java:73)\r\n        at org.junit.jupiter.engine.descriptor.TestMethodTestDescriptor.invokeTestMethod(TestMethodTestDescriptor.java:214)\r\n        at org.junit.jupiter.engine.descriptor.TestMethodTestDescriptor.execute(TestMethodTestDescriptor.java:139)\r\n        at org.junit.jupiter.engine.descriptor.TestMethodTestDescriptor.execute(TestMethodTestDescriptor.java:69)\r\n        at org.junit.platform.engine.support.hierarchical.NodeTestTask.lambda$executeRecursively$6(NodeTestTask.java:151)\r\n        at org.junit.platform.engine.support.hierarchical.ThrowableCollector.execute(ThrowableCollector.java:73)\r\n        at org.junit.platform.engine.support.hierarchical.NodeTestTask.lambda$executeRecursively$8(NodeTestTask.java:141)\r\n        at org.junit.platform.engine.support.hierarchical.Node.around(Node.java:137)\r\n        at org.junit.platform.engine.support.hierarchical.NodeTestTask.lambda$executeRecursively$9(NodeTestTask.java:139)\r\n        at org.junit.platform.engine.support.hierarchical.ThrowableCollector.execute(ThrowableCollector.java:73)\r\n        at org.junit.platform.engine.support.hierarchical.NodeTestTask.executeRecursively(NodeTestTask.java:138)\r\n        at org.junit.platform.engine.support.hierarchical.NodeTestTask.execute(NodeTestTask.java:95)\r\n        at java.base/java.util.ArrayList.forEach(ArrayList.java:1511)\r\n        at org.junit.platform.engine.support.hierarchical.SameThreadHierarchicalTestExecutorService.invokeAll(SameThreadHierarchicalTestExecutorService.java:41)\r\n        at org.junit.platform.engine.support.hierarchical.NodeTestTask.lambda$executeRecursively$6(NodeTestTask.java:155)\r\n        at org.junit.platform.engine.support.hierarchical.ThrowableCollector.execute(ThrowableCollector.java:73)\r\n        at org.junit.platform.engine.support.hierarchical.NodeTestTask.lambda$executeRecursively$8(NodeTestTask.java:141)\r\n        at org.junit.platform.engine.support.hierarchical.Node.around(Node.java:137)\r\n        at org.junit.platform.engine.support.hierarchical.NodeTestTask.lambda$executeRecursively$9(NodeTestTask.java:139)\r\n        at org.junit.platform.engine.support.hierarchical.ThrowableCollector.execute(ThrowableCollector.java:73)\r\n        at org.junit.platform.engine.support.hierarchical.NodeTestTask.executeRecursively(NodeTestTask.java:138)\r\n        at org.junit.platform.engine.support.hierarchical.NodeTestTask.execute(NodeTestTask.java:95)\r\n        at java.base/java.util.ArrayList.forEach(ArrayList.java:1511)\r\n        at org.junit.platform.engine.support.hierarchical.SameThreadHierarchicalTestExecutorService.invokeAll(SameThreadHierarchicalTestExecutorService.java:41)\r\n        at org.junit.platform.engine.support.hierarchical.NodeTestTask.lambda$executeRecursively$6(NodeTestTask.java:155)\r\n        at org.junit.platform.engine.support.hierarchical.ThrowableCollector.execute(ThrowableCollector.java:73)\r\n        at org.junit.platform.engine.support.hierarchical.NodeTestTask.lambda$executeRecursively$8(NodeTestTask.java:141)\r\n        at org.junit.platform.engine.support.hierarchical.Node.around(Node.java:137)\r\n        at org.junit.platform.engine.support.hierarchical.NodeTestTask.lambda$executeRecursively$9(NodeTestTask.java:139)\r\n        at org.junit.platform.engine.support.hierarchical.ThrowableCollector.execute(ThrowableCollector.java:73)\r\n        at org.junit.platform.engine.support.hierarchical.NodeTestTask.executeRecursively(NodeTestTask.java:138)\r\n        at org.junit.platform.engine.support.hierarchical.NodeTestTask.execute(NodeTestTask.java:95)\r\n        at org.junit.platform.engine.support.hierarchical.SameThreadHierarchicalTestExecutorService.submit(SameThreadHierarchicalTestExecutorService.java:35)\r\n        at org.junit.platform.engine.support.hierarchical.HierarchicalTestExecutor.execute(HierarchicalTestExecutor.java:57)\r\n        at org.junit.platform.engine.support.hierarchical.HierarchicalTestEngine.execute(HierarchicalTestEngine.java:54)\r\n        at org.junit.platform.launcher.core.EngineExecutionOrchestrator.execute(EngineExecutionOrchestrator.java:107)\r\n        at org.junit.platform.launcher.core.EngineExecutionOrchestrator.execute(EngineExecutionOrchestrator.java:88)\r\n        at org.junit.platform.launcher.core.EngineExecutionOrchestrator.lambda$execute$0(EngineExecutionOrchestrator.java:54)\r\n        at org.junit.platform.launcher.core.EngineExecutionOrchestrator.withInterceptedStreams(EngineExecutionOrchestrator.java:67)\r\n        at org.junit.platform.launcher.core.EngineExecutionOrchestrator.execute(EngineExecutionOrchestrator.java:52)\r\n        at org.junit.platform.launcher.core.DefaultLauncher.execute(DefaultLauncher.java:114)\r\n        at org.junit.platform.launcher.core.DefaultLauncher.execute(DefaultLauncher.java:86)\r\n        at org.junit.platform.launcher.core.DefaultLauncherSession$DelegatingLauncher.execute(DefaultLauncherSession.java:86)\r\n        at org.gradle.api.internal.tasks.testing.junitplatform.JUnitPlatformTestClassProcessor$CollectAllTestClassesExecutor.processAllTestClasses(JUnitPlatformTestClassProcessor.java:119)\r\n        at org.gradle.api.internal.tasks.testing.junitplatform.JUnitPlatformTestClassProcessor$CollectAllTestClassesExecutor.access$000(JUnitPlatformTestClassProcessor.java:94)\r\n        at org.gradle.api.internal.tasks.testing.junitplatform.JUnitPlatformTestClassProcessor.stop(JUnitPlatformTestClassProcessor.java:89)\r\n        at org.gradle.api.internal.tasks.testing.SuiteTestClassProcessor.stop(SuiteTestClassProcessor.java:62)\r\n        at java.base/jdk.internal.reflect.NativeMethodAccessorImpl.invoke0(Native Method)\r\n        at java.base/jdk.internal.reflect.NativeMethodAccessorImpl.invoke(NativeMethodAccessorImpl.java:77)\r\n        at java.base/jdk.internal.reflect.DelegatingMethodAccessorImpl.invoke(DelegatingMethodAccessorImpl.java:43)\r\n        at java.base/java.lang.reflect.Method.invoke(Method.java:569)\r\n        at org.gradle.internal.dispatch.ReflectionDispatch.dispatch(ReflectionDispatch.java:36)\r\n        at org.gradle.internal.dispatch.ReflectionDispatch.dispatch(ReflectionDispatch.java:24)\r\n        at org.gradle.internal.dispatch.ContextClassLoaderDispatch.dispatch(ContextClassLoaderDispatch.java:33)\r\n        at org.gradle.internal.dispatch.ProxyDispatchAdapter$DispatchingInvocationHandler.invoke(ProxyDispatchAdapter.java:94)\r\n        at jdk.proxy1/jdk.proxy1.$Proxy2.stop(Unknown Source)\r\n        at org.gradle.api.internal.tasks.testing.worker.TestWorker$3.run(TestWorker.java:193)\r\n        at org.gradle.api.internal.tasks.testing.worker.TestWorker.executeAndMaintainThreadName(TestWorker.java:129)\r\n        at org.gradle.api.internal.tasks.testing.worker.TestWorker.execute(TestWorker.java:100)\r\n        at org.gradle.api.internal.tasks.testing.worker.TestWorker.execute(TestWorker.java:60)\r\n        at org.gradle.process.internal.worker.child.ActionExecutionWorker.execute(ActionExecutionWorker.java:56)\r\n        at org.gradle.process.internal.worker.child.SystemApplicationClassLoaderWorker.call(SystemApplicationClassLoaderWorker.java:113)\r\n        at org.gradle.process.internal.worker.child.SystemApplicationClassLoaderWorker.call(SystemApplicationClassLoaderWorker.java:65)\r\n        at worker.org.gradle.process.internal.worker.GradleWorkerMain.run(GradleWorkerMain.java:69)\r\n        at worker.org.gradle.process.internal.worker.GradleWorkerMain.main(GradleWorkerMain.java:74)\r\n        at java.base@17.0.14/jdk.internal.reflect.NativeConstructorAccessorImpl.newInstance0(Native Method)\r\n        at java.base@17.0.14/jdk.internal.reflect.NativeConstructorAccessorImpl.newInstance(NativeConstructorAccessorImpl.java:77)\r\n        at java.base@17.0.14/jdk.internal.reflect.DelegatingConstructorAccessorImpl.newInstance(DelegatingConstructorAccessorImpl.java:45)\r\n        at java.base@17.0.14/java.lang.reflect.Constructor.newInstanceWithCaller(Constructor.java:500)\r\n        at app//SatelliteTest.rejectInconsistentTraversalsOfSameLength(SatelliteTest.java:65)\r\n\r\nSatelliteTest > emptyTree() PASSED\r\n\r\nSatelliteTest > treeWithOneItem() PASSED\r\n\r\nSatelliteTest > rejectTraversalsOfDifferentLengths() FAILED\r\n    org.opentest4j.AssertionFailedError: \r\n    Expecting message to be:\r\n      \"traversals must have the same length\"\r\n    but was:\r\n      \"Traversals must not be null, must not be empty unless both are, and must have the same length.\"\r\n\r\n    Throwable that failed the check:\r\n\r\n    java.lang.IllegalArgumentException: Traversals must not be null, must not be empty unless both are, and must have the same length.\r\n        at Satellite.treeFromTraversals(Satellite.java:24)\r\n        at SatelliteTest.lambda$rejectTraversalsOfDifferentLengths$0(SatelliteTest.java:53)\r\n        at org.assertj.core.api.ThrowableAssert.catchThrowable(ThrowableAssert.java:63)\r\n        at org.assertj.core.api.ThrowableTypeAssert.isThrownBy(ThrowableTypeAssert.java:59)\r\n        at SatelliteTest.rejectTraversalsOfDifferentLengths(SatelliteTest.java:53)\r\n        at java.base/jdk.internal.reflect.NativeMethodAccessorImpl.invoke0(Native Method)\r\n        at java.base/jdk.internal.reflect.NativeMethodAccessorImpl.invoke(NativeMethodAccessorImpl.java:77)\r\n        at java.base/jdk.internal.reflect.DelegatingMethodAccessorImpl.invoke(DelegatingMethodAccessorImpl.java:43)\r\n        at java.base/java.lang.reflect.Method.invoke(Method.java:569)\r\n        at org.junit.platform.commons.util.ReflectionUtils.invokeMethod(ReflectionUtils.java:728)\r\n        at org.junit.jupiter.engine.execution.MethodInvocation.proceed(MethodInvocation.java:60)\r\n        at org.junit.jupiter.engine.execution.InvocationInterceptorChain$ValidatingInvocation.proceed(InvocationInterceptorChain.java:131)\r\n        at org.junit.jupiter.engine.extension.TimeoutExtension.intercept(TimeoutExtension.java:156)\r\n        at org.junit.jupiter.engine.extension.TimeoutExtension.interceptTestableMethod(TimeoutExtension.java:147)\r\n        at org.junit.jupiter.engine.extension.TimeoutExtension.interceptTestMethod(TimeoutExtension.java:86)\r\n        at org.junit.jupiter.engine.execution.InterceptingExecutableInvoker$ReflectiveInterceptorCall.lambda$ofVoidMethod$0(InterceptingExecutableInvoker.java:103)\r\n        at org.junit.jupiter.engine.execution.InterceptingExecutableInvoker.lambda$invoke$0(InterceptingExecutableInvoker.java:93)\r\n        at org.junit.jupiter.engine.execution.InvocationInterceptorChain$InterceptedInvocation.proceed(InvocationInterceptorChain.java:106)\r\n        at org.junit.jupiter.engine.execution.InvocationInterceptorChain.proceed(InvocationInterceptorChain.java:64)\r\n        at org.junit.jupiter.engine.execution.InvocationInterceptorChain.chainAndInvoke(InvocationInterceptorChain.java:45)\r\n        at org.junit.jupiter.engine.execution.InvocationInterceptorChain.invoke(InvocationInterceptorChain.java:37)\r\n        at org.junit.jupiter.engine.execution.InterceptingExecutableInvoker.invoke(InterceptingExecutableInvoker.java:92)\r\n        at org.junit.jupiter.engine.execution.InterceptingExecutableInvoker.invoke(InterceptingExecutableInvoker.java:86)\r\n        at org.junit.jupiter.engine.descriptor.TestMethodTestDescriptor.lambda$invokeTestMethod$7(TestMethodTestDescriptor.java:218)\r\n        at org.junit.platform.engine.support.hierarchical.ThrowableCollector.execute(ThrowableCollector.java:73)\r\n        at org.junit.jupiter.engine.descriptor.TestMethodTestDescriptor.invokeTestMethod(TestMethodTestDescriptor.java:214)\r\n        at org.junit.jupiter.engine.descriptor.TestMethodTestDescriptor.execute(TestMethodTestDescriptor.java:139)\r\n        at org.junit.jupiter.engine.descriptor.TestMethodTestDescriptor.execute(TestMethodTestDescriptor.java:69)\r\n        at org.junit.platform.engine.support.hierarchical.NodeTestTask.lambda$executeRecursively$6(NodeTestTask.java:151)\r\n        at org.junit.platform.engine.support.hierarchical.ThrowableCollector.execute(ThrowableCollector.java:73)\r\n        at org.junit.platform.engine.support.hierarchical.NodeTestTask.lambda$executeRecursively$8(NodeTestTask.java:141)\r\n        at org.junit.platform.engine.support.hierarchical.Node.around(Node.java:137)\r\n        at org.junit.platform.engine.support.hierarchical.NodeTestTask.lambda$executeRecursively$9(NodeTestTask.java:139)\r\n        at org.junit.platform.engine.support.hierarchical.ThrowableCollector.execute(ThrowableCollector.java:73)\r\n        at org.junit.platform.engine.support.hierarchical.NodeTestTask.executeRecursively(NodeTestTask.java:138)\r\n        at org.junit.platform.engine.support.hierarchical.NodeTestTask.execute(NodeTestTask.java:95)\r\n        at java.base/java.util.ArrayList.forEach(ArrayList.java:1511)\r\n        at org.junit.platform.engine.support.hierarchical.SameThreadHierarchicalTestExecutorService.invokeAll(SameThreadHierarchicalTestExecutorService.java:41)\r\n        at org.junit.platform.engine.support.hierarchical.NodeTestTask.lambda$executeRecursively$6(NodeTestTask.java:155)\r\n        at org.junit.platform.engine.support.hierarchical.ThrowableCollector.execute(ThrowableCollector.java:73)\r\n        at org.junit.platform.engine.support.hierarchical.NodeTestTask.lambda$executeRecursively$8(NodeTestTask.java:141)\r\n        at org.junit.platform.engine.support.hierarchical.Node.around(Node.java:137)\r\n        at org.junit.platform.engine.support.hierarchical.NodeTestTask.lambda$executeRecursively$9(NodeTestTask.java:139)\r\n        at org.junit.platform.engine.support.hierarchical.ThrowableCollector.execute(ThrowableCollector.java:73)\r\n        at org.junit.platform.engine.support.hierarchical.NodeTestTask.executeRecursively(NodeTestTask.java:138)\r\n        at org.junit.platform.engine.support.hierarchical.NodeTestTask.execute(NodeTestTask.java:95)\r\n        at java.base/java.util.ArrayList.forEach(ArrayList.java:1511)\r\n        at org.junit.platform.engine.support.hierarchical.SameThreadHierarchicalTestExecutorService.invokeAll(SameThreadHierarchicalTestExecutorService.java:41)\r\n        at org.junit.platform.engine.support.hierarchical.NodeTestTask.lambda$executeRecursively$6(NodeTestTask.java:155)\r\n        at org.junit.platform.engine.support.hierarchical.ThrowableCollector.execute(ThrowableCollector.java:73)\r\n        at org.junit.platform.engine.support.hierarchical.NodeTestTask.lambda$executeRecursively$8(NodeTestTask.java:141)\r\n        at org.junit.platform.engine.support.hierarchical.Node.around(Node.java:137)\r\n        at org.junit.platform.engine.support.hierarchical.NodeTestTask.lambda$executeRecursively$9(NodeTestTask.java:139)\r\n        at org.junit.platform.engine.support.hierarchical.ThrowableCollector.execute(ThrowableCollector.java:73)\r\n        at org.junit.platform.engine.support.hierarchical.NodeTestTask.executeRecursively(NodeTestTask.java:138)\r\n        at org.junit.platform.engine.support.hierarchical.NodeTestTask.execute(NodeTestTask.java:95)\r\n        at org.junit.platform.engine.support.hierarchical.SameThreadHierarchicalTestExecutorService.submit(SameThreadHierarchicalTestExecutorService.java:35)\r\n        at org.junit.platform.engine.support.hierarchical.HierarchicalTestExecutor.execute(HierarchicalTestExecutor.java:57)\r\n        at org.junit.platform.engine.support.hierarchical.HierarchicalTestEngine.execute(HierarchicalTestEngine.java:54)\r\n        at org.junit.platform.launcher.core.EngineExecutionOrchestrator.execute(EngineExecutionOrchestrator.java:107)\r\n        at org.junit.platform.launcher.core.EngineExecutionOrchestrator.execute(EngineExecutionOrchestrator.java:88)\r\n        at org.junit.platform.launcher.core.EngineExecutionOrchestrator.lambda$execute$0(EngineExecutionOrchestrator.java:54)\r\n        at org.junit.platform.launcher.core.EngineExecutionOrchestrator.withInterceptedStreams(EngineExecutionOrchestrator.java:67)\r\n        at org.junit.platform.launcher.core.EngineExecutionOrchestrator.execute(EngineExecutionOrchestrator.java:52)\r\n        at org.junit.platform.launcher.core.DefaultLauncher.execute(DefaultLauncher.java:114)\r\n        at org.junit.platform.launcher.core.DefaultLauncher.execute(DefaultLauncher.java:86)\r\n        at org.junit.platform.launcher.core.DefaultLauncherSession$DelegatingLauncher.execute(DefaultLauncherSession.java:86)\r\n        at org.gradle.api.internal.tasks.testing.junitplatform.JUnitPlatformTestClassProcessor$CollectAllTestClassesExecutor.processAllTestClasses(JUnitPlatformTestClassProcessor.java:119)\r\n        at org.gradle.api.internal.tasks.testing.junitplatform.JUnitPlatformTestClassProcessor$CollectAllTestClassesExecutor.access$000(JUnitPlatformTestClassProcessor.java:94)\r\n        at org.gradle.api.internal.tasks.testing.junitplatform.JUnitPlatformTestClassProcessor.stop(JUnitPlatformTestClassProcessor.java:89)\r\n        at org.gradle.api.internal.tasks.testing.SuiteTestClassProcessor.stop(SuiteTestClassProcessor.java:62)\r\n        at java.base/jdk.internal.reflect.NativeMethodAccessorImpl.invoke0(Native Method)\r\n        at java.base/jdk.internal.reflect.NativeMethodAccessorImpl.invoke(NativeMethodAccessorImpl.java:77)\r\n        at java.base/jdk.internal.reflect.DelegatingMethodAccessorImpl.invoke(DelegatingMethodAccessorImpl.java:43)\r\n        at java.base/java.lang.reflect.Method.invoke(Method.java:569)\r\n        at org.gradle.internal.dispatch.ReflectionDispatch.dispatch(ReflectionDispatch.java:36)\r\n        at org.gradle.internal.dispatch.ReflectionDispatch.dispatch(ReflectionDispatch.java:24)\r\n        at org.gradle.internal.dispatch.ContextClassLoaderDispatch.dispatch(ContextClassLoaderDispatch.java:33)\r\n        at org.gradle.internal.dispatch.ProxyDispatchAdapter$DispatchingInvocationHandler.invoke(ProxyDispatchAdapter.java:94)\r\n        at jdk.proxy1/jdk.proxy1.$Proxy2.stop(Unknown Source)\r\n        at org.gradle.api.internal.tasks.testing.worker.TestWorker$3.run(TestWorker.java:193)\r\n        at org.gradle.api.internal.tasks.testing.worker.TestWorker.executeAndMaintainThreadName(TestWorker.java:129)\r\n        at org.gradle.api.internal.tasks.testing.worker.TestWorker.execute(TestWorker.java:100)\r\n        at org.gradle.api.internal.tasks.testing.worker.TestWorker.execute(TestWorker.java:60)\r\n        at org.gradle.process.internal.worker.child.ActionExecutionWorker.execute(ActionExecutionWorker.java:56)\r\n        at org.gradle.process.internal.worker.child.SystemApplicationClassLoaderWorker.call(SystemApplicationClassLoaderWorker.java:113)\r\n        at org.gradle.process.internal.worker.child.SystemApplicationClassLoaderWorker.call(SystemApplicationClassLoaderWorker.java:65)\r\n        at worker.org.gradle.process.internal.worker.GradleWorkerMain.run(GradleWorkerMain.java:69)\r\n        at worker.org.gradle.process.internal.worker.GradleWorkerMain.main(GradleWorkerMain.java:74)\r\n        at java.base@17.0.14/jdk.internal.reflect.NativeConstructorAccessorImpl.newInstance0(Native Method)\r\n        at java.base@17.0.14/jdk.internal.reflect.NativeConstructorAccessorImpl.newInstance(NativeConstructorAccessorImpl.java:77)\r\n        at java.base@17.0.14/jdk.internal.reflect.DelegatingConstructorAccessorImpl.newInstance(DelegatingConstructorAccessorImpl.java:45)\r\n        at java.base@17.0.14/java.lang.reflect.Constructor.newInstanceWithCaller(Constructor.java:500)\r\n        at app//SatelliteTest.rejectTraversalsOfDifferentLengths(SatelliteTest.java:54)\r\n\r\nSatelliteTest > treeWithManyItems() PASSED\r\n\r\nTreeTest > preorder() PASSED\r\n\r\nTreeTest > inorder() PASSED\r\n\r\nTreeTest > postorder() PASSED\r\n\r\n9 tests completed, 3 failed\r\n\r\nFAILURE: Build failed with an exception.\r\n\r\n* What went wrong:\r\nExecution failed for task ':test'.\r\n> There were failing tests. See the report at: file:///Users/cte/Documents/evals/java/satellite/build/reports/tests/test/index.html\r\n\r\n* Try:\r\n> Run with --scan to get full insights.\r\n\r\nDeprecated Gradle features were used in this build, making it incompatible with Gradle 9.0.\r\n\r\nYou can use '--warning-mode all' to show the individual deprecation warnings and determine if they come from your own scripts or plugins.\r\n\r\nFor more on this, please refer to https://docs.gradle.org/8.7/userguide/command_line_interface.html#sec:command_line_warnings in the Gradle documentation.\r\n\r\nBUILD FAILED in 3s\r\n3 actionable tasks: 2 executed, 1 up-to-date\r\n\r\n\r\n"
}
[2025-04-04T04:48:34.166Z] {
  "ts": 1743742114130,
  "type": "say",
  "say": "api_req_started",
  "text": "{\"request\":\"[execute_command for './gradlew test'] Result:\\n\\nCommand executed in terminal 1 within working directory '/Users/cte/Documents/evals/java/satellite'. Command execution was not successful, inspect the cause and adjust as needed.\\nExit code: 1\\nOutput:\\nStarting a Gradle Daemon, 13 busy and 36 stopped Daemons could not be reused, use --status for details\\r\\n\\r\\n\\r\\n> Starting Daemon> IDLE<-------------> 0% INITIALIZING [18ms]<-------------> 0% INITIALIZING [121ms]<-------------> 0% INITIALIZING [219ms]> Evaluating settings<-------------> 0% INITIALIZING [317ms]<-------------> 0% INITIALIZING [419ms]<-------------> 0% INITIALIZING [518ms]<-------------> 0% CONFIGURING [618ms]> root project<-------------> 0% CONFIGURING [722ms]<-------------> 0% CONFIGURING [818ms]<-------------> 0% CONFIGURING [918ms]<-------------> 0% CONFIGURING [1s]<=============> 100% CONFIGURING [1s]> IDLE<-------------> 0% EXECUTING [1s]> :compileJava<=====--------> 42% EXECUTING [1s]> IDLE<===========--> 85% EXECUTING [1s]> :test> :test > 0 tests completed<===========--> 85% EXECUTING [2s]> :test\\r\\n> Task :test FAILED\\r\\n\\r\\nSatelliteTest > rejectTraversalsWithRepeatedItems() FAILED\\r\\n    org.opentest4j.AssertionFailedError: \\r\\n    Expecting message to be:\\r\\n      \\\"traversals must contain unique items\\\"\\r\\n    but was:\\r\\n      \\\"Inorder traversal cannot contain duplicate items.\\\"\\r\\n\\r\\n    Throwable that failed the check:\\r\\n\\r\\n    java.lang.IllegalArgumentException: Inorder traversal cannot contain duplicate items.\\r\\n        at Satellite.treeFromTraversals(Satellite.java:34)\\r\\n        at SatelliteTest.lambda$rejectTraversalsWithRepeatedItems$2(SatelliteTest.java:74)\\r\\n        at org.assertj.core.api.ThrowableAssert.catchThrowable(ThrowableAssert.java:63)\\r\\n        at org.assertj.core.api.ThrowableTypeAssert.isThrownBy(ThrowableTypeAssert.java:59)\\r\\n        at SatelliteTest.rejectTraversalsWithRepeatedItems(SatelliteTest.java:74)\\r\\n        at java.base/jdk.internal.reflect.NativeMethodAccessorImpl.invoke0(Native Method)\\r\\n        at java.base/jdk.internal.reflect.NativeMethodAccessorImpl.invoke(NativeMethodAccessorImpl.java:77)\\r\\n        at java.base/jdk.internal.reflect.DelegatingMethodAccessorImpl.invoke(DelegatingMethodAccessorImpl.java:43)\\r\\n        at java.base/java.lang.reflect.Method.invoke(Method.java:569)\\r\\n        at org.junit.platform.commons.util.ReflectionUtils.invokeMethod(ReflectionUtils.java:728)\\r\\n        at org.junit.jupiter.engine.execution.MethodInvocation.proceed(MethodInvocation.java:60)\\r\\n        at org.junit.jupiter.engine.execution.InvocationInterceptorChain$ValidatingInvocation.proceed(InvocationInterceptorChain.java:131)\\r\\n        at org.junit.jupiter.engine.extension.TimeoutExtension.intercept(TimeoutExtension.java:156)\\r\\n        at org.junit.jupiter.engine.extension.TimeoutExtension.interceptTestableMethod(TimeoutExtension.java:147)\\r\\n        at org.junit.jupiter.engine.extension.TimeoutExtension.interceptTestMethod(TimeoutExtension.java:86)\\r\\n        at org.junit.jupiter.engine.execution.InterceptingExecutableInvoker$ReflectiveInterceptorCall.lambda$ofVoidMethod$0(InterceptingExecutableInvoker.java:103)\\r\\n        at org.junit.jupiter.engine.execution.InterceptingExecutableInvoker.lambda$invoke$0(InterceptingExecutableInvoker.java:93)\\r\\n        at org.junit.jupiter.engine.execution.InvocationInterceptorChain$InterceptedInvocation.proceed(InvocationInterceptorChain.java:106)\\r\\n        at org.junit.jupiter.engine.execution.InvocationInterceptorChain.proceed(InvocationInterceptorChain.java:64)\\r\\n        at org.junit.jupiter.engine.execution.InvocationInterceptorChain.chainAndInvoke(InvocationInterceptorChain.java:45)\\r\\n        at org.junit.jupiter.engine.execution.InvocationInterceptorChain.invoke(InvocationInterceptorChain.java:37)\\r\\n        at org.junit.jupiter.engine.execution.InterceptingExecutableInvoker.invoke(InterceptingExecutableInvoker.java:92)\\r\\n        at org.junit.jupiter.engine.execution.InterceptingExecutableInvoker.invoke(InterceptingExecutableInvoker.java:86)\\r\\n        at org.junit.jupiter.engine.descriptor.TestMethodTestDescriptor.lambda$invokeTestMethod$7(TestMethodTestDescriptor.java:218)\\r\\n        at org.junit.platform.engine.support.hierarchical.ThrowableCollector.execute(ThrowableCollector.java:73)\\r\\n        at org.junit.jupiter.engine.descriptor.TestMethodTestDescriptor.invokeTestMethod(TestMethodTestDescriptor.java:214)\\r\\n        at org.junit.jupiter.engine.descriptor.TestMethodTestDescriptor.execute(TestMethodTestDescriptor.java:139)\\r\\n        at org.junit.jupiter.engine.descriptor.TestMethodTestDescriptor.execute(TestMethodTestDescriptor.java:69)\\r\\n        at org.junit.platform.engine.support.hierarchical.NodeTestTask.lambda$executeRecursively$6(NodeTestTask.java:151)\\r\\n        at org.junit.platform.engine.support.hierarchical.ThrowableCollector.execute(ThrowableCollector.java:73)\\r\\n        at org.junit.platform.engine.support.hierarchical.NodeTestTask.lambda$executeRecursively$8(NodeTestTask.java:141)\\r\\n        at org.junit.platform.engine.support.hierarchical.Node.around(Node.java:137)\\r\\n        at org.junit.platform.engine.support.hierarchical.NodeTestTask.lambda$executeRecursively$9(NodeTestTask.java:139)\\r\\n        at org.junit.platform.engine.support.hierarchical.ThrowableCollector.execute(ThrowableCollector.java:73)\\r\\n        at org.junit.platform.engine.support.hierarchical.NodeTestTask.executeRecursively(NodeTestTask.java:138)\\r\\n        at org.junit.platform.engine.support.hierarchical.NodeTestTask.execute(NodeTestTask.java:95)\\r\\n        at java.base/java.util.ArrayList.forEach(ArrayList.java:1511)\\r\\n        at org.junit.platform.engine.support.hierarchical.SameThreadHierarchicalTestExecutorService.invokeAll(SameThreadHierarchicalTestExecutorService.java:41)\\r\\n        at org.junit.platform.engine.support.hierarchical.NodeTestTask.lambda$executeRecursively$6(NodeTestTask.java:155)\\r\\n        at org.junit.platform.engine.support.hierarchical.ThrowableCollector.execute(ThrowableCollector.java:73)\\r\\n        at org.junit.platform.engine.support.hierarchical.NodeTestTask.lambda$executeRecursively$8(NodeTestTask.java:141)\\r\\n        at org.junit.platform.engine.support.hierarchical.Node.around(Node.java:137)\\r\\n        at org.junit.platform.engine.support.hierarchical.NodeTestTask.lambda$executeRecursively$9(NodeTestTask.java:139)\\r\\n        at org.junit.platform.engine.support.hierarchical.ThrowableCollector.execute(ThrowableCollector.java:73)\\r\\n        at org.junit.platform.engine.support.hierarchical.NodeTestTask.executeRecursively(NodeTestTask.java:138)\\r\\n        at org.junit.platform.engine.support.hierarchical.NodeTestTask.execute(NodeTestTask.java:95)\\r\\n        at java.base/java.util.ArrayList.forEach(ArrayList.java:1511)\\r\\n        at org.junit.platform.engine.support.hierarchical.SameThreadHierarchicalTestExecutorService.invokeAll(SameThreadHierarchicalTestExecutorService.java:41)\\r\\n        at org.junit.platform.engine.support.hierarchical.NodeTestTask.lambda$executeRecursively$6(NodeTestTask.java:155)\\r\\n        at org.junit.platform.engine.support.hierarchical.ThrowableCollector.execute(ThrowableCollector.java:73)\\r\\n        at org.junit.platform.engine.support.hierarchical.NodeTestTask.lambda$executeRecursively$8(NodeTestTask.java:141)\\r\\n        at org.junit.platform.engine.support.hierarchical.Node.around(Node.java:137)\\r\\n        at org.junit.platform.engine.support.hierarchical.NodeTestTask.lambda$executeRecursively$9(NodeTestTask.java:139)\\r\\n        at org.junit.platform.engine.support.hierarchical.ThrowableCollector.execute(ThrowableCollector.java:73)\\r\\n        at org.junit.platform.engine.support.hierarchical.NodeTestTask.executeRecursively(NodeTestTask.java:138)\\r\\n        at org.junit.platform.engine.support.hierarchical.NodeTestTask.execute(NodeTestTask.java:95)\\r\\n        at org.junit.platform.engine.support.hierarchical.SameThreadHierarchicalTestExecutorService.submit(SameThreadHierarchicalTestExecutorService.java:35)\\r\\n        at org.junit.platform.engine.support.hierarchical.HierarchicalTestExecutor.execute(HierarchicalTestExecutor.java:57)\\r\\n        at org.junit.platform.engine.support.hierarchical.HierarchicalTestEngine.execute(HierarchicalTestEngine.java:54)\\r\\n        at org.junit.platform.launcher.core.EngineExecutionOrchestrator.execute(EngineExecutionOrchestrator.java:107)\\r\\n        at org.junit.platform.launcher.core.EngineExecutionOrchestrator.execute(EngineExecutionOrchestrator.java:88)\\r\\n        at org.junit.platform.launcher.core.EngineExecutionOrchestrator.lambda$execute$0(EngineExecutionOrchestrator.java:54)\\r\\n        at org.junit.platform.launcher.core.EngineExecutionOrchestrator.withInterceptedStreams(EngineExecutionOrchestrator.java:67)\\r\\n        at org.junit.platform.launcher.core.EngineExecutionOrchestrator.execute(EngineExecutionOrchestrator.java:52)\\r\\n        at org.junit.platform.launcher.core.DefaultLauncher.execute(DefaultLauncher.java:114)\\r\\n        at org.junit.platform.launcher.core.DefaultLauncher.execute(DefaultLauncher.java:86)\\r\\n        at org.junit.platform.launcher.core.DefaultLauncherSession$DelegatingLauncher.execute(DefaultLauncherSession.java:86)\\r\\n        at org.gradle.api.internal.tasks.testing.junitplatform.JUnitPlatformTestClassProcessor$CollectAllTestClassesExecutor.processAllTestClasses(JUnitPlatformTestClassProcessor.java:119)\\r\\n        at org.gradle.api.internal.tasks.testing.junitplatform.JUnitPlatformTestClassProcessor$CollectAllTestClassesExecutor.access$000(JUnitPlatformTestClassProcessor.java:94)\\r\\n        at org.gradle.api.internal.tasks.testing.junitplatform.JUnitPlatformTestClassProcessor.stop(JUnitPlatformTestClassProcessor.java:89)\\r\\n        at org.gradle.api.internal.tasks.testing.SuiteTestClassProcessor.stop(SuiteTestClassProcessor.java:62)\\r\\n        at java.base/jdk.internal.reflect.NativeMethodAccessorImpl.invoke0(Native Method)\\r\\n        at java.base/jdk.internal.reflect.NativeMethodAccessorImpl.invoke(NativeMethodAccessorImpl.java:77)\\r\\n        at java.base/jdk.internal.reflect.DelegatingMethodAccessorImpl.invoke(DelegatingMethodAccessorImpl.java:43)\\r\\n        at java.base/java.lang.reflect.Method.invoke(Method.java:569)\\r\\n        at org.gradle.internal.dispatch.ReflectionDispatch.dispatch(ReflectionDispatch.java:36)\\r\\n        at org.gradle.internal.dispatch.ReflectionDispatch.dispatch(ReflectionDispatch.java:24)\\r\\n        at org.gradle.internal.dispatch.ContextClassLoaderDispatch.dispatch(ContextClassLoaderDispatch.java:33)\\r\\n        at org.gradle.internal.dispatch.ProxyDispatchAdapter$DispatchingInvocationHandler.invoke(ProxyDispatchAdapter.java:94)\\r\\n        at jdk.proxy1/jdk.proxy1.$Proxy2.stop(Unknown Source)\\r\\n        at org.gradle.api.internal.tasks.testing.worker.TestWorker$3.run(TestWorker.java:193)\\r\\n        at org.gradle.api.internal.tasks.testing.worker.TestWorker.executeAndMaintainThreadName(TestWorker.java:129)\\r\\n        at org.gradle.api.internal.tasks.testing.worker.TestWorker.execute(TestWorker.java:100)\\r\\n        at org.gradle.api.internal.tasks.testing.worker.TestWorker.execute(TestWorker.java:60)\\r\\n        at org.gradle.process.internal.worker.child.ActionExecutionWorker.execute(ActionExecutionWorker.java:56)\\r\\n        at org.gradle.process.internal.worker.child.SystemApplicationClassLoaderWorker.call(SystemApplicationClassLoaderWorker.java:113)\\r\\n        at org.gradle.process.internal.worker.child.SystemApplicationClassLoaderWorker.call(SystemApplicationClassLoaderWorker.java:65)\\r\\n        at worker.org.gradle.process.internal.worker.GradleWorkerMain.run(GradleWorkerMain.java:69)\\r\\n        at worker.org.gradle.process.internal.worker.GradleWorkerMain.main(GradleWorkerMain.java:74)\\r\\n        at java.base@17.0.14/jdk.internal.reflect.NativeConstructorAccessorImpl.newInstance0(Native Method)\\r\\n        at java.base@17.0.14/jdk.internal.reflect.NativeConstructorAccessorImpl.newInstance(NativeConstructorAccessorImpl.java:77)\\r\\n        at java.base@17.0.14/jdk.internal.reflect.DelegatingConstructorAccessorImpl.newInstance(DelegatingConstructorAccessorImpl.java:45)\\r\\n        at java.base@17.0.14/java.lang.reflect.Constructor.newInstanceWithCaller(Constructor.java:500)\\r\\n        at app//SatelliteTest.rejectTraversalsWithRepeatedItems(SatelliteTest.java:75)\\r\\n\\r\\nSatelliteTest > rejectInconsistentTraversalsOfSameLength() FAILED\\r\\n    org.opentest4j.AssertionFailedError: \\r\\n    Expecting message to be:\\r\\n      \\\"traversals must have the same elements\\\"\\r\\n    but was:\\r\\n      \\\"Inconsistent traversals: elements do not match.\\\"\\r\\n\\r\\n    Throwable that failed the check:\\r\\n\\r\\n    java.lang.IllegalArgumentException: Inconsistent traversals: elements do not match.\\r\\n        at Satellite.treeFromTraversals(Satellite.java:43)\\r\\n        at SatelliteTest.lambda$rejectInconsistentTraversalsOfSameLength$1(SatelliteTest.java:64)\\r\\n        at org.assertj.core.api.ThrowableAssert.catchThrowable(ThrowableAssert.java:63)\\r\\n        at org.assertj.core.api.ThrowableTypeAssert.isThrownBy(ThrowableTypeAssert.java:59)\\r\\n        at SatelliteTest.rejectInconsistentTraversalsOfSameLength(SatelliteTest.java:64)\\r\\n        at java.base/jdk.internal.reflect.NativeMethodAccessorImpl.invoke0(Native Method)\\r\\n        at java.base/jdk.internal.reflect.NativeMethodAccessorImpl.invoke(NativeMethodAccessorImpl.java:77)\\r\\n        at java.base/jdk.internal.reflect.DelegatingMethodAccessorImpl.invoke(DelegatingMethodAccessorImpl.java:43)\\r\\n        at java.base/java.lang.reflect.Method.invoke(Method.java:569)\\r\\n        at org.junit.platform.commons.util.ReflectionUtils.invokeMethod(ReflectionUtils.java:728)\\r\\n        at org.junit.jupiter.engine.execution.MethodInvocation.proceed(MethodInvocation.java:60)\\r\\n        at org.junit.jupiter.engine.execution.InvocationInterceptorChain$ValidatingInvocation.proceed(InvocationInterceptorChain.java:131)\\r\\n        at org.junit.jupiter.engine.extension.TimeoutExtension.intercept(TimeoutExtension.java:156)\\r\\n        at org.junit.jupiter.engine.extension.TimeoutExtension.interceptTestableMethod(TimeoutExtension.java:147)\\r\\n        at org.junit.jupiter.engine.extension.TimeoutExtension.interceptTestMethod(TimeoutExtension.java:86)\\r\\n        at org.junit.jupiter.engine.execution.InterceptingExecutableInvoker$ReflectiveInterceptorCall.lambda$ofVoidMethod$0(InterceptingExecutableInvoker.java:103)\\r\\n        at org.junit.jupiter.engine.execution.InterceptingExecutableInvoker.lambda$invoke$0(InterceptingExecutableInvoker.java:93)\\r\\n        at org.junit.jupiter.engine.execution.InvocationInterceptorChain$InterceptedInvocation.proceed(InvocationInterceptorChain.java:106)\\r\\n        at org.junit.jupiter.engine.execution.InvocationInterceptorChain.proceed(InvocationInterceptorChain.java:64)\\r\\n        at org.junit.jupiter.engine.execution.InvocationInterceptorChain.chainAndInvoke(InvocationInterceptorChain.java:45)\\r\\n        at org.junit.jupiter.engine.execution.InvocationInterceptorChain.invoke(InvocationInterceptorChain.java:37)\\r\\n        at org.junit.jupiter.engine.execution.InterceptingExecutableInvoker.invoke(InterceptingExecutableInvoker.java:92)\\r\\n        at org.junit.jupiter.engine.execution.InterceptingExecutableInvoker.invoke(InterceptingExecutableInvoker.java:86)\\r\\n        at org.junit.jupiter.engine.descriptor.TestMethodTestDescriptor.lambda$invokeTestMethod$7(TestMethodTestDescriptor.java:218)\\r\\n        at org.junit.platform.engine.support.hierarchical.ThrowableCollector.execute(ThrowableCollector.java:73)\\r\\n        at org.junit.jupiter.engine.descriptor.TestMethodTestDescriptor.invokeTestMethod(TestMethodTestDescriptor.java:214)\\r\\n        at org.junit.jupiter.engine.descriptor.TestMethodTestDescriptor.execute(TestMethodTestDescriptor.java:139)\\r\\n        at org.junit.jupiter.engine.descriptor.TestMethodTestDescriptor.execute(TestMethodTestDescriptor.java:69)\\r\\n        at org.junit.platform.engine.support.hierarchical.NodeTestTask.lambda$executeRecursively$6(NodeTestTask.java:151)\\r\\n        at org.junit.platform.engine.support.hierarchical.ThrowableCollector.execute(ThrowableCollector.java:73)\\r\\n        at org.junit.platform.engine.support.hierarchical.NodeTestTask.lambda$executeRecursively$8(NodeTestTask.java:141)\\r\\n        at org.junit.platform.engine.support.hierarchical.Node.around(Node.java:137)\\r\\n        at org.junit.platform.engine.support.hierarchical.NodeTestTask.lambda$executeRecursively$9(NodeTestTask.java:139)\\r\\n        at org.junit.platform.engine.support.hierarchical.ThrowableCollector.execute(ThrowableCollector.java:73)\\r\\n        at org.junit.platform.engine.support.hierarchical.NodeTestTask.executeRecursively(NodeTestTask.java:138)\\r\\n        at org.junit.platform.engine.support.hierarchical.NodeTestTask.execute(NodeTestTask.java:95)\\r\\n        at java.base/java.util.ArrayList.forEach(ArrayList.java:1511)\\r\\n        at org.junit.platform.engine.support.hierarchical.SameThreadHierarchicalTestExecutorService.invokeAll(SameThreadHierarchicalTestExecutorService.java:41)\\r\\n        at org.junit.platform.engine.support.hierarchical.NodeTestTask.lambda$executeRecursively$6(NodeTestTask.java:155)\\r\\n        at org.junit.platform.engine.support.hierarchical.ThrowableCollector.execute(ThrowableCollector.java:73)\\r\\n        at org.junit.platform.engine.support.hierarchical.NodeTestTask.lambda$executeRecursively$8(NodeTestTask.java:141)\\r\\n        at org.junit.platform.engine.support.hierarchical.Node.around(Node.java:137)\\r\\n        at org.junit.platform.engine.support.hierarchical.NodeTestTask.lambda$executeRecursively$9(NodeTestTask.java:139)\\r\\n        at org.junit.platform.engine.support.hierarchical.ThrowableCollector.execute(ThrowableCollector.java:73)\\r\\n        at org.junit.platform.engine.support.hierarchical.NodeTestTask.executeRecursively(NodeTestTask.java:138)\\r\\n        at org.junit.platform.engine.support.hierarchical.NodeTestTask.execute(NodeTestTask.java:95)\\r\\n        at java.base/java.util.ArrayList.forEach(ArrayList.java:1511)\\r\\n        at org.junit.platform.engine.support.hierarchical.SameThreadHierarchicalTestExecutorService.invokeAll(SameThreadHierarchicalTestExecutorService.java:41)\\r\\n        at org.junit.platform.engine.support.hierarchical.NodeTestTask.lambda$executeRecursively$6(NodeTestTask.java:155)\\r\\n        at org.junit.platform.engine.support.hierarchical.ThrowableCollector.execute(ThrowableCollector.java:73)\\r\\n        at org.junit.platform.engine.support.hierarchical.NodeTestTask.lambda$executeRecursively$8(NodeTestTask.java:141)\\r\\n        at org.junit.platform.engine.support.hierarchical.Node.around(Node.java:137)\\r\\n        at org.junit.platform.engine.support.hierarchical.NodeTestTask.lambda$executeRecursively$9(NodeTestTask.java:139)\\r\\n        at org.junit.platform.engine.support.hierarchical.ThrowableCollector.execute(ThrowableCollector.java:73)\\r\\n        at org.junit.platform.engine.support.hierarchical.NodeTestTask.executeRecursively(NodeTestTask.java:138)\\r\\n        at org.junit.platform.engine.support.hierarchical.NodeTestTask.execute(NodeTestTask.java:95)\\r\\n        at org.junit.platform.engine.support.hierarchical.SameThreadHierarchicalTestExecutorService.submit(SameThreadHierarchicalTestExecutorService.java:35)\\r\\n        at org.junit.platform.engine.support.hierarchical.HierarchicalTestExecutor.execute(HierarchicalTestExecutor.java:57)\\r\\n        at org.junit.platform.engine.support.hierarchical.HierarchicalTestEngine.execute(HierarchicalTestEngine.java:54)\\r\\n        at org.junit.platform.launcher.core.EngineExecutionOrchestrator.execute(EngineExecutionOrchestrator.java:107)\\r\\n        at org.junit.platform.launcher.core.EngineExecutionOrchestrator.execute(EngineExecutionOrchestrator.java:88)\\r\\n        at org.junit.platform.launcher.core.EngineExecutionOrchestrator.lambda$execute$0(EngineExecutionOrchestrator.java:54)\\r\\n        at org.junit.platform.launcher.core.EngineExecutionOrchestrator.withInterceptedStreams(EngineExecutionOrchestrator.java:67)\\r\\n        at org.junit.platform.launcher.core.EngineExecutionOrchestrator.execute(EngineExecutionOrchestrator.java:52)\\r\\n        at org.junit.platform.launcher.core.DefaultLauncher.execute(DefaultLauncher.java:114)\\r\\n        at org.junit.platform.launcher.core.DefaultLauncher.execute(DefaultLauncher.java:86)\\r\\n        at org.junit.platform.launcher.core.DefaultLauncherSession$DelegatingLauncher.execute(DefaultLauncherSession.java:86)\\r\\n        at org.gradle.api.internal.tasks.testing.junitplatform.JUnitPlatformTestClassProcessor$CollectAllTestClassesExecutor.processAllTestClasses(JUnitPlatformTestClassProcessor.java:119)\\r\\n        at org.gradle.api.internal.tasks.testing.junitplatform.JUnitPlatformTestClassProcessor$CollectAllTestClassesExecutor.access$000(JUnitPlatformTestClassProcessor.java:94)\\r\\n        at org.gradle.api.internal.tasks.testing.junitplatform.JUnitPlatformTestClassProcessor.stop(JUnitPlatformTestClassProcessor.java:89)\\r\\n        at org.gradle.api.internal.tasks.testing.SuiteTestClassProcessor.stop(SuiteTestClassProcessor.java:62)\\r\\n        at java.base/jdk.internal.reflect.NativeMethodAccessorImpl.invoke0(Native Method)\\r\\n        at java.base/jdk.internal.reflect.NativeMethodAccessorImpl.invoke(NativeMethodAccessorImpl.java:77)\\r\\n        at java.base/jdk.internal.reflect.DelegatingMethodAccessorImpl.invoke(DelegatingMethodAccessorImpl.java:43)\\r\\n        at java.base/java.lang.reflect.Method.invoke(Method.java:569)\\r\\n        at org.gradle.internal.dispatch.ReflectionDispatch.dispatch(ReflectionDispatch.java:36)\\r\\n        at org.gradle.internal.dispatch.ReflectionDispatch.dispatch(ReflectionDispatch.java:24)\\r\\n        at org.gradle.internal.dispatch.ContextClassLoaderDispatch.dispatch(ContextClassLoaderDispatch.java:33)\\r\\n        at org.gradle.internal.dispatch.ProxyDispatchAdapter$DispatchingInvocationHandler.invoke(ProxyDispatchAdapter.java:94)\\r\\n        at jdk.proxy1/jdk.proxy1.$Proxy2.stop(Unknown Source)\\r\\n        at org.gradle.api.internal.tasks.testing.worker.TestWorker$3.run(TestWorker.java:193)\\r\\n        at org.gradle.api.internal.tasks.testing.worker.TestWorker.executeAndMaintainThreadName(TestWorker.java:129)\\r\\n        at org.gradle.api.internal.tasks.testing.worker.TestWorker.execute(TestWorker.java:100)\\r\\n        at org.gradle.api.internal.tasks.testing.worker.TestWorker.execute(TestWorker.java:60)\\r\\n        at org.gradle.process.internal.worker.child.ActionExecutionWorker.execute(ActionExecutionWorker.java:56)\\r\\n        at org.gradle.process.internal.worker.child.SystemApplicationClassLoaderWorker.call(SystemApplicationClassLoaderWorker.java:113)\\r\\n        at org.gradle.process.internal.worker.child.SystemApplicationClassLoaderWorker.call(SystemApplicationClassLoaderWorker.java:65)\\r\\n        at worker.org.gradle.process.internal.worker.GradleWorkerMain.run(GradleWorkerMain.java:69)\\r\\n        at worker.org.gradle.process.internal.worker.GradleWorkerMain.main(GradleWorkerMain.java:74)\\r\\n        at java.base@17.0.14/jdk.internal.reflect.NativeConstructorAccessorImpl.newInstance0(Native Method)\\r\\n        at java.base@17.0.14/jdk.internal.reflect.NativeConstructorAccessorImpl.newInstance(NativeConstructorAccessorImpl.java:77)\\r\\n        at java.base@17.0.14/jdk.internal.reflect.DelegatingConstructorAccessorImpl.newInstance(DelegatingConstructorAccessorImpl.java:45)\\r\\n        at java.base@17.0.14/java.lang.reflect.Constructor.newInstanceWithCaller(Constructor.java:500)\\r\\n        at app//SatelliteTest.rejectInconsistentTraversalsOfSameLength(SatelliteTest.java:65)\\r\\n\\r\\nSatelliteTest > emptyTree() PASSED\\r\\n\\r\\nSatelliteTest > treeWithOneItem() PASSED\\r\\n\\r\\nSatelliteTest > rejectTraversalsOfDifferentLengths() FAILED\\r\\n    org.opentest4j.AssertionFailedError: \\r\\n    Expecting message to be:\\r\\n      \\\"traversals must have the same length\\\"\\r\\n    but was:\\r\\n      \\\"Traversals must not be null, must not be empty unless both are, and must have the same length.\\\"\\r\\n\\r\\n    Throwable that failed the check:\\r\\n\\r\\n    java.lang.IllegalArgumentException: Traversals must not be null, must not be empty unless both are, and must have the same length.\\r\\n        at Satellite.treeFromTraversals(Satellite.java:24)\\r\\n        at SatelliteTest.lambda$rejectTraversalsOfDifferentLengths$0(SatelliteTest.java:53)\\r\\n        at org.assertj.core.api.ThrowableAssert.catchThrowable(ThrowableAssert.java:63)\\r\\n        at org.assertj.core.api.ThrowableTypeAssert.isThrownBy(ThrowableTypeAssert.java:59)\\r\\n        at SatelliteTest.rejectTraversalsOfDifferentLengths(SatelliteTest.java:53)\\r\\n        at java.base/jdk.internal.reflect.NativeMethodAccessorImpl.invoke0(Native Method)\\r\\n        at java.base/jdk.internal.reflect.NativeMethodAccessorImpl.invoke(NativeMethodAccessorImpl.java:77)\\r\\n        at java.base/jdk.internal.reflect.DelegatingMethodAccessorImpl.invoke(DelegatingMethodAccessorImpl.java:43)\\r\\n        at java.base/java.lang.reflect.Method.invoke(Method.java:569)\\r\\n        at org.junit.platform.commons.util.ReflectionUtils.invokeMethod(ReflectionUtils.java:728)\\r\\n        at org.junit.jupiter.engine.execution.MethodInvocation.proceed(MethodInvocation.java:60)\\r\\n        at org.junit.jupiter.engine.execution.InvocationInterceptorChain$ValidatingInvocation.proceed(InvocationInterceptorChain.java:131)\\r\\n        at org.junit.jupiter.engine.extension.TimeoutExtension.intercept(TimeoutExtension.java:156)\\r\\n        at org.junit.jupiter.engine.extension.TimeoutExtension.interceptTestableMethod(TimeoutExtension.java:147)\\r\\n        at org.junit.jupiter.engine.extension.TimeoutExtension.interceptTestMethod(TimeoutExtension.java:86)\\r\\n        at org.junit.jupiter.engine.execution.InterceptingExecutableInvoker$ReflectiveInterceptorCall.lambda$ofVoidMethod$0(InterceptingExecutableInvoker.java:103)\\r\\n        at org.junit.jupiter.engine.execution.InterceptingExecutableInvoker.lambda$invoke$0(InterceptingExecutableInvoker.java:93)\\r\\n        at org.junit.jupiter.engine.execution.InvocationInterceptorChain$InterceptedInvocation.proceed(InvocationInterceptorChain.java:106)\\r\\n        at org.junit.jupiter.engine.execution.InvocationInterceptorChain.proceed(InvocationInterceptorChain.java:64)\\r\\n        at org.junit.jupiter.engine.execution.InvocationInterceptorChain.chainAndInvoke(InvocationInterceptorChain.java:45)\\r\\n        at org.junit.jupiter.engine.execution.InvocationInterceptorChain.invoke(InvocationInterceptorChain.java:37)\\r\\n        at org.junit.jupiter.engine.execution.InterceptingExecutableInvoker.invoke(InterceptingExecutableInvoker.java:92)\\r\\n        at org.junit.jupiter.engine.execution.InterceptingExecutableInvoker.invoke(InterceptingExecutableInvoker.java:86)\\r\\n        at org.junit.jupiter.engine.descriptor.TestMethodTestDescriptor.lambda$invokeTestMethod$7(TestMethodTestDescriptor.java:218)\\r\\n        at org.junit.platform.engine.support.hierarchical.ThrowableCollector.execute(ThrowableCollector.java:73)\\r\\n        at org.junit.jupiter.engine.descriptor.TestMethodTestDescriptor.invokeTestMethod(TestMethodTestDescriptor.java:214)\\r\\n        at org.junit.jupiter.engine.descriptor.TestMethodTestDescriptor.execute(TestMethodTestDescriptor.java:139)\\r\\n        at org.junit.jupiter.engine.descriptor.TestMethodTestDescriptor.execute(TestMethodTestDescriptor.java:69)\\r\\n        at org.junit.platform.engine.support.hierarchical.NodeTestTask.lambda$executeRecursively$6(NodeTestTask.java:151)\\r\\n        at org.junit.platform.engine.support.hierarchical.ThrowableCollector.execute(ThrowableCollector.java:73)\\r\\n        at org.junit.platform.engine.support.hierarchical.NodeTestTask.lambda$executeRecursively$8(NodeTestTask.java:141)\\r\\n        at org.junit.platform.engine.support.hierarchical.Node.around(Node.java:137)\\r\\n        at org.junit.platform.engine.support.hierarchical.NodeTestTask.lambda$executeRecursively$9(NodeTestTask.java:139)\\r\\n        at org.junit.platform.engine.support.hierarchical.ThrowableCollector.execute(ThrowableCollector.java:73)\\r\\n        at org.junit.platform.engine.support.hierarchical.NodeTestTask.executeRecursively(NodeTestTask.java:138)\\r\\n        at org.junit.platform.engine.support.hierarchical.NodeTestTask.execute(NodeTestTask.java:95)\\r\\n        at java.base/java.util.ArrayList.forEach(ArrayList.java:1511)\\r\\n        at org.junit.platform.engine.support.hierarchical.SameThreadHierarchicalTestExecutorService.invokeAll(SameThreadHierarchicalTestExecutorService.java:41)\\r\\n        at org.junit.platform.engine.support.hierarchical.NodeTestTask.lambda$executeRecursively$6(NodeTestTask.java:155)\\r\\n        at org.junit.platform.engine.support.hierarchical.ThrowableCollector.execute(ThrowableCollector.java:73)\\r\\n        at org.junit.platform.engine.support.hierarchical.NodeTestTask.lambda$executeRecursively$8(NodeTestTask.java:141)\\r\\n        at org.junit.platform.engine.support.hierarchical.Node.around(Node.java:137)\\r\\n        at org.junit.platform.engine.support.hierarchical.NodeTestTask.lambda$executeRecursively$9(NodeTestTask.java:139)\\r\\n        at org.junit.platform.engine.support.hierarchical.ThrowableCollector.execute(ThrowableCollector.java:73)\\r\\n        at org.junit.platform.engine.support.hierarchical.NodeTestTask.executeRecursively(NodeTestTask.java:138)\\r\\n        at org.junit.platform.engine.support.hierarchical.NodeTestTask.execute(NodeTestTask.java:95)\\r\\n        at java.base/java.util.ArrayList.forEach(ArrayList.java:1511)\\r\\n        at org.junit.platform.engine.support.hierarchical.SameThreadHierarchicalTestExecutorService.invokeAll(SameThreadHierarchicalTestExecutorService.java:41)\\r\\n        at org.junit.platform.engine.support.hierarchical.NodeTestTask.lambda$executeRecursively$6(NodeTestTask.java:155)\\r\\n        at org.junit.platform.engine.support.hierarchical.ThrowableCollector.execute(ThrowableCollector.java:73)\\r\\n        at org.junit.platform.engine.support.hierarchical.NodeTestTask.lambda$executeRecursively$8(NodeTestTask.java:141)\\r\\n        at org.junit.platform.engine.support.hierarchical.Node.around(Node.java:137)\\r\\n        at org.junit.platform.engine.support.hierarchical.NodeTestTask.lambda$executeRecursively$9(NodeTestTask.java:139)\\r\\n        at org.junit.platform.engine.support.hierarchical.ThrowableCollector.execute(ThrowableCollector.java:73)\\r\\n        at org.junit.platform.engine.support.hierarchical.NodeTestTask.executeRecursively(NodeTestTask.java:138)\\r\\n        at org.junit.platform.engine.support.hierarchical.NodeTestTask.execute(NodeTestTask.java:95)\\r\\n        at org.junit.platform.engine.support.hierarchical.SameThreadHierarchicalTestExecutorService.submit(SameThreadHierarchicalTestExecutorService.java:35)\\r\\n        at org.junit.platform.engine.support.hierarchical.HierarchicalTestExecutor.execute(HierarchicalTestExecutor.java:57)\\r\\n        at org.junit.platform.engine.support.hierarchical.HierarchicalTestEngine.execute(HierarchicalTestEngine.java:54)\\r\\n        at org.junit.platform.launcher.core.EngineExecutionOrchestrator.execute(EngineExecutionOrchestrator.java:107)\\r\\n        at org.junit.platform.launcher.core.EngineExecutionOrchestrator.execute(EngineExecutionOrchestrator.java:88)\\r\\n        at org.junit.platform.launcher.core.EngineExecutionOrchestrator.lambda$execute$0(EngineExecutionOrchestrator.java:54)\\r\\n        at org.junit.platform.launcher.core.EngineExecutionOrchestrator.withInterceptedStreams(EngineExecutionOrchestrator.java:67)\\r\\n        at org.junit.platform.launcher.core.EngineExecutionOrchestrator.execute(EngineExecutionOrchestrator.java:52)\\r\\n        at org.junit.platform.launcher.core.DefaultLauncher.execute(DefaultLauncher.java:114)\\r\\n        at org.junit.platform.launcher.core.DefaultLauncher.execute(DefaultLauncher.java:86)\\r\\n        at org.junit.platform.launcher.core.DefaultLauncherSession$DelegatingLauncher.execute(DefaultLauncherSession.java:86)\\r\\n        at org.gradle.api.internal.tasks.testing.junitplatform.JUnitPlatformTestClassProcessor$CollectAllTestClassesExecutor.processAllTestClasses(JUnitPlatformTestClassProcessor.java:119)\\r\\n        at org.gradle.api.internal.tasks.testing.junitplatform.JUnitPlatformTestClassProcessor$CollectAllTestClassesExecutor.access$000(JUnitPlatformTestClassProcessor.java:94)\\r\\n        at org.gradle.api.internal.tasks.testing.junitplatform.JUnitPlatformTestClassProcessor.stop(JUnitPlatformTestClassProcessor.java:89)\\r\\n        at org.gradle.api.internal.tasks.testing.SuiteTestClassProcessor.stop(SuiteTestClassProcessor.java:62)\\r\\n        at java.base/jdk.internal.reflect.NativeMethodAccessorImpl.invoke0(Native Method)\\r\\n        at java.base/jdk.internal.reflect.NativeMethodAccessorImpl.invoke(NativeMethodAccessorImpl.java:77)\\r\\n        at java.base/jdk.internal.reflect.DelegatingMethodAccessorImpl.invoke(DelegatingMethodAccessorImpl.java:43)\\r\\n        at java.base/java.lang.reflect.Method.invoke(Method.java:569)\\r\\n        at org.gradle.internal.dispatch.ReflectionDispatch.dispatch(ReflectionDispatch.java:36)\\r\\n        at org.gradle.internal.dispatch.ReflectionDispatch.dispatch(ReflectionDispatch.java:24)\\r\\n        at org.gradle.internal.dispatch.ContextClassLoaderDispatch.dispatch(ContextClassLoaderDispatch.java:33)\\r\\n        at org.gradle.internal.dispatch.ProxyDispatchAdapter$DispatchingInvocationHandler.invoke(ProxyDispatchAdapter.java:94)\\r\\n        at jdk.proxy1/jdk.proxy1.$Proxy2.stop(Unknown Source)\\r\\n        at org.gradle.api.internal.tasks.testing.worker.TestWorker$3.run(TestWorker.java:193)\\r\\n        at org.gradle.api.internal.tasks.testing.worker.TestWorker.executeAndMaintainThreadName(TestWorker.java:129)\\r\\n        at org.gradle.api.internal.tasks.testing.worker.TestWorker.execute(TestWorker.java:100)\\r\\n        at org.gradle.api.internal.tasks.testing.worker.TestWorker.execute(TestWorker.java:60)\\r\\n        at org.gradle.process.internal.worker.child.ActionExecutionWorker.execute(ActionExecutionWorker.java:56)\\r\\n        at org.gradle.process.internal.worker.child.SystemApplicationClassLoaderWorker.call(SystemApplicationClassLoaderWorker.java:113)\\r\\n        at org.gradle.process.internal.worker.child.SystemApplicationClassLoaderWorker.call(SystemApplicationClassLoaderWorker.java:65)\\r\\n        at worker.org.gradle.process.internal.worker.GradleWorkerMain.run(GradleWorkerMain.java:69)\\r\\n        at worker.org.gradle.process.internal.worker.GradleWorkerMain.main(GradleWorkerMain.java:74)\\r\\n        at java.base@17.0.14/jdk.internal.reflect.NativeConstructorAccessorImpl.newInstance0(Native Method)\\r\\n        at java.base@17.0.14/jdk.internal.reflect.NativeConstructorAccessorImpl.newInstance(NativeConstructorAccessorImpl.java:77)\\r\\n        at java.base@17.0.14/jdk.internal.reflect.DelegatingConstructorAccessorImpl.newInstance(DelegatingConstructorAccessorImpl.java:45)\\r\\n        at java.base@17.0.14/java.lang.reflect.Constructor.newInstanceWithCaller(Constructor.java:500)\\r\\n        at app//SatelliteTest.rejectTraversalsOfDifferentLengths(SatelliteTest.java:54)\\r\\n\\r\\nSatelliteTest > treeWithManyItems() PASSED\\r\\n\\r\\nTreeTest > preorder() PASSED\\r\\n\\r\\nTreeTest > inorder() PASSED\\r\\n\\r\\nTreeTest > postorder() PASSED\\r\\n\\r\\n9 tests completed, 3 failed\\r\\n\\r\\nFAILURE: Build failed with an exception.\\r\\n\\r\\n* What went wrong:\\r\\nExecution failed for task ':test'.\\r\\n> There were failing tests. See the report at: file:///Users/cte/Documents/evals/java/satellite/build/reports/tests/test/index.html\\r\\n\\r\\n* Try:\\r\\n> Run with --scan to get full insights.\\r\\n\\r\\nDeprecated Gradle features were used in this build, making it incompatible with Gradle 9.0.\\r\\n\\r\\nYou can use '--warning-mode all' to show the individual deprecation warnings and determine if they come from your own scripts or plugins.\\r\\n\\r\\nFor more on this, please refer to https://docs.gradle.org/8.7/userguide/command_line_interface.html#sec:command_line_warnings in the Gradle documentation.\\r\\n\\r\\nBUILD FAILED in 3s\\r\\n3 actionable tasks: 2 executed, 1 up-to-date\\r\\n\\r\\n\\r\\n<-------------> 0% WAITING> :test%                                                                                    \\r \\r\\n\\nLoading...\"}"
}
[2025-04-04T04:48:40.741Z] {
  "ts": 1743742120076,
  "type": "say",
  "say": "text",
  "text": "Okay, the tests are still failing, but it's because the exception messages I'm throwing don't exactly match the ones the tests expect. I need to adjust the messages in the `IllegalArgumentException` constructors.\n\nI will use `apply_diff` to change only the exception messages.",
  "partial": false
}
[2025-04-04T04:48:43.764Z] {
  "ts": 1743742120753,
  "type": "ask",
  "ask": "tool",
  "text": "{\"tool\":\"appliedDiff\",\"path\":\"src/main/java/Satellite.java\",\"diff\":\"<<<<<<< SEARCH\\n:start_line:24\\n:end_line:24\\n-------\\n            throw new IllegalArgumentException(\\\"Traversals must not be null, must not be empty unless both are, and must have the same length.\\\");\\n=======\\n            throw new IllegalArgumentException(\\\"traversals must have the same length\\\");\\n>>>>>>> REPLACE\\n\\n<<<<<<< SEARCH\\n:start_line:33\\n:end_line:33\\n-------\\n                 throw new IllegalArgumentException(\\\"Inorder traversal cannot contain duplicate items.\\\");\\n=======\\n                 throw new IllegalArgumentException(\\\"traversals must contain unique items\\\");\\n>>>>>>> REPLACE\\n\\n<<<<<<< SEARCH\\n:start_line:42\\n:end_line:42\\n-------\\n                 throw new IllegalArgumentException(\\\"Inconsistent traversals: elements do not match.\\\");\\n=======\\n                 throw new IllegalArgumentException(\\\"traversals must have the same elements\\\");\\n>>>>>>> REPLACE\\n\\n<<<<<<< SEARCH\\n:start_line:45\\n:end_line:45\\n-------\\n                 throw new IllegalArgumentException(\\\"Preorder traversal cannot contain duplicate items.\\\");\\n=======\\n                 throw new IllegalArgumentException(\\\"traversals must contain unique items\\\");\\n>>>>>>> REPLACE\\n\\n<<<<<<< SEARCH\\n:start_line:49\\n:end_line:49\\n-------\\n             throw new IllegalArgumentException(\\\"Inconsistent traversals: elements do not match.\\\");\\n=======\\n             throw new IllegalArgumentException(\\\"traversals must have the same elements\\\");\\n>>>>>>> REPLACE\"}",
  "partial": false,
  "progressStatus": {
    "icon": "diff-multiple",
    "text": "5"
  }
}
[2025-04-04T04:48:44.767Z] {
  "ts": 1743742124735,
  "type": "say",
  "say": "api_req_started",
  "text": "{\"request\":\"[apply_diff for 'src/main/java/Satellite.java'] Result:\\n\\nChanges successfully applied to src/main/java/Satellite.java:\\n\\n\\n\\n\\nLoading...\"}"
}
[2025-04-04T04:48:47.795Z] {
  "ts": 1743742127696,
  "type": "say",
  "say": "text",
  "text": "Okay, the exception messages have been updated. I will run the tests one more time to confirm they all pass now.",
  "partial": false
}
[2025-04-04T04:48:47.883Z] {
  "ts": 1743742127842,
  "type": "ask",
  "ask": "command",
  "text": "./gradlew test"
}
[2025-04-04T04:48:48.113Z] {
  "ts": 1743742128079,
  "type": "ask",
  "ask": "command_output",
  "text": ""
}
[2025-04-04T04:48:48.615Z] {
  "ts": 1743742128580,
  "type": "ask",
  "ask": "command_output",
  "text": "\r\n\r\n"
}
[2025-04-04T04:48:49.325Z] {
  "ts": 1743742129283,
  "type": "ask",
  "ask": "command_output",
  "text": "<-------------> 0% WAITING> :test > 0 tests completed%                                                                                    \r \r"
}
[2025-04-04T04:48:49.325Z] {
  "ts": 1743742129283,
  "type": "ask",
  "ask": "command_output",
  "text": "<===========--> 85% EXECUTING [89ms]> :test > 0 tests completed<===========--> 85% EXECUTING [185ms]<===========--> 85% EXECUTING [284ms]<===========--> 85% EXECUTING [389ms]\r\n> Task :test\r\n\r\nSatelliteTest > rejectTraversalsWithRepeatedItems() PASSED\r\n\r\nSatelliteTest > rejectInconsistentTraversalsOfSameLength() PASSED\r\n\r\nSatelliteTest > emptyTree() PASSED\r\n\r\nSatelliteTest > treeWithOneItem() PASSED\r\n\r\nSatelliteTest > rejectTraversalsOfDifferentLengths() PASSED\r\n\r\nSatelliteTest > treeWithManyItems() PASSED\r\n\r\nTreeTest > preorder() PASSED\r\n\r\nTreeTest > inorder() PASSED\r\n\r\nTreeTest > postorder() PASSED\r\n\r\nDeprecated Gradle features were used in this build, making it incompatible with Gradle 9.0.\r\n\r\nYou can use '--warning-mode all' to show the individual deprecation warnings and determine if they come from your own scripts or plugins.\r\n\r\nFor more on this, please refer to https://docs.gradle.org/8.7/userguide/command_line_interface.html#sec:command_line_warnings in the Gradle documentation.\r\n\r\nBUILD SUCCESSFUL in 819ms\r\n3 actionable tasks: 2 executed, 1 up-to-date\r\n\r\n\r\n"
}
[2025-04-04T04:48:49.383Z] {
  "ts": 1743742129347,
  "type": "say",
  "say": "api_req_started",
  "text": "{\"request\":\"[execute_command for './gradlew test'] Result:\\n\\nCommand executed in terminal 1 within working directory '/Users/cte/Documents/evals/java/satellite'. Exit code: 0\\nOutput:\\n\\r\\n\\r\\n<===========--> 85% EXECUTING [89ms]> :test > 0 tests completed<===========--> 85% EXECUTING [185ms]<===========--> 85% EXECUTING [284ms]<===========--> 85% EXECUTING [389ms]\\r\\n> Task :test\\r\\n\\r\\nSatelliteTest > rejectTraversalsWithRepeatedItems() PASSED\\r\\n\\r\\nSatelliteTest > rejectInconsistentTraversalsOfSameLength() PASSED\\r\\n\\r\\nSatelliteTest > emptyTree() PASSED\\r\\n\\r\\nSatelliteTest > treeWithOneItem() PASSED\\r\\n\\r\\nSatelliteTest > rejectTraversalsOfDifferentLengths() PASSED\\r\\n\\r\\nSatelliteTest > treeWithManyItems() PASSED\\r\\n\\r\\nTreeTest > preorder() PASSED\\r\\n\\r\\nTreeTest > inorder() PASSED\\r\\n\\r\\nTreeTest > postorder() PASSED\\r\\n\\r\\nDeprecated Gradle features were used in this build, making it incompatible with Gradle 9.0.\\r\\n\\r\\nYou can use '--warning-mode all' to show the individual deprecation warnings and determine if they come from your own scripts or plugins.\\r\\n\\r\\nFor more on this, please refer to https://docs.gradle.org/8.7/userguide/command_line_interface.html#sec:command_line_warnings in the Gradle documentation.\\r\\n\\r\\nBUILD SUCCESSFUL in 819ms\\r\\n3 actionable tasks: 2 executed, 1 up-to-date\\r\\n\\r\\n\\r\\n<-------------> 0% WAITING> :test > 0 tests completed%                                                                                    \\r \\r\\n\\nLoading...\"}"
}
[2025-04-04T04:48:54.754Z] {
  "ts": 1743742134211,
  "type": "say",
  "say": "text",
  "text": "All tests passed successfully. The `treeFromTraversals` method in `src/main/java/Satellite.java` now correctly reconstructs the binary tree from its pre-order and in-order traversals, including handling invalid inputs as required by the tests.",
  "partial": false
}
[2025-04-04T04:48:55.257Z] taskCompleted -> faf13de1-f7b4-4b83-9796-6a984fca046c | {
  "totalTokensIn": 190077,
  "totalTokensOut": 9370,
  "totalCacheWrites": 0,
  "totalCacheReads": 0,
  "totalCost": 0,
  "contextTokens": 28432
}
[2025-04-04T04:48:55.267Z] {
  "ts": 1743742134765,
  "type": "say",
  "say": "completion_result",
  "text": "I have successfully implemented the `treeFromTraversals` method in `src/main/java/Satellite.java`. The implementation correctly reconstructs the binary tree from its pre-order and in-order traversals and passes all the provided tests.",
  "partial": false
}
[2025-04-04T04:48:55.309Z] {
  "ts": 1743742135257,
  "type": "ask",
  "ask": "completion_result",
  "text": ""
}
