[2025-04-03T23:13:06.658Z] {
  "ts": 1743721986643,
  "type": "say",
  "say": "text",
  "text": "Your job is to complete a coding exercise described the markdown files inside the `.docs` directory.\n\nA file with the implementation stubbed out has been created for you, along with a test file.\n\nTo successfully complete the exercise, you must pass all the tests in the test file.\n\nTo confirm that your solution is correct, run the tests with `./gradlew test`. Do not alter the test file; it should be run as-is.\n\nDo not use the \"ask_followup_question\" tool.\n"
}
[2025-04-03T23:13:06.668Z] taskStarted -> a5441e42-b5c9-46be-af03-98d9f3a96ef5
[2025-04-03T23:13:06.682Z] {
  "ts": 1743721986669,
  "type": "say",
  "say": "api_req_started",
  "text": "{\"request\":\"<task>\\nYour job is to complete a coding exercise described the markdown files inside the `.docs` directory.\\n\\nA file with the implementation stubbed out has been created for you, along with a test file.\\n\\nTo successfully complete the exercise, you must pass all the tests in the test file.\\n\\nTo confirm that your solution is correct, run the tests with `./gradlew test`. Do not alter the test file; it should be run as-is.\\n\\nDo not use the \\\"ask_followup_question\\\" tool.\\n\\n</task>\\n\\nLoading...\"}"
}
[2025-04-03T23:13:10.564Z] {
  "ts": 1743721989367,
  "type": "say",
  "say": "text",
  "text": "The task is to complete a coding exercise described in markdown files inside the `.docs` directory. However, the `.docs` directory is not listed in the current environment details, which means it is either hidden, not yet created, or simply not listed. Since I cannot ask the user questions, I will proceed by listing all files recursively to check if `.docs` exists but was just not included in the initial environment details.\n\nIf `.docs` exists, I will then read the markdown files inside it to understand the exercise requirements. After that, I will inspect the stub implementation file (`src/main/java/MazeGenerator.java`) and the test file (`src/test/java/MazeGeneratorTest.java`). \n\nThe first step is to list all files recursively to locate `.docs` and its contents.",
  "partial": false
}
[2025-04-03T23:13:10.564Z] {
  "ts": 1743721989367,
  "type": "say",
  "say": "text",
  "text": "The task is to complete a coding exercise described in markdown files inside the `.docs` directory. However, the `.docs` directory is not listed in the current environment details, which means it is either hidden, not yet created, or simply not listed. Since I cannot ask the user questions, I will proceed by listing all files recursively to check if `.docs` exists but was just not included in the initial environment details.\n\nIf `.docs` exists, I will then read the markdown files inside it to understand the exercise requirements. After that, I will inspect the stub implementation file (`src/main/java/MazeGenerator.java`) and the test file (`src/test/java/MazeGeneratorTest.java`). \n\nThe first step is to list all files recursively to locate `.docs` and its contents.",
  "partial": false
}
[2025-04-03T23:13:10.564Z] {
  "ts": 1743721989367,
  "type": "say",
  "say": "text",
  "text": "The task is to complete a coding exercise described in markdown files inside the `.docs` directory. However, the `.docs` directory is not listed in the current environment details, which means it is either hidden, not yet created, or simply not listed. Since I cannot ask the user questions, I will proceed by listing all files recursively to check if `.docs` exists but was just not included in the initial environment details.\n\nIf `.docs` exists, I will then read the markdown files inside it to understand the exercise requirements. After that, I will inspect the stub implementation file (`src/main/java/MazeGenerator.java`) and the test file (`src/test/java/MazeGeneratorTest.java`). \n\nThe first step is to list all files recursively to locate `.docs` and its contents.",
  "partial": false
}
[2025-04-03T23:13:10.564Z] {
  "ts": 1743721989367,
  "type": "say",
  "say": "text",
  "text": "The task is to complete a coding exercise described in markdown files inside the `.docs` directory. However, the `.docs` directory is not listed in the current environment details, which means it is either hidden, not yet created, or simply not listed. Since I cannot ask the user questions, I will proceed by listing all files recursively to check if `.docs` exists but was just not included in the initial environment details.\n\nIf `.docs` exists, I will then read the markdown files inside it to understand the exercise requirements. After that, I will inspect the stub implementation file (`src/main/java/MazeGenerator.java`) and the test file (`src/test/java/MazeGeneratorTest.java`). \n\nThe first step is to list all files recursively to locate `.docs` and its contents.",
  "partial": false
}
[2025-04-03T23:13:10.575Z] {
  "ts": 1743721989367,
  "type": "say",
  "say": "text",
  "text": "The task is to complete a coding exercise described in markdown files inside the `.docs` directory. However, the `.docs` directory is not listed in the current environment details, which means it is either hidden, not yet created, or simply not listed. Since I cannot ask the user questions, I will proceed by listing all files recursively to check if `.docs` exists but was just not included in the initial environment details.\n\nIf `.docs` exists, I will then read the markdown files inside it to understand the exercise requirements. After that, I will inspect the stub implementation file (`src/main/java/MazeGenerator.java`) and the test file (`src/test/java/MazeGeneratorTest.java`). \n\nThe first step is to list all files recursively to locate `.docs` and its contents.",
  "partial": false
}
[2025-04-03T23:13:10.748Z] {
  "ts": 1743721990582,
  "type": "ask",
  "ask": "tool",
  "text": "{\"tool\":\"listFilesRecursive\",\"path\":\"mazy-mice\",\"content\":\"build.gradle\\ngradlew\\ngradlew.bat\\nroo-code-messages.log\\nbuild/\\nbuild/classes/\\nbuild/classes/java/\\nbuild/classes/java/main/\\nbuild/classes/java/main/MazeGenerator.class\\nbuild/classes/java/main/MazeGenerator$Direction.class\\nbuild/classes/java/test/\\nbuild/classes/java/test/MazeGeneratorTest.class\\nbuild/classes/java/test/MazeGeneratorTest$Direction.class\\nbuild/generated/\\nbuild/generated/sources/\\nbuild/generated/sources/annotationProcessor/\\nbuild/generated/sources/annotationProcessor/java/\\nbuild/generated/sources/annotationProcessor/java/main/\\nbuild/generated/sources/annotationProcessor/java/test/\\nbuild/generated/sources/headers/\\nbuild/generated/sources/headers/java/\\nbuild/generated/sources/headers/java/main/\\nbuild/generated/sources/headers/java/test/\\nbuild/reports/\\nbuild/reports/tests/\\nbuild/reports/tests/test/\\nbuild/reports/tests/test/index.html\\nbuild/reports/tests/test/classes/\\nbuild/reports/tests/test/classes/MazeGeneratorTest.html\\nbuild/reports/tests/test/css/\\nbuild/reports/tests/test/css/base-style.css\\nbuild/reports/tests/test/css/style.css\\nbuild/reports/tests/test/js/\\nbuild/reports/tests/test/js/report.js\\nbuild/reports/tests/test/packages/\\nbuild/reports/tests/test/packages/default-package.html\\nbuild/test-results/\\nbuild/test-results/test/\\nbuild/test-results/test/TEST-MazeGeneratorTest.xml\\nbuild/test-results/test/binary/\\nbuild/test-results/test/binary/output.bin\\nbuild/test-results/test/binary/output.bin.idx\\nbuild/test-results/test/binary/results.bin\\ngradle/\\ngradle/wrapper/\\ngradle/wrapper/gradle-wrapper.jar\\ngradle/wrapper/gradle-wrapper.properties\\nsrc/\\nsrc/main/\\nsrc/main/java/\\nsrc/main/java/MazeGenerator.java\\nsrc/test/\\nsrc/test/java/\\nsrc/test/java/MazeGeneratorTest.java\"}",
  "partial": false
}
[2025-04-03T23:13:11.077Z] {
  "ts": 1743721991061,
  "type": "say",
  "say": "api_req_started",
  "text": "{\"request\":\"[list_files for '.'] Result:\\n\\nbuild.gradle\\ngradlew\\ngradlew.bat\\nroo-code-messages.log\\nbuild/\\nbuild/classes/\\nbuild/classes/java/\\nbuild/classes/java/main/\\nbuild/classes/java/main/MazeGenerator.class\\nbuild/classes/java/main/MazeGenerator$Direction.class\\nbuild/classes/java/test/\\nbuild/classes/java/test/MazeGeneratorTest.class\\nbuild/classes/java/test/MazeGeneratorTest$Direction.class\\nbuild/generated/\\nbuild/generated/sources/\\nbuild/generated/sources/annotationProcessor/\\nbuild/generated/sources/annotationProcessor/java/\\nbuild/generated/sources/annotationProcessor/java/main/\\nbuild/generated/sources/annotationProcessor/java/test/\\nbuild/generated/sources/headers/\\nbuild/generated/sources/headers/java/\\nbuild/generated/sources/headers/java/main/\\nbuild/generated/sources/headers/java/test/\\nbuild/reports/\\nbuild/reports/tests/\\nbuild/reports/tests/test/\\nbuild/reports/tests/test/index.html\\nbuild/reports/tests/test/classes/\\nbuild/reports/tests/test/classes/MazeGeneratorTest.html\\nbuild/reports/tests/test/css/\\nbuild/reports/tests/test/css/base-style.css\\nbuild/reports/tests/test/css/style.css\\nbuild/reports/tests/test/js/\\nbuild/reports/tests/test/js/report.js\\nbuild/reports/tests/test/packages/\\nbuild/reports/tests/test/packages/default-package.html\\nbuild/test-results/\\nbuild/test-results/test/\\nbuild/test-results/test/TEST-MazeGeneratorTest.xml\\nbuild/test-results/test/binary/\\nbuild/test-results/test/binary/output.bin\\nbuild/test-results/test/binary/output.bin.idx\\nbuild/test-results/test/binary/results.bin\\ngradle/\\ngradle/wrapper/\\ngradle/wrapper/gradle-wrapper.jar\\ngradle/wrapper/gradle-wrapper.properties\\nsrc/\\nsrc/main/\\nsrc/main/java/\\nsrc/main/java/MazeGenerator.java\\nsrc/test/\\nsrc/test/java/\\nsrc/test/java/MazeGeneratorTest.java\\n\\nLoading...\"}"
}
[2025-04-03T23:13:13.794Z] {
  "ts": 1743721992751,
  "type": "say",
  "say": "text",
  "text": "The `.docs` directory does not exist in the project directory structure, which means there are no markdown files explicitly describing the exercise. \n\nGiven this, the best approach is to analyze the existing files:\n- The implementation stub is likely in `src/main/java/MazeGenerator.java`.\n- The tests are in `src/test/java/MazeGeneratorTest.java`.\n\nBy inspecting the test file, I can infer the expected behavior and requirements for the implementation. Then, I will examine the stub file to see what needs to be completed.\n\nThe next step is to list the code definitions in the test file to get an overview of the test cases and what methods or behaviors they are testing.",
  "partial": false
}
[2025-04-03T23:13:13.794Z] {
  "ts": 1743721992751,
  "type": "say",
  "say": "text",
  "text": "The `.docs` directory does not exist in the project directory structure, which means there are no markdown files explicitly describing the exercise. \n\nGiven this, the best approach is to analyze the existing files:\n- The implementation stub is likely in `src/main/java/MazeGenerator.java`.\n- The tests are in `src/test/java/MazeGeneratorTest.java`.\n\nBy inspecting the test file, I can infer the expected behavior and requirements for the implementation. Then, I will examine the stub file to see what needs to be completed.\n\nThe next step is to list the code definitions in the test file to get an overview of the test cases and what methods or behaviors they are testing.",
  "partial": false
}
[2025-04-03T23:13:13.794Z] {
  "ts": 1743721992751,
  "type": "say",
  "say": "text",
  "text": "The `.docs` directory does not exist in the project directory structure, which means there are no markdown files explicitly describing the exercise. \n\nGiven this, the best approach is to analyze the existing files:\n- The implementation stub is likely in `src/main/java/MazeGenerator.java`.\n- The tests are in `src/test/java/MazeGeneratorTest.java`.\n\nBy inspecting the test file, I can infer the expected behavior and requirements for the implementation. Then, I will examine the stub file to see what needs to be completed.\n\nThe next step is to list the code definitions in the test file to get an overview of the test cases and what methods or behaviors they are testing.",
  "partial": false
}
[2025-04-03T23:13:13.815Z] {
  "ts": 1743721992751,
  "type": "say",
  "say": "text",
  "text": "The `.docs` directory does not exist in the project directory structure, which means there are no markdown files explicitly describing the exercise. \n\nGiven this, the best approach is to analyze the existing files:\n- The implementation stub is likely in `src/main/java/MazeGenerator.java`.\n- The tests are in `src/test/java/MazeGeneratorTest.java`.\n\nBy inspecting the test file, I can infer the expected behavior and requirements for the implementation. Then, I will examine the stub file to see what needs to be completed.\n\nThe next step is to list the code definitions in the test file to get an overview of the test cases and what methods or behaviors they are testing.",
  "partial": false
}
[2025-04-03T23:13:13.982Z] {
  "ts": 1743721993820,
  "type": "ask",
  "ask": "tool",
  "text": "{\"tool\":\"listCodeDefinitionNames\",\"path\":\"src/test/java/MazeGeneratorTest.java\",\"content\":\"# MazeGeneratorTest.java\\n10--227 | public class MazeGeneratorTest {\\n1--227 | import org.junit.jupiter.api.BeforeEach;\\n34--37 |     @BeforeEach\\n39--48 |     @Test\\n50--61 |     @Test\\n63--71 |     @Test\\n73--81 |     @Test\\n83--91 |     @Test\\n93--101 |     @Test\\n103--111 |     @Test\\n113--119 |     @Test\\n121--127 |     @Test\\n129--133 |     @Test\\n135--139 |     @Test\\n141--145 |     @Test\\n147--151 |     @Test\\n157--173 |     private void assertMazeHasSinglePath(char[][] maze, int x, int y) {\\n175--184 |     private void assertThatMazeHasNoIsolatedSections(char[][] maze) {\\n186--194 |     private int countExits(char[][] maze) {\\n196--204 |     private int countEntrances(char[][] maze) {\\n\"}",
  "partial": false
}
[2025-04-03T23:13:14.341Z] {
  "ts": 1743721994313,
  "type": "say",
  "say": "api_req_started",
  "text": "{\"request\":\"[list_code_definition_names for 'src/test/java/MazeGeneratorTest.java'] Result:\\n\\n# MazeGeneratorTest.java\\n10--227 | public class MazeGeneratorTest {\\n1--227 | import org.junit.jupiter.api.BeforeEach;\\n34--37 |     @BeforeEach\\n39--48 |     @Test\\n50--61 |     @Test\\n63--71 |     @Test\\n73--81 |     @Test\\n83--91 |     @Test\\n93--101 |     @Test\\n103--111 |     @Test\\n113--119 |     @Test\\n121--127 |     @Test\\n129--133 |     @Test\\n135--139 |     @Test\\n141--145 |     @Test\\n147--151 |     @Test\\n157--173 |     private void assertMazeHasSinglePath(char[][] maze, int x, int y) {\\n175--184 |     private void assertThatMazeHasNoIsolatedSections(char[][] maze) {\\n186--194 |     private int countExits(char[][] maze) {\\n196--204 |     private int countEntrances(char[][] maze) {\\n\\n\\nLoading...\"}"
}
[2025-04-03T23:13:16.606Z] {
  "ts": 1743721995716,
  "type": "say",
  "say": "text",
  "text": "The `MazeGeneratorTest` class contains numerous test methods annotated with `@Test` between lines 39 and 151, as well as some helper methods afterward. To understand the requirements, I need to examine these test methods, as they will reveal the expected behavior of the maze generator.\n\nI will read lines 39-151 to cover all the test methods, which will provide insight into the expected functionality and constraints of the maze generation.",
  "partial": false
}
[2025-04-03T23:13:16.606Z] {
  "ts": 1743721995716,
  "type": "say",
  "say": "text",
  "text": "The `MazeGeneratorTest` class contains numerous test methods annotated with `@Test` between lines 39 and 151, as well as some helper methods afterward. To understand the requirements, I need to examine these test methods, as they will reveal the expected behavior of the maze generator.\n\nI will read lines 39-151 to cover all the test methods, which will provide insight into the expected functionality and constraints of the maze generation.",
  "partial": false
}
[2025-04-03T23:13:16.616Z] {
  "ts": 1743721995716,
  "type": "say",
  "say": "text",
  "text": "The `MazeGeneratorTest` class contains numerous test methods annotated with `@Test` between lines 39 and 151, as well as some helper methods afterward. To understand the requirements, I need to examine these test methods, as they will reveal the expected behavior of the maze generator.\n\nI will read lines 39-151 to cover all the test methods, which will provide insight into the expected functionality and constraints of the maze generation.",
  "partial": false
}
[2025-04-03T23:13:16.838Z] {
  "ts": 1743721996621,
  "type": "ask",
  "ask": "tool",
  "text": "{\"tool\":\"readFile\",\"path\":\"src/test/java/MazeGeneratorTest.java\",\"isOutsideWorkspace\":false,\"content\":\"/Users/cte/Documents/evals/java/mazy-mice/src/test/java/MazeGeneratorTest.java\",\"reason\":\" (lines 39-151)\"}",
  "partial": false
}
[2025-04-03T23:13:17.381Z] {
  "ts": 1743721997367,
  "type": "say",
  "say": "api_req_started",
  "text": "{\"request\":\"[read_file for 'src/test/java/MazeGeneratorTest.java'] Result:\\n\\n 39 |     @Test\\n 40 |     public void theDimensionsOfTheMazeAreCorrect() {\\n 41 |         var maze = sut.generatePerfectMaze(RECTANGLE_ROWS, RECTANGLE_COLUMNS);\\n 42 |         var expectedWidth = RECTANGLE_COLUMNS * 2 + 1;\\n 43 |         var expectedHeight = RECTANGLE_ROWS * 2 + 1;\\n 44 | \\n 45 |         assertThat(maze)\\n 46 |                 .as(\\\"The maze has the correct dimensions\\\")\\n 47 |                 .hasDimensions(expectedHeight, expectedWidth);\\n 48 |     }\\n 49 | \\n 50 |     @Test\\n 51 |     public void theMazeContainsOnlyValidCharacters() {\\n 52 |         var maze = sut.generatePerfectMaze(RECTANGLE_ROWS, RECTANGLE_COLUMNS);\\n 53 | \\n 54 |         for (var row : maze) {\\n 55 |             for (var cell : row) {\\n 56 |                 assertThat(cell)\\n 57 |                         .as(\\\"The maze contains only valid characters\\\")\\n 58 |                         .isIn(ALLOWED_SYMBOLS);\\n 59 |             }\\n 60 |         }\\n 61 |     }\\n 62 | \\n 63 |     @Test\\n 64 |     public void theMazeHasOnlyOneEntranceOnTheLeftSide() {\\n 65 |         var maze = sut.generatePerfectMaze(RECTANGLE_ROWS, RECTANGLE_COLUMNS);\\n 66 |         int entranceCount = countEntrances(maze);\\n 67 | \\n 68 |         assertThat(entranceCount)\\n 69 |                 .as(\\\"The maze has only one entrance on the left side\\\")\\n 70 |                 .isOne();\\n 71 |     }\\n 72 | \\n 73 |     @Test\\n 74 |     public void theMazeHasSingleExitOnTheRightSideOfTheMaze() {\\n 75 |         var maze = sut.generatePerfectMaze(RECTANGLE_ROWS, RECTANGLE_COLUMNS);\\n 76 |         int exitCount = countExits(maze);\\n 77 | \\n 78 |         assertThat(exitCount)\\n 79 |                 .as(\\\"The maze has a single exit on the right side of the maze\\\")\\n 80 |                 .isOne();\\n 81 |     }\\n 82 | \\n 83 |     @Test\\n 84 |     public void aMazeIsDifferentEachTimeItIsGenerated() {\\n 85 |         var maze1 = sut.generatePerfectMaze(RECTANGLE_ROWS, RECTANGLE_COLUMNS);\\n 86 |         var maze2 = sut.generatePerfectMaze(RECTANGLE_ROWS, RECTANGLE_COLUMNS);\\n 87 | \\n 88 |         assertThat(maze1)\\n 89 |                 .as(\\\"Two mazes should not be equal\\\")\\n 90 |                 .isNotEqualTo(maze2);\\n 91 |     }\\n 92 | \\n 93 |     @Test\\n 94 |     public void twoMazesWithSameSeedShouldBeEqual() {\\n 95 |         var maze1 = sut.generatePerfectMaze(RECTANGLE_ROWS, RECTANGLE_COLUMNS, SEED_ONE);\\n 96 |         var maze2 = sut.generatePerfectMaze(RECTANGLE_ROWS, RECTANGLE_COLUMNS, SEED_ONE);\\n 97 | \\n 98 |         assertThat(maze1)\\n 99 |                 .as(\\\"Two mazes with the same seed should be equal\\\")\\n100 |                 .isEqualTo(maze2);\\n101 |     }\\n102 | \\n103 |     @Test\\n104 |     public void twoMazesWithDifferentSeedsShouldNotBeEqual() {\\n105 |         var maze1 = sut.generatePerfectMaze(RECTANGLE_ROWS, RECTANGLE_COLUMNS, SEED_ONE);\\n106 |         var maze2 = sut.generatePerfectMaze(RECTANGLE_ROWS, RECTANGLE_COLUMNS, SEED_TWO);\\n107 | \\n108 |         assertThat(maze1)\\n109 |                 .as(\\\"Two mazes with different seeds should not be equal\\\")\\n110 |                 .isNotEqualTo(maze2);\\n111 |     }\\n112 | \\n113 |     @Test\\n114 |     public void theMazeIsPerfect() {\\n115 |         var maze = sut.generatePerfectMaze(RECTANGLE_ROWS, RECTANGLE_COLUMNS);\\n116 | \\n117 |         assertThatMazeHasSinglePath(maze);\\n118 |         assertThatMazeHasNoIsolatedSections(maze);\\n119 |     }\\n120 | \\n121 |     @Test\\n122 |     public void theMazeIsPerfectWithSeed() {\\n123 |         var maze = sut.generatePerfectMaze(RECTANGLE_ROWS, RECTANGLE_COLUMNS, SEED_ONE);\\n124 | \\n125 |         assertThatMazeHasSinglePath(maze);\\n126 |         assertThatMazeHasNoIsolatedSections(maze);\\n127 |     }\\n128 | \\n129 |     @Test\\n130 |     public void shouldThrowExceptionWhenRowsIsLessThanFive() {\\n131 |         assertThatIllegalArgumentException()\\n132 |                 .isThrownBy(() -> sut.generatePerfectMaze(0, RECTANGLE_COLUMNS));\\n133 |     }\\n134 | \\n135 |     @Test\\n136 |     public void shouldThrowExceptionWhenColumnsIsLessThanFive() {\\n137 |         assertThatIllegalArgumentException()\\n138 |                 .isThrownBy(() -> sut.generatePerfectMaze(RECTANGLE_ROWS, 0));\\n139 |     }\\n140 | \\n141 |     @Test\\n142 |     public void shouldThrowExceptionWhenRowsIsMoreThenHundred() {\\n143 |         assertThatIllegalArgumentException()\\n144 |                 .isThrownBy(() -> sut.generatePerfectMaze(101, RECTANGLE_COLUMNS));\\n145 |     }\\n146 | \\n147 |     @Test\\n148 |     public void shouldThrowExceptionWhenColumnsIsMoreThenHundred() {\\n149 |         assertThatIllegalArgumentException()\\n150 |                 .isThrownBy(() -> sut.generatePerfectMaze(RECTANGLE_ROWS, 101));\\n151 |     }\\n\\nLoading...\"}"
}
[2025-04-03T23:13:20.500Z] {
  "ts": 1743721998636,
  "type": "say",
  "say": "text",
  "text": "From the test methods, the requirements for the maze generator are:\n\n- The maze is generated by `sut.generatePerfectMaze(rows, columns)` or with an additional seed parameter.\n- The maze dimensions should be `(rows * 2 + 1)` height and `(columns * 2 + 1)` width.\n- The maze contains only allowed characters (`ALLOWED_SYMBOLS`).\n- There is exactly one entrance on the left side and one exit on the right side.\n- Mazes generated without a seed should be different each time.\n- Mazes generated with the same seed should be identical.\n- Mazes generated with different seeds should differ.\n- The maze must be \"perfect\": exactly one path between entrance and exit, no isolated sections.\n- Rows and columns must be between 5 and 100 inclusive; otherwise, an `IllegalArgumentException` is thrown.\n\nNext, I will inspect the stub implementation in `src/main/java/MazeGenerator.java` to see what is already implemented and what needs to be completed.",
  "partial": false
}
[2025-04-03T23:13:20.614Z] {
  "ts": 1743722000551,
  "type": "ask",
  "ask": "tool",
  "text": "{\"tool\":\"readFile\",\"path\":\"src/main/java/MazeGenerator.java\",\"isOutsideWorkspace\":false,\"content\":\"/Users/cte/Documents/evals/java/mazy-mice/src/main/java/MazeGenerator.java\",\"reason\":\" (max 500 lines)\"}",
  "partial": false
}
[2025-04-03T23:13:21.072Z] {
  "ts": 1743722001058,
  "type": "say",
  "say": "api_req_started",
  "text": "{\"request\":\"[read_file for 'src/main/java/MazeGenerator.java'] Result:\\n\\n 1 | public class MazeGenerator {\\n 2 | \\n 3 |     public char[][] generatePerfectMaze(int rows, int columns) {\\n 4 |         throw new UnsupportedOperationException(\\\"Delete this statement and write your own implementation.\\\");\\n 5 |     }\\n 6 | \\n 7 |     public char[][] generatePerfectMaze(int rows, int columns, int seed) {\\n 8 |         throw new UnsupportedOperationException(\\\"Delete this statement and write your own implementation.\\\");\\n 9 |     }\\n10 | }\\n11 | \\n\\nLoading...\"}"
}
[2025-04-03T23:13:24.092Z] {
  "ts": 1743722002530,
  "type": "say",
  "say": "text",
  "text": "The `MazeGenerator` class contains two stub methods:\n- `generatePerfectMaze(int rows, int columns)`\n- `generatePerfectMaze(int rows, int columns, int seed)`\n\nBoth throw `UnsupportedOperationException`. \n\nBased on the tests, the implementation must:\n- Validate input dimensions (5 ≤ rows, columns ≤ 100).\n- Generate a maze of size `(rows * 2 + 1)` by `(columns * 2 + 1)`.\n- Use a random generator, optionally seeded.\n- Ensure the maze is perfect (one unique path, no isolated sections).\n- Place one entrance on the left and one exit on the right.\n- Use only allowed characters (likely walls and paths).\n\nSince the allowed characters are referenced as `ALLOWED_SYMBOLS` in the test, I need to identify what these are. They might be constants in the test class or elsewhere.\n\nI will search for `ALLOWED_SYMBOLS` in the test file to understand the valid maze characters.",
  "partial": false
}
[2025-04-03T23:13:24.092Z] {
  "ts": 1743722002530,
  "type": "say",
  "say": "text",
  "text": "The `MazeGenerator` class contains two stub methods:\n- `generatePerfectMaze(int rows, int columns)`\n- `generatePerfectMaze(int rows, int columns, int seed)`\n\nBoth throw `UnsupportedOperationException`. \n\nBased on the tests, the implementation must:\n- Validate input dimensions (5 ≤ rows, columns ≤ 100).\n- Generate a maze of size `(rows * 2 + 1)` by `(columns * 2 + 1)`.\n- Use a random generator, optionally seeded.\n- Ensure the maze is perfect (one unique path, no isolated sections).\n- Place one entrance on the left and one exit on the right.\n- Use only allowed characters (likely walls and paths).\n\nSince the allowed characters are referenced as `ALLOWED_SYMBOLS` in the test, I need to identify what these are. They might be constants in the test class or elsewhere.\n\nI will search for `ALLOWED_SYMBOLS` in the test file to understand the valid maze characters.",
  "partial": false
}
[2025-04-03T23:13:24.092Z] {
  "ts": 1743722002530,
  "type": "say",
  "say": "text",
  "text": "The `MazeGenerator` class contains two stub methods:\n- `generatePerfectMaze(int rows, int columns)`\n- `generatePerfectMaze(int rows, int columns, int seed)`\n\nBoth throw `UnsupportedOperationException`. \n\nBased on the tests, the implementation must:\n- Validate input dimensions (5 ≤ rows, columns ≤ 100).\n- Generate a maze of size `(rows * 2 + 1)` by `(columns * 2 + 1)`.\n- Use a random generator, optionally seeded.\n- Ensure the maze is perfect (one unique path, no isolated sections).\n- Place one entrance on the left and one exit on the right.\n- Use only allowed characters (likely walls and paths).\n\nSince the allowed characters are referenced as `ALLOWED_SYMBOLS` in the test, I need to identify what these are. They might be constants in the test class or elsewhere.\n\nI will search for `ALLOWED_SYMBOLS` in the test file to understand the valid maze characters.",
  "partial": false
}
[2025-04-03T23:13:24.092Z] {
  "ts": 1743722002530,
  "type": "say",
  "say": "text",
  "text": "The `MazeGenerator` class contains two stub methods:\n- `generatePerfectMaze(int rows, int columns)`\n- `generatePerfectMaze(int rows, int columns, int seed)`\n\nBoth throw `UnsupportedOperationException`. \n\nBased on the tests, the implementation must:\n- Validate input dimensions (5 ≤ rows, columns ≤ 100).\n- Generate a maze of size `(rows * 2 + 1)` by `(columns * 2 + 1)`.\n- Use a random generator, optionally seeded.\n- Ensure the maze is perfect (one unique path, no isolated sections).\n- Place one entrance on the left and one exit on the right.\n- Use only allowed characters (likely walls and paths).\n\nSince the allowed characters are referenced as `ALLOWED_SYMBOLS` in the test, I need to identify what these are. They might be constants in the test class or elsewhere.\n\nI will search for `ALLOWED_SYMBOLS` in the test file to understand the valid maze characters.",
  "partial": false
}
[2025-04-03T23:13:24.092Z] {
  "ts": 1743722002530,
  "type": "say",
  "say": "text",
  "text": "The `MazeGenerator` class contains two stub methods:\n- `generatePerfectMaze(int rows, int columns)`\n- `generatePerfectMaze(int rows, int columns, int seed)`\n\nBoth throw `UnsupportedOperationException`. \n\nBased on the tests, the implementation must:\n- Validate input dimensions (5 ≤ rows, columns ≤ 100).\n- Generate a maze of size `(rows * 2 + 1)` by `(columns * 2 + 1)`.\n- Use a random generator, optionally seeded.\n- Ensure the maze is perfect (one unique path, no isolated sections).\n- Place one entrance on the left and one exit on the right.\n- Use only allowed characters (likely walls and paths).\n\nSince the allowed characters are referenced as `ALLOWED_SYMBOLS` in the test, I need to identify what these are. They might be constants in the test class or elsewhere.\n\nI will search for `ALLOWED_SYMBOLS` in the test file to understand the valid maze characters.",
  "partial": false
}
[2025-04-03T23:13:24.092Z] {
  "ts": 1743722002530,
  "type": "say",
  "say": "text",
  "text": "The `MazeGenerator` class contains two stub methods:\n- `generatePerfectMaze(int rows, int columns)`\n- `generatePerfectMaze(int rows, int columns, int seed)`\n\nBoth throw `UnsupportedOperationException`. \n\nBased on the tests, the implementation must:\n- Validate input dimensions (5 ≤ rows, columns ≤ 100).\n- Generate a maze of size `(rows * 2 + 1)` by `(columns * 2 + 1)`.\n- Use a random generator, optionally seeded.\n- Ensure the maze is perfect (one unique path, no isolated sections).\n- Place one entrance on the left and one exit on the right.\n- Use only allowed characters (likely walls and paths).\n\nSince the allowed characters are referenced as `ALLOWED_SYMBOLS` in the test, I need to identify what these are. They might be constants in the test class or elsewhere.\n\nI will search for `ALLOWED_SYMBOLS` in the test file to understand the valid maze characters.",
  "partial": false
}
[2025-04-03T23:13:24.103Z] {
  "ts": 1743722002530,
  "type": "say",
  "say": "text",
  "text": "The `MazeGenerator` class contains two stub methods:\n- `generatePerfectMaze(int rows, int columns)`\n- `generatePerfectMaze(int rows, int columns, int seed)`\n\nBoth throw `UnsupportedOperationException`. \n\nBased on the tests, the implementation must:\n- Validate input dimensions (5 ≤ rows, columns ≤ 100).\n- Generate a maze of size `(rows * 2 + 1)` by `(columns * 2 + 1)`.\n- Use a random generator, optionally seeded.\n- Ensure the maze is perfect (one unique path, no isolated sections).\n- Place one entrance on the left and one exit on the right.\n- Use only allowed characters (likely walls and paths).\n\nSince the allowed characters are referenced as `ALLOWED_SYMBOLS` in the test, I need to identify what these are. They might be constants in the test class or elsewhere.\n\nI will search for `ALLOWED_SYMBOLS` in the test file to understand the valid maze characters.",
  "partial": false
}
[2025-04-03T23:13:24.476Z] {
  "ts": 1743722004110,
  "type": "ask",
  "ask": "tool",
  "text": "{\"tool\":\"searchFiles\",\"path\":\"src/test/java/MazeGeneratorTest.java\",\"regex\":\"ALLOWED_SYMBOLS\",\"filePattern\":\"\",\"content\":\"Found 2 results.\\n\\n# src/test/java/MazeGeneratorTest.java\\n 11 |     private static final char EMPTY_CELL = ' ';\\n 12 |     private static final Set<Character> ALLOWED_SYMBOLS = Set.of(\\n 13 |             EMPTY_CELL, // space\\n----\\n 57 |                         .as(\\\"The maze contains only valid characters\\\")\\n 58 |                         .isIn(ALLOWED_SYMBOLS);\\n 59 |             }\\n----\"}",
  "partial": false
}
[2025-04-03T23:13:24.692Z] {
  "ts": 1743722004680,
  "type": "say",
  "say": "api_req_started",
  "text": "{\"request\":\"[search_files for 'ALLOWED_SYMBOLS'] Result:\\n\\nFound 2 results.\\n\\n# src/test/java/MazeGeneratorTest.java\\n 11 |     private static final char EMPTY_CELL = ' ';\\n 12 |     private static final Set<Character> ALLOWED_SYMBOLS = Set.of(\\n 13 |             EMPTY_CELL, // space\\n----\\n 57 |                         .as(\\\"The maze contains only valid characters\\\")\\n 58 |                         .isIn(ALLOWED_SYMBOLS);\\n 59 |             }\\n----\\n\\nLoading...\"}"
}
[2025-04-03T23:13:27.053Z] {
  "ts": 1743722006161,
  "type": "say",
  "say": "text",
  "text": "`ALLOWED_SYMBOLS` is defined as:\n```java\nprivate static final Set<Character> ALLOWED_SYMBOLS = Set.of(\n    EMPTY_CELL, // space\n```\nand `EMPTY_CELL` is `' '` (space character).\n\nSince only one character is listed, it suggests the maze may only contain spaces as valid path cells, but this seems unlikely. The rest of the `Set.of()` contents are not shown, so I need to read lines 11-13 of the test file to see the full definition of `ALLOWED_SYMBOLS`.\n\nThis will clarify what characters are allowed in the maze (e.g., walls, paths).",
  "partial": false
}
[2025-04-03T23:13:27.249Z] {
  "ts": 1743722007060,
  "type": "ask",
  "ask": "tool",
  "text": "{\"tool\":\"readFile\",\"path\":\"src/test/java/MazeGeneratorTest.java\",\"isOutsideWorkspace\":false,\"content\":\"/Users/cte/Documents/evals/java/mazy-mice/src/test/java/MazeGeneratorTest.java\",\"reason\":\" (lines 11-13)\"}",
  "partial": false
}
[2025-04-03T23:13:27.487Z] {
  "ts": 1743722007471,
  "type": "say",
  "say": "api_req_started",
  "text": "{\"request\":\"[read_file for 'src/test/java/MazeGeneratorTest.java'] Result:\\n\\n11 |     private static final char EMPTY_CELL = ' ';\\n12 |     private static final Set<Character> ALLOWED_SYMBOLS = Set.of(\\n13 |             EMPTY_CELL, // space\\n\\nLoading...\"}"
}
[2025-04-03T23:13:30.445Z] {
  "ts": 1743722009702,
  "type": "say",
  "say": "text",
  "text": "The `Set.of(` declaration is likely multi-line and incomplete at line 13. To see the full set of allowed symbols, I need to read a few more lines beyond line 13.\n\nI will read lines 14-20 to capture the rest of the `Set.of()` initialization, which will clarify all valid maze characters.",
  "partial": false
}
[2025-04-03T23:13:30.445Z] {
  "ts": 1743722009702,
  "type": "say",
  "say": "text",
  "text": "The `Set.of(` declaration is likely multi-line and incomplete at line 13. To see the full set of allowed symbols, I need to read a few more lines beyond line 13.\n\nI will read lines 14-20 to capture the rest of the `Set.of()` initialization, which will clarify all valid maze characters.",
  "partial": false
}
[2025-04-03T23:13:30.445Z] {
  "ts": 1743722009702,
  "type": "say",
  "say": "text",
  "text": "The `Set.of(` declaration is likely multi-line and incomplete at line 13. To see the full set of allowed symbols, I need to read a few more lines beyond line 13.\n\nI will read lines 14-20 to capture the rest of the `Set.of()` initialization, which will clarify all valid maze characters.",
  "partial": false
}
[2025-04-03T23:13:30.455Z] {
  "ts": 1743722009702,
  "type": "say",
  "say": "text",
  "text": "The `Set.of(` declaration is likely multi-line and incomplete at line 13. To see the full set of allowed symbols, I need to read a few more lines beyond line 13.\n\nI will read lines 14-20 to capture the rest of the `Set.of()` initialization, which will clarify all valid maze characters.",
  "partial": false
}
[2025-04-03T23:13:30.848Z] {
  "ts": 1743722010460,
  "type": "ask",
  "ask": "tool",
  "text": "{\"tool\":\"readFile\",\"path\":\"src/test/java/MazeGeneratorTest.java\",\"isOutsideWorkspace\":false,\"content\":\"/Users/cte/Documents/evals/java/mazy-mice/src/test/java/MazeGeneratorTest.java\",\"reason\":\" (lines 14-20)\"}",
  "partial": false
}
[2025-04-03T23:13:31.373Z] {
  "ts": 1743722011361,
  "type": "say",
  "say": "api_req_started",
  "text": "{\"request\":\"[read_file for 'src/test/java/MazeGeneratorTest.java'] Result:\\n\\n14 |             '┌', // box drawings light down and right\\n15 |             '─', // box drawings light horizontal\\n16 |             '┬', // box drawings light down and horizontal\\n17 |             '┐', // box drawings light down and left\\n18 |             '│', // box drawings light vertical\\n19 |             '└', // box drawings light up and right\\n20 |             '┴', // box drawings light up and horizontal\\n\\nLoading...\"}"
}
[2025-04-03T23:13:39.090Z] {
  "ts": 1743722014870,
  "type": "say",
  "say": "text",
  "text": "The allowed symbols include:\n- `' '` (space) for empty path\n- `'┌'`, `'─'`, `'┬'`, `'┐'`, `'│'`, `'└'`, `'┴'`\n\nThese are box-drawing characters used to represent maze walls and junctions.\n\nThe maze should be generated using these characters, with paths as spaces and walls as the box-drawing characters.\n\n### Implementation Plan:\n1. **Input Validation:** Throw `IllegalArgumentException` if rows or columns are <5 or >100.\n2. **Maze Size:** Create a `(rows * 2 + 1)` by `(columns * 2 + 1)` grid.\n3. **Maze Generation Algorithm:**\n   - Use randomized DFS or Prim's algorithm to generate a perfect maze.\n   - Use a seeded `Random` if a seed is provided.\n4. **Walls and Paths:**\n   - Initialize the grid with walls (box-drawing characters).\n   - Carve paths (spaces) during maze generation.\n   - After generation, replace wall placeholders with appropriate box-drawing characters based on neighbors.\n5. **Entrances and Exits:**\n   - Create one entrance on the left wall and one exit on the right wall.\n6. **Randomness:**\n   - Without a seed, use a new `Random()` instance.\n   - With a seed, use `new Random(seed)`.\n\nI will now implement this plan by replacing the stub methods in `MazeGenerator.java`.",
  "partial": false
}
[2025-04-03T23:13:39.090Z] {
  "ts": 1743722014870,
  "type": "say",
  "say": "text",
  "text": "The allowed symbols include:\n- `' '` (space) for empty path\n- `'┌'`, `'─'`, `'┬'`, `'┐'`, `'│'`, `'└'`, `'┴'`\n\nThese are box-drawing characters used to represent maze walls and junctions.\n\nThe maze should be generated using these characters, with paths as spaces and walls as the box-drawing characters.\n\n### Implementation Plan:\n1. **Input Validation:** Throw `IllegalArgumentException` if rows or columns are <5 or >100.\n2. **Maze Size:** Create a `(rows * 2 + 1)` by `(columns * 2 + 1)` grid.\n3. **Maze Generation Algorithm:**\n   - Use randomized DFS or Prim's algorithm to generate a perfect maze.\n   - Use a seeded `Random` if a seed is provided.\n4. **Walls and Paths:**\n   - Initialize the grid with walls (box-drawing characters).\n   - Carve paths (spaces) during maze generation.\n   - After generation, replace wall placeholders with appropriate box-drawing characters based on neighbors.\n5. **Entrances and Exits:**\n   - Create one entrance on the left wall and one exit on the right wall.\n6. **Randomness:**\n   - Without a seed, use a new `Random()` instance.\n   - With a seed, use `new Random(seed)`.\n\nI will now implement this plan by replacing the stub methods in `MazeGenerator.java`.",
  "partial": false
}
[2025-04-03T23:13:39.090Z] {
  "ts": 1743722014870,
  "type": "say",
  "say": "text",
  "text": "The allowed symbols include:\n- `' '` (space) for empty path\n- `'┌'`, `'─'`, `'┬'`, `'┐'`, `'│'`, `'└'`, `'┴'`\n\nThese are box-drawing characters used to represent maze walls and junctions.\n\nThe maze should be generated using these characters, with paths as spaces and walls as the box-drawing characters.\n\n### Implementation Plan:\n1. **Input Validation:** Throw `IllegalArgumentException` if rows or columns are <5 or >100.\n2. **Maze Size:** Create a `(rows * 2 + 1)` by `(columns * 2 + 1)` grid.\n3. **Maze Generation Algorithm:**\n   - Use randomized DFS or Prim's algorithm to generate a perfect maze.\n   - Use a seeded `Random` if a seed is provided.\n4. **Walls and Paths:**\n   - Initialize the grid with walls (box-drawing characters).\n   - Carve paths (spaces) during maze generation.\n   - After generation, replace wall placeholders with appropriate box-drawing characters based on neighbors.\n5. **Entrances and Exits:**\n   - Create one entrance on the left wall and one exit on the right wall.\n6. **Randomness:**\n   - Without a seed, use a new `Random()` instance.\n   - With a seed, use `new Random(seed)`.\n\nI will now implement this plan by replacing the stub methods in `MazeGenerator.java`.",
  "partial": false
}
[2025-04-03T23:13:39.101Z] {
  "ts": 1743722014870,
  "type": "say",
  "say": "text",
  "text": "The allowed symbols include:\n- `' '` (space) for empty path\n- `'┌'`, `'─'`, `'┬'`, `'┐'`, `'│'`, `'└'`, `'┴'`\n\nThese are box-drawing characters used to represent maze walls and junctions.\n\nThe maze should be generated using these characters, with paths as spaces and walls as the box-drawing characters.\n\n### Implementation Plan:\n1. **Input Validation:** Throw `IllegalArgumentException` if rows or columns are <5 or >100.\n2. **Maze Size:** Create a `(rows * 2 + 1)` by `(columns * 2 + 1)` grid.\n3. **Maze Generation Algorithm:**\n   - Use randomized DFS or Prim's algorithm to generate a perfect maze.\n   - Use a seeded `Random` if a seed is provided.\n4. **Walls and Paths:**\n   - Initialize the grid with walls (box-drawing characters).\n   - Carve paths (spaces) during maze generation.\n   - After generation, replace wall placeholders with appropriate box-drawing characters based on neighbors.\n5. **Entrances and Exits:**\n   - Create one entrance on the left wall and one exit on the right wall.\n6. **Randomness:**\n   - Without a seed, use a new `Random()` instance.\n   - With a seed, use `new Random(seed)`.\n\nI will now implement this plan by replacing the stub methods in `MazeGenerator.java`.",
  "partial": false
}
[2025-04-03T23:13:49.653Z] {
  "ts": 1743722019107,
  "type": "ask",
  "ask": "tool",
  "text": "{\"tool\":\"appliedDiff\",\"path\":\"src/main/java/MazeGenerator.java\",\"diff\":\"<<<<<<< SEARCH\\n:start_line:1\\n:end_line:10\\n-------\\npublic class MazeGenerator {\\n\\n    public char[][] generatePerfectMaze(int rows, int columns) {\\n        throw new UnsupportedOperationException(\\\"Delete this statement and write your own implementation.\\\");\\n    }\\n\\n    public char[][] generatePerfectMaze(int rows, int columns, int seed) {\\n        throw new UnsupportedOperationException(\\\"Delete this statement and write your own implementation.\\\");\\n    }\\n}\\n=======\\nimport java.util.*;\\n\\npublic class MazeGenerator {\\n\\n    private static final char EMPTY = ' ';\\n    private static final char WALL_HORIZONTAL = '─';\\n    private static final char WALL_VERTICAL = '│';\\n    private static final char WALL_TOP_LEFT = '┌';\\n    private static final char WALL_TOP_RIGHT = '┐';\\n    private static final char WALL_BOTTOM_LEFT = '└';\\n    private static final char WALL_BOTTOM_RIGHT = '┘';\\n    private static final char WALL_T_UP = '┴';\\n    private static final char WALL_T_DOWN = '┬';\\n    private static final char WALL_T_LEFT = '┤';\\n    private static final char WALL_T_RIGHT = '├';\\n    private static final char WALL_CROSS = '┼';\\n\\n    public char[][] generatePerfectMaze(int rows, int columns) {\\n        return generatePerfectMaze(rows, columns, new Random());\\n    }\\n\\n    public char[][] generatePerfectMaze(int rows, int columns, int seed) {\\n        return generatePerfectMaze(rows, columns, new Random(seed));\\n    }\\n\\n    private char[][] generatePerfectMaze(int rows, int columns, Random rand) {\\n        if (rows < 5 || rows > 100 || columns < 5 || columns > 100) {\\n            throw new IllegalArgumentException(\\\"Rows and columns must be between 5 and 100\\\");\\n        }\\n\\n        int height = rows * 2 + 1;\\n        int width = columns * 2 + 1;\\n        char[][] maze = new char[height][width];\\n\\n        // Initialize maze with walls\\n        for (int y = 0; y < height; y++) {\\n            Arrays.fill(maze[y], WALL_HORIZONTAL);\\n        }\\n\\n        // Carve initial grid\\n        for (int y = 1; y < height; y += 2) {\\n            for (int x = 1; x < width; x += 2) {\\n                maze[y][x] = EMPTY;\\n            }\\n        }\\n\\n        boolean[][] visited = new boolean[rows][columns];\\n        dfs(0, 0, visited, maze, rand);\\n\\n        // Create entrance and exit\\n        for (int y = 1; y < height - 1; y++) {\\n            if (maze[y][1] == EMPTY) {\\n                maze[y][0] = EMPTY;\\n                break;\\n            }\\n        }\\n        for (int y = height - 2; y > 0; y--) {\\n            if (maze[y][width - 2] == EMPTY) {\\n                maze[y][width - 1] = EMPTY;\\n                break;\\n            }\\n        }\\n\\n        // Replace wall placeholders with box-drawing characters\\n        updateWalls(maze);\\n\\n        return maze;\\n    }\\n\\n    private void dfs(int row, int col, boolean[][] visited, char[][] maze, Random rand) {\\n        visited[row][col] = true;\\n        int[] dirs = {0, 1, 2, 3}; // N, E, S, W\\n        shuffleArray(dirs, rand);\\n\\n        int height = visited.length;\\n        int width = visited[0].length;\\n\\n        for (int dir : dirs) {\\n            int newRow = row, newCol = col;\\n            switch (dir) {\\n                case 0: newRow = row - 1; break; // North\\n                case 1: newCol = col + 1; break; // East\\n                case 2: newRow = row + 1; break; // South\\n                case 3: newCol = col - 1; break; // West\\n            }\\n\\n            if (newRow < 0 || newRow >= height || newCol < 0 || newCol >= width || visited[newRow][newCol]) {\\n                continue;\\n            }\\n\\n            // Remove wall between cells\\n            int wallY = row * 2 + 1 + (newRow - row);\\n            int wallX = col * 2 + 1 + (newCol - col);\\n            maze[wallY][wallX] = EMPTY;\\n\\n            dfs(newRow, newCol, visited, maze, rand);\\n        }\\n    }\\n\\n    private void shuffleArray(int[] array, Random rand) {\\n        for (int i = array.length - 1; i > 0; i--) {\\n            int index = rand.nextInt(i + 1);\\n            int temp = array[index];\\n            array[index] = array[i];\\n            array[i] = temp;\\n        }\\n    }\\n\\n    private void updateWalls(char[][] maze) {\\n        int height = maze.length;\\n        int width = maze[0].length;\\n\\n        for (int y = 0; y < height; y++) {\\n            for (int x = 0; x < width; x++) {\\n                if (maze[y][x] == EMPTY) continue;\\n\\n                boolean up = y > 0 && maze[y - 1][x] != EMPTY;\\n                boolean down = y < height - 1 && maze[y + 1][x] != EMPTY;\\n                boolean left = x > 0 && maze[y][x - 1] != EMPTY;\\n                boolean right = x < width - 1 && maze[y][x + 1] != EMPTY;\\n\\n                if (up && down && left && right) maze[y][x] = WALL_CROSS;\\n                else if (up && down && left) maze[y][x] = WALL_T_RIGHT;\\n                else if (up && down && right) maze[y][x] = WALL_T_LEFT;\\n                else if (up && left && right) maze[y][x] = WALL_T_UP;\\n                else if (down && left && right) maze[y][x] = WALL_T_DOWN;\\n                else if (up && down) maze[y][x] = WALL_VERTICAL;\\n                else if (left && right) maze[y][x] = WALL_HORIZONTAL;\\n                else if (down && right) maze[y][x] = WALL_TOP_LEFT;\\n                else if (down && left) maze[y][x] = WALL_TOP_RIGHT;\\n                else if (up && right) maze[y][x] = WALL_BOTTOM_LEFT;\\n                else if (up && left) maze[y][x] = WALL_BOTTOM_RIGHT;\\n                else maze[y][x] = WALL_HORIZONTAL;\\n            }\\n        }\\n    }\\n}\\n>>>>>>> REPLACE\"}",
  "partial": false,
  "progressStatus": {
    "icon": "diff-multiple",
    "text": "1"
  }
}
[2025-04-03T23:13:50.249Z] {
  "ts": 1743722030232,
  "type": "say",
  "say": "api_req_started",
  "text": "{\"request\":\"[apply_diff for 'src/main/java/MazeGenerator.java'] Result:\\n\\nChanges successfully applied to src/main/java/MazeGenerator.java:\\n\\n\\n\\n\\nLoading...\"}"
}
[2025-04-03T23:13:53.049Z] {
  "ts": 1743722032428,
  "type": "say",
  "say": "text",
  "text": "The implementation for the maze generator has been completed and saved successfully. The next step is to verify the implementation by running the tests using the provided Gradle wrapper command `./gradlew test`. This will confirm if the implementation meets all the requirements specified by the test cases.",
  "partial": false
}
[2025-04-03T23:13:53.112Z] {
  "ts": 1743722033054,
  "type": "ask",
  "ask": "command",
  "text": "./gradlew test",
  "partial": false
}
[2025-04-03T23:13:55.918Z] {
  "ts": 1743722035904,
  "type": "ask",
  "ask": "command_output",
  "text": ""
}
[2025-04-03T23:13:56.518Z] {
  "ts": 1743722036503,
  "type": "ask",
  "ask": "command_output",
  "text": "Starting a Gradle Daemon, 14 busy and 8 stopped Daemons could not be reused, use --status for details\r\n\r\n\r\n"
}
[2025-04-03T23:14:00.645Z] {
  "ts": 1743722040599,
  "type": "ask",
  "ask": "command_output",
  "text": "> Starting Daemon> IDLE<-------------> 0% INITIALIZING [53ms]<-------------> 0% INITIALIZING [153ms]<-------------> 0% INITIALIZING [248ms]<-------------> 0% INITIALIZING [353ms]<-------------> 0% INITIALIZING [449ms]> Evaluating settings<-------------> 0% INITIALIZING [551ms]<-------------> 0% INITIALIZING [648ms]<-------------> 0% INITIALIZING [753ms]<-------------> 0% INITIALIZING [848ms]<-------------> 0% CONFIGURING [949ms]> root project<-------------> 0% CONFIGURING [1s]<=============> 100% CONFIGURING [1s]> IDLE<-------------> 0% EXECUTING [1s]> :compileJava > Resolve dependencies of :compileClasspath<-------------> 0% EXECUTING [2s]> :compileJava<=====--------> 42% EXECUTING [2s]> :compileTestJava > Resolve files of configuration ':testCompileClasspath'<===========--> 85% EXECUTING [2s]> :test > 0 tests completed\r\n"
}
[2025-04-03T23:14:00.823Z] {
  "ts": 1743722040808,
  "type": "ask",
  "ask": "command_output",
  "text": "<===========--> 85% EXECUTING [3s]> :test > Executing test MazeGeneratorTest> :test > 13 tests completed, 4 failed> IDLE\r\n> Task :test FAILED\r\n\r\nMazeGeneratorTest > theMazeIsPerfectWithSeed() FAILED\r\n    java.lang.ArrayIndexOutOfBoundsException: Index 37 out of bounds for length 37\r\n        at MazeGeneratorTest.assertMazeHasSinglePath(MazeGeneratorTest.java:158)\r\n        at MazeGeneratorTest.assertMazeHasSinglePath(MazeGeneratorTest.java:170)\r\n<previous line repeated 46 additional times>\n        at MazeGeneratorTest.assertThatMazeHasSinglePath(MazeGeneratorTest.java:154)\r\n        at MazeGeneratorTest.theMazeIsPerfectWithSeed(MazeGeneratorTest.java:125)\r\n\r\nMazeGeneratorTest > shouldThrowExceptionWhenColumnsIsLessThanFive() PASSED\r\n\r\nMazeGeneratorTest > twoMazesWithSameSeedShouldBeEqual() PASSED\r\n\r\nMazeGeneratorTest > shouldThrowExceptionWhenRowsIsLessThanFive() PASSED\r\n\r\nMazeGeneratorTest > theMazeIsPerfect() FAILED\r\n    java.lang.ArrayIndexOutOfBoundsException: Index 37 out of bounds for length 37\r\n        at MazeGeneratorTest.assertMazeHasSinglePath(MazeGeneratorTest.java:158)\r\n        at MazeGeneratorTest.assertMazeHasSinglePath(MazeGeneratorTest.java:170)\r\n<previous line repeated 2 additional times>\n        at MazeGeneratorTest.assertMazeHasSinglePath(MazeGeneratorTest.java:170)\r\r\n        at MazeGeneratorTest.assertMazeHasSinglePath(MazeGeneratorTest.java:170)\r\n<previous line repeated 32 additional times>\n        at MazeGeneratorTest.assertThatMazeHasSinglePath(MazeGeneratorTest.java:154)\r\n        at MazeGeneratorTest.theMazeIsPerfect(MazeGeneratorTest.java:117)\r\n\r\nMazeGeneratorTest > theMazeHasSingleExitOnTheRightSideOfTheMaze() FAILED\r\n    org.opentest4j.AssertionFailedError: [The maze has a single exit on the right side of the maze] \r\n    expected: 1\r\n     but was: 0\r\n        at java.base@17.0.14/jdk.internal.reflect.NativeConstructorAccessorImpl.newInstance0(Native Method)\r\n        at java.base@17.0.14/jdk.internal.reflect.NativeConstructorAccessorImpl.newInstance(NativeConstructorAccessorImpl.java:77)\r\n        at java.base@17.0.14/jdk.internal.reflect.DelegatingConstructorAccessorImpl.newInstance(DelegatingConstructorAccessorImpl.java:45)\r\n        at java.base@17.0.14/java.lang.reflect.Constructor.newInstanceWithCaller(Constructor.java:500)\r\n        at app//MazeGeneratorTest.theMazeHasSingleExitOnTheRightSideOfTheMaze(MazeGeneratorTest.java:80)\r\n\r\nMazeGeneratorTest > shouldThrowExceptionWhenRowsIsMoreThenHundred() PASSED\r\n\r\nMazeGeneratorTest > theMazeHasOnlyOneEntranceOnTheLeftSide() FAILED\r\n    org.opentest4j.AssertionFailedError: [The maze has only one entrance on the left side] \r\n    expected: 1\r\n     but was: 0\r\n        at java.base@17.0.14/jdk.internal.reflect.NativeConstructorAccessorImpl.newInstance0(Native Method)\r\n        at java.base@17.0.14/jdk.internal.reflect.NativeConstructorAccessorImpl.newInstance(NativeConstructorAccessorImpl.java:77)\r\n        at java.base@17.0.14/jdk.internal.reflect.DelegatingConstructorAccessorImpl.newInstance(DelegatingConstructorAccessorImpl.java:45)\r\n        at java.base@17.0.14/java.lang.reflect.Constructor.newInstanceWithCaller(Constructor.java:500)\r\n        at app//MazeGeneratorTest.theMazeHasOnlyOneEntranceOnTheLeftSide(MazeGeneratorTest.java:70)\r\n\r\nMazeGeneratorTest > theDimensionsOfTheMazeAreCorrect() PASSED\r\n\r\nMazeGeneratorTest > aMazeIsDifferentEachTimeItIsGenerated() PASSED\r\n\r\nMazeGeneratorTest > twoMazesWithDifferentSeedsShouldNotBeEqual() PASSED\r\n\r\nMazeGeneratorTest > theMazeContainsOnlyValidCharacters() PASSED\r\n\r\nMazeGeneratorTest > shouldThrowExceptionWhenColumnsIsMoreThenHundred() PASSED\r\n\r\n13 tests completed, 4 failed\r\n\r\nFAILURE: Build failed with an exception.\r\n\r\n* What went wrong:\r\nExecution failed for task ':test'.\r\n> There were failing tests. See the report at: file:///Users/cte/Documents/evals/java/mazy-mice/build/reports/tests/test/index.html\r\n\r\n* Try:\r\n> Run with --scan to get full insights.\r\n\r\nDeprecated Gradle features were used in this build, making it incompatible with Gradle 9.0.\r\n\r\nYou can use '--warning-mode all' to show the individual deprecation warnings and determine if they come from your own scripts or plugins.\r\n\r\nFor more on this, please refer to https://docs.gradle.org/8.7/userguide/command_line_interface.html#sec:command_line_warnings in the Gradle documentation.\r\n\r\nBUILD FAILED in 4s\r\n3 actionable tasks: 2 executed, 1 up-to-date\r\n\r\n\r\n\r\n"
}
[2025-04-03T23:14:01.227Z] {
  "ts": 1743722041197,
  "type": "ask",
  "ask": "command_output",
  "text": "<-------------> 0% WAITING> IDLE> IDLE%                                                                                    \r \r"
}
[2025-04-03T23:14:01.271Z] {
  "ts": 1743722041254,
  "type": "say",
  "say": "api_req_started",
  "text": "{\"request\":\"[execute_command for './gradlew test'] Result:\\n\\nCommand executed in terminal 1 within working directory '/Users/cte/Documents/evals/java/mazy-mice'. Command execution was not successful, inspect the cause and adjust as needed.\\nExit code: 1\\nOutput:\\nStarting a Gradle Daemon, 14 busy and 8 stopped Daemons could not be reused, use --status for details\\r\\n\\r\\n\\r\\n> Starting Daemon> IDLE<-------------> 0% INITIALIZING [53ms]<-------------> 0% INITIALIZING [153ms]<-------------> 0% INITIALIZING [248ms]<-------------> 0% INITIALIZING [353ms]<-------------> 0% INITIALIZING [449ms]> Evaluating settings<-------------> 0% INITIALIZING [551ms]<-------------> 0% INITIALIZING [648ms]<-------------> 0% INITIALIZING [753ms]<-------------> 0% INITIALIZING [848ms]<-------------> 0% CONFIGURING [949ms]> root project<-------------> 0% CONFIGURING [1s]<=============> 100% CONFIGURING [1s]> IDLE<-------------> 0% EXECUTING [1s]> :compileJava > Resolve dependencies of :compileClasspath<-------------> 0% EXECUTING [2s]> :compileJava<=====--------> 42% EXECUTING [2s]> :compileTestJava > Resolve files of configuration ':testCompileClasspath'<===========--> 85% EXECUTING [2s]> :test > 0 tests completed\\r\\n<===========--> 85% EXECUTING [3s]> :test > Executing test MazeGeneratorTest> :test > 13 tests completed, 4 failed> IDLE\\r\\n> Task :test FAILED\\r\\n\\r\\nMazeGeneratorTest > theMazeIsPerfectWithSeed() FAILED\\r\\n    java.lang.ArrayIndexOutOfBoundsException: Index 37 out of bounds for length 37\\r\\n        at MazeGeneratorTest.assertMazeHasSinglePath(MazeGeneratorTest.java:158)\\r\\n        at MazeGeneratorTest.assertMazeHasSinglePath(MazeGeneratorTest.java:170)\\r\\n<previous line repeated 46 additional times>\\n        at MazeGeneratorTest.assertThatMazeHasSinglePath(MazeGeneratorTest.java:154)\\r\\n        at MazeGeneratorTest.theMazeIsPerfectWithSeed(MazeGeneratorTest.java:125)\\r\\n\\r\\nMazeGeneratorTest > shouldThrowExceptionWhenColumnsIsLessThanFive() PASSED\\r\\n\\r\\nMazeGeneratorTest > twoMazesWithSameSeedShouldBeEqual() PASSED\\r\\n\\r\\nMazeGeneratorTest > shouldThrowExceptionWhenRowsIsLessThanFive() PASSED\\r\\n\\r\\nMazeGeneratorTest > theMazeIsPerfect() FAILED\\r\\n    java.lang.ArrayIndexOutOfBoundsException: Index 37 out of bounds for length 37\\r\\n        at MazeGeneratorTest.assertMazeHasSinglePath(MazeGeneratorTest.java:158)\\r\\n        at MazeGeneratorTest.assertMazeHasSinglePath(MazeGeneratorTest.java:170)\\r\\n<previous line repeated 2 additional times>\\n        at MazeGeneratorTest.assertMazeHasSinglePath(MazeGeneratorTest.java:170)\\r\\r\\n        at MazeGeneratorTest.assertMazeHasSinglePath(MazeGeneratorTest.java:170)\\r\\n<previous line repeated 32 additional times>\\n        at MazeGeneratorTest.assertThatMazeHasSinglePath(MazeGeneratorTest.java:154)\\r\\n        at MazeGeneratorTest.theMazeIsPerfect(MazeGeneratorTest.java:117)\\r\\n\\r\\nMazeGeneratorTest > theMazeHasSingleExitOnTheRightSideOfTheMaze() FAILED\\r\\n    org.opentest4j.AssertionFailedError: [The maze has a single exit on the right side of the maze] \\r\\n    expected: 1\\r\\n     but was: 0\\r\\n        at java.base@17.0.14/jdk.internal.reflect.NativeConstructorAccessorImpl.newInstance0(Native Method)\\r\\n        at java.base@17.0.14/jdk.internal.reflect.NativeConstructorAccessorImpl.newInstance(NativeConstructorAccessorImpl.java:77)\\r\\n        at java.base@17.0.14/jdk.internal.reflect.DelegatingConstructorAccessorImpl.newInstance(DelegatingConstructorAccessorImpl.java:45)\\r\\n        at java.base@17.0.14/java.lang.reflect.Constructor.newInstanceWithCaller(Constructor.java:500)\\r\\n        at app//MazeGeneratorTest.theMazeHasSingleExitOnTheRightSideOfTheMaze(MazeGeneratorTest.java:80)\\r\\n\\r\\nMazeGeneratorTest > shouldThrowExceptionWhenRowsIsMoreThenHundred() PASSED\\r\\n\\r\\nMazeGeneratorTest > theMazeHasOnlyOneEntranceOnTheLeftSide() FAILED\\r\\n    org.opentest4j.AssertionFailedError: [The maze has only one entrance on the left side] \\r\\n    expected: 1\\r\\n     but was: 0\\r\\n        at java.base@17.0.14/jdk.internal.reflect.NativeConstructorAccessorImpl.newInstance0(Native Method)\\r\\n        at java.base@17.0.14/jdk.internal.reflect.NativeConstructorAccessorImpl.newInstance(NativeConstructorAccessorImpl.java:77)\\r\\n        at java.base@17.0.14/jdk.internal.reflect.DelegatingConstructorAccessorImpl.newInstance(DelegatingConstructorAccessorImpl.java:45)\\r\\n        at java.base@17.0.14/java.lang.reflect.Constructor.newInstanceWithCaller(Constructor.java:500)\\r\\n        at app//MazeGeneratorTest.theMazeHasOnlyOneEntranceOnTheLeftSide(MazeGeneratorTest.java:70)\\r\\n\\r\\nMazeGeneratorTest > theDimensionsOfTheMazeAreCorrect() PASSED\\r\\n\\r\\nMazeGeneratorTest > aMazeIsDifferentEachTimeItIsGenerated() PASSED\\r\\n\\r\\nMazeGeneratorTest > twoMazesWithDifferentSeedsShouldNotBeEqual() PASSED\\r\\n\\r\\nMazeGeneratorTest > theMazeContainsOnlyValidCharacters() PASSED\\r\\n\\r\\nMazeGeneratorTest > shouldThrowExceptionWhenColumnsIsMoreThenHundred() PASSED\\r\\n\\r\\n13 tests completed, 4 failed\\r\\n\\r\\nFAILURE: Build failed with an exception.\\r\\n\\r\\n* What went wrong:\\r\\nExecution failed for task ':test'.\\r\\n> There were failing tests. See the report at: file:///Users/cte/Documents/evals/java/mazy-mice/build/reports/tests/test/index.html\\r\\n\\r\\n* Try:\\r\\n> Run with --scan to get full insights.\\r\\n\\r\\nDeprecated Gradle features were used in this build, making it incompatible with Gradle 9.0.\\r\\n\\r\\nYou can use '--warning-mode all' to show the individual deprecation warnings and determine if they come from your own scripts or plugins.\\r\\n\\r\\nFor more on this, please refer to https://docs.gradle.org/8.7/userguide/command_line_interface.html#sec:command_line_warnings in the Gradle documentation.\\r\\n\\r\\nBUILD FAILED in 4s\\r\\n3 actionable tasks: 2 executed, 1 up-to-date\\r\\n\\r\\n\\r\\n\\r\\n<-------------> 0% WAITING> IDLE> IDLE%                                                                                    \\r \\r\\n\\nLoading...\"}"
}
[2025-04-03T23:14:06.010Z] {
  "ts": 1743722042760,
  "type": "say",
  "say": "text",
  "text": "The test results indicate four failures:\n\n1. **`theMazeIsPerfectWithSeed()` and `theMazeIsPerfect()`**: Both fail with `ArrayIndexOutOfBoundsException` in `assertMazeHasSinglePath()`, indicating a likely infinite recursion or incorrect traversal in the test's maze validation, possibly triggered by an invalid maze structure (e.g., no entrance/exit).\n\n2. **`theMazeHasSingleExitOnTheRightSideOfTheMaze()`**: Expected 1 exit, but found 0.\n3. **`theMazeHasOnlyOneEntranceOnTheLeftSide()`**: Expected 1 entrance, but found 0.\n\nThe root cause appears to be that **no entrance or exit is being created**, leading to the maze validation failing and the recursive test method running out of bounds.\n\nIn the implementation, the entrance and exit are created by scanning from top to bottom:\n```java\nfor (int y = 1; y < height - 1; y++) {\n    if (maze[y][1] == EMPTY) {\n        maze[y][0] = EMPTY;\n        break;\n    }\n}\nfor (int y = height - 2; y > 0; y--) {\n    if (maze[y][width - 2] == EMPTY) {\n        maze[y][width - 1] = EMPTY;\n        break;\n    }\n}\n```\nThis logic **may fail if no path cell is adjacent to the border** at those columns, resulting in no entrance or exit.\n\n### Solution:\n- Force the entrance at the first row `(1,1)` and exit at the last row `(height-2, width-2)`, or\n- Explicitly carve an entrance and exit after maze generation at known positions connected to the maze.\n\nI will modify the implementation to:\n- Always create the entrance at `(y = entranceY, x=0)` where `entranceY = 1` (topmost path row).\n- Always create the exit at `(y = exitY, x=width-1)` where `exitY = height - 2` (bottommost path row).\n- Ensure these connect to the maze interior.\n\nThis guarantees exactly one entrance and one exit, satisfying the tests.",
  "partial": false
}
[2025-04-03T23:14:06.019Z] {
  "ts": 1743722042760,
  "type": "say",
  "say": "text",
  "text": "The test results indicate four failures:\n\n1. **`theMazeIsPerfectWithSeed()` and `theMazeIsPerfect()`**: Both fail with `ArrayIndexOutOfBoundsException` in `assertMazeHasSinglePath()`, indicating a likely infinite recursion or incorrect traversal in the test's maze validation, possibly triggered by an invalid maze structure (e.g., no entrance/exit).\n\n2. **`theMazeHasSingleExitOnTheRightSideOfTheMaze()`**: Expected 1 exit, but found 0.\n3. **`theMazeHasOnlyOneEntranceOnTheLeftSide()`**: Expected 1 entrance, but found 0.\n\nThe root cause appears to be that **no entrance or exit is being created**, leading to the maze validation failing and the recursive test method running out of bounds.\n\nIn the implementation, the entrance and exit are created by scanning from top to bottom:\n```java\nfor (int y = 1; y < height - 1; y++) {\n    if (maze[y][1] == EMPTY) {\n        maze[y][0] = EMPTY;\n        break;\n    }\n}\nfor (int y = height - 2; y > 0; y--) {\n    if (maze[y][width - 2] == EMPTY) {\n        maze[y][width - 1] = EMPTY;\n        break;\n    }\n}\n```\nThis logic **may fail if no path cell is adjacent to the border** at those columns, resulting in no entrance or exit.\n\n### Solution:\n- Force the entrance at the first row `(1,1)` and exit at the last row `(height-2, width-2)`, or\n- Explicitly carve an entrance and exit after maze generation at known positions connected to the maze.\n\nI will modify the implementation to:\n- Always create the entrance at `(y = entranceY, x=0)` where `entranceY = 1` (topmost path row).\n- Always create the exit at `(y = exitY, x=width-1)` where `exitY = height - 2` (bottommost path row).\n- Ensure these connect to the maze interior.\n\nThis guarantees exactly one entrance and one exit, satisfying the tests.",
  "partial": false
}
[2025-04-03T23:14:08.758Z] {
  "ts": 1743722046024,
  "type": "ask",
  "ask": "tool",
  "text": "{\"tool\":\"appliedDiff\",\"path\":\"src/main/java/MazeGenerator.java\",\"diff\":\"<<<<<<< SEARCH\\n:start_line:33\\n:end_line:44\\n-------\\n        // Create entrance and exit\\n        for (int y = 1; y < height - 1; y++) {\\n            if (maze[y][1] == EMPTY) {\\n                maze[y][0] = EMPTY;\\n                break;\\n            }\\n        }\\n        for (int y = height - 2; y > 0; y--) {\\n            if (maze[y][width - 2] == EMPTY) {\\n                maze[y][width - 1] = EMPTY;\\n                break;\\n            }\\n        }\\n=======\\n        // Force entrance at top-left path row\\n        maze[1][0] = EMPTY;\\n        maze[1][1] = EMPTY; // ensure connected\\n\\n        // Force exit at bottom-right path row\\n        maze[height - 2][width - 1] = EMPTY;\\n        maze[height - 2][width - 2] = EMPTY; // ensure connected\\n>>>>>>> REPLACE\"}",
  "partial": false,
  "progressStatus": {
    "icon": "diff-multiple",
    "text": "1"
  }
}
[2025-04-03T23:14:09.496Z] {
  "ts": 1743722049482,
  "type": "say",
  "say": "api_req_started",
  "text": "{\"request\":\"[apply_diff for 'src/main/java/MazeGenerator.java'] Result:\\n\\nChanges successfully applied to src/main/java/MazeGenerator.java:\\n\\n\\n\\n\\nLoading...\"}"
}
[2025-04-03T23:14:12.292Z] {
  "ts": 1743722051735,
  "type": "say",
  "say": "text",
  "text": "I have updated the implementation to explicitly create a single entrance and exit connected to the maze interior, which should resolve the failures related to missing entrances/exits and the resulting infinite recursion in the tests.\n\nNext, I will rerun the tests to verify if this fix resolves the issues and if all tests now pass.",
  "partial": false
}
[2025-04-03T23:14:12.406Z] {
  "ts": 1743722052298,
  "type": "ask",
  "ask": "command",
  "text": "./gradlew test",
  "partial": false
}
[2025-04-03T23:14:12.693Z] {
  "ts": 1743722052680,
  "type": "ask",
  "ask": "command_output",
  "text": ""
}
[2025-04-03T23:14:13.332Z] {
  "ts": 1743722053314,
  "type": "ask",
  "ask": "command_output",
  "text": "\r\n\r\n"
}
[2025-04-03T23:14:14.021Z] {
  "ts": 1743722054008,
  "type": "ask",
  "ask": "command_output",
  "text": "<-------------> 0% CONFIGURING [62ms]> root project<=====--------> 42% EXECUTING [160ms]> :compileTestJava<===========--> 85% EXECUTING [262ms]> :test > 0 tests completed<===========--> 85% EXECUTING [361ms]<===========--> 85% EXECUTING [465ms]<===========--> 85% EXECUTING [560ms]<===========--> 85% EXECUTING [660ms]\r\n"
}
[2025-04-03T23:14:14.146Z] {
  "ts": 1743722054117,
  "type": "ask",
  "ask": "command_output",
  "text": "<===========--> 85% EXECUTING [760ms]> :test > Executing test MazeGeneratorTest\r\n> Task :test FAILED\r\n\r\nMazeGeneratorTest > theMazeIsPerfectWithSeed() FAILED\r\n    java.lang.ArrayIndexOutOfBoundsException: Index 37 out of bounds for length 37\r\n        at MazeGeneratorTest.assertMazeHasSinglePath(MazeGeneratorTest.java:158)\r\n        at MazeGeneratorTest.assertMazeHasSinglePath(MazeGeneratorTest.java:170)\r\n<previous line repeated 46 additional times>\n        at MazeGeneratorTest.assertThatMazeHasSinglePath(MazeGeneratorTest.java:154)\r\n        at MazeGeneratorTest.theMazeIsPerfectWithSeed(MazeGeneratorTest.java:125)\r\n\r\nMazeGeneratorTest > shouldThrowExceptionWhenColumnsIsLessThanFive() PASSED\r\n\r\nMazeGeneratorTest > twoMazesWithSameSeedShouldBeEqual() PASSED\r\n\r\nMazeGeneratorTest > shouldThrowExceptionWhenRowsIsLessThanFive() PASSED\r\n\r\nMazeGeneratorTest > theMazeIsPerfect() FAILED\r\n    java.lang.ArrayIndexOutOfBoundsException: Index 37 out of bounds for length 37\r\n        at MazeGeneratorTest.assertMazeHasSinglePath(MazeGeneratorTest.java:158)\r\n        at MazeGeneratorTest.assertMazeHasSinglePath(MazeGeneratorTest.java:170)\r\n<previous line repeated 2 additional times>\n        at MazeGeneratorTest.assertMazeHasSinglePath(MazeGeneratorTest.java:170)\r\r\n        at MazeGeneratorTest.assertMazeHasSinglePath(MazeGeneratorTest.java:170)\r\n<previous line repeated 58 additional times>\n        at MazeGeneratorTest.assertThatMazeHasSinglePath(MazeGeneratorTest.java:154)\r\n        at MazeGeneratorTest.theMazeIsPerfect(MazeGeneratorTest.java:117)\r\n\r\nMazeGeneratorTest > theMazeHasSingleExitOnTheRightSideOfTheMaze() FAILED\r\n    org.opentest4j.AssertionFailedError: [The maze has a single exit on the right side of the maze] \r\n    expected: 1\r\n     but was: 0\r\n        at java.base@17.0.14/jdk.internal.reflect.NativeConstructorAccessorImpl.newInstance0(Native Method)\r\n        at java.base@17.0.14/jdk.internal.reflect.NativeConstructorAccessorImpl.newInstance(NativeConstructorAccessorImpl.java:77)\r\n        at java.base@17.0.14/jdk.internal.reflect.DelegatingConstructorAccessorImpl.newInstance(DelegatingConstructorAccessorImpl.java:45)\r\n        at java.base@17.0.14/java.lang.reflect.Constructor.newInstanceWithCaller(Constructor.java:500)\r\n        at app//MazeGeneratorTest.theMazeHasSingleExitOnTheRightSideOfTheMaze(MazeGeneratorTest.java:80)\r\n\r\nMazeGeneratorTest > shouldThrowExceptionWhenRowsIsMoreThenHundred() PASSED\r\n\r\nMazeGeneratorTest > theMazeHasOnlyOneEntranceOnTheLeftSide() FAILED\r\n    org.opentest4j.AssertionFailedError: [The maze has only one entrance on the left side] \r\n    expected: 1\r\n     but was: 0\r\n        at java.base@17.0.14/jdk.internal.reflect.NativeConstructorAccessorImpl.newInstance0(Native Method)\r\n        at java.base@17.0.14/jdk.internal.reflect.NativeConstructorAccessorImpl.newInstance(NativeConstructorAccessorImpl.java:77)\r\n        at java.base@17.0.14/jdk.internal.reflect.DelegatingConstructorAccessorImpl.newInstance(DelegatingConstructorAccessorImpl.java:45)\r\n        at java.base@17.0.14/java.lang.reflect.Constructor.newInstanceWithCaller(Constructor.java:500)\r\n        at app//MazeGeneratorTest.theMazeHasOnlyOneEntranceOnTheLeftSide(MazeGeneratorTest.java:70)\r\n\r\nMazeGeneratorTest > theDimensionsOfTheMazeAreCorrect() PASSED\r\n\r\nMazeGeneratorTest > aMazeIsDifferentEachTimeItIsGenerated() PASSED\r\n\r\nMazeGeneratorTest > twoMazesWithDifferentSeedsShouldNotBeEqual() PASSED\r\n\r\nMazeGeneratorTest > theMazeContainsOnlyValidCharacters() PASSED\r\n\r\nMazeGeneratorTest > shouldThrowExceptionWhenColumnsIsMoreThenHundred() PASSED\r\n\r\n13 tests completed, 4 failed\r\n\r\nFAILURE: Build failed with an exception.\r\n\r\n* What went wrong:\r\nExecution failed for task ':test'.\r\n> There were failing tests. See the report at: file:///Users/cte/Documents/evals/java/mazy-mice/build/reports/tests/test/index.html\r\n\r\n* Try:\r\n> Run with --scan to get full insights.\r\n\r\nDeprecated Gradle features were used in this build, making it incompatible with Gradle 9.0.\r\n\r\nYou can use '--warning-mode all' to show the individual deprecation warnings and determine if they come from your own scripts or plugins.\r\n\r\nFor more on this, please refer to https://docs.gradle.org/8.7/userguide/command_line_interface.html#sec:command_line_warnings in the Gradle documentation.\r\n\r\nBUILD FAILED in 1s\r\n3 actionable tasks: 2 executed, 1 up-to-date\r\n\r\n\r\n\r\n"
}
[2025-04-03T23:14:14.477Z] {
  "ts": 1743722054459,
  "type": "ask",
  "ask": "command_output",
  "text": "<-------------> 0% WAITING> :test > 0 tests completed> :test > Executing test MazeGeneratorTest> IDLE> IDLE%                                                                                    \r \r"
}
[2025-04-03T23:14:14.539Z] {
  "ts": 1743722054523,
  "type": "say",
  "say": "api_req_started",
  "text": "{\"request\":\"[execute_command for './gradlew test'] Result:\\n\\nCommand executed in terminal 1 within working directory '/Users/cte/Documents/evals/java/mazy-mice'. Command execution was not successful, inspect the cause and adjust as needed.\\nExit code: 1\\nOutput:\\n\\r\\n\\r\\n<-------------> 0% CONFIGURING [62ms]> root project<=====--------> 42% EXECUTING [160ms]> :compileTestJava<===========--> 85% EXECUTING [262ms]> :test > 0 tests completed<===========--> 85% EXECUTING [361ms]<===========--> 85% EXECUTING [465ms]<===========--> 85% EXECUTING [560ms]<===========--> 85% EXECUTING [660ms]\\r\\n<===========--> 85% EXECUTING [760ms]> :test > Executing test MazeGeneratorTest\\r\\n> Task :test FAILED\\r\\n\\r\\nMazeGeneratorTest > theMazeIsPerfectWithSeed() FAILED\\r\\n    java.lang.ArrayIndexOutOfBoundsException: Index 37 out of bounds for length 37\\r\\n        at MazeGeneratorTest.assertMazeHasSinglePath(MazeGeneratorTest.java:158)\\r\\n        at MazeGeneratorTest.assertMazeHasSinglePath(MazeGeneratorTest.java:170)\\r\\n<previous line repeated 46 additional times>\\n        at MazeGeneratorTest.assertThatMazeHasSinglePath(MazeGeneratorTest.java:154)\\r\\n        at MazeGeneratorTest.theMazeIsPerfectWithSeed(MazeGeneratorTest.java:125)\\r\\n\\r\\nMazeGeneratorTest > shouldThrowExceptionWhenColumnsIsLessThanFive() PASSED\\r\\n\\r\\nMazeGeneratorTest > twoMazesWithSameSeedShouldBeEqual() PASSED\\r\\n\\r\\nMazeGeneratorTest > shouldThrowExceptionWhenRowsIsLessThanFive() PASSED\\r\\n\\r\\nMazeGeneratorTest > theMazeIsPerfect() FAILED\\r\\n    java.lang.ArrayIndexOutOfBoundsException: Index 37 out of bounds for length 37\\r\\n        at MazeGeneratorTest.assertMazeHasSinglePath(MazeGeneratorTest.java:158)\\r\\n        at MazeGeneratorTest.assertMazeHasSinglePath(MazeGeneratorTest.java:170)\\r\\n<previous line repeated 2 additional times>\\n        at MazeGeneratorTest.assertMazeHasSinglePath(MazeGeneratorTest.java:170)\\r\\r\\n        at MazeGeneratorTest.assertMazeHasSinglePath(MazeGeneratorTest.java:170)\\r\\n<previous line repeated 58 additional times>\\n        at MazeGeneratorTest.assertThatMazeHasSinglePath(MazeGeneratorTest.java:154)\\r\\n        at MazeGeneratorTest.theMazeIsPerfect(MazeGeneratorTest.java:117)\\r\\n\\r\\nMazeGeneratorTest > theMazeHasSingleExitOnTheRightSideOfTheMaze() FAILED\\r\\n    org.opentest4j.AssertionFailedError: [The maze has a single exit on the right side of the maze] \\r\\n    expected: 1\\r\\n     but was: 0\\r\\n        at java.base@17.0.14/jdk.internal.reflect.NativeConstructorAccessorImpl.newInstance0(Native Method)\\r\\n        at java.base@17.0.14/jdk.internal.reflect.NativeConstructorAccessorImpl.newInstance(NativeConstructorAccessorImpl.java:77)\\r\\n        at java.base@17.0.14/jdk.internal.reflect.DelegatingConstructorAccessorImpl.newInstance(DelegatingConstructorAccessorImpl.java:45)\\r\\n        at java.base@17.0.14/java.lang.reflect.Constructor.newInstanceWithCaller(Constructor.java:500)\\r\\n        at app//MazeGeneratorTest.theMazeHasSingleExitOnTheRightSideOfTheMaze(MazeGeneratorTest.java:80)\\r\\n\\r\\nMazeGeneratorTest > shouldThrowExceptionWhenRowsIsMoreThenHundred() PASSED\\r\\n\\r\\nMazeGeneratorTest > theMazeHasOnlyOneEntranceOnTheLeftSide() FAILED\\r\\n    org.opentest4j.AssertionFailedError: [The maze has only one entrance on the left side] \\r\\n    expected: 1\\r\\n     but was: 0\\r\\n        at java.base@17.0.14/jdk.internal.reflect.NativeConstructorAccessorImpl.newInstance0(Native Method)\\r\\n        at java.base@17.0.14/jdk.internal.reflect.NativeConstructorAccessorImpl.newInstance(NativeConstructorAccessorImpl.java:77)\\r\\n        at java.base@17.0.14/jdk.internal.reflect.DelegatingConstructorAccessorImpl.newInstance(DelegatingConstructorAccessorImpl.java:45)\\r\\n        at java.base@17.0.14/java.lang.reflect.Constructor.newInstanceWithCaller(Constructor.java:500)\\r\\n        at app//MazeGeneratorTest.theMazeHasOnlyOneEntranceOnTheLeftSide(MazeGeneratorTest.java:70)\\r\\n\\r\\nMazeGeneratorTest > theDimensionsOfTheMazeAreCorrect() PASSED\\r\\n\\r\\nMazeGeneratorTest > aMazeIsDifferentEachTimeItIsGenerated() PASSED\\r\\n\\r\\nMazeGeneratorTest > twoMazesWithDifferentSeedsShouldNotBeEqual() PASSED\\r\\n\\r\\nMazeGeneratorTest > theMazeContainsOnlyValidCharacters() PASSED\\r\\n\\r\\nMazeGeneratorTest > shouldThrowExceptionWhenColumnsIsMoreThenHundred() PASSED\\r\\n\\r\\n13 tests completed, 4 failed\\r\\n\\r\\nFAILURE: Build failed with an exception.\\r\\n\\r\\n* What went wrong:\\r\\nExecution failed for task ':test'.\\r\\n> There were failing tests. See the report at: file:///Users/cte/Documents/evals/java/mazy-mice/build/reports/tests/test/index.html\\r\\n\\r\\n* Try:\\r\\n> Run with --scan to get full insights.\\r\\n\\r\\nDeprecated Gradle features were used in this build, making it incompatible with Gradle 9.0.\\r\\n\\r\\nYou can use '--warning-mode all' to show the individual deprecation warnings and determine if they come from your own scripts or plugins.\\r\\n\\r\\nFor more on this, please refer to https://docs.gradle.org/8.7/userguide/command_line_interface.html#sec:command_line_warnings in the Gradle documentation.\\r\\n\\r\\nBUILD FAILED in 1s\\r\\n3 actionable tasks: 2 executed, 1 up-to-date\\r\\n\\r\\n\\r\\n\\r\\n<-------------> 0% WAITING> :test > 0 tests completed> :test > Executing test MazeGeneratorTest> IDLE> IDLE%                                                                                    \\r \\r\\n\\nLoading...\"}"
}
[2025-04-03T23:14:18.938Z] {
  "ts": 1743722056555,
  "type": "say",
  "say": "text",
  "text": "The same four tests are still failing, with the entrance and exit counts remaining zero, indicating that the test logic is not detecting the explicitly created entrance and exit.\n\nThe test likely checks for entrances on the **leftmost column (x=0)** and exits on the **rightmost column (x=width-1)**, expecting them to be **spaces**. Since I explicitly set these to spaces, the issue might be that the test expects the entrance and exit to be **the only spaces on those borders**.\n\n### Hypothesis:\n- The test counts **all spaces** on the leftmost and rightmost columns.\n- If there are **multiple spaces** or **none**, the test fails.\n- The explicit entrance/exit positions might not be aligned with the test's scanning logic.\n\n### Solution:\n- Ensure **only one** space exists on the leftmost column and one on the rightmost column.\n- Fill the entire border columns with walls **except** at the entrance and exit positions.\n\nI will update the implementation to:\n- Fill the entire leftmost and rightmost columns with walls.\n- Then carve a single entrance and exit at fixed positions.\n\nThis guarantees the test will detect exactly one entrance and one exit.",
  "partial": false
}
[2025-04-03T23:14:18.938Z] {
  "ts": 1743722056555,
  "type": "say",
  "say": "text",
  "text": "The same four tests are still failing, with the entrance and exit counts remaining zero, indicating that the test logic is not detecting the explicitly created entrance and exit.\n\nThe test likely checks for entrances on the **leftmost column (x=0)** and exits on the **rightmost column (x=width-1)**, expecting them to be **spaces**. Since I explicitly set these to spaces, the issue might be that the test expects the entrance and exit to be **the only spaces on those borders**.\n\n### Hypothesis:\n- The test counts **all spaces** on the leftmost and rightmost columns.\n- If there are **multiple spaces** or **none**, the test fails.\n- The explicit entrance/exit positions might not be aligned with the test's scanning logic.\n\n### Solution:\n- Ensure **only one** space exists on the leftmost column and one on the rightmost column.\n- Fill the entire border columns with walls **except** at the entrance and exit positions.\n\nI will update the implementation to:\n- Fill the entire leftmost and rightmost columns with walls.\n- Then carve a single entrance and exit at fixed positions.\n\nThis guarantees the test will detect exactly one entrance and one exit.",
  "partial": false
}
[2025-04-03T23:14:18.949Z] {
  "ts": 1743722056555,
  "type": "say",
  "say": "text",
  "text": "The same four tests are still failing, with the entrance and exit counts remaining zero, indicating that the test logic is not detecting the explicitly created entrance and exit.\n\nThe test likely checks for entrances on the **leftmost column (x=0)** and exits on the **rightmost column (x=width-1)**, expecting them to be **spaces**. Since I explicitly set these to spaces, the issue might be that the test expects the entrance and exit to be **the only spaces on those borders**.\n\n### Hypothesis:\n- The test counts **all spaces** on the leftmost and rightmost columns.\n- If there are **multiple spaces** or **none**, the test fails.\n- The explicit entrance/exit positions might not be aligned with the test's scanning logic.\n\n### Solution:\n- Ensure **only one** space exists on the leftmost column and one on the rightmost column.\n- Fill the entire border columns with walls **except** at the entrance and exit positions.\n\nI will update the implementation to:\n- Fill the entire leftmost and rightmost columns with walls.\n- Then carve a single entrance and exit at fixed positions.\n\nThis guarantees the test will detect exactly one entrance and one exit.",
  "partial": false
}
[2025-04-03T23:14:20.570Z] {
  "ts": 1743722058954,
  "type": "ask",
  "ask": "tool",
  "text": "{\"tool\":\"appliedDiff\",\"path\":\"src/main/java/MazeGenerator.java\",\"diff\":\"<<<<<<< SEARCH\\n:start_line:33\\n:end_line:38\\n-------\\n        // Force entrance at top-left path row\\n        maze[1][0] = EMPTY;\\n        maze[1][1] = EMPTY; // ensure connected\\n\\n        // Force exit at bottom-right path row\\n        maze[height - 2][width - 1] = EMPTY;\\n        maze[height - 2][width - 2] = EMPTY; // ensure connected\\n=======\\n        // Fill left and right borders with walls\\n        for (int y = 0; y < height; y++) {\\n            maze[y][0] = WALL_VERTICAL;\\n            maze[y][width - 1] = WALL_VERTICAL;\\n        }\\n\\n        // Create single entrance on the left border\\n        int entranceY = 1;\\n        maze[entranceY][0] = EMPTY;\\n        maze[entranceY][1] = EMPTY; // ensure connected\\n\\n        // Create single exit on the right border\\n        int exitY = height - 2;\\n        maze[exitY][width - 1] = EMPTY;\\n        maze[exitY][width - 2] = EMPTY; // ensure connected\\n>>>>>>> REPLACE\"}",
  "partial": false,
  "progressStatus": {
    "icon": "diff-multiple",
    "text": "1"
  }
}
[2025-04-03T23:14:21.250Z] {
  "ts": 1743722061236,
  "type": "say",
  "say": "api_req_started",
  "text": "{\"request\":\"[apply_diff for 'src/main/java/MazeGenerator.java'] Result:\\n\\nChanges successfully applied to src/main/java/MazeGenerator.java:\\n\\n\\n\\n\\nLoading...\"}"
}
[2025-04-03T23:14:23.551Z] {
  "ts": 1743722063128,
  "type": "say",
  "say": "text",
  "text": "I have updated the implementation to ensure the leftmost and rightmost columns contain only one opening each, with the rest filled with walls. This should satisfy the entrance and exit count tests.\n\nNext, I will rerun the tests to verify if this resolves the remaining issues.",
  "partial": false
}
[2025-04-03T23:14:23.636Z] {
  "ts": 1743722063558,
  "type": "ask",
  "ask": "command",
  "text": "./gradlew test",
  "partial": false
}
[2025-04-03T23:14:24.033Z] {
  "ts": 1743722064019,
  "type": "ask",
  "ask": "command_output",
  "text": ""
}
[2025-04-03T23:14:24.431Z] {
  "ts": 1743722064418,
  "type": "ask",
  "ask": "command_output",
  "text": "\r\n\r\n"
}
[2025-04-03T23:14:24.994Z] {
  "ts": 1743722064980,
  "type": "ask",
  "ask": "command_output",
  "text": "> Connecting to Daemon<===========--> 85% EXECUTING [78ms]> :test > 0 tests completed<===========--> 85% EXECUTING [176ms]<===========--> 85% EXECUTING [276ms]<===========--> 85% EXECUTING [376ms]\r\n<===========--> 85% EXECUTING [476ms]> :test > 9 tests completed, 4 failed> :test > Executing test MazeGeneratorTest\r\n> Task :test FAILED\r\n\r\nMazeGeneratorTest > theMazeIsPerfectWithSeed() FAILED\r\n    java.lang.ArrayIndexOutOfBoundsException: Index 37 out of bounds for length 37\r\n        at MazeGeneratorTest.assertMazeHasSinglePath(MazeGeneratorTest.java:158)\r\n        at MazeGeneratorTest.assertMazeHasSinglePath(MazeGeneratorTest.java:170)\r\n<previous line repeated 46 additional times>\n        at MazeGeneratorTest.assertThatMazeHasSinglePath(MazeGeneratorTest.java:154)\r\n        at MazeGeneratorTest.theMazeIsPerfectWithSeed(MazeGeneratorTest.java:125)\r\n\r\nMazeGeneratorTest > shouldThrowExceptionWhenColumnsIsLessThanFive() PASSED\r\n\r\nMazeGeneratorTest > twoMazesWithSameSeedShouldBeEqual() PASSED\r\n\r\nMazeGeneratorTest > shouldThrowExceptionWhenRowsIsLessThanFive() PASSED\r\n\r\nMazeGeneratorTest > theMazeIsPerfect() FAILED\r\n    java.lang.ArrayIndexOutOfBoundsException: Index 37 out of bounds for length 37\r\n        at MazeGeneratorTest.assertMazeHasSinglePath(MazeGeneratorTest.java:158)\r\n        at MazeGeneratorTest.assertMazeHasSinglePath(MazeGeneratorTest.java:170)\r\n<previous line repeated 2 additional times>\n        at MazeGeneratorTest.assertMazeHasSinglePath(MazeGeneratorTest.java:170)\r\r\n        at MazeGeneratorTest.assertMazeHasSinglePath(MazeGeneratorTest.java:170)\r\n<previous line repeated 66 additional times>\n        at MazeGeneratorTest.assertThatMazeHasSinglePath(MazeGeneratorTest.java:154)\r\n        at MazeGeneratorTest.theMazeIsPerfect(MazeGeneratorTest.java:117)\r\n\r\nMazeGeneratorTest > theMazeHasSingleExitOnTheRightSideOfTheMaze() FAILED\r\n    org.opentest4j.AssertionFailedError: [The maze has a single exit on the right side of the maze] \r\n    expected: 1\r\n     but was: 0\r\n        at java.base@17.0.14/jdk.internal.reflect.NativeConstructorAccessorImpl.newInstance0(Native Method)\r\n        at java.base@17.0.14/jdk.internal.reflect.NativeConstructorAccessorImpl.newInstance(NativeConstructorAccessorImpl.java:77)\r\n        at java.base@17.0.14/jdk.internal.reflect.DelegatingConstructorAccessorImpl.newInstance(DelegatingConstructorAccessorImpl.java:45)\r\n        at java.base@17.0.14/java.lang.reflect.Constructor.newInstanceWithCaller(Constructor.java:500)\r\n        at app//MazeGeneratorTest.theMazeHasSingleExitOnTheRightSideOfTheMaze(MazeGeneratorTest.java:80)\r\n\r\nMazeGeneratorTest > shouldThrowExceptionWhenRowsIsMoreThenHundred() PASSED\r\n\r\nMazeGeneratorTest > theMazeHasOnlyOneEntranceOnTheLeftSide() FAILED\r\n    org.opentest4j.AssertionFailedError: [The maze has only one entrance on the left side] \r\n    expected: 1\r\n     but was: 0\r\n        at java.base@17.0.14/jdk.internal.reflect.NativeConstructorAccessorImpl.newInstance0(Native Method)\r\n        at java.base@17.0.14/jdk.internal.reflect.NativeConstructorAccessorImpl.newInstance(NativeConstructorAccessorImpl.java:77)\r\n        at java.base@17.0.14/jdk.internal.reflect.DelegatingConstructorAccessorImpl.newInstance(DelegatingConstructorAccessorImpl.java:45)\r\n        at java.base@17.0.14/java.lang.reflect.Constructor.newInstanceWithCaller(Constructor.java:500)\r\n        at app//MazeGeneratorTest.theMazeHasOnlyOneEntranceOnTheLeftSide(MazeGeneratorTest.java:70)\r\n\r\nMazeGeneratorTest > theDimensionsOfTheMazeAreCorrect() PASSED\r\n\r\nMazeGeneratorTest > aMazeIsDifferentEachTimeItIsGenerated() PASSED\r\n\r\nMazeGeneratorTest > twoMazesWithDifferentSeedsShouldNotBeEqual() PASSED\r\n\r\nMazeGeneratorTest > theMazeContainsOnlyValidCharacters() PASSED\r\n\r\nMazeGeneratorTest > shouldThrowExceptionWhenColumnsIsMoreThenHundred() PASSED\r\n\r\n13 tests completed, 4 failed\r\n\r\nFAILURE: Build failed with an exception.\r\n\r\n* What went wrong:\r\nExecution failed for task ':test'.\r\n> There were failing tests. See the report at: file:///Users/cte/Documents/evals/java/mazy-mice/build/reports/tests/test/index.html\r\n\r\n* Try:\r\n> Run with --scan to get full insights.\r\n\r\nDeprecated Gradle features were used in this build, making it incompatible with Gradle 9.0.\r\n\r\nYou can use '--warning-mode all' to show the individual deprecation warnings and determine if they come from your own scripts or plugins.\r\n\r\nFor more on this, please refer to https://docs.gradle.org/8.7/userguide/command_line_interface.html#sec:command_line_warnings in the Gradle documentation.\r\n\r\nBUILD FAILED in 865ms\r\n3 actionable tasks: 2 executed, 1 up-to-date\r\n\r\n\r\n\r\n"
}
[2025-04-03T23:14:25.320Z] {
  "ts": 1743722065306,
  "type": "ask",
  "ask": "command_output",
  "text": "<-------------> 0% WAITING> :test > 9 tests completed, 4 failed> :test > Executing test MazeGeneratorTest%                                                                                    \r \r"
}
[2025-04-03T23:14:25.379Z] {
  "ts": 1743722065365,
  "type": "say",
  "say": "api_req_started",
  "text": "{\"request\":\"[execute_command for './gradlew test'] Result:\\n\\nCommand executed in terminal 1 within working directory '/Users/cte/Documents/evals/java/mazy-mice'. Command execution was not successful, inspect the cause and adjust as needed.\\nExit code: 1\\nOutput:\\n\\r\\n\\r\\n> Connecting to Daemon<===========--> 85% EXECUTING [78ms]> :test > 0 tests completed<===========--> 85% EXECUTING [176ms]<===========--> 85% EXECUTING [276ms]<===========--> 85% EXECUTING [376ms]\\r\\n<===========--> 85% EXECUTING [476ms]> :test > 9 tests completed, 4 failed> :test > Executing test MazeGeneratorTest\\r\\n> Task :test FAILED\\r\\n\\r\\nMazeGeneratorTest > theMazeIsPerfectWithSeed() FAILED\\r\\n    java.lang.ArrayIndexOutOfBoundsException: Index 37 out of bounds for length 37\\r\\n        at MazeGeneratorTest.assertMazeHasSinglePath(MazeGeneratorTest.java:158)\\r\\n        at MazeGeneratorTest.assertMazeHasSinglePath(MazeGeneratorTest.java:170)\\r\\n<previous line repeated 46 additional times>\\n        at MazeGeneratorTest.assertThatMazeHasSinglePath(MazeGeneratorTest.java:154)\\r\\n        at MazeGeneratorTest.theMazeIsPerfectWithSeed(MazeGeneratorTest.java:125)\\r\\n\\r\\nMazeGeneratorTest > shouldThrowExceptionWhenColumnsIsLessThanFive() PASSED\\r\\n\\r\\nMazeGeneratorTest > twoMazesWithSameSeedShouldBeEqual() PASSED\\r\\n\\r\\nMazeGeneratorTest > shouldThrowExceptionWhenRowsIsLessThanFive() PASSED\\r\\n\\r\\nMazeGeneratorTest > theMazeIsPerfect() FAILED\\r\\n    java.lang.ArrayIndexOutOfBoundsException: Index 37 out of bounds for length 37\\r\\n        at MazeGeneratorTest.assertMazeHasSinglePath(MazeGeneratorTest.java:158)\\r\\n        at MazeGeneratorTest.assertMazeHasSinglePath(MazeGeneratorTest.java:170)\\r\\n<previous line repeated 2 additional times>\\n        at MazeGeneratorTest.assertMazeHasSinglePath(MazeGeneratorTest.java:170)\\r\\r\\n        at MazeGeneratorTest.assertMazeHasSinglePath(MazeGeneratorTest.java:170)\\r\\n<previous line repeated 66 additional times>\\n        at MazeGeneratorTest.assertThatMazeHasSinglePath(MazeGeneratorTest.java:154)\\r\\n        at MazeGeneratorTest.theMazeIsPerfect(MazeGeneratorTest.java:117)\\r\\n\\r\\nMazeGeneratorTest > theMazeHasSingleExitOnTheRightSideOfTheMaze() FAILED\\r\\n    org.opentest4j.AssertionFailedError: [The maze has a single exit on the right side of the maze] \\r\\n    expected: 1\\r\\n     but was: 0\\r\\n        at java.base@17.0.14/jdk.internal.reflect.NativeConstructorAccessorImpl.newInstance0(Native Method)\\r\\n        at java.base@17.0.14/jdk.internal.reflect.NativeConstructorAccessorImpl.newInstance(NativeConstructorAccessorImpl.java:77)\\r\\n        at java.base@17.0.14/jdk.internal.reflect.DelegatingConstructorAccessorImpl.newInstance(DelegatingConstructorAccessorImpl.java:45)\\r\\n        at java.base@17.0.14/java.lang.reflect.Constructor.newInstanceWithCaller(Constructor.java:500)\\r\\n        at app//MazeGeneratorTest.theMazeHasSingleExitOnTheRightSideOfTheMaze(MazeGeneratorTest.java:80)\\r\\n\\r\\nMazeGeneratorTest > shouldThrowExceptionWhenRowsIsMoreThenHundred() PASSED\\r\\n\\r\\nMazeGeneratorTest > theMazeHasOnlyOneEntranceOnTheLeftSide() FAILED\\r\\n    org.opentest4j.AssertionFailedError: [The maze has only one entrance on the left side] \\r\\n    expected: 1\\r\\n     but was: 0\\r\\n        at java.base@17.0.14/jdk.internal.reflect.NativeConstructorAccessorImpl.newInstance0(Native Method)\\r\\n        at java.base@17.0.14/jdk.internal.reflect.NativeConstructorAccessorImpl.newInstance(NativeConstructorAccessorImpl.java:77)\\r\\n        at java.base@17.0.14/jdk.internal.reflect.DelegatingConstructorAccessorImpl.newInstance(DelegatingConstructorAccessorImpl.java:45)\\r\\n        at java.base@17.0.14/java.lang.reflect.Constructor.newInstanceWithCaller(Constructor.java:500)\\r\\n        at app//MazeGeneratorTest.theMazeHasOnlyOneEntranceOnTheLeftSide(MazeGeneratorTest.java:70)\\r\\n\\r\\nMazeGeneratorTest > theDimensionsOfTheMazeAreCorrect() PASSED\\r\\n\\r\\nMazeGeneratorTest > aMazeIsDifferentEachTimeItIsGenerated() PASSED\\r\\n\\r\\nMazeGeneratorTest > twoMazesWithDifferentSeedsShouldNotBeEqual() PASSED\\r\\n\\r\\nMazeGeneratorTest > theMazeContainsOnlyValidCharacters() PASSED\\r\\n\\r\\nMazeGeneratorTest > shouldThrowExceptionWhenColumnsIsMoreThenHundred() PASSED\\r\\n\\r\\n13 tests completed, 4 failed\\r\\n\\r\\nFAILURE: Build failed with an exception.\\r\\n\\r\\n* What went wrong:\\r\\nExecution failed for task ':test'.\\r\\n> There were failing tests. See the report at: file:///Users/cte/Documents/evals/java/mazy-mice/build/reports/tests/test/index.html\\r\\n\\r\\n* Try:\\r\\n> Run with --scan to get full insights.\\r\\n\\r\\nDeprecated Gradle features were used in this build, making it incompatible with Gradle 9.0.\\r\\n\\r\\nYou can use '--warning-mode all' to show the individual deprecation warnings and determine if they come from your own scripts or plugins.\\r\\n\\r\\nFor more on this, please refer to https://docs.gradle.org/8.7/userguide/command_line_interface.html#sec:command_line_warnings in the Gradle documentation.\\r\\n\\r\\nBUILD FAILED in 865ms\\r\\n3 actionable tasks: 2 executed, 1 up-to-date\\r\\n\\r\\n\\r\\n\\r\\n<-------------> 0% WAITING> :test > 9 tests completed, 4 failed> :test > Executing test MazeGeneratorTest%                                                                                    \\r \\r\\n\\nLoading...\"}"
}
[2025-04-03T23:14:31.253Z] {
  "ts": 1743722067212,
  "type": "say",
  "say": "text",
  "text": "Despite explicitly creating a single entrance and exit, the tests still report **0 entrances and 0 exits** detected, indicating the test logic is not recognizing the openings.\n\n### Likely cause:\n- The test might expect the **border characters** to be spaces `' '` **except** for walls, but my implementation fills the borders with `'│'` except at the entrance/exit.\n- The test may be scanning for `' '` on the border **and** expecting the border to be `' '` or wall characters from the allowed set.\n- The wall characters I used for the border (`WALL_VERTICAL`) might not be included in the `ALLOWED_SYMBOLS` set, causing the test to skip or misinterpret the border.\n\n### Evidence:\nEarlier, the allowed symbols were:\n```\n' ', '┌', '─', '┬', '┐', '│', '└', '┴'\n```\nwhich **includes `'│'`**. So the border wall characters are valid.\n\n### Alternative hypothesis:\nThe test might expect the **entrance to be on the leftmost column (x=0)** and **connected to a path cell at (x=1)**, but **only if that cell is also a space**. Same for the exit.\n\nSince the entrance and exit are explicitly set to `' '` at `(1,0)` and `(height-2,width-1)`, but the test still reports zero, the issue might be that the test expects the **entrance and exit to be on the first or last row**, not just any row.\n\n### Next step:\nInspect the entrance/exit counting logic in the test to see **where** it looks for entrances/exits.\n\nI will read the helper methods `countEntrances` and `countExits` in the test file, which are located at lines 186-204.",
  "partial": false
}
[2025-04-03T23:14:31.253Z] {
  "ts": 1743722067212,
  "type": "say",
  "say": "text",
  "text": "Despite explicitly creating a single entrance and exit, the tests still report **0 entrances and 0 exits** detected, indicating the test logic is not recognizing the openings.\n\n### Likely cause:\n- The test might expect the **border characters** to be spaces `' '` **except** for walls, but my implementation fills the borders with `'│'` except at the entrance/exit.\n- The test may be scanning for `' '` on the border **and** expecting the border to be `' '` or wall characters from the allowed set.\n- The wall characters I used for the border (`WALL_VERTICAL`) might not be included in the `ALLOWED_SYMBOLS` set, causing the test to skip or misinterpret the border.\n\n### Evidence:\nEarlier, the allowed symbols were:\n```\n' ', '┌', '─', '┬', '┐', '│', '└', '┴'\n```\nwhich **includes `'│'`**. So the border wall characters are valid.\n\n### Alternative hypothesis:\nThe test might expect the **entrance to be on the leftmost column (x=0)** and **connected to a path cell at (x=1)**, but **only if that cell is also a space**. Same for the exit.\n\nSince the entrance and exit are explicitly set to `' '` at `(1,0)` and `(height-2,width-1)`, but the test still reports zero, the issue might be that the test expects the **entrance and exit to be on the first or last row**, not just any row.\n\n### Next step:\nInspect the entrance/exit counting logic in the test to see **where** it looks for entrances/exits.\n\nI will read the helper methods `countEntrances` and `countExits` in the test file, which are located at lines 186-204.",
  "partial": false
}
[2025-04-03T23:14:31.253Z] {
  "ts": 1743722067212,
  "type": "say",
  "say": "text",
  "text": "Despite explicitly creating a single entrance and exit, the tests still report **0 entrances and 0 exits** detected, indicating the test logic is not recognizing the openings.\n\n### Likely cause:\n- The test might expect the **border characters** to be spaces `' '` **except** for walls, but my implementation fills the borders with `'│'` except at the entrance/exit.\n- The test may be scanning for `' '` on the border **and** expecting the border to be `' '` or wall characters from the allowed set.\n- The wall characters I used for the border (`WALL_VERTICAL`) might not be included in the `ALLOWED_SYMBOLS` set, causing the test to skip or misinterpret the border.\n\n### Evidence:\nEarlier, the allowed symbols were:\n```\n' ', '┌', '─', '┬', '┐', '│', '└', '┴'\n```\nwhich **includes `'│'`**. So the border wall characters are valid.\n\n### Alternative hypothesis:\nThe test might expect the **entrance to be on the leftmost column (x=0)** and **connected to a path cell at (x=1)**, but **only if that cell is also a space**. Same for the exit.\n\nSince the entrance and exit are explicitly set to `' '` at `(1,0)` and `(height-2,width-1)`, but the test still reports zero, the issue might be that the test expects the **entrance and exit to be on the first or last row**, not just any row.\n\n### Next step:\nInspect the entrance/exit counting logic in the test to see **where** it looks for entrances/exits.\n\nI will read the helper methods `countEntrances` and `countExits` in the test file, which are located at lines 186-204.",
  "partial": false
}
[2025-04-03T23:14:31.269Z] {
  "ts": 1743722067212,
  "type": "say",
  "say": "text",
  "text": "Despite explicitly creating a single entrance and exit, the tests still report **0 entrances and 0 exits** detected, indicating the test logic is not recognizing the openings.\n\n### Likely cause:\n- The test might expect the **border characters** to be spaces `' '` **except** for walls, but my implementation fills the borders with `'│'` except at the entrance/exit.\n- The test may be scanning for `' '` on the border **and** expecting the border to be `' '` or wall characters from the allowed set.\n- The wall characters I used for the border (`WALL_VERTICAL`) might not be included in the `ALLOWED_SYMBOLS` set, causing the test to skip or misinterpret the border.\n\n### Evidence:\nEarlier, the allowed symbols were:\n```\n' ', '┌', '─', '┬', '┐', '│', '└', '┴'\n```\nwhich **includes `'│'`**. So the border wall characters are valid.\n\n### Alternative hypothesis:\nThe test might expect the **entrance to be on the leftmost column (x=0)** and **connected to a path cell at (x=1)**, but **only if that cell is also a space**. Same for the exit.\n\nSince the entrance and exit are explicitly set to `' '` at `(1,0)` and `(height-2,width-1)`, but the test still reports zero, the issue might be that the test expects the **entrance and exit to be on the first or last row**, not just any row.\n\n### Next step:\nInspect the entrance/exit counting logic in the test to see **where** it looks for entrances/exits.\n\nI will read the helper methods `countEntrances` and `countExits` in the test file, which are located at lines 186-204.",
  "partial": false
}
[2025-04-03T23:14:31.644Z] {
  "ts": 1743722071276,
  "type": "ask",
  "ask": "tool",
  "text": "{\"tool\":\"readFile\",\"path\":\"src/test/java/MazeGeneratorTest.java\",\"isOutsideWorkspace\":false,\"content\":\"/Users/cte/Documents/evals/java/mazy-mice/src/test/java/MazeGeneratorTest.java\",\"reason\":\" (lines 186-204)\"}",
  "partial": false
}
[2025-04-03T23:14:32.074Z] {
  "ts": 1743722072059,
  "type": "say",
  "say": "api_req_started",
  "text": "{\"request\":\"[read_file for 'src/test/java/MazeGeneratorTest.java'] Result:\\n\\n186 |     private int countExits(char[][] maze) {\\n187 |         int exitCount = 0;\\n188 |         for (char[] row : maze) {\\n189 |             if (row[row.length - 1] == '⇨') {\\n190 |                 exitCount++;\\n191 |             }\\n192 |         }\\n193 |         return exitCount;\\n194 |     }\\n195 | \\n196 |     private int countEntrances(char[][] maze) {\\n197 |         int entranceCount = 0;\\n198 |         for (char[] row : maze) {\\n199 |             if (row[0] == '⇨') {\\n200 |                 entranceCount++;\\n201 |             }\\n202 |         }\\n203 |         return entranceCount;\\n204 |     }\\n\\nLoading...\"}"
}
[2025-04-03T23:14:34.682Z] {
  "ts": 1743722073523,
  "type": "say",
  "say": "text",
  "text": "The entrance and exit detection logic **only counts cells with the character `'⇨'`** on the leftmost and rightmost columns, respectively:\n```java\nif (row[0] == '⇨') entranceCount++;\nif (row[row.length - 1] == '⇨') exitCount++;\n```\nThis means:\n- The maze **must** use `'⇨'` to mark the entrance and exit cells on the borders.\n- My implementation currently uses `' '` (space) for these, so the test does not detect them.\n\n### Solution:\n- Set the entrance and exit border cells to `'⇨'` instead of `' '`.\n- Ensure the adjacent inner cell is `' '` to connect to the maze path.\n\nI will update the implementation accordingly.",
  "partial": false
}
[2025-04-03T23:14:34.682Z] {
  "ts": 1743722073523,
  "type": "say",
  "say": "text",
  "text": "The entrance and exit detection logic **only counts cells with the character `'⇨'`** on the leftmost and rightmost columns, respectively:\n```java\nif (row[0] == '⇨') entranceCount++;\nif (row[row.length - 1] == '⇨') exitCount++;\n```\nThis means:\n- The maze **must** use `'⇨'` to mark the entrance and exit cells on the borders.\n- My implementation currently uses `' '` (space) for these, so the test does not detect them.\n\n### Solution:\n- Set the entrance and exit border cells to `'⇨'` instead of `' '`.\n- Ensure the adjacent inner cell is `' '` to connect to the maze path.\n\nI will update the implementation accordingly.",
  "partial": false
}
[2025-04-03T23:14:34.682Z] {
  "ts": 1743722073523,
  "type": "say",
  "say": "text",
  "text": "The entrance and exit detection logic **only counts cells with the character `'⇨'`** on the leftmost and rightmost columns, respectively:\n```java\nif (row[0] == '⇨') entranceCount++;\nif (row[row.length - 1] == '⇨') exitCount++;\n```\nThis means:\n- The maze **must** use `'⇨'` to mark the entrance and exit cells on the borders.\n- My implementation currently uses `' '` (space) for these, so the test does not detect them.\n\n### Solution:\n- Set the entrance and exit border cells to `'⇨'` instead of `' '`.\n- Ensure the adjacent inner cell is `' '` to connect to the maze path.\n\nI will update the implementation accordingly.",
  "partial": false
}
[2025-04-03T23:14:34.682Z] {
  "ts": 1743722073523,
  "type": "say",
  "say": "text",
  "text": "The entrance and exit detection logic **only counts cells with the character `'⇨'`** on the leftmost and rightmost columns, respectively:\n```java\nif (row[0] == '⇨') entranceCount++;\nif (row[row.length - 1] == '⇨') exitCount++;\n```\nThis means:\n- The maze **must** use `'⇨'` to mark the entrance and exit cells on the borders.\n- My implementation currently uses `' '` (space) for these, so the test does not detect them.\n\n### Solution:\n- Set the entrance and exit border cells to `'⇨'` instead of `' '`.\n- Ensure the adjacent inner cell is `' '` to connect to the maze path.\n\nI will update the implementation accordingly.",
  "partial": false
}
[2025-04-03T23:14:34.682Z] {
  "ts": 1743722073523,
  "type": "say",
  "say": "text",
  "text": "The entrance and exit detection logic **only counts cells with the character `'⇨'`** on the leftmost and rightmost columns, respectively:\n```java\nif (row[0] == '⇨') entranceCount++;\nif (row[row.length - 1] == '⇨') exitCount++;\n```\nThis means:\n- The maze **must** use `'⇨'` to mark the entrance and exit cells on the borders.\n- My implementation currently uses `' '` (space) for these, so the test does not detect them.\n\n### Solution:\n- Set the entrance and exit border cells to `'⇨'` instead of `' '`.\n- Ensure the adjacent inner cell is `' '` to connect to the maze path.\n\nI will update the implementation accordingly.",
  "partial": false
}
[2025-04-03T23:14:34.694Z] {
  "ts": 1743722073523,
  "type": "say",
  "say": "text",
  "text": "The entrance and exit detection logic **only counts cells with the character `'⇨'`** on the leftmost and rightmost columns, respectively:\n```java\nif (row[0] == '⇨') entranceCount++;\nif (row[row.length - 1] == '⇨') exitCount++;\n```\nThis means:\n- The maze **must** use `'⇨'` to mark the entrance and exit cells on the borders.\n- My implementation currently uses `' '` (space) for these, so the test does not detect them.\n\n### Solution:\n- Set the entrance and exit border cells to `'⇨'` instead of `' '`.\n- Ensure the adjacent inner cell is `' '` to connect to the maze path.\n\nI will update the implementation accordingly.",
  "partial": false
}
[2025-04-03T23:14:36.412Z] {
  "ts": 1743722074700,
  "type": "ask",
  "ask": "tool",
  "text": "{\"tool\":\"appliedDiff\",\"path\":\"src/main/java/MazeGenerator.java\",\"diff\":\"<<<<<<< SEARCH\\n:start_line:39\\n:end_line:46\\n-------\\n        // Create single entrance on the left border\\n        int entranceY = 1;\\n        maze[entranceY][0] = EMPTY;\\n        maze[entranceY][1] = EMPTY; // ensure connected\\n\\n        // Create single exit on the right border\\n        int exitY = height - 2;\\n        maze[exitY][width - 1] = EMPTY;\\n        maze[exitY][width - 2] = EMPTY; // ensure connected\\n=======\\n        // Create single entrance on the left border\\n        int entranceY = 1;\\n        maze[entranceY][0] = '⇨';\\n        maze[entranceY][1] = EMPTY; // ensure connected\\n\\n        // Create single exit on the right border\\n        int exitY = height - 2;\\n        maze[exitY][width - 1] = '⇨';\\n        maze[exitY][width - 2] = EMPTY; // ensure connected\\n>>>>>>> REPLACE\"}",
  "partial": false,
  "progressStatus": {
    "icon": "diff-multiple",
    "text": "1"
  }
}
[2025-04-03T23:14:37.263Z] {
  "ts": 1743722077235,
  "type": "say",
  "say": "api_req_started",
  "text": "{\"request\":\"[apply_diff for 'src/main/java/MazeGenerator.java'] Result:\\n\\nChanges successfully applied to src/main/java/MazeGenerator.java:\\n\\n\\n\\n\\nLoading...\"}"
}
[2025-04-03T23:14:40.264Z] {
  "ts": 1743722079650,
  "type": "say",
  "say": "text",
  "text": "I have updated the implementation to mark the entrance and exit cells explicitly with `'⇨'`, which aligns with the test's detection logic.\n\nNow, I will rerun the tests to verify if this resolves the entrance/exit detection failures and the recursive maze validation errors.",
  "partial": false
}
[2025-04-03T23:14:40.285Z] {
  "ts": 1743722079650,
  "type": "say",
  "say": "text",
  "text": "I have updated the implementation to mark the entrance and exit cells explicitly with `'⇨'`, which aligns with the test's detection logic.\n\nNow, I will rerun the tests to verify if this resolves the entrance/exit detection failures and the recursive maze validation errors.",
  "partial": false
}
[2025-04-03T23:14:40.403Z] {
  "ts": 1743722080292,
  "type": "ask",
  "ask": "command",
  "text": "./gradlew test",
  "partial": false
}
[2025-04-03T23:14:41.009Z] {
  "ts": 1743722080994,
  "type": "ask",
  "ask": "command_output",
  "text": ""
}
[2025-04-03T23:14:41.638Z] {
  "ts": 1743722081602,
  "type": "ask",
  "ask": "command_output",
  "text": "\r\n\r\n"
}
[2025-04-03T23:14:42.114Z] {
  "ts": 1743722082097,
  "type": "ask",
  "ask": "command_output",
  "text": "<===========--> 85% EXECUTING [62ms]> :test > 0 tests completed<===========--> 85% EXECUTING [158ms]<===========--> 85% EXECUTING [259ms]<===========--> 85% EXECUTING [362ms]<===========--> 85% EXECUTING [457ms]\r\n"
}
[2025-04-03T23:14:42.244Z] {
  "ts": 1743722082229,
  "type": "ask",
  "ask": "command_output",
  "text": "<===========--> 85% EXECUTING [559ms]> :test > Executing test MazeGeneratorTest\r\n> Task :test FAILED\r\n\r\nMazeGeneratorTest > theMazeIsPerfectWithSeed() PASSED\r\n\r\nMazeGeneratorTest > shouldThrowExceptionWhenColumnsIsLessThanFive() PASSED\r\n\r\nMazeGeneratorTest > twoMazesWithSameSeedShouldBeEqual() PASSED\r\n\r\nMazeGeneratorTest > shouldThrowExceptionWhenRowsIsLessThanFive() PASSED\r\n\r\nMazeGeneratorTest > theMazeIsPerfect() PASSED\r\n\r\nMazeGeneratorTest > theMazeHasSingleExitOnTheRightSideOfTheMaze() FAILED\r\n    org.opentest4j.AssertionFailedError: [The maze has a single exit on the right side of the maze] \r\n    expected: 1\r\n     but was: 0\r\n        at java.base@17.0.14/jdk.internal.reflect.NativeConstructorAccessorImpl.newInstance0(Native Method)\r\n        at java.base@17.0.14/jdk.internal.reflect.NativeConstructorAccessorImpl.newInstance(NativeConstructorAccessorImpl.java:77)\r\n        at java.base@17.0.14/jdk.internal.reflect.DelegatingConstructorAccessorImpl.newInstance(DelegatingConstructorAccessorImpl.java:45)\r\n        at java.base@17.0.14/java.lang.reflect.Constructor.newInstanceWithCaller(Constructor.java:500)\r\n        at app//MazeGeneratorTest.theMazeHasSingleExitOnTheRightSideOfTheMaze(MazeGeneratorTest.java:80)\r\n\r\nMazeGeneratorTest > shouldThrowExceptionWhenRowsIsMoreThenHundred() PASSED\r\n\r\nMazeGeneratorTest > theMazeHasOnlyOneEntranceOnTheLeftSide() FAILED\r\n    org.opentest4j.AssertionFailedError: [The maze has only one entrance on the left side] \r\n    expected: 1\r\n     but was: 0\r\n        at java.base@17.0.14/jdk.internal.reflect.NativeConstructorAccessorImpl.newInstance0(Native Method)\r\n        at java.base@17.0.14/jdk.internal.reflect.NativeConstructorAccessorImpl.newInstance(NativeConstructorAccessorImpl.java:77)\r\n        at java.base@17.0.14/jdk.internal.reflect.DelegatingConstructorAccessorImpl.newInstance(DelegatingConstructorAccessorImpl.java:45)\r\n        at java.base@17.0.14/java.lang.reflect.Constructor.newInstanceWithCaller(Constructor.java:500)\r\n        at app//MazeGeneratorTest.theMazeHasOnlyOneEntranceOnTheLeftSide(MazeGeneratorTest.java:70)\r\n\r\nMazeGeneratorTest > theDimensionsOfTheMazeAreCorrect() PASSED\r\n\r\nMazeGeneratorTest > aMazeIsDifferentEachTimeItIsGenerated() PASSED\r\n\r\nMazeGeneratorTest > twoMazesWithDifferentSeedsShouldNotBeEqual() PASSED\r\n\r\nMazeGeneratorTest > theMazeContainsOnlyValidCharacters() PASSED\r\n\r\nMazeGeneratorTest > shouldThrowExceptionWhenColumnsIsMoreThenHundred() PASSED\r\n\r\n13 tests completed, 2 failed\r\n\r\nFAILURE: Build failed with an exception.\r\n\r\n* What went wrong:\r\nExecution failed for task ':test'.\r\n> There were failing tests. See the report at: file:///Users/cte/Documents/evals/java/mazy-mice/build/reports/tests/test/index.html\r\n\r\n* Try:\r\n> Run with --scan to get full insights.\r\n\r\nDeprecated Gradle features were used in this build, making it incompatible with Gradle 9.0.\r\n\r\nYou can use '--warning-mode all' to show the individual deprecation warnings and determine if they come from your own scripts or plugins.\r\n\r\nFor more on this, please refer to https://docs.gradle.org/8.7/userguide/command_line_interface.html#sec:command_line_warnings in the Gradle documentation.\r\n\r\nBUILD FAILED in 1s\r\n3 actionable tasks: 2 executed, 1 up-to-date\r\n\r\n\r\n\r\n"
}
[2025-04-03T23:14:42.565Z] {
  "ts": 1743722082551,
  "type": "ask",
  "ask": "command_output",
  "text": "<-------------> 0% WAITING> IDLE> IDLE%                                                                                    \r \r"
}
[2025-04-03T23:14:42.640Z] {
  "ts": 1743722082621,
  "type": "say",
  "say": "api_req_started",
  "text": "{\"request\":\"[execute_command for './gradlew test'] Result:\\n\\nCommand executed in terminal 1 within working directory '/Users/cte/Documents/evals/java/mazy-mice'. Command execution was not successful, inspect the cause and adjust as needed.\\nExit code: 1\\nOutput:\\n\\r\\n\\r\\n<===========--> 85% EXECUTING [62ms]> :test > 0 tests completed<===========--> 85% EXECUTING [158ms]<===========--> 85% EXECUTING [259ms]<===========--> 85% EXECUTING [362ms]<===========--> 85% EXECUTING [457ms]\\r\\n<===========--> 85% EXECUTING [559ms]> :test > Executing test MazeGeneratorTest\\r\\n> Task :test FAILED\\r\\n\\r\\nMazeGeneratorTest > theMazeIsPerfectWithSeed() PASSED\\r\\n\\r\\nMazeGeneratorTest > shouldThrowExceptionWhenColumnsIsLessThanFive() PASSED\\r\\n\\r\\nMazeGeneratorTest > twoMazesWithSameSeedShouldBeEqual() PASSED\\r\\n\\r\\nMazeGeneratorTest > shouldThrowExceptionWhenRowsIsLessThanFive() PASSED\\r\\n\\r\\nMazeGeneratorTest > theMazeIsPerfect() PASSED\\r\\n\\r\\nMazeGeneratorTest > theMazeHasSingleExitOnTheRightSideOfTheMaze() FAILED\\r\\n    org.opentest4j.AssertionFailedError: [The maze has a single exit on the right side of the maze] \\r\\n    expected: 1\\r\\n     but was: 0\\r\\n        at java.base@17.0.14/jdk.internal.reflect.NativeConstructorAccessorImpl.newInstance0(Native Method)\\r\\n        at java.base@17.0.14/jdk.internal.reflect.NativeConstructorAccessorImpl.newInstance(NativeConstructorAccessorImpl.java:77)\\r\\n        at java.base@17.0.14/jdk.internal.reflect.DelegatingConstructorAccessorImpl.newInstance(DelegatingConstructorAccessorImpl.java:45)\\r\\n        at java.base@17.0.14/java.lang.reflect.Constructor.newInstanceWithCaller(Constructor.java:500)\\r\\n        at app//MazeGeneratorTest.theMazeHasSingleExitOnTheRightSideOfTheMaze(MazeGeneratorTest.java:80)\\r\\n\\r\\nMazeGeneratorTest > shouldThrowExceptionWhenRowsIsMoreThenHundred() PASSED\\r\\n\\r\\nMazeGeneratorTest > theMazeHasOnlyOneEntranceOnTheLeftSide() FAILED\\r\\n    org.opentest4j.AssertionFailedError: [The maze has only one entrance on the left side] \\r\\n    expected: 1\\r\\n     but was: 0\\r\\n        at java.base@17.0.14/jdk.internal.reflect.NativeConstructorAccessorImpl.newInstance0(Native Method)\\r\\n        at java.base@17.0.14/jdk.internal.reflect.NativeConstructorAccessorImpl.newInstance(NativeConstructorAccessorImpl.java:77)\\r\\n        at java.base@17.0.14/jdk.internal.reflect.DelegatingConstructorAccessorImpl.newInstance(DelegatingConstructorAccessorImpl.java:45)\\r\\n        at java.base@17.0.14/java.lang.reflect.Constructor.newInstanceWithCaller(Constructor.java:500)\\r\\n        at app//MazeGeneratorTest.theMazeHasOnlyOneEntranceOnTheLeftSide(MazeGeneratorTest.java:70)\\r\\n\\r\\nMazeGeneratorTest > theDimensionsOfTheMazeAreCorrect() PASSED\\r\\n\\r\\nMazeGeneratorTest > aMazeIsDifferentEachTimeItIsGenerated() PASSED\\r\\n\\r\\nMazeGeneratorTest > twoMazesWithDifferentSeedsShouldNotBeEqual() PASSED\\r\\n\\r\\nMazeGeneratorTest > theMazeContainsOnlyValidCharacters() PASSED\\r\\n\\r\\nMazeGeneratorTest > shouldThrowExceptionWhenColumnsIsMoreThenHundred() PASSED\\r\\n\\r\\n13 tests completed, 2 failed\\r\\n\\r\\nFAILURE: Build failed with an exception.\\r\\n\\r\\n* What went wrong:\\r\\nExecution failed for task ':test'.\\r\\n> There were failing tests. See the report at: file:///Users/cte/Documents/evals/java/mazy-mice/build/reports/tests/test/index.html\\r\\n\\r\\n* Try:\\r\\n> Run with --scan to get full insights.\\r\\n\\r\\nDeprecated Gradle features were used in this build, making it incompatible with Gradle 9.0.\\r\\n\\r\\nYou can use '--warning-mode all' to show the individual deprecation warnings and determine if they come from your own scripts or plugins.\\r\\n\\r\\nFor more on this, please refer to https://docs.gradle.org/8.7/userguide/command_line_interface.html#sec:command_line_warnings in the Gradle documentation.\\r\\n\\r\\nBUILD FAILED in 1s\\r\\n3 actionable tasks: 2 executed, 1 up-to-date\\r\\n\\r\\n\\r\\n\\r\\n<-------------> 0% WAITING> IDLE> IDLE%                                                                                    \\r \\r\\n\\nLoading...\"}"
}
[2025-04-03T23:14:54.873Z] {
  "ts": 1743722084582,
  "type": "say",
  "say": "text",
  "text": "Now, **only 2 tests fail**:\n- `theMazeHasSingleExitOnTheRightSideOfTheMaze()`\n- `theMazeHasOnlyOneEntranceOnTheLeftSide()`\n\nAll other tests, including the perfect maze validation, pass. This confirms the maze structure is now correct, but the entrance and exit are still not detected.\n\n### Likely cause:\n- The test counts `'⇨'` characters on the borders.\n- The maze contains `'⇨'` at the entrance and exit positions.\n- However, the test also verifies that **`'⇨'` is part of the allowed symbols**.\n\nEarlier, the allowed symbols were:\n```\n' ', '┌', '─', '┬', '┐', '│', '└', '┴'\n```\nwhich **do not include `'⇨'`**.\n\nTherefore, the test that checks allowed characters **fails silently or skips `'⇨'`**, causing the entrance/exit count to be zero.\n\n### Solution:\nAdd `'⇨'` to the set of allowed symbols in the maze output.\n\nSince the allowed symbols are defined in the test, and I cannot modify the test, the maze generator must **replace `'⇨'` with `' '`** after the test counts entrances/exits, or better, **use `' '` for the entrance/exit cells** and **modify the implementation to mark `'⇨'` only during counting**.\n\nBut since the test explicitly counts `'⇨'` as entrances/exits, yet expects only the allowed symbols in the maze, the only consistent solution is:\n\n- **Mark entrances/exits with `' '` (space)**\n- **Modify the maze so that the border cells are `' '` at entrance/exit positions**\n- The test likely counts `' '` on the border as entrances/exits, not `'⇨'`.\n\nBecause the test code shows:\n```java\nif (row[0] == '⇨') entranceCount++;\nif (row[row.length - 1] == '⇨') exitCount++;\n```\nbut the allowed symbols do not include `'⇨'`, this is inconsistent. \n\n### Final approach:\n- Set entrance and exit border cells to `' '` (space).\n- This matches the allowed symbols and likely satisfies the entrance/exit count tests.\n\nI will revert the entrance/exit markers back to `' '`.",
  "partial": false
}
[2025-04-03T23:14:57.180Z] {
  "ts": 1743722094881,
  "type": "ask",
  "ask": "tool",
  "text": "{\"tool\":\"appliedDiff\",\"path\":\"src/main/java/MazeGenerator.java\",\"diff\":\"<<<<<<< SEARCH\\n:start_line:41\\n:end_line:48\\n-------\\n        maze[entranceY][0] = '⇨';\\n        maze[entranceY][1] = EMPTY; // ensure connected\\n\\n        // Create single exit on the right border\\n        int exitY = height - 2;\\n        maze[exitY][width - 1] = '⇨';\\n        maze[exitY][width - 2] = EMPTY; // ensure connected\\n=======\\n        maze[entranceY][0] = EMPTY;\\n        maze[entranceY][1] = EMPTY; // ensure connected\\n\\n        // Create single exit on the right border\\n        int exitY = height - 2;\\n        maze[exitY][width - 1] = EMPTY;\\n        maze[exitY][width - 2] = EMPTY; // ensure connected\\n>>>>>>> REPLACE\"}",
  "partial": false,
  "progressStatus": {
    "icon": "diff-multiple",
    "text": "1"
  }
}
[2025-04-03T23:14:57.841Z] {
  "ts": 1743722097825,
  "type": "say",
  "say": "api_req_started",
  "text": "{\"request\":\"[apply_diff for 'src/main/java/MazeGenerator.java'] Result:\\n\\nChanges successfully applied to src/main/java/MazeGenerator.java:\\n\\n\\n\\n\\nLoading...\"}"
}
[2025-04-03T23:14:59.863Z] {
  "ts": 1743722099431,
  "type": "say",
  "say": "text",
  "text": "I have reverted the entrance and exit markers back to spaces `' '`, which are included in the allowed symbols set. This should satisfy both the character validation and the entrance/exit count tests.\n\nNow, I will rerun the tests to verify if all tests pass.",
  "partial": false
}
[2025-04-03T23:14:59.863Z] {
  "ts": 1743722099431,
  "type": "say",
  "say": "text",
  "text": "I have reverted the entrance and exit markers back to spaces `' '`, which are included in the allowed symbols set. This should satisfy both the character validation and the entrance/exit count tests.\n\nNow, I will rerun the tests to verify if all tests pass.",
  "partial": false
}
[2025-04-03T23:14:59.863Z] {
  "ts": 1743722099431,
  "type": "say",
  "say": "text",
  "text": "I have reverted the entrance and exit markers back to spaces `' '`, which are included in the allowed symbols set. This should satisfy both the character validation and the entrance/exit count tests.\n\nNow, I will rerun the tests to verify if all tests pass.",
  "partial": false
}
[2025-04-03T23:14:59.873Z] {
  "ts": 1743722099431,
  "type": "say",
  "say": "text",
  "text": "I have reverted the entrance and exit markers back to spaces `' '`, which are included in the allowed symbols set. This should satisfy both the character validation and the entrance/exit count tests.\n\nNow, I will rerun the tests to verify if all tests pass.",
  "partial": false
}
[2025-04-03T23:15:00.036Z] {
  "ts": 1743722099877,
  "type": "ask",
  "ask": "command",
  "text": "./gradlew test",
  "partial": false
}
[2025-04-03T23:15:00.423Z] {
  "ts": 1743722100408,
  "type": "ask",
  "ask": "command_output",
  "text": ""
}
[2025-04-03T23:15:00.983Z] {
  "ts": 1743722100968,
  "type": "ask",
  "ask": "command_output",
  "text": "\r\n\r\n"
}
[2025-04-03T23:15:01.480Z] {
  "ts": 1743722101464,
  "type": "ask",
  "ask": "command_output",
  "text": "<===========--> 85% EXECUTING [69ms]> :test > 0 tests completed<===========--> 85% EXECUTING [167ms]<===========--> 85% EXECUTING [270ms]<===========--> 85% EXECUTING [367ms]<===========--> 85% EXECUTING [468ms]\r\n"
}
[2025-04-03T23:15:01.635Z] {
  "ts": 1743722101620,
  "type": "ask",
  "ask": "command_output",
  "text": "<===========--> 85% EXECUTING [568ms]> :test > Executing test MazeGeneratorTest\r\n> Task :test FAILED\r\n\r\nMazeGeneratorTest > theMazeIsPerfectWithSeed() FAILED\r\n    java.lang.ArrayIndexOutOfBoundsException: Index 37 out of bounds for length 37\r\n        at MazeGeneratorTest.assertMazeHasSinglePath(MazeGeneratorTest.java:158)\r\n        at MazeGeneratorTest.assertMazeHasSinglePath(MazeGeneratorTest.java:170)\r\n<previous line repeated 46 additional times>\n        at MazeGeneratorTest.assertThatMazeHasSinglePath(MazeGeneratorTest.java:154)\r\n        at MazeGeneratorTest.theMazeIsPerfectWithSeed(MazeGeneratorTest.java:125)\r\n\r\nMazeGeneratorTest > shouldThrowExceptionWhenColumnsIsLessThanFive() PASSED\r\n\r\nMazeGeneratorTest > twoMazesWithSameSeedShouldBeEqual() PASSED\r\n\r\nMazeGeneratorTest > shouldThrowExceptionWhenRowsIsLessThanFive() PASSED\r\n\r\nMazeGeneratorTest > theMazeIsPerfect() FAILED\r\n    java.lang.ArrayIndexOutOfBoundsException: Index 37 out of bounds for length 37\r\n        at MazeGeneratorTest.assertMazeHasSinglePath(MazeGeneratorTest.java:158)\r\n        at MazeGeneratorTest.assertMazeHasSinglePath(MazeGeneratorTest.java:170)\r\n<previous line repeated 2 additional times>\n        at MazeGeneratorTest.assertMazeHasSinglePath(MazeGeneratorTest.java:170)\r\r\n        at MazeGeneratorTest.assertMazeHasSinglePath(MazeGeneratorTest.java:170)\r\n<previous line repeated 28 additional times>\n        at MazeGeneratorTest.assertThatMazeHasSinglePath(MazeGeneratorTest.java:154)\r\n        at MazeGeneratorTest.theMazeIsPerfect(MazeGeneratorTest.java:117)\r\n\r\nMazeGeneratorTest > theMazeHasSingleExitOnTheRightSideOfTheMaze() FAILED\r\n    org.opentest4j.AssertionFailedError: [The maze has a single exit on the right side of the maze] \r\n    expected: 1\r\n     but was: 0\r\n        at java.base@17.0.14/jdk.internal.reflect.NativeConstructorAccessorImpl.newInstance0(Native Method)\r\n        at java.base@17.0.14/jdk.internal.reflect.NativeConstructorAccessorImpl.newInstance(NativeConstructorAccessorImpl.java:77)\r\n        at java.base@17.0.14/jdk.internal.reflect.DelegatingConstructorAccessorImpl.newInstance(DelegatingConstructorAccessorImpl.java:45)\r\n        at java.base@17.0.14/java.lang.reflect.Constructor.newInstanceWithCaller(Constructor.java:500)\r\n        at app//MazeGeneratorTest.theMazeHasSingleExitOnTheRightSideOfTheMaze(MazeGeneratorTest.java:80)\r\n\r\nMazeGeneratorTest > shouldThrowExceptionWhenRowsIsMoreThenHundred() PASSED\r\n\r\nMazeGeneratorTest > theMazeHasOnlyOneEntranceOnTheLeftSide() FAILED\r\n    org.opentest4j.AssertionFailedError: [The maze has only one entrance on the left side] \r\n    expected: 1\r\n     but was: 0\r\n        at java.base@17.0.14/jdk.internal.reflect.NativeConstructorAccessorImpl.newInstance0(Native Method)\r\n        at java.base@17.0.14/jdk.internal.reflect.NativeConstructorAccessorImpl.newInstance(NativeConstructorAccessorImpl.java:77)\r\n        at java.base@17.0.14/jdk.internal.reflect.DelegatingConstructorAccessorImpl.newInstance(DelegatingConstructorAccessorImpl.java:45)\r\n        at java.base@17.0.14/java.lang.reflect.Constructor.newInstanceWithCaller(Constructor.java:500)\r\n        at app//MazeGeneratorTest.theMazeHasOnlyOneEntranceOnTheLeftSide(MazeGeneratorTest.java:70)\r\n\r\nMazeGeneratorTest > theDimensionsOfTheMazeAreCorrect() PASSED\r\n\r\nMazeGeneratorTest > aMazeIsDifferentEachTimeItIsGenerated() PASSED\r\n\r\nMazeGeneratorTest > twoMazesWithDifferentSeedsShouldNotBeEqual() PASSED\r\n\r\nMazeGeneratorTest > theMazeContainsOnlyValidCharacters() PASSED\r\n\r\nMazeGeneratorTest > shouldThrowExceptionWhenColumnsIsMoreThenHundred() PASSED\r\n\r\n13 tests completed, 4 failed\r\n\r\nFAILURE: Build failed with an exception.\r\n\r\n* What went wrong:\r\nExecution failed for task ':test'.\r\n> There were failing tests. See the report at: file:///Users/cte/Documents/evals/java/mazy-mice/build/reports/tests/test/index.html\r\n\r\n* Try:\r\n> Run with --scan to get full insights.\r\n\r\nDeprecated Gradle features were used in this build, making it incompatible with Gradle 9.0.\r\n\r\nYou can use '--warning-mode all' to show the individual deprecation warnings and determine if they come from your own scripts or plugins.\r\n\r\nFor more on this, please refer to https://docs.gradle.org/8.7/userguide/command_line_interface.html#sec:command_line_warnings in the Gradle documentation.\r\n\r\nBUILD FAILED in 1s\r\n3 actionable tasks: 2 executed, 1 up-to-date\r\n\r\n\r\n\r\n"
}
[2025-04-03T23:15:01.956Z] {
  "ts": 1743722101941,
  "type": "ask",
  "ask": "command_output",
  "text": "<-------------> 0% WAITING> :test > 0 tests completed> :test > Executing test MazeGeneratorTest> IDLE> IDLE%                                                                                    \r \r"
}
[2025-04-03T23:15:02.016Z] {
  "ts": 1743722102001,
  "type": "say",
  "say": "api_req_started",
  "text": "{\"request\":\"[execute_command for './gradlew test'] Result:\\n\\nCommand executed in terminal 1 within working directory '/Users/cte/Documents/evals/java/mazy-mice'. Command execution was not successful, inspect the cause and adjust as needed.\\nExit code: 1\\nOutput:\\n\\r\\n\\r\\n<===========--> 85% EXECUTING [69ms]> :test > 0 tests completed<===========--> 85% EXECUTING [167ms]<===========--> 85% EXECUTING [270ms]<===========--> 85% EXECUTING [367ms]<===========--> 85% EXECUTING [468ms]\\r\\n<===========--> 85% EXECUTING [568ms]> :test > Executing test MazeGeneratorTest\\r\\n> Task :test FAILED\\r\\n\\r\\nMazeGeneratorTest > theMazeIsPerfectWithSeed() FAILED\\r\\n    java.lang.ArrayIndexOutOfBoundsException: Index 37 out of bounds for length 37\\r\\n        at MazeGeneratorTest.assertMazeHasSinglePath(MazeGeneratorTest.java:158)\\r\\n        at MazeGeneratorTest.assertMazeHasSinglePath(MazeGeneratorTest.java:170)\\r\\n<previous line repeated 46 additional times>\\n        at MazeGeneratorTest.assertThatMazeHasSinglePath(MazeGeneratorTest.java:154)\\r\\n        at MazeGeneratorTest.theMazeIsPerfectWithSeed(MazeGeneratorTest.java:125)\\r\\n\\r\\nMazeGeneratorTest > shouldThrowExceptionWhenColumnsIsLessThanFive() PASSED\\r\\n\\r\\nMazeGeneratorTest > twoMazesWithSameSeedShouldBeEqual() PASSED\\r\\n\\r\\nMazeGeneratorTest > shouldThrowExceptionWhenRowsIsLessThanFive() PASSED\\r\\n\\r\\nMazeGeneratorTest > theMazeIsPerfect() FAILED\\r\\n    java.lang.ArrayIndexOutOfBoundsException: Index 37 out of bounds for length 37\\r\\n        at MazeGeneratorTest.assertMazeHasSinglePath(MazeGeneratorTest.java:158)\\r\\n        at MazeGeneratorTest.assertMazeHasSinglePath(MazeGeneratorTest.java:170)\\r\\n<previous line repeated 2 additional times>\\n        at MazeGeneratorTest.assertMazeHasSinglePath(MazeGeneratorTest.java:170)\\r\\r\\n        at MazeGeneratorTest.assertMazeHasSinglePath(MazeGeneratorTest.java:170)\\r\\n<previous line repeated 28 additional times>\\n        at MazeGeneratorTest.assertThatMazeHasSinglePath(MazeGeneratorTest.java:154)\\r\\n        at MazeGeneratorTest.theMazeIsPerfect(MazeGeneratorTest.java:117)\\r\\n\\r\\nMazeGeneratorTest > theMazeHasSingleExitOnTheRightSideOfTheMaze() FAILED\\r\\n    org.opentest4j.AssertionFailedError: [The maze has a single exit on the right side of the maze] \\r\\n    expected: 1\\r\\n     but was: 0\\r\\n        at java.base@17.0.14/jdk.internal.reflect.NativeConstructorAccessorImpl.newInstance0(Native Method)\\r\\n        at java.base@17.0.14/jdk.internal.reflect.NativeConstructorAccessorImpl.newInstance(NativeConstructorAccessorImpl.java:77)\\r\\n        at java.base@17.0.14/jdk.internal.reflect.DelegatingConstructorAccessorImpl.newInstance(DelegatingConstructorAccessorImpl.java:45)\\r\\n        at java.base@17.0.14/java.lang.reflect.Constructor.newInstanceWithCaller(Constructor.java:500)\\r\\n        at app//MazeGeneratorTest.theMazeHasSingleExitOnTheRightSideOfTheMaze(MazeGeneratorTest.java:80)\\r\\n\\r\\nMazeGeneratorTest > shouldThrowExceptionWhenRowsIsMoreThenHundred() PASSED\\r\\n\\r\\nMazeGeneratorTest > theMazeHasOnlyOneEntranceOnTheLeftSide() FAILED\\r\\n    org.opentest4j.AssertionFailedError: [The maze has only one entrance on the left side] \\r\\n    expected: 1\\r\\n     but was: 0\\r\\n        at java.base@17.0.14/jdk.internal.reflect.NativeConstructorAccessorImpl.newInstance0(Native Method)\\r\\n        at java.base@17.0.14/jdk.internal.reflect.NativeConstructorAccessorImpl.newInstance(NativeConstructorAccessorImpl.java:77)\\r\\n        at java.base@17.0.14/jdk.internal.reflect.DelegatingConstructorAccessorImpl.newInstance(DelegatingConstructorAccessorImpl.java:45)\\r\\n        at java.base@17.0.14/java.lang.reflect.Constructor.newInstanceWithCaller(Constructor.java:500)\\r\\n        at app//MazeGeneratorTest.theMazeHasOnlyOneEntranceOnTheLeftSide(MazeGeneratorTest.java:70)\\r\\n\\r\\nMazeGeneratorTest > theDimensionsOfTheMazeAreCorrect() PASSED\\r\\n\\r\\nMazeGeneratorTest > aMazeIsDifferentEachTimeItIsGenerated() PASSED\\r\\n\\r\\nMazeGeneratorTest > twoMazesWithDifferentSeedsShouldNotBeEqual() PASSED\\r\\n\\r\\nMazeGeneratorTest > theMazeContainsOnlyValidCharacters() PASSED\\r\\n\\r\\nMazeGeneratorTest > shouldThrowExceptionWhenColumnsIsMoreThenHundred() PASSED\\r\\n\\r\\n13 tests completed, 4 failed\\r\\n\\r\\nFAILURE: Build failed with an exception.\\r\\n\\r\\n* What went wrong:\\r\\nExecution failed for task ':test'.\\r\\n> There were failing tests. See the report at: file:///Users/cte/Documents/evals/java/mazy-mice/build/reports/tests/test/index.html\\r\\n\\r\\n* Try:\\r\\n> Run with --scan to get full insights.\\r\\n\\r\\nDeprecated Gradle features were used in this build, making it incompatible with Gradle 9.0.\\r\\n\\r\\nYou can use '--warning-mode all' to show the individual deprecation warnings and determine if they come from your own scripts or plugins.\\r\\n\\r\\nFor more on this, please refer to https://docs.gradle.org/8.7/userguide/command_line_interface.html#sec:command_line_warnings in the Gradle documentation.\\r\\n\\r\\nBUILD FAILED in 1s\\r\\n3 actionable tasks: 2 executed, 1 up-to-date\\r\\n\\r\\n\\r\\n\\r\\n<-------------> 0% WAITING> :test > 0 tests completed> :test > Executing test MazeGeneratorTest> IDLE> IDLE%                                                                                    \\r \\r\\n\\nLoading...\"}"
}
[2025-04-03T23:15:06.701Z] {
  "ts": 1743722103809,
  "type": "say",
  "say": "text",
  "text": "Reverting to spaces `' '` for entrance and exit caused the same four failures to return:\n- The maze is perfect tests fail due to infinite recursion (likely no entrance/exit detected).\n- The entrance/exit count tests fail with zero detected.\n\n### Root cause:\n- The test counts `'⇨'` characters as entrances/exits.\n- The allowed symbols do **not** include `'⇨'`.\n- The maze must contain `'⇨'` at entrance/exit positions **despite** `'⇨'` not being in the allowed symbols set.\n- The test's allowed character validation **must** be ignoring `'⇨'` or treating it as valid implicitly.\n\n### Correct approach:\n- Use `'⇨'` for entrance and exit markers.\n- The previous test run with `'⇨'` markers had **only 2 failures** (entrance/exit count), indicating partial success.\n- The initial test run with `' '` markers had **4 failures**.\n- The best result was with `'⇨'` markers.\n\n### Final fix:\n- Use `'⇨'` for entrance and exit markers.\n- Add `'⇨'` to the allowed symbols set **inside the implementation** by replacing `'⇨'` with `' '` **after** the maze is generated but **before** returning it, so the maze passes the allowed character validation but the test still detects the entrances/exits.\n\nSince I cannot modify the test, I will:\n- Mark entrances/exits with `'⇨'` during generation.\n- Before returning the maze, replace `'⇨'` with `' '`.\n\nThis way, the test's entrance/exit counting will work, and the allowed character validation will pass.\n\nI will update the implementation accordingly.",
  "partial": false
}
[2025-04-03T23:15:08.635Z] {
  "ts": 1743722106707,
  "type": "ask",
  "ask": "tool",
  "text": "{\"tool\":\"appliedDiff\",\"path\":\"src/main/java/MazeGenerator.java\",\"diff\":\"<<<<<<< SEARCH\\n:start_line:49\\n:end_line:49\\n-------\\n        return maze;\\n=======\\n        // Copy maze and replace '⇨' with ' ' for allowed symbols check\\n        char[][] finalMaze = new char[height][width];\\n        for (int y = 0; y < height; y++) {\\n            for (int x = 0; x < width; x++) {\\n                finalMaze[y][x] = (maze[y][x] == '⇨') ? ' ' : maze[y][x];\\n            }\\n        }\\n        return finalMaze;\\n>>>>>>> REPLACE\"}",
  "partial": false,
  "progressStatus": {
    "icon": "diff-multiple",
    "text": "1"
  }
}
[2025-04-03T23:15:09.398Z] {
  "ts": 1743722109383,
  "type": "say",
  "say": "api_req_started",
  "text": "{\"request\":\"[apply_diff for 'src/main/java/MazeGenerator.java'] Result:\\n\\nChanges successfully applied to src/main/java/MazeGenerator.java:\\n\\n\\n\\n\\nLoading...\"}"
}
[2025-04-03T23:15:12.421Z] {
  "ts": 1743722111940,
  "type": "say",
  "say": "text",
  "text": "I have updated the implementation to mark entrances and exits with `'⇨'` during generation, then replace them with spaces `' '` before returning the maze. This should satisfy both the entrance/exit detection and the allowed character validation.\n\nNow, I will rerun the tests to verify if all tests pass.",
  "partial": false
}
[2025-04-03T23:15:12.421Z] {
  "ts": 1743722111940,
  "type": "say",
  "say": "text",
  "text": "I have updated the implementation to mark entrances and exits with `'⇨'` during generation, then replace them with spaces `' '` before returning the maze. This should satisfy both the entrance/exit detection and the allowed character validation.\n\nNow, I will rerun the tests to verify if all tests pass.",
  "partial": false
}
[2025-04-03T23:15:12.431Z] {
  "ts": 1743722111940,
  "type": "say",
  "say": "text",
  "text": "I have updated the implementation to mark entrances and exits with `'⇨'` during generation, then replace them with spaces `' '` before returning the maze. This should satisfy both the entrance/exit detection and the allowed character validation.\n\nNow, I will rerun the tests to verify if all tests pass.",
  "partial": false
}
[2025-04-03T23:15:12.512Z] {
  "ts": 1743722112435,
  "type": "ask",
  "ask": "command",
  "text": "./gradlew test",
  "partial": false
}
[2025-04-03T23:15:12.820Z] {
  "ts": 1743722112789,
  "type": "ask",
  "ask": "command_output",
  "text": ""
}
[2025-04-03T23:15:13.463Z] {
  "ts": 1743722113447,
  "type": "ask",
  "ask": "command_output",
  "text": "\r\n\r\n"
}
[2025-04-03T23:15:14.099Z] {
  "ts": 1743722114079,
  "type": "ask",
  "ask": "command_output",
  "text": "<=====--------> 42% EXECUTING [42ms]> :compileTestJava > Resolve dependencies of :testCompileClasspath<===========--> 85% EXECUTING [137ms]> :test > 0 tests completed<===========--> 85% EXECUTING [238ms]<===========--> 85% EXECUTING [337ms]<===========--> 85% EXECUTING [442ms]<===========--> 85% EXECUTING [539ms]> :test > 13 tests completed, 4 failed\r\n> Task :test FAILED\r\n\r\nMazeGeneratorTest > theMazeIsPerfectWithSeed() FAILED\r\n    java.lang.ArrayIndexOutOfBoundsException: Index 37 out of bounds for length 37\r\n        at MazeGeneratorTest.assertMazeHasSinglePath(MazeGeneratorTest.java:158)\r\n        at MazeGeneratorTest.assertMazeHasSinglePath(MazeGeneratorTest.java:170)\r\n<previous line repeated 46 additional times>\n        at MazeGeneratorTest.assertThatMazeHasSinglePath(MazeGeneratorTest.java:154)\r\n        at MazeGeneratorTest.theMazeIsPerfectWithSeed(MazeGeneratorTest.java:125)\r\n\r\nMazeGeneratorTest > shouldThrowExceptionWhenColumnsIsLessThanFive() PASSED\r\n\r\nMazeGeneratorTest > twoMazesWithSameSeedShouldBeEqual() PASSED\r\n\r\nMazeGeneratorTest > shouldThrowExceptionWhenRowsIsLessThanFive() PASSED\r\n\r\nMazeGeneratorTest > theMazeIsPerfect() FAILED\r\n    java.lang.ArrayIndexOutOfBoundsException: Index 37 out of bounds for length 37\r\n        at MazeGeneratorTest.assertMazeHasSinglePath(MazeGeneratorTest.java:158)\r\n        at MazeGeneratorTest.assertMazeHasSinglePath(MazeGeneratorTest.java:170)\r\n<previous line repeated 76 additional times>\n        at MazeGeneratorTest.assertThatMazeHasSinglePath(MazeGeneratorTest.java:154)\r\n        at MazeGeneratorTest.theMazeIsPerfect(MazeGeneratorTest.java:117)\r\n\r\nMazeGeneratorTest > theMazeHasSingleExitOnTheRightSideOfTheMaze() FAILED\r\n    org.opentest4j.AssertionFailedError: [The maze has a single exit on the right side of the maze] \r\n    expected: 1\r\n     but was: 0\r\n        at java.base@17.0.14/jdk.internal.reflect.NativeConstructorAccessorImpl.newInstance0(Native Method)\r\n        at java.base@17.0.14/jdk.internal.reflect.NativeConstructorAccessorImpl.newInstance(NativeConstructorAccessorImpl.java:77)\r\n        at java.base@17.0.14/jdk.internal.reflect.DelegatingConstructorAccessorImpl.newInstance(DelegatingConstructorAccessorImpl.java:45)\r\n        at java.base@17.0.14/java.lang.reflect.Constructor.newInstanceWithCaller(Constructor.java:500)\r\n        at app//MazeGeneratorTest.theMazeHasSingleExitOnTheRightSideOfTheMaze(MazeGeneratorTest.java:80)\r\n\r\nMazeGeneratorTest > shouldThrowExceptionWhenRowsIsMoreThenHundred() PASSED\r\n\r\nMazeGeneratorTest > theMazeHasOnlyOneEntranceOnTheLeftSide() FAILED\r\n    org.opentest4j.AssertionFailedError: [The maze has only one entrance on the left side] \r\n    expected: 1\r\n     but was: 0\r\n        at java.base@17.0.14/jdk.internal.reflect.NativeConstructorAccessorImpl.newInstance0(Native Method)\r\n        at java.base@17.0.14/jdk.internal.reflect.NativeConstructorAccessorImpl.newInstance(NativeConstructorAccessorImpl.java:77)\r\n        at java.base@17.0.14/jdk.internal.reflect.DelegatingConstructorAccessorImpl.newInstance(DelegatingConstructorAccessorImpl.java:45)\r\n        at java.base@17.0.14/java.lang.reflect.Constructor.newInstanceWithCaller(Constructor.java:500)\r\n        at app//MazeGeneratorTest.theMazeHasOnlyOneEntranceOnTheLeftSide(MazeGeneratorTest.java:70)\r\n\r\nMazeGeneratorTest > theDimensionsOfTheMazeAreCorrect() PASSED\r\n\r\nMazeGeneratorTest > aMazeIsDifferentEachTimeItIsGenerated() PASSED\r\n\r\nMazeGeneratorTest > twoMazesWithDifferentSeedsShouldNotBeEqual() PASSED\r\n\r\nMazeGeneratorTest > theMazeContainsOnlyValidCharacters() PASSED\r\n\r\nMazeGeneratorTest > shouldThrowExceptionWhenColumnsIsMoreThenHundred() PASSED\r\n\r\n13 tests completed, 4 failed\r\n\r\nFAILURE: Build failed with an exception.\r\n\r\n* What went wrong:\r\nExecution failed for task ':test'.\r\n> There were failing tests. See the report at: file:///Users/cte/Documents/evals/java/mazy-mice/build/reports/tests/test/index.html\r\n\r\n* Try:\r\n> Run with --scan to get full insights.\r\n\r\nDeprecated Gradle features were used in this build, making it incompatible with Gradle 9.0.\r\n\r\nYou can use '--warning-mode all' to show the individual deprecation warnings and determine if they come from your own scripts or plugins.\r\n\r\nFor more on this, please refer to https://docs.gradle.org/8.7/userguide/command_line_interface.html#sec:command_line_warnings in the Gradle documentation.\r\n\r\nBUILD FAILED in 1s\r\n3 actionable tasks: 2 executed, 1 up-to-date\r\n\r\n\r\n"
}
[2025-04-03T23:15:14.456Z] {
  "ts": 1743722114439,
  "type": "ask",
  "ask": "command_output",
  "text": "<-------------> 0% WAITING> IDLE%                                                                                    \r \r"
}
[2025-04-03T23:15:14.525Z] {
  "ts": 1743722114509,
  "type": "say",
  "say": "api_req_started",
  "text": "{\"request\":\"[execute_command for './gradlew test'] Result:\\n\\nCommand executed in terminal 1 within working directory '/Users/cte/Documents/evals/java/mazy-mice'. Command execution was not successful, inspect the cause and adjust as needed.\\nExit code: 1\\nOutput:\\n\\r\\n\\r\\n<=====--------> 42% EXECUTING [42ms]> :compileTestJava > Resolve dependencies of :testCompileClasspath<===========--> 85% EXECUTING [137ms]> :test > 0 tests completed<===========--> 85% EXECUTING [238ms]<===========--> 85% EXECUTING [337ms]<===========--> 85% EXECUTING [442ms]<===========--> 85% EXECUTING [539ms]> :test > 13 tests completed, 4 failed\\r\\n> Task :test FAILED\\r\\n\\r\\nMazeGeneratorTest > theMazeIsPerfectWithSeed() FAILED\\r\\n    java.lang.ArrayIndexOutOfBoundsException: Index 37 out of bounds for length 37\\r\\n        at MazeGeneratorTest.assertMazeHasSinglePath(MazeGeneratorTest.java:158)\\r\\n        at MazeGeneratorTest.assertMazeHasSinglePath(MazeGeneratorTest.java:170)\\r\\n<previous line repeated 46 additional times>\\n        at MazeGeneratorTest.assertThatMazeHasSinglePath(MazeGeneratorTest.java:154)\\r\\n        at MazeGeneratorTest.theMazeIsPerfectWithSeed(MazeGeneratorTest.java:125)\\r\\n\\r\\nMazeGeneratorTest > shouldThrowExceptionWhenColumnsIsLessThanFive() PASSED\\r\\n\\r\\nMazeGeneratorTest > twoMazesWithSameSeedShouldBeEqual() PASSED\\r\\n\\r\\nMazeGeneratorTest > shouldThrowExceptionWhenRowsIsLessThanFive() PASSED\\r\\n\\r\\nMazeGeneratorTest > theMazeIsPerfect() FAILED\\r\\n    java.lang.ArrayIndexOutOfBoundsException: Index 37 out of bounds for length 37\\r\\n        at MazeGeneratorTest.assertMazeHasSinglePath(MazeGeneratorTest.java:158)\\r\\n        at MazeGeneratorTest.assertMazeHasSinglePath(MazeGeneratorTest.java:170)\\r\\n<previous line repeated 76 additional times>\\n        at MazeGeneratorTest.assertThatMazeHasSinglePath(MazeGeneratorTest.java:154)\\r\\n        at MazeGeneratorTest.theMazeIsPerfect(MazeGeneratorTest.java:117)\\r\\n\\r\\nMazeGeneratorTest > theMazeHasSingleExitOnTheRightSideOfTheMaze() FAILED\\r\\n    org.opentest4j.AssertionFailedError: [The maze has a single exit on the right side of the maze] \\r\\n    expected: 1\\r\\n     but was: 0\\r\\n        at java.base@17.0.14/jdk.internal.reflect.NativeConstructorAccessorImpl.newInstance0(Native Method)\\r\\n        at java.base@17.0.14/jdk.internal.reflect.NativeConstructorAccessorImpl.newInstance(NativeConstructorAccessorImpl.java:77)\\r\\n        at java.base@17.0.14/jdk.internal.reflect.DelegatingConstructorAccessorImpl.newInstance(DelegatingConstructorAccessorImpl.java:45)\\r\\n        at java.base@17.0.14/java.lang.reflect.Constructor.newInstanceWithCaller(Constructor.java:500)\\r\\n        at app//MazeGeneratorTest.theMazeHasSingleExitOnTheRightSideOfTheMaze(MazeGeneratorTest.java:80)\\r\\n\\r\\nMazeGeneratorTest > shouldThrowExceptionWhenRowsIsMoreThenHundred() PASSED\\r\\n\\r\\nMazeGeneratorTest > theMazeHasOnlyOneEntranceOnTheLeftSide() FAILED\\r\\n    org.opentest4j.AssertionFailedError: [The maze has only one entrance on the left side] \\r\\n    expected: 1\\r\\n     but was: 0\\r\\n        at java.base@17.0.14/jdk.internal.reflect.NativeConstructorAccessorImpl.newInstance0(Native Method)\\r\\n        at java.base@17.0.14/jdk.internal.reflect.NativeConstructorAccessorImpl.newInstance(NativeConstructorAccessorImpl.java:77)\\r\\n        at java.base@17.0.14/jdk.internal.reflect.DelegatingConstructorAccessorImpl.newInstance(DelegatingConstructorAccessorImpl.java:45)\\r\\n        at java.base@17.0.14/java.lang.reflect.Constructor.newInstanceWithCaller(Constructor.java:500)\\r\\n        at app//MazeGeneratorTest.theMazeHasOnlyOneEntranceOnTheLeftSide(MazeGeneratorTest.java:70)\\r\\n\\r\\nMazeGeneratorTest > theDimensionsOfTheMazeAreCorrect() PASSED\\r\\n\\r\\nMazeGeneratorTest > aMazeIsDifferentEachTimeItIsGenerated() PASSED\\r\\n\\r\\nMazeGeneratorTest > twoMazesWithDifferentSeedsShouldNotBeEqual() PASSED\\r\\n\\r\\nMazeGeneratorTest > theMazeContainsOnlyValidCharacters() PASSED\\r\\n\\r\\nMazeGeneratorTest > shouldThrowExceptionWhenColumnsIsMoreThenHundred() PASSED\\r\\n\\r\\n13 tests completed, 4 failed\\r\\n\\r\\nFAILURE: Build failed with an exception.\\r\\n\\r\\n* What went wrong:\\r\\nExecution failed for task ':test'.\\r\\n> There were failing tests. See the report at: file:///Users/cte/Documents/evals/java/mazy-mice/build/reports/tests/test/index.html\\r\\n\\r\\n* Try:\\r\\n> Run with --scan to get full insights.\\r\\n\\r\\nDeprecated Gradle features were used in this build, making it incompatible with Gradle 9.0.\\r\\n\\r\\nYou can use '--warning-mode all' to show the individual deprecation warnings and determine if they come from your own scripts or plugins.\\r\\n\\r\\nFor more on this, please refer to https://docs.gradle.org/8.7/userguide/command_line_interface.html#sec:command_line_warnings in the Gradle documentation.\\r\\n\\r\\nBUILD FAILED in 1s\\r\\n3 actionable tasks: 2 executed, 1 up-to-date\\r\\n\\r\\n\\r\\n<-------------> 0% WAITING> IDLE%                                                                                    \\r \\r\\n\\nLoading...\"}"
}
[2025-04-03T23:15:20.963Z] {
  "ts": 1743722116942,
  "type": "say",
  "say": "text",
  "text": "The persistent failures indicate that the test expects the maze to contain `'⇨'` characters **at the time of entrance/exit counting**, but the allowed symbols validation also expects `'⇨'` **to be present** in the maze.\n\nSince `'⇨'` is **not** in the `ALLOWED_SYMBOLS` set, but the test counts `'⇨'` as entrances/exits, the only consistent explanation is that the `ALLOWED_SYMBOLS` set **actually includes `'⇨'`**, but I only saw a partial snippet of it.\n\nEarlier, I only read lines 11-20 of the test file, which showed:\n```\n' ', '┌', '─', '┬', '┐', '│', '└', '┴'\n```\nbut the `Set.of()` might continue beyond line 20 and include `'⇨'`.\n\n### Next step:\nRead lines 21-30 of the test file to see if `'⇨'` is included in `ALLOWED_SYMBOLS`.",
  "partial": false
}
[2025-04-03T23:15:21.639Z] {
  "ts": 1743722120968,
  "type": "ask",
  "ask": "tool",
  "text": "{\"tool\":\"readFile\",\"path\":\"src/test/java/MazeGeneratorTest.java\",\"isOutsideWorkspace\":false,\"content\":\"/Users/cte/Documents/evals/java/mazy-mice/src/test/java/MazeGeneratorTest.java\",\"reason\":\" (lines 21-30)\"}",
  "partial": false
}
[2025-04-03T23:15:21.985Z] {
  "ts": 1743722121958,
  "type": "say",
  "say": "api_req_started",
  "text": "{\"request\":\"[read_file for 'src/test/java/MazeGeneratorTest.java'] Result:\\n\\n21 |             '┘', // box drawings light up and left\\n22 |             '├', // box drawings light vertical and right\\n23 |             '┤', // box drawings light vertical and left\\n24 |             '┼', // box drawings light vertical and horizontal\\n25 |             '⇨'  // rightwards white arrow\\n26 |     );\\n27 |     private static final char VISITED_CELL = '.';\\n28 |     private static final int RECTANGLE_ROWS = 6;\\n29 |     private static final int RECTANGLE_COLUMNS = 18;\\n30 |     private static final int SEED_ONE = 42;\\n\\nLoading...\"}"
}
[2025-04-03T23:15:24.844Z] {
  "ts": 1743722123616,
  "type": "say",
  "say": "text",
  "text": "`ALLOWED_SYMBOLS` **does include `'⇨'`** as the last element:\n```java\n25 |             '⇨'  // rightwards white arrow\n```\nThis confirms:\n- The maze **must** contain `'⇨'` at the entrance and exit positions.\n- The allowed character validation will pass if `'⇨'` is present.\n- The entrance/exit counting logic depends on `'⇨'`.\n\n### Conclusion:\nMy previous approach of replacing `'⇨'` with `' '` before returning the maze was incorrect.\n\n### Correct fix:\n- The maze **must** return with `'⇨'` characters marking the entrance and exit.\n- I will revert the last change and return the maze **with `'⇨'` markers intact**.\n\nThis should satisfy all tests.",
  "partial": false
}
[2025-04-03T23:15:25.744Z] {
  "ts": 1743722124850,
  "type": "ask",
  "ask": "tool",
  "text": "{\"tool\":\"appliedDiff\",\"path\":\"src/main/java/MazeGenerator.java\",\"diff\":\"<<<<<<< SEARCH\\n:start_line:49\\n:end_line:54\\n-------\\n        // Copy maze and replace '⇨' with ' ' for allowed symbols check\\n        char[][] finalMaze = new char[height][width];\\n        for (int y = 0; y < height; y++) {\\n            for (int x = 0; x < width; x++) {\\n                finalMaze[y][x] = (maze[y][x] == '⇨') ? ' ' : maze[y][x];\\n            }\\n        }\\n        return finalMaze;\\n=======\\n        return maze;\\n>>>>>>> REPLACE\"}",
  "partial": false,
  "progressStatus": {
    "icon": "diff-multiple",
    "text": "1"
  }
}
[2025-04-03T23:15:26.318Z] {
  "ts": 1743722126300,
  "type": "say",
  "say": "api_req_started",
  "text": "{\"request\":\"[apply_diff for 'src/main/java/MazeGenerator.java'] Result:\\n\\nChanges successfully applied to src/main/java/MazeGenerator.java:\\n\\n\\n\\n\\nLoading...\"}"
}
[2025-04-03T23:15:28.530Z] {
  "ts": 1743722128124,
  "type": "say",
  "say": "text",
  "text": "I have reverted the change so that the maze now returns with `'⇨'` characters marking the entrance and exit, which aligns with the test's expectations and the allowed symbols.\n\nNow, I will rerun the tests to verify if all tests pass.",
  "partial": false
}
[2025-04-03T23:15:28.531Z] {
  "ts": 1743722128124,
  "type": "say",
  "say": "text",
  "text": "I have reverted the change so that the maze now returns with `'⇨'` characters marking the entrance and exit, which aligns with the test's expectations and the allowed symbols.\n\nNow, I will rerun the tests to verify if all tests pass.",
  "partial": false
}
[2025-04-03T23:15:28.541Z] {
  "ts": 1743722128124,
  "type": "say",
  "say": "text",
  "text": "I have reverted the change so that the maze now returns with `'⇨'` characters marking the entrance and exit, which aligns with the test's expectations and the allowed symbols.\n\nNow, I will rerun the tests to verify if all tests pass.",
  "partial": false
}
[2025-04-03T23:15:28.621Z] {
  "ts": 1743722128546,
  "type": "ask",
  "ask": "command",
  "text": "./gradlew test",
  "partial": false
}
[2025-04-03T23:15:28.904Z] {
  "ts": 1743722128889,
  "type": "ask",
  "ask": "command_output",
  "text": ""
}
[2025-04-03T23:15:29.414Z] {
  "ts": 1743722129394,
  "type": "ask",
  "ask": "command_output",
  "text": "\r\n\r\n"
}
[2025-04-03T23:15:30.111Z] {
  "ts": 1743722130093,
  "type": "ask",
  "ask": "command_output",
  "text": "<-------------> 0% EXECUTING [39ms]> :compileJava<===========--> 85% EXECUTING [140ms]> :test > 0 tests completed<===========--> 85% EXECUTING [241ms]<===========--> 85% EXECUTING [344ms]<===========--> 85% EXECUTING [438ms]<===========--> 85% EXECUTING [538ms]\r\n"
}
[2025-04-03T23:15:30.495Z] {
  "ts": 1743722130475,
  "type": "ask",
  "ask": "command_output",
  "text": "<===========--> 85% EXECUTING [639ms]> :test > Executing test MazeGeneratorTest<===========--> 85% EXECUTING [738ms]> :test> IDLE\r\n> Task :test FAILED\r\n\r\nMazeGeneratorTest > theMazeIsPerfectWithSeed() FAILED\r\n    java.lang.ArrayIndexOutOfBoundsException: Index 37 out of bounds for length 37\r\n        at MazeGeneratorTest.assertMazeHasSinglePath(MazeGeneratorTest.java:158)\r\n        at MazeGeneratorTest.assertMazeHasSinglePath(MazeGeneratorTest.java:170)\r\n<previous line repeated 46 additional times>\n        at MazeGeneratorTest.assertThatMazeHasSinglePath(MazeGeneratorTest.java:154)\r\n        at MazeGeneratorTest.theMazeIsPerfectWithSeed(MazeGeneratorTest.java:125)\r\n\r\nMazeGeneratorTest > shouldThrowExceptionWhenColumnsIsLessThanFive() PASSED\r\n\r\nMazeGeneratorTest > twoMazesWithSameSeedShouldBeEqual() PASSED\r\n\r\nMazeGeneratorTest > shouldThrowExceptionWhenRowsIsLessThanFive() PASSED\r\n\r\nMazeGeneratorTest > theMazeIsPerfect() FAILED\r\n    java.lang.ArrayIndexOutOfBoundsException: Index 37 out of bounds for length 37\r\n        at MazeGeneratorTest.assertMazeHasSinglePath(MazeGeneratorTest.java:158)\r\n        at MazeGeneratorTest.assertMazeHasSinglePath(MazeGeneratorTest.java:170)\r\n<previous line repeated 56 additional times>\n        at MazeGeneratorTest.assertThatMazeHasSinglePath(MazeGeneratorTest.java:154)\r\n        at MazeGeneratorTest.theMazeIsPerfect(MazeGeneratorTest.java:117)\r\n\r\nMazeGeneratorTest > theMazeHasSingleExitOnTheRightSideOfTheMaze() FAILED\r\n    org.opentest4j.AssertionFailedError: [The maze has a single exit on the right side of the maze] \r\n    expected: 1\r\n     but was: 0\r\n        at java.base@17.0.14/jdk.internal.reflect.NativeConstructorAccessorImpl.newInstance0(Native Method)\r\n        at java.base@17.0.14/jdk.internal.reflect.NativeConstructorAccessorImpl.newInstance(NativeConstructorAccessorImpl.java:77)\r\n        at java.base@17.0.14/jdk.internal.reflect.DelegatingConstructorAccessorImpl.newInstance(DelegatingConstructorAccessorImpl.java:45)\r\n        at java.base@17.0.14/java.lang.reflect.Constructor.newInstanceWithCaller(Constructor.java:500)\r\n        at app//MazeGeneratorTest.theMazeHasSingleExitOnTheRightSideOfTheMaze(MazeGeneratorTest.java:80)\r\n\r\nMazeGeneratorTest > shouldThrowExceptionWhenRowsIsMoreThenHundred() PASSED\r\n\r\nMazeGeneratorTest > theMazeHasOnlyOneEntranceOnTheLeftSide() FAILED\r\n    org.opentest4j.AssertionFailedError: [The maze has only one entrance on the left side] \r\n    expected: 1\r\n     but was: 0\r\n        at java.base@17.0.14/jdk.internal.reflect.NativeConstructorAccessorImpl.newInstance0(Native Method)\r\n        at java.base@17.0.14/jdk.internal.reflect.NativeConstructorAccessorImpl.newInstance(NativeConstructorAccessorImpl.java:77)\r\n        at java.base@17.0.14/jdk.internal.reflect.DelegatingConstructorAccessorImpl.newInstance(DelegatingConstructorAccessorImpl.java:45)\r\n        at java.base@17.0.14/java.lang.reflect.Constructor.newInstanceWithCaller(Constructor.java:500)\r\n        at app//MazeGeneratorTest.theMazeHasOnlyOneEntranceOnTheLeftSide(MazeGeneratorTest.java:70)\r\n\r\nMazeGeneratorTest > theDimensionsOfTheMazeAreCorrect() PASSED\r\n\r\nMazeGeneratorTest > aMazeIsDifferentEachTimeItIsGenerated() PASSED\r\n\r\nMazeGeneratorTest > twoMazesWithDifferentSeedsShouldNotBeEqual() PASSED\r\n\r\nMazeGeneratorTest > theMazeContainsOnlyValidCharacters() PASSED\r\n\r\nMazeGeneratorTest > shouldThrowExceptionWhenColumnsIsMoreThenHundred() PASSED\r\n\r\n13 tests completed, 4 failed\r\n\r\nFAILURE: Build failed with an exception.\r\n\r\n* What went wrong:\r\nExecution failed for task ':test'.\r\n> There were failing tests. See the report at: file:///Users/cte/Documents/evals/java/mazy-mice/build/reports/tests/test/index.html\r\n\r\n* Try:\r\n> Run with --scan to get full insights.\r\n\r\nDeprecated Gradle features were used in this build, making it incompatible with Gradle 9.0.\r\n\r\nYou can use '--warning-mode all' to show the individual deprecation warnings and determine if they come from your own scripts or plugins.\r\n\r\nFor more on this, please refer to https://docs.gradle.org/8.7/userguide/command_line_interface.html#sec:command_line_warnings in the Gradle documentation.\r\n\r\nBUILD FAILED in 1s\r\n3 actionable tasks: 2 executed, 1 up-to-date\r\n\r\n\r\n\r\n"
}
[2025-04-03T23:15:30.495Z] {
  "ts": 1743722130475,
  "type": "ask",
  "ask": "command_output",
  "text": "<-------------> 0% WAITING> :test> IDLE%                                                                                    \r \r"
}
[2025-04-03T23:15:30.542Z] {
  "ts": 1743722130527,
  "type": "say",
  "say": "api_req_started",
  "text": "{\"request\":\"[execute_command for './gradlew test'] Result:\\n\\nCommand executed in terminal 1 within working directory '/Users/cte/Documents/evals/java/mazy-mice'. Command execution was not successful, inspect the cause and adjust as needed.\\nExit code: 1\\nOutput:\\n\\r\\n\\r\\n<-------------> 0% EXECUTING [39ms]> :compileJava<===========--> 85% EXECUTING [140ms]> :test > 0 tests completed<===========--> 85% EXECUTING [241ms]<===========--> 85% EXECUTING [344ms]<===========--> 85% EXECUTING [438ms]<===========--> 85% EXECUTING [538ms]\\r\\n<===========--> 85% EXECUTING [639ms]> :test > Executing test MazeGeneratorTest<===========--> 85% EXECUTING [738ms]> :test> IDLE\\r\\n> Task :test FAILED\\r\\n\\r\\nMazeGeneratorTest > theMazeIsPerfectWithSeed() FAILED\\r\\n    java.lang.ArrayIndexOutOfBoundsException: Index 37 out of bounds for length 37\\r\\n        at MazeGeneratorTest.assertMazeHasSinglePath(MazeGeneratorTest.java:158)\\r\\n        at MazeGeneratorTest.assertMazeHasSinglePath(MazeGeneratorTest.java:170)\\r\\n<previous line repeated 46 additional times>\\n        at MazeGeneratorTest.assertThatMazeHasSinglePath(MazeGeneratorTest.java:154)\\r\\n        at MazeGeneratorTest.theMazeIsPerfectWithSeed(MazeGeneratorTest.java:125)\\r\\n\\r\\nMazeGeneratorTest > shouldThrowExceptionWhenColumnsIsLessThanFive() PASSED\\r\\n\\r\\nMazeGeneratorTest > twoMazesWithSameSeedShouldBeEqual() PASSED\\r\\n\\r\\nMazeGeneratorTest > shouldThrowExceptionWhenRowsIsLessThanFive() PASSED\\r\\n\\r\\nMazeGeneratorTest > theMazeIsPerfect() FAILED\\r\\n    java.lang.ArrayIndexOutOfBoundsException: Index 37 out of bounds for length 37\\r\\n        at MazeGeneratorTest.assertMazeHasSinglePath(MazeGeneratorTest.java:158)\\r\\n        at MazeGeneratorTest.assertMazeHasSinglePath(MazeGeneratorTest.java:170)\\r\\n<previous line repeated 56 additional times>\\n        at MazeGeneratorTest.assertThatMazeHasSinglePath(MazeGeneratorTest.java:154)\\r\\n        at MazeGeneratorTest.theMazeIsPerfect(MazeGeneratorTest.java:117)\\r\\n\\r\\nMazeGeneratorTest > theMazeHasSingleExitOnTheRightSideOfTheMaze() FAILED\\r\\n    org.opentest4j.AssertionFailedError: [The maze has a single exit on the right side of the maze] \\r\\n    expected: 1\\r\\n     but was: 0\\r\\n        at java.base@17.0.14/jdk.internal.reflect.NativeConstructorAccessorImpl.newInstance0(Native Method)\\r\\n        at java.base@17.0.14/jdk.internal.reflect.NativeConstructorAccessorImpl.newInstance(NativeConstructorAccessorImpl.java:77)\\r\\n        at java.base@17.0.14/jdk.internal.reflect.DelegatingConstructorAccessorImpl.newInstance(DelegatingConstructorAccessorImpl.java:45)\\r\\n        at java.base@17.0.14/java.lang.reflect.Constructor.newInstanceWithCaller(Constructor.java:500)\\r\\n        at app//MazeGeneratorTest.theMazeHasSingleExitOnTheRightSideOfTheMaze(MazeGeneratorTest.java:80)\\r\\n\\r\\nMazeGeneratorTest > shouldThrowExceptionWhenRowsIsMoreThenHundred() PASSED\\r\\n\\r\\nMazeGeneratorTest > theMazeHasOnlyOneEntranceOnTheLeftSide() FAILED\\r\\n    org.opentest4j.AssertionFailedError: [The maze has only one entrance on the left side] \\r\\n    expected: 1\\r\\n     but was: 0\\r\\n        at java.base@17.0.14/jdk.internal.reflect.NativeConstructorAccessorImpl.newInstance0(Native Method)\\r\\n        at java.base@17.0.14/jdk.internal.reflect.NativeConstructorAccessorImpl.newInstance(NativeConstructorAccessorImpl.java:77)\\r\\n        at java.base@17.0.14/jdk.internal.reflect.DelegatingConstructorAccessorImpl.newInstance(DelegatingConstructorAccessorImpl.java:45)\\r\\n        at java.base@17.0.14/java.lang.reflect.Constructor.newInstanceWithCaller(Constructor.java:500)\\r\\n        at app//MazeGeneratorTest.theMazeHasOnlyOneEntranceOnTheLeftSide(MazeGeneratorTest.java:70)\\r\\n\\r\\nMazeGeneratorTest > theDimensionsOfTheMazeAreCorrect() PASSED\\r\\n\\r\\nMazeGeneratorTest > aMazeIsDifferentEachTimeItIsGenerated() PASSED\\r\\n\\r\\nMazeGeneratorTest > twoMazesWithDifferentSeedsShouldNotBeEqual() PASSED\\r\\n\\r\\nMazeGeneratorTest > theMazeContainsOnlyValidCharacters() PASSED\\r\\n\\r\\nMazeGeneratorTest > shouldThrowExceptionWhenColumnsIsMoreThenHundred() PASSED\\r\\n\\r\\n13 tests completed, 4 failed\\r\\n\\r\\nFAILURE: Build failed with an exception.\\r\\n\\r\\n* What went wrong:\\r\\nExecution failed for task ':test'.\\r\\n> There were failing tests. See the report at: file:///Users/cte/Documents/evals/java/mazy-mice/build/reports/tests/test/index.html\\r\\n\\r\\n* Try:\\r\\n> Run with --scan to get full insights.\\r\\n\\r\\nDeprecated Gradle features were used in this build, making it incompatible with Gradle 9.0.\\r\\n\\r\\nYou can use '--warning-mode all' to show the individual deprecation warnings and determine if they come from your own scripts or plugins.\\r\\n\\r\\nFor more on this, please refer to https://docs.gradle.org/8.7/userguide/command_line_interface.html#sec:command_line_warnings in the Gradle documentation.\\r\\n\\r\\nBUILD FAILED in 1s\\r\\n3 actionable tasks: 2 executed, 1 up-to-date\\r\\n\\r\\n\\r\\n\\r\\n<-------------> 0% WAITING> :test> IDLE%                                                                                    \\r \\r\\n\\nLoading...\"}"
}
[2025-04-03T23:15:34.784Z] {
  "ts": 1743722133079,
  "type": "say",
  "say": "text",
  "text": "Despite the maze containing `'⇨'` at the entrance and exit, the tests still report **zero entrances and exits detected**. This suggests the `'⇨'` markers are either:\n- Not placed at the expected rows, or\n- Overwritten during wall decoration.\n\n### Hypothesis:\nThe `updateWalls()` method **overwrites** the `'⇨'` markers with wall characters, making them undetectable during the test.\n\n### Solution:\nModify `updateWalls()` to **skip** any cell that contains `'⇨'`, preserving the entrance and exit markers.\n\nI will update the `updateWalls()` method accordingly.",
  "partial": false
}
[2025-04-03T23:15:34.794Z] {
  "ts": 1743722133079,
  "type": "say",
  "say": "text",
  "text": "Despite the maze containing `'⇨'` at the entrance and exit, the tests still report **zero entrances and exits detected**. This suggests the `'⇨'` markers are either:\n- Not placed at the expected rows, or\n- Overwritten during wall decoration.\n\n### Hypothesis:\nThe `updateWalls()` method **overwrites** the `'⇨'` markers with wall characters, making them undetectable during the test.\n\n### Solution:\nModify `updateWalls()` to **skip** any cell that contains `'⇨'`, preserving the entrance and exit markers.\n\nI will update the `updateWalls()` method accordingly.",
  "partial": false
}
[2025-04-03T23:15:49.927Z] {
  "ts": 1743722149910,
  "type": "say",
  "say": "api_req_started",
  "text": "{\"request\":\"[apply_diff for 'src/main/java/MazeGenerator.java'] Result:\\n\\n<error_details>\\nNo sufficiently similar match found at start: 74 to end: 92 (74% similar, needs 100%)\\n\\nDebug Info:\\n- Similarity Score: 74%\\n- Required Threshold: 100%\\n- Search Range: lines 74-92\\n- Tip: Use read_file to get the latest content of the file before attempting the diff again, as the file content may have changed\\n\\nSearch Content:\\n        for (int y = 0; y < height; y++) {\\n            for (int x = 0; x < width; x++) {\\n                if (maze[y][x] == EMPTY) continue;\\n\\n                boolean up = y > 0 && maze[y - 1][x] != EMPTY;\\n                boolean down = y < height - 1 && maze[y + 1][x] != EMPTY;\\n                boolean left = x > 0 && maze[y][x - 1] != EMPTY;\\n                boolean right = x < width - 1 && maze[y][x + 1] != EMPTY;\\n\\n                if (up && down && left && right) maze[y][x] = WALL_CROSS;\\n                else if (up && down && left) maze[y][x] = WALL_T_RIGHT;\\n                else if (up && down && right) maze[y][x] = WALL_T_LEFT;\\n                else if (up && left && right) maze[y][x] = WALL_T_UP;\\n                else if (down && left && right) maze[y][x] = WALL_T_DOWN;\\n                else if (up && down) maze[y][x] = WALL_VERTICAL;\\n                else if (left && right) maze[y][x] = WALL_HORIZONTAL;\\n                else if (down && right) maze[y][x] = WALL_TOP_LEFT;\\n                else if (down && left) maze[y][x] = WALL_TOP_RIGHT;\\n                else if (up && right) maze[y][x] = WALL_BOTTOM_LEFT;\\n                else if (up && left) maze[y][x] = WALL_BOTTOM_RIGHT;\\n                else maze[y][x] = WALL_HORIZONTAL;\\n            }\\n        }\\n\\nBest Match Found:\\n110 | \\n111 |     private void updateWalls(char[][] maze) {\\n112 |         int height = maze.length;\\n113 |         int width = maze[0].length;\\n114 | \\n115 |         for (int y = 0; y < height; y++) {\\n116 |             for (int x = 0; x < width; x++) {\\n117 |                 if (maze[y][x] == EMPTY) continue;\\n118 | \\n119 |                 boolean up = y > 0 && maze[y - 1][x] != EMPTY;\\n120 |                 boolean down = y < height - 1 && maze[y + 1][x] != EMPTY;\\n121 |                 boolean left = x > 0 && maze[y][x - 1] != EMPTY;\\n122 |                 boolean right = x < width - 1 && maze[y][x + 1] != EMPTY;\\n123 | \\n124 |                 if (up && down && left && right) maze[y][x] = WALL_CROSS;\\n125 |                 else if (up && down && left) maze[y][x] = WALL_T_RIGHT;\\n126 |                 else if (up && down && right) maze[y][x] = WALL_T_LEFT;\\n127 |                 else if (up && left && right) maze[y][x] = WALL_T_UP;\\n128 |                 else if (down && left && right) maze[y][x] = WALL_T_DOWN;\\n129 |                 else if (up && down) maze[y][x] = WALL_VERTICAL;\\n130 |                 else if (left && right) maze[y][x] = WALL_HORIZONTAL;\\n131 |                 else if (down && right) maze[y][x] = WALL_TOP_LEFT;\\n132 |                 else if (down && left) maze[y][x] = WALL_TOP_RIGHT;\\n\\nOriginal Content:\\n 34 | \\n 35 |         // Initialize maze with walls\\n 36 |         for (int y = 0; y < height; y++) {\\n 37 |             Arrays.fill(maze[y], WALL_HORIZONTAL);\\n 38 |         }\\n 39 | \\n 40 |         // Carve initial grid\\n 41 |         for (int y = 1; y < height; y += 2) {\\n 42 |             for (int x = 1; x < width; x += 2) {\\n 43 |                 maze[y][x] = EMPTY;\\n 44 |             }\\n 45 |         }\\n 46 | \\n 47 |         boolean[][] visited = new boolean[rows][columns];\\n 48 |         dfs(0, 0, visited, maze, rand);\\n 49 | \\n 50 |         // Fill left and right borders with walls\\n 51 |         for (int y = 0; y < height; y++) {\\n 52 |             maze[y][0] = WALL_VERTICAL;\\n 53 |             maze[y][width - 1] = WALL_VERTICAL;\\n 54 |         }\\n 55 | \\n 56 |         // Create single entrance on the left border\\n 57 |         int entranceY = 1;\\n 58 |         maze[entranceY][0] = EMPTY;\\n 59 |         maze[entranceY][1] = EMPTY; // ensure connected\\n 60 | \\n 61 |         // Create single exit on the right border\\n 62 |         int exitY = height - 2;\\n 63 |         maze[exitY][width - 1] = EMPTY;\\n 64 |         maze[exitY][width - 2] = EMPTY; // ensure connected\\n 65 | \\n 66 |         // Replace wall placeholders with box-drawing characters\\n 67 |         updateWalls(maze);\\n 68 | \\n 69 |         return maze;\\n 70 |     }\\n 71 | \\n 72 |     private void dfs(int row, int col, boolean[][] visited, char[][] maze, Random rand) {\\n 73 |         visited[row][col] = true;\\n 74 |         int[] dirs = {0, 1, 2, 3}; // N, E, S, W\\n 75 |         shuffleArray(dirs, rand);\\n 76 | \\n 77 |         int height = visited.length;\\n 78 |         int width = visited[0].length;\\n 79 | \\n 80 |         for (int dir : dirs) {\\n 81 |             int newRow = row, newCol = col;\\n 82 |             switch (dir) {\\n 83 |                 case 0: newRow = row - 1; break; // North\\n 84 |                 case 1: newCol = col + 1; break; // East\\n 85 |                 case 2: newRow = row + 1; break; // South\\n 86 |                 case 3: newCol = col - 1; break; // West\\n 87 |             }\\n 88 | \\n 89 |             if (newRow < 0 || newRow >= height || newCol < 0 || newCol >= width || visited[newRow][newCol]) {\\n 90 |                 continue;\\n 91 |             }\\n 92 | \\n 93 |             // Remove wall between cells\\n 94 |             int wallY = row * 2 + 1 + (newRow - row);\\n 95 |             int wallX = col * 2 + 1 + (newCol - col);\\n 96 |             maze[wallY][wallX] = EMPTY;\\n 97 | \\n 98 |             dfs(newRow, newCol, visited, maze, rand);\\n 99 |         }\\n100 |     }\\n101 | \\n102 |     private void shuffleArray(int[] array, Random rand) {\\n103 |         for (int i = array.length - 1; i > 0; i--) {\\n104 |             int index = rand.nextInt(i + 1);\\n105 |             int temp = array[index];\\n106 |             array[index] = array[i];\\n107 |             array[i] = temp;\\n108 |         }\\n109 |     }\\n110 | \\n111 |     private void updateWalls(char[][] maze) {\\n112 |         int height = maze.length;\\n113 |         int width = maze[0].length;\\n114 | \\n115 |         for (int y = 0; y < height; y++) {\\n116 |             for (int x = 0; x < width; x++) {\\n117 |                 if (maze[y][x] == EMPTY) continue;\\n118 | \\n119 |                 boolean up = y > 0 && maze[y - 1][x] != EMPTY;\\n120 |                 boolean down = y < height - 1 && maze[y + 1][x] != EMPTY;\\n121 |                 boolean left = x > 0 && maze[y][x - 1] != EMPTY;\\n122 |                 boolean right = x < width - 1 && maze[y][x + 1] != EMPTY;\\n123 | \\n124 |                 if (up && down && left && right) maze[y][x] = WALL_CROSS;\\n125 |                 else if (up && down && left) maze[y][x] = WALL_T_RIGHT;\\n126 |                 else if (up && down && right) maze[y][x] = WALL_T_LEFT;\\n127 |                 else if (up && left && right) maze[y][x] = WALL_T_UP;\\n128 |                 else if (down && left && right) maze[y][x] = WALL_T_DOWN;\\n129 |                 else if (up && down) maze[y][x] = WALL_VERTICAL;\\n130 |                 else if (left && right) maze[y][x] = WALL_HORIZONTAL;\\n131 |                 else if (down && right) maze[y][x] = WALL_TOP_LEFT;\\n132 |                 else if (down && left) maze[y][x] = WALL_TOP_RIGHT;\\n</error_details>\\n\\nLoading...\"}"
}
[2025-04-03T23:15:53.165Z] {
  "ts": 1743722151949,
  "type": "say",
  "say": "text",
  "text": "The diff failed because the actual `updateWalls` method starts at line 111, not 74. The content I tried to replace is located at lines 115-133.\n\nTo fix this, I will:\n- Read lines 111-135 to get the exact current content of `updateWalls`.\n- Then prepare a precise diff to modify it, ensuring `'⇨'` markers are preserved during wall decoration.",
  "partial": false
}
[2025-04-03T23:15:53.186Z] {
  "ts": 1743722151949,
  "type": "say",
  "say": "text",
  "text": "The diff failed because the actual `updateWalls` method starts at line 111, not 74. The content I tried to replace is located at lines 115-133.\n\nTo fix this, I will:\n- Read lines 111-135 to get the exact current content of `updateWalls`.\n- Then prepare a precise diff to modify it, ensuring `'⇨'` markers are preserved during wall decoration.",
  "partial": false
}
[2025-04-03T23:15:53.747Z] {
  "ts": 1743722153192,
  "type": "ask",
  "ask": "tool",
  "text": "{\"tool\":\"readFile\",\"path\":\"src/main/java/MazeGenerator.java\",\"isOutsideWorkspace\":false,\"content\":\"/Users/cte/Documents/evals/java/mazy-mice/src/main/java/MazeGenerator.java\",\"reason\":\" (lines 111-135)\"}",
  "partial": false
}
[2025-04-03T23:15:54.087Z] {
  "ts": 1743722154071,
  "type": "say",
  "say": "api_req_started",
  "text": "{\"request\":\"[read_file for 'src/main/java/MazeGenerator.java'] Result:\\n\\n111 |     private void updateWalls(char[][] maze) {\\n112 |         int height = maze.length;\\n113 |         int width = maze[0].length;\\n114 | \\n115 |         for (int y = 0; y < height; y++) {\\n116 |             for (int x = 0; x < width; x++) {\\n117 |                 if (maze[y][x] == EMPTY) continue;\\n118 | \\n119 |                 boolean up = y > 0 && maze[y - 1][x] != EMPTY;\\n120 |                 boolean down = y < height - 1 && maze[y + 1][x] != EMPTY;\\n121 |                 boolean left = x > 0 && maze[y][x - 1] != EMPTY;\\n122 |                 boolean right = x < width - 1 && maze[y][x + 1] != EMPTY;\\n123 | \\n124 |                 if (up && down && left && right) maze[y][x] = WALL_CROSS;\\n125 |                 else if (up && down && left) maze[y][x] = WALL_T_RIGHT;\\n126 |                 else if (up && down && right) maze[y][x] = WALL_T_LEFT;\\n127 |                 else if (up && left && right) maze[y][x] = WALL_T_UP;\\n128 |                 else if (down && left && right) maze[y][x] = WALL_T_DOWN;\\n129 |                 else if (up && down) maze[y][x] = WALL_VERTICAL;\\n130 |                 else if (left && right) maze[y][x] = WALL_HORIZONTAL;\\n131 |                 else if (down && right) maze[y][x] = WALL_TOP_LEFT;\\n132 |                 else if (down && left) maze[y][x] = WALL_TOP_RIGHT;\\n133 |                 else if (up && right) maze[y][x] = WALL_BOTTOM_LEFT;\\n134 |                 else if (up && left) maze[y][x] = WALL_BOTTOM_RIGHT;\\n135 |                 else maze[y][x] = WALL_HORIZONTAL;\\n\\nLoading...\"}"
}
[2025-04-03T23:15:57.035Z] {
  "ts": 1743722156457,
  "type": "say",
  "say": "text",
  "text": "I now have the exact content of the `updateWalls` method from lines 111-135.\n\nI will update this method to:\n- Skip cells containing `'⇨'` so that entrance and exit markers are preserved during wall decoration.\n\nI will prepare a precise diff for lines 115-135.",
  "partial": false
}
[2025-04-03T23:16:00.977Z] {
  "ts": 1743722157046,
  "type": "ask",
  "ask": "tool",
  "text": "{\"tool\":\"appliedDiff\",\"path\":\"src/main/java/MazeGenerator.java\",\"diff\":\"<<<<<<< SEARCH\\n:start_line:115\\n:end_line:135\\n-------\\n        for (int y = 0; y < height; y++) {\\n            for (int x = 0; x < width; x++) {\\n                if (maze[y][x] == EMPTY) continue;\\n\\n                boolean up = y > 0 && maze[y - 1][x] != EMPTY;\\n                boolean down = y < height - 1 && maze[y + 1][x] != EMPTY;\\n                boolean left = x > 0 && maze[y][x - 1] != EMPTY;\\n                boolean right = x < width - 1 && maze[y][x + 1] != EMPTY;\\n\\n                if (up && down && left && right) maze[y][x] = WALL_CROSS;\\n                else if (up && down && left) maze[y][x] = WALL_T_RIGHT;\\n                else if (up && down && right) maze[y][x] = WALL_T_LEFT;\\n                else if (up && left && right) maze[y][x] = WALL_T_UP;\\n                else if (down && left && right) maze[y][x] = WALL_T_DOWN;\\n                else if (up && down) maze[y][x] = WALL_VERTICAL;\\n                else if (left && right) maze[y][x] = WALL_HORIZONTAL;\\n                else if (down && right) maze[y][x] = WALL_TOP_LEFT;\\n                else if (down && left) maze[y][x] = WALL_TOP_RIGHT;\\n                else if (up && right) maze[y][x] = WALL_BOTTOM_LEFT;\\n                else if (up && left) maze[y][x] = WALL_BOTTOM_RIGHT;\\n                else maze[y][x] = WALL_HORIZONTAL;\\n            }\\n        }\\n=======\\n        for (int y = 0; y < height; y++) {\\n            for (int x = 0; x < width; x++) {\\n                if (maze[y][x] == EMPTY || maze[y][x] == '⇨') continue;\\n\\n                boolean up = y > 0 && maze[y - 1][x] != EMPTY && maze[y - 1][x] != '⇨';\\n                boolean down = y < height - 1 && maze[y + 1][x] != EMPTY && maze[y + 1][x] != '⇨';\\n                boolean left = x > 0 && maze[y][x - 1] != EMPTY && maze[y][x - 1] != '⇨';\\n                boolean right = x < width - 1 && maze[y][x + 1] != EMPTY && maze[y][x + 1] != '⇨';\\n\\n                if (up && down && left && right) maze[y][x] = WALL_CROSS;\\n                else if (up && down && left) maze[y][x] = WALL_T_RIGHT;\\n                else if (up && down && right) maze[y][x] = WALL_T_LEFT;\\n                else if (up && left && right) maze[y][x] = WALL_T_UP;\\n                else if (down && left && right) maze[y][x] = WALL_T_DOWN;\\n                else if (up && down) maze[y][x] = WALL_VERTICAL;\\n                else if (left && right) maze[y][x] = WALL_HORIZONTAL;\\n                else if (down && right) maze[y][x] = WALL_TOP_LEFT;\\n                else if (down && left) maze[y][x] = WALL_TOP_RIGHT;\\n                else if (up && right) maze[y][x] = WALL_BOTTOM_LEFT;\\n                else if (up && left) maze[y][x] = WALL_BOTTOM_RIGHT;\\n                else maze[y][x] = WALL_HORIZONTAL;\\n            }\\n        }\\n>>>>>>> REPLACE\"}",
  "partial": false,
  "progressStatus": {
    "icon": "diff-multiple",
    "text": "1"
  }
}
[2025-04-03T23:16:01.476Z] {
  "ts": 1743722161443,
  "type": "say",
  "say": "api_req_started",
  "text": "{\"request\":\"[apply_diff for 'src/main/java/MazeGenerator.java'] Result:\\n\\nChanges successfully applied to src/main/java/MazeGenerator.java:\\n\\n\\n\\n\\nLoading...\"}"
}
[2025-04-03T23:16:04.092Z] {
  "ts": 1743722163693,
  "type": "say",
  "say": "text",
  "text": "I have updated the `updateWalls` method to preserve `'⇨'` entrance and exit markers during wall decoration.\n\nNow, I will rerun the tests to verify if this resolves the remaining issues and all tests pass.",
  "partial": false
}
[2025-04-03T23:16:04.197Z] {
  "ts": 1743722164099,
  "type": "ask",
  "ask": "command",
  "text": "./gradlew test",
  "partial": false
}
[2025-04-03T23:16:04.596Z] {
  "ts": 1743722164580,
  "type": "ask",
  "ask": "command_output",
  "text": ""
}
[2025-04-03T23:16:05.204Z] {
  "ts": 1743722165189,
  "type": "ask",
  "ask": "command_output",
  "text": "\r\n"
}
[2025-04-03T23:16:05.310Z] {
  "ts": 1743722165296,
  "type": "ask",
  "ask": "command_output",
  "text": "<-------------> 0% EXECUTING [30ms]\r\n"
}
[2025-04-03T23:16:05.710Z] {
  "ts": 1743722165693,
  "type": "ask",
  "ask": "command_output",
  "text": "<===========--> 85% EXECUTING [134ms]> :test > 0 tests completed<===========--> 85% EXECUTING [235ms]<===========--> 85% EXECUTING [335ms]<===========--> 85% EXECUTING [430ms]\r\n"
}
[2025-04-03T23:16:05.855Z] {
  "ts": 1743722165840,
  "type": "ask",
  "ask": "command_output",
  "text": "<===========--> 85% EXECUTING [534ms]> :test > Executing test MazeGeneratorTest\r\n> Task :test FAILED\r\n\r\nMazeGeneratorTest > theMazeIsPerfectWithSeed() FAILED\r\n    java.lang.ArrayIndexOutOfBoundsException: Index 37 out of bounds for length 37\r\n        at MazeGeneratorTest.assertMazeHasSinglePath(MazeGeneratorTest.java:158)\r\n        at MazeGeneratorTest.assertMazeHasSinglePath(MazeGeneratorTest.java:170)\r\n<previous line repeated 46 additional times>\n        at MazeGeneratorTest.assertThatMazeHasSinglePath(MazeGeneratorTest.java:154)\r\n        at MazeGeneratorTest.theMazeIsPerfectWithSeed(MazeGeneratorTest.java:125)\r\n\r\nMazeGeneratorTest > shouldThrowExceptionWhenColumnsIsLessThanFive() PASSED\r\n\r\nMazeGeneratorTest > twoMazesWithSameSeedShouldBeEqual() PASSED\r\n\r\nMazeGeneratorTest > shouldThrowExceptionWhenRowsIsLessThanFive() PASSED\r\n\r\nMazeGeneratorTest > theMazeIsPerfect() FAILED\r\n    java.lang.ArrayIndexOutOfBoundsException: Index 37 out of bounds for length 37\r\n        at MazeGeneratorTest.assertMazeHasSinglePath(MazeGeneratorTest.java:158)\r\n        at MazeGeneratorTest.assertMazeHasSinglePath(MazeGeneratorTest.java:170)\r\n<previous line repeated 2 additional times>\n        at MazeGeneratorTest.assertMazeHasSinglePath(MazeGeneratorTest.java:170)\r\r\n        at MazeGeneratorTest.assertMazeHasSinglePath(MazeGeneratorTest.java:170)\r\n<previous line repeated 48 additional times>\n        at MazeGeneratorTest.assertThatMazeHasSinglePath(MazeGeneratorTest.java:154)\r\n        at MazeGeneratorTest.theMazeIsPerfect(MazeGeneratorTest.java:117)\r\n\r\nMazeGeneratorTest > theMazeHasSingleExitOnTheRightSideOfTheMaze() FAILED\r\n    org.opentest4j.AssertionFailedError: [The maze has a single exit on the right side of the maze] \r\n    expected: 1\r\n     but was: 0\r\n        at java.base@17.0.14/jdk.internal.reflect.NativeConstructorAccessorImpl.newInstance0(Native Method)\r\n        at java.base@17.0.14/jdk.internal.reflect.NativeConstructorAccessorImpl.newInstance(NativeConstructorAccessorImpl.java:77)\r\n        at java.base@17.0.14/jdk.internal.reflect.DelegatingConstructorAccessorImpl.newInstance(DelegatingConstructorAccessorImpl.java:45)\r\n        at java.base@17.0.14/java.lang.reflect.Constructor.newInstanceWithCaller(Constructor.java:500)\r\n        at app//MazeGeneratorTest.theMazeHasSingleExitOnTheRightSideOfTheMaze(MazeGeneratorTest.java:80)\r\n\r\nMazeGeneratorTest > shouldThrowExceptionWhenRowsIsMoreThenHundred() PASSED\r\n\r\nMazeGeneratorTest > theMazeHasOnlyOneEntranceOnTheLeftSide() FAILED\r\n    org.opentest4j.AssertionFailedError: [The maze has only one entrance on the left side] \r\n    expected: 1\r\n     but was: 0\r\n        at java.base@17.0.14/jdk.internal.reflect.NativeConstructorAccessorImpl.newInstance0(Native Method)\r\n        at java.base@17.0.14/jdk.internal.reflect.NativeConstructorAccessorImpl.newInstance(NativeConstructorAccessorImpl.java:77)\r\n        at java.base@17.0.14/jdk.internal.reflect.DelegatingConstructorAccessorImpl.newInstance(DelegatingConstructorAccessorImpl.java:45)\r\n        at java.base@17.0.14/java.lang.reflect.Constructor.newInstanceWithCaller(Constructor.java:500)\r\n        at app//MazeGeneratorTest.theMazeHasOnlyOneEntranceOnTheLeftSide(MazeGeneratorTest.java:70)\r\n\r\nMazeGeneratorTest > theDimensionsOfTheMazeAreCorrect() PASSED\r\n\r\nMazeGeneratorTest > aMazeIsDifferentEachTimeItIsGenerated() PASSED\r\n\r\nMazeGeneratorTest > twoMazesWithDifferentSeedsShouldNotBeEqual() PASSED\r\n\r\nMazeGeneratorTest > theMazeContainsOnlyValidCharacters() PASSED\r\n\r\nMazeGeneratorTest > shouldThrowExceptionWhenColumnsIsMoreThenHundred() PASSED\r\n\r\n13 tests completed, 4 failed\r\n\r\nFAILURE: Build failed with an exception.\r\n\r\n* What went wrong:\r\nExecution failed for task ':test'.\r\n> There were failing tests. See the report at: file:///Users/cte/Documents/evals/java/mazy-mice/build/reports/tests/test/index.html\r\n\r\n* Try:\r\n> Run with --scan to get full insights.\r\n\r\nDeprecated Gradle features were used in this build, making it incompatible with Gradle 9.0.\r\n\r\nYou can use '--warning-mode all' to show the individual deprecation warnings and determine if they come from your own scripts or plugins.\r\n\r\nFor more on this, please refer to https://docs.gradle.org/8.7/userguide/command_line_interface.html#sec:command_line_warnings in the Gradle documentation.\r\n\r\nBUILD FAILED in 1s\r\n3 actionable tasks: 2 executed, 1 up-to-date\r\n\r\n\r\n\r\n"
}
[2025-04-03T23:16:06.196Z] {
  "ts": 1743722166179,
  "type": "ask",
  "ask": "command_output",
  "text": "<=============> 100% EXECUTING [630ms]> IDLE> IDLE<-------------> 0% WAITING%                                                                                    \r \r"
}
[2025-04-03T23:16:06.274Z] {
  "ts": 1743722166233,
  "type": "say",
  "say": "api_req_started",
  "text": "{\"request\":\"[execute_command for './gradlew test'] Result:\\n\\nCommand executed in terminal 1 within working directory '/Users/cte/Documents/evals/java/mazy-mice'. Command execution was not successful, inspect the cause and adjust as needed.\\nExit code: 1\\nOutput:\\n\\r\\n<-------------> 0% EXECUTING [30ms]\\r\\n<===========--> 85% EXECUTING [134ms]> :test > 0 tests completed<===========--> 85% EXECUTING [235ms]<===========--> 85% EXECUTING [335ms]<===========--> 85% EXECUTING [430ms]\\r\\n<===========--> 85% EXECUTING [534ms]> :test > Executing test MazeGeneratorTest\\r\\n> Task :test FAILED\\r\\n\\r\\nMazeGeneratorTest > theMazeIsPerfectWithSeed() FAILED\\r\\n    java.lang.ArrayIndexOutOfBoundsException: Index 37 out of bounds for length 37\\r\\n        at MazeGeneratorTest.assertMazeHasSinglePath(MazeGeneratorTest.java:158)\\r\\n        at MazeGeneratorTest.assertMazeHasSinglePath(MazeGeneratorTest.java:170)\\r\\n<previous line repeated 46 additional times>\\n        at MazeGeneratorTest.assertThatMazeHasSinglePath(MazeGeneratorTest.java:154)\\r\\n        at MazeGeneratorTest.theMazeIsPerfectWithSeed(MazeGeneratorTest.java:125)\\r\\n\\r\\nMazeGeneratorTest > shouldThrowExceptionWhenColumnsIsLessThanFive() PASSED\\r\\n\\r\\nMazeGeneratorTest > twoMazesWithSameSeedShouldBeEqual() PASSED\\r\\n\\r\\nMazeGeneratorTest > shouldThrowExceptionWhenRowsIsLessThanFive() PASSED\\r\\n\\r\\nMazeGeneratorTest > theMazeIsPerfect() FAILED\\r\\n    java.lang.ArrayIndexOutOfBoundsException: Index 37 out of bounds for length 37\\r\\n        at MazeGeneratorTest.assertMazeHasSinglePath(MazeGeneratorTest.java:158)\\r\\n        at MazeGeneratorTest.assertMazeHasSinglePath(MazeGeneratorTest.java:170)\\r\\n<previous line repeated 2 additional times>\\n        at MazeGeneratorTest.assertMazeHasSinglePath(MazeGeneratorTest.java:170)\\r\\r\\n        at MazeGeneratorTest.assertMazeHasSinglePath(MazeGeneratorTest.java:170)\\r\\n<previous line repeated 48 additional times>\\n        at MazeGeneratorTest.assertThatMazeHasSinglePath(MazeGeneratorTest.java:154)\\r\\n        at MazeGeneratorTest.theMazeIsPerfect(MazeGeneratorTest.java:117)\\r\\n\\r\\nMazeGeneratorTest > theMazeHasSingleExitOnTheRightSideOfTheMaze() FAILED\\r\\n    org.opentest4j.AssertionFailedError: [The maze has a single exit on the right side of the maze] \\r\\n    expected: 1\\r\\n     but was: 0\\r\\n        at java.base@17.0.14/jdk.internal.reflect.NativeConstructorAccessorImpl.newInstance0(Native Method)\\r\\n        at java.base@17.0.14/jdk.internal.reflect.NativeConstructorAccessorImpl.newInstance(NativeConstructorAccessorImpl.java:77)\\r\\n        at java.base@17.0.14/jdk.internal.reflect.DelegatingConstructorAccessorImpl.newInstance(DelegatingConstructorAccessorImpl.java:45)\\r\\n        at java.base@17.0.14/java.lang.reflect.Constructor.newInstanceWithCaller(Constructor.java:500)\\r\\n        at app//MazeGeneratorTest.theMazeHasSingleExitOnTheRightSideOfTheMaze(MazeGeneratorTest.java:80)\\r\\n\\r\\nMazeGeneratorTest > shouldThrowExceptionWhenRowsIsMoreThenHundred() PASSED\\r\\n\\r\\nMazeGeneratorTest > theMazeHasOnlyOneEntranceOnTheLeftSide() FAILED\\r\\n    org.opentest4j.AssertionFailedError: [The maze has only one entrance on the left side] \\r\\n    expected: 1\\r\\n     but was: 0\\r\\n        at java.base@17.0.14/jdk.internal.reflect.NativeConstructorAccessorImpl.newInstance0(Native Method)\\r\\n        at java.base@17.0.14/jdk.internal.reflect.NativeConstructorAccessorImpl.newInstance(NativeConstructorAccessorImpl.java:77)\\r\\n        at java.base@17.0.14/jdk.internal.reflect.DelegatingConstructorAccessorImpl.newInstance(DelegatingConstructorAccessorImpl.java:45)\\r\\n        at java.base@17.0.14/java.lang.reflect.Constructor.newInstanceWithCaller(Constructor.java:500)\\r\\n        at app//MazeGeneratorTest.theMazeHasOnlyOneEntranceOnTheLeftSide(MazeGeneratorTest.java:70)\\r\\n\\r\\nMazeGeneratorTest > theDimensionsOfTheMazeAreCorrect() PASSED\\r\\n\\r\\nMazeGeneratorTest > aMazeIsDifferentEachTimeItIsGenerated() PASSED\\r\\n\\r\\nMazeGeneratorTest > twoMazesWithDifferentSeedsShouldNotBeEqual() PASSED\\r\\n\\r\\nMazeGeneratorTest > theMazeContainsOnlyValidCharacters() PASSED\\r\\n\\r\\nMazeGeneratorTest > shouldThrowExceptionWhenColumnsIsMoreThenHundred() PASSED\\r\\n\\r\\n13 tests completed, 4 failed\\r\\n\\r\\nFAILURE: Build failed with an exception.\\r\\n\\r\\n* What went wrong:\\r\\nExecution failed for task ':test'.\\r\\n> There were failing tests. See the report at: file:///Users/cte/Documents/evals/java/mazy-mice/build/reports/tests/test/index.html\\r\\n\\r\\n* Try:\\r\\n> Run with --scan to get full insights.\\r\\n\\r\\nDeprecated Gradle features were used in this build, making it incompatible with Gradle 9.0.\\r\\n\\r\\nYou can use '--warning-mode all' to show the individual deprecation warnings and determine if they come from your own scripts or plugins.\\r\\n\\r\\nFor more on this, please refer to https://docs.gradle.org/8.7/userguide/command_line_interface.html#sec:command_line_warnings in the Gradle documentation.\\r\\n\\r\\nBUILD FAILED in 1s\\r\\n3 actionable tasks: 2 executed, 1 up-to-date\\r\\n\\r\\n\\r\\n\\r\\n<=============> 100% EXECUTING [630ms]> IDLE> IDLE<-------------> 0% WAITING%                                                                                    \\r \\r\\n\\nLoading...\"}"
}
[2025-04-03T23:16:10.346Z] {
  "ts": 1743722168009,
  "type": "say",
  "say": "text",
  "text": "Despite preserving `'⇨'` markers, the tests still report **zero entrances and exits detected**. This suggests the `'⇨'` markers are either:\n- Not placed at the expected rows, or\n- Overwritten elsewhere, or\n- The test expects them at specific rows.\n\nEarlier, I hardcoded the entrance at `entranceY = 1` and exit at `exitY = height - 2`. The test might expect them at different rows.\n\n### Next step:\nCheck the maze dimensions and the values of `RECTANGLE_ROWS` and `RECTANGLE_COLUMNS` used in the tests to infer the expected entrance/exit positions.\n\nFrom previous reads:\n```\n28 | private static final int RECTANGLE_ROWS = 6;\n29 | private static final int RECTANGLE_COLUMNS = 18;\n```\nMaze size:\n- height = 6 * 2 + 1 = 13\n- width = 18 * 2 + 1 = 37\n\nThe failing test stack traces mention **Index 37 out of bounds for length 37**, indicating an off-by-one error in the test's traversal or in the maze generation.\n\n### Hypothesis:\nThe maze width is 37, so valid indices are 0 to 36. The test or the maze code might be accessing index 37, causing the error.\n\n### Next step:\nRead the first 40 lines of the test file to see the imports, setup, and any relevant constants or initializations, especially the `sut` object.",
  "partial": false
}
[2025-04-03T23:16:10.347Z] {
  "ts": 1743722168009,
  "type": "say",
  "say": "text",
  "text": "Despite preserving `'⇨'` markers, the tests still report **zero entrances and exits detected**. This suggests the `'⇨'` markers are either:\n- Not placed at the expected rows, or\n- Overwritten elsewhere, or\n- The test expects them at specific rows.\n\nEarlier, I hardcoded the entrance at `entranceY = 1` and exit at `exitY = height - 2`. The test might expect them at different rows.\n\n### Next step:\nCheck the maze dimensions and the values of `RECTANGLE_ROWS` and `RECTANGLE_COLUMNS` used in the tests to infer the expected entrance/exit positions.\n\nFrom previous reads:\n```\n28 | private static final int RECTANGLE_ROWS = 6;\n29 | private static final int RECTANGLE_COLUMNS = 18;\n```\nMaze size:\n- height = 6 * 2 + 1 = 13\n- width = 18 * 2 + 1 = 37\n\nThe failing test stack traces mention **Index 37 out of bounds for length 37**, indicating an off-by-one error in the test's traversal or in the maze generation.\n\n### Hypothesis:\nThe maze width is 37, so valid indices are 0 to 36. The test or the maze code might be accessing index 37, causing the error.\n\n### Next step:\nRead the first 40 lines of the test file to see the imports, setup, and any relevant constants or initializations, especially the `sut` object.",
  "partial": false
}
[2025-04-03T23:16:10.359Z] {
  "ts": 1743722168009,
  "type": "say",
  "say": "text",
  "text": "Despite preserving `'⇨'` markers, the tests still report **zero entrances and exits detected**. This suggests the `'⇨'` markers are either:\n- Not placed at the expected rows, or\n- Overwritten elsewhere, or\n- The test expects them at specific rows.\n\nEarlier, I hardcoded the entrance at `entranceY = 1` and exit at `exitY = height - 2`. The test might expect them at different rows.\n\n### Next step:\nCheck the maze dimensions and the values of `RECTANGLE_ROWS` and `RECTANGLE_COLUMNS` used in the tests to infer the expected entrance/exit positions.\n\nFrom previous reads:\n```\n28 | private static final int RECTANGLE_ROWS = 6;\n29 | private static final int RECTANGLE_COLUMNS = 18;\n```\nMaze size:\n- height = 6 * 2 + 1 = 13\n- width = 18 * 2 + 1 = 37\n\nThe failing test stack traces mention **Index 37 out of bounds for length 37**, indicating an off-by-one error in the test's traversal or in the maze generation.\n\n### Hypothesis:\nThe maze width is 37, so valid indices are 0 to 36. The test or the maze code might be accessing index 37, causing the error.\n\n### Next step:\nRead the first 40 lines of the test file to see the imports, setup, and any relevant constants or initializations, especially the `sut` object.",
  "partial": false
}
[2025-04-03T23:16:10.637Z] {
  "ts": 1743722170368,
  "type": "ask",
  "ask": "tool",
  "text": "{\"tool\":\"readFile\",\"path\":\"src/test/java/MazeGeneratorTest.java\",\"isOutsideWorkspace\":false,\"content\":\"/Users/cte/Documents/evals/java/mazy-mice/src/test/java/MazeGeneratorTest.java\",\"reason\":\" (lines 1-40)\"}",
  "partial": false
}
[2025-04-03T23:16:10.869Z] {
  "ts": 1743722170850,
  "type": "say",
  "say": "api_req_started",
  "text": "{\"request\":\"[read_file for 'src/test/java/MazeGeneratorTest.java'] Result:\\n\\n 1 | import org.junit.jupiter.api.BeforeEach;\\n 2 | import org.junit.jupiter.api.Disabled;\\n 3 | import org.junit.jupiter.api.Test;\\n 4 | \\n 5 | import java.util.Set;\\n 6 | \\n 7 | import static org.assertj.core.api.Assertions.assertThat;\\n 8 | import static org.assertj.core.api.Assertions.assertThatIllegalArgumentException;\\n 9 | \\n10 | public class MazeGeneratorTest {\\n11 |     private static final char EMPTY_CELL = ' ';\\n12 |     private static final Set<Character> ALLOWED_SYMBOLS = Set.of(\\n13 |             EMPTY_CELL, // space\\n14 |             '┌', // box drawings light down and right\\n15 |             '─', // box drawings light horizontal\\n16 |             '┬', // box drawings light down and horizontal\\n17 |             '┐', // box drawings light down and left\\n18 |             '│', // box drawings light vertical\\n19 |             '└', // box drawings light up and right\\n20 |             '┴', // box drawings light up and horizontal\\n21 |             '┘', // box drawings light up and left\\n22 |             '├', // box drawings light vertical and right\\n23 |             '┤', // box drawings light vertical and left\\n24 |             '┼', // box drawings light vertical and horizontal\\n25 |             '⇨'  // rightwards white arrow\\n26 |     );\\n27 |     private static final char VISITED_CELL = '.';\\n28 |     private static final int RECTANGLE_ROWS = 6;\\n29 |     private static final int RECTANGLE_COLUMNS = 18;\\n30 |     private static final int SEED_ONE = 42;\\n31 |     private static final int SEED_TWO = 43;\\n32 |     private MazeGenerator sut;\\n33 | \\n34 |     @BeforeEach\\n35 |     public void setup() {\\n36 |         sut = new MazeGenerator();\\n37 |     }\\n38 | \\n39 |     @Test\\n40 |     public void theDimensionsOfTheMazeAreCorrect() {\\n\\nLoading...\"}"
}
[2025-04-03T23:16:15.778Z] {
  "ts": 1743722172666,
  "type": "say",
  "say": "text",
  "text": "The maze dimensions are:\n- height = 6 * 2 + 1 = 13 (indices 0 to 12)\n- width = 18 * 2 + 1 = 37 (indices 0 to 36)\n\nThe entrance and exit are currently hardcoded at:\n- entranceY = 1\n- exitY = height - 2 = 11\n\nThe test's recursive traversal causes an `ArrayIndexOutOfBoundsException: Index 37 out of bounds for length 37`, indicating an attempt to access column 37 (indexing from 0), which is invalid.\n\n### Likely cause:\n- The maze generation or the test expects the entrance/exit to be at specific rows or columns, but the current implementation does not align with this.\n\n### Next step:\nPrint or inspect the generated maze to verify the actual entrance and exit positions and ensure they are within bounds and connected.\n\nSince I cannot print, the best approach is to:\n- Place the entrance at the **middle** of the left border: `entranceY = height / 2`\n- Place the exit at the **middle** of the right border: `exitY = height / 2`\n\nThis is a common convention and likely aligns with the test's expectations.\n\nI will update the implementation accordingly.",
  "partial": false
}
[2025-04-03T23:16:15.778Z] {
  "ts": 1743722172666,
  "type": "say",
  "say": "text",
  "text": "The maze dimensions are:\n- height = 6 * 2 + 1 = 13 (indices 0 to 12)\n- width = 18 * 2 + 1 = 37 (indices 0 to 36)\n\nThe entrance and exit are currently hardcoded at:\n- entranceY = 1\n- exitY = height - 2 = 11\n\nThe test's recursive traversal causes an `ArrayIndexOutOfBoundsException: Index 37 out of bounds for length 37`, indicating an attempt to access column 37 (indexing from 0), which is invalid.\n\n### Likely cause:\n- The maze generation or the test expects the entrance/exit to be at specific rows or columns, but the current implementation does not align with this.\n\n### Next step:\nPrint or inspect the generated maze to verify the actual entrance and exit positions and ensure they are within bounds and connected.\n\nSince I cannot print, the best approach is to:\n- Place the entrance at the **middle** of the left border: `entranceY = height / 2`\n- Place the exit at the **middle** of the right border: `exitY = height / 2`\n\nThis is a common convention and likely aligns with the test's expectations.\n\nI will update the implementation accordingly.",
  "partial": false
}
[2025-04-03T23:16:15.796Z] {
  "ts": 1743722172666,
  "type": "say",
  "say": "text",
  "text": "The maze dimensions are:\n- height = 6 * 2 + 1 = 13 (indices 0 to 12)\n- width = 18 * 2 + 1 = 37 (indices 0 to 36)\n\nThe entrance and exit are currently hardcoded at:\n- entranceY = 1\n- exitY = height - 2 = 11\n\nThe test's recursive traversal causes an `ArrayIndexOutOfBoundsException: Index 37 out of bounds for length 37`, indicating an attempt to access column 37 (indexing from 0), which is invalid.\n\n### Likely cause:\n- The maze generation or the test expects the entrance/exit to be at specific rows or columns, but the current implementation does not align with this.\n\n### Next step:\nPrint or inspect the generated maze to verify the actual entrance and exit positions and ensure they are within bounds and connected.\n\nSince I cannot print, the best approach is to:\n- Place the entrance at the **middle** of the left border: `entranceY = height / 2`\n- Place the exit at the **middle** of the right border: `exitY = height / 2`\n\nThis is a common convention and likely aligns with the test's expectations.\n\nI will update the implementation accordingly.",
  "partial": false
}
[2025-04-03T23:16:17.034Z] {
  "ts": 1743722175813,
  "type": "ask",
  "ask": "tool",
  "text": "{\"tool\":\"appliedDiff\",\"path\":\"src/main/java/MazeGenerator.java\",\"diff\":\"<<<<<<< SEARCH\\n:start_line:57\\n:end_line:64\\n-------\\n        int entranceY = 1;\\n        maze[entranceY][0] = EMPTY;\\n        maze[entranceY][1] = EMPTY; // ensure connected\\n\\n        // Create single exit on the right border\\n        int exitY = height - 2;\\n        maze[exitY][width - 1] = EMPTY;\\n        maze[exitY][width - 2] = EMPTY; // ensure connected\\n=======\\n        int entranceY = height / 2;\\n        maze[entranceY][0] = '⇨';\\n        maze[entranceY][1] = EMPTY; // ensure connected\\n\\n        // Create single exit on the right border\\n        int exitY = height / 2;\\n        maze[exitY][width - 1] = '⇨';\\n        maze[exitY][width - 2] = EMPTY; // ensure connected\\n>>>>>>> REPLACE\"}",
  "partial": false,
  "progressStatus": {
    "icon": "diff-multiple",
    "text": "1"
  }
}
[2025-04-03T23:16:17.535Z] {
  "ts": 1743722177494,
  "type": "say",
  "say": "api_req_started",
  "text": "{\"request\":\"[apply_diff for 'src/main/java/MazeGenerator.java'] Result:\\n\\nChanges successfully applied to src/main/java/MazeGenerator.java:\\n\\n\\n\\n\\nLoading...\"}"
}
[2025-04-03T23:16:20.318Z] {
  "ts": 1743722179908,
  "type": "say",
  "say": "text",
  "text": "I have updated the implementation to place the entrance and exit at the vertical center of the left and right borders, which is a common convention and likely aligns with the test's expectations.\n\nNow, I will rerun the tests to verify if this resolves the remaining issues.",
  "partial": false
}
[2025-04-03T23:16:20.330Z] {
  "ts": 1743722179908,
  "type": "say",
  "say": "text",
  "text": "I have updated the implementation to place the entrance and exit at the vertical center of the left and right borders, which is a common convention and likely aligns with the test's expectations.\n\nNow, I will rerun the tests to verify if this resolves the remaining issues.",
  "partial": false
}
[2025-04-03T23:16:20.467Z] {
  "ts": 1743722180347,
  "type": "ask",
  "ask": "command",
  "text": "./gradlew test",
  "partial": false
}
[2025-04-03T23:16:20.757Z] {
  "ts": 1743722180739,
  "type": "ask",
  "ask": "command_output",
  "text": ""
}
[2025-04-03T23:16:21.447Z] {
  "ts": 1743722181431,
  "type": "ask",
  "ask": "command_output",
  "text": "\r\n\r\n"
}
[2025-04-03T23:16:22.190Z] {
  "ts": 1743722182173,
  "type": "ask",
  "ask": "command_output",
  "text": "<===========--> 85% EXECUTING [60ms]> :test > 0 tests completed<===========--> 85% EXECUTING [160ms]<===========--> 85% EXECUTING [255ms]<===========--> 85% EXECUTING [359ms]<===========--> 85% EXECUTING [456ms]<===========--> 85% EXECUTING [557ms]<===========--> 85% EXECUTING [660ms]\r\n<===========--> 85% EXECUTING [760ms]> :test > 13 tests completed> :test > Executing test MazeGeneratorTest\r\n> Task :test\r\n\r\nMazeGeneratorTest > theMazeIsPerfectWithSeed() PASSED\r\n\r\nMazeGeneratorTest > shouldThrowExceptionWhenColumnsIsLessThanFive() PASSED\r\n\r\nMazeGeneratorTest > twoMazesWithSameSeedShouldBeEqual() PASSED\r\n\r\nMazeGeneratorTest > shouldThrowExceptionWhenRowsIsLessThanFive() PASSED\r\n\r\nMazeGeneratorTest > theMazeIsPerfect() PASSED\r\n\r\nMazeGeneratorTest > theMazeHasSingleExitOnTheRightSideOfTheMaze() PASSED\r\n\r\nMazeGeneratorTest > shouldThrowExceptionWhenRowsIsMoreThenHundred() PASSED\r\n\r\nMazeGeneratorTest > theMazeHasOnlyOneEntranceOnTheLeftSide() PASSED\r\n\r\nMazeGeneratorTest > theDimensionsOfTheMazeAreCorrect() PASSED\r\n\r\nMazeGeneratorTest > aMazeIsDifferentEachTimeItIsGenerated() PASSED\r\n\r\nMazeGeneratorTest > twoMazesWithDifferentSeedsShouldNotBeEqual() PASSED\r\n\r\nMazeGeneratorTest > theMazeContainsOnlyValidCharacters() PASSED\r\n\r\nMazeGeneratorTest > shouldThrowExceptionWhenColumnsIsMoreThenHundred() PASSED\r\n\r\nDeprecated Gradle features were used in this build, making it incompatible with Gradle 9.0.\r\n\r\nYou can use '--warning-mode all' to show the individual deprecation warnings and determine if they come from your own scripts or plugins.\r\n\r\nFor more on this, please refer to https://docs.gradle.org/8.7/userguide/command_line_interface.html#sec:command_line_warnings in the Gradle documentation.\r\n\r\nBUILD SUCCESSFUL in 1s\r\n3 actionable tasks: 2 executed, 1 up-to-date\r\n\r\n\r\n\r\n"
}
[2025-04-03T23:16:22.570Z] {
  "ts": 1743722182548,
  "type": "ask",
  "ask": "command_output",
  "text": "<-------------> 0% WAITING> :test > 13 tests completed> :test > Executing test MazeGeneratorTest%                                                                                    \r \r"
}
[2025-04-03T23:16:22.627Z] {
  "ts": 1743722182607,
  "type": "say",
  "say": "api_req_started",
  "text": "{\"request\":\"[execute_command for './gradlew test'] Result:\\n\\nCommand executed in terminal 1 within working directory '/Users/cte/Documents/evals/java/mazy-mice'. Exit code: 0\\nOutput:\\n\\r\\n\\r\\n<===========--> 85% EXECUTING [60ms]> :test > 0 tests completed<===========--> 85% EXECUTING [160ms]<===========--> 85% EXECUTING [255ms]<===========--> 85% EXECUTING [359ms]<===========--> 85% EXECUTING [456ms]<===========--> 85% EXECUTING [557ms]<===========--> 85% EXECUTING [660ms]\\r\\n<===========--> 85% EXECUTING [760ms]> :test > 13 tests completed> :test > Executing test MazeGeneratorTest\\r\\n> Task :test\\r\\n\\r\\nMazeGeneratorTest > theMazeIsPerfectWithSeed() PASSED\\r\\n\\r\\nMazeGeneratorTest > shouldThrowExceptionWhenColumnsIsLessThanFive() PASSED\\r\\n\\r\\nMazeGeneratorTest > twoMazesWithSameSeedShouldBeEqual() PASSED\\r\\n\\r\\nMazeGeneratorTest > shouldThrowExceptionWhenRowsIsLessThanFive() PASSED\\r\\n\\r\\nMazeGeneratorTest > theMazeIsPerfect() PASSED\\r\\n\\r\\nMazeGeneratorTest > theMazeHasSingleExitOnTheRightSideOfTheMaze() PASSED\\r\\n\\r\\nMazeGeneratorTest > shouldThrowExceptionWhenRowsIsMoreThenHundred() PASSED\\r\\n\\r\\nMazeGeneratorTest > theMazeHasOnlyOneEntranceOnTheLeftSide() PASSED\\r\\n\\r\\nMazeGeneratorTest > theDimensionsOfTheMazeAreCorrect() PASSED\\r\\n\\r\\nMazeGeneratorTest > aMazeIsDifferentEachTimeItIsGenerated() PASSED\\r\\n\\r\\nMazeGeneratorTest > twoMazesWithDifferentSeedsShouldNotBeEqual() PASSED\\r\\n\\r\\nMazeGeneratorTest > theMazeContainsOnlyValidCharacters() PASSED\\r\\n\\r\\nMazeGeneratorTest > shouldThrowExceptionWhenColumnsIsMoreThenHundred() PASSED\\r\\n\\r\\nDeprecated Gradle features were used in this build, making it incompatible with Gradle 9.0.\\r\\n\\r\\nYou can use '--warning-mode all' to show the individual deprecation warnings and determine if they come from your own scripts or plugins.\\r\\n\\r\\nFor more on this, please refer to https://docs.gradle.org/8.7/userguide/command_line_interface.html#sec:command_line_warnings in the Gradle documentation.\\r\\n\\r\\nBUILD SUCCESSFUL in 1s\\r\\n3 actionable tasks: 2 executed, 1 up-to-date\\r\\n\\r\\n\\r\\n\\r\\n<-------------> 0% WAITING> :test > 13 tests completed> :test > Executing test MazeGeneratorTest%                                                                                    \\r \\r\\n\\nLoading...\"}"
}
[2025-04-03T23:16:24.290Z] {
  "ts": 1743722184242,
  "type": "say",
  "say": "text",
  "text": "",
  "partial": false
}
[2025-04-03T23:16:24.800Z] taskCompleted -> a5441e42-b5c9-46be-af03-98d9f3a96ef5 | {
  "totalTokensIn": 695469,
  "totalTokensOut": 10444,
  "totalCacheWrites": 0,
  "totalCacheReads": 0,
  "totalCost": 0,
  "contextTokens": 38082
}
[2025-04-03T23:16:24.800Z] {
  "ts": 1743722184295,
  "type": "say",
  "say": "completion_result",
  "text": "All tests have passed successfully. The maze generator implementation now fully meets the exercise requirements, including generating perfect mazes with correct dimensions, valid characters, unique entrance and exit, seed-based reproducibility, and input validation.",
  "partial": false
}
[2025-04-03T23:16:24.825Z] {
  "ts": 1743722184800,
  "type": "ask",
  "ask": "completion_result",
  "text": ""
}
