[2025-04-03T23:20:24.695Z] {
  "ts": 1743722424671,
  "type": "say",
  "say": "text",
  "text": "Your job is to complete a coding exercise described the markdown files inside the `.docs` directory.\n\nA file with the implementation stubbed out has been created for you, along with a test file.\n\nTo successfully complete the exercise, you must pass all the tests in the test file.\n\nTo confirm that your solution is correct, run the tests with `uv run python3 -m pytest -o markers=task [name]_test.py`. Do not alter the test file; it should be run as-is.\n\nDo not use the \"ask_followup_question\" tool.\n"
}
[2025-04-03T23:20:24.709Z] taskStarted -> c360258b-81e9-4c90-a2bf-f3073c855f00
[2025-04-03T23:20:24.726Z] {
  "ts": 1743722424709,
  "type": "say",
  "say": "api_req_started",
  "text": "{\"request\":\"<task>\\nYour job is to complete a coding exercise described the markdown files inside the `.docs` directory.\\n\\nA file with the implementation stubbed out has been created for you, along with a test file.\\n\\nTo successfully complete the exercise, you must pass all the tests in the test file.\\n\\nTo confirm that your solution is correct, run the tests with `uv run python3 -m pytest -o markers=task [name]_test.py`. Do not alter the test file; it should be run as-is.\\n\\nDo not use the \\\"ask_followup_question\\\" tool.\\n\\n</task>\\n\\nLoading...\"}"
}
[2025-04-03T23:20:27.153Z] {
  "ts": 1743722426381,
  "type": "say",
  "say": "text",
  "text": "There is no `.docs` directory in the current working directory, which is supposed to contain the exercise description in markdown files. To proceed, I need to locate this `.docs` directory. It might be outside the current directory, possibly at a higher level or elsewhere in the user's workspace.\n\nI will list the files and directories one level up from the current directory `/Users/cte/Documents/evals/python` to check if `.docs` exists there.",
  "partial": false
}
[2025-04-03T23:20:27.153Z] {
  "ts": 1743722426381,
  "type": "say",
  "say": "text",
  "text": "There is no `.docs` directory in the current working directory, which is supposed to contain the exercise description in markdown files. To proceed, I need to locate this `.docs` directory. It might be outside the current directory, possibly at a higher level or elsewhere in the user's workspace.\n\nI will list the files and directories one level up from the current directory `/Users/cte/Documents/evals/python` to check if `.docs` exists there.",
  "partial": false
}
[2025-04-03T23:20:27.153Z] {
  "ts": 1743722426381,
  "type": "say",
  "say": "text",
  "text": "There is no `.docs` directory in the current working directory, which is supposed to contain the exercise description in markdown files. To proceed, I need to locate this `.docs` directory. It might be outside the current directory, possibly at a higher level or elsewhere in the user's workspace.\n\nI will list the files and directories one level up from the current directory `/Users/cte/Documents/evals/python` to check if `.docs` exists there.",
  "partial": false
}
[2025-04-03T23:20:27.153Z] {
  "ts": 1743722426381,
  "type": "say",
  "say": "text",
  "text": "There is no `.docs` directory in the current working directory, which is supposed to contain the exercise description in markdown files. To proceed, I need to locate this `.docs` directory. It might be outside the current directory, possibly at a higher level or elsewhere in the user's workspace.\n\nI will list the files and directories one level up from the current directory `/Users/cte/Documents/evals/python` to check if `.docs` exists there.",
  "partial": false
}
[2025-04-03T23:20:27.153Z] {
  "ts": 1743722426381,
  "type": "say",
  "say": "text",
  "text": "There is no `.docs` directory in the current working directory, which is supposed to contain the exercise description in markdown files. To proceed, I need to locate this `.docs` directory. It might be outside the current directory, possibly at a higher level or elsewhere in the user's workspace.\n\nI will list the files and directories one level up from the current directory `/Users/cte/Documents/evals/python` to check if `.docs` exists there.",
  "partial": false
}
[2025-04-03T23:20:27.167Z] {
  "ts": 1743722426381,
  "type": "say",
  "say": "text",
  "text": "There is no `.docs` directory in the current working directory, which is supposed to contain the exercise description in markdown files. To proceed, I need to locate this `.docs` directory. It might be outside the current directory, possibly at a higher level or elsewhere in the user's workspace.\n\nI will list the files and directories one level up from the current directory `/Users/cte/Documents/evals/python` to check if `.docs` exists there.",
  "partial": false
}
[2025-04-03T23:20:27.315Z] {
  "ts": 1743722427174,
  "type": "ask",
  "ask": "tool",
  "text": "{\"tool\":\"listFilesTopLevel\",\"path\":\"/Users/cte/Documents/evals/python\",\"content\":\"pyproject.toml\\nrun_tests.sh\\nuv.lock\\n.pytest_cache/\\n.venv/\\naffine-cipher/\\nbeer-song/\\nbook-store/\\nbottle-song/\\nbowling/\\nconnect/\\ndominoes/\\ndot-dsl/\\nfood-chain/\\nforth/\\ngo-counting/\\ngrade-school/\\ngrep/\\nhangman/\\nlist-ops/\\npaasio/\\nphone-number/\\npig-latin/\\npoker/\\npov/\\nproverb/\\nreact/\\nrest-api/\\nrobot-name/\\nscale-generator/\\nsgf-parsing/\\nsimple-linked-list/\\ntranspose/\\ntree-building/\\ntwo-bucket/\\nvariable-length-quantity/\\nwordy/\\nzebra-puzzle/\\nzipper/\"}",
  "partial": false
}
[2025-04-03T23:20:27.537Z] {
  "ts": 1743722427521,
  "type": "say",
  "say": "api_req_started",
  "text": "{\"request\":\"[list_files for '..'] Result:\\n\\npyproject.toml\\nrun_tests.sh\\nuv.lock\\n.pytest_cache/\\n.venv/\\naffine-cipher/\\nbeer-song/\\nbook-store/\\nbottle-song/\\nbowling/\\nconnect/\\ndominoes/\\ndot-dsl/\\nfood-chain/\\nforth/\\ngo-counting/\\ngrade-school/\\ngrep/\\nhangman/\\nlist-ops/\\npaasio/\\nphone-number/\\npig-latin/\\npoker/\\npov/\\nproverb/\\nreact/\\nrest-api/\\nrobot-name/\\nscale-generator/\\nsgf-parsing/\\nsimple-linked-list/\\ntranspose/\\ntree-building/\\ntwo-bucket/\\nvariable-length-quantity/\\nwordy/\\nzebra-puzzle/\\nzipper/\\n\\nLoading...\"}"
}
[2025-04-03T23:20:38.415Z] {
  "ts": 1743722429795,
  "type": "say",
  "say": "text",
  "text": "The parent directory contains many subdirectories, each likely corresponding to different exercises or projects, but no `.docs` directory at this level either. Since the current task is within the `phone-number` directory, it's possible that the `.docs` directory is inside this directory but hidden due to the leading dot.\n\nI will list all files and directories inside the current working directory `/Users/cte/Documents/evals/python/phone-number`, including hidden ones, to check for `.docs`.",
  "partial": false
}
[2025-04-03T23:20:38.427Z] {
  "ts": 1743722429795,
  "type": "say",
  "say": "text",
  "text": "The parent directory contains many subdirectories, each likely corresponding to different exercises or projects, but no `.docs` directory at this level either. Since the current task is within the `phone-number` directory, it's possible that the `.docs` directory is inside this directory but hidden due to the leading dot.\n\nI will list all files and directories inside the current working directory `/Users/cte/Documents/evals/python/phone-number`, including hidden ones, to check for `.docs`.",
  "partial": false
}
[2025-04-03T23:20:38.895Z] {
  "ts": 1743722438433,
  "type": "ask",
  "ask": "tool",
  "text": "{\"tool\":\"listFilesTopLevel\",\"path\":\"phone-number\",\"content\":\"phone_number_test.py\\nphone_number.py\\nroo-code-messages.log\\n.docs/\"}",
  "partial": false
}
[2025-04-03T23:20:39.237Z] {
  "ts": 1743722439220,
  "type": "say",
  "say": "api_req_started",
  "text": "{\"request\":\"[list_files for '.'] Result:\\n\\nphone_number_test.py\\nphone_number.py\\nroo-code-messages.log\\n.docs/\\n\\nLoading...\"}"
}
[2025-04-03T23:20:41.324Z] {
  "ts": 1743722440994,
  "type": "say",
  "say": "text",
  "text": "The `.docs` directory does exist inside the current working directory. The next step is to list the files inside `.docs` to identify the markdown file(s) containing the exercise description.",
  "partial": false
}
[2025-04-03T23:20:41.437Z] {
  "ts": 1743722441330,
  "type": "ask",
  "ask": "tool",
  "text": "{\"tool\":\"listFilesTopLevel\",\"path\":\".docs\",\"content\":\"instructions.append.md\\ninstructions.md\"}",
  "partial": false
}
[2025-04-03T23:20:41.650Z] {
  "ts": 1743722441632,
  "type": "say",
  "say": "api_req_started",
  "text": "{\"request\":\"[list_files for '.docs'] Result:\\n\\ninstructions.append.md\\ninstructions.md\\n\\nLoading...\"}"
}
[2025-04-03T23:20:43.935Z] {
  "ts": 1743722442837,
  "type": "say",
  "say": "text",
  "text": "There are two markdown files in `.docs`: `instructions.md` and `instructions.append.md`. The primary exercise description is most likely in `instructions.md`, with `instructions.append.md` potentially containing additional details or clarifications.\n\nI will start by reading the entire content of `instructions.md` to understand the exercise requirements.",
  "partial": false
}
[2025-04-03T23:20:43.935Z] {
  "ts": 1743722442837,
  "type": "say",
  "say": "text",
  "text": "There are two markdown files in `.docs`: `instructions.md` and `instructions.append.md`. The primary exercise description is most likely in `instructions.md`, with `instructions.append.md` potentially containing additional details or clarifications.\n\nI will start by reading the entire content of `instructions.md` to understand the exercise requirements.",
  "partial": false
}
[2025-04-03T23:20:43.935Z] {
  "ts": 1743722442837,
  "type": "say",
  "say": "text",
  "text": "There are two markdown files in `.docs`: `instructions.md` and `instructions.append.md`. The primary exercise description is most likely in `instructions.md`, with `instructions.append.md` potentially containing additional details or clarifications.\n\nI will start by reading the entire content of `instructions.md` to understand the exercise requirements.",
  "partial": false
}
[2025-04-03T23:20:43.935Z] {
  "ts": 1743722442837,
  "type": "say",
  "say": "text",
  "text": "There are two markdown files in `.docs`: `instructions.md` and `instructions.append.md`. The primary exercise description is most likely in `instructions.md`, with `instructions.append.md` potentially containing additional details or clarifications.\n\nI will start by reading the entire content of `instructions.md` to understand the exercise requirements.",
  "partial": false
}
[2025-04-03T23:20:43.946Z] {
  "ts": 1743722442837,
  "type": "say",
  "say": "text",
  "text": "There are two markdown files in `.docs`: `instructions.md` and `instructions.append.md`. The primary exercise description is most likely in `instructions.md`, with `instructions.append.md` potentially containing additional details or clarifications.\n\nI will start by reading the entire content of `instructions.md` to understand the exercise requirements.",
  "partial": false
}
[2025-04-03T23:20:44.061Z] {
  "ts": 1743722443952,
  "type": "ask",
  "ask": "tool",
  "text": "{\"tool\":\"readFile\",\"path\":\".docs/instructions.md\",\"isOutsideWorkspace\":false,\"content\":\"/Users/cte/Documents/evals/python/phone-number/.docs/instructions.md\",\"reason\":\" (max 500 lines)\"}",
  "partial": false
}
[2025-04-03T23:20:44.307Z] {
  "ts": 1743722444292,
  "type": "say",
  "say": "api_req_started",
  "text": "{\"request\":\"[read_file for '.docs/instructions.md'] Result:\\n\\n 1 | # Instructions\\n 2 | \\n 3 | Clean up user-entered phone numbers so that they can be sent SMS messages.\\n 4 | \\n 5 | The **North American Numbering Plan (NANP)** is a telephone numbering system used by many countries in North America like the United States, Canada or Bermuda.\\n 6 | All NANP-countries share the same international country code: `1`.\\n 7 | \\n 8 | NANP numbers are ten-digit numbers consisting of a three-digit Numbering Plan Area code, commonly known as _area code_, followed by a seven-digit local number.\\n 9 | The first three digits of the local number represent the _exchange code_, followed by the unique four-digit number which is the _subscriber number_.\\n10 | \\n11 | The format is usually represented as\\n12 | \\n13 | ```text\\n14 | NXX NXX-XXXX\\n15 | ```\\n16 | \\n17 | where `N` is any digit from 2 through 9 and `X` is any digit from 0 through 9.\\n18 | \\n19 | Sometimes they also have the country code (represented as `1` or `+1`) prefixed.\\n20 | \\n21 | Your task is to clean up differently formatted telephone numbers by removing punctuation and the country code if present.\\n22 | \\n23 | For example, the inputs\\n24 | \\n25 | - `+1 (613)-995-0253`\\n26 | - `613-995-0253`\\n27 | - `1 613 995 0253`\\n28 | - `613.995.0253`\\n29 | \\n30 | should all produce the output\\n31 | \\n32 | `6139950253`\\n33 | \\n34 | **Note:** As this exercise only deals with telephone numbers used in NANP-countries, only 1 is considered a valid country code.\\n35 | \\n\\nLoading...\"}"
}
[2025-04-03T23:20:46.439Z] {
  "ts": 1743722445475,
  "type": "say",
  "say": "text",
  "text": "The instructions specify that the task is to clean up user-entered NANP phone numbers by:\n- Removing punctuation and spaces\n- Removing the country code `1` or `+1` if present\n- Validating the number format\n\nThe cleaned number should be a 10-digit string in the form `NXXNXXXXXX` where:\n- The first digit of the area code and exchange code is 2-9\n- The rest are digits 0-9\n\nBefore implementation, I should check if there are additional details in `instructions.append.md` that might affect the requirements.",
  "partial": false
}
[2025-04-03T23:20:46.906Z] {
  "ts": 1743722446441,
  "type": "ask",
  "ask": "tool",
  "text": "{\"tool\":\"readFile\",\"path\":\".docs/instructions.append.md\",\"isOutsideWorkspace\":false,\"content\":\"/Users/cte/Documents/evals/python/phone-number/.docs/instructions.append.md\",\"reason\":\" (max 500 lines)\"}",
  "partial": false
}
[2025-04-03T23:20:47.024Z] {
  "ts": 1743722447010,
  "type": "say",
  "say": "api_req_started",
  "text": "{\"request\":\"[read_file for '.docs/instructions.append.md'] Result:\\n\\n 1 | # Instructions append\\n 2 | \\n 3 | ## Exception messages\\n 4 | \\n 5 | Sometimes it is necessary to [raise an exception](https://docs.python.org/3/tutorial/errors.html#raising-exceptions). When you do this, you should always include a **meaningful error message** to indicate what the source of the error is. This makes your code more readable and helps significantly with debugging. For situations where you know that the error source will be a certain type, you can choose to raise one of the [built in error types](https://docs.python.org/3/library/exceptions.html#base-classes), but should still include a meaningful message.\\n 6 | \\n 7 | This particular exercise requires that you use the [raise statement](https://docs.python.org/3/reference/simple_stmts.html#the-raise-statement) to \\\"throw\\\" multiple `ValueErrors` if the `PhoneNumber()` class constructor is passed a number that is not a _valid phone number_.  This includes errors for when area code or exchange codes are invalid, when the number has too many (or too few) digits, and for when punctuation or letters are given as input. The tests will only pass if you both `raise` the `exception` and include a message with it.\\n 8 | \\n 9 | To raise a `ValueError` with a message, write the message as an argument to the `exception` type:\\n10 | \\n11 | ```python\\n12 | # if a phone number has less than 10 digits.\\n13 | raise ValueError(\\\"must not be fewer than 10 digits\\\")\\n14 | \\n15 | # if a phone number has more than 11 digits.\\n16 | raise ValueError(\\\"must not be greater than 11 digits\\\")\\n17 | \\n18 | # if a phone number has 11 digits, but starts with a number other than 1.\\n19 | raise ValueError(\\\"11 digits must start with 1\\\")\\n20 | \\n21 | # if a phone number has an exchange code that starts with 0.\\n22 | raise ValueError(\\\"exchange code cannot start with zero\\\")\\n23 | \\n24 | # if a phone number has an exchange code that starts with 1.\\n25 | raise ValueError(\\\"exchange code cannot start with one\\\")\\n26 | \\n27 | # if a phone number has an area code that starts with 0.\\n28 | raise ValueError(\\\"area code cannot start with zero\\\")\\n29 | \\n30 | # if a phone number has an area code that starts with 1.\\n31 | raise ValueError(\\\"area code cannot start with one\\\")\\n32 | \\n33 | # if a phone number has punctuation in place of some digits.\\n34 | raise ValueError(\\\"punctuations not permitted\\\")\\n35 | \\n36 | # if a phone number has letters in place of some digits.\\n37 | raise ValueError(\\\"letters not permitted\\\")\\n38 | ```\\n39 | \\n\\nLoading...\"}"
}
[2025-04-03T23:20:52.956Z] {
  "ts": 1743722450481,
  "type": "say",
  "say": "text",
  "text": "The append instructions clarify the validation rules and the exact error messages to raise as `ValueError` exceptions for invalid phone numbers. Summary of validation:\n\n- If input contains letters: `\"letters not permitted\"`\n- If input contains punctuation in place of digits: `\"punctuations not permitted\"`\n- After cleaning, if fewer than 10 digits: `\"must not be fewer than 10 digits\"`\n- After cleaning, if more than 11 digits: `\"must not be greater than 11 digits\"`\n- If 11 digits and first is not '1': `\"11 digits must start with 1\"`\n- If 11 digits and first is '1', strip the '1' to get 10 digits\n- Area code cannot start with '0' or '1': errors `\"area code cannot start with zero\"` or `\"area code cannot start with one\"`\n- Exchange code cannot start with '0' or '1': errors `\"exchange code cannot start with zero\"` or `\"exchange code cannot start with one\"`\n\nNext, I will inspect the implementation stub in `phone_number.py` to see the starting point for the solution.",
  "partial": false
}
[2025-04-03T23:20:52.956Z] {
  "ts": 1743722450481,
  "type": "say",
  "say": "text",
  "text": "The append instructions clarify the validation rules and the exact error messages to raise as `ValueError` exceptions for invalid phone numbers. Summary of validation:\n\n- If input contains letters: `\"letters not permitted\"`\n- If input contains punctuation in place of digits: `\"punctuations not permitted\"`\n- After cleaning, if fewer than 10 digits: `\"must not be fewer than 10 digits\"`\n- After cleaning, if more than 11 digits: `\"must not be greater than 11 digits\"`\n- If 11 digits and first is not '1': `\"11 digits must start with 1\"`\n- If 11 digits and first is '1', strip the '1' to get 10 digits\n- Area code cannot start with '0' or '1': errors `\"area code cannot start with zero\"` or `\"area code cannot start with one\"`\n- Exchange code cannot start with '0' or '1': errors `\"exchange code cannot start with zero\"` or `\"exchange code cannot start with one\"`\n\nNext, I will inspect the implementation stub in `phone_number.py` to see the starting point for the solution.",
  "partial": false
}
[2025-04-03T23:20:52.985Z] {
  "ts": 1743722450481,
  "type": "say",
  "say": "text",
  "text": "The append instructions clarify the validation rules and the exact error messages to raise as `ValueError` exceptions for invalid phone numbers. Summary of validation:\n\n- If input contains letters: `\"letters not permitted\"`\n- If input contains punctuation in place of digits: `\"punctuations not permitted\"`\n- After cleaning, if fewer than 10 digits: `\"must not be fewer than 10 digits\"`\n- After cleaning, if more than 11 digits: `\"must not be greater than 11 digits\"`\n- If 11 digits and first is not '1': `\"11 digits must start with 1\"`\n- If 11 digits and first is '1', strip the '1' to get 10 digits\n- Area code cannot start with '0' or '1': errors `\"area code cannot start with zero\"` or `\"area code cannot start with one\"`\n- Exchange code cannot start with '0' or '1': errors `\"exchange code cannot start with zero\"` or `\"exchange code cannot start with one\"`\n\nNext, I will inspect the implementation stub in `phone_number.py` to see the starting point for the solution.",
  "partial": false
}
[2025-04-03T23:20:53.122Z] {
  "ts": 1743722452987,
  "type": "ask",
  "ask": "tool",
  "text": "{\"tool\":\"readFile\",\"path\":\"phone_number.py\",\"isOutsideWorkspace\":false,\"content\":\"/Users/cte/Documents/evals/python/phone-number/phone_number.py\",\"reason\":\" (max 500 lines)\"}",
  "partial": false
}
[2025-04-03T23:20:53.343Z] {
  "ts": 1743722453326,
  "type": "say",
  "say": "api_req_started",
  "text": "{\"request\":\"[read_file for 'phone_number.py'] Result:\\n\\n1 | class PhoneNumber:\\n2 |     def __init__(self, number):\\n3 |         pass\\n4 | \\n\\nLoading...\"}"
}
[2025-04-03T23:20:57.925Z] {
  "ts": 1743722456626,
  "type": "say",
  "say": "text",
  "text": "The `PhoneNumber` class is stubbed with an empty `__init__` method. Based on the instructions, the implementation should:\n\n- Clean the input number by removing spaces, punctuation, and country code if valid\n- Validate the cleaned number according to the detailed rules\n- Raise `ValueError` with specific messages on invalid input\n- Store the cleaned 10-digit number as an attribute, likely `self.number`\n\nI will implement the complete logic inside the `__init__` method, following the validation order and error messages exactly as specified.",
  "partial": false
}
[2025-04-03T23:21:00.893Z] {
  "ts": 1743722457928,
  "type": "ask",
  "ask": "tool",
  "text": "{\"tool\":\"appliedDiff\",\"path\":\"phone_number.py\",\"diff\":\"<<<<<<< SEARCH\\n:start_line:1\\n:end_line:3\\n-------\\nclass PhoneNumber:\\n    def __init__(self, number):\\n        pass\\n=======\\nclass PhoneNumber:\\n    def __init__(self, number):\\n        # Check for letters\\n        if any(c.isalpha() for c in number):\\n            raise ValueError(\\\"letters not permitted\\\")\\n        # Check for invalid punctuation (non-digit, non-space, non-()+-.)\\n        allowed_punct = set(\\\"0123456789 ()-+.\\\")\\n        if any(not c.isdigit() and c not in allowed_punct for c in number):\\n            raise ValueError(\\\"punctuations not permitted\\\")\\n\\n        # Remove all non-digit characters\\n        digits = ''.join(filter(str.isdigit, number))\\n\\n        # Length checks\\n        if len(digits) < 10:\\n            raise ValueError(\\\"must not be fewer than 10 digits\\\")\\n        if len(digits) > 11:\\n            raise ValueError(\\\"must not be greater than 11 digits\\\")\\n        if len(digits) == 11:\\n            if digits[0] != '1':\\n                raise ValueError(\\\"11 digits must start with 1\\\")\\n            digits = digits[1:]\\n\\n        # Area code checks\\n        if digits[0] == '0':\\n            raise ValueError(\\\"area code cannot start with zero\\\")\\n        if digits[0] == '1':\\n            raise ValueError(\\\"area code cannot start with one\\\")\\n\\n        # Exchange code checks\\n        if digits[3] == '0':\\n            raise ValueError(\\\"exchange code cannot start with zero\\\")\\n        if digits[3] == '1':\\n            raise ValueError(\\\"exchange code cannot start with one\\\")\\n\\n        self.number = digits\\n>>>>>>> REPLACE\"}",
  "partial": false,
  "progressStatus": {
    "icon": "diff-multiple",
    "text": "1"
  }
}
[2025-04-03T23:21:01.790Z] {
  "ts": 1743722461756,
  "type": "say",
  "say": "api_req_started",
  "text": "{\"request\":\"[apply_diff for 'phone_number.py'] Result:\\n\\nChanges successfully applied to phone_number.py:\\n\\n\\n\\n\\nLoading...\"}"
}
[2025-04-03T23:21:06.906Z] {
  "ts": 1743722466183,
  "type": "say",
  "say": "text",
  "text": "The implementation for the `PhoneNumber` class constructor is complete, following all validation rules and error messages as specified.\n\nNext, I need to run the tests to verify that the implementation passes all test cases. According to the initial instructions, the command to run the tests is:\n\n`uv run python3 -m pytest -o markers=task [name]_test.py`\n\nThe test file in this directory is `phone_number_test.py`, so I will substitute `[name]_test.py` accordingly.",
  "partial": false
}
[2025-04-03T23:21:06.906Z] {
  "ts": 1743722466183,
  "type": "say",
  "say": "text",
  "text": "The implementation for the `PhoneNumber` class constructor is complete, following all validation rules and error messages as specified.\n\nNext, I need to run the tests to verify that the implementation passes all test cases. According to the initial instructions, the command to run the tests is:\n\n`uv run python3 -m pytest -o markers=task [name]_test.py`\n\nThe test file in this directory is `phone_number_test.py`, so I will substitute `[name]_test.py` accordingly.",
  "partial": false
}
[2025-04-03T23:21:06.917Z] {
  "ts": 1743722466183,
  "type": "say",
  "say": "text",
  "text": "The implementation for the `PhoneNumber` class constructor is complete, following all validation rules and error messages as specified.\n\nNext, I need to run the tests to verify that the implementation passes all test cases. According to the initial instructions, the command to run the tests is:\n\n`uv run python3 -m pytest -o markers=task [name]_test.py`\n\nThe test file in this directory is `phone_number_test.py`, so I will substitute `[name]_test.py` accordingly.",
  "partial": false
}
[2025-04-03T23:21:07.110Z] {
  "ts": 1743722466923,
  "type": "ask",
  "ask": "command",
  "text": "uv run python3 -m pytest -o markers=task phone_number_test.py",
  "partial": false
}
[2025-04-03T23:21:09.863Z] {
  "ts": 1743722469822,
  "type": "ask",
  "ask": "command_output",
  "text": "================================================= test session starts ==================================================\r\nplatform darwin -- Python 3.13.2, pytest-8.3.5, pluggy-1.5.0\r\nrootdir: /Users/cte/Documents/evals/python\r\nconfigfile: pyproject.toml\r\ncollecting ... \rcollected 21 items                                                                                                     \r\n\r\nphone_number_test.py F................FF..                                                                       [100%]\r\n\r\n======================================================= FAILURES =======================================================\r\n____________________________________________ PhoneNumberTest.test_area_code ____________________________________________\r\n\r\nself = <phone_number_test.PhoneNumberTest testMethod=test_area_code>\r\n\r\n    def test_area_code(self):\r\n        number = PhoneNumber(\"2234567890\")\r\n>       self.assertEqual(number.area_code, \"223\")\r\nE       AttributeError: 'PhoneNumber' object has no attribute 'area_code'\r\n\r\nphone_number_test.py:114: AttributeError\r\n__________________________________________ PhoneNumberTest.test_pretty_print ___________________________________________\r\n\r\nself = <phone_number_test.PhoneNumberTest testMethod=test_pretty_print>\r\n\r\n    def test_pretty_print(self):\r\n        number = PhoneNumber(\"2234567890\")\r\n>       self.assertEqual(number.pretty(), \"(223)-456-7890\")\r\nE       AttributeError: 'PhoneNumber' object has no attribute 'pretty'\r\n\r\nphone_number_test.py:118: AttributeError\r\n_____________________________ PhoneNumberTest.test_pretty_print_with_full_us_phone_number ______________________________\r\n\r\nself = <phone_number_test.PhoneNumberTest testMethod=test_pretty_print_with_full_us_phone_number>\r\n\r\n    def test_pretty_print_with_full_us_phone_number(self):\r\n        number = PhoneNumber(\"12234567890\")\r\n>       self.assertEqual(number.pretty(), \"(223)-456-7890\")\r\nE       AttributeError: 'PhoneNumber' object has no attribute 'pretty'\r\n\r\nphone_number_test.py:122: AttributeError\r\n=============================================== short test summary info ================================================\r\nFAILED phone_number_test.py::PhoneNumberTest::test_area_code - AttributeError: 'PhoneNumber' object has no attribute 'area_code'\r\nFAILED phone_number_test.py::PhoneNumberTest::test_pretty_print - AttributeError: 'PhoneNumber' object has no attribute 'pretty'\r\nFAILED phone_number_test.py::PhoneNumberTest::test_pretty_print_with_full_us_phone_number - AttributeError: 'PhoneNumber' object has no attribute 'pretty'\r\n============================================= 3 failed, 18 passed in 0.03s =============================================\r\n"
}
[2025-04-03T23:21:09.863Z] {
  "ts": 1743722469821,
  "type": "ask",
  "ask": "command_output",
  "text": ""
}
[2025-04-03T23:21:09.863Z] {
  "ts": 1743722469822,
  "type": "ask",
  "ask": "command_output",
  "text": "%                                                                                                                       \r \r"
}
[2025-04-03T23:21:09.900Z] {
  "ts": 1743722469883,
  "type": "say",
  "say": "api_req_started",
  "text": "{\"request\":\"[execute_command for 'uv run python3 -m pytest -o markers=task phone_number_test.py'] Result:\\n\\nCommand executed in terminal 1 within working directory '/Users/cte/Documents/evals/python/phone-number'. Command execution was not successful, inspect the cause and adjust as needed.\\nExit code: 1\\nOutput:\\n================================================= test session starts ==================================================\\r\\nplatform darwin -- Python 3.13.2, pytest-8.3.5, pluggy-1.5.0\\r\\nrootdir: /Users/cte/Documents/evals/python\\r\\nconfigfile: pyproject.toml\\r\\ncollecting ... \\rcollected 21 items                                                                                                     \\r\\n\\r\\nphone_number_test.py F................FF..                                                                       [100%]\\r\\n\\r\\n======================================================= FAILURES =======================================================\\r\\n____________________________________________ PhoneNumberTest.test_area_code ____________________________________________\\r\\n\\r\\nself = <phone_number_test.PhoneNumberTest testMethod=test_area_code>\\r\\n\\r\\n    def test_area_code(self):\\r\\n        number = PhoneNumber(\\\"2234567890\\\")\\r\\n>       self.assertEqual(number.area_code, \\\"223\\\")\\r\\nE       AttributeError: 'PhoneNumber' object has no attribute 'area_code'\\r\\n\\r\\nphone_number_test.py:114: AttributeError\\r\\n__________________________________________ PhoneNumberTest.test_pretty_print ___________________________________________\\r\\n\\r\\nself = <phone_number_test.PhoneNumberTest testMethod=test_pretty_print>\\r\\n\\r\\n    def test_pretty_print(self):\\r\\n        number = PhoneNumber(\\\"2234567890\\\")\\r\\n>       self.assertEqual(number.pretty(), \\\"(223)-456-7890\\\")\\r\\nE       AttributeError: 'PhoneNumber' object has no attribute 'pretty'\\r\\n\\r\\nphone_number_test.py:118: AttributeError\\r\\n_____________________________ PhoneNumberTest.test_pretty_print_with_full_us_phone_number ______________________________\\r\\n\\r\\nself = <phone_number_test.PhoneNumberTest testMethod=test_pretty_print_with_full_us_phone_number>\\r\\n\\r\\n    def test_pretty_print_with_full_us_phone_number(self):\\r\\n        number = PhoneNumber(\\\"12234567890\\\")\\r\\n>       self.assertEqual(number.pretty(), \\\"(223)-456-7890\\\")\\r\\nE       AttributeError: 'PhoneNumber' object has no attribute 'pretty'\\r\\n\\r\\nphone_number_test.py:122: AttributeError\\r\\n=============================================== short test summary info ================================================\\r\\nFAILED phone_number_test.py::PhoneNumberTest::test_area_code - AttributeError: 'PhoneNumber' object has no attribute 'area_code'\\r\\nFAILED phone_number_test.py::PhoneNumberTest::test_pretty_print - AttributeError: 'PhoneNumber' object has no attribute 'pretty'\\r\\nFAILED phone_number_test.py::PhoneNumberTest::test_pretty_print_with_full_us_phone_number - AttributeError: 'PhoneNumber' object has no attribute 'pretty'\\r\\n============================================= 3 failed, 18 passed in 0.03s =============================================\\r\\n%                                                                                                                       \\r \\r\\n\\nLoading...\"}"
}
[2025-04-03T23:21:12.410Z] {
  "ts": 1743722471746,
  "type": "say",
  "say": "text",
  "text": "The implementation passes 18 out of 21 tests. The failures are due to missing:\n\n- `area_code` attribute\n- `pretty()` method\n\nTo fix this, I will:\n- Add a property `area_code` that returns the first 3 digits of the cleaned number\n- Add a method `pretty()` that returns the formatted string `\"(XXX)-XXX-XXXX\"`\n\nI will update the `PhoneNumber` class accordingly.",
  "partial": false
}
[2025-04-03T23:21:12.429Z] {
  "ts": 1743722471746,
  "type": "say",
  "say": "text",
  "text": "The implementation passes 18 out of 21 tests. The failures are due to missing:\n\n- `area_code` attribute\n- `pretty()` method\n\nTo fix this, I will:\n- Add a property `area_code` that returns the first 3 digits of the cleaned number\n- Add a method `pretty()` that returns the formatted string `\"(XXX)-XXX-XXXX\"`\n\nI will update the `PhoneNumber` class accordingly.",
  "partial": false
}
[2025-04-03T23:21:16.095Z] {
  "ts": 1743722472432,
  "type": "ask",
  "ask": "tool",
  "text": "{\"tool\":\"appliedDiff\",\"path\":\"phone_number.py\",\"diff\":\"<<<<<<< SEARCH\\n:start_line:1\\n:end_line:22\\n-------\\nclass PhoneNumber:\\n    def __init__(self, number):\\n        # Check for letters\\n        if any(c.isalpha() for c in number):\\n            raise ValueError(\\\"letters not permitted\\\")\\n        # Check for invalid punctuation (non-digit, non-space, non-()+-.)\\n        allowed_punct = set(\\\"0123456789 ()-+.\\\")\\n        if any(not c.isdigit() and c not in allowed_punct for c in number):\\n            raise ValueError(\\\"punctuations not permitted\\\")\\n\\n        # Remove all non-digit characters\\n        digits = ''.join(filter(str.isdigit, number))\\n\\n        # Length checks\\n        if len(digits) < 10:\\n            raise ValueError(\\\"must not be fewer than 10 digits\\\")\\n        if len(digits) > 11:\\n            raise ValueError(\\\"must not be greater than 11 digits\\\")\\n        if len(digits) == 11:\\n            if digits[0] != '1':\\n                raise ValueError(\\\"11 digits must start with 1\\\")\\n            digits = digits[1:]\\n\\n        # Area code checks\\n        if digits[0] == '0':\\n            raise ValueError(\\\"area code cannot start with zero\\\")\\n        if digits[0] == '1':\\n            raise ValueError(\\\"area code cannot start with one\\\")\\n\\n        # Exchange code checks\\n        if digits[3] == '0':\\n            raise ValueError(\\\"exchange code cannot start with zero\\\")\\n        if digits[3] == '1':\\n            raise ValueError(\\\"exchange code cannot start with one\\\")\\n\\n        self.number = digits\\n=======\\nclass PhoneNumber:\\n    def __init__(self, number):\\n        # Check for letters\\n        if any(c.isalpha() for c in number):\\n            raise ValueError(\\\"letters not permitted\\\")\\n        # Check for invalid punctuation (non-digit, non-space, non-()+-.)\\n        allowed_punct = set(\\\"0123456789 ()-+.\\\")\\n        if any(not c.isdigit() and c not in allowed_punct for c in number):\\n            raise ValueError(\\\"punctuations not permitted\\\")\\n\\n        # Remove all non-digit characters\\n        digits = ''.join(filter(str.isdigit, number))\\n\\n        # Length checks\\n        if len(digits) < 10:\\n            raise ValueError(\\\"must not be fewer than 10 digits\\\")\\n        if len(digits) > 11:\\n            raise ValueError(\\\"must not be greater than 11 digits\\\")\\n        if len(digits) == 11:\\n            if digits[0] != '1':\\n                raise ValueError(\\\"11 digits must start with 1\\\")\\n            digits = digits[1:]\\n\\n        # Area code checks\\n        if digits[0] == '0':\\n            raise ValueError(\\\"area code cannot start with zero\\\")\\n        if digits[0] == '1':\\n            raise ValueError(\\\"area code cannot start with one\\\")\\n\\n        # Exchange code checks\\n        if digits[3] == '0':\\n            raise ValueError(\\\"exchange code cannot start with zero\\\")\\n        if digits[3] == '1':\\n            raise ValueError(\\\"exchange code cannot start with one\\\")\\n\\n        self.number = digits\\n\\n    @property\\n    def area_code(self):\\n        return self.number[:3]\\n\\n    def pretty(self):\\n        return f\\\"({self.number[:3]})-{self.number[3:6]}-{self.number[6:]}\\\"\\n>>>>>>> REPLACE\"}",
  "partial": false,
  "progressStatus": {
    "icon": "diff-multiple",
    "text": "1"
  }
}
[2025-04-03T23:21:16.768Z] {
  "ts": 1743722476748,
  "type": "say",
  "say": "api_req_started",
  "text": "{\"request\":\"[apply_diff for 'phone_number.py'] Result:\\n\\nChanges successfully applied to phone_number.py:\\n\\n\\n\\n\\nLoading...\"}"
}
[2025-04-03T23:21:19.189Z] {
  "ts": 1743722478613,
  "type": "say",
  "say": "text",
  "text": "The missing `area_code` property and `pretty()` method have been implemented. Now, I will rerun the test suite to verify that all tests pass with the updated implementation.",
  "partial": false
}
[2025-04-03T23:21:19.189Z] {
  "ts": 1743722478613,
  "type": "say",
  "say": "text",
  "text": "The missing `area_code` property and `pretty()` method have been implemented. Now, I will rerun the test suite to verify that all tests pass with the updated implementation.",
  "partial": false
}
[2025-04-03T23:21:19.203Z] {
  "ts": 1743722478613,
  "type": "say",
  "say": "text",
  "text": "The missing `area_code` property and `pretty()` method have been implemented. Now, I will rerun the test suite to verify that all tests pass with the updated implementation.",
  "partial": false
}
[2025-04-03T23:21:19.490Z] {
  "ts": 1743722479210,
  "type": "ask",
  "ask": "command",
  "text": "uv run python3 -m pytest -o markers=task phone_number_test.py",
  "partial": false
}
[2025-04-03T23:21:19.969Z] {
  "ts": 1743722479947,
  "type": "ask",
  "ask": "command_output",
  "text": "================================================= test session starts ==================================================\r\nplatform darwin -- Python 3.13.2, pytest-8.3.5, pluggy-1.5.0\r\nrootdir: /Users/cte/Documents/evals/python\r\nconfigfile: pyproject.toml\r\ncollecting ... \rcollected 21 items                                                                                                     \r\n\r\nphone_number_test.py .....................                                                                       [100%]\r\n\r\n================================================== 21 passed in 0.02s ==================================================\r\n"
}
[2025-04-03T23:21:19.969Z] {
  "ts": 1743722479947,
  "type": "ask",
  "ask": "command_output",
  "text": "%                                                                                                                       \r \r"
}
[2025-04-03T23:21:19.969Z] {
  "ts": 1743722479947,
  "type": "ask",
  "ask": "command_output",
  "text": ""
}
[2025-04-03T23:21:20.017Z] {
  "ts": 1743722480001,
  "type": "say",
  "say": "api_req_started",
  "text": "{\"request\":\"[execute_command for 'uv run python3 -m pytest -o markers=task phone_number_test.py'] Result:\\n\\nCommand executed in terminal 1 within working directory '/Users/cte/Documents/evals/python/phone-number'. Exit code: 0\\nOutput:\\n================================================= test session starts ==================================================\\r\\nplatform darwin -- Python 3.13.2, pytest-8.3.5, pluggy-1.5.0\\r\\nrootdir: /Users/cte/Documents/evals/python\\r\\nconfigfile: pyproject.toml\\r\\ncollecting ... \\rcollected 21 items                                                                                                     \\r\\n\\r\\nphone_number_test.py .....................                                                                       [100%]\\r\\n\\r\\n================================================== 21 passed in 0.02s ==================================================\\r\\n%                                                                                                                       \\r \\r\\n\\nLoading...\"}"
}
[2025-04-03T23:21:21.743Z] {
  "ts": 1743722481387,
  "type": "say",
  "say": "text",
  "text": "All 21 tests have passed successfully, confirming that the implementation meets the exercise requirements and handles all specified validation cases correctly.",
  "partial": false
}
[2025-04-03T23:21:22.168Z] taskCompleted -> c360258b-81e9-4c90-a2bf-f3073c855f00 | {
  "totalTokensIn": 102528,
  "totalTokensOut": 2335,
  "totalCacheWrites": 0,
  "totalCacheReads": 0,
  "totalCost": 0,
  "contextTokens": 13306
}
[2025-04-03T23:21:22.188Z] {
  "ts": 1743722481749,
  "type": "say",
  "say": "completion_result",
  "text": "The `PhoneNumber` class has been fully implemented according to the exercise instructions. It correctly cleans and validates NANP phone numbers, raises appropriate exceptions with specified messages for invalid inputs, and provides the required `area_code` property and `pretty()` method. All tests in `phone_number_test.py` pass successfully.",
  "partial": false
}
[2025-04-03T23:21:22.200Z] {
  "ts": 1743722482168,
  "type": "ask",
  "ask": "completion_result",
  "text": ""
}
