[2025-04-04T04:45:25.606Z] {
  "ts": 1743741925559,
  "type": "say",
  "say": "text",
  "text": "Your job is to complete a coding exercise described the markdown files inside the `.docs` directory.\n\nA file with the implementation stubbed out has been created for you, along with a test file.\n\nTo successfully complete the exercise, you must pass all the tests in the test file.\n\nTo confirm that your solution is correct, run the tests with `./gradlew test`. Do not alter the test file; it should be run as-is.\n\nDo not use the \"ask_followup_question\" tool.\n"
}
[2025-04-04T04:45:25.653Z] taskStarted -> fe6c4e37-4d43-4d58-85f4-e61cdd1e8b3c
[2025-04-04T04:45:25.687Z] {
  "ts": 1743741925653,
  "type": "say",
  "say": "api_req_started",
  "text": "{\"request\":\"<task>\\nYour job is to complete a coding exercise described the markdown files inside the `.docs` directory.\\n\\nA file with the implementation stubbed out has been created for you, along with a test file.\\n\\nTo successfully complete the exercise, you must pass all the tests in the test file.\\n\\nTo confirm that your solution is correct, run the tests with `./gradlew test`. Do not alter the test file; it should be run as-is.\\n\\nDo not use the \\\"ask_followup_question\\\" tool.\\n\\n</task>\\n\\nLoading...\"}"
}
[2025-04-04T04:45:30.577Z] {
  "ts": 1743741929868,
  "type": "say",
  "say": "text",
  "text": "Okay, I understand the task. I need to implement the `PythagoreanTriplet.java` file based on the requirements described in the `.docs` directory, ensuring all tests in `PythagoreanTripletTest.java` pass when run with `./gradlew test`.\n\nFirst, I need to find the description file. I'll list the files in the `.docs` directory.",
  "partial": false
}
[2025-04-04T04:45:30.696Z] {
  "ts": 1743741930627,
  "type": "ask",
  "ask": "tool",
  "text": "{\"tool\":\"listFilesTopLevel\",\"path\":\".docs\",\"content\":\"instructions.md\"}"
}
[2025-04-04T04:45:30.772Z] {
  "ts": 1743741930741,
  "type": "say",
  "say": "api_req_started",
  "text": "{\"request\":\"[list_files for '.docs'] Result:\\n\\ninstructions.md\\n\\nLoading...\"}"
}
[2025-04-04T04:45:34.713Z] {
  "ts": 1743741934476,
  "type": "say",
  "say": "text",
  "text": "Okay, the instructions are in `.docs/instructions.md`. I'll read that file now.",
  "partial": false
}
[2025-04-04T04:45:34.778Z] {
  "ts": 1743741934733,
  "type": "ask",
  "ask": "tool",
  "text": "{\"tool\":\"readFile\",\"path\":\".docs/instructions.md\",\"isOutsideWorkspace\":false,\"content\":\"/Users/cte/Documents/evals/java/pythagorean-triplet/.docs/instructions.md\",\"reason\":\" (max 500 lines)\"}"
}
[2025-04-04T04:45:34.861Z] {
  "ts": 1743741934830,
  "type": "say",
  "say": "api_req_started",
  "text": "{\"request\":\"[read_file for '.docs/instructions.md'] Result:\\n\\n 1 | # Instructions\\n 2 | \\n 3 | A Pythagorean triplet is a set of three natural numbers, {a, b, c}, for which,\\n 4 | \\n 5 | ```text\\n 6 | a² + b² = c²\\n 7 | ```\\n 8 | \\n 9 | and such that,\\n10 | \\n11 | ```text\\n12 | a < b < c\\n13 | ```\\n14 | \\n15 | For example,\\n16 | \\n17 | ```text\\n18 | 3² + 4² = 5².\\n19 | ```\\n20 | \\n21 | Given an input integer N, find all Pythagorean triplets for which `a + b + c = N`.\\n22 | \\n23 | For example, with N = 1000, there is exactly one Pythagorean triplet for which `a + b + c = 1000`: `{200, 375, 425}`.\\n24 | \\n\\nLoading...\"}"
}
[2025-04-04T04:45:38.472Z] {
  "ts": 1743741938129,
  "type": "say",
  "say": "text",
  "text": "Okay, I have the requirements. Now I need to see the structure of the `PythagoreanTriplet.java` file to implement the logic.",
  "partial": false
}
[2025-04-04T04:45:38.586Z] {
  "ts": 1743741938543,
  "type": "ask",
  "ask": "tool",
  "text": "{\"tool\":\"readFile\",\"path\":\"src/main/java/PythagoreanTriplet.java\",\"isOutsideWorkspace\":false,\"content\":\"/Users/cte/Documents/evals/java/pythagorean-triplet/src/main/java/PythagoreanTriplet.java\",\"reason\":\" (max 500 lines)\"}"
}
[2025-04-04T04:45:38.680Z] {
  "ts": 1743741938648,
  "type": "say",
  "say": "api_req_started",
  "text": "{\"request\":\"[read_file for 'src/main/java/PythagoreanTriplet.java'] Result:\\n\\n 1 | import java.util.List;\\n 2 | \\n 3 | class PythagoreanTriplet {\\n 4 | \\n 5 |     PythagoreanTriplet(int a, int b, int c) {\\n 6 |         throw new UnsupportedOperationException(\\\"Delete this statement and write your own implementation.\\\");\\n 7 |     }\\n 8 | \\n 9 |     static TripletListBuilder makeTripletsList() {\\n10 |         throw new UnsupportedOperationException(\\\"Delete this statement and write your own implementation.\\\");\\n11 |     }\\n12 | \\n13 |     static class TripletListBuilder {\\n14 | \\n15 |         TripletListBuilder thatSumTo(int sum) {\\n16 |             throw new UnsupportedOperationException(\\\"Delete this statement and write your own implementation.\\\");\\n17 |         }\\n18 | \\n19 |         TripletListBuilder withFactorsLessThanOrEqualTo(int maxFactor) {\\n20 |             throw new UnsupportedOperationException(\\\"Delete this statement and write your own implementation.\\\");\\n21 |         }\\n22 | \\n23 |         List<PythagoreanTriplet> build() {\\n24 |             throw new UnsupportedOperationException(\\\"Delete this statement and write your own implementation.\\\");\\n25 |         }\\n26 | \\n27 |     }\\n28 | \\n29 | }\\n\\nLoading...\"}"
}
[2025-04-04T04:45:57.826Z] {
  "ts": 1743741955408,
  "type": "say",
  "say": "text",
  "text": "Okay, I'll implement the logic based on the instructions and the provided stub.\n\nHere's the plan:\n1.  Implement the `PythagoreanTriplet` constructor to store `a`, `b`, and `c`. Add `equals` and `hashCode` methods for proper comparison in the list and tests.\n2.  Implement the `TripletListBuilder` class:\n    *   Store the `sum` and `maxFactor` (defaulting `maxFactor` perhaps to `sum`).\n    *   Implement `thatSumTo` and `withFactorsLessThanOrEqualTo` to set these values.\n    *   Implement the `build` method to find triplets:\n        *   Iterate through possible `a` and `b` values, ensuring `a < b`.\n        *   Calculate `c = sum - a - b`.\n        *   Check the conditions: `a < b < c`, `a² + b² = c²`, and `c <= maxFactor`.\n        *   Add valid triplets to a list.\n        *   Return the list.\n\nI will now write the complete implementation for `PythagoreanTriplet.java`.",
  "partial": false
}
[2025-04-04T04:46:06.181Z] {
  "ts": 1743741957883,
  "type": "ask",
  "ask": "tool",
  "text": "{\"tool\":\"editedExistingFile\",\"path\":\"src/main/java/PythagoreanTriplet.java\",\"isOutsideWorkspace\":false,\"diff\":\"@@ -1,29 +1,83 @@\\n+import java.util.ArrayList;\\n import java.util.List;\\n+import java.util.Objects;\\n \\n class PythagoreanTriplet {\\n+    private final int a;\\n+    private final int b;\\n+    private final int c;\\n \\n     PythagoreanTriplet(int a, int b, int c) {\\n-        throw new UnsupportedOperationException(\\\"Delete this statement and write your own implementation.\\\");\\n+        this.a = a;\\n+        this.b = b;\\n+        this.c = c;\\n     }\\n \\n+    // Getters might be useful for testing or inspection, but not strictly required by the problem description.\\n+    // Let's add them just in case.\\n+    public int getA() { return a; }\\n+    public int getB() { return b; }\\n+    public int getC() { return c; }\\n+\\n+\\n+    @Override\\n+    public boolean equals(Object o) {\\n+        if (this == o) return true;\\n+        if (o == null || getClass() != o.getClass()) return false;\\n+        PythagoreanTriplet that = (PythagoreanTriplet) o;\\n+        return a == that.a && b == that.b && c == that.c;\\n+    }\\n+\\n+    @Override\\n+    public int hashCode() {\\n+        return Objects.hash(a, b, c);\\n+    }\\n+\\n     static TripletListBuilder makeTripletsList() {\\n-        throw new UnsupportedOperationException(\\\"Delete this statement and write your own implementation.\\\");\\n+        return new TripletListBuilder();\\n     }\\n \\n     static class TripletListBuilder {\\n+        private int sum;\\n+        // Default maxFactor to a value that likely won't restrict unless explicitly set.\\n+        // Using sum/2 since c must be less than sum/2 for a valid triplet where a+b+c=sum and a<b<c.\\n+        // However, the problem asks for factors less than or equal to maxFactor.\\n+        // Let's default it higher, maybe Integer.MAX_VALUE, or just the sum itself.\\n+        // Let's start with sum as the default upper bound for c.\\n+        private int maxFactor = Integer.MAX_VALUE; // Default to no upper limit unless specified\\n \\n         TripletListBuilder thatSumTo(int sum) {\\n-            throw new UnsupportedOperationException(\\\"Delete this statement and write your own implementation.\\\");\\n+            this.sum = sum;\\n+            // If maxFactor hasn't been explicitly set, maybe default it based on sum?\\n+            // Let's keep the default as MAX_VALUE unless withFactorsLessThanOrEqualTo is called.\\n+            return this;\\n         }\\n \\n         TripletListBuilder withFactorsLessThanOrEqualTo(int maxFactor) {\\n-            throw new UnsupportedOperationException(\\\"Delete this statement and write your own implementation.\\\");\\n+            this.maxFactor = maxFactor;\\n+            return this;\\n         }\\n \\n         List<PythagoreanTriplet> build() {\\n-            throw new UnsupportedOperationException(\\\"Delete this statement and write your own implementation.\\\");\\n+            List<PythagoreanTriplet> triplets = new ArrayList<>();\\n+            // Iterate through possible values for a and b.\\n+            // a must be less than sum / 3\\n+            for (int a = 1; a < sum / 3; a++) {\\n+                // b must be greater than a and less than sum / 2\\n+                // Also, b must be less than c => b < sum - a - b => 2b < sum - a => b < (sum - a) / 2\\n+                for (int b = a + 1; b < (sum - a) / 2; b++) {\\n+                    int c = sum - a - b;\\n+\\n+                    // Check Pythagorean condition and maxFactor constraint (only need to check c)\\n+                    if (a * a + b * b == c * c) {\\n+                         // Check if c is within the maxFactor limit. Since a < b < c, only c needs checking.\\n+                        if (c <= this.maxFactor) {\\n+                             triplets.add(new PythagoreanTriplet(a, b, c));\\n+                        }\\n+                    }\\n+                }\\n+            }\\n+            return triplets;\\n         }\\n-\\n     }\\n-\\n }\\n\\\\ No newline at end of file\\n\"}",
  "partial": false
}
[2025-04-04T04:46:06.786Z] {
  "ts": 1743741966743,
  "type": "say",
  "say": "api_req_started",
  "text": "{\"request\":\"[write_to_file for 'src/main/java/PythagoreanTriplet.java'] Result:\\n\\nThe content was successfully saved to src/main/java/PythagoreanTriplet.java.\\n\\nLoading...\"}"
}
[2025-04-04T04:46:09.526Z] {
  "ts": 1743741968997,
  "type": "say",
  "say": "text",
  "text": "Okay, the implementation has been written to `src/main/java/PythagoreanTriplet.java`.\n\nNow I will run the tests using the specified command to check if the implementation is correct.",
  "partial": false
}
[2025-04-04T04:46:09.604Z] {
  "ts": 1743741969562,
  "type": "ask",
  "ask": "command",
  "text": "./gradlew test"
}
[2025-04-04T04:46:11.667Z] {
  "ts": 1743741971633,
  "type": "ask",
  "ask": "command_output",
  "text": ""
}
[2025-04-04T04:46:12.710Z] {
  "ts": 1743741972638,
  "type": "ask",
  "ask": "command_output",
  "text": "\r\n\r\n<=====--------> 42% EXECUTING [81ms]> :compileTestJava<===========--> 85% EXECUTING [178ms]> :test > 0 tests completed<===========--> 85% EXECUTING [278ms]<===========--> 85% EXECUTING [378ms]\r\n<===========--> 85% EXECUTING [477ms]> :test > 8 tests completed, 2 failed> :test > Executing test PythagoreanTripletTest\r\n> Task :test FAILED\r\n\r\nPythagoreanTripletTest > tripletsWhoseSumIs840WithFactorsLessThanOrEqualTo370() PASSED\r\n\r\nPythagoreanTripletTest > tripletsWhoseSumIs1000() PASSED\r\n\r\nPythagoreanTripletTest > tripletsWhoseSumIs1001() PASSED\r\n\r\nPythagoreanTripletTest > tripletsWhoseSumIs108() PASSED\r\n\r\nPythagoreanTripletTest > tripletsWhoseSumIs840() PASSED\r\n\r\nPythagoreanTripletTest > tripletsWhoseSumIs12() FAILED\r\n    org.opentest4j.AssertionFailedError: \r\n    expected: [PythagoreanTriplet@8023]\r\n     but was: []\r\n        at java.base@17.0.14/jdk.internal.reflect.NativeConstructorAccessorImpl.newInstance0(Native Method)\r\n        at java.base@17.0.14/jdk.internal.reflect.NativeConstructorAccessorImpl.newInstance(NativeConstructorAccessorImpl.java:77)\r\n        at java.base@17.0.14/jdk.internal.reflect.DelegatingConstructorAccessorImpl.newInstance(DelegatingConstructorAccessorImpl.java:45)\r\n        at java.base@17.0.14/java.lang.reflect.Constructor.newInstanceWithCaller(Constructor.java:500)\r\n        at app//PythagoreanTripletTest.tripletsWhoseSumIs12(PythagoreanTripletTest.java:21)\r\n\r\nPythagoreanTripletTest > tripletsWhoseSumIs90() FAILED\r\n    org.opentest4j.AssertionFailedError: \r\n    expected: [PythagoreanTriplet@9b29, PythagoreanTriplet@b131]\r\n     but was: [PythagoreanTriplet@b131]\r\n        at java.base@17.0.14/jdk.internal.reflect.NativeConstructorAccessorImpl.newInstance0(Native Method)\r\n        at java.base@17.0.14/jdk.internal.reflect.NativeConstructorAccessorImpl.newInstance(NativeConstructorAccessorImpl.java:77)\r\n        at java.base@17.0.14/jdk.internal.reflect.DelegatingConstructorAccessorImpl.newInstance(DelegatingConstructorAccessorImpl.java:45)\r\n        at java.base@17.0.14/java.lang.reflect.Constructor.newInstanceWithCaller(Constructor.java:500)\r\n        at app//PythagoreanTripletTest.tripletsWhoseSumIs90(PythagoreanTripletTest.java:71)\r\n\r\nPythagoreanTripletTest > tripletsWhoseSumIs30000WithFactorsLessThanOrEqualTo12500() PASSED\r\n\r\nPythagoreanTripletTest > tripletsWhoseSumIs30000() PASSED\r\n\r\n9 tests completed, 2 failed\r\n\r\nFAILURE: Build failed with an exception.\r\n\r\n* What went wrong:\r\nExecution failed for task ':test'.\r\n> There were failing tests. See the report at: file:///Users/cte/Documents/evals/java/pythagorean-triplet/build/reports/tests/test/index.html\r\n\r\n* Try:\r\n> Run with --scan to get full insights.\r\n\r\nDeprecated Gradle features were used in this build, making it incompatible with Gradle 9.0.\r\n\r\nYou can use '--warning-mode all' to show the individual deprecation warnings and determine if they come from your own scripts or plugins.\r\n\r\nFor more on this, please refer to https://docs.gradle.org/8.7/userguide/command_line_interface.html#sec:command_line_warnings in the Gradle documentation.\r\n\r\nBUILD FAILED in 858ms\r\n3 actionable tasks: 3 executed\r\n\r\n\r\n\r\n"
}
[2025-04-04T04:46:12.866Z] {
  "ts": 1743741972789,
  "type": "ask",
  "ask": "command_output",
  "text": "<-------------> 0% WAITING> :test > 8 tests completed, 2 failed> :test > Executing test PythagoreanTripletTest> IDLE> IDLE%                                                                                    \r \r"
}
[2025-04-04T04:46:12.931Z] {
  "ts": 1743741972849,
  "type": "say",
  "say": "api_req_started",
  "text": "{\"request\":\"[execute_command for './gradlew test'] Result:\\n\\nCommand executed in terminal 1 within working directory '/Users/cte/Documents/evals/java/pythagorean-triplet'. Command execution was not successful, inspect the cause and adjust as needed.\\nExit code: 1\\nOutput:\\n\\r\\n\\r\\n<=====--------> 42% EXECUTING [81ms]> :compileTestJava<===========--> 85% EXECUTING [178ms]> :test > 0 tests completed<===========--> 85% EXECUTING [278ms]<===========--> 85% EXECUTING [378ms]\\r\\n<===========--> 85% EXECUTING [477ms]> :test > 8 tests completed, 2 failed> :test > Executing test PythagoreanTripletTest\\r\\n> Task :test FAILED\\r\\n\\r\\nPythagoreanTripletTest > tripletsWhoseSumIs840WithFactorsLessThanOrEqualTo370() PASSED\\r\\n\\r\\nPythagoreanTripletTest > tripletsWhoseSumIs1000() PASSED\\r\\n\\r\\nPythagoreanTripletTest > tripletsWhoseSumIs1001() PASSED\\r\\n\\r\\nPythagoreanTripletTest > tripletsWhoseSumIs108() PASSED\\r\\n\\r\\nPythagoreanTripletTest > tripletsWhoseSumIs840() PASSED\\r\\n\\r\\nPythagoreanTripletTest > tripletsWhoseSumIs12() FAILED\\r\\n    org.opentest4j.AssertionFailedError: \\r\\n    expected: [PythagoreanTriplet@8023]\\r\\n     but was: []\\r\\n        at java.base@17.0.14/jdk.internal.reflect.NativeConstructorAccessorImpl.newInstance0(Native Method)\\r\\n        at java.base@17.0.14/jdk.internal.reflect.NativeConstructorAccessorImpl.newInstance(NativeConstructorAccessorImpl.java:77)\\r\\n        at java.base@17.0.14/jdk.internal.reflect.DelegatingConstructorAccessorImpl.newInstance(DelegatingConstructorAccessorImpl.java:45)\\r\\n        at java.base@17.0.14/java.lang.reflect.Constructor.newInstanceWithCaller(Constructor.java:500)\\r\\n        at app//PythagoreanTripletTest.tripletsWhoseSumIs12(PythagoreanTripletTest.java:21)\\r\\n\\r\\nPythagoreanTripletTest > tripletsWhoseSumIs90() FAILED\\r\\n    org.opentest4j.AssertionFailedError: \\r\\n    expected: [PythagoreanTriplet@9b29, PythagoreanTriplet@b131]\\r\\n     but was: [PythagoreanTriplet@b131]\\r\\n        at java.base@17.0.14/jdk.internal.reflect.NativeConstructorAccessorImpl.newInstance0(Native Method)\\r\\n        at java.base@17.0.14/jdk.internal.reflect.NativeConstructorAccessorImpl.newInstance(NativeConstructorAccessorImpl.java:77)\\r\\n        at java.base@17.0.14/jdk.internal.reflect.DelegatingConstructorAccessorImpl.newInstance(DelegatingConstructorAccessorImpl.java:45)\\r\\n        at java.base@17.0.14/java.lang.reflect.Constructor.newInstanceWithCaller(Constructor.java:500)\\r\\n        at app//PythagoreanTripletTest.tripletsWhoseSumIs90(PythagoreanTripletTest.java:71)\\r\\n\\r\\nPythagoreanTripletTest > tripletsWhoseSumIs30000WithFactorsLessThanOrEqualTo12500() PASSED\\r\\n\\r\\nPythagoreanTripletTest > tripletsWhoseSumIs30000() PASSED\\r\\n\\r\\n9 tests completed, 2 failed\\r\\n\\r\\nFAILURE: Build failed with an exception.\\r\\n\\r\\n* What went wrong:\\r\\nExecution failed for task ':test'.\\r\\n> There were failing tests. See the report at: file:///Users/cte/Documents/evals/java/pythagorean-triplet/build/reports/tests/test/index.html\\r\\n\\r\\n* Try:\\r\\n> Run with --scan to get full insights.\\r\\n\\r\\nDeprecated Gradle features were used in this build, making it incompatible with Gradle 9.0.\\r\\n\\r\\nYou can use '--warning-mode all' to show the individual deprecation warnings and determine if they come from your own scripts or plugins.\\r\\n\\r\\nFor more on this, please refer to https://docs.gradle.org/8.7/userguide/command_line_interface.html#sec:command_line_warnings in the Gradle documentation.\\r\\n\\r\\nBUILD FAILED in 858ms\\r\\n3 actionable tasks: 3 executed\\r\\n\\r\\n\\r\\n\\r\\n<-------------> 0% WAITING> :test > 8 tests completed, 2 failed> :test > Executing test PythagoreanTripletTest> IDLE> IDLE%                                                                                    \\r \\r\\n\\nLoading...\"}"
}
[2025-04-04T04:46:35.554Z] {
  "ts": 1743741991281,
  "type": "say",
  "say": "text",
  "text": "The tests failed because the loop bounds were slightly off due to integer division, causing some valid triplets to be missed.\n\nSpecifically, the inner loop condition `b < (sum - a) / 2` incorrectly excluded the case where `b` should equal the result of the integer division `(sum - a) / 2` when `sum - a` was odd.\n\nI will adjust the inner loop to iterate up to `sum / 2` and add an explicit check `b < c` inside the loop.\n\nHere's the corrected `build` method:\n\n```java\n        List<PythagoreanTriplet> build() {\n            List<PythagoreanTriplet> triplets = new ArrayList<>();\n            // Iterate through possible values for a and b.\n            // a must be less than sum / 3 because a < b < c and a + b + c = sum => 3a < a + b + c = sum\n            for (int a = 1; a < sum / 3; a++) {\n                // b must be greater than a.\n                // Also, b < c => b < sum - a - b => 2b < sum - a => b < (sum - a) / 2\n                // We iterate b up to sum/2 and check b < c inside.\n                // Upper bound for b can be optimized slightly, but sum/2 is safe.\n                for (int b = a + 1; b < sum / 2; b++) { // Iterate b up towards sum/2\n                    int c = sum - a - b;\n\n                    // Ensure b < c before checking the Pythagorean condition\n                    if (b < c) {\n                        // Check Pythagorean condition and maxFactor constraint (only need to check c)\n                        if (a * a + b * b == c * c) {\n                             // Check if c is within the maxFactor limit. Since a < b < c, only c needs checking.\n                            if (c <= this.maxFactor) {\n                                 triplets.add(new PythagoreanTriplet(a, b, c));\n                            }\n                        }\n                    }\n                }\n            }\n            return triplets;\n        }\n```\n\nI will now apply this change using `apply_diff`.",
  "partial": false
}
[2025-04-04T04:46:41.129Z] {
  "ts": 1743741995560,
  "type": "ask",
  "ask": "tool",
  "text": "{\"tool\":\"appliedDiff\",\"path\":\"src/main/java/PythagoreanTriplet.java\",\"diff\":\"<<<<<<< SEARCH\\n:start_line:62\\n:end_line:76\\n-------\\n            List<PythagoreanTriplet> triplets = new ArrayList<>();\\n            // Iterate through possible values for a and b.\\n            // a must be less than sum / 3\\n            for (int a = 1; a < sum / 3; a++) {\\n                // b must be greater than a and less than sum / 2\\n                // Also, b must be less than c => b < sum - a - b => 2b < sum - a => b < (sum - a) / 2\\n                for (int b = a + 1; b < (sum - a) / 2; b++) {\\n                    int c = sum - a - b;\\n\\n                    // Check Pythagorean condition and maxFactor constraint (only need to check c)\\n                    if (a * a + b * b == c * c) {\\n                         // Check if c is within the maxFactor limit. Since a < b < c, only c needs checking.\\n                        if (c <= this.maxFactor) {\\n                             triplets.add(new PythagoreanTriplet(a, b, c));\\n                        }\\n=======\\n            List<PythagoreanTriplet> triplets = new ArrayList<>();\\n            // Iterate through possible values for a and b.\\n            // a must be less than sum / 3 because a < b < c and a + b + c = sum => 3a < a + b + c = sum\\n            for (int a = 1; a < sum / 3; a++) {\\n                // b must be greater than a.\\n                // Also, b < c => b < sum - a - b => 2b < sum - a => b < (sum - a) / 2\\n                // We iterate b up to sum/2 and add an explicit check b < c inside.\\n                for (int b = a + 1; b < sum / 2; b++) { // Iterate b up towards sum/2\\n                    int c = sum - a - b;\\n\\n                    // Ensure b < c before checking the Pythagorean condition\\n                    if (b < c) {\\n                        // Check Pythagorean condition and maxFactor constraint (only need to check c)\\n                        if (a * a + b * b == c * c) {\\n                             // Check if c is within the maxFactor limit. Since a < b < c, only c needs checking.\\n                            if (c <= this.maxFactor) {\\n                                 triplets.add(new PythagoreanTriplet(a, b, c));\\n                            }\\n                        }\\n>>>>>>> REPLACE\"}",
  "partial": false,
  "progressStatus": {
    "icon": "diff-multiple",
    "text": "1"
  }
}
[2025-04-04T04:46:41.959Z] {
  "ts": 1743742001925,
  "type": "say",
  "say": "api_req_started",
  "text": "{\"request\":\"[apply_diff for 'src/main/java/PythagoreanTriplet.java'] Result:\\n\\nChanges successfully applied to src/main/java/PythagoreanTriplet.java:\\n\\n\\n\\n\\nLoading...\"}"
}
[2025-04-04T04:46:44.935Z] {
  "ts": 1743742004398,
  "type": "say",
  "say": "text",
  "text": "Okay, the changes have been applied. I'll run the tests again to see if the issue is resolved.",
  "partial": false
}
[2025-04-04T04:46:45.038Z] {
  "ts": 1743742004949,
  "type": "ask",
  "ask": "command",
  "text": "./gradlew test"
}
[2025-04-04T04:46:45.698Z] {
  "ts": 1743742005657,
  "type": "ask",
  "ask": "command_output",
  "text": ""
}
[2025-04-04T04:46:45.698Z] {
  "ts": 1743742005658,
  "type": "ask",
  "ask": "command_output",
  "text": "\r\n"
}
[2025-04-04T04:46:46.493Z] {
  "ts": 1743742006451,
  "type": "ask",
  "ask": "command_output",
  "text": "\r\n<===========--> 85% EXECUTING [102ms]> :test > 0 tests completed<===========--> 85% EXECUTING [206ms]<===========--> 85% EXECUTING [306ms]\r\n<===========--> 85% EXECUTING [403ms]> :test > 5 tests completed> :test > Executing test PythagoreanTripletTest<===========--> 85% EXECUTING [506ms]> :test > 8 tests completed\r\n> Task :test\r\n\r\nPythagoreanTripletTest > tripletsWhoseSumIs840WithFactorsLessThanOrEqualTo370() PASSED\r\n\r\nPythagoreanTripletTest > tripletsWhoseSumIs1000() PASSED\r\n\r\nPythagoreanTripletTest > tripletsWhoseSumIs1001() PASSED\r\n\r\nPythagoreanTripletTest > tripletsWhoseSumIs108() PASSED\r\n\r\nPythagoreanTripletTest > tripletsWhoseSumIs840() PASSED\r\n\r\nPythagoreanTripletTest > tripletsWhoseSumIs12() PASSED\r\n\r\nPythagoreanTripletTest > tripletsWhoseSumIs90() PASSED\r\n\r\nPythagoreanTripletTest > tripletsWhoseSumIs30000WithFactorsLessThanOrEqualTo12500() PASSED\r\n\r\nPythagoreanTripletTest > tripletsWhoseSumIs30000() PASSED\r\n\r\nDeprecated Gradle features were used in this build, making it incompatible with Gradle 9.0.\r\n\r\nYou can use '--warning-mode all' to show the individual deprecation warnings and determine if they come from your own scripts or plugins.\r\n\r\nFor more on this, please refer to https://docs.gradle.org/8.7/userguide/command_line_interface.html#sec:command_line_warnings in the Gradle documentation.\r\n\r\nBUILD SUCCESSFUL in 819ms\r\n3 actionable tasks: 2 executed, 1 up-to-date\r\n\r\n\r\n\r\n"
}
[2025-04-04T04:46:46.493Z] {
  "ts": 1743742006452,
  "type": "ask",
  "ask": "command_output",
  "text": "<-------------> 0% WAITING> :test > 8 tests completed> :test > Executing test PythagoreanTripletTest%                                                                                    \r \r"
}
[2025-04-04T04:46:46.561Z] {
  "ts": 1743742006516,
  "type": "say",
  "say": "api_req_started",
  "text": "{\"request\":\"[execute_command for './gradlew test'] Result:\\n\\nCommand executed in terminal 1 within working directory '/Users/cte/Documents/evals/java/pythagorean-triplet'. Exit code: 0\\nOutput:\\n\\r\\n\\r\\n<===========--> 85% EXECUTING [102ms]> :test > 0 tests completed<===========--> 85% EXECUTING [206ms]<===========--> 85% EXECUTING [306ms]\\r\\n<===========--> 85% EXECUTING [403ms]> :test > 5 tests completed> :test > Executing test PythagoreanTripletTest<===========--> 85% EXECUTING [506ms]> :test > 8 tests completed\\r\\n> Task :test\\r\\n\\r\\nPythagoreanTripletTest > tripletsWhoseSumIs840WithFactorsLessThanOrEqualTo370() PASSED\\r\\n\\r\\nPythagoreanTripletTest > tripletsWhoseSumIs1000() PASSED\\r\\n\\r\\nPythagoreanTripletTest > tripletsWhoseSumIs1001() PASSED\\r\\n\\r\\nPythagoreanTripletTest > tripletsWhoseSumIs108() PASSED\\r\\n\\r\\nPythagoreanTripletTest > tripletsWhoseSumIs840() PASSED\\r\\n\\r\\nPythagoreanTripletTest > tripletsWhoseSumIs12() PASSED\\r\\n\\r\\nPythagoreanTripletTest > tripletsWhoseSumIs90() PASSED\\r\\n\\r\\nPythagoreanTripletTest > tripletsWhoseSumIs30000WithFactorsLessThanOrEqualTo12500() PASSED\\r\\n\\r\\nPythagoreanTripletTest > tripletsWhoseSumIs30000() PASSED\\r\\n\\r\\nDeprecated Gradle features were used in this build, making it incompatible with Gradle 9.0.\\r\\n\\r\\nYou can use '--warning-mode all' to show the individual deprecation warnings and determine if they come from your own scripts or plugins.\\r\\n\\r\\nFor more on this, please refer to https://docs.gradle.org/8.7/userguide/command_line_interface.html#sec:command_line_warnings in the Gradle documentation.\\r\\n\\r\\nBUILD SUCCESSFUL in 819ms\\r\\n3 actionable tasks: 2 executed, 1 up-to-date\\r\\n\\r\\n\\r\\n\\r\\n<-------------> 0% WAITING> :test > 8 tests completed> :test > Executing test PythagoreanTripletTest%                                                                                    \\r \\r\\n\\nLoading...\"}"
}
[2025-04-04T04:46:50.269Z] {
  "ts": 1743742010003,
  "type": "say",
  "say": "text",
  "text": "All tests passed successfully. The implementation in `src/main/java/PythagoreanTriplet.java` correctly finds Pythagorean triplets according to the specified conditions.",
  "partial": false
}
[2025-04-04T04:46:50.844Z] taskCompleted -> fe6c4e37-4d43-4d58-85f4-e61cdd1e8b3c | {
  "totalTokensIn": 96385,
  "totalTokensOut": 6966,
  "totalCacheWrites": 0,
  "totalCacheReads": 0,
  "totalCost": 0,
  "contextTokens": 15762
}
[2025-04-04T04:46:50.860Z] {
  "ts": 1743742010274,
  "type": "say",
  "say": "completion_result",
  "text": "I have successfully implemented the Pythagorean Triplet logic in `src/main/java/PythagoreanTriplet.java`. All tests in `PythagoreanTripletTest.java` pass when executed with `./gradlew test`.",
  "partial": false
}
[2025-04-04T04:46:50.909Z] {
  "ts": 1743742010844,
  "type": "ask",
  "ask": "completion_result",
  "text": ""
}
