[2025-04-04T04:50:44.190Z] {
  "ts": 1743742244139,
  "type": "say",
  "say": "text",
  "text": "Your job is to complete a coding exercise described the markdown files inside the `.docs` directory.\n\nA file with the implementation stubbed out has been created for you, along with a test file.\n\nTo successfully complete the exercise, you must pass all the tests in the test file.\n\nTo confirm that your solution is correct, run the tests with `./gradlew test`. Do not alter the test file; it should be run as-is.\n\nDo not use the \"ask_followup_question\" tool.\n"
}
[2025-04-04T04:50:44.221Z] taskStarted -> de5d3381-9e58-43e6-ae11-9df39ca0350c
[2025-04-04T04:50:44.259Z] {
  "ts": 1743742244221,
  "type": "say",
  "say": "api_req_started",
  "text": "{\"request\":\"<task>\\nYour job is to complete a coding exercise described the markdown files inside the `.docs` directory.\\n\\nA file with the implementation stubbed out has been created for you, along with a test file.\\n\\nTo successfully complete the exercise, you must pass all the tests in the test file.\\n\\nTo confirm that your solution is correct, run the tests with `./gradlew test`. Do not alter the test file; it should be run as-is.\\n\\nDo not use the \\\"ask_followup_question\\\" tool.\\n\\n</task>\\n\\nLoading...\"}"
}
[2025-04-04T04:50:49.808Z] {
  "ts": 1743742248886,
  "type": "say",
  "say": "text",
  "text": "Okay, I understand the task. I need to implement the `WordProblemSolver.java` file based on the instructions found in the `.docs` directory and ensure it passes the tests in `WordProblemSolverTest.java`.\n\nFirst, I need to find the exercise description. You mentioned it's in the `.docs` directory, but the initial file listing doesn't show it. I'll list the files in the current directory to see if it's there or if I need to look elsewhere.",
  "partial": false
}
[2025-04-04T04:50:49.882Z] {
  "ts": 1743742249840,
  "type": "ask",
  "ask": "tool",
  "text": "{\"tool\":\"listFilesTopLevel\",\"path\":\"wordy\",\"content\":\"build.gradle\\ngradlew\\ngradlew.bat\\nroo-code-messages.log\\n.docs/\\n.gradle/\\nbuild/\\ngradle/\\nsrc/\"}"
}
[2025-04-04T04:50:49.954Z] {
  "ts": 1743742249925,
  "type": "say",
  "say": "api_req_started",
  "text": "{\"request\":\"[list_files for '.'] Result:\\n\\nbuild.gradle\\ngradlew\\ngradlew.bat\\nroo-code-messages.log\\n.docs/\\n.gradle/\\nbuild/\\ngradle/\\nsrc/\\n\\nLoading...\"}"
}
[2025-04-04T04:50:54.208Z] {
  "ts": 1743742254012,
  "type": "say",
  "say": "text",
  "text": "Okay, the `.docs` directory is present. Now I'll list the files inside `.docs` to find the instructions.",
  "partial": false
}
[2025-04-04T04:50:54.282Z] {
  "ts": 1743742254240,
  "type": "ask",
  "ask": "tool",
  "text": "{\"tool\":\"listFilesTopLevel\",\"path\":\".docs\",\"content\":\"instructions.md\"}"
}
[2025-04-04T04:50:54.360Z] {
  "ts": 1743742254330,
  "type": "say",
  "say": "api_req_started",
  "text": "{\"request\":\"[list_files for '.docs'] Result:\\n\\ninstructions.md\\n\\nLoading...\"}"
}
[2025-04-04T04:50:58.643Z] {
  "ts": 1743742258304,
  "type": "say",
  "say": "text",
  "text": "Okay, I see the `instructions.md` file. I'll read it now to understand the requirements for the `WordProblemSolver`.",
  "partial": false
}
[2025-04-04T04:50:58.780Z] {
  "ts": 1743742258659,
  "type": "ask",
  "ask": "tool",
  "text": "{\"tool\":\"readFile\",\"path\":\".docs/instructions.md\",\"isOutsideWorkspace\":false,\"content\":\"/Users/cte/Documents/evals/java/wordy/.docs/instructions.md\",\"reason\":\" (max 500 lines)\"}",
  "partial": false
}
[2025-04-04T04:50:58.935Z] {
  "ts": 1743742258904,
  "type": "say",
  "say": "api_req_started",
  "text": "{\"request\":\"[read_file for '.docs/instructions.md'] Result:\\n\\n 1 | # Instructions\\n 2 | \\n 3 | Parse and evaluate simple math word problems returning the answer as an integer.\\n 4 | \\n 5 | ## Iteration 0 — Numbers\\n 6 | \\n 7 | Problems with no operations simply evaluate to the number given.\\n 8 | \\n 9 | > What is 5?\\n10 | \\n11 | Evaluates to 5.\\n12 | \\n13 | ## Iteration 1 — Addition\\n14 | \\n15 | Add two numbers together.\\n16 | \\n17 | > What is 5 plus 13?\\n18 | \\n19 | Evaluates to 18.\\n20 | \\n21 | Handle large numbers and negative numbers.\\n22 | \\n23 | ## Iteration 2 — Subtraction, Multiplication and Division\\n24 | \\n25 | Now, perform the other three operations.\\n26 | \\n27 | > What is 7 minus 5?\\n28 | \\n29 | 2\\n30 | \\n31 | > What is 6 multiplied by 4?\\n32 | \\n33 | 24\\n34 | \\n35 | > What is 25 divided by 5?\\n36 | \\n37 | 5\\n38 | \\n39 | ## Iteration 3 — Multiple Operations\\n40 | \\n41 | Handle a set of operations, in sequence.\\n42 | \\n43 | Since these are verbal word problems, evaluate the expression from left-to-right, _ignoring the typical order of operations._\\n44 | \\n45 | > What is 5 plus 13 plus 6?\\n46 | \\n47 | 24\\n48 | \\n49 | > What is 3 plus 2 multiplied by 3?\\n50 | \\n51 | 15 (i.e. not 9)\\n52 | \\n53 | ## Iteration 4 — Errors\\n54 | \\n55 | The parser should reject:\\n56 | \\n57 | - Unsupported operations (\\\"What is 52 cubed?\\\")\\n58 | - Non-math questions (\\\"Who is the President of the United States\\\")\\n59 | - Word problems with invalid syntax (\\\"What is 1 plus plus 2?\\\")\\n60 | \\n\\nLoading...\"}"
}
[2025-04-04T04:51:06.566Z] {
  "ts": 1743742265645,
  "type": "say",
  "say": "text",
  "text": "Okay, I've read the instructions. The core task is to parse a string like \"What is 5 plus 13?\" and evaluate it according to the rules (left-to-right evaluation, handling basic arithmetic operations and errors).\n\nNow, let's look at the stubbed-out implementation file `src/main/java/WordProblemSolver.java`.",
  "partial": false
}
[2025-04-04T04:51:06.673Z] {
  "ts": 1743742266597,
  "type": "ask",
  "ask": "tool",
  "text": "{\"tool\":\"readFile\",\"path\":\"src/main/java/WordProblemSolver.java\",\"isOutsideWorkspace\":false,\"content\":\"/Users/cte/Documents/evals/java/wordy/src/main/java/WordProblemSolver.java\",\"reason\":\" (max 500 lines)\"}"
}
[2025-04-04T04:51:06.735Z] {
  "ts": 1743742266703,
  "type": "say",
  "say": "api_req_started",
  "text": "{\"request\":\"[read_file for 'src/main/java/WordProblemSolver.java'] Result:\\n\\n1 | class WordProblemSolver {\\n2 |     int solve(final String wordProblem) {\\n3 |         throw new UnsupportedOperationException(\\\"Please implement the WordProblemSolver.solve() method.\\\");\\n4 |     }\\n5 | }\\n6 | \\n\\nLoading...\"}"
}
[2025-04-04T04:51:15.982Z] {
  "ts": 1743742273745,
  "type": "say",
  "say": "text",
  "text": "Okay, I see the basic structure. I need to implement the `solve` method.\n\nHere's the plan:\n1.  Check if the input `wordProblem` starts with \"What is \" and ends with \"?\". If not, throw an `IllegalArgumentException`.\n2.  Remove the prefix and suffix.\n3.  Replace the word operators (\"plus\", \"minus\", \"multiplied by\", \"divided by\") with symbols or handle them directly.\n4.  Split the remaining string into parts (numbers and operators).\n5.  Parse the first number. If there are no operators, return this number.\n6.  Iterate through the remaining parts, applying operations sequentially (left-to-right).\n7.  Handle potential errors during parsing (non-numeric values where numbers are expected, unknown operators, invalid sequences like \"plus plus\"). Throw `IllegalArgumentException` for these cases.\n\nI'll now write the implementation for `WordProblemSolver.java`.",
  "partial": false
}
[2025-04-04T04:51:24.967Z] {
  "ts": 1743742276131,
  "type": "ask",
  "ask": "tool",
  "text": "{\"tool\":\"editedExistingFile\",\"path\":\"src/main/java/WordProblemSolver.java\",\"isOutsideWorkspace\":false,\"diff\":\"@@ -1,5 +1,109 @@\\n+import java.util.regex.Matcher;\\n+import java.util.regex.Pattern;\\n+\\n class WordProblemSolver {\\n+\\n     int solve(final String wordProblem) {\\n-        throw new UnsupportedOperationException(\\\"Please implement the WordProblemSolver.solve() method.\\\");\\n+        if (wordProblem == null || !wordProblem.startsWith(\\\"What is \\\") || !wordProblem.endsWith(\\\"?\\\")) {\\n+            throw new IllegalArgumentException(\\\"I'm sorry, I don't understand the question!\\\");\\n+        }\\n+\\n+        String expression = wordProblem.substring(\\\"What is \\\".length(), wordProblem.length() - 1).trim();\\n+\\n+        if (expression.isEmpty()) {\\n+             throw new IllegalArgumentException(\\\"Syntax error: empty expression!\\\");\\n+        }\\n+\\n+        // Handle just a number first\\n+        try {\\n+            return Integer.parseInt(expression);\\n+        } catch (NumberFormatException e) {\\n+            // It's not just a number, proceed with parsing operations\\n+        }\\n+\\n+        // Pattern to find numbers and supported operations\\n+        // Allows for negative numbers and chains of operations\\n+        Pattern pattern = Pattern.compile(\\\"(-?\\\\\\\\d+)(?: (plus|minus|multiplied by|divided by) (-?\\\\\\\\d+))+\\\");\\n+        Matcher matcher = pattern.matcher(expression);\\n+\\n+        if (!matcher.matches()) {\\n+             // Check for unsupported operations or invalid syntax before giving up\\n+             if (expression.matches(\\\".*\\\\\\\\d+ (cubed|squared|power).*\\\")) {\\n+                 throw new IllegalArgumentException(\\\"I'm sorry, I don't understand the question!\\\");\\n+             }\\n+             if (expression.matches(\\\".*(Who|When|Where).*\\\")) {\\n+                 throw new IllegalArgumentException(\\\"I'm sorry, I don't understand the question!\\\");\\n+             }\\n+             // Catch common syntax errors like consecutive operators or numbers\\n+             if (expression.matches(\\\".*(plus|minus|multiplied by|divided by) (plus|minus|multiplied by|divided by).*\\\") ||\\n+                 expression.matches(\\\".*\\\\\\\\d+ -?\\\\\\\\d+.*\\\")) {\\n+                 throw new IllegalArgumentException(\\\"Syntax error!\\\");\\n+             }\\n+             throw new IllegalArgumentException(\\\"I'm sorry, I don't understand the question!\\\"); // General fallback\\n+        }\\n+\\n+        // Reset matcher to use find() for iterating through operations\\n+        // Simpler approach: split and iterate\\n+        String[] parts = expression.split(\\\" \\\");\\n+        int result;\\n+        try {\\n+            result = Integer.parseInt(parts[0]);\\n+        } catch (NumberFormatException e) {\\n+            throw new IllegalArgumentException(\\\"Syntax error: expected number at start!\\\");\\n+        }\\n+\\n+        int i = 1;\\n+        while (i < parts.length) {\\n+            if (i + 1 >= parts.length) {\\n+                throw new IllegalArgumentException(\\\"Syntax error: incomplete operation!\\\");\\n+            }\\n+\\n+            String operation = parts[i];\\n+            String nextNumStr;\\n+\\n+            // Handle \\\"multiplied by\\\" and \\\"divided by\\\" which are two words\\n+            if (\\\"multiplied\\\".equals(operation) || \\\"divided\\\".equals(operation)) {\\n+                if (i + 2 >= parts.length || !\\\"by\\\".equals(parts[i+1])) {\\n+                     throw new IllegalArgumentException(\\\"Syntax error: expected 'by' after 'multiplied' or 'divided'!\\\");\\n+                }\\n+                operation += \\\" by\\\"; // Reconstruct the full operation name\\n+                nextNumStr = parts[i+2];\\n+                i += 3; // Advance index past number and \\\"by\\\"\\n+            } else {\\n+                 nextNumStr = parts[i+1];\\n+                 i += 2; // Advance index past number\\n+            }\\n+\\n+\\n+            int nextNum;\\n+            try {\\n+                nextNum = Integer.parseInt(nextNumStr);\\n+            } catch (NumberFormatException e) {\\n+                throw new IllegalArgumentException(\\\"Syntax error: expected number!\\\");\\n+            }\\n+\\n+            switch (operation) {\\n+                case \\\"plus\\\":\\n+                    result += nextNum;\\n+                    break;\\n+                case \\\"minus\\\":\\n+                    result -= nextNum;\\n+                    break;\\n+                case \\\"multiplied by\\\":\\n+                    result *= nextNum;\\n+                    break;\\n+                case \\\"divided by\\\":\\n+                    if (nextNum == 0) {\\n+                        throw new IllegalArgumentException(\\\"Cannot divide by zero!\\\");\\n+                    }\\n+                    result /= nextNum;\\n+                    break;\\n+                default:\\n+                    // This case should ideally be caught earlier, but serves as a fallback\\n+                    throw new IllegalArgumentException(\\\"I'm sorry, I don't understand the operation!\\\");\\n+            }\\n+        }\\n+\\n+        return result;\\n     }\\n-}\\n+}\\n\\\\ No newline at end of file\\n\"}",
  "partial": false
}
[2025-04-04T04:51:25.378Z] {
  "ts": 1743742285334,
  "type": "say",
  "say": "api_req_started",
  "text": "{\"request\":\"[write_to_file for 'src/main/java/WordProblemSolver.java'] Result:\\n\\nThe content was successfully saved to src/main/java/WordProblemSolver.java.\\n\\nLoading...\"}"
}
[2025-04-04T04:51:28.526Z] {
  "ts": 1743742287873,
  "type": "say",
  "say": "text",
  "text": "Okay, the code has been written to `src/main/java/WordProblemSolver.java`.\n\nNow I will run the tests using the provided command to check if the implementation passes.",
  "partial": false
}
[2025-04-04T04:51:28.592Z] {
  "ts": 1743742288539,
  "type": "ask",
  "ask": "command",
  "text": "./gradlew test"
}
[2025-04-04T04:51:30.484Z] {
  "ts": 1743742290450,
  "type": "ask",
  "ask": "command_output",
  "text": ""
}
[2025-04-04T04:51:30.833Z] {
  "ts": 1743742290800,
  "type": "ask",
  "ask": "command_output",
  "text": "\r\n\r\n"
}
[2025-04-04T04:51:31.352Z] {
  "ts": 1743742291319,
  "type": "ask",
  "ask": "command_output",
  "text": "<-------------> 0% CONFIGURING [11ms]> root project<===========--> 85% EXECUTING [114ms]> :test > 0 tests completed<===========--> 85% EXECUTING [209ms]<===========--> 85% EXECUTING [314ms]<===========--> 85% EXECUTING [410ms]\r\n> Task :test FAILED\r\n\r\nWordProblemSolverTest > testSingleMultiplication() PASSED\r\n\r\nWordProblemSolverTest > testMultipleDivisions() PASSED\r\n\r\nWordProblemSolverTest > testUnknownOperation() PASSED\r\n\r\nWordProblemSolverTest > testJustANumber() PASSED\r\n\r\nWordProblemSolverTest > testSingleDivision() PASSED\r\n\r\nWordProblemSolverTest > testAdditionThenSubtraction() PASSED\r\n\r\nWordProblemSolverTest > testNoOperandsOrOperators() PASSED\r\n\r\nWordProblemSolverTest > testMissingAnOperand() PASSED\r\n\r\nWordProblemSolverTest > testSingleAdditionWithNegativeNumbers() PASSED\r\n\r\nWordProblemSolverTest > testMultipleAdditions() PASSED\r\n\r\nWordProblemSolverTest > testTwoOperationsInARow() FAILED\r\n    org.opentest4j.AssertionFailedError: \r\n    Expecting message to be:\r\n      \"I'm sorry, I don't understand the question!\"\r\n    but was:\r\n      \"Syntax error!\"\r\n\r\n    Throwable that failed the check:\r\n\r\n    java.lang.IllegalArgumentException: Syntax error!\r\n        at WordProblemSolver.solve(WordProblemSolver.java:40)\r\n        at WordProblemSolverTest.lambda$testTwoOperationsInARow$4(WordProblemSolverTest.java:118)\r\n        at org.assertj.core.api.ThrowableAssert.catchThrowable(ThrowableAssert.java:63)\r\n        at org.assertj.core.api.ThrowableTypeAssert.isThrownBy(ThrowableTypeAssert.java:59)\r\n        at WordProblemSolverTest.testTwoOperationsInARow(WordProblemSolverTest.java:118)\r\n        at java.base/jdk.internal.reflect.NativeMethodAccessorImpl.invoke0(Native Method)\r\n        at java.base/jdk.internal.reflect.NativeMethodAccessorImpl.invoke(NativeMethodAccessorImpl.java:77)\r\n        at java.base/jdk.internal.reflect.DelegatingMethodAccessorImpl.invoke(DelegatingMethodAccessorImpl.java:43)\r\n        at java.base/java.lang.reflect.Method.invoke(Method.java:569)\r\n        at org.junit.platform.commons.util.ReflectionUtils.invokeMethod(ReflectionUtils.java:728)\r\n        at org.junit.jupiter.engine.execution.MethodInvocation.proceed(MethodInvocation.java:60)\r\n        at org.junit.jupiter.engine.execution.InvocationInterceptorChain$ValidatingInvocation.proceed(InvocationInterceptorChain.java:131)\r\n        at org.junit.jupiter.engine.extension.TimeoutExtension.intercept(TimeoutExtension.java:156)\r\n        at org.junit.jupiter.engine.extension.TimeoutExtension.interceptTestableMethod(TimeoutExtension.java:147)\r\n        at org.junit.jupiter.engine.extension.TimeoutExtension.interceptTestMethod(TimeoutExtension.java:86)\r\n        at org.junit.jupiter.engine.execution.InterceptingExecutableInvoker$ReflectiveInterceptorCall.lambda$ofVoidMethod$0(InterceptingExecutableInvoker.java:103)\r\n        at org.junit.jupiter.engine.execution.InterceptingExecutableInvoker.lambda$invoke$0(InterceptingExecutableInvoker.java:93)\r\n        at org.junit.jupiter.engine.execution.InvocationInterceptorChain$InterceptedInvocation.proceed(InvocationInterceptorChain.java:106)\r\n        at org.junit.jupiter.engine.execution.InvocationInterceptorChain.proceed(InvocationInterceptorChain.java:64)\r\n        at org.junit.jupiter.engine.execution.InvocationInterceptorChain.chainAndInvoke(InvocationInterceptorChain.java:45)\r\n        at org.junit.jupiter.engine.execution.InvocationInterceptorChain.invoke(InvocationInterceptorChain.java:37)\r\n        at org.junit.jupiter.engine.execution.InterceptingExecutableInvoker.invoke(InterceptingExecutableInvoker.java:92)\r\n        at org.junit.jupiter.engine.execution.InterceptingExecutableInvoker.invoke(InterceptingExecutableInvoker.java:86)\r\n        at org.junit.jupiter.engine.descriptor.TestMethodTestDescriptor.lambda$invokeTestMethod$7(TestMethodTestDescriptor.java:218)\r\n        at org.junit.platform.engine.support.hierarchical.ThrowableCollector.execute(ThrowableCollector.java:73)\r\n        at org.junit.jupiter.engine.descriptor.TestMethodTestDescriptor.invokeTestMethod(TestMethodTestDescriptor.java:214)\r\n        at org.junit.jupiter.engine.descriptor.TestMethodTestDescriptor.execute(TestMethodTestDescriptor.java:139)\r\n        at org.junit.jupiter.engine.descriptor.TestMethodTestDescriptor.execute(TestMethodTestDescriptor.java:69)\r\n        at org.junit.platform.engine.support.hierarchical.NodeTestTask.lambda$executeRecursively$6(NodeTestTask.java:151)\r\n        at org.junit.platform.engine.support.hierarchical.ThrowableCollector.execute(ThrowableCollector.java:73)\r\n        at org.junit.platform.engine.support.hierarchical.NodeTestTask.lambda$executeRecursively$8(NodeTestTask.java:141)\r\n        at org.junit.platform.engine.support.hierarchical.Node.around(Node.java:137)\r\n        at org.junit.platform.engine.support.hierarchical.NodeTestTask.lambda$executeRecursively$9(NodeTestTask.java:139)\r\n        at org.junit.platform.engine.support.hierarchical.ThrowableCollector.execute(ThrowableCollector.java:73)\r\n        at org.junit.platform.engine.support.hierarchical.NodeTestTask.executeRecursively(NodeTestTask.java:138)\r\n        at org.junit.platform.engine.support.hierarchical.NodeTestTask.execute(NodeTestTask.java:95)\r\n        at java.base/java.util.ArrayList.forEach(ArrayList.java:1511)\r\n        at org.junit.platform.engine.support.hierarchical.SameThreadHierarchicalTestExecutorService.invokeAll(SameThreadHierarchicalTestExecutorService.java:41)\r\n        at org.junit.platform.engine.support.hierarchical.NodeTestTask.lambda$executeRecursively$6(NodeTestTask.java:155)\r\n        at org.junit.platform.engine.support.hierarchical.ThrowableCollector.execute(ThrowableCollector.java:73)\r\n        at org.junit.platform.engine.support.hierarchical.NodeTestTask.lambda$executeRecursively$8(NodeTestTask.java:141)\r\n        at org.junit.platform.engine.support.hierarchical.Node.around(Node.java:137)\r\n        at org.junit.platform.engine.support.hierarchical.NodeTestTask.lambda$executeRecursively$9(NodeTestTask.java:139)\r\n        at org.junit.platform.engine.support.hierarchical.ThrowableCollector.execute(ThrowableCollector.java:73)\r\n        at org.junit.platform.engine.support.hierarchical.NodeTestTask.executeRecursively(NodeTestTask.java:138)\r\n        at org.junit.platform.engine.support.hierarchical.NodeTestTask.execute(NodeTestTask.java:95)\r\n        at java.base/java.util.ArrayList.forEach(ArrayList.java:1511)\r\n        at org.junit.platform.engine.support.hierarchical.SameThreadHierarchicalTestExecutorService.invokeAll(SameThreadHierarchicalTestExecutorService.java:41)\r\n        at org.junit.platform.engine.support.hierarchical.NodeTestTask.lambda$executeRecursively$6(NodeTestTask.java:155)\r\n        at org.junit.platform.engine.support.hierarchical.ThrowableCollector.execute(ThrowableCollector.java:73)\r\n        at org.junit.platform.engine.support.hierarchical.NodeTestTask.lambda$executeRecursively$8(NodeTestTask.java:141)\r\n        at org.junit.platform.engine.support.hierarchical.Node.around(Node.java:137)\r\n        at org.junit.platform.engine.support.hierarchical.NodeTestTask.lambda$executeRecursively$9(NodeTestTask.java:139)\r\n        at org.junit.platform.engine.support.hierarchical.ThrowableCollector.execute(ThrowableCollector.java:73)\r\n        at org.junit.platform.engine.support.hierarchical.NodeTestTask.executeRecursively(NodeTestTask.java:138)\r\n        at org.junit.platform.engine.support.hierarchical.NodeTestTask.execute(NodeTestTask.java:95)\r\n        at org.junit.platform.engine.support.hierarchical.SameThreadHierarchicalTestExecutorService.submit(SameThreadHierarchicalTestExecutorService.java:35)\r\n        at org.junit.platform.engine.support.hierarchical.HierarchicalTestExecutor.execute(HierarchicalTestExecutor.java:57)\r\n        at org.junit.platform.engine.support.hierarchical.HierarchicalTestEngine.execute(HierarchicalTestEngine.java:54)\r\n        at org.junit.platform.launcher.core.EngineExecutionOrchestrator.execute(EngineExecutionOrchestrator.java:107)\r\n        at org.junit.platform.launcher.core.EngineExecutionOrchestrator.execute(EngineExecutionOrchestrator.java:88)\r\n        at org.junit.platform.launcher.core.EngineExecutionOrchestrator.lambda$execute$0(EngineExecutionOrchestrator.java:54)\r\n        at org.junit.platform.launcher.core.EngineExecutionOrchestrator.withInterceptedStreams(EngineExecutionOrchestrator.java:67)\r\n        at org.junit.platform.launcher.core.EngineExecutionOrchestrator.execute(EngineExecutionOrchestrator.java:52)\r\n        at org.junit.platform.launcher.core.DefaultLauncher.execute(DefaultLauncher.java:114)\r\n        at org.junit.platform.launcher.core.DefaultLauncher.execute(DefaultLauncher.java:86)\r\n        at org.junit.platform.launcher.core.DefaultLauncherSession$DelegatingLauncher.execute(DefaultLauncherSession.java:86)\r\n        at org.gradle.api.internal.tasks.testing.junitplatform.JUnitPlatformTestClassProcessor$CollectAllTestClassesExecutor.processAllTestClasses(JUnitPlatformTestClassProcessor.java:119)\r\n        at org.gradle.api.internal.tasks.testing.junitplatform.JUnitPlatformTestClassProcessor$CollectAllTestClassesExecutor.access$000(JUnitPlatformTestClassProcessor.java:94)\r\n        at org.gradle.api.internal.tasks.testing.junitplatform.JUnitPlatformTestClassProcessor.stop(JUnitPlatformTestClassProcessor.java:89)\r\n        at org.gradle.api.internal.tasks.testing.SuiteTestClassProcessor.stop(SuiteTestClassProcessor.java:62)\r\n        at java.base/jdk.internal.reflect.NativeMethodAccessorImpl.invoke0(Native Method)\r\n        at java.base/jdk.internal.reflect.NativeMethodAccessorImpl.invoke(NativeMethodAccessorImpl.java:77)\r\n        at java.base/jdk.internal.reflect.DelegatingMethodAccessorImpl.invoke(DelegatingMethodAccessorImpl.java:43)\r\n        at java.base/java.lang.reflect.Method.invoke(Method.java:569)\r\n        at org.gradle.internal.dispatch.ReflectionDispatch.dispatch(ReflectionDispatch.java:36)\r\n        at org.gradle.internal.dispatch.ReflectionDispatch.dispatch(ReflectionDispatch.java:24)\r\n        at org.gradle.internal.dispatch.ContextClassLoaderDispatch.dispatch(ContextClassLoaderDispatch.java:33)\r\n        at org.gradle.internal.dispatch.ProxyDispatchAdapter$DispatchingInvocationHandler.invoke(ProxyDispatchAdapter.java:94)\r\n        at jdk.proxy1/jdk.proxy1.$Proxy2.stop(Unknown Source)\r\n        at org.gradle.api.internal.tasks.testing.worker.TestWorker$3.run(TestWorker.java:193)\r\n        at org.gradle.api.internal.tasks.testing.worker.TestWorker.executeAndMaintainThreadName(TestWorker.java:129)\r\n        at org.gradle.api.internal.tasks.testing.worker.TestWorker.execute(TestWorker.java:100)\r\n        at org.gradle.api.internal.tasks.testing.worker.TestWorker.execute(TestWorker.java:60)\r\n        at org.gradle.process.internal.worker.child.ActionExecutionWorker.execute(ActionExecutionWorker.java:56)\r\n        at org.gradle.process.internal.worker.child.SystemApplicationClassLoaderWorker.call(SystemApplicationClassLoaderWorker.java:113)\r\n        at org.gradle.process.internal.worker.child.SystemApplicationClassLoaderWorker.call(SystemApplicationClassLoaderWorker.java:65)\r\n        at worker.org.gradle.process.internal.worker.GradleWorkerMain.run(GradleWorkerMain.java:69)\r\n        at worker.org.gradle.process.internal.worker.GradleWorkerMain.main(GradleWorkerMain.java:74)\r\n        at java.base@17.0.14/jdk.internal.reflect.NativeConstructorAccessorImpl.newInstance0(Native Method)\r\n        at java.base@17.0.14/jdk.internal.reflect.NativeConstructorAccessorImpl.newInstance(NativeConstructorAccessorImpl.java:77)\r\n        at java.base@17.0.14/jdk.internal.reflect.DelegatingConstructorAccessorImpl.newInstance(DelegatingConstructorAccessorImpl.java:45)\r\n        at java.base@17.0.14/java.lang.reflect.Constructor.newInstanceWithCaller(Constructor.java:500)\r\n        at app//WordProblemSolverTest.testTwoOperationsInARow(WordProblemSolverTest.java:119)\r\n\r\nWordProblemSolverTest > testSubtractionThenAddition() PASSED\r\n\r\nWordProblemSolverTest > testPrefixNotation() FAILED\r\n    org.opentest4j.AssertionFailedError: \r\n    Expecting message to be:\r\n      \"I'm sorry, I don't understand the question!\"\r\n    but was:\r\n      \"Syntax error!\"\r\n\r\n    Throwable that failed the check:\r\n\r\n    java.lang.IllegalArgumentException: Syntax error!\r\n        at WordProblemSolver.solve(WordProblemSolver.java:40)\r\n        at WordProblemSolverTest.lambda$testPrefixNotation$7(WordProblemSolverTest.java:139)\r\n        at org.assertj.core.api.ThrowableAssert.catchThrowable(ThrowableAssert.java:63)\r\n        at org.assertj.core.api.ThrowableTypeAssert.isThrownBy(ThrowableTypeAssert.java:59)\r\n        at WordProblemSolverTest.testPrefixNotation(WordProblemSolverTest.java:139)\r\n        at java.base/jdk.internal.reflect.NativeMethodAccessorImpl.invoke0(Native Method)\r\n        at java.base/jdk.internal.reflect.NativeMethodAccessorImpl.invoke(NativeMethodAccessorImpl.java:77)\r\n        at java.base/jdk.internal.reflect.DelegatingMethodAccessorImpl.invoke(DelegatingMethodAccessorImpl.java:43)\r\n        at java.base/java.lang.reflect.Method.invoke(Method.java:569)\r\n        at org.junit.platform.commons.util.ReflectionUtils.invokeMethod(ReflectionUtils.java:728)\r\n        at org.junit.jupiter.engine.execution.MethodInvocation.proceed(MethodInvocation.java:60)\r\n        at org.junit.jupiter.engine.execution.InvocationInterceptorChain$ValidatingInvocation.proceed(InvocationInterceptorChain.java:131)\r\n        at org.junit.jupiter.engine.extension.TimeoutExtension.intercept(TimeoutExtension.java:156)\r\n        at org.junit.jupiter.engine.extension.TimeoutExtension.interceptTestableMethod(TimeoutExtension.java:147)\r\n        at org.junit.jupiter.engine.extension.TimeoutExtension.interceptTestMethod(TimeoutExtension.java:86)\r\n        at org.junit.jupiter.engine.execution.InterceptingExecutableInvoker$ReflectiveInterceptorCall.lambda$ofVoidMethod$0(InterceptingExecutableInvoker.java:103)\r\n        at org.junit.jupiter.engine.execution.InterceptingExecutableInvoker.lambda$invoke$0(InterceptingExecutableInvoker.java:93)\r\n        at org.junit.jupiter.engine.execution.InvocationInterceptorChain$InterceptedInvocation.proceed(InvocationInterceptorChain.java:106)\r\n        at org.junit.jupiter.engine.execution.InvocationInterceptorChain.proceed(InvocationInterceptorChain.java:64)\r\n        at org.junit.jupiter.engine.execution.InvocationInterceptorChain.chainAndInvoke(InvocationInterceptorChain.java:45)\r\n        at org.junit.jupiter.engine.execution.InvocationInterceptorChain.invoke(InvocationInterceptorChain.java:37)\r\n        at org.junit.jupiter.engine.execution.InterceptingExecutableInvoker.invoke(InterceptingExecutableInvoker.java:92)\r\n        at org.junit.jupiter.engine.execution.InterceptingExecutableInvoker.invoke(InterceptingExecutableInvoker.java:86)\r\n        at org.junit.jupiter.engine.descriptor.TestMethodTestDescriptor.lambda$invokeTestMethod$7(TestMethodTestDescriptor.java:218)\r\n        at org.junit.platform.engine.support.hierarchical.ThrowableCollector.execute(ThrowableCollector.java:73)\r\n        at org.junit.jupiter.engine.descriptor.TestMethodTestDescriptor.invokeTestMethod(TestMethodTestDescriptor.java:214)\r\n        at org.junit.jupiter.engine.descriptor.TestMethodTestDescriptor.execute(TestMethodTestDescriptor.java:139)\r\n        at org.junit.jupiter.engine.descriptor.TestMethodTestDescriptor.execute(TestMethodTestDescriptor.java:69)\r\n        at org.junit.platform.engine.support.hierarchical.NodeTestTask.lambda$executeRecursively$6(NodeTestTask.java:151)\r\n        at org.junit.platform.engine.support.hierarchical.ThrowableCollector.execute(ThrowableCollector.java:73)\r\n        at org.junit.platform.engine.support.hierarchical.NodeTestTask.lambda$executeRecursively$8(NodeTestTask.java:141)\r\n        at org.junit.platform.engine.support.hierarchical.Node.around(Node.java:137)\r\n        at org.junit.platform.engine.support.hierarchical.NodeTestTask.lambda$executeRecursively$9(NodeTestTask.java:139)\r\n        at org.junit.platform.engine.support.hierarchical.ThrowableCollector.execute(ThrowableCollector.java:73)\r\n        at org.junit.platform.engine.support.hierarchical.NodeTestTask.executeRecursively(NodeTestTask.java:138)\r\n        at org.junit.platform.engine.support.hierarchical.NodeTestTask.execute(NodeTestTask.java:95)\r\n        at java.base/java.util.ArrayList.forEach(ArrayList.java:1511)\r\n        at org.junit.platform.engine.support.hierarchical.SameThreadHierarchicalTestExecutorService.invokeAll(SameThreadHierarchicalTestExecutorService.java:41)\r\n        at org.junit.platform.engine.support.hierarchical.NodeTestTask.lambda$executeRecursively$6(NodeTestTask.java:155)\r\n        at org.junit.platform.engine.support.hierarchical.ThrowableCollector.execute(ThrowableCollector.java:73)\r\n        at org.junit.platform.engine.support.hierarchical.NodeTestTask.lambda$executeRecursively$8(NodeTestTask.java:141)\r\n        at org.junit.platform.engine.support.hierarchical.Node.around(Node.java:137)\r\n        at org.junit.platform.engine.support.hierarchical.NodeTestTask.lambda$executeRecursively$9(NodeTestTask.java:139)\r\n        at org.junit.platform.engine.support.hierarchical.ThrowableCollector.execute(ThrowableCollector.java:73)\r\n        at org.junit.platform.engine.support.hierarchical.NodeTestTask.executeRecursively(NodeTestTask.java:138)\r\n        at org.junit.platform.engine.support.hierarchical.NodeTestTask.execute(NodeTestTask.java:95)\r\n        at java.base/java.util.ArrayList.forEach(ArrayList.java:1511)\r\n        at org.junit.platform.engine.support.hierarchical.SameThreadHierarchicalTestExecutorService.invokeAll(SameThreadHierarchicalTestExecutorService.java:41)\r\n        at org.junit.platform.engine.support.hierarchical.NodeTestTask.lambda$executeRecursively$6(NodeTestTask.java:155)\r\n        at org.junit.platform.engine.support.hierarchical.ThrowableCollector.execute(ThrowableCollector.java:73)\r\n        at org.junit.platform.engine.support.hierarchical.NodeTestTask.lambda$executeRecursively$8(NodeTestTask.java:141)\r\n        at org.junit.platform.engine.support.hierarchical.Node.around(Node.java:137)\r\n        at org.junit.platform.engine.support.hierarchical.NodeTestTask.lambda$executeRecursively$9(NodeTestTask.java:139)\r\n        at org.junit.platform.engine.support.hierarchical.ThrowableCollector.execute(ThrowableCollector.java:73)\r\n        at org.junit.platform.engine.support.hierarchical.NodeTestTask.executeRecursively(NodeTestTask.java:138)\r\n        at org.junit.platform.engine.support.hierarchical.NodeTestTask.execute(NodeTestTask.java:95)\r\n        at org.junit.platform.engine.support.hierarchical.SameThreadHierarchicalTestExecutorService.submit(SameThreadHierarchicalTestExecutorService.java:35)\r\n        at org.junit.platform.engine.support.hierarchical.HierarchicalTestExecutor.execute(HierarchicalTestExecutor.java:57)\r\n        at org.junit.platform.engine.support.hierarchical.HierarchicalTestEngine.execute(HierarchicalTestEngine.java:54)\r\n        at org.junit.platform.launcher.core.EngineExecutionOrchestrator.execute(EngineExecutionOrchestrator.java:107)\r\n        at org.junit.platform.launcher.core.EngineExecutionOrchestrator.execute(EngineExecutionOrchestrator.java:88)\r\n        at org.junit.platform.launcher.core.EngineExecutionOrchestrator.lambda$execute$0(EngineExecutionOrchestrator.java:54)\r\n        at org.junit.platform.launcher.core.EngineExecutionOrchestrator.withInterceptedStreams(EngineExecutionOrchestrator.java:67)\r\n        at org.junit.platform.launcher.core.EngineExecutionOrchestrator.execute(EngineExecutionOrchestrator.java:52)\r\n        at org.junit.platform.launcher.core.DefaultLauncher.execute(DefaultLauncher.java:114)\r\n        at org.junit.platform.launcher.core.DefaultLauncher.execute(DefaultLauncher.java:86)\r\n        at org.junit.platform.launcher.core.DefaultLauncherSession$DelegatingLauncher.execute(DefaultLauncherSession.java:86)\r\n        at org.gradle.api.internal.tasks.testing.junitplatform.JUnitPlatformTestClassProcessor$CollectAllTestClassesExecutor.processAllTestClasses(JUnitPlatformTestClassProcessor.java:119)\r\n        at org.gradle.api.internal.tasks.testing.junitplatform.JUnitPlatformTestClassProcessor$CollectAllTestClassesExecutor.access$000(JUnitPlatformTestClassProcessor.java:94)\r\n        at org.gradle.api.internal.tasks.testing.junitplatform.JUnitPlatformTestClassProcessor.stop(JUnitPlatformTestClassProcessor.java:89)\r\n        at org.gradle.api.internal.tasks.testing.SuiteTestClassProcessor.stop(SuiteTestClassProcessor.java:62)\r\n        at java.base/jdk.internal.reflect.NativeMethodAccessorImpl.invoke0(Native Method)\r\n        at java.base/jdk.internal.reflect.NativeMethodAccessorImpl.invoke(NativeMethodAccessorImpl.java:77)\r\n        at java.base/jdk.internal.reflect.DelegatingMethodAccessorImpl.invoke(DelegatingMethodAccessorImpl.java:43)\r\n        at java.base/java.lang.reflect.Method.invoke(Method.java:569)\r\n        at org.gradle.internal.dispatch.ReflectionDispatch.dispatch(ReflectionDispatch.java:36)\r\n        at org.gradle.internal.dispatch.ReflectionDispatch.dispatch(ReflectionDispatch.java:24)\r\n        at org.gradle.internal.dispatch.ContextClassLoaderDispatch.dispatch(ContextClassLoaderDispatch.java:33)\r\n        at org.gradle.internal.dispatch.ProxyDispatchAdapter$DispatchingInvocationHandler.invoke(ProxyDispatchAdapter.java:94)\r\n        at jdk.proxy1/jdk.proxy1.$Proxy2.stop(Unknown Source)\r\n        at org.gradle.api.internal.tasks.testing.worker.TestWorker$3.run(TestWorker.java:193)\r\n        at org.gradle.api.internal.tasks.testing.worker.TestWorker.executeAndMaintainThreadName(TestWorker.java:129)\r\n        at org.gradle.api.internal.tasks.testing.worker.TestWorker.execute(TestWorker.java:100)\r\n        at org.gradle.api.internal.tasks.testing.worker.TestWorker.execute(TestWorker.java:60)\r\n        at org.gradle.process.internal.worker.child.ActionExecutionWorker.execute(ActionExecutionWorker.java:56)\r\n        at org.gradle.process.internal.worker.child.SystemApplicationClassLoaderWorker.call(SystemApplicationClassLoaderWorker.java:113)\r\n        at org.gradle.process.internal.worker.child.SystemApplicationClassLoaderWorker.call(SystemApplicationClassLoaderWorker.java:65)\r\n        at worker.org.gradle.process.internal.worker.GradleWorkerMain.run(GradleWorkerMain.java:69)\r\n        at worker.org.gradle.process.internal.worker.GradleWorkerMain.main(GradleWorkerMain.java:74)\r\n        at java.base@17.0.14/jdk.internal.reflect.NativeConstructorAccessorImpl.newInstance0(Native Method)\r\n        at java.base@17.0.14/jdk.internal.reflect.NativeConstructorAccessorImpl.newInstance(NativeConstructorAccessorImpl.java:77)\r\n        at java.base@17.0.14/jdk.internal.reflect.DelegatingConstructorAccessorImpl.newInstance(DelegatingConstructorAccessorImpl.java:45)\r\n        at java.base@17.0.14/java.lang.reflect.Constructor.newInstanceWithCaller(Constructor.java:500)\r\n        at app//WordProblemSolverTest.testPrefixNotation(WordProblemSolverTest.java:140)\r\n\r\nWordProblemSolverTest > testMultipleSubtractions() PASSED\r\n\r\nWordProblemSolverTest > testPostfixNotation() FAILED\r\n    org.opentest4j.AssertionFailedError: \r\n    Expecting message to be:\r\n      \"I'm sorry, I don't understand the question!\"\r\n    but was:\r\n      \"Syntax error!\"\r\n\r\n    Throwable that failed the check:\r\n\r\n    java.lang.IllegalArgumentException: Syntax error!\r\n        at WordProblemSolver.solve(WordProblemSolver.java:40)\r\n        at WordProblemSolverTest.lambda$testPostfixNotation$6(WordProblemSolverTest.java:132)\r\n        at org.assertj.core.api.ThrowableAssert.catchThrowable(ThrowableAssert.java:63)\r\n        at org.assertj.core.api.ThrowableTypeAssert.isThrownBy(ThrowableTypeAssert.java:59)\r\n        at WordProblemSolverTest.testPostfixNotation(WordProblemSolverTest.java:132)\r\n        at java.base/jdk.internal.reflect.NativeMethodAccessorImpl.invoke0(Native Method)\r\n        at java.base/jdk.internal.reflect.NativeMethodAccessorImpl.invoke(NativeMethodAccessorImpl.java:77)\r\n        at java.base/jdk.internal.reflect.DelegatingMethodAccessorImpl.invoke(DelegatingMethodAccessorImpl.java:43)\r\n        at java.base/java.lang.reflect.Method.invoke(Method.java:569)\r\n        at org.junit.platform.commons.util.ReflectionUtils.invokeMethod(ReflectionUtils.java:728)\r\n        at org.junit.jupiter.engine.execution.MethodInvocation.proceed(MethodInvocation.java:60)\r\n        at org.junit.jupiter.engine.execution.InvocationInterceptorChain$ValidatingInvocation.proceed(InvocationInterceptorChain.java:131)\r\n        at org.junit.jupiter.engine.extension.TimeoutExtension.intercept(TimeoutExtension.java:156)\r\n        at org.junit.jupiter.engine.extension.TimeoutExtension.interceptTestableMethod(TimeoutExtension.java:147)\r\n        at org.junit.jupiter.engine.extension.TimeoutExtension.interceptTestMethod(TimeoutExtension.java:86)\r\n        at org.junit.jupiter.engine.execution.InterceptingExecutableInvoker$ReflectiveInterceptorCall.lambda$ofVoidMethod$0(InterceptingExecutableInvoker.java:103)\r\n        at org.junit.jupiter.engine.execution.InterceptingExecutableInvoker.lambda$invoke$0(InterceptingExecutableInvoker.java:93)\r\n        at org.junit.jupiter.engine.execution.InvocationInterceptorChain$InterceptedInvocation.proceed(InvocationInterceptorChain.java:106)\r\n        at org.junit.jupiter.engine.execution.InvocationInterceptorChain.proceed(InvocationInterceptorChain.java:64)\r\n        at org.junit.jupiter.engine.execution.InvocationInterceptorChain.chainAndInvoke(InvocationInterceptorChain.java:45)\r\n        at org.junit.jupiter.engine.execution.InvocationInterceptorChain.invoke(InvocationInterceptorChain.java:37)\r\n        at org.junit.jupiter.engine.execution.InterceptingExecutableInvoker.invoke(InterceptingExecutableInvoker.java:92)\r\n        at org.junit.jupiter.engine.execution.InterceptingExecutableInvoker.invoke(InterceptingExecutableInvoker.java:86)\r\n        at org.junit.jupiter.engine.descriptor.TestMethodTestDescriptor.lambda$invokeTestMethod$7(TestMethodTestDescriptor.java:218)\r\n        at org.junit.platform.engine.support.hierarchical.ThrowableCollector.execute(ThrowableCollector.java:73)\r\n        at org.junit.jupiter.engine.descriptor.TestMethodTestDescriptor.invokeTestMethod(TestMethodTestDescriptor.java:214)\r\n        at org.junit.jupiter.engine.descriptor.TestMethodTestDescriptor.execute(TestMethodTestDescriptor.java:139)\r\n        at org.junit.jupiter.engine.descriptor.TestMethodTestDescriptor.execute(TestMethodTestDescriptor.java:69)\r\n        at org.junit.platform.engine.support.hierarchical.NodeTestTask.lambda$executeRecursively$6(NodeTestTask.java:151)\r\n        at org.junit.platform.engine.support.hierarchical.ThrowableCollector.execute(ThrowableCollector.java:73)\r\n        at org.junit.platform.engine.support.hierarchical.NodeTestTask.lambda$executeRecursively$8(NodeTestTask.java:141)\r\n        at org.junit.platform.engine.support.hierarchical.Node.around(Node.java:137)\r\n        at org.junit.platform.engine.support.hierarchical.NodeTestTask.lambda$executeRecursively$9(NodeTestTask.java:139)\r\n        at org.junit.platform.engine.support.hierarchical.ThrowableCollector.execute(ThrowableCollector.java:73)\r\n        at org.junit.platform.engine.support.hierarchical.NodeTestTask.executeRecursively(NodeTestTask.java:138)\r\n        at org.junit.platform.engine.support.hierarchical.NodeTestTask.execute(NodeTestTask.java:95)\r\n        at java.base/java.util.ArrayList.forEach(ArrayList.java:1511)\r\n        at org.junit.platform.engine.support.hierarchical.SameThreadHierarchicalTestExecutorService.invokeAll(SameThreadHierarchicalTestExecutorService.java:41)\r\n        at org.junit.platform.engine.support.hierarchical.NodeTestTask.lambda$executeRecursively$6(NodeTestTask.java:155)\r\n        at org.junit.platform.engine.support.hierarchical.ThrowableCollector.execute(ThrowableCollector.java:73)\r\n        at org.junit.platform.engine.support.hierarchical.NodeTestTask.lambda$executeRecursively$8(NodeTestTask.java:141)\r\n        at org.junit.platform.engine.support.hierarchical.Node.around(Node.java:137)\r\n        at org.junit.platform.engine.support.hierarchical.NodeTestTask.lambda$executeRecursively$9(NodeTestTask.java:139)\r\n        at org.junit.platform.engine.support.hierarchical.ThrowableCollector.execute(ThrowableCollector.java:73)\r\n        at org.junit.platform.engine.support.hierarchical.NodeTestTask.executeRecursively(NodeTestTask.java:138)\r\n        at org.junit.platform.engine.support.hierarchical.NodeTestTask.execute(NodeTestTask.java:95)\r\n        at java.base/java.util.ArrayList.forEach(ArrayList.java:1511)\r\n        at org.junit.platform.engine.support.hierarchical.SameThreadHierarchicalTestExecutorService.invokeAll(SameThreadHierarchicalTestExecutorService.java:41)\r\n        at org.junit.platform.engine.support.hierarchical.NodeTestTask.lambda$executeRecursively$6(NodeTestTask.java:155)\r\n        at org.junit.platform.engine.support.hierarchical.ThrowableCollector.execute(ThrowableCollector.java:73)\r\n        at org.junit.platform.engine.support.hierarchical.NodeTestTask.lambda$executeRecursively$8(NodeTestTask.java:141)\r\n        at org.junit.platform.engine.support.hierarchical.Node.around(Node.java:137)\r\n        at org.junit.platform.engine.support.hierarchical.NodeTestTask.lambda$executeRecursively$9(NodeTestTask.java:139)\r\n        at org.junit.platform.engine.support.hierarchical.ThrowableCollector.execute(ThrowableCollector.java:73)\r\n        at org.junit.platform.engine.support.hierarchical.NodeTestTask.executeRecursively(NodeTestTask.java:138)\r\n        at org.junit.platform.engine.support.hierarchical.NodeTestTask.execute(NodeTestTask.java:95)\r\n        at org.junit.platform.engine.support.hierarchical.SameThreadHierarchicalTestExecutorService.submit(SameThreadHierarchicalTestExecutorService.java:35)\r\n        at org.junit.platform.engine.support.hierarchical.HierarchicalTestExecutor.execute(HierarchicalTestExecutor.java:57)\r\n        at org.junit.platform.engine.support.hierarchical.HierarchicalTestEngine.execute(HierarchicalTestEngine.java:54)\r\n        at org.junit.platform.launcher.core.EngineExecutionOrchestrator.execute(EngineExecutionOrchestrator.java:107)\r\n        at org.junit.platform.launcher.core.EngineExecutionOrchestrator.execute(EngineExecutionOrchestrator.java:88)\r\n        at org.junit.platform.launcher.core.EngineExecutionOrchestrator.lambda$execute$0(EngineExecutionOrchestrator.java:54)\r\n        at org.junit.platform.launcher.core.EngineExecutionOrchestrator.withInterceptedStreams(EngineExecutionOrchestrator.java:67)\r\n        at org.junit.platform.launcher.core.EngineExecutionOrchestrator.execute(EngineExecutionOrchestrator.java:52)\r\n        at org.junit.platform.launcher.core.DefaultLauncher.execute(DefaultLauncher.java:114)\r\n        at org.junit.platform.launcher.core.DefaultLauncher.execute(DefaultLauncher.java:86)\r\n        at org.junit.platform.launcher.core.DefaultLauncherSession$DelegatingLauncher.execute(DefaultLauncherSession.java:86)\r\n        at org.gradle.api.internal.tasks.testing.junitplatform.JUnitPlatformTestClassProcessor$CollectAllTestClassesExecutor.processAllTestClasses(JUnitPlatformTestClassProcessor.java:119)\r\n        at org.gradle.api.internal.tasks.testing.junitplatform.JUnitPlatformTestClassProcessor$CollectAllTestClassesExecutor.access$000(JUnitPlatformTestClassProcessor.java:94)\r\n        at org.gradle.api.internal.tasks.testing.junitplatform.JUnitPlatformTestClassProcessor.stop(JUnitPlatformTestClassProcessor.java:89)\r\n        at org.gradle.api.internal.tasks.testing.SuiteTestClassProcessor.stop(SuiteTestClassProcessor.java:62)\r\n        at java.base/jdk.internal.reflect.NativeMethodAccessorImpl.invoke0(Native Method)\r\n        at java.base/jdk.internal.reflect.NativeMethodAccessorImpl.invoke(NativeMethodAccessorImpl.java:77)\r\n        at java.base/jdk.internal.reflect.DelegatingMethodAccessorImpl.invoke(DelegatingMethodAccessorImpl.java:43)\r\n        at java.base/java.lang.reflect.Method.invoke(Method.java:569)\r\n        at org.gradle.internal.dispatch.ReflectionDispatch.dispatch(ReflectionDispatch.java:36)\r\n        at org.gradle.internal.dispatch.ReflectionDispatch.dispatch(ReflectionDispatch.java:24)\r\n        at org.gradle.internal.dispatch.ContextClassLoaderDispatch.dispatch(ContextClassLoaderDispatch.java:33)\r\n        at org.gradle.internal.dispatch.ProxyDispatchAdapter$DispatchingInvocationHandler.invoke(ProxyDispatchAdapter.java:94)\r\n        at jdk.proxy1/jdk.proxy1.$Proxy2.stop(Unknown Source)\r\n        at org.gradle.api.internal.tasks.testing.worker.TestWorker$3.run(TestWorker.java:193)\r\n        at org.gradle.api.internal.tasks.testing.worker.TestWorker.executeAndMaintainThreadName(TestWorker.java:129)\r\n        at org.gradle.api.internal.tasks.testing.worker.TestWorker.execute(TestWorker.java:100)\r\n        at org.gradle.api.internal.tasks.testing.worker.TestWorker.execute(TestWorker.java:60)\r\n        at org.gradle.process.internal.worker.child.ActionExecutionWorker.execute(ActionExecutionWorker.java:56)\r\n        at org.gradle.process.internal.worker.child.SystemApplicationClassLoaderWorker.call(SystemApplicationClassLoaderWorker.java:113)\r\n        at org.gradle.process.internal.worker.child.SystemApplicationClassLoaderWorker.call(SystemApplicationClassLoaderWorker.java:65)\r\n        at worker.org.gradle.process.internal.worker.GradleWorkerMain.run(GradleWorkerMain.java:69)\r\n        at worker.org.gradle.process.internal.worker.GradleWorkerMain.main(GradleWorkerMain.java:74)\r\n        at java.base@17.0.14/jdk.internal.reflect.NativeConstructorAccessorImpl.newInstance0(Native Method)\r\n        at java.base@17.0.14/jdk.internal.reflect.NativeConstructorAccessorImpl.newInstance(NativeConstructorAccessorImpl.java:77)\r\n        at java.base@17.0.14/jdk.internal.reflect.DelegatingConstructorAccessorImpl.newInstance(DelegatingConstructorAccessorImpl.java:45)\r\n        at java.base@17.0.14/java.lang.reflect.Constructor.newInstanceWithCaller(Constructor.java:500)\r\n        at app//WordProblemSolverTest.testPostfixNotation(WordProblemSolverTest.java:133)\r\n\r\nWordProblemSolverTest > testMultipleMultiplications() PASSED\r\n\r\nWordProblemSolverTest > testSingleSubtraction() PASSED\r\n\r\nWordProblemSolverTest > testSingleAddition1() PASSED\r\n\r\nWordProblemSolverTest > testSingleAddition2() PASSED\r\n\r\nWordProblemSolverTest > testTwoNumbersAfterOperation() FAILED\r\n    org.opentest4j.AssertionFailedError: \r\n    Expecting message to be:\r\n      \"I'm sorry, I don't understand the question!\"\r\n    but was:\r\n      \"Syntax error!\"\r\n\r\n    Throwable that failed the check:\r\n\r\n    java.lang.IllegalArgumentException: Syntax error!\r\n        at WordProblemSolver.solve(WordProblemSolver.java:40)\r\n        at WordProblemSolverTest.lambda$testTwoNumbersAfterOperation$5(WordProblemSolverTest.java:125)\r\n        at org.assertj.core.api.ThrowableAssert.catchThrowable(ThrowableAssert.java:63)\r\n        at org.assertj.core.api.ThrowableTypeAssert.isThrownBy(ThrowableTypeAssert.java:59)\r\n        at WordProblemSolverTest.testTwoNumbersAfterOperation(WordProblemSolverTest.java:125)\r\n        at java.base/jdk.internal.reflect.NativeMethodAccessorImpl.invoke0(Native Method)\r\n        at java.base/jdk.internal.reflect.NativeMethodAccessorImpl.invoke(NativeMethodAccessorImpl.java:77)\r\n        at java.base/jdk.internal.reflect.DelegatingMethodAccessorImpl.invoke(DelegatingMethodAccessorImpl.java:43)\r\n        at java.base/java.lang.reflect.Method.invoke(Method.java:569)\r\n        at org.junit.platform.commons.util.ReflectionUtils.invokeMethod(ReflectionUtils.java:728)\r\n        at org.junit.jupiter.engine.execution.MethodInvocation.proceed(MethodInvocation.java:60)\r\n        at org.junit.jupiter.engine.execution.InvocationInterceptorChain$ValidatingInvocation.proceed(InvocationInterceptorChain.java:131)\r\n        at org.junit.jupiter.engine.extension.TimeoutExtension.intercept(TimeoutExtension.java:156)\r\n        at org.junit.jupiter.engine.extension.TimeoutExtension.interceptTestableMethod(TimeoutExtension.java:147)\r\n        at org.junit.jupiter.engine.extension.TimeoutExtension.interceptTestMethod(TimeoutExtension.java:86)\r\n        at org.junit.jupiter.engine.execution.InterceptingExecutableInvoker$ReflectiveInterceptorCall.lambda$ofVoidMethod$0(InterceptingExecutableInvoker.java:103)\r\n        at org.junit.jupiter.engine.execution.InterceptingExecutableInvoker.lambda$invoke$0(InterceptingExecutableInvoker.java:93)\r\n        at org.junit.jupiter.engine.execution.InvocationInterceptorChain$InterceptedInvocation.proceed(InvocationInterceptorChain.java:106)\r\n        at org.junit.jupiter.engine.execution.InvocationInterceptorChain.proceed(InvocationInterceptorChain.java:64)\r\n        at org.junit.jupiter.engine.execution.InvocationInterceptorChain.chainAndInvoke(InvocationInterceptorChain.java:45)\r\n        at org.junit.jupiter.engine.execution.InvocationInterceptorChain.invoke(InvocationInterceptorChain.java:37)\r\n        at org.junit.jupiter.engine.execution.InterceptingExecutableInvoker.invoke(InterceptingExecutableInvoker.java:92)\r\n        at org.junit.jupiter.engine.execution.InterceptingExecutableInvoker.invoke(InterceptingExecutableInvoker.java:86)\r\n        at org.junit.jupiter.engine.descriptor.TestMethodTestDescriptor.lambda$invokeTestMethod$7(TestMethodTestDescriptor.java:218)\r\n        at org.junit.platform.engine.support.hierarchical.ThrowableCollector.execute(ThrowableCollector.java:73)\r\n        at org.junit.jupiter.engine.descriptor.TestMethodTestDescriptor.invokeTestMethod(TestMethodTestDescriptor.java:214)\r\n        at org.junit.jupiter.engine.descriptor.TestMethodTestDescriptor.execute(TestMethodTestDescriptor.java:139)\r\n        at org.junit.jupiter.engine.descriptor.TestMethodTestDescriptor.execute(TestMethodTestDescriptor.java:69)\r\n        at org.junit.platform.engine.support.hierarchical.NodeTestTask.lambda$executeRecursively$6(NodeTestTask.java:151)\r\n        at org.junit.platform.engine.support.hierarchical.ThrowableCollector.execute(ThrowableCollector.java:73)\r\n        at org.junit.platform.engine.support.hierarchical.NodeTestTask.lambda$executeRecursively$8(NodeTestTask.java:141)\r\n        at org.junit.platform.engine.support.hierarchical.Node.around(Node.java:137)\r\n        at org.junit.platform.engine.support.hierarchical.NodeTestTask.lambda$executeRecursively$9(NodeTestTask.java:139)\r\n        at org.junit.platform.engine.support.hierarchical.ThrowableCollector.execute(ThrowableCollector.java:73)\r\n        at org.junit.platform.engine.support.hierarchical.NodeTestTask.executeRecursively(NodeTestTask.java:138)\r\n        at org.junit.platform.engine.support.hierarchical.NodeTestTask.execute(NodeTestTask.java:95)\r\n        at java.base/java.util.ArrayList.forEach(ArrayList.java:1511)\r\n        at org.junit.platform.engine.support.hierarchical.SameThreadHierarchicalTestExecutorService.invokeAll(SameThreadHierarchicalTestExecutorService.java:41)\r\n        at org.junit.platform.engine.support.hierarchical.NodeTestTask.lambda$executeRecursively$6(NodeTestTask.java:155)\r\n        at org.junit.platform.engine.support.hierarchical.ThrowableCollector.execute(ThrowableCollector.java:73)\r\n        at org.junit.platform.engine.support.hierarchical.NodeTestTask.lambda$executeRecursively$8(NodeTestTask.java:141)\r\n        at org.junit.platform.engine.support.hierarchical.Node.around(Node.java:137)\r\n        at org.junit.platform.engine.support.hierarchical.NodeTestTask.lambda$executeRecursively$9(NodeTestTask.java:139)\r\n        at org.junit.platform.engine.support.hierarchical.ThrowableCollector.execute(ThrowableCollector.java:73)\r\n        at org.junit.platform.engine.support.hierarchical.NodeTestTask.executeRecursively(NodeTestTask.java:138)\r\n        at org.junit.platform.engine.support.hierarchical.NodeTestTask.execute(NodeTestTask.java:95)\r\n        at java.base/java.util.ArrayList.forEach(ArrayList.java:1511)\r\n        at org.junit.platform.engine.support.hierarchical.SameThreadHierarchicalTestExecutorService.invokeAll(SameThreadHierarchicalTestExecutorService.java:41)\r\n        at org.junit.platform.engine.support.hierarchical.NodeTestTask.lambda$executeRecursively$6(NodeTestTask.java:155)\r\n        at org.junit.platform.engine.support.hierarchical.ThrowableCollector.execute(ThrowableCollector.java:73)\r\n        at org.junit.platform.engine.support.hierarchical.NodeTestTask.lambda$executeRecursively$8(NodeTestTask.java:141)\r\n        at org.junit.platform.engine.support.hierarchical.Node.around(Node.java:137)\r\n        at org.junit.platform.engine.support.hierarchical.NodeTestTask.lambda$executeRecursively$9(NodeTestTask.java:139)\r\n        at org.junit.platform.engine.support.hierarchical.ThrowableCollector.execute(ThrowableCollector.java:73)\r\n        at org.junit.platform.engine.support.hierarchical.NodeTestTask.executeRecursively(NodeTestTask.java:138)\r\n        at org.junit.platform.engine.support.hierarchical.NodeTestTask.execute(NodeTestTask.java:95)\r\n        at org.junit.platform.engine.support.hierarchical.SameThreadHierarchicalTestExecutorService.submit(SameThreadHierarchicalTestExecutorService.java:35)\r\n        at org.junit.platform.engine.support.hierarchical.HierarchicalTestExecutor.execute(HierarchicalTestExecutor.java:57)\r\n        at org.junit.platform.engine.support.hierarchical.HierarchicalTestEngine.execute(HierarchicalTestEngine.java:54)\r\n        at org.junit.platform.launcher.core.EngineExecutionOrchestrator.execute(EngineExecutionOrchestrator.java:107)\r\n        at org.junit.platform.launcher.core.EngineExecutionOrchestrator.execute(EngineExecutionOrchestrator.java:88)\r\n        at org.junit.platform.launcher.core.EngineExecutionOrchestrator.lambda$execute$0(EngineExecutionOrchestrator.java:54)\r\n        at org.junit.platform.launcher.core.EngineExecutionOrchestrator.withInterceptedStreams(EngineExecutionOrchestrator.java:67)\r\n        at org.junit.platform.launcher.core.EngineExecutionOrchestrator.execute(EngineExecutionOrchestrator.java:52)\r\n        at org.junit.platform.launcher.core.DefaultLauncher.execute(DefaultLauncher.java:114)\r\n        at org.junit.platform.launcher.core.DefaultLauncher.execute(DefaultLauncher.java:86)\r\n        at org.junit.platform.launcher.core.DefaultLauncherSession$DelegatingLauncher.execute(DefaultLauncherSession.java:86)\r\n        at org.gradle.api.internal.tasks.testing.junitplatform.JUnitPlatformTestClassProcessor$CollectAllTestClassesExecutor.processAllTestClasses(JUnitPlatformTestClassProcessor.java:119)\r\n        at org.gradle.api.internal.tasks.testing.junitplatform.JUnitPlatformTestClassProcessor$CollectAllTestClassesExecutor.access$000(JUnitPlatformTestClassProcessor.java:94)\r\n        at org.gradle.api.internal.tasks.testing.junitplatform.JUnitPlatformTestClassProcessor.stop(JUnitPlatformTestClassProcessor.java:89)\r\n        at org.gradle.api.internal.tasks.testing.SuiteTestClassProcessor.stop(SuiteTestClassProcessor.java:62)\r\n        at java.base/jdk.internal.reflect.NativeMethodAccessorImpl.invoke0(Native Method)\r\n        at java.base/jdk.internal.reflect.NativeMethodAccessorImpl.invoke(NativeMethodAccessorImpl.java:77)\r\n        at java.base/jdk.internal.reflect.DelegatingMethodAccessorImpl.invoke(DelegatingMethodAccessorImpl.java:43)\r\n        at java.base/java.lang.reflect.Method.invoke(Method.java:569)\r\n        at org.gradle.internal.dispatch.ReflectionDispatch.dispatch(ReflectionDispatch.java:36)\r\n        at org.gradle.internal.dispatch.ReflectionDispatch.dispatch(ReflectionDispatch.java:24)\r\n        at org.gradle.internal.dispatch.ContextClassLoaderDispatch.dispatch(ContextClassLoaderDispatch.java:33)\r\n        at org.gradle.internal.dispatch.ProxyDispatchAdapter$DispatchingInvocationHandler.invoke(ProxyDispatchAdapter.java:94)\r\n        at jdk.proxy1/jdk.proxy1.$Proxy2.stop(Unknown Source)\r\n        at org.gradle.api.internal.tasks.testing.worker.TestWorker$3.run(TestWorker.java:193)\r\n        at org.gradle.api.internal.tasks.testing.worker.TestWorker.executeAndMaintainThreadName(TestWorker.java:129)\r\n        at org.gradle.api.internal.tasks.testing.worker.TestWorker.execute(TestWorker.java:100)\r\n        at org.gradle.api.internal.tasks.testing.worker.TestWorker.execute(TestWorker.java:60)\r\n        at org.gradle.process.internal.worker.child.ActionExecutionWorker.execute(ActionExecutionWorker.java:56)\r\n        at org.gradle.process.internal.worker.child.SystemApplicationClassLoaderWorker.call(SystemApplicationClassLoaderWorker.java:113)\r\n        at org.gradle.process.internal.worker.child.SystemApplicationClassLoaderWorker.call(SystemApplicationClassLoaderWorker.java:65)\r\n        at worker.org.gradle.process.internal.worker.GradleWorkerMain.run(GradleWorkerMain.java:69)\r\n        at worker.org.gradle.process.internal.worker.GradleWorkerMain.main(GradleWorkerMain.java:74)\r\n        at java.base@17.0.14/jdk.internal.reflect.NativeConstructorAccessorImpl.newInstance0(Native Method)\r\n        at java.base@17.0.14/jdk.internal.reflect.NativeConstructorAccessorImpl.newInstance(NativeConstructorAccessorImpl.java:77)\r\n        at java.base@17.0.14/jdk.internal.reflect.DelegatingConstructorAccessorImpl.newInstance(DelegatingConstructorAccessorImpl.java:45)\r\n        at java.base@17.0.14/java.lang.reflect.Constructor.newInstanceWithCaller(Constructor.java:500)\r\n        at app//WordProblemSolverTest.testTwoNumbersAfterOperation(WordProblemSolverTest.java:126)\r\n\r\nWordProblemSolverTest > testNonMathQuestion() PASSED\r\n\r\nWordProblemSolverTest > testSingleAdditionOfLargeNumbers() PASSED\r\n\r\nWordProblemSolverTest > testAdditionThenMultiplication() PASSED\r\n\r\n23 tests completed, 4 failed\r\n\r\nFAILURE: Build failed with an exception.\r\n\r\n* What went wrong:\r\nExecution failed for task ':test'.\r\n> There were failing tests. See the report at: file:///Users/cte/Documents/evals/java/wordy/build/reports/tests/test/index.html\r\n\r\n* Try:\r\n> Run with --scan to get full insights.\r\n\r\nDeprecated Gradle features were used in this build, making it incompatible with Gradle 9.0.\r\n\r\nYou can use '--warning-mode all' to show the individual deprecation warnings and determine if they come from your own scripts or plugins.\r\n\r\nFor more on this, please refer to https://docs.gradle.org/8.7/userguide/command_line_interface.html#sec:command_line_warnings in the Gradle documentation.\r\n\r\nBUILD FAILED in 789ms\r\n3 actionable tasks: 3 executed\r\n\r\n\r\n"
}
[2025-04-04T04:51:31.687Z] {
  "ts": 1743742291641,
  "type": "ask",
  "ask": "command_output",
  "text": "<-------------> 0% WAITING> IDLE%                                                                                    \r \r"
}
[2025-04-04T04:51:31.742Z] {
  "ts": 1743742291710,
  "type": "say",
  "say": "api_req_started",
  "text": "{\"request\":\"[execute_command for './gradlew test'] Result:\\n\\nCommand executed in terminal 1 within working directory '/Users/cte/Documents/evals/java/wordy'. Command execution was not successful, inspect the cause and adjust as needed.\\nExit code: 1\\nOutput:\\n\\r\\n\\r\\n<-------------> 0% CONFIGURING [11ms]> root project<===========--> 85% EXECUTING [114ms]> :test > 0 tests completed<===========--> 85% EXECUTING [209ms]<===========--> 85% EXECUTING [314ms]<===========--> 85% EXECUTING [410ms]\\r\\n> Task :test FAILED\\r\\n\\r\\nWordProblemSolverTest > testSingleMultiplication() PASSED\\r\\n\\r\\nWordProblemSolverTest > testMultipleDivisions() PASSED\\r\\n\\r\\nWordProblemSolverTest > testUnknownOperation() PASSED\\r\\n\\r\\nWordProblemSolverTest > testJustANumber() PASSED\\r\\n\\r\\nWordProblemSolverTest > testSingleDivision() PASSED\\r\\n\\r\\nWordProblemSolverTest > testAdditionThenSubtraction() PASSED\\r\\n\\r\\nWordProblemSolverTest > testNoOperandsOrOperators() PASSED\\r\\n\\r\\nWordProblemSolverTest > testMissingAnOperand() PASSED\\r\\n\\r\\nWordProblemSolverTest > testSingleAdditionWithNegativeNumbers() PASSED\\r\\n\\r\\nWordProblemSolverTest > testMultipleAdditions() PASSED\\r\\n\\r\\nWordProblemSolverTest > testTwoOperationsInARow() FAILED\\r\\n    org.opentest4j.AssertionFailedError: \\r\\n    Expecting message to be:\\r\\n      \\\"I'm sorry, I don't understand the question!\\\"\\r\\n    but was:\\r\\n      \\\"Syntax error!\\\"\\r\\n\\r\\n    Throwable that failed the check:\\r\\n\\r\\n    java.lang.IllegalArgumentException: Syntax error!\\r\\n        at WordProblemSolver.solve(WordProblemSolver.java:40)\\r\\n        at WordProblemSolverTest.lambda$testTwoOperationsInARow$4(WordProblemSolverTest.java:118)\\r\\n        at org.assertj.core.api.ThrowableAssert.catchThrowable(ThrowableAssert.java:63)\\r\\n        at org.assertj.core.api.ThrowableTypeAssert.isThrownBy(ThrowableTypeAssert.java:59)\\r\\n        at WordProblemSolverTest.testTwoOperationsInARow(WordProblemSolverTest.java:118)\\r\\n        at java.base/jdk.internal.reflect.NativeMethodAccessorImpl.invoke0(Native Method)\\r\\n        at java.base/jdk.internal.reflect.NativeMethodAccessorImpl.invoke(NativeMethodAccessorImpl.java:77)\\r\\n        at java.base/jdk.internal.reflect.DelegatingMethodAccessorImpl.invoke(DelegatingMethodAccessorImpl.java:43)\\r\\n        at java.base/java.lang.reflect.Method.invoke(Method.java:569)\\r\\n        at org.junit.platform.commons.util.ReflectionUtils.invokeMethod(ReflectionUtils.java:728)\\r\\n        at org.junit.jupiter.engine.execution.MethodInvocation.proceed(MethodInvocation.java:60)\\r\\n        at org.junit.jupiter.engine.execution.InvocationInterceptorChain$ValidatingInvocation.proceed(InvocationInterceptorChain.java:131)\\r\\n        at org.junit.jupiter.engine.extension.TimeoutExtension.intercept(TimeoutExtension.java:156)\\r\\n        at org.junit.jupiter.engine.extension.TimeoutExtension.interceptTestableMethod(TimeoutExtension.java:147)\\r\\n        at org.junit.jupiter.engine.extension.TimeoutExtension.interceptTestMethod(TimeoutExtension.java:86)\\r\\n        at org.junit.jupiter.engine.execution.InterceptingExecutableInvoker$ReflectiveInterceptorCall.lambda$ofVoidMethod$0(InterceptingExecutableInvoker.java:103)\\r\\n        at org.junit.jupiter.engine.execution.InterceptingExecutableInvoker.lambda$invoke$0(InterceptingExecutableInvoker.java:93)\\r\\n        at org.junit.jupiter.engine.execution.InvocationInterceptorChain$InterceptedInvocation.proceed(InvocationInterceptorChain.java:106)\\r\\n        at org.junit.jupiter.engine.execution.InvocationInterceptorChain.proceed(InvocationInterceptorChain.java:64)\\r\\n        at org.junit.jupiter.engine.execution.InvocationInterceptorChain.chainAndInvoke(InvocationInterceptorChain.java:45)\\r\\n        at org.junit.jupiter.engine.execution.InvocationInterceptorChain.invoke(InvocationInterceptorChain.java:37)\\r\\n        at org.junit.jupiter.engine.execution.InterceptingExecutableInvoker.invoke(InterceptingExecutableInvoker.java:92)\\r\\n        at org.junit.jupiter.engine.execution.InterceptingExecutableInvoker.invoke(InterceptingExecutableInvoker.java:86)\\r\\n        at org.junit.jupiter.engine.descriptor.TestMethodTestDescriptor.lambda$invokeTestMethod$7(TestMethodTestDescriptor.java:218)\\r\\n        at org.junit.platform.engine.support.hierarchical.ThrowableCollector.execute(ThrowableCollector.java:73)\\r\\n        at org.junit.jupiter.engine.descriptor.TestMethodTestDescriptor.invokeTestMethod(TestMethodTestDescriptor.java:214)\\r\\n        at org.junit.jupiter.engine.descriptor.TestMethodTestDescriptor.execute(TestMethodTestDescriptor.java:139)\\r\\n        at org.junit.jupiter.engine.descriptor.TestMethodTestDescriptor.execute(TestMethodTestDescriptor.java:69)\\r\\n        at org.junit.platform.engine.support.hierarchical.NodeTestTask.lambda$executeRecursively$6(NodeTestTask.java:151)\\r\\n        at org.junit.platform.engine.support.hierarchical.ThrowableCollector.execute(ThrowableCollector.java:73)\\r\\n        at org.junit.platform.engine.support.hierarchical.NodeTestTask.lambda$executeRecursively$8(NodeTestTask.java:141)\\r\\n        at org.junit.platform.engine.support.hierarchical.Node.around(Node.java:137)\\r\\n        at org.junit.platform.engine.support.hierarchical.NodeTestTask.lambda$executeRecursively$9(NodeTestTask.java:139)\\r\\n        at org.junit.platform.engine.support.hierarchical.ThrowableCollector.execute(ThrowableCollector.java:73)\\r\\n        at org.junit.platform.engine.support.hierarchical.NodeTestTask.executeRecursively(NodeTestTask.java:138)\\r\\n        at org.junit.platform.engine.support.hierarchical.NodeTestTask.execute(NodeTestTask.java:95)\\r\\n        at java.base/java.util.ArrayList.forEach(ArrayList.java:1511)\\r\\n        at org.junit.platform.engine.support.hierarchical.SameThreadHierarchicalTestExecutorService.invokeAll(SameThreadHierarchicalTestExecutorService.java:41)\\r\\n        at org.junit.platform.engine.support.hierarchical.NodeTestTask.lambda$executeRecursively$6(NodeTestTask.java:155)\\r\\n        at org.junit.platform.engine.support.hierarchical.ThrowableCollector.execute(ThrowableCollector.java:73)\\r\\n        at org.junit.platform.engine.support.hierarchical.NodeTestTask.lambda$executeRecursively$8(NodeTestTask.java:141)\\r\\n        at org.junit.platform.engine.support.hierarchical.Node.around(Node.java:137)\\r\\n        at org.junit.platform.engine.support.hierarchical.NodeTestTask.lambda$executeRecursively$9(NodeTestTask.java:139)\\r\\n        at org.junit.platform.engine.support.hierarchical.ThrowableCollector.execute(ThrowableCollector.java:73)\\r\\n        at org.junit.platform.engine.support.hierarchical.NodeTestTask.executeRecursively(NodeTestTask.java:138)\\r\\n        at org.junit.platform.engine.support.hierarchical.NodeTestTask.execute(NodeTestTask.java:95)\\r\\n        at java.base/java.util.ArrayList.forEach(ArrayList.java:1511)\\r\\n        at org.junit.platform.engine.support.hierarchical.SameThreadHierarchicalTestExecutorService.invokeAll(SameThreadHierarchicalTestExecutorService.java:41)\\r\\n        at org.junit.platform.engine.support.hierarchical.NodeTestTask.lambda$executeRecursively$6(NodeTestTask.java:155)\\r\\n        at org.junit.platform.engine.support.hierarchical.ThrowableCollector.execute(ThrowableCollector.java:73)\\r\\n        at org.junit.platform.engine.support.hierarchical.NodeTestTask.lambda$executeRecursively$8(NodeTestTask.java:141)\\r\\n        at org.junit.platform.engine.support.hierarchical.Node.around(Node.java:137)\\r\\n        at org.junit.platform.engine.support.hierarchical.NodeTestTask.lambda$executeRecursively$9(NodeTestTask.java:139)\\r\\n        at org.junit.platform.engine.support.hierarchical.ThrowableCollector.execute(ThrowableCollector.java:73)\\r\\n        at org.junit.platform.engine.support.hierarchical.NodeTestTask.executeRecursively(NodeTestTask.java:138)\\r\\n        at org.junit.platform.engine.support.hierarchical.NodeTestTask.execute(NodeTestTask.java:95)\\r\\n        at org.junit.platform.engine.support.hierarchical.SameThreadHierarchicalTestExecutorService.submit(SameThreadHierarchicalTestExecutorService.java:35)\\r\\n        at org.junit.platform.engine.support.hierarchical.HierarchicalTestExecutor.execute(HierarchicalTestExecutor.java:57)\\r\\n        at org.junit.platform.engine.support.hierarchical.HierarchicalTestEngine.execute(HierarchicalTestEngine.java:54)\\r\\n        at org.junit.platform.launcher.core.EngineExecutionOrchestrator.execute(EngineExecutionOrchestrator.java:107)\\r\\n        at org.junit.platform.launcher.core.EngineExecutionOrchestrator.execute(EngineExecutionOrchestrator.java:88)\\r\\n        at org.junit.platform.launcher.core.EngineExecutionOrchestrator.lambda$execute$0(EngineExecutionOrchestrator.java:54)\\r\\n        at org.junit.platform.launcher.core.EngineExecutionOrchestrator.withInterceptedStreams(EngineExecutionOrchestrator.java:67)\\r\\n        at org.junit.platform.launcher.core.EngineExecutionOrchestrator.execute(EngineExecutionOrchestrator.java:52)\\r\\n        at org.junit.platform.launcher.core.DefaultLauncher.execute(DefaultLauncher.java:114)\\r\\n        at org.junit.platform.launcher.core.DefaultLauncher.execute(DefaultLauncher.java:86)\\r\\n        at org.junit.platform.launcher.core.DefaultLauncherSession$DelegatingLauncher.execute(DefaultLauncherSession.java:86)\\r\\n        at org.gradle.api.internal.tasks.testing.junitplatform.JUnitPlatformTestClassProcessor$CollectAllTestClassesExecutor.processAllTestClasses(JUnitPlatformTestClassProcessor.java:119)\\r\\n        at org.gradle.api.internal.tasks.testing.junitplatform.JUnitPlatformTestClassProcessor$CollectAllTestClassesExecutor.access$000(JUnitPlatformTestClassProcessor.java:94)\\r\\n        at org.gradle.api.internal.tasks.testing.junitplatform.JUnitPlatformTestClassProcessor.stop(JUnitPlatformTestClassProcessor.java:89)\\r\\n        at org.gradle.api.internal.tasks.testing.SuiteTestClassProcessor.stop(SuiteTestClassProcessor.java:62)\\r\\n        at java.base/jdk.internal.reflect.NativeMethodAccessorImpl.invoke0(Native Method)\\r\\n        at java.base/jdk.internal.reflect.NativeMethodAccessorImpl.invoke(NativeMethodAccessorImpl.java:77)\\r\\n        at java.base/jdk.internal.reflect.DelegatingMethodAccessorImpl.invoke(DelegatingMethodAccessorImpl.java:43)\\r\\n        at java.base/java.lang.reflect.Method.invoke(Method.java:569)\\r\\n        at org.gradle.internal.dispatch.ReflectionDispatch.dispatch(ReflectionDispatch.java:36)\\r\\n        at org.gradle.internal.dispatch.ReflectionDispatch.dispatch(ReflectionDispatch.java:24)\\r\\n        at org.gradle.internal.dispatch.ContextClassLoaderDispatch.dispatch(ContextClassLoaderDispatch.java:33)\\r\\n        at org.gradle.internal.dispatch.ProxyDispatchAdapter$DispatchingInvocationHandler.invoke(ProxyDispatchAdapter.java:94)\\r\\n        at jdk.proxy1/jdk.proxy1.$Proxy2.stop(Unknown Source)\\r\\n        at org.gradle.api.internal.tasks.testing.worker.TestWorker$3.run(TestWorker.java:193)\\r\\n        at org.gradle.api.internal.tasks.testing.worker.TestWorker.executeAndMaintainThreadName(TestWorker.java:129)\\r\\n        at org.gradle.api.internal.tasks.testing.worker.TestWorker.execute(TestWorker.java:100)\\r\\n        at org.gradle.api.internal.tasks.testing.worker.TestWorker.execute(TestWorker.java:60)\\r\\n        at org.gradle.process.internal.worker.child.ActionExecutionWorker.execute(ActionExecutionWorker.java:56)\\r\\n        at org.gradle.process.internal.worker.child.SystemApplicationClassLoaderWorker.call(SystemApplicationClassLoaderWorker.java:113)\\r\\n        at org.gradle.process.internal.worker.child.SystemApplicationClassLoaderWorker.call(SystemApplicationClassLoaderWorker.java:65)\\r\\n        at worker.org.gradle.process.internal.worker.GradleWorkerMain.run(GradleWorkerMain.java:69)\\r\\n        at worker.org.gradle.process.internal.worker.GradleWorkerMain.main(GradleWorkerMain.java:74)\\r\\n        at java.base@17.0.14/jdk.internal.reflect.NativeConstructorAccessorImpl.newInstance0(Native Method)\\r\\n        at java.base@17.0.14/jdk.internal.reflect.NativeConstructorAccessorImpl.newInstance(NativeConstructorAccessorImpl.java:77)\\r\\n        at java.base@17.0.14/jdk.internal.reflect.DelegatingConstructorAccessorImpl.newInstance(DelegatingConstructorAccessorImpl.java:45)\\r\\n        at java.base@17.0.14/java.lang.reflect.Constructor.newInstanceWithCaller(Constructor.java:500)\\r\\n        at app//WordProblemSolverTest.testTwoOperationsInARow(WordProblemSolverTest.java:119)\\r\\n\\r\\nWordProblemSolverTest > testSubtractionThenAddition() PASSED\\r\\n\\r\\nWordProblemSolverTest > testPrefixNotation() FAILED\\r\\n    org.opentest4j.AssertionFailedError: \\r\\n    Expecting message to be:\\r\\n      \\\"I'm sorry, I don't understand the question!\\\"\\r\\n    but was:\\r\\n      \\\"Syntax error!\\\"\\r\\n\\r\\n    Throwable that failed the check:\\r\\n\\r\\n    java.lang.IllegalArgumentException: Syntax error!\\r\\n        at WordProblemSolver.solve(WordProblemSolver.java:40)\\r\\n        at WordProblemSolverTest.lambda$testPrefixNotation$7(WordProblemSolverTest.java:139)\\r\\n        at org.assertj.core.api.ThrowableAssert.catchThrowable(ThrowableAssert.java:63)\\r\\n        at org.assertj.core.api.ThrowableTypeAssert.isThrownBy(ThrowableTypeAssert.java:59)\\r\\n        at WordProblemSolverTest.testPrefixNotation(WordProblemSolverTest.java:139)\\r\\n        at java.base/jdk.internal.reflect.NativeMethodAccessorImpl.invoke0(Native Method)\\r\\n        at java.base/jdk.internal.reflect.NativeMethodAccessorImpl.invoke(NativeMethodAccessorImpl.java:77)\\r\\n        at java.base/jdk.internal.reflect.DelegatingMethodAccessorImpl.invoke(DelegatingMethodAccessorImpl.java:43)\\r\\n        at java.base/java.lang.reflect.Method.invoke(Method.java:569)\\r\\n        at org.junit.platform.commons.util.ReflectionUtils.invokeMethod(ReflectionUtils.java:728)\\r\\n        at org.junit.jupiter.engine.execution.MethodInvocation.proceed(MethodInvocation.java:60)\\r\\n        at org.junit.jupiter.engine.execution.InvocationInterceptorChain$ValidatingInvocation.proceed(InvocationInterceptorChain.java:131)\\r\\n        at org.junit.jupiter.engine.extension.TimeoutExtension.intercept(TimeoutExtension.java:156)\\r\\n        at org.junit.jupiter.engine.extension.TimeoutExtension.interceptTestableMethod(TimeoutExtension.java:147)\\r\\n        at org.junit.jupiter.engine.extension.TimeoutExtension.interceptTestMethod(TimeoutExtension.java:86)\\r\\n        at org.junit.jupiter.engine.execution.InterceptingExecutableInvoker$ReflectiveInterceptorCall.lambda$ofVoidMethod$0(InterceptingExecutableInvoker.java:103)\\r\\n        at org.junit.jupiter.engine.execution.InterceptingExecutableInvoker.lambda$invoke$0(InterceptingExecutableInvoker.java:93)\\r\\n        at org.junit.jupiter.engine.execution.InvocationInterceptorChain$InterceptedInvocation.proceed(InvocationInterceptorChain.java:106)\\r\\n        at org.junit.jupiter.engine.execution.InvocationInterceptorChain.proceed(InvocationInterceptorChain.java:64)\\r\\n        at org.junit.jupiter.engine.execution.InvocationInterceptorChain.chainAndInvoke(InvocationInterceptorChain.java:45)\\r\\n        at org.junit.jupiter.engine.execution.InvocationInterceptorChain.invoke(InvocationInterceptorChain.java:37)\\r\\n        at org.junit.jupiter.engine.execution.InterceptingExecutableInvoker.invoke(InterceptingExecutableInvoker.java:92)\\r\\n        at org.junit.jupiter.engine.execution.InterceptingExecutableInvoker.invoke(InterceptingExecutableInvoker.java:86)\\r\\n        at org.junit.jupiter.engine.descriptor.TestMethodTestDescriptor.lambda$invokeTestMethod$7(TestMethodTestDescriptor.java:218)\\r\\n        at org.junit.platform.engine.support.hierarchical.ThrowableCollector.execute(ThrowableCollector.java:73)\\r\\n        at org.junit.jupiter.engine.descriptor.TestMethodTestDescriptor.invokeTestMethod(TestMethodTestDescriptor.java:214)\\r\\n        at org.junit.jupiter.engine.descriptor.TestMethodTestDescriptor.execute(TestMethodTestDescriptor.java:139)\\r\\n        at org.junit.jupiter.engine.descriptor.TestMethodTestDescriptor.execute(TestMethodTestDescriptor.java:69)\\r\\n        at org.junit.platform.engine.support.hierarchical.NodeTestTask.lambda$executeRecursively$6(NodeTestTask.java:151)\\r\\n        at org.junit.platform.engine.support.hierarchical.ThrowableCollector.execute(ThrowableCollector.java:73)\\r\\n        at org.junit.platform.engine.support.hierarchical.NodeTestTask.lambda$executeRecursively$8(NodeTestTask.java:141)\\r\\n        at org.junit.platform.engine.support.hierarchical.Node.around(Node.java:137)\\r\\n        at org.junit.platform.engine.support.hierarchical.NodeTestTask.lambda$executeRecursively$9(NodeTestTask.java:139)\\r\\n        at org.junit.platform.engine.support.hierarchical.ThrowableCollector.execute(ThrowableCollector.java:73)\\r\\n        at org.junit.platform.engine.support.hierarchical.NodeTestTask.executeRecursively(NodeTestTask.java:138)\\r\\n        at org.junit.platform.engine.support.hierarchical.NodeTestTask.execute(NodeTestTask.java:95)\\r\\n        at java.base/java.util.ArrayList.forEach(ArrayList.java:1511)\\r\\n        at org.junit.platform.engine.support.hierarchical.SameThreadHierarchicalTestExecutorService.invokeAll(SameThreadHierarchicalTestExecutorService.java:41)\\r\\n        at org.junit.platform.engine.support.hierarchical.NodeTestTask.lambda$executeRecursively$6(NodeTestTask.java:155)\\r\\n        at org.junit.platform.engine.support.hierarchical.ThrowableCollector.execute(ThrowableCollector.java:73)\\r\\n        at org.junit.platform.engine.support.hierarchical.NodeTestTask.lambda$executeRecursively$8(NodeTestTask.java:141)\\r\\n        at org.junit.platform.engine.support.hierarchical.Node.around(Node.java:137)\\r\\n        at org.junit.platform.engine.support.hierarchical.NodeTestTask.lambda$executeRecursively$9(NodeTestTask.java:139)\\r\\n        at org.junit.platform.engine.support.hierarchical.ThrowableCollector.execute(ThrowableCollector.java:73)\\r\\n        at org.junit.platform.engine.support.hierarchical.NodeTestTask.executeRecursively(NodeTestTask.java:138)\\r\\n        at org.junit.platform.engine.support.hierarchical.NodeTestTask.execute(NodeTestTask.java:95)\\r\\n        at java.base/java.util.ArrayList.forEach(ArrayList.java:1511)\\r\\n        at org.junit.platform.engine.support.hierarchical.SameThreadHierarchicalTestExecutorService.invokeAll(SameThreadHierarchicalTestExecutorService.java:41)\\r\\n        at org.junit.platform.engine.support.hierarchical.NodeTestTask.lambda$executeRecursively$6(NodeTestTask.java:155)\\r\\n        at org.junit.platform.engine.support.hierarchical.ThrowableCollector.execute(ThrowableCollector.java:73)\\r\\n        at org.junit.platform.engine.support.hierarchical.NodeTestTask.lambda$executeRecursively$8(NodeTestTask.java:141)\\r\\n        at org.junit.platform.engine.support.hierarchical.Node.around(Node.java:137)\\r\\n        at org.junit.platform.engine.support.hierarchical.NodeTestTask.lambda$executeRecursively$9(NodeTestTask.java:139)\\r\\n        at org.junit.platform.engine.support.hierarchical.ThrowableCollector.execute(ThrowableCollector.java:73)\\r\\n        at org.junit.platform.engine.support.hierarchical.NodeTestTask.executeRecursively(NodeTestTask.java:138)\\r\\n        at org.junit.platform.engine.support.hierarchical.NodeTestTask.execute(NodeTestTask.java:95)\\r\\n        at org.junit.platform.engine.support.hierarchical.SameThreadHierarchicalTestExecutorService.submit(SameThreadHierarchicalTestExecutorService.java:35)\\r\\n        at org.junit.platform.engine.support.hierarchical.HierarchicalTestExecutor.execute(HierarchicalTestExecutor.java:57)\\r\\n        at org.junit.platform.engine.support.hierarchical.HierarchicalTestEngine.execute(HierarchicalTestEngine.java:54)\\r\\n        at org.junit.platform.launcher.core.EngineExecutionOrchestrator.execute(EngineExecutionOrchestrator.java:107)\\r\\n        at org.junit.platform.launcher.core.EngineExecutionOrchestrator.execute(EngineExecutionOrchestrator.java:88)\\r\\n        at org.junit.platform.launcher.core.EngineExecutionOrchestrator.lambda$execute$0(EngineExecutionOrchestrator.java:54)\\r\\n        at org.junit.platform.launcher.core.EngineExecutionOrchestrator.withInterceptedStreams(EngineExecutionOrchestrator.java:67)\\r\\n        at org.junit.platform.launcher.core.EngineExecutionOrchestrator.execute(EngineExecutionOrchestrator.java:52)\\r\\n        at org.junit.platform.launcher.core.DefaultLauncher.execute(DefaultLauncher.java:114)\\r\\n        at org.junit.platform.launcher.core.DefaultLauncher.execute(DefaultLauncher.java:86)\\r\\n        at org.junit.platform.launcher.core.DefaultLauncherSession$DelegatingLauncher.execute(DefaultLauncherSession.java:86)\\r\\n        at org.gradle.api.internal.tasks.testing.junitplatform.JUnitPlatformTestClassProcessor$CollectAllTestClassesExecutor.processAllTestClasses(JUnitPlatformTestClassProcessor.java:119)\\r\\n        at org.gradle.api.internal.tasks.testing.junitplatform.JUnitPlatformTestClassProcessor$CollectAllTestClassesExecutor.access$000(JUnitPlatformTestClassProcessor.java:94)\\r\\n        at org.gradle.api.internal.tasks.testing.junitplatform.JUnitPlatformTestClassProcessor.stop(JUnitPlatformTestClassProcessor.java:89)\\r\\n        at org.gradle.api.internal.tasks.testing.SuiteTestClassProcessor.stop(SuiteTestClassProcessor.java:62)\\r\\n        at java.base/jdk.internal.reflect.NativeMethodAccessorImpl.invoke0(Native Method)\\r\\n        at java.base/jdk.internal.reflect.NativeMethodAccessorImpl.invoke(NativeMethodAccessorImpl.java:77)\\r\\n        at java.base/jdk.internal.reflect.DelegatingMethodAccessorImpl.invoke(DelegatingMethodAccessorImpl.java:43)\\r\\n        at java.base/java.lang.reflect.Method.invoke(Method.java:569)\\r\\n        at org.gradle.internal.dispatch.ReflectionDispatch.dispatch(ReflectionDispatch.java:36)\\r\\n        at org.gradle.internal.dispatch.ReflectionDispatch.dispatch(ReflectionDispatch.java:24)\\r\\n        at org.gradle.internal.dispatch.ContextClassLoaderDispatch.dispatch(ContextClassLoaderDispatch.java:33)\\r\\n        at org.gradle.internal.dispatch.ProxyDispatchAdapter$DispatchingInvocationHandler.invoke(ProxyDispatchAdapter.java:94)\\r\\n        at jdk.proxy1/jdk.proxy1.$Proxy2.stop(Unknown Source)\\r\\n        at org.gradle.api.internal.tasks.testing.worker.TestWorker$3.run(TestWorker.java:193)\\r\\n        at org.gradle.api.internal.tasks.testing.worker.TestWorker.executeAndMaintainThreadName(TestWorker.java:129)\\r\\n        at org.gradle.api.internal.tasks.testing.worker.TestWorker.execute(TestWorker.java:100)\\r\\n        at org.gradle.api.internal.tasks.testing.worker.TestWorker.execute(TestWorker.java:60)\\r\\n        at org.gradle.process.internal.worker.child.ActionExecutionWorker.execute(ActionExecutionWorker.java:56)\\r\\n        at org.gradle.process.internal.worker.child.SystemApplicationClassLoaderWorker.call(SystemApplicationClassLoaderWorker.java:113)\\r\\n        at org.gradle.process.internal.worker.child.SystemApplicationClassLoaderWorker.call(SystemApplicationClassLoaderWorker.java:65)\\r\\n        at worker.org.gradle.process.internal.worker.GradleWorkerMain.run(GradleWorkerMain.java:69)\\r\\n        at worker.org.gradle.process.internal.worker.GradleWorkerMain.main(GradleWorkerMain.java:74)\\r\\n        at java.base@17.0.14/jdk.internal.reflect.NativeConstructorAccessorImpl.newInstance0(Native Method)\\r\\n        at java.base@17.0.14/jdk.internal.reflect.NativeConstructorAccessorImpl.newInstance(NativeConstructorAccessorImpl.java:77)\\r\\n        at java.base@17.0.14/jdk.internal.reflect.DelegatingConstructorAccessorImpl.newInstance(DelegatingConstructorAccessorImpl.java:45)\\r\\n        at java.base@17.0.14/java.lang.reflect.Constructor.newInstanceWithCaller(Constructor.java:500)\\r\\n        at app//WordProblemSolverTest.testPrefixNotation(WordProblemSolverTest.java:140)\\r\\n\\r\\nWordProblemSolverTest > testMultipleSubtractions() PASSED\\r\\n\\r\\nWordProblemSolverTest > testPostfixNotation() FAILED\\r\\n    org.opentest4j.AssertionFailedError: \\r\\n    Expecting message to be:\\r\\n      \\\"I'm sorry, I don't understand the question!\\\"\\r\\n    but was:\\r\\n      \\\"Syntax error!\\\"\\r\\n\\r\\n    Throwable that failed the check:\\r\\n\\r\\n    java.lang.IllegalArgumentException: Syntax error!\\r\\n        at WordProblemSolver.solve(WordProblemSolver.java:40)\\r\\n        at WordProblemSolverTest.lambda$testPostfixNotation$6(WordProblemSolverTest.java:132)\\r\\n        at org.assertj.core.api.ThrowableAssert.catchThrowable(ThrowableAssert.java:63)\\r\\n        at org.assertj.core.api.ThrowableTypeAssert.isThrownBy(ThrowableTypeAssert.java:59)\\r\\n        at WordProblemSolverTest.testPostfixNotation(WordProblemSolverTest.java:132)\\r\\n        at java.base/jdk.internal.reflect.NativeMethodAccessorImpl.invoke0(Native Method)\\r\\n        at java.base/jdk.internal.reflect.NativeMethodAccessorImpl.invoke(NativeMethodAccessorImpl.java:77)\\r\\n        at java.base/jdk.internal.reflect.DelegatingMethodAccessorImpl.invoke(DelegatingMethodAccessorImpl.java:43)\\r\\n        at java.base/java.lang.reflect.Method.invoke(Method.java:569)\\r\\n        at org.junit.platform.commons.util.ReflectionUtils.invokeMethod(ReflectionUtils.java:728)\\r\\n        at org.junit.jupiter.engine.execution.MethodInvocation.proceed(MethodInvocation.java:60)\\r\\n        at org.junit.jupiter.engine.execution.InvocationInterceptorChain$ValidatingInvocation.proceed(InvocationInterceptorChain.java:131)\\r\\n        at org.junit.jupiter.engine.extension.TimeoutExtension.intercept(TimeoutExtension.java:156)\\r\\n        at org.junit.jupiter.engine.extension.TimeoutExtension.interceptTestableMethod(TimeoutExtension.java:147)\\r\\n        at org.junit.jupiter.engine.extension.TimeoutExtension.interceptTestMethod(TimeoutExtension.java:86)\\r\\n        at org.junit.jupiter.engine.execution.InterceptingExecutableInvoker$ReflectiveInterceptorCall.lambda$ofVoidMethod$0(InterceptingExecutableInvoker.java:103)\\r\\n        at org.junit.jupiter.engine.execution.InterceptingExecutableInvoker.lambda$invoke$0(InterceptingExecutableInvoker.java:93)\\r\\n        at org.junit.jupiter.engine.execution.InvocationInterceptorChain$InterceptedInvocation.proceed(InvocationInterceptorChain.java:106)\\r\\n        at org.junit.jupiter.engine.execution.InvocationInterceptorChain.proceed(InvocationInterceptorChain.java:64)\\r\\n        at org.junit.jupiter.engine.execution.InvocationInterceptorChain.chainAndInvoke(InvocationInterceptorChain.java:45)\\r\\n        at org.junit.jupiter.engine.execution.InvocationInterceptorChain.invoke(InvocationInterceptorChain.java:37)\\r\\n        at org.junit.jupiter.engine.execution.InterceptingExecutableInvoker.invoke(InterceptingExecutableInvoker.java:92)\\r\\n        at org.junit.jupiter.engine.execution.InterceptingExecutableInvoker.invoke(InterceptingExecutableInvoker.java:86)\\r\\n        at org.junit.jupiter.engine.descriptor.TestMethodTestDescriptor.lambda$invokeTestMethod$7(TestMethodTestDescriptor.java:218)\\r\\n        at org.junit.platform.engine.support.hierarchical.ThrowableCollector.execute(ThrowableCollector.java:73)\\r\\n        at org.junit.jupiter.engine.descriptor.TestMethodTestDescriptor.invokeTestMethod(TestMethodTestDescriptor.java:214)\\r\\n        at org.junit.jupiter.engine.descriptor.TestMethodTestDescriptor.execute(TestMethodTestDescriptor.java:139)\\r\\n        at org.junit.jupiter.engine.descriptor.TestMethodTestDescriptor.execute(TestMethodTestDescriptor.java:69)\\r\\n        at org.junit.platform.engine.support.hierarchical.NodeTestTask.lambda$executeRecursively$6(NodeTestTask.java:151)\\r\\n        at org.junit.platform.engine.support.hierarchical.ThrowableCollector.execute(ThrowableCollector.java:73)\\r\\n        at org.junit.platform.engine.support.hierarchical.NodeTestTask.lambda$executeRecursively$8(NodeTestTask.java:141)\\r\\n        at org.junit.platform.engine.support.hierarchical.Node.around(Node.java:137)\\r\\n        at org.junit.platform.engine.support.hierarchical.NodeTestTask.lambda$executeRecursively$9(NodeTestTask.java:139)\\r\\n        at org.junit.platform.engine.support.hierarchical.ThrowableCollector.execute(ThrowableCollector.java:73)\\r\\n        at org.junit.platform.engine.support.hierarchical.NodeTestTask.executeRecursively(NodeTestTask.java:138)\\r\\n        at org.junit.platform.engine.support.hierarchical.NodeTestTask.execute(NodeTestTask.java:95)\\r\\n        at java.base/java.util.ArrayList.forEach(ArrayList.java:1511)\\r\\n        at org.junit.platform.engine.support.hierarchical.SameThreadHierarchicalTestExecutorService.invokeAll(SameThreadHierarchicalTestExecutorService.java:41)\\r\\n        at org.junit.platform.engine.support.hierarchical.NodeTestTask.lambda$executeRecursively$6(NodeTestTask.java:155)\\r\\n        at org.junit.platform.engine.support.hierarchical.ThrowableCollector.execute(ThrowableCollector.java:73)\\r\\n        at org.junit.platform.engine.support.hierarchical.NodeTestTask.lambda$executeRecursively$8(NodeTestTask.java:141)\\r\\n        at org.junit.platform.engine.support.hierarchical.Node.around(Node.java:137)\\r\\n        at org.junit.platform.engine.support.hierarchical.NodeTestTask.lambda$executeRecursively$9(NodeTestTask.java:139)\\r\\n        at org.junit.platform.engine.support.hierarchical.ThrowableCollector.execute(ThrowableCollector.java:73)\\r\\n        at org.junit.platform.engine.support.hierarchical.NodeTestTask.executeRecursively(NodeTestTask.java:138)\\r\\n        at org.junit.platform.engine.support.hierarchical.NodeTestTask.execute(NodeTestTask.java:95)\\r\\n        at java.base/java.util.ArrayList.forEach(ArrayList.java:1511)\\r\\n        at org.junit.platform.engine.support.hierarchical.SameThreadHierarchicalTestExecutorService.invokeAll(SameThreadHierarchicalTestExecutorService.java:41)\\r\\n        at org.junit.platform.engine.support.hierarchical.NodeTestTask.lambda$executeRecursively$6(NodeTestTask.java:155)\\r\\n        at org.junit.platform.engine.support.hierarchical.ThrowableCollector.execute(ThrowableCollector.java:73)\\r\\n        at org.junit.platform.engine.support.hierarchical.NodeTestTask.lambda$executeRecursively$8(NodeTestTask.java:141)\\r\\n        at org.junit.platform.engine.support.hierarchical.Node.around(Node.java:137)\\r\\n        at org.junit.platform.engine.support.hierarchical.NodeTestTask.lambda$executeRecursively$9(NodeTestTask.java:139)\\r\\n        at org.junit.platform.engine.support.hierarchical.ThrowableCollector.execute(ThrowableCollector.java:73)\\r\\n        at org.junit.platform.engine.support.hierarchical.NodeTestTask.executeRecursively(NodeTestTask.java:138)\\r\\n        at org.junit.platform.engine.support.hierarchical.NodeTestTask.execute(NodeTestTask.java:95)\\r\\n        at org.junit.platform.engine.support.hierarchical.SameThreadHierarchicalTestExecutorService.submit(SameThreadHierarchicalTestExecutorService.java:35)\\r\\n        at org.junit.platform.engine.support.hierarchical.HierarchicalTestExecutor.execute(HierarchicalTestExecutor.java:57)\\r\\n        at org.junit.platform.engine.support.hierarchical.HierarchicalTestEngine.execute(HierarchicalTestEngine.java:54)\\r\\n        at org.junit.platform.launcher.core.EngineExecutionOrchestrator.execute(EngineExecutionOrchestrator.java:107)\\r\\n        at org.junit.platform.launcher.core.EngineExecutionOrchestrator.execute(EngineExecutionOrchestrator.java:88)\\r\\n        at org.junit.platform.launcher.core.EngineExecutionOrchestrator.lambda$execute$0(EngineExecutionOrchestrator.java:54)\\r\\n        at org.junit.platform.launcher.core.EngineExecutionOrchestrator.withInterceptedStreams(EngineExecutionOrchestrator.java:67)\\r\\n        at org.junit.platform.launcher.core.EngineExecutionOrchestrator.execute(EngineExecutionOrchestrator.java:52)\\r\\n        at org.junit.platform.launcher.core.DefaultLauncher.execute(DefaultLauncher.java:114)\\r\\n        at org.junit.platform.launcher.core.DefaultLauncher.execute(DefaultLauncher.java:86)\\r\\n        at org.junit.platform.launcher.core.DefaultLauncherSession$DelegatingLauncher.execute(DefaultLauncherSession.java:86)\\r\\n        at org.gradle.api.internal.tasks.testing.junitplatform.JUnitPlatformTestClassProcessor$CollectAllTestClassesExecutor.processAllTestClasses(JUnitPlatformTestClassProcessor.java:119)\\r\\n        at org.gradle.api.internal.tasks.testing.junitplatform.JUnitPlatformTestClassProcessor$CollectAllTestClassesExecutor.access$000(JUnitPlatformTestClassProcessor.java:94)\\r\\n        at org.gradle.api.internal.tasks.testing.junitplatform.JUnitPlatformTestClassProcessor.stop(JUnitPlatformTestClassProcessor.java:89)\\r\\n        at org.gradle.api.internal.tasks.testing.SuiteTestClassProcessor.stop(SuiteTestClassProcessor.java:62)\\r\\n        at java.base/jdk.internal.reflect.NativeMethodAccessorImpl.invoke0(Native Method)\\r\\n        at java.base/jdk.internal.reflect.NativeMethodAccessorImpl.invoke(NativeMethodAccessorImpl.java:77)\\r\\n        at java.base/jdk.internal.reflect.DelegatingMethodAccessorImpl.invoke(DelegatingMethodAccessorImpl.java:43)\\r\\n        at java.base/java.lang.reflect.Method.invoke(Method.java:569)\\r\\n        at org.gradle.internal.dispatch.ReflectionDispatch.dispatch(ReflectionDispatch.java:36)\\r\\n        at org.gradle.internal.dispatch.ReflectionDispatch.dispatch(ReflectionDispatch.java:24)\\r\\n        at org.gradle.internal.dispatch.ContextClassLoaderDispatch.dispatch(ContextClassLoaderDispatch.java:33)\\r\\n        at org.gradle.internal.dispatch.ProxyDispatchAdapter$DispatchingInvocationHandler.invoke(ProxyDispatchAdapter.java:94)\\r\\n        at jdk.proxy1/jdk.proxy1.$Proxy2.stop(Unknown Source)\\r\\n        at org.gradle.api.internal.tasks.testing.worker.TestWorker$3.run(TestWorker.java:193)\\r\\n        at org.gradle.api.internal.tasks.testing.worker.TestWorker.executeAndMaintainThreadName(TestWorker.java:129)\\r\\n        at org.gradle.api.internal.tasks.testing.worker.TestWorker.execute(TestWorker.java:100)\\r\\n        at org.gradle.api.internal.tasks.testing.worker.TestWorker.execute(TestWorker.java:60)\\r\\n        at org.gradle.process.internal.worker.child.ActionExecutionWorker.execute(ActionExecutionWorker.java:56)\\r\\n        at org.gradle.process.internal.worker.child.SystemApplicationClassLoaderWorker.call(SystemApplicationClassLoaderWorker.java:113)\\r\\n        at org.gradle.process.internal.worker.child.SystemApplicationClassLoaderWorker.call(SystemApplicationClassLoaderWorker.java:65)\\r\\n        at worker.org.gradle.process.internal.worker.GradleWorkerMain.run(GradleWorkerMain.java:69)\\r\\n        at worker.org.gradle.process.internal.worker.GradleWorkerMain.main(GradleWorkerMain.java:74)\\r\\n        at java.base@17.0.14/jdk.internal.reflect.NativeConstructorAccessorImpl.newInstance0(Native Method)\\r\\n        at java.base@17.0.14/jdk.internal.reflect.NativeConstructorAccessorImpl.newInstance(NativeConstructorAccessorImpl.java:77)\\r\\n        at java.base@17.0.14/jdk.internal.reflect.DelegatingConstructorAccessorImpl.newInstance(DelegatingConstructorAccessorImpl.java:45)\\r\\n        at java.base@17.0.14/java.lang.reflect.Constructor.newInstanceWithCaller(Constructor.java:500)\\r\\n        at app//WordProblemSolverTest.testPostfixNotation(WordProblemSolverTest.java:133)\\r\\n\\r\\nWordProblemSolverTest > testMultipleMultiplications() PASSED\\r\\n\\r\\nWordProblemSolverTest > testSingleSubtraction() PASSED\\r\\n\\r\\nWordProblemSolverTest > testSingleAddition1() PASSED\\r\\n\\r\\nWordProblemSolverTest > testSingleAddition2() PASSED\\r\\n\\r\\nWordProblemSolverTest > testTwoNumbersAfterOperation() FAILED\\r\\n    org.opentest4j.AssertionFailedError: \\r\\n    Expecting message to be:\\r\\n      \\\"I'm sorry, I don't understand the question!\\\"\\r\\n    but was:\\r\\n      \\\"Syntax error!\\\"\\r\\n\\r\\n    Throwable that failed the check:\\r\\n\\r\\n    java.lang.IllegalArgumentException: Syntax error!\\r\\n        at WordProblemSolver.solve(WordProblemSolver.java:40)\\r\\n        at WordProblemSolverTest.lambda$testTwoNumbersAfterOperation$5(WordProblemSolverTest.java:125)\\r\\n        at org.assertj.core.api.ThrowableAssert.catchThrowable(ThrowableAssert.java:63)\\r\\n        at org.assertj.core.api.ThrowableTypeAssert.isThrownBy(ThrowableTypeAssert.java:59)\\r\\n        at WordProblemSolverTest.testTwoNumbersAfterOperation(WordProblemSolverTest.java:125)\\r\\n        at java.base/jdk.internal.reflect.NativeMethodAccessorImpl.invoke0(Native Method)\\r\\n        at java.base/jdk.internal.reflect.NativeMethodAccessorImpl.invoke(NativeMethodAccessorImpl.java:77)\\r\\n        at java.base/jdk.internal.reflect.DelegatingMethodAccessorImpl.invoke(DelegatingMethodAccessorImpl.java:43)\\r\\n        at java.base/java.lang.reflect.Method.invoke(Method.java:569)\\r\\n        at org.junit.platform.commons.util.ReflectionUtils.invokeMethod(ReflectionUtils.java:728)\\r\\n        at org.junit.jupiter.engine.execution.MethodInvocation.proceed(MethodInvocation.java:60)\\r\\n        at org.junit.jupiter.engine.execution.InvocationInterceptorChain$ValidatingInvocation.proceed(InvocationInterceptorChain.java:131)\\r\\n        at org.junit.jupiter.engine.extension.TimeoutExtension.intercept(TimeoutExtension.java:156)\\r\\n        at org.junit.jupiter.engine.extension.TimeoutExtension.interceptTestableMethod(TimeoutExtension.java:147)\\r\\n        at org.junit.jupiter.engine.extension.TimeoutExtension.interceptTestMethod(TimeoutExtension.java:86)\\r\\n        at org.junit.jupiter.engine.execution.InterceptingExecutableInvoker$ReflectiveInterceptorCall.lambda$ofVoidMethod$0(InterceptingExecutableInvoker.java:103)\\r\\n        at org.junit.jupiter.engine.execution.InterceptingExecutableInvoker.lambda$invoke$0(InterceptingExecutableInvoker.java:93)\\r\\n        at org.junit.jupiter.engine.execution.InvocationInterceptorChain$InterceptedInvocation.proceed(InvocationInterceptorChain.java:106)\\r\\n        at org.junit.jupiter.engine.execution.InvocationInterceptorChain.proceed(InvocationInterceptorChain.java:64)\\r\\n        at org.junit.jupiter.engine.execution.InvocationInterceptorChain.chainAndInvoke(InvocationInterceptorChain.java:45)\\r\\n        at org.junit.jupiter.engine.execution.InvocationInterceptorChain.invoke(InvocationInterceptorChain.java:37)\\r\\n        at org.junit.jupiter.engine.execution.InterceptingExecutableInvoker.invoke(InterceptingExecutableInvoker.java:92)\\r\\n        at org.junit.jupiter.engine.execution.InterceptingExecutableInvoker.invoke(InterceptingExecutableInvoker.java:86)\\r\\n        at org.junit.jupiter.engine.descriptor.TestMethodTestDescriptor.lambda$invokeTestMethod$7(TestMethodTestDescriptor.java:218)\\r\\n        at org.junit.platform.engine.support.hierarchical.ThrowableCollector.execute(ThrowableCollector.java:73)\\r\\n        at org.junit.jupiter.engine.descriptor.TestMethodTestDescriptor.invokeTestMethod(TestMethodTestDescriptor.java:214)\\r\\n        at org.junit.jupiter.engine.descriptor.TestMethodTestDescriptor.execute(TestMethodTestDescriptor.java:139)\\r\\n        at org.junit.jupiter.engine.descriptor.TestMethodTestDescriptor.execute(TestMethodTestDescriptor.java:69)\\r\\n        at org.junit.platform.engine.support.hierarchical.NodeTestTask.lambda$executeRecursively$6(NodeTestTask.java:151)\\r\\n        at org.junit.platform.engine.support.hierarchical.ThrowableCollector.execute(ThrowableCollector.java:73)\\r\\n        at org.junit.platform.engine.support.hierarchical.NodeTestTask.lambda$executeRecursively$8(NodeTestTask.java:141)\\r\\n        at org.junit.platform.engine.support.hierarchical.Node.around(Node.java:137)\\r\\n        at org.junit.platform.engine.support.hierarchical.NodeTestTask.lambda$executeRecursively$9(NodeTestTask.java:139)\\r\\n        at org.junit.platform.engine.support.hierarchical.ThrowableCollector.execute(ThrowableCollector.java:73)\\r\\n        at org.junit.platform.engine.support.hierarchical.NodeTestTask.executeRecursively(NodeTestTask.java:138)\\r\\n        at org.junit.platform.engine.support.hierarchical.NodeTestTask.execute(NodeTestTask.java:95)\\r\\n        at java.base/java.util.ArrayList.forEach(ArrayList.java:1511)\\r\\n        at org.junit.platform.engine.support.hierarchical.SameThreadHierarchicalTestExecutorService.invokeAll(SameThreadHierarchicalTestExecutorService.java:41)\\r\\n        at org.junit.platform.engine.support.hierarchical.NodeTestTask.lambda$executeRecursively$6(NodeTestTask.java:155)\\r\\n        at org.junit.platform.engine.support.hierarchical.ThrowableCollector.execute(ThrowableCollector.java:73)\\r\\n        at org.junit.platform.engine.support.hierarchical.NodeTestTask.lambda$executeRecursively$8(NodeTestTask.java:141)\\r\\n        at org.junit.platform.engine.support.hierarchical.Node.around(Node.java:137)\\r\\n        at org.junit.platform.engine.support.hierarchical.NodeTestTask.lambda$executeRecursively$9(NodeTestTask.java:139)\\r\\n        at org.junit.platform.engine.support.hierarchical.ThrowableCollector.execute(ThrowableCollector.java:73)\\r\\n        at org.junit.platform.engine.support.hierarchical.NodeTestTask.executeRecursively(NodeTestTask.java:138)\\r\\n        at org.junit.platform.engine.support.hierarchical.NodeTestTask.execute(NodeTestTask.java:95)\\r\\n        at java.base/java.util.ArrayList.forEach(ArrayList.java:1511)\\r\\n        at org.junit.platform.engine.support.hierarchical.SameThreadHierarchicalTestExecutorService.invokeAll(SameThreadHierarchicalTestExecutorService.java:41)\\r\\n        at org.junit.platform.engine.support.hierarchical.NodeTestTask.lambda$executeRecursively$6(NodeTestTask.java:155)\\r\\n        at org.junit.platform.engine.support.hierarchical.ThrowableCollector.execute(ThrowableCollector.java:73)\\r\\n        at org.junit.platform.engine.support.hierarchical.NodeTestTask.lambda$executeRecursively$8(NodeTestTask.java:141)\\r\\n        at org.junit.platform.engine.support.hierarchical.Node.around(Node.java:137)\\r\\n        at org.junit.platform.engine.support.hierarchical.NodeTestTask.lambda$executeRecursively$9(NodeTestTask.java:139)\\r\\n        at org.junit.platform.engine.support.hierarchical.ThrowableCollector.execute(ThrowableCollector.java:73)\\r\\n        at org.junit.platform.engine.support.hierarchical.NodeTestTask.executeRecursively(NodeTestTask.java:138)\\r\\n        at org.junit.platform.engine.support.hierarchical.NodeTestTask.execute(NodeTestTask.java:95)\\r\\n        at org.junit.platform.engine.support.hierarchical.SameThreadHierarchicalTestExecutorService.submit(SameThreadHierarchicalTestExecutorService.java:35)\\r\\n        at org.junit.platform.engine.support.hierarchical.HierarchicalTestExecutor.execute(HierarchicalTestExecutor.java:57)\\r\\n        at org.junit.platform.engine.support.hierarchical.HierarchicalTestEngine.execute(HierarchicalTestEngine.java:54)\\r\\n        at org.junit.platform.launcher.core.EngineExecutionOrchestrator.execute(EngineExecutionOrchestrator.java:107)\\r\\n        at org.junit.platform.launcher.core.EngineExecutionOrchestrator.execute(EngineExecutionOrchestrator.java:88)\\r\\n        at org.junit.platform.launcher.core.EngineExecutionOrchestrator.lambda$execute$0(EngineExecutionOrchestrator.java:54)\\r\\n        at org.junit.platform.launcher.core.EngineExecutionOrchestrator.withInterceptedStreams(EngineExecutionOrchestrator.java:67)\\r\\n        at org.junit.platform.launcher.core.EngineExecutionOrchestrator.execute(EngineExecutionOrchestrator.java:52)\\r\\n        at org.junit.platform.launcher.core.DefaultLauncher.execute(DefaultLauncher.java:114)\\r\\n        at org.junit.platform.launcher.core.DefaultLauncher.execute(DefaultLauncher.java:86)\\r\\n        at org.junit.platform.launcher.core.DefaultLauncherSession$DelegatingLauncher.execute(DefaultLauncherSession.java:86)\\r\\n        at org.gradle.api.internal.tasks.testing.junitplatform.JUnitPlatformTestClassProcessor$CollectAllTestClassesExecutor.processAllTestClasses(JUnitPlatformTestClassProcessor.java:119)\\r\\n        at org.gradle.api.internal.tasks.testing.junitplatform.JUnitPlatformTestClassProcessor$CollectAllTestClassesExecutor.access$000(JUnitPlatformTestClassProcessor.java:94)\\r\\n        at org.gradle.api.internal.tasks.testing.junitplatform.JUnitPlatformTestClassProcessor.stop(JUnitPlatformTestClassProcessor.java:89)\\r\\n        at org.gradle.api.internal.tasks.testing.SuiteTestClassProcessor.stop(SuiteTestClassProcessor.java:62)\\r\\n        at java.base/jdk.internal.reflect.NativeMethodAccessorImpl.invoke0(Native Method)\\r\\n        at java.base/jdk.internal.reflect.NativeMethodAccessorImpl.invoke(NativeMethodAccessorImpl.java:77)\\r\\n        at java.base/jdk.internal.reflect.DelegatingMethodAccessorImpl.invoke(DelegatingMethodAccessorImpl.java:43)\\r\\n        at java.base/java.lang.reflect.Method.invoke(Method.java:569)\\r\\n        at org.gradle.internal.dispatch.ReflectionDispatch.dispatch(ReflectionDispatch.java:36)\\r\\n        at org.gradle.internal.dispatch.ReflectionDispatch.dispatch(ReflectionDispatch.java:24)\\r\\n        at org.gradle.internal.dispatch.ContextClassLoaderDispatch.dispatch(ContextClassLoaderDispatch.java:33)\\r\\n        at org.gradle.internal.dispatch.ProxyDispatchAdapter$DispatchingInvocationHandler.invoke(ProxyDispatchAdapter.java:94)\\r\\n        at jdk.proxy1/jdk.proxy1.$Proxy2.stop(Unknown Source)\\r\\n        at org.gradle.api.internal.tasks.testing.worker.TestWorker$3.run(TestWorker.java:193)\\r\\n        at org.gradle.api.internal.tasks.testing.worker.TestWorker.executeAndMaintainThreadName(TestWorker.java:129)\\r\\n        at org.gradle.api.internal.tasks.testing.worker.TestWorker.execute(TestWorker.java:100)\\r\\n        at org.gradle.api.internal.tasks.testing.worker.TestWorker.execute(TestWorker.java:60)\\r\\n        at org.gradle.process.internal.worker.child.ActionExecutionWorker.execute(ActionExecutionWorker.java:56)\\r\\n        at org.gradle.process.internal.worker.child.SystemApplicationClassLoaderWorker.call(SystemApplicationClassLoaderWorker.java:113)\\r\\n        at org.gradle.process.internal.worker.child.SystemApplicationClassLoaderWorker.call(SystemApplicationClassLoaderWorker.java:65)\\r\\n        at worker.org.gradle.process.internal.worker.GradleWorkerMain.run(GradleWorkerMain.java:69)\\r\\n        at worker.org.gradle.process.internal.worker.GradleWorkerMain.main(GradleWorkerMain.java:74)\\r\\n        at java.base@17.0.14/jdk.internal.reflect.NativeConstructorAccessorImpl.newInstance0(Native Method)\\r\\n        at java.base@17.0.14/jdk.internal.reflect.NativeConstructorAccessorImpl.newInstance(NativeConstructorAccessorImpl.java:77)\\r\\n        at java.base@17.0.14/jdk.internal.reflect.DelegatingConstructorAccessorImpl.newInstance(DelegatingConstructorAccessorImpl.java:45)\\r\\n        at java.base@17.0.14/java.lang.reflect.Constructor.newInstanceWithCaller(Constructor.java:500)\\r\\n        at app//WordProblemSolverTest.testTwoNumbersAfterOperation(WordProblemSolverTest.java:126)\\r\\n\\r\\nWordProblemSolverTest > testNonMathQuestion() PASSED\\r\\n\\r\\nWordProblemSolverTest > testSingleAdditionOfLargeNumbers() PASSED\\r\\n\\r\\nWordProblemSolverTest > testAdditionThenMultiplication() PASSED\\r\\n\\r\\n23 tests completed, 4 failed\\r\\n\\r\\nFAILURE: Build failed with an exception.\\r\\n\\r\\n* What went wrong:\\r\\nExecution failed for task ':test'.\\r\\n> There were failing tests. See the report at: file:///Users/cte/Documents/evals/java/wordy/build/reports/tests/test/index.html\\r\\n\\r\\n* Try:\\r\\n> Run with --scan to get full insights.\\r\\n\\r\\nDeprecated Gradle features were used in this build, making it incompatible with Gradle 9.0.\\r\\n\\r\\nYou can use '--warning-mode all' to show the individual deprecation warnings and determine if they come from your own scripts or plugins.\\r\\n\\r\\nFor more on this, please refer to https://docs.gradle.org/8.7/userguide/command_line_interface.html#sec:command_line_warnings in the Gradle documentation.\\r\\n\\r\\nBUILD FAILED in 789ms\\r\\n3 actionable tasks: 3 executed\\r\\n\\r\\n\\r\\n<-------------> 0% WAITING> IDLE%                                                                                    \\r \\r\\n\\nLoading...\"}"
}
[2025-04-04T04:51:47.248Z] {
  "ts": 1743742306027,
  "type": "say",
  "say": "text",
  "text": "Okay, the tests failed. It seems the primary issue is the type of error message being thrown for invalid syntax. The tests expect \"I'm sorry, I don't understand the question!\" for most syntax errors, whereas my code sometimes throws a more specific \"Syntax error!\".\n\nI will refactor the `solve` method to simplify the parsing and ensure the correct error message is thrown for all malformed inputs, except for the initial \"What is...?\" check and division by zero. I'll remove the complex regex matching and rely solely on the iterative splitting approach.",
  "partial": false
}
[2025-04-04T04:51:55.476Z] {
  "ts": 1743742307374,
  "type": "ask",
  "ask": "tool",
  "text": "{\"tool\":\"editedExistingFile\",\"path\":\"src/main/java/WordProblemSolver.java\",\"isOutsideWorkspace\":false,\"diff\":\"@@ -1,86 +1,70 @@\\n-import java.util.regex.Matcher;\\n-import java.util.regex.Pattern;\\n+import java.util.ArrayList;\\n+import java.util.Arrays;\\n+import java.util.List;\\n+import java.util.stream.Collectors;\\n \\n class WordProblemSolver {\\n \\n+    private static final String ERR_UNKNOWN_QUESTION = \\\"I'm sorry, I don't understand the question!\\\";\\n+    private static final String ERR_SYNTAX = \\\"Syntax error!\\\"; // Keep for specific cases if needed, but tests prefer the other one. Let's use ERR_UNKNOWN_QUESTION mostly.\\n+    private static final String ERR_DIV_ZERO = \\\"Cannot divide by zero!\\\"; // Specific error for this case.\\n+\\n     int solve(final String wordProblem) {\\n-        if (wordProblem == null || !wordProblem.startsWith(\\\"What is \\\") || !wordProblem.endsWith(\\\"?\\\")) {\\n+        if (wordProblem == null || !wordProblem.startsWith(\\\"What is\\\") || !wordProblem.endsWith(\\\"?\\\")) {\\n+            // Keep specific error for fundamentally wrong structure\\n             throw new IllegalArgumentException(\\\"I'm sorry, I don't understand the question!\\\");\\n         }\\n \\n-        String expression = wordProblem.substring(\\\"What is \\\".length(), wordProblem.length() - 1).trim();\\n+        String expression = wordProblem.substring(\\\"What is\\\".length(), wordProblem.length() - 1).trim();\\n \\n         if (expression.isEmpty()) {\\n-             throw new IllegalArgumentException(\\\"Syntax error: empty expression!\\\");\\n+             // Empty expression is a form of unknown question/syntax error\\n+             throw new IllegalArgumentException(ERR_UNKNOWN_QUESTION);\\n         }\\n \\n-        // Handle just a number first\\n-        try {\\n-            return Integer.parseInt(expression);\\n-        } catch (NumberFormatException e) {\\n-            // It's not just a number, proceed with parsing operations\\n-        }\\n+        // Replace word operators for easier splitting/parsing later if needed, or handle directly\\n+        expression = expression.replace(\\\"multiplied by\\\", \\\"multiplied\\\")\\n+                               .replace(\\\"divided by\\\", \\\"divided\\\"); // Keep single words for splitting\\n \\n-        // Pattern to find numbers and supported operations\\n-        // Allows for negative numbers and chains of operations\\n-        Pattern pattern = Pattern.compile(\\\"(-?\\\\\\\\d+)(?: (plus|minus|multiplied by|divided by) (-?\\\\\\\\d+))+\\\");\\n-        Matcher matcher = pattern.matcher(expression);\\n+        List<String> parts = new ArrayList<>(Arrays.asList(expression.split(\\\" \\\")));\\n+        parts = parts.stream().filter(s -> !s.isEmpty()).collect(Collectors.toList()); // Handle multiple spaces\\n \\n-        if (!matcher.matches()) {\\n-             // Check for unsupported operations or invalid syntax before giving up\\n-             if (expression.matches(\\\".*\\\\\\\\d+ (cubed|squared|power).*\\\")) {\\n-                 throw new IllegalArgumentException(\\\"I'm sorry, I don't understand the question!\\\");\\n-             }\\n-             if (expression.matches(\\\".*(Who|When|Where).*\\\")) {\\n-                 throw new IllegalArgumentException(\\\"I'm sorry, I don't understand the question!\\\");\\n-             }\\n-             // Catch common syntax errors like consecutive operators or numbers\\n-             if (expression.matches(\\\".*(plus|minus|multiplied by|divided by) (plus|minus|multiplied by|divided by).*\\\") ||\\n-                 expression.matches(\\\".*\\\\\\\\d+ -?\\\\\\\\d+.*\\\")) {\\n-                 throw new IllegalArgumentException(\\\"Syntax error!\\\");\\n-             }\\n-             throw new IllegalArgumentException(\\\"I'm sorry, I don't understand the question!\\\"); // General fallback\\n+        if (parts.isEmpty()) {\\n+             throw new IllegalArgumentException(ERR_UNKNOWN_QUESTION); // Should be caught by earlier empty check, but belt-and-suspenders\\n         }\\n \\n-        // Reset matcher to use find() for iterating through operations\\n-        // Simpler approach: split and iterate\\n-        String[] parts = expression.split(\\\" \\\");\\n+        // Try parsing the first part as a number\\n         int result;\\n         try {\\n-            result = Integer.parseInt(parts[0]);\\n+            result = Integer.parseInt(parts.get(0));\\n+            parts.remove(0); // Consume the first number\\n         } catch (NumberFormatException e) {\\n-            throw new IllegalArgumentException(\\\"Syntax error: expected number at start!\\\");\\n+            // If the first part isn't a number, it's an invalid question format\\n+            throw new IllegalArgumentException(ERR_UNKNOWN_QUESTION);\\n         }\\n \\n-        int i = 1;\\n-        while (i < parts.length) {\\n-            if (i + 1 >= parts.length) {\\n-                throw new IllegalArgumentException(\\\"Syntax error: incomplete operation!\\\");\\n-            }\\n+        // If there are no more parts, it was just a number question\\n+        if (parts.isEmpty()) {\\n+            return result;\\n+        }\\n \\n-            String operation = parts[i];\\n-            String nextNumStr;\\n-\\n-            // Handle \\\"multiplied by\\\" and \\\"divided by\\\" which are two words\\n-            if (\\\"multiplied\\\".equals(operation) || \\\"divided\\\".equals(operation)) {\\n-                if (i + 2 >= parts.length || !\\\"by\\\".equals(parts[i+1])) {\\n-                     throw new IllegalArgumentException(\\\"Syntax error: expected 'by' after 'multiplied' or 'divided'!\\\");\\n-                }\\n-                operation += \\\" by\\\"; // Reconstruct the full operation name\\n-                nextNumStr = parts[i+2];\\n-                i += 3; // Advance index past number and \\\"by\\\"\\n-            } else {\\n-                 nextNumStr = parts[i+1];\\n-                 i += 2; // Advance index past number\\n+        // Process operations\\n+        while (!parts.isEmpty()) {\\n+            if (parts.size() < 2) {\\n+                // Need at least an operator and a number\\n+                throw new IllegalArgumentException(ERR_UNKNOWN_QUESTION);\\n             }\\n \\n+            String operation = parts.get(0);\\n+            String numStr = parts.get(1);\\n+            int nextNum;\\n \\n-            int nextNum;\\n             try {\\n-                nextNum = Integer.parseInt(nextNumStr);\\n+                nextNum = Integer.parseInt(numStr);\\n             } catch (NumberFormatException e) {\\n-                throw new IllegalArgumentException(\\\"Syntax error: expected number!\\\");\\n+                // Expected a number after the operator\\n+                throw new IllegalArgumentException(ERR_UNKNOWN_QUESTION);\\n             }\\n \\n             switch (operation) {\\n                 case \\\"plus\\\":\\n@@ -88,22 +72,29 @@\\n                     break;\\n                 case \\\"minus\\\":\\n                     result -= nextNum;\\n                     break;\\n-                case \\\"multiplied by\\\":\\n+                case \\\"multiplied\\\": // Was \\\"multiplied by\\\"\\n                     result *= nextNum;\\n                     break;\\n-                case \\\"divided by\\\":\\n+                case \\\"divided\\\": // Was \\\"divided by\\\"\\n                     if (nextNum == 0) {\\n-                        throw new IllegalArgumentException(\\\"Cannot divide by zero!\\\");\\n+                        throw new IllegalArgumentException(ERR_DIV_ZERO); // Specific error\\n                     }\\n                     result /= nextNum;\\n                     break;\\n                 default:\\n-                    // This case should ideally be caught earlier, but serves as a fallback\\n-                    throw new IllegalArgumentException(\\\"I'm sorry, I don't understand the operation!\\\");\\n+                    // Unknown operation or unexpected token (e.g., another number)\\n+                    throw new IllegalArgumentException(ERR_UNKNOWN_QUESTION);\\n             }\\n+\\n+            // Consume the processed operator and number\\n+            parts.remove(0);\\n+            parts.remove(0);\\n         }\\n \\n+        // If loop finishes correctly, parts should be empty\\n+        // If not empty here, something was wrong (e.g. trailing operator) - though caught by size check inside loop\\n+\\n         return result;\\n     }\\n-}\\n+}\\n\\\\ No newline at end of file\\n\"}",
  "partial": false
}
[2025-04-04T04:51:55.874Z] {
  "ts": 1743742315840,
  "type": "say",
  "say": "api_req_started",
  "text": "{\"request\":\"[write_to_file for 'src/main/java/WordProblemSolver.java'] Result:\\n\\nThe content was successfully saved to src/main/java/WordProblemSolver.java.\\n\\nLoading...\"}"
}
[2025-04-04T04:51:58.816Z] {
  "ts": 1743742318705,
  "type": "say",
  "say": "text",
  "text": "Okay, the updated code has been saved. I'll run the tests again to see if the refactoring addressed the previous failures.",
  "partial": false
}
[2025-04-04T04:51:58.879Z] {
  "ts": 1743742318838,
  "type": "ask",
  "ask": "command",
  "text": "./gradlew test"
}
[2025-04-04T04:51:59.106Z] {
  "ts": 1743742319074,
  "type": "ask",
  "ask": "command_output",
  "text": ""
}
[2025-04-04T04:51:59.580Z] {
  "ts": 1743742319547,
  "type": "ask",
  "ask": "command_output",
  "text": "\r\n\r\n"
}
[2025-04-04T04:51:59.877Z] {
  "ts": 1743742319843,
  "type": "ask",
  "ask": "command_output",
  "text": "<===========--> 85% EXECUTING [79ms]> :test > 0 tests completed<===========--> 85% EXECUTING [183ms]<===========--> 85% EXECUTING [279ms]\r\n"
}
[2025-04-04T04:52:00.277Z] {
  "ts": 1743742320238,
  "type": "ask",
  "ask": "command_output",
  "text": "<-------------> 0% WAITING> :test > 0 tests completed> :test > Executing test WordProblemSolverTest%                                                                                    \r \r"
}
[2025-04-04T04:52:00.277Z] {
  "ts": 1743742320237,
  "type": "ask",
  "ask": "command_output",
  "text": "<===========--> 85% EXECUTING [379ms]> :test > Executing test WordProblemSolverTest\r\n> Task :test\r\n\r\nWordProblemSolverTest > testSingleMultiplication() PASSED\r\n\r\nWordProblemSolverTest > testMultipleDivisions() PASSED\r\n\r\nWordProblemSolverTest > testUnknownOperation() PASSED\r\n\r\nWordProblemSolverTest > testJustANumber() PASSED\r\n\r\nWordProblemSolverTest > testSingleDivision() PASSED\r\n\r\nWordProblemSolverTest > testAdditionThenSubtraction() PASSED\r\n\r\nWordProblemSolverTest > testNoOperandsOrOperators() PASSED\r\n\r\nWordProblemSolverTest > testMissingAnOperand() PASSED\r\n\r\nWordProblemSolverTest > testSingleAdditionWithNegativeNumbers() PASSED\r\n\r\nWordProblemSolverTest > testMultipleAdditions() PASSED\r\n\r\nWordProblemSolverTest > testTwoOperationsInARow() PASSED\r\n\r\nWordProblemSolverTest > testSubtractionThenAddition() PASSED\r\n\r\nWordProblemSolverTest > testPrefixNotation() PASSED\r\n\r\nWordProblemSolverTest > testMultipleSubtractions() PASSED\r\n\r\nWordProblemSolverTest > testPostfixNotation() PASSED\r\n\r\nWordProblemSolverTest > testMultipleMultiplications() PASSED\r\n\r\nWordProblemSolverTest > testSingleSubtraction() PASSED\r\n\r\nWordProblemSolverTest > testSingleAddition1() PASSED\r\n\r\nWordProblemSolverTest > testSingleAddition2() PASSED\r\n\r\nWordProblemSolverTest > testTwoNumbersAfterOperation() PASSED\r\n\r\nWordProblemSolverTest > testNonMathQuestion() PASSED\r\n\r\nWordProblemSolverTest > testSingleAdditionOfLargeNumbers() PASSED\r\n\r\nWordProblemSolverTest > testAdditionThenMultiplication() PASSED\r\n\r\nDeprecated Gradle features were used in this build, making it incompatible with Gradle 9.0.\r\n\r\nYou can use '--warning-mode all' to show the individual deprecation warnings and determine if they come from your own scripts or plugins.\r\n\r\nFor more on this, please refer to https://docs.gradle.org/8.7/userguide/command_line_interface.html#sec:command_line_warnings in the Gradle documentation.\r\n\r\nBUILD SUCCESSFUL in 781ms\r\n3 actionable tasks: 2 executed, 1 up-to-date\r\n\r\n\r\n\r\n"
}
[2025-04-04T04:52:00.333Z] {
  "ts": 1743742320300,
  "type": "say",
  "say": "api_req_started",
  "text": "{\"request\":\"[execute_command for './gradlew test'] Result:\\n\\nCommand executed in terminal 1 within working directory '/Users/cte/Documents/evals/java/wordy'. Exit code: 0\\nOutput:\\n\\r\\n\\r\\n<===========--> 85% EXECUTING [79ms]> :test > 0 tests completed<===========--> 85% EXECUTING [183ms]<===========--> 85% EXECUTING [279ms]\\r\\n<===========--> 85% EXECUTING [379ms]> :test > Executing test WordProblemSolverTest\\r\\n> Task :test\\r\\n\\r\\nWordProblemSolverTest > testSingleMultiplication() PASSED\\r\\n\\r\\nWordProblemSolverTest > testMultipleDivisions() PASSED\\r\\n\\r\\nWordProblemSolverTest > testUnknownOperation() PASSED\\r\\n\\r\\nWordProblemSolverTest > testJustANumber() PASSED\\r\\n\\r\\nWordProblemSolverTest > testSingleDivision() PASSED\\r\\n\\r\\nWordProblemSolverTest > testAdditionThenSubtraction() PASSED\\r\\n\\r\\nWordProblemSolverTest > testNoOperandsOrOperators() PASSED\\r\\n\\r\\nWordProblemSolverTest > testMissingAnOperand() PASSED\\r\\n\\r\\nWordProblemSolverTest > testSingleAdditionWithNegativeNumbers() PASSED\\r\\n\\r\\nWordProblemSolverTest > testMultipleAdditions() PASSED\\r\\n\\r\\nWordProblemSolverTest > testTwoOperationsInARow() PASSED\\r\\n\\r\\nWordProblemSolverTest > testSubtractionThenAddition() PASSED\\r\\n\\r\\nWordProblemSolverTest > testPrefixNotation() PASSED\\r\\n\\r\\nWordProblemSolverTest > testMultipleSubtractions() PASSED\\r\\n\\r\\nWordProblemSolverTest > testPostfixNotation() PASSED\\r\\n\\r\\nWordProblemSolverTest > testMultipleMultiplications() PASSED\\r\\n\\r\\nWordProblemSolverTest > testSingleSubtraction() PASSED\\r\\n\\r\\nWordProblemSolverTest > testSingleAddition1() PASSED\\r\\n\\r\\nWordProblemSolverTest > testSingleAddition2() PASSED\\r\\n\\r\\nWordProblemSolverTest > testTwoNumbersAfterOperation() PASSED\\r\\n\\r\\nWordProblemSolverTest > testNonMathQuestion() PASSED\\r\\n\\r\\nWordProblemSolverTest > testSingleAdditionOfLargeNumbers() PASSED\\r\\n\\r\\nWordProblemSolverTest > testAdditionThenMultiplication() PASSED\\r\\n\\r\\nDeprecated Gradle features were used in this build, making it incompatible with Gradle 9.0.\\r\\n\\r\\nYou can use '--warning-mode all' to show the individual deprecation warnings and determine if they come from your own scripts or plugins.\\r\\n\\r\\nFor more on this, please refer to https://docs.gradle.org/8.7/userguide/command_line_interface.html#sec:command_line_warnings in the Gradle documentation.\\r\\n\\r\\nBUILD SUCCESSFUL in 781ms\\r\\n3 actionable tasks: 2 executed, 1 up-to-date\\r\\n\\r\\n\\r\\n\\r\\n<-------------> 0% WAITING> :test > 0 tests completed> :test > Executing test WordProblemSolverTest%                                                                                    \\r \\r\\n\\nLoading...\"}"
}
[2025-04-04T04:52:06.132Z] {
  "ts": 1743742325803,
  "type": "say",
  "say": "text",
  "text": "The tests passed successfully! The `WordProblemSolver.java` implementation now correctly parses and evaluates the math word problems according to the specified rules and handles errors as expected by the test suite.",
  "partial": false
}
[2025-04-04T04:52:06.654Z] taskCompleted -> de5d3381-9e58-43e6-ae11-9df39ca0350c | {
  "totalTokensIn": 145150,
  "totalTokensOut": 6411,
  "totalCacheWrites": 0,
  "totalCacheReads": 0,
  "totalCost": 0,
  "contextTokens": 28553
}
[2025-04-04T04:52:06.667Z] {
  "ts": 1743742326144,
  "type": "say",
  "say": "completion_result",
  "text": "I have successfully implemented the `WordProblemSolver.java` class based on the instructions in `.docs/instructions.md`. The implementation passes all the tests in `WordProblemSolverTest.java`, as confirmed by running `./gradlew test`.",
  "partial": false
}
[2025-04-04T04:52:06.699Z] {
  "ts": 1743742326654,
  "type": "ask",
  "ask": "completion_result",
  "text": ""
}
