[2025-04-04T05:14:20.832Z] {
  "ts": 1743743660781,
  "type": "say",
  "say": "text",
  "text": "Your job is to complete a coding exercise described the markdown files inside the `.docs` directory.\n\nA file with the implementation stubbed out has been created for you, along with a test file.\n\nTo successfully complete the exercise, you must pass all the tests in the test file.\n\nTo confirm that your solution is correct, run the tests with `uv run python3 -m pytest -o markers=task [name]_test.py`. Do not alter the test file; it should be run as-is.\n\nDo not use the \"ask_followup_question\" tool.\n"
}
[2025-04-04T05:14:20.857Z] taskStarted -> e933a07e-5db7-4d16-9b3c-375b80c39b2f
[2025-04-04T05:14:20.890Z] {
  "ts": 1743743660857,
  "type": "say",
  "say": "api_req_started",
  "text": "{\"request\":\"<task>\\nYour job is to complete a coding exercise described the markdown files inside the `.docs` directory.\\n\\nA file with the implementation stubbed out has been created for you, along with a test file.\\n\\nTo successfully complete the exercise, you must pass all the tests in the test file.\\n\\nTo confirm that your solution is correct, run the tests with `uv run python3 -m pytest -o markers=task [name]_test.py`. Do not alter the test file; it should be run as-is.\\n\\nDo not use the \\\"ask_followup_question\\\" tool.\\n\\n</task>\\n\\nLoading...\"}"
}
[2025-04-04T05:14:26.461Z] {
  "ts": 1743743665596,
  "type": "say",
  "say": "text",
  "text": "Okay, I understand the task. I need to implement the Variable Length Quantity encoding and decoding functions in Python based on the exercise description found in the `.docs` directory, ensuring all provided tests pass.\n\nFirst, I need to find the exercise description file. I'll list the files in the current directory to see if the `.docs` directory exists.",
  "partial": false
}
[2025-04-04T05:14:26.541Z] {
  "ts": 1743743666501,
  "type": "ask",
  "ask": "tool",
  "text": "{\"tool\":\"listFilesTopLevel\",\"path\":\"variable-length-quantity\",\"content\":\"roo-code-messages.log\\nvariable_length_quantity_test.py\\nvariable_length_quantity.py\\n__pycache__/\\n.docs/\"}"
}
[2025-04-04T05:14:26.615Z] {
  "ts": 1743743666584,
  "type": "say",
  "say": "api_req_started",
  "text": "{\"request\":\"[list_files for '.'] Result:\\n\\nroo-code-messages.log\\nvariable_length_quantity_test.py\\nvariable_length_quantity.py\\n__pycache__/\\n.docs/\\n\\nLoading...\"}"
}
[2025-04-04T05:14:31.132Z] {
  "ts": 1743743670951,
  "type": "say",
  "say": "text",
  "text": "Okay, the `.docs` directory exists. Now I'll list the files inside it to find the description file.",
  "partial": false
}
[2025-04-04T05:14:31.206Z] {
  "ts": 1743743671164,
  "type": "ask",
  "ask": "tool",
  "text": "{\"tool\":\"listFilesTopLevel\",\"path\":\".docs\",\"content\":\"instructions.append.md\\ninstructions.md\"}"
}
[2025-04-04T05:14:31.299Z] {
  "ts": 1743743671251,
  "type": "say",
  "say": "api_req_started",
  "text": "{\"request\":\"[list_files for '.docs'] Result:\\n\\ninstructions.append.md\\ninstructions.md\\n\\nLoading...\"}"
}
[2025-04-04T05:14:35.202Z] {
  "ts": 1743743674862,
  "type": "say",
  "say": "text",
  "text": "Okay, I see two instruction files. I'll read `instructions.md` first.",
  "partial": false
}
[2025-04-04T05:14:35.278Z] {
  "ts": 1743743675241,
  "type": "ask",
  "ask": "tool",
  "text": "{\"tool\":\"readFile\",\"path\":\".docs/instructions.md\",\"isOutsideWorkspace\":false,\"content\":\"/Users/cte/Documents/evals/python/variable-length-quantity/.docs/instructions.md\",\"reason\":\" (max 500 lines)\"}"
}
[2025-04-04T05:14:35.352Z] {
  "ts": 1743743675319,
  "type": "say",
  "say": "api_req_started",
  "text": "{\"request\":\"[read_file for '.docs/instructions.md'] Result:\\n\\n 1 | # Instructions\\n 2 | \\n 3 | Implement variable length quantity encoding and decoding.\\n 4 | \\n 5 | The goal of this exercise is to implement [VLQ][vlq] encoding/decoding.\\n 6 | \\n 7 | In short, the goal of this encoding is to encode integer values in a way that would save bytes.\\n 8 | Only the first 7 bits of each byte are significant (right-justified; sort of like an ASCII byte).\\n 9 | So, if you have a 32-bit value, you have to unpack it into a series of 7-bit bytes.\\n10 | Of course, you will have a variable number of bytes depending upon your integer.\\n11 | To indicate which is the last byte of the series, you leave bit #7 clear.\\n12 | In all of the preceding bytes, you set bit #7.\\n13 | \\n14 | So, if an integer is between `0-127`, it can be represented as one byte.\\n15 | Although VLQ can deal with numbers of arbitrary sizes, for this exercise we will restrict ourselves to only numbers that fit in a 32-bit unsigned integer.\\n16 | Here are examples of integers as 32-bit values, and the variable length quantities that they translate to:\\n17 | \\n18 | ```text\\n19 |  NUMBER        VARIABLE QUANTITY\\n20 | 00000000              00\\n21 | 00000040              40\\n22 | 0000007F              7F\\n23 | 00000080             81 00\\n24 | 00002000             C0 00\\n25 | 00003FFF             FF 7F\\n26 | 00004000           81 80 00\\n27 | 00100000           C0 80 00\\n28 | 001FFFFF           FF FF 7F\\n29 | 00200000          81 80 80 00\\n30 | 08000000          C0 80 80 00\\n31 | 0FFFFFFF          FF FF FF 7F\\n32 | ```\\n33 | \\n34 | [vlq]: https://en.wikipedia.org/wiki/Variable-length_quantity\\n35 | \\n\\nLoading...\"}"
}
[2025-04-04T05:14:39.805Z] {
  "ts": 1743743679528,
  "type": "say",
  "say": "text",
  "text": "Okay, I understand the VLQ encoding/decoding rules. Now I'll read the stub file `variable_length_quantity.py` to see the functions I need to implement.",
  "partial": false
}
[2025-04-04T05:14:40.033Z] {
  "ts": 1743743679818,
  "type": "ask",
  "ask": "tool",
  "text": "{\"tool\":\"readFile\",\"path\":\"variable_length_quantity.py\",\"isOutsideWorkspace\":false,\"content\":\"/Users/cte/Documents/evals/python/variable-length-quantity/variable_length_quantity.py\",\"reason\":\" (max 500 lines)\"}",
  "partial": false
}
[2025-04-04T05:14:40.195Z] {
  "ts": 1743743680160,
  "type": "say",
  "say": "api_req_started",
  "text": "{\"request\":\"[read_file for 'variable_length_quantity.py'] Result:\\n\\n1 | def encode(numbers):\\n2 |     pass\\n3 | \\n4 | \\n5 | def decode(bytes_):\\n6 |     pass\\n7 | \\n\\nLoading...\"}"
}
[2025-04-04T05:14:51.627Z] {
  "ts": 1743743684695,
  "type": "say",
  "say": "text",
  "text": "Okay, I have the function signatures and the encoding/decoding rules. I will now implement the `encode` and `decode` functions in `variable_length_quantity.py`.\n\n```python\ndef encode(numbers):\n    \"\"\"Encodes a list of unsigned 32-bit integers into VLQ bytes.\"\"\"\n    vlq_bytes = []\n    for number in numbers:\n        if number == 0:\n            vlq_bytes.append(0)\n            continue\n\n        num_bytes = []\n        # Extract 7-bit chunks from right to left\n        while number > 0:\n            num_bytes.insert(0, number & 0x7F) # Get the lowest 7 bits\n            number >>= 7\n\n        # Set the MSB (continuation bit) for all but the last byte\n        for i in range(len(num_bytes) - 1):\n            num_bytes[i] |= 0x80\n\n        vlq_bytes.extend(num_bytes)\n\n    return vlq_bytes\n\n\ndef decode(bytes_):\n    \"\"\"Decodes a list of VLQ bytes into unsigned 32-bit integers.\"\"\"\n    numbers = []\n    current_number = 0\n    byte_count = 0\n\n    for byte in bytes_:\n        byte_count += 1\n        # Check for potential overflow before adding the next 7 bits\n        # If current_number is already >= 2^28, shifting left by 7 will overflow 32 bits\n        if current_number >= (1 << 28):\n             # Check if adding the lowest 7 bits of the current byte would overflow\n             # 0xFFFFFFFF >> 7 = 0x1FFFFFF\n             # If current_number > 0x1FFFFFF, it will overflow\n             # If current_number == 0x1FFFFFF and the lowest 7 bits > 0x7F (which is impossible), it would overflow\n             # A simpler check is just to see if the number *before* adding the last 7 bits is already too large\n             # Or if the byte count exceeds what's needed for 32 bits (5 bytes max, with constraints)\n             if byte_count > 5 or current_number > (0xFFFFFFFF >> 7) or (current_number == (0xFFFFFFFF >> 7) and (byte & 0x7F) > (0xFFFFFFFF & 0x7F)):\n                 raise ValueError(\"Overflow error: decoded value exceeds 32 bits\")\n\n\n        current_number = (current_number << 7) | (byte & 0x7F)\n\n        if not (byte & 0x80): # Check if the continuation bit (MSB) is 0 (last byte)\n            # Check for overflow one last time after adding the final 7 bits\n            # This check is somewhat redundant given the check inside the loop, but good for clarity\n            # A number requiring 5 bytes where the first byte's 7 payload bits are > 0b0001111 (15) will overflow\n            if byte_count == 5 and (bytes_[len(bytes_) - byte_count] & 0x7F) > 0x0F:\n                 raise ValueError(\"Overflow error: decoded value exceeds 32 bits\")\n\n            numbers.append(current_number)\n            current_number = 0\n            byte_count = 0\n\n    # Check if the sequence ended prematurely (last byte had continuation bit set)\n    if byte_count > 0:\n        raise ValueError(\"Incomplete sequence\")\n\n    return numbers\n\n```\n\nNow, I'll write this implementation to the file.",
  "partial": false
}
[2025-04-04T05:14:57.879Z] {
  "ts": 1743743691939,
  "type": "ask",
  "ask": "tool",
  "text": "{\"tool\":\"editedExistingFile\",\"path\":\"variable_length_quantity.py\",\"isOutsideWorkspace\":false,\"diff\":\"@@ -1,6 +1,65 @@\\n def encode(numbers):\\n-    pass\\n+    \\\"\\\"\\\"Encodes a list of unsigned 32-bit integers into VLQ bytes.\\\"\\\"\\\"\\n+    vlq_bytes = []\\n+    for number in numbers:\\n+        if number == 0:\\n+            vlq_bytes.append(0)\\n+            continue\\n \\n+        num_bytes = []\\n+        # Extract 7-bit chunks from right to left\\n+        while number > 0:\\n+            num_bytes.insert(0, number & 0x7F) # Get the lowest 7 bits\\n+            number >>= 7\\n \\n+        # Set the MSB (continuation bit) for all but the last byte\\n+        if len(num_bytes) == 0: # Handle case where input was 0, though covered above\\n+             num_bytes.append(0)\\n+\\n+        for i in range(len(num_bytes) - 1):\\n+            num_bytes[i] |= 0x80\\n+\\n+        vlq_bytes.extend(num_bytes)\\n+\\n+    return vlq_bytes\\n+\\n+\\n def decode(bytes_):\\n-    pass\\n+    \\\"\\\"\\\"Decodes a list of VLQ bytes into unsigned 32-bit integers.\\\"\\\"\\\"\\n+    numbers = []\\n+    current_number = 0\\n+    byte_count = 0\\n+    start_index = 0 # Keep track of the start of the current number sequence for overflow check\\n+\\n+    for i, byte in enumerate(bytes_):\\n+        byte_count += 1\\n+\\n+        # More precise overflow check:\\n+        # A 32-bit number requires at most 5 VLQ bytes.\\n+        # The first byte of a 5-byte sequence cannot have payload bits > 0x0F (15)\\n+        if byte_count == 5 and (bytes_[start_index] & 0x7F) > 0x0F:\\n+             raise ValueError(\\\"Overflow error: decoded value exceeds 32 bits\\\")\\n+        # If we already have a large number and are adding more bits, check potential overflow\\n+        if current_number > (0xFFFFFFFF >> 7):\\n+             raise ValueError(\\\"Overflow error: decoded value exceeds 32 bits\\\")\\n+\\n+\\n+        current_number = (current_number << 7) | (byte & 0x7F)\\n+\\n+        if not (byte & 0x80): # Check if the continuation bit (MSB) is 0 (last byte)\\n+            # Final overflow check after constructing the number\\n+            # This check is technically redundant if the check inside the loop is correct,\\n+            # but serves as a safeguard.\\n+            if current_number > 0xFFFFFFFF:\\n+                 raise ValueError(\\\"Overflow error: decoded value exceeds 32 bits\\\")\\n+\\n+            numbers.append(current_number)\\n+            current_number = 0\\n+            byte_count = 0\\n+            start_index = i + 1 # Next number starts after this byte\\n+\\n+    # Check if the sequence ended prematurely (last byte had continuation bit set)\\n+    if byte_count > 0:\\n+        raise ValueError(\\\"Incomplete sequence\\\")\\n+\\n+    return numbers\\n\\\\ No newline at end of file\\n\"}",
  "partial": false
}
[2025-04-04T05:14:58.266Z] {
  "ts": 1743743698234,
  "type": "say",
  "say": "api_req_started",
  "text": "{\"request\":\"[write_to_file for 'variable_length_quantity.py'] Result:\\n\\nThe content was successfully saved to variable_length_quantity.py.\\n\\nLoading...\"}"
}
[2025-04-04T05:15:01.230Z] {
  "ts": 1743743700942,
  "type": "say",
  "say": "text",
  "text": "Okay, the code has been written to `variable_length_quantity.py`. Now I will run the tests to verify the implementation.",
  "partial": false
}
[2025-04-04T05:15:01.417Z] {
  "ts": 1743743701245,
  "type": "ask",
  "ask": "command",
  "text": "uv run python3 -m pytest -o markers=task variable_length_quantity_test.py",
  "partial": false
}
[2025-04-04T05:15:03.368Z] {
  "ts": 1743743703336,
  "type": "ask",
  "ask": "command_output",
  "text": ""
}
[2025-04-04T05:15:03.474Z] {
  "ts": 1743743703429,
  "type": "ask",
  "ask": "command_output",
  "text": "================================ test session starts ================================\r\nplatform darwin -- Python 3.13.2, pytest-8.3.5, pluggy-1.5.0\r\nrootdir: /Users/cte/Documents/evals/python\r\nconfigfile: pyproject.toml\r\ncollecting ... \rcollected 26 items                                                                  \r\n\r\nvariable_length_quantity_test.py ......FF..................                   [100%]\r\n\r\n===================================== FAILURES ======================================\r\n_________ VariableLengthQuantityTest.test_incomplete_sequence_causes_error __________\r\n\r\nself = <variable_length_quantity_test.VariableLengthQuantityTest testMethod=test_incomplete_sequence_causes_error>\r\n\r\n    def test_incomplete_sequence_causes_error(self):\r\n        with self.assertRaises(ValueError) as err:\r\n            decode([0xFF])\r\n        self.assertEqual(type(err.exception), ValueError)\r\n>       self.assertEqual(err.exception.args[0], \"incomplete sequence\")\r\nE       AssertionError: 'Incomplete sequence' != 'incomplete sequence'\r\nE       - Incomplete sequence\r\nE       ? ^\r\nE       + incomplete sequence\r\nE       ? ^\r\n\r\nvariable_length_quantity_test.py:108: AssertionError\r\n_ VariableLengthQuantityTest.test_incomplete_sequence_causes_error_even_if_value_is_zero _\r\n\r\nself = <variable_length_quantity_test.VariableLengthQuantityTest testMethod=test_incomplete_sequence_causes_error_even_if_value_is_zero>\r\n\r\n    def test_incomplete_sequence_causes_error_even_if_value_is_zero(self):\r\n        with self.assertRaises(ValueError) as err:\r\n            decode([0x80])\r\n        self.assertEqual(type(err.exception), ValueError)\r\n>       self.assertEqual(err.exception.args[0], \"incomplete sequence\")\r\nE       AssertionError: 'Incomplete sequence' != 'incomplete sequence'\r\nE       - Incomplete sequence\r\nE       ? ^\r\nE       + incomplete sequence\r\nE       ? ^\r\n\r\nvariable_length_quantity_test.py:114: AssertionError\r\n============================== short test summary info ==============================\r\nFAILED variable_length_quantity_test.py::VariableLengthQuantityTest::test_incomplete_sequence_causes_error - AssertionError: 'Incomplete sequence' != 'incomplete sequence'\r\nFAILED variable_length_quantity_test.py::VariableLengthQuantityTest::test_incomplete_sequence_causes_error_even_if_value_is_zero - AssertionError: 'Incomplete sequence' != 'incomplete sequence'\r\n=========================== 2 failed, 24 passed in 0.02s ============================\r\n%                                                                                    \r \r"
}
[2025-04-04T05:15:03.534Z] {
  "ts": 1743743703498,
  "type": "say",
  "say": "api_req_started",
  "text": "{\"request\":\"[execute_command for 'uv run python3 -m pytest -o markers=task variable_length_quantity_test.py'] Result:\\n\\nCommand executed in terminal 1 within working directory '/Users/cte/Documents/evals/python/variable-length-quantity'. Command execution was not successful, inspect the cause and adjust as needed.\\nExit code: 1\\nOutput:\\n================================ test session starts ================================\\r\\nplatform darwin -- Python 3.13.2, pytest-8.3.5, pluggy-1.5.0\\r\\nrootdir: /Users/cte/Documents/evals/python\\r\\nconfigfile: pyproject.toml\\r\\ncollecting ... \\rcollected 26 items                                                                  \\r\\n\\r\\nvariable_length_quantity_test.py ......FF..................                   [100%]\\r\\n\\r\\n===================================== FAILURES ======================================\\r\\n_________ VariableLengthQuantityTest.test_incomplete_sequence_causes_error __________\\r\\n\\r\\nself = <variable_length_quantity_test.VariableLengthQuantityTest testMethod=test_incomplete_sequence_causes_error>\\r\\n\\r\\n    def test_incomplete_sequence_causes_error(self):\\r\\n        with self.assertRaises(ValueError) as err:\\r\\n            decode([0xFF])\\r\\n        self.assertEqual(type(err.exception), ValueError)\\r\\n>       self.assertEqual(err.exception.args[0], \\\"incomplete sequence\\\")\\r\\nE       AssertionError: 'Incomplete sequence' != 'incomplete sequence'\\r\\nE       - Incomplete sequence\\r\\nE       ? ^\\r\\nE       + incomplete sequence\\r\\nE       ? ^\\r\\n\\r\\nvariable_length_quantity_test.py:108: AssertionError\\r\\n_ VariableLengthQuantityTest.test_incomplete_sequence_causes_error_even_if_value_is_zero _\\r\\n\\r\\nself = <variable_length_quantity_test.VariableLengthQuantityTest testMethod=test_incomplete_sequence_causes_error_even_if_value_is_zero>\\r\\n\\r\\n    def test_incomplete_sequence_causes_error_even_if_value_is_zero(self):\\r\\n        with self.assertRaises(ValueError) as err:\\r\\n            decode([0x80])\\r\\n        self.assertEqual(type(err.exception), ValueError)\\r\\n>       self.assertEqual(err.exception.args[0], \\\"incomplete sequence\\\")\\r\\nE       AssertionError: 'Incomplete sequence' != 'incomplete sequence'\\r\\nE       - Incomplete sequence\\r\\nE       ? ^\\r\\nE       + incomplete sequence\\r\\nE       ? ^\\r\\n\\r\\nvariable_length_quantity_test.py:114: AssertionError\\r\\n============================== short test summary info ==============================\\r\\nFAILED variable_length_quantity_test.py::VariableLengthQuantityTest::test_incomplete_sequence_causes_error - AssertionError: 'Incomplete sequence' != 'incomplete sequence'\\r\\nFAILED variable_length_quantity_test.py::VariableLengthQuantityTest::test_incomplete_sequence_causes_error_even_if_value_is_zero - AssertionError: 'Incomplete sequence' != 'incomplete sequence'\\r\\n=========================== 2 failed, 24 passed in 0.02s ============================\\r\\n%                                                                                    \\r \\r\\n\\nLoading...\"}"
}
[2025-04-04T05:15:07.325Z] {
  "ts": 1743743706892,
  "type": "say",
  "say": "text",
  "text": "Okay, two tests failed because the error message for an incomplete sequence doesn't exactly match what the test expects (\"incomplete sequence\" vs \"Incomplete sequence\").\n\nI'll fix the capitalization in the error message in `variable_length_quantity.py`.",
  "partial": false
}
[2025-04-04T05:15:08.675Z] {
  "ts": 1743743708643,
  "type": "say",
  "say": "api_req_started",
  "text": "{\"request\":\"[apply_diff for 'variable_length_quantity.py'] Result:\\n\\nUnable to apply diff to file: /Users/cte/Documents/evals/python/variable-length-quantity/variable_length_quantity.py\\n\\n<error_details>\\nERROR: Special marker '=======' found in your diff content at line 7:\\n\\nWhen removing merge conflict markers like '=======' from files, you MUST escape them\\nin your SEARCH section by prepending a backslash (\\\\) at the beginning of the line:\\n\\nCORRECT FORMAT:\\n\\n<<<<<<< SEARCH\\ncontent before\\n\\\\=======    <-- Note the backslash here in this example\\ncontent after\\n=======\\nreplacement content\\n>>>>>>> REPLACE\\n\\nWithout escaping, the system confuses your content with diff syntax markers.\\nYou may use multiple diff blocks in a single diff request, but ANY of ONLY the following separators that occur within SEARCH or REPLACE content must be escaped, as follows:\\n\\\\<<<<<<< SEARCH\\n\\\\=======\\n\\\\>>>>>>> REPLACE\\n\\n</error_details>\\n\\nLoading...\"}"
}
[2025-04-04T05:15:16.418Z] {
  "ts": 1743743716084,
  "type": "say",
  "say": "text",
  "text": "Ah, it seems the `apply_diff` tool misinterpreted the structure. My apologies.\n\nI will try again by combining the change into a single block to modify the error message capitalization.",
  "partial": false
}
[2025-04-04T05:15:17.403Z] {
  "ts": 1743743717360,
  "type": "say",
  "say": "error",
  "text": "Unable to apply diff to file: /Users/cte/Documents/evals/python/variable-length-quantity/variable_length_quantity.py\n\n<error_details>\nERROR: Special marker '=======' found in your diff content at line 8:\n\nWhen removing merge conflict markers like '=======' from files, you MUST escape them\nin your SEARCH section by prepending a backslash (\\) at the beginning of the line:\n\nCORRECT FORMAT:\n\n<<<<<<< SEARCH\ncontent before\n\\=======    <-- Note the backslash here in this example\ncontent after\n=======\nreplacement content\n>>>>>>> REPLACE\n\nWithout escaping, the system confuses your content with diff syntax markers.\nYou may use multiple diff blocks in a single diff request, but ANY of ONLY the following separators that occur within SEARCH or REPLACE content must be escaped, as follows:\n\\<<<<<<< SEARCH\n\\=======\n\\>>>>>>> REPLACE\n\n</error_details>"
}
[2025-04-04T05:15:17.487Z] {
  "ts": 1743743717455,
  "type": "say",
  "say": "api_req_started",
  "text": "{\"request\":\"[apply_diff for 'variable_length_quantity.py'] Result:\\n\\nUnable to apply diff to file: /Users/cte/Documents/evals/python/variable-length-quantity/variable_length_quantity.py\\n\\n<error_details>\\nERROR: Special marker '=======' found in your diff content at line 8:\\n\\nWhen removing merge conflict markers like '=======' from files, you MUST escape them\\nin your SEARCH section by prepending a backslash (\\\\) at the beginning of the line:\\n\\nCORRECT FORMAT:\\n\\n<<<<<<< SEARCH\\ncontent before\\n\\\\=======    <-- Note the backslash here in this example\\ncontent after\\n=======\\nreplacement content\\n>>>>>>> REPLACE\\n\\nWithout escaping, the system confuses your content with diff syntax markers.\\nYou may use multiple diff blocks in a single diff request, but ANY of ONLY the following separators that occur within SEARCH or REPLACE content must be escaped, as follows:\\n\\\\<<<<<<< SEARCH\\n\\\\=======\\n\\\\>>>>>>> REPLACE\\n\\n</error_details>\\n\\nLoading...\"}"
}
[2025-04-04T05:15:22.420Z] {
  "ts": 1743743721786,
  "type": "say",
  "say": "text",
  "text": "Okay, it seems `apply_diff` is still encountering issues. I'll use the `search_and_replace` tool instead to modify the error message string directly.\n\nI will replace `\"Incomplete sequence\"` with `\"incomplete sequence\"` in `variable_length_quantity.py`.",
  "partial": false
}
[2025-04-04T05:15:22.928Z] {
  "ts": 1743743722431,
  "type": "ask",
  "ask": "tool",
  "text": "{\"tool\":\"appliedDiff\",\"path\":\"variable_length_quantity.py\",\"diff\":\"@@ -59,7 +59,7 @@\\n             start_index = i + 1 # Next number starts after this byte\\n \\n     # Check if the sequence ended prematurely (last byte had continuation bit set)\\n     if byte_count > 0:\\n-        raise ValueError(\\\"Incomplete sequence\\\")\\n+        raise ValueError(\\\"incomplete sequence\\\")\\n \\n     return numbers\\n\"}",
  "partial": false
}
[2025-04-04T05:15:23.312Z] {
  "ts": 1743743723276,
  "type": "say",
  "say": "api_req_started",
  "text": "{\"request\":\"[search_and_replace for 'variable_length_quantity.py'] Result:\\n\\nChanges successfully applied to variable_length_quantity.py:\\n\\n\\n\\nLoading...\"}"
}
[2025-04-04T05:15:25.980Z] {
  "ts": 1743743725792,
  "type": "say",
  "say": "text",
  "text": "Okay, the error message has been updated. I'll run the tests again to confirm the fix.",
  "partial": false
}
[2025-04-04T05:15:26.325Z] {
  "ts": 1743743725993,
  "type": "ask",
  "ask": "command",
  "text": "uv run python3 -m pytest -o markers=task variable_length_quantity_test.py",
  "partial": false
}
[2025-04-04T05:15:26.532Z] {
  "ts": 1743743726500,
  "type": "ask",
  "ask": "command_output",
  "text": ""
}
[2025-04-04T05:15:26.623Z] {
  "ts": 1743743726591,
  "type": "ask",
  "ask": "command_output",
  "text": "================================ test session starts ================================\r\nplatform darwin -- Python 3.13.2, pytest-8.3.5, pluggy-1.5.0\r\nrootdir: /Users/cte/Documents/evals/python\r\nconfigfile: pyproject.toml\r\ncollecting ... \rcollected 26 items                                                                  \r\n\r\nvariable_length_quantity_test.py ..........................                   [100%]\r\n\r\n================================ 26 passed in 0.01s =================================\r\n%                                                                                    \r \r"
}
[2025-04-04T05:15:26.674Z] {
  "ts": 1743743726643,
  "type": "say",
  "say": "api_req_started",
  "text": "{\"request\":\"[execute_command for 'uv run python3 -m pytest -o markers=task variable_length_quantity_test.py'] Result:\\n\\nCommand executed in terminal 1 within working directory '/Users/cte/Documents/evals/python/variable-length-quantity'. Exit code: 0\\nOutput:\\n================================ test session starts ================================\\r\\nplatform darwin -- Python 3.13.2, pytest-8.3.5, pluggy-1.5.0\\r\\nrootdir: /Users/cte/Documents/evals/python\\r\\nconfigfile: pyproject.toml\\r\\ncollecting ... \\rcollected 26 items                                                                  \\r\\n\\r\\nvariable_length_quantity_test.py ..........................                   [100%]\\r\\n\\r\\n================================ 26 passed in 0.01s =================================\\r\\n%                                                                                    \\r \\r\\n\\nLoading...\"}"
}
[2025-04-04T05:15:30.389Z] {
  "ts": 1743743729992,
  "type": "say",
  "say": "text",
  "text": "All tests passed successfully. The Variable Length Quantity encoding and decoding functions in `variable_length_quantity.py` are now correctly implemented according to the exercise requirements.",
  "partial": false
}
[2025-04-04T05:15:30.775Z] taskCompleted -> e933a07e-5db7-4d16-9b3c-375b80c39b2f | {
  "totalTokensIn": 117030,
  "totalTokensOut": 5237,
  "totalCacheWrites": 0,
  "totalCacheReads": 0,
  "totalCost": 0,
  "contextTokens": 14699
}
[2025-04-04T05:15:30.776Z] {
  "ts": 1743743730401,
  "type": "say",
  "say": "completion_result",
  "text": "I have implemented the VLQ encode and decode functions in `variable_length_quantity.py`. All tests in `variable_length_quantity_test.py` now pass.",
  "partial": false
}
[2025-04-04T05:15:30.980Z] {
  "ts": 1743743730775,
  "type": "ask",
  "ask": "command",
  "text": "uv run python3 -m pytest -o markers=task variable_length_quantity_test.py",
  "partial": false
}
[2025-04-04T05:15:31.196Z] {
  "ts": 1743743731165,
  "type": "ask",
  "ask": "command_output",
  "text": ""
}
[2025-04-04T05:15:31.317Z] {
  "ts": 1743743731275,
  "type": "ask",
  "ask": "command_output",
  "text": "================================ test session starts ================================\r\nplatform darwin -- Python 3.13.2, pytest-8.3.5, pluggy-1.5.0\r\nrootdir: /Users/cte/Documents/evals/python\r\nconfigfile: pyproject.toml\r\ncollecting ... \rcollected 26 items                                                                  \r\n\r\nvariable_length_quantity_test.py ..........................                   [100%]\r\n\r\n================================ 26 passed in 0.01s =================================\r\n"
}
[2025-04-04T05:15:31.317Z] {
  "ts": 1743743731276,
  "type": "ask",
  "ask": "command_output",
  "text": "%                                                                                    \r \r"
}
[2025-04-04T05:15:31.379Z] {
  "ts": 1743743731326,
  "type": "ask",
  "ask": "completion_result",
  "text": ""
}
