[2025-04-04T04:35:16.652Z] {
  "ts": 1743741316613,
  "type": "say",
  "say": "text",
  "text": "Your job is to complete a coding exercise described the markdown files inside the `.docs` directory.\n\nA file with the implementation stubbed out has been created for you, along with a test file.\n\nTo successfully complete the exercise, you must pass all the tests in the test file.\n\nTo confirm that your solution is correct, run the tests with `./gradlew test`. Do not alter the test file; it should be run as-is.\n\nDo not use the \"ask_followup_question\" tool.\n"
}
[2025-04-04T04:35:16.680Z] taskStarted -> f65e319b-423f-47b0-a6d2-5d58e9677aaa
[2025-04-04T04:35:16.715Z] {
  "ts": 1743741316680,
  "type": "say",
  "say": "api_req_started",
  "text": "{\"request\":\"<task>\\nYour job is to complete a coding exercise described the markdown files inside the `.docs` directory.\\n\\nA file with the implementation stubbed out has been created for you, along with a test file.\\n\\nTo successfully complete the exercise, you must pass all the tests in the test file.\\n\\nTo confirm that your solution is correct, run the tests with `./gradlew test`. Do not alter the test file; it should be run as-is.\\n\\nDo not use the \\\"ask_followup_question\\\" tool.\\n\\n</task>\\n\\nLoading...\"}"
}
[2025-04-04T04:35:21.345Z] {
  "ts": 1743741320761,
  "type": "say",
  "say": "text",
  "text": "Okay, I understand the task. I need to implement the `BankAccount.java` file based on the exercise description found in the `.docs` directory and ensure all tests in `BankAccountTest.java` pass when run with `./gradlew test`.\n\nFirst, I'll list the files in the `.docs` directory to find the exercise description.",
  "partial": false
}
[2025-04-04T04:35:21.412Z] {
  "ts": 1743741321379,
  "type": "ask",
  "ask": "tool",
  "text": "{\"tool\":\"listFilesTopLevel\",\"path\":\".docs\",\"content\":\"instructions.append.md\\ninstructions.md\\nintroduction.md\"}"
}
[2025-04-04T04:35:21.582Z] {
  "ts": 1743741321551,
  "type": "say",
  "say": "api_req_started",
  "text": "{\"request\":\"[list_files for '.docs'] Result:\\n\\ninstructions.append.md\\ninstructions.md\\nintroduction.md\\n\\nLoading...\"}"
}
[2025-04-04T04:35:25.643Z] {
  "ts": 1743741325206,
  "type": "say",
  "say": "text",
  "text": "Okay, I see the files in the `.docs` directory. I'll start by reading `instructions.md` to understand the requirements for the `BankAccount` class.",
  "partial": false
}
[2025-04-04T04:35:25.728Z] {
  "ts": 1743741325679,
  "type": "ask",
  "ask": "tool",
  "text": "{\"tool\":\"readFile\",\"path\":\".docs/instructions.md\",\"isOutsideWorkspace\":false,\"content\":\"/Users/cte/Documents/evals/java/bank-account/.docs/instructions.md\",\"reason\":\" (max 500 lines)\"}"
}
[2025-04-04T04:35:25.806Z] {
  "ts": 1743741325774,
  "type": "say",
  "say": "api_req_started",
  "text": "{\"request\":\"[read_file for '.docs/instructions.md'] Result:\\n\\n 1 | # Instructions\\n 2 | \\n 3 | Your task is to implement bank accounts supporting opening/closing, withdrawals, and deposits of money.\\n 4 | \\n 5 | As bank accounts can be accessed in many different ways (internet, mobile phones, automatic charges), your bank software must allow accounts to be safely accessed from multiple threads/processes (terminology depends on your programming language) in parallel.\\n 6 | For example, there may be many deposits and withdrawals occurring in parallel; you need to ensure there are no [race conditions][wikipedia] between when you read the account balance and set the new balance.\\n 7 | \\n 8 | It should be possible to close an account; operations against a closed account must fail.\\n 9 | \\n10 | [wikipedia]: https://en.wikipedia.org/wiki/Race_condition#In_software\\n11 | \\n\\nLoading...\"}"
}
[2025-04-04T04:35:29.282Z] {
  "ts": 1743741328710,
  "type": "say",
  "say": "text",
  "text": "Okay, the instructions specify the need for a thread-safe bank account implementation supporting open/close, deposit, and withdrawal operations. Operations on closed accounts should fail.\n\nNext, I'll examine the existing `BankAccount.java` file to see the stubbed methods.",
  "partial": false
}
[2025-04-04T04:35:29.344Z] {
  "ts": 1743741329314,
  "type": "ask",
  "ask": "tool",
  "text": "{\"tool\":\"readFile\",\"path\":\"src/main/java/BankAccount.java\",\"isOutsideWorkspace\":false,\"content\":\"/Users/cte/Documents/evals/java/bank-account/src/main/java/BankAccount.java\",\"reason\":\" (max 500 lines)\"}"
}
[2025-04-04T04:35:29.526Z] {
  "ts": 1743741329495,
  "type": "say",
  "say": "api_req_started",
  "text": "{\"request\":\"[read_file for 'src/main/java/BankAccount.java'] Result:\\n\\n 1 | class BankAccount {\\n 2 | \\n 3 |     void open() throws BankAccountActionInvalidException {\\n 4 |         throw new UnsupportedOperationException(\\\"Delete this statement and write your own implementation.\\\");\\n 5 |     }\\n 6 | \\n 7 |     void close() throws BankAccountActionInvalidException {\\n 8 |         throw new UnsupportedOperationException(\\\"Delete this statement and write your own implementation.\\\");\\n 9 |     }\\n10 | \\n11 |     synchronized int getBalance() throws BankAccountActionInvalidException {\\n12 |         throw new UnsupportedOperationException(\\\"Delete this statement and write your own implementation.\\\");\\n13 |     }\\n14 | \\n15 |     synchronized void deposit(int amount) throws BankAccountActionInvalidException {\\n16 |         throw new UnsupportedOperationException(\\\"Delete this statement and write your own implementation.\\\");\\n17 |     }\\n18 | \\n19 |     synchronized void withdraw(int amount) throws BankAccountActionInvalidException {\\n20 |         throw new UnsupportedOperationException(\\\"Delete this statement and write your own implementation.\\\");\\n21 |     }\\n22 | \\n23 | }\\n\\nLoading...\"}"
}
[2025-04-04T04:35:35.759Z] {
  "ts": 1743741334673,
  "type": "say",
  "say": "text",
  "text": "Okay, I see the stubbed methods. Now I'll implement the `BankAccount` class according to the instructions. I'll add fields for the balance and the account status (open/closed), and implement the logic for each method, ensuring thread safety using the existing `synchronized` keywords and handling invalid operations as required.",
  "partial": false
}
[2025-04-04T04:35:40.881Z] {
  "ts": 1743741336031,
  "type": "ask",
  "ask": "tool",
  "text": "{\"tool\":\"editedExistingFile\",\"path\":\"src/main/java/BankAccount.java\",\"isOutsideWorkspace\":false,\"diff\":\"@@ -1,23 +1,58 @@\\n+import java.util.concurrent.atomic.AtomicBoolean;\\n+import java.util.concurrent.atomic.AtomicInteger;\\n+\\n class BankAccount {\\n \\n+    private AtomicInteger balance = new AtomicInteger(0);\\n+    private AtomicBoolean isOpen = new AtomicBoolean(false);\\n+\\n     void open() throws BankAccountActionInvalidException {\\n-        throw new UnsupportedOperationException(\\\"Delete this statement and write your own implementation.\\\");\\n+        if (!isOpen.compareAndSet(false, true)) {\\n+            throw new BankAccountActionInvalidException(\\\"Account already open\\\");\\n+        }\\n+        // Balance is already initialized to 0 by AtomicInteger default\\n     }\\n \\n     void close() throws BankAccountActionInvalidException {\\n-        throw new UnsupportedOperationException(\\\"Delete this statement and write your own implementation.\\\");\\n+        if (!isOpen.compareAndSet(true, false)) {\\n+             throw new BankAccountActionInvalidException(\\\"Account not open\\\");\\n+        }\\n+        // Optionally clear balance on close, though not strictly required by instructions\\n+        // balance.set(0);\\n     }\\n \\n-    synchronized int getBalance() throws BankAccountActionInvalidException {\\n-        throw new UnsupportedOperationException(\\\"Delete this statement and write your own implementation.\\\");\\n+    int getBalance() throws BankAccountActionInvalidException {\\n+        if (!isOpen.get()) {\\n+            throw new BankAccountActionInvalidException(\\\"Account closed\\\");\\n+        }\\n+        return balance.get();\\n     }\\n \\n+    // deposit and withdraw methods need to be synchronized to prevent race conditions\\n+    // between checking the balance and updating it, especially for withdraw.\\n+    // While AtomicInteger provides atomic operations, the sequence of check-then-act\\n+    // (like checking balance before withdrawing) needs external synchronization.\\n     synchronized void deposit(int amount) throws BankAccountActionInvalidException {\\n-        throw new UnsupportedOperationException(\\\"Delete this statement and write your own implementation.\\\");\\n+        if (!isOpen.get()) {\\n+            throw new BankAccountActionInvalidException(\\\"Account closed\\\");\\n+        }\\n+        if (amount < 0) {\\n+            throw new BankAccountActionInvalidException(\\\"Cannot deposit negative amount\\\");\\n+        }\\n+        balance.addAndGet(amount);\\n     }\\n \\n     synchronized void withdraw(int amount) throws BankAccountActionInvalidException {\\n-        throw new UnsupportedOperationException(\\\"Delete this statement and write your own implementation.\\\");\\n+        if (!isOpen.get()) {\\n+            throw new BankAccountActionInvalidException(\\\"Account closed\\\");\\n+        }\\n+        if (amount < 0) {\\n+            throw new BankAccountActionInvalidException(\\\"Cannot withdraw negative amount\\\");\\n+        }\\n+        int currentBalance = balance.get();\\n+        if (currentBalance < amount) {\\n+            throw new BankAccountActionInvalidException(\\\"Cannot withdraw more money than is currently in the account\\\");\\n+        }\\n+        balance.addAndGet(-amount);\\n     }\\n-\\n }\\n\\\\ No newline at end of file\\n\"}",
  "partial": false
}
[2025-04-04T04:35:41.288Z] {
  "ts": 1743741341258,
  "type": "say",
  "say": "api_req_started",
  "text": "{\"request\":\"[write_to_file for 'src/main/java/BankAccount.java'] Result:\\n\\nThe content was successfully saved to src/main/java/BankAccount.java.\\n\\nLoading...\"}"
}
[2025-04-04T04:35:43.863Z] {
  "ts": 1743741343356,
  "type": "say",
  "say": "text",
  "text": "Okay, the `BankAccount.java` file has been updated with the implementation.\n\nNow, I'll run the tests using the command `./gradlew test` to check if the implementation passes all the tests defined in `BankAccountTest.java`.",
  "partial": false
}
[2025-04-04T04:35:43.907Z] {
  "ts": 1743741343871,
  "type": "ask",
  "ask": "command",
  "text": "./gradlew test"
}
[2025-04-04T04:35:45.909Z] {
  "ts": 1743741345876,
  "type": "ask",
  "ask": "command_output",
  "text": ""
}
[2025-04-04T04:35:46.252Z] {
  "ts": 1743741346221,
  "type": "ask",
  "ask": "command_output",
  "text": "\r\n"
}
[2025-04-04T04:35:46.355Z] {
  "ts": 1743741346323,
  "type": "ask",
  "ask": "command_output",
  "text": "\r\n"
}
[2025-04-04T04:35:46.847Z] {
  "ts": 1743741346814,
  "type": "ask",
  "ask": "command_output",
  "text": "<===========--> 85% EXECUTING [102ms]> :test > Resolve dependencies of :testRuntimeClasspath<===========--> 85% EXECUTING [202ms]> :test > 0 tests completed<===========--> 85% EXECUTING [300ms]<===========--> 85% EXECUTING [398ms]\r\n"
}
[2025-04-04T04:35:47.411Z] {
  "ts": 1743741347377,
  "type": "ask",
  "ask": "command_output",
  "text": "<===========--> 85% EXECUTING [501ms]> :test > 1 test completed> :test > Executing test BankAccountTest<===========--> 85% EXECUTING [601ms]<===========--> 85% EXECUTING [702ms]<===========--> 85% EXECUTING [803ms]<===========--> 85% EXECUTING [902ms]<===========--> 85% EXECUTING [1s]> :test > 3 tests completed\r\n> Task :test FAILED\r\n\r\nBankAccountTest > multipleDeposits() PASSED\r\n\r\nBankAccountTest > canHandleConcurrentTransactions() PASSED\r\n\r\nBankAccountTest > cannotCheckBalanceOfClosedAccount() PASSED\r\n\r\nBankAccountTest > cannotDepositNegativeAmount() FAILED\r\n    org.opentest4j.AssertionFailedError: \r\n    Expecting message to be:\r\n      \"Cannot deposit or withdraw negative amount\"\r\n    but was:\r\n      \"Cannot deposit negative amount\"\r\n\r\n    Throwable that failed the check:\r\n\r\n    BankAccountActionInvalidException: Cannot deposit negative amount\r\n        at BankAccount.deposit(BankAccount.java:40)\r\n        at BankAccountTest.lambda$cannotDepositNegativeAmount$5(BankAccountTest.java:160)\r\n        at org.assertj.core.api.ThrowableAssert.catchThrowable(ThrowableAssert.java:63)\r\n        at org.assertj.core.api.ThrowableTypeAssert.isThrownBy(ThrowableTypeAssert.java:59)\r\n        at BankAccountTest.cannotDepositNegativeAmount(BankAccountTest.java:160)\r\n        at java.base/jdk.internal.reflect.NativeMethodAccessorImpl.invoke0(Native Method)\r\n        at java.base/jdk.internal.reflect.NativeMethodAccessorImpl.invoke(NativeMethodAccessorImpl.java:77)\r\n        at java.base/jdk.internal.reflect.DelegatingMethodAccessorImpl.invoke(DelegatingMethodAccessorImpl.java:43)\r\n        at java.base/java.lang.reflect.Method.invoke(Method.java:569)\r\n        at org.junit.platform.commons.util.ReflectionUtils.invokeMethod(ReflectionUtils.java:728)\r\n        at org.junit.jupiter.engine.execution.MethodInvocation.proceed(MethodInvocation.java:60)\r\n        at org.junit.jupiter.engine.execution.InvocationInterceptorChain$ValidatingInvocation.proceed(InvocationInterceptorChain.java:131)\r\n        at org.junit.jupiter.engine.extension.TimeoutExtension.intercept(TimeoutExtension.java:156)\r\n        at org.junit.jupiter.engine.extension.TimeoutExtension.interceptTestableMethod(TimeoutExtension.java:147)\r\n        at org.junit.jupiter.engine.extension.TimeoutExtension.interceptTestMethod(TimeoutExtension.java:86)\r\n        at org.junit.jupiter.engine.execution.InterceptingExecutableInvoker$ReflectiveInterceptorCall.lambda$ofVoidMethod$0(InterceptingExecutableInvoker.java:103)\r\n        at org.junit.jupiter.engine.execution.InterceptingExecutableInvoker.lambda$invoke$0(InterceptingExecutableInvoker.java:93)\r\n        at org.junit.jupiter.engine.execution.InvocationInterceptorChain$InterceptedInvocation.proceed(InvocationInterceptorChain.java:106)\r\n        at org.junit.jupiter.engine.execution.InvocationInterceptorChain.proceed(InvocationInterceptorChain.java:64)\r\n        at org.junit.jupiter.engine.execution.InvocationInterceptorChain.chainAndInvoke(InvocationInterceptorChain.java:45)\r\n        at org.junit.jupiter.engine.execution.InvocationInterceptorChain.invoke(InvocationInterceptorChain.java:37)\r\n        at org.junit.jupiter.engine.execution.InterceptingExecutableInvoker.invoke(InterceptingExecutableInvoker.java:92)\r\n        at org.junit.jupiter.engine.execution.InterceptingExecutableInvoker.invoke(InterceptingExecutableInvoker.java:86)\r\n        at org.junit.jupiter.engine.descriptor.TestMethodTestDescriptor.lambda$invokeTestMethod$7(TestMethodTestDescriptor.java:218)\r\n        at org.junit.platform.engine.support.hierarchical.ThrowableCollector.execute(ThrowableCollector.java:73)\r\n        at org.junit.jupiter.engine.descriptor.TestMethodTestDescriptor.invokeTestMethod(TestMethodTestDescriptor.java:214)\r\n        at org.junit.jupiter.engine.descriptor.TestMethodTestDescriptor.execute(TestMethodTestDescriptor.java:139)\r\n        at org.junit.jupiter.engine.descriptor.TestMethodTestDescriptor.execute(TestMethodTestDescriptor.java:69)\r\n        at org.junit.platform.engine.support.hierarchical.NodeTestTask.lambda$executeRecursively$6(NodeTestTask.java:151)\r\n        at org.junit.platform.engine.support.hierarchical.ThrowableCollector.execute(ThrowableCollector.java:73)\r\n        at org.junit.platform.engine.support.hierarchical.NodeTestTask.lambda$executeRecursively$8(NodeTestTask.java:141)\r\n        at org.junit.platform.engine.support.hierarchical.Node.around(Node.java:137)\r\n        at org.junit.platform.engine.support.hierarchical.NodeTestTask.lambda$executeRecursively$9(NodeTestTask.java:139)\r\n        at org.junit.platform.engine.support.hierarchical.ThrowableCollector.execute(ThrowableCollector.java:73)\r\n        at org.junit.platform.engine.support.hierarchical.NodeTestTask.executeRecursively(NodeTestTask.java:138)\r\n        at org.junit.platform.engine.support.hierarchical.NodeTestTask.execute(NodeTestTask.java:95)\r\n        at java.base/java.util.ArrayList.forEach(ArrayList.java:1511)\r\n        at org.junit.platform.engine.support.hierarchical.SameThreadHierarchicalTestExecutorService.invokeAll(SameThreadHierarchicalTestExecutorService.java:41)\r\n        at org.junit.platform.engine.support.hierarchical.NodeTestTask.lambda$executeRecursively$6(NodeTestTask.java:155)\r\n        at org.junit.platform.engine.support.hierarchical.ThrowableCollector.execute(ThrowableCollector.java:73)\r\n        at org.junit.platform.engine.support.hierarchical.NodeTestTask.lambda$executeRecursively$8(NodeTestTask.java:141)\r\n        at org.junit.platform.engine.support.hierarchical.Node.around(Node.java:137)\r\n        at org.junit.platform.engine.support.hierarchical.NodeTestTask.lambda$executeRecursively$9(NodeTestTask.java:139)\r\n        at org.junit.platform.engine.support.hierarchical.ThrowableCollector.execute(ThrowableCollector.java:73)\r\n        at org.junit.platform.engine.support.hierarchical.NodeTestTask.executeRecursively(NodeTestTask.java:138)\r\n        at org.junit.platform.engine.support.hierarchical.NodeTestTask.execute(NodeTestTask.java:95)\r\n        at java.base/java.util.ArrayList.forEach(ArrayList.java:1511)\r\n        at org.junit.platform.engine.support.hierarchical.SameThreadHierarchicalTestExecutorService.invokeAll(SameThreadHierarchicalTestExecutorService.java:41)\r\n        at org.junit.platform.engine.support.hierarchical.NodeTestTask.lambda$executeRecursively$6(NodeTestTask.java:155)\r\n        at org.junit.platform.engine.support.hierarchical.ThrowableCollector.execute(ThrowableCollector.java:73)\r\n        at org.junit.platform.engine.support.hierarchical.NodeTestTask.lambda$executeRecursively$8(NodeTestTask.java:141)\r\n        at org.junit.platform.engine.support.hierarchical.Node.around(Node.java:137)\r\n        at org.junit.platform.engine.support.hierarchical.NodeTestTask.lambda$executeRecursively$9(NodeTestTask.java:139)\r\n        at org.junit.platform.engine.support.hierarchical.ThrowableCollector.execute(ThrowableCollector.java:73)\r\n        at org.junit.platform.engine.support.hierarchical.NodeTestTask.executeRecursively(NodeTestTask.java:138)\r\n        at org.junit.platform.engine.support.hierarchical.NodeTestTask.execute(NodeTestTask.java:95)\r\n        at org.junit.platform.engine.support.hierarchical.SameThreadHierarchicalTestExecutorService.submit(SameThreadHierarchicalTestExecutorService.java:35)\r\n        at org.junit.platform.engine.support.hierarchical.HierarchicalTestExecutor.execute(HierarchicalTestExecutor.java:57)\r\n        at org.junit.platform.engine.support.hierarchical.HierarchicalTestEngine.execute(HierarchicalTestEngine.java:54)\r\n        at org.junit.platform.launcher.core.EngineExecutionOrchestrator.execute(EngineExecutionOrchestrator.java:107)\r\n        at org.junit.platform.launcher.core.EngineExecutionOrchestrator.execute(EngineExecutionOrchestrator.java:88)\r\n        at org.junit.platform.launcher.core.EngineExecutionOrchestrator.lambda$execute$0(EngineExecutionOrchestrator.java:54)\r\n        at org.junit.platform.launcher.core.EngineExecutionOrchestrator.withInterceptedStreams(EngineExecutionOrchestrator.java:67)\r\n        at org.junit.platform.launcher.core.EngineExecutionOrchestrator.execute(EngineExecutionOrchestrator.java:52)\r\n        at org.junit.platform.launcher.core.DefaultLauncher.execute(DefaultLauncher.java:114)\r\n        at org.junit.platform.launcher.core.DefaultLauncher.execute(DefaultLauncher.java:86)\r\n        at org.junit.platform.launcher.core.DefaultLauncherSession$DelegatingLauncher.execute(DefaultLauncherSession.java:86)\r\n        at org.gradle.api.internal.tasks.testing.junitplatform.JUnitPlatformTestClassProcessor$CollectAllTestClassesExecutor.processAllTestClasses(JUnitPlatformTestClassProcessor.java:119)\r\n        at org.gradle.api.internal.tasks.testing.junitplatform.JUnitPlatformTestClassProcessor$CollectAllTestClassesExecutor.access$000(JUnitPlatformTestClassProcessor.java:94)\r\n        at org.gradle.api.internal.tasks.testing.junitplatform.JUnitPlatformTestClassProcessor.stop(JUnitPlatformTestClassProcessor.java:89)\r\n        at org.gradle.api.internal.tasks.testing.SuiteTestClassProcessor.stop(SuiteTestClassProcessor.java:62)\r\n        at java.base/jdk.internal.reflect.NativeMethodAccessorImpl.invoke0(Native Method)\r\n        at java.base/jdk.internal.reflect.NativeMethodAccessorImpl.invoke(NativeMethodAccessorImpl.java:77)\r\n        at java.base/jdk.internal.reflect.DelegatingMethodAccessorImpl.invoke(DelegatingMethodAccessorImpl.java:43)\r\n        at java.base/java.lang.reflect.Method.invoke(Method.java:569)\r\n        at org.gradle.internal.dispatch.ReflectionDispatch.dispatch(ReflectionDispatch.java:36)\r\n        at org.gradle.internal.dispatch.ReflectionDispatch.dispatch(ReflectionDispatch.java:24)\r\n        at org.gradle.internal.dispatch.ContextClassLoaderDispatch.dispatch(ContextClassLoaderDispatch.java:33)\r\n        at org.gradle.internal.dispatch.ProxyDispatchAdapter$DispatchingInvocationHandler.invoke(ProxyDispatchAdapter.java:94)\r\n        at jdk.proxy1/jdk.proxy1.$Proxy2.stop(Unknown Source)\r\n        at org.gradle.api.internal.tasks.testing.worker.TestWorker$3.run(TestWorker.java:193)\r\n        at org.gradle.api.internal.tasks.testing.worker.TestWorker.executeAndMaintainThreadName(TestWorker.java:129)\r\n        at org.gradle.api.internal.tasks.testing.worker.TestWorker.execute(TestWorker.java:100)\r\n        at org.gradle.api.internal.tasks.testing.worker.TestWorker.execute(TestWorker.java:60)\r\n        at org.gradle.process.internal.worker.child.ActionExecutionWorker.execute(ActionExecutionWorker.java:56)\r\n        at org.gradle.process.internal.worker.child.SystemApplicationClassLoaderWorker.call(SystemApplicationClassLoaderWorker.java:113)\r\n        at org.gradle.process.internal.worker.child.SystemApplicationClassLoaderWorker.call(SystemApplicationClassLoaderWorker.java:65)\r\n        at worker.org.gradle.process.internal.worker.GradleWorkerMain.run(GradleWorkerMain.java:69)\r\n        at worker.org.gradle.process.internal.worker.GradleWorkerMain.main(GradleWorkerMain.java:74)\r\n        at java.base@17.0.14/jdk.internal.reflect.NativeConstructorAccessorImpl.newInstance0(Native Method)\r\n        at java.base@17.0.14/jdk.internal.reflect.NativeConstructorAccessorImpl.newInstance(NativeConstructorAccessorImpl.java:77)\r\n        at java.base@17.0.14/jdk.internal.reflect.DelegatingConstructorAccessorImpl.newInstance(DelegatingConstructorAccessorImpl.java:45)\r\n        at java.base@17.0.14/java.lang.reflect.Constructor.newInstanceWithCaller(Constructor.java:500)\r\n        at app//BankAccountTest.cannotDepositNegativeAmount(BankAccountTest.java:161)\r\n\r\nBankAccountTest > cannotDepositIntoUnopenedAccount() PASSED\r\n\r\nBankAccountTest > withdrawTwice() PASSED\r\n\r\nBankAccountTest > reopenedAccountDoesNotRetainBalance() FAILED\r\n    org.opentest4j.AssertionFailedError: \r\n    expected: 0\r\n     but was: 50\r\n        at java.base@17.0.14/jdk.internal.reflect.NativeConstructorAccessorImpl.newInstance0(Native Method)\r\n        at java.base@17.0.14/jdk.internal.reflect.NativeConstructorAccessorImpl.newInstance(NativeConstructorAccessorImpl.java:77)\r\n        at java.base@17.0.14/jdk.internal.reflect.DelegatingConstructorAccessorImpl.newInstance(DelegatingConstructorAccessorImpl.java:45)\r\n        at java.base@17.0.14/java.lang.reflect.Constructor.newInstanceWithCaller(Constructor.java:500)\r\n        at app//BankAccountTest.reopenedAccountDoesNotRetainBalance(BankAccountTest.java:132)\r\n\r\nBankAccountTest > cannotWithdrawNegativeAmount() FAILED\r\n    org.opentest4j.AssertionFailedError: \r\n    Expecting message to be:\r\n      \"Cannot deposit or withdraw negative amount\"\r\n    but was:\r\n      \"Cannot withdraw negative amount\"\r\n\r\n    Throwable that failed the check:\r\n\r\n    BankAccountActionInvalidException: Cannot withdraw negative amount\r\n        at BankAccount.withdraw(BankAccount.java:50)\r\n        at BankAccountTest.lambda$cannotWithdrawNegativeAmount$4(BankAccountTest.java:151)\r\n        at org.assertj.core.api.ThrowableAssert.catchThrowable(ThrowableAssert.java:63)\r\n        at org.assertj.core.api.ThrowableTypeAssert.isThrownBy(ThrowableTypeAssert.java:59)\r\n        at BankAccountTest.cannotWithdrawNegativeAmount(BankAccountTest.java:151)\r\n        at java.base/jdk.internal.reflect.NativeMethodAccessorImpl.invoke0(Native Method)\r\n        at java.base/jdk.internal.reflect.NativeMethodAccessorImpl.invoke(NativeMethodAccessorImpl.java:77)\r\n        at java.base/jdk.internal.reflect.DelegatingMethodAccessorImpl.invoke(DelegatingMethodAccessorImpl.java:43)\r\n        at java.base/java.lang.reflect.Method.invoke(Method.java:569)\r\n        at org.junit.platform.commons.util.ReflectionUtils.invokeMethod(ReflectionUtils.java:728)\r\n        at org.junit.jupiter.engine.execution.MethodInvocation.proceed(MethodInvocation.java:60)\r\n        at org.junit.jupiter.engine.execution.InvocationInterceptorChain$ValidatingInvocation.proceed(InvocationInterceptorChain.java:131)\r\n        at org.junit.jupiter.engine.extension.TimeoutExtension.intercept(TimeoutExtension.java:156)\r\n        at org.junit.jupiter.engine.extension.TimeoutExtension.interceptTestableMethod(TimeoutExtension.java:147)\r\n        at org.junit.jupiter.engine.extension.TimeoutExtension.interceptTestMethod(TimeoutExtension.java:86)\r\n        at org.junit.jupiter.engine.execution.InterceptingExecutableInvoker$ReflectiveInterceptorCall.lambda$ofVoidMethod$0(InterceptingExecutableInvoker.java:103)\r\n        at org.junit.jupiter.engine.execution.InterceptingExecutableInvoker.lambda$invoke$0(InterceptingExecutableInvoker.java:93)\r\n        at org.junit.jupiter.engine.execution.InvocationInterceptorChain$InterceptedInvocation.proceed(InvocationInterceptorChain.java:106)\r\n        at org.junit.jupiter.engine.execution.InvocationInterceptorChain.proceed(InvocationInterceptorChain.java:64)\r\n        at org.junit.jupiter.engine.execution.InvocationInterceptorChain.chainAndInvoke(InvocationInterceptorChain.java:45)\r\n        at org.junit.jupiter.engine.execution.InvocationInterceptorChain.invoke(InvocationInterceptorChain.java:37)\r\n        at org.junit.jupiter.engine.execution.InterceptingExecutableInvoker.invoke(InterceptingExecutableInvoker.java:92)\r\n        at org.junit.jupiter.engine.execution.InterceptingExecutableInvoker.invoke(InterceptingExecutableInvoker.java:86)\r\n        at org.junit.jupiter.engine.descriptor.TestMethodTestDescriptor.lambda$invokeTestMethod$7(TestMethodTestDescriptor.java:218)\r\n        at org.junit.platform.engine.support.hierarchical.ThrowableCollector.execute(ThrowableCollector.java:73)\r\n        at org.junit.jupiter.engine.descriptor.TestMethodTestDescriptor.invokeTestMethod(TestMethodTestDescriptor.java:214)\r\n        at org.junit.jupiter.engine.descriptor.TestMethodTestDescriptor.execute(TestMethodTestDescriptor.java:139)\r\n        at org.junit.jupiter.engine.descriptor.TestMethodTestDescriptor.execute(TestMethodTestDescriptor.java:69)\r\n        at org.junit.platform.engine.support.hierarchical.NodeTestTask.lambda$executeRecursively$6(NodeTestTask.java:151)\r\n        at org.junit.platform.engine.support.hierarchical.ThrowableCollector.execute(ThrowableCollector.java:73)\r\n        at org.junit.platform.engine.support.hierarchical.NodeTestTask.lambda$executeRecursively$8(NodeTestTask.java:141)\r\n        at org.junit.platform.engine.support.hierarchical.Node.around(Node.java:137)\r\n        at org.junit.platform.engine.support.hierarchical.NodeTestTask.lambda$executeRecursively$9(NodeTestTask.java:139)\r\n        at org.junit.platform.engine.support.hierarchical.ThrowableCollector.execute(ThrowableCollector.java:73)\r\n        at org.junit.platform.engine.support.hierarchical.NodeTestTask.executeRecursively(NodeTestTask.java:138)\r\n        at org.junit.platform.engine.support.hierarchical.NodeTestTask.execute(NodeTestTask.java:95)\r\n        at java.base/java.util.ArrayList.forEach(ArrayList.java:1511)\r\n        at org.junit.platform.engine.support.hierarchical.SameThreadHierarchicalTestExecutorService.invokeAll(SameThreadHierarchicalTestExecutorService.java:41)\r\n        at org.junit.platform.engine.support.hierarchical.NodeTestTask.lambda$executeRecursively$6(NodeTestTask.java:155)\r\n        at org.junit.platform.engine.support.hierarchical.ThrowableCollector.execute(ThrowableCollector.java:73)\r\n        at org.junit.platform.engine.support.hierarchical.NodeTestTask.lambda$executeRecursively$8(NodeTestTask.java:141)\r\n        at org.junit.platform.engine.support.hierarchical.Node.around(Node.java:137)\r\n        at org.junit.platform.engine.support.hierarchical.NodeTestTask.lambda$executeRecursively$9(NodeTestTask.java:139)\r\n        at org.junit.platform.engine.support.hierarchical.ThrowableCollector.execute(ThrowableCollector.java:73)\r\n        at org.junit.platform.engine.support.hierarchical.NodeTestTask.executeRecursively(NodeTestTask.java:138)\r\n        at org.junit.platform.engine.support.hierarchical.NodeTestTask.execute(NodeTestTask.java:95)\r\n        at java.base/java.util.ArrayList.forEach(ArrayList.java:1511)\r\n        at org.junit.platform.engine.support.hierarchical.SameThreadHierarchicalTestExecutorService.invokeAll(SameThreadHierarchicalTestExecutorService.java:41)\r\n        at org.junit.platform.engine.support.hierarchical.NodeTestTask.lambda$executeRecursively$6(NodeTestTask.java:155)\r\n        at org.junit.platform.engine.support.hierarchical.ThrowableCollector.execute(ThrowableCollector.java:73)\r\n        at org.junit.platform.engine.support.hierarchical.NodeTestTask.lambda$executeRecursively$8(NodeTestTask.java:141)\r\n        at org.junit.platform.engine.support.hierarchical.Node.around(Node.java:137)\r\n        at org.junit.platform.engine.support.hierarchical.NodeTestTask.lambda$executeRecursively$9(NodeTestTask.java:139)\r\n        at org.junit.platform.engine.support.hierarchical.ThrowableCollector.execute(ThrowableCollector.java:73)\r\n        at org.junit.platform.engine.support.hierarchical.NodeTestTask.executeRecursively(NodeTestTask.java:138)\r\n        at org.junit.platform.engine.support.hierarchical.NodeTestTask.execute(NodeTestTask.java:95)\r\n        at org.junit.platform.engine.support.hierarchical.SameThreadHierarchicalTestExecutorService.submit(SameThreadHierarchicalTestExecutorService.java:35)\r\n        at org.junit.platform.engine.support.hierarchical.HierarchicalTestExecutor.execute(HierarchicalTestExecutor.java:57)\r\n        at org.junit.platform.engine.support.hierarchical.HierarchicalTestEngine.execute(HierarchicalTestEngine.java:54)\r\n        at org.junit.platform.launcher.core.EngineExecutionOrchestrator.execute(EngineExecutionOrchestrator.java:107)\r\n        at org.junit.platform.launcher.core.EngineExecutionOrchestrator.execute(EngineExecutionOrchestrator.java:88)\r\n        at org.junit.platform.launcher.core.EngineExecutionOrchestrator.lambda$execute$0(EngineExecutionOrchestrator.java:54)\r\n        at org.junit.platform.launcher.core.EngineExecutionOrchestrator.withInterceptedStreams(EngineExecutionOrchestrator.java:67)\r\n        at org.junit.platform.launcher.core.EngineExecutionOrchestrator.execute(EngineExecutionOrchestrator.java:52)\r\n        at org.junit.platform.launcher.core.DefaultLauncher.execute(DefaultLauncher.java:114)\r\n        at org.junit.platform.launcher.core.DefaultLauncher.execute(DefaultLauncher.java:86)\r\n        at org.junit.platform.launcher.core.DefaultLauncherSession$DelegatingLauncher.execute(DefaultLauncherSession.java:86)\r\n        at org.gradle.api.internal.tasks.testing.junitplatform.JUnitPlatformTestClassProcessor$CollectAllTestClassesExecutor.processAllTestClasses(JUnitPlatformTestClassProcessor.java:119)\r\n        at org.gradle.api.internal.tasks.testing.junitplatform.JUnitPlatformTestClassProcessor$CollectAllTestClassesExecutor.access$000(JUnitPlatformTestClassProcessor.java:94)\r\n        at org.gradle.api.internal.tasks.testing.junitplatform.JUnitPlatformTestClassProcessor.stop(JUnitPlatformTestClassProcessor.java:89)\r\n        at org.gradle.api.internal.tasks.testing.SuiteTestClassProcessor.stop(SuiteTestClassProcessor.java:62)\r\n        at java.base/jdk.internal.reflect.NativeMethodAccessorImpl.invoke0(Native Method)\r\n        at java.base/jdk.internal.reflect.NativeMethodAccessorImpl.invoke(NativeMethodAccessorImpl.java:77)\r\n        at java.base/jdk.internal.reflect.DelegatingMethodAccessorImpl.invoke(DelegatingMethodAccessorImpl.java:43)\r\n        at java.base/java.lang.reflect.Method.invoke(Method.java:569)\r\n        at org.gradle.internal.dispatch.ReflectionDispatch.dispatch(ReflectionDispatch.java:36)\r\n        at org.gradle.internal.dispatch.ReflectionDispatch.dispatch(ReflectionDispatch.java:24)\r\n        at org.gradle.internal.dispatch.ContextClassLoaderDispatch.dispatch(ContextClassLoaderDispatch.java:33)\r\n        at org.gradle.internal.dispatch.ProxyDispatchAdapter$DispatchingInvocationHandler.invoke(ProxyDispatchAdapter.java:94)\r\n        at jdk.proxy1/jdk.proxy1.$Proxy2.stop(Unknown Source)\r\n        at org.gradle.api.internal.tasks.testing.worker.TestWorker$3.run(TestWorker.java:193)\r\n        at org.gradle.api.internal.tasks.testing.worker.TestWorker.executeAndMaintainThreadName(TestWorker.java:129)\r\n        at org.gradle.api.internal.tasks.testing.worker.TestWorker.execute(TestWorker.java:100)\r\n        at org.gradle.api.internal.tasks.testing.worker.TestWorker.execute(TestWorker.java:60)\r\n        at org.gradle.process.internal.worker.child.ActionExecutionWorker.execute(ActionExecutionWorker.java:56)\r\n        at org.gradle.process.internal.worker.child.SystemApplicationClassLoaderWorker.call(SystemApplicationClassLoaderWorker.java:113)\r\n        at org.gradle.process.internal.worker.child.SystemApplicationClassLoaderWorker.call(SystemApplicationClassLoaderWorker.java:65)\r\n        at worker.org.gradle.process.internal.worker.GradleWorkerMain.run(GradleWorkerMain.java:69)\r\n        at worker.org.gradle.process.internal.worker.GradleWorkerMain.main(GradleWorkerMain.java:74)\r\n        at java.base@17.0.14/jdk.internal.reflect.NativeConstructorAccessorImpl.newInstance0(Native Method)\r\n        at java.base@17.0.14/jdk.internal.reflect.NativeConstructorAccessorImpl.newInstance(NativeConstructorAccessorImpl.java:77)\r\n        at java.base@17.0.14/jdk.internal.reflect.DelegatingConstructorAccessorImpl.newInstance(DelegatingConstructorAccessorImpl.java:45)\r\n        at java.base@17.0.14/java.lang.reflect.Constructor.newInstanceWithCaller(Constructor.java:500)\r\n        at app//BankAccountTest.cannotWithdrawNegativeAmount(BankAccountTest.java:152)\r\n\r\nBankAccountTest > singleDeposit() PASSED\r\n\r\nBankAccountTest > cannotWithdrawMoreThanWasDeposited() PASSED\r\n\r\nBankAccountTest > cannotWithdrawFromClosedAccount() PASSED\r\n\r\nBankAccountTest > cannotCloseAnAccountThatWasNotOpened() PASSED\r\n\r\nBankAccountTest > newlyOpenedAccountHasEmptyBalance() PASSED\r\n\r\nBankAccountTest > canDoMultipleOperationsSequentially() PASSED\r\n\r\nBankAccountTest > withdrawOnce() PASSED\r\n\r\nBankAccountTest > cannotOpenAnAlreadyOpenedAccount() PASSED\r\n\r\nBankAccountTest > cannotDepositIntoClosedAccount() PASSED\r\n\r\n17 tests completed, 3 failed\r\n\r\nFAILURE: Build failed with an exception.\r\n\r\n* What went wrong:\r\nExecution failed for task ':test'.\r\n> There were failing tests. See the report at: file:///Users/cte/Documents/evals/java/bank-account/build/reports/tests/test/index.html\r\n\r\n* Try:\r\n> Run with --scan to get full insights.\r\n\r\nDeprecated Gradle features were used in this build, making it incompatible with Gradle 9.0.\r\n\r\nYou can use '--warning-mode all' to show the individual deprecation warnings and determine if they come from your own scripts or plugins.\r\n\r\nFor more on this, please refer to https://docs.gradle.org/8.7/userguide/command_line_interface.html#sec:command_line_warnings in the Gradle documentation.\r\n\r\nBUILD FAILED in 1s\r\n3 actionable tasks: 2 executed, 1 up-to-date\r\n\r\n\r\n\r\n"
}
[2025-04-04T04:35:47.720Z] {
  "ts": 1743741347676,
  "type": "ask",
  "ask": "command_output",
  "text": "<-------------> 0% WAITING> :test > 3 tests completed> :test > Executing test BankAccountTest%                                                                                    \r \r"
}
[2025-04-04T04:35:47.777Z] {
  "ts": 1743741347744,
  "type": "say",
  "say": "api_req_started",
  "text": "{\"request\":\"[execute_command for './gradlew test'] Result:\\n\\nCommand executed in terminal 1 within working directory '/Users/cte/Documents/evals/java/bank-account'. Command execution was not successful, inspect the cause and adjust as needed.\\nExit code: 1\\nOutput:\\n\\r\\n\\r\\n<===========--> 85% EXECUTING [102ms]> :test > Resolve dependencies of :testRuntimeClasspath<===========--> 85% EXECUTING [202ms]> :test > 0 tests completed<===========--> 85% EXECUTING [300ms]<===========--> 85% EXECUTING [398ms]\\r\\n<===========--> 85% EXECUTING [501ms]> :test > 1 test completed> :test > Executing test BankAccountTest<===========--> 85% EXECUTING [601ms]<===========--> 85% EXECUTING [702ms]<===========--> 85% EXECUTING [803ms]<===========--> 85% EXECUTING [902ms]<===========--> 85% EXECUTING [1s]> :test > 3 tests completed\\r\\n> Task :test FAILED\\r\\n\\r\\nBankAccountTest > multipleDeposits() PASSED\\r\\n\\r\\nBankAccountTest > canHandleConcurrentTransactions() PASSED\\r\\n\\r\\nBankAccountTest > cannotCheckBalanceOfClosedAccount() PASSED\\r\\n\\r\\nBankAccountTest > cannotDepositNegativeAmount() FAILED\\r\\n    org.opentest4j.AssertionFailedError: \\r\\n    Expecting message to be:\\r\\n      \\\"Cannot deposit or withdraw negative amount\\\"\\r\\n    but was:\\r\\n      \\\"Cannot deposit negative amount\\\"\\r\\n\\r\\n    Throwable that failed the check:\\r\\n\\r\\n    BankAccountActionInvalidException: Cannot deposit negative amount\\r\\n        at BankAccount.deposit(BankAccount.java:40)\\r\\n        at BankAccountTest.lambda$cannotDepositNegativeAmount$5(BankAccountTest.java:160)\\r\\n        at org.assertj.core.api.ThrowableAssert.catchThrowable(ThrowableAssert.java:63)\\r\\n        at org.assertj.core.api.ThrowableTypeAssert.isThrownBy(ThrowableTypeAssert.java:59)\\r\\n        at BankAccountTest.cannotDepositNegativeAmount(BankAccountTest.java:160)\\r\\n        at java.base/jdk.internal.reflect.NativeMethodAccessorImpl.invoke0(Native Method)\\r\\n        at java.base/jdk.internal.reflect.NativeMethodAccessorImpl.invoke(NativeMethodAccessorImpl.java:77)\\r\\n        at java.base/jdk.internal.reflect.DelegatingMethodAccessorImpl.invoke(DelegatingMethodAccessorImpl.java:43)\\r\\n        at java.base/java.lang.reflect.Method.invoke(Method.java:569)\\r\\n        at org.junit.platform.commons.util.ReflectionUtils.invokeMethod(ReflectionUtils.java:728)\\r\\n        at org.junit.jupiter.engine.execution.MethodInvocation.proceed(MethodInvocation.java:60)\\r\\n        at org.junit.jupiter.engine.execution.InvocationInterceptorChain$ValidatingInvocation.proceed(InvocationInterceptorChain.java:131)\\r\\n        at org.junit.jupiter.engine.extension.TimeoutExtension.intercept(TimeoutExtension.java:156)\\r\\n        at org.junit.jupiter.engine.extension.TimeoutExtension.interceptTestableMethod(TimeoutExtension.java:147)\\r\\n        at org.junit.jupiter.engine.extension.TimeoutExtension.interceptTestMethod(TimeoutExtension.java:86)\\r\\n        at org.junit.jupiter.engine.execution.InterceptingExecutableInvoker$ReflectiveInterceptorCall.lambda$ofVoidMethod$0(InterceptingExecutableInvoker.java:103)\\r\\n        at org.junit.jupiter.engine.execution.InterceptingExecutableInvoker.lambda$invoke$0(InterceptingExecutableInvoker.java:93)\\r\\n        at org.junit.jupiter.engine.execution.InvocationInterceptorChain$InterceptedInvocation.proceed(InvocationInterceptorChain.java:106)\\r\\n        at org.junit.jupiter.engine.execution.InvocationInterceptorChain.proceed(InvocationInterceptorChain.java:64)\\r\\n        at org.junit.jupiter.engine.execution.InvocationInterceptorChain.chainAndInvoke(InvocationInterceptorChain.java:45)\\r\\n        at org.junit.jupiter.engine.execution.InvocationInterceptorChain.invoke(InvocationInterceptorChain.java:37)\\r\\n        at org.junit.jupiter.engine.execution.InterceptingExecutableInvoker.invoke(InterceptingExecutableInvoker.java:92)\\r\\n        at org.junit.jupiter.engine.execution.InterceptingExecutableInvoker.invoke(InterceptingExecutableInvoker.java:86)\\r\\n        at org.junit.jupiter.engine.descriptor.TestMethodTestDescriptor.lambda$invokeTestMethod$7(TestMethodTestDescriptor.java:218)\\r\\n        at org.junit.platform.engine.support.hierarchical.ThrowableCollector.execute(ThrowableCollector.java:73)\\r\\n        at org.junit.jupiter.engine.descriptor.TestMethodTestDescriptor.invokeTestMethod(TestMethodTestDescriptor.java:214)\\r\\n        at org.junit.jupiter.engine.descriptor.TestMethodTestDescriptor.execute(TestMethodTestDescriptor.java:139)\\r\\n        at org.junit.jupiter.engine.descriptor.TestMethodTestDescriptor.execute(TestMethodTestDescriptor.java:69)\\r\\n        at org.junit.platform.engine.support.hierarchical.NodeTestTask.lambda$executeRecursively$6(NodeTestTask.java:151)\\r\\n        at org.junit.platform.engine.support.hierarchical.ThrowableCollector.execute(ThrowableCollector.java:73)\\r\\n        at org.junit.platform.engine.support.hierarchical.NodeTestTask.lambda$executeRecursively$8(NodeTestTask.java:141)\\r\\n        at org.junit.platform.engine.support.hierarchical.Node.around(Node.java:137)\\r\\n        at org.junit.platform.engine.support.hierarchical.NodeTestTask.lambda$executeRecursively$9(NodeTestTask.java:139)\\r\\n        at org.junit.platform.engine.support.hierarchical.ThrowableCollector.execute(ThrowableCollector.java:73)\\r\\n        at org.junit.platform.engine.support.hierarchical.NodeTestTask.executeRecursively(NodeTestTask.java:138)\\r\\n        at org.junit.platform.engine.support.hierarchical.NodeTestTask.execute(NodeTestTask.java:95)\\r\\n        at java.base/java.util.ArrayList.forEach(ArrayList.java:1511)\\r\\n        at org.junit.platform.engine.support.hierarchical.SameThreadHierarchicalTestExecutorService.invokeAll(SameThreadHierarchicalTestExecutorService.java:41)\\r\\n        at org.junit.platform.engine.support.hierarchical.NodeTestTask.lambda$executeRecursively$6(NodeTestTask.java:155)\\r\\n        at org.junit.platform.engine.support.hierarchical.ThrowableCollector.execute(ThrowableCollector.java:73)\\r\\n        at org.junit.platform.engine.support.hierarchical.NodeTestTask.lambda$executeRecursively$8(NodeTestTask.java:141)\\r\\n        at org.junit.platform.engine.support.hierarchical.Node.around(Node.java:137)\\r\\n        at org.junit.platform.engine.support.hierarchical.NodeTestTask.lambda$executeRecursively$9(NodeTestTask.java:139)\\r\\n        at org.junit.platform.engine.support.hierarchical.ThrowableCollector.execute(ThrowableCollector.java:73)\\r\\n        at org.junit.platform.engine.support.hierarchical.NodeTestTask.executeRecursively(NodeTestTask.java:138)\\r\\n        at org.junit.platform.engine.support.hierarchical.NodeTestTask.execute(NodeTestTask.java:95)\\r\\n        at java.base/java.util.ArrayList.forEach(ArrayList.java:1511)\\r\\n        at org.junit.platform.engine.support.hierarchical.SameThreadHierarchicalTestExecutorService.invokeAll(SameThreadHierarchicalTestExecutorService.java:41)\\r\\n        at org.junit.platform.engine.support.hierarchical.NodeTestTask.lambda$executeRecursively$6(NodeTestTask.java:155)\\r\\n        at org.junit.platform.engine.support.hierarchical.ThrowableCollector.execute(ThrowableCollector.java:73)\\r\\n        at org.junit.platform.engine.support.hierarchical.NodeTestTask.lambda$executeRecursively$8(NodeTestTask.java:141)\\r\\n        at org.junit.platform.engine.support.hierarchical.Node.around(Node.java:137)\\r\\n        at org.junit.platform.engine.support.hierarchical.NodeTestTask.lambda$executeRecursively$9(NodeTestTask.java:139)\\r\\n        at org.junit.platform.engine.support.hierarchical.ThrowableCollector.execute(ThrowableCollector.java:73)\\r\\n        at org.junit.platform.engine.support.hierarchical.NodeTestTask.executeRecursively(NodeTestTask.java:138)\\r\\n        at org.junit.platform.engine.support.hierarchical.NodeTestTask.execute(NodeTestTask.java:95)\\r\\n        at org.junit.platform.engine.support.hierarchical.SameThreadHierarchicalTestExecutorService.submit(SameThreadHierarchicalTestExecutorService.java:35)\\r\\n        at org.junit.platform.engine.support.hierarchical.HierarchicalTestExecutor.execute(HierarchicalTestExecutor.java:57)\\r\\n        at org.junit.platform.engine.support.hierarchical.HierarchicalTestEngine.execute(HierarchicalTestEngine.java:54)\\r\\n        at org.junit.platform.launcher.core.EngineExecutionOrchestrator.execute(EngineExecutionOrchestrator.java:107)\\r\\n        at org.junit.platform.launcher.core.EngineExecutionOrchestrator.execute(EngineExecutionOrchestrator.java:88)\\r\\n        at org.junit.platform.launcher.core.EngineExecutionOrchestrator.lambda$execute$0(EngineExecutionOrchestrator.java:54)\\r\\n        at org.junit.platform.launcher.core.EngineExecutionOrchestrator.withInterceptedStreams(EngineExecutionOrchestrator.java:67)\\r\\n        at org.junit.platform.launcher.core.EngineExecutionOrchestrator.execute(EngineExecutionOrchestrator.java:52)\\r\\n        at org.junit.platform.launcher.core.DefaultLauncher.execute(DefaultLauncher.java:114)\\r\\n        at org.junit.platform.launcher.core.DefaultLauncher.execute(DefaultLauncher.java:86)\\r\\n        at org.junit.platform.launcher.core.DefaultLauncherSession$DelegatingLauncher.execute(DefaultLauncherSession.java:86)\\r\\n        at org.gradle.api.internal.tasks.testing.junitplatform.JUnitPlatformTestClassProcessor$CollectAllTestClassesExecutor.processAllTestClasses(JUnitPlatformTestClassProcessor.java:119)\\r\\n        at org.gradle.api.internal.tasks.testing.junitplatform.JUnitPlatformTestClassProcessor$CollectAllTestClassesExecutor.access$000(JUnitPlatformTestClassProcessor.java:94)\\r\\n        at org.gradle.api.internal.tasks.testing.junitplatform.JUnitPlatformTestClassProcessor.stop(JUnitPlatformTestClassProcessor.java:89)\\r\\n        at org.gradle.api.internal.tasks.testing.SuiteTestClassProcessor.stop(SuiteTestClassProcessor.java:62)\\r\\n        at java.base/jdk.internal.reflect.NativeMethodAccessorImpl.invoke0(Native Method)\\r\\n        at java.base/jdk.internal.reflect.NativeMethodAccessorImpl.invoke(NativeMethodAccessorImpl.java:77)\\r\\n        at java.base/jdk.internal.reflect.DelegatingMethodAccessorImpl.invoke(DelegatingMethodAccessorImpl.java:43)\\r\\n        at java.base/java.lang.reflect.Method.invoke(Method.java:569)\\r\\n        at org.gradle.internal.dispatch.ReflectionDispatch.dispatch(ReflectionDispatch.java:36)\\r\\n        at org.gradle.internal.dispatch.ReflectionDispatch.dispatch(ReflectionDispatch.java:24)\\r\\n        at org.gradle.internal.dispatch.ContextClassLoaderDispatch.dispatch(ContextClassLoaderDispatch.java:33)\\r\\n        at org.gradle.internal.dispatch.ProxyDispatchAdapter$DispatchingInvocationHandler.invoke(ProxyDispatchAdapter.java:94)\\r\\n        at jdk.proxy1/jdk.proxy1.$Proxy2.stop(Unknown Source)\\r\\n        at org.gradle.api.internal.tasks.testing.worker.TestWorker$3.run(TestWorker.java:193)\\r\\n        at org.gradle.api.internal.tasks.testing.worker.TestWorker.executeAndMaintainThreadName(TestWorker.java:129)\\r\\n        at org.gradle.api.internal.tasks.testing.worker.TestWorker.execute(TestWorker.java:100)\\r\\n        at org.gradle.api.internal.tasks.testing.worker.TestWorker.execute(TestWorker.java:60)\\r\\n        at org.gradle.process.internal.worker.child.ActionExecutionWorker.execute(ActionExecutionWorker.java:56)\\r\\n        at org.gradle.process.internal.worker.child.SystemApplicationClassLoaderWorker.call(SystemApplicationClassLoaderWorker.java:113)\\r\\n        at org.gradle.process.internal.worker.child.SystemApplicationClassLoaderWorker.call(SystemApplicationClassLoaderWorker.java:65)\\r\\n        at worker.org.gradle.process.internal.worker.GradleWorkerMain.run(GradleWorkerMain.java:69)\\r\\n        at worker.org.gradle.process.internal.worker.GradleWorkerMain.main(GradleWorkerMain.java:74)\\r\\n        at java.base@17.0.14/jdk.internal.reflect.NativeConstructorAccessorImpl.newInstance0(Native Method)\\r\\n        at java.base@17.0.14/jdk.internal.reflect.NativeConstructorAccessorImpl.newInstance(NativeConstructorAccessorImpl.java:77)\\r\\n        at java.base@17.0.14/jdk.internal.reflect.DelegatingConstructorAccessorImpl.newInstance(DelegatingConstructorAccessorImpl.java:45)\\r\\n        at java.base@17.0.14/java.lang.reflect.Constructor.newInstanceWithCaller(Constructor.java:500)\\r\\n        at app//BankAccountTest.cannotDepositNegativeAmount(BankAccountTest.java:161)\\r\\n\\r\\nBankAccountTest > cannotDepositIntoUnopenedAccount() PASSED\\r\\n\\r\\nBankAccountTest > withdrawTwice() PASSED\\r\\n\\r\\nBankAccountTest > reopenedAccountDoesNotRetainBalance() FAILED\\r\\n    org.opentest4j.AssertionFailedError: \\r\\n    expected: 0\\r\\n     but was: 50\\r\\n        at java.base@17.0.14/jdk.internal.reflect.NativeConstructorAccessorImpl.newInstance0(Native Method)\\r\\n        at java.base@17.0.14/jdk.internal.reflect.NativeConstructorAccessorImpl.newInstance(NativeConstructorAccessorImpl.java:77)\\r\\n        at java.base@17.0.14/jdk.internal.reflect.DelegatingConstructorAccessorImpl.newInstance(DelegatingConstructorAccessorImpl.java:45)\\r\\n        at java.base@17.0.14/java.lang.reflect.Constructor.newInstanceWithCaller(Constructor.java:500)\\r\\n        at app//BankAccountTest.reopenedAccountDoesNotRetainBalance(BankAccountTest.java:132)\\r\\n\\r\\nBankAccountTest > cannotWithdrawNegativeAmount() FAILED\\r\\n    org.opentest4j.AssertionFailedError: \\r\\n    Expecting message to be:\\r\\n      \\\"Cannot deposit or withdraw negative amount\\\"\\r\\n    but was:\\r\\n      \\\"Cannot withdraw negative amount\\\"\\r\\n\\r\\n    Throwable that failed the check:\\r\\n\\r\\n    BankAccountActionInvalidException: Cannot withdraw negative amount\\r\\n        at BankAccount.withdraw(BankAccount.java:50)\\r\\n        at BankAccountTest.lambda$cannotWithdrawNegativeAmount$4(BankAccountTest.java:151)\\r\\n        at org.assertj.core.api.ThrowableAssert.catchThrowable(ThrowableAssert.java:63)\\r\\n        at org.assertj.core.api.ThrowableTypeAssert.isThrownBy(ThrowableTypeAssert.java:59)\\r\\n        at BankAccountTest.cannotWithdrawNegativeAmount(BankAccountTest.java:151)\\r\\n        at java.base/jdk.internal.reflect.NativeMethodAccessorImpl.invoke0(Native Method)\\r\\n        at java.base/jdk.internal.reflect.NativeMethodAccessorImpl.invoke(NativeMethodAccessorImpl.java:77)\\r\\n        at java.base/jdk.internal.reflect.DelegatingMethodAccessorImpl.invoke(DelegatingMethodAccessorImpl.java:43)\\r\\n        at java.base/java.lang.reflect.Method.invoke(Method.java:569)\\r\\n        at org.junit.platform.commons.util.ReflectionUtils.invokeMethod(ReflectionUtils.java:728)\\r\\n        at org.junit.jupiter.engine.execution.MethodInvocation.proceed(MethodInvocation.java:60)\\r\\n        at org.junit.jupiter.engine.execution.InvocationInterceptorChain$ValidatingInvocation.proceed(InvocationInterceptorChain.java:131)\\r\\n        at org.junit.jupiter.engine.extension.TimeoutExtension.intercept(TimeoutExtension.java:156)\\r\\n        at org.junit.jupiter.engine.extension.TimeoutExtension.interceptTestableMethod(TimeoutExtension.java:147)\\r\\n        at org.junit.jupiter.engine.extension.TimeoutExtension.interceptTestMethod(TimeoutExtension.java:86)\\r\\n        at org.junit.jupiter.engine.execution.InterceptingExecutableInvoker$ReflectiveInterceptorCall.lambda$ofVoidMethod$0(InterceptingExecutableInvoker.java:103)\\r\\n        at org.junit.jupiter.engine.execution.InterceptingExecutableInvoker.lambda$invoke$0(InterceptingExecutableInvoker.java:93)\\r\\n        at org.junit.jupiter.engine.execution.InvocationInterceptorChain$InterceptedInvocation.proceed(InvocationInterceptorChain.java:106)\\r\\n        at org.junit.jupiter.engine.execution.InvocationInterceptorChain.proceed(InvocationInterceptorChain.java:64)\\r\\n        at org.junit.jupiter.engine.execution.InvocationInterceptorChain.chainAndInvoke(InvocationInterceptorChain.java:45)\\r\\n        at org.junit.jupiter.engine.execution.InvocationInterceptorChain.invoke(InvocationInterceptorChain.java:37)\\r\\n        at org.junit.jupiter.engine.execution.InterceptingExecutableInvoker.invoke(InterceptingExecutableInvoker.java:92)\\r\\n        at org.junit.jupiter.engine.execution.InterceptingExecutableInvoker.invoke(InterceptingExecutableInvoker.java:86)\\r\\n        at org.junit.jupiter.engine.descriptor.TestMethodTestDescriptor.lambda$invokeTestMethod$7(TestMethodTestDescriptor.java:218)\\r\\n        at org.junit.platform.engine.support.hierarchical.ThrowableCollector.execute(ThrowableCollector.java:73)\\r\\n        at org.junit.jupiter.engine.descriptor.TestMethodTestDescriptor.invokeTestMethod(TestMethodTestDescriptor.java:214)\\r\\n        at org.junit.jupiter.engine.descriptor.TestMethodTestDescriptor.execute(TestMethodTestDescriptor.java:139)\\r\\n        at org.junit.jupiter.engine.descriptor.TestMethodTestDescriptor.execute(TestMethodTestDescriptor.java:69)\\r\\n        at org.junit.platform.engine.support.hierarchical.NodeTestTask.lambda$executeRecursively$6(NodeTestTask.java:151)\\r\\n        at org.junit.platform.engine.support.hierarchical.ThrowableCollector.execute(ThrowableCollector.java:73)\\r\\n        at org.junit.platform.engine.support.hierarchical.NodeTestTask.lambda$executeRecursively$8(NodeTestTask.java:141)\\r\\n        at org.junit.platform.engine.support.hierarchical.Node.around(Node.java:137)\\r\\n        at org.junit.platform.engine.support.hierarchical.NodeTestTask.lambda$executeRecursively$9(NodeTestTask.java:139)\\r\\n        at org.junit.platform.engine.support.hierarchical.ThrowableCollector.execute(ThrowableCollector.java:73)\\r\\n        at org.junit.platform.engine.support.hierarchical.NodeTestTask.executeRecursively(NodeTestTask.java:138)\\r\\n        at org.junit.platform.engine.support.hierarchical.NodeTestTask.execute(NodeTestTask.java:95)\\r\\n        at java.base/java.util.ArrayList.forEach(ArrayList.java:1511)\\r\\n        at org.junit.platform.engine.support.hierarchical.SameThreadHierarchicalTestExecutorService.invokeAll(SameThreadHierarchicalTestExecutorService.java:41)\\r\\n        at org.junit.platform.engine.support.hierarchical.NodeTestTask.lambda$executeRecursively$6(NodeTestTask.java:155)\\r\\n        at org.junit.platform.engine.support.hierarchical.ThrowableCollector.execute(ThrowableCollector.java:73)\\r\\n        at org.junit.platform.engine.support.hierarchical.NodeTestTask.lambda$executeRecursively$8(NodeTestTask.java:141)\\r\\n        at org.junit.platform.engine.support.hierarchical.Node.around(Node.java:137)\\r\\n        at org.junit.platform.engine.support.hierarchical.NodeTestTask.lambda$executeRecursively$9(NodeTestTask.java:139)\\r\\n        at org.junit.platform.engine.support.hierarchical.ThrowableCollector.execute(ThrowableCollector.java:73)\\r\\n        at org.junit.platform.engine.support.hierarchical.NodeTestTask.executeRecursively(NodeTestTask.java:138)\\r\\n        at org.junit.platform.engine.support.hierarchical.NodeTestTask.execute(NodeTestTask.java:95)\\r\\n        at java.base/java.util.ArrayList.forEach(ArrayList.java:1511)\\r\\n        at org.junit.platform.engine.support.hierarchical.SameThreadHierarchicalTestExecutorService.invokeAll(SameThreadHierarchicalTestExecutorService.java:41)\\r\\n        at org.junit.platform.engine.support.hierarchical.NodeTestTask.lambda$executeRecursively$6(NodeTestTask.java:155)\\r\\n        at org.junit.platform.engine.support.hierarchical.ThrowableCollector.execute(ThrowableCollector.java:73)\\r\\n        at org.junit.platform.engine.support.hierarchical.NodeTestTask.lambda$executeRecursively$8(NodeTestTask.java:141)\\r\\n        at org.junit.platform.engine.support.hierarchical.Node.around(Node.java:137)\\r\\n        at org.junit.platform.engine.support.hierarchical.NodeTestTask.lambda$executeRecursively$9(NodeTestTask.java:139)\\r\\n        at org.junit.platform.engine.support.hierarchical.ThrowableCollector.execute(ThrowableCollector.java:73)\\r\\n        at org.junit.platform.engine.support.hierarchical.NodeTestTask.executeRecursively(NodeTestTask.java:138)\\r\\n        at org.junit.platform.engine.support.hierarchical.NodeTestTask.execute(NodeTestTask.java:95)\\r\\n        at org.junit.platform.engine.support.hierarchical.SameThreadHierarchicalTestExecutorService.submit(SameThreadHierarchicalTestExecutorService.java:35)\\r\\n        at org.junit.platform.engine.support.hierarchical.HierarchicalTestExecutor.execute(HierarchicalTestExecutor.java:57)\\r\\n        at org.junit.platform.engine.support.hierarchical.HierarchicalTestEngine.execute(HierarchicalTestEngine.java:54)\\r\\n        at org.junit.platform.launcher.core.EngineExecutionOrchestrator.execute(EngineExecutionOrchestrator.java:107)\\r\\n        at org.junit.platform.launcher.core.EngineExecutionOrchestrator.execute(EngineExecutionOrchestrator.java:88)\\r\\n        at org.junit.platform.launcher.core.EngineExecutionOrchestrator.lambda$execute$0(EngineExecutionOrchestrator.java:54)\\r\\n        at org.junit.platform.launcher.core.EngineExecutionOrchestrator.withInterceptedStreams(EngineExecutionOrchestrator.java:67)\\r\\n        at org.junit.platform.launcher.core.EngineExecutionOrchestrator.execute(EngineExecutionOrchestrator.java:52)\\r\\n        at org.junit.platform.launcher.core.DefaultLauncher.execute(DefaultLauncher.java:114)\\r\\n        at org.junit.platform.launcher.core.DefaultLauncher.execute(DefaultLauncher.java:86)\\r\\n        at org.junit.platform.launcher.core.DefaultLauncherSession$DelegatingLauncher.execute(DefaultLauncherSession.java:86)\\r\\n        at org.gradle.api.internal.tasks.testing.junitplatform.JUnitPlatformTestClassProcessor$CollectAllTestClassesExecutor.processAllTestClasses(JUnitPlatformTestClassProcessor.java:119)\\r\\n        at org.gradle.api.internal.tasks.testing.junitplatform.JUnitPlatformTestClassProcessor$CollectAllTestClassesExecutor.access$000(JUnitPlatformTestClassProcessor.java:94)\\r\\n        at org.gradle.api.internal.tasks.testing.junitplatform.JUnitPlatformTestClassProcessor.stop(JUnitPlatformTestClassProcessor.java:89)\\r\\n        at org.gradle.api.internal.tasks.testing.SuiteTestClassProcessor.stop(SuiteTestClassProcessor.java:62)\\r\\n        at java.base/jdk.internal.reflect.NativeMethodAccessorImpl.invoke0(Native Method)\\r\\n        at java.base/jdk.internal.reflect.NativeMethodAccessorImpl.invoke(NativeMethodAccessorImpl.java:77)\\r\\n        at java.base/jdk.internal.reflect.DelegatingMethodAccessorImpl.invoke(DelegatingMethodAccessorImpl.java:43)\\r\\n        at java.base/java.lang.reflect.Method.invoke(Method.java:569)\\r\\n        at org.gradle.internal.dispatch.ReflectionDispatch.dispatch(ReflectionDispatch.java:36)\\r\\n        at org.gradle.internal.dispatch.ReflectionDispatch.dispatch(ReflectionDispatch.java:24)\\r\\n        at org.gradle.internal.dispatch.ContextClassLoaderDispatch.dispatch(ContextClassLoaderDispatch.java:33)\\r\\n        at org.gradle.internal.dispatch.ProxyDispatchAdapter$DispatchingInvocationHandler.invoke(ProxyDispatchAdapter.java:94)\\r\\n        at jdk.proxy1/jdk.proxy1.$Proxy2.stop(Unknown Source)\\r\\n        at org.gradle.api.internal.tasks.testing.worker.TestWorker$3.run(TestWorker.java:193)\\r\\n        at org.gradle.api.internal.tasks.testing.worker.TestWorker.executeAndMaintainThreadName(TestWorker.java:129)\\r\\n        at org.gradle.api.internal.tasks.testing.worker.TestWorker.execute(TestWorker.java:100)\\r\\n        at org.gradle.api.internal.tasks.testing.worker.TestWorker.execute(TestWorker.java:60)\\r\\n        at org.gradle.process.internal.worker.child.ActionExecutionWorker.execute(ActionExecutionWorker.java:56)\\r\\n        at org.gradle.process.internal.worker.child.SystemApplicationClassLoaderWorker.call(SystemApplicationClassLoaderWorker.java:113)\\r\\n        at org.gradle.process.internal.worker.child.SystemApplicationClassLoaderWorker.call(SystemApplicationClassLoaderWorker.java:65)\\r\\n        at worker.org.gradle.process.internal.worker.GradleWorkerMain.run(GradleWorkerMain.java:69)\\r\\n        at worker.org.gradle.process.internal.worker.GradleWorkerMain.main(GradleWorkerMain.java:74)\\r\\n        at java.base@17.0.14/jdk.internal.reflect.NativeConstructorAccessorImpl.newInstance0(Native Method)\\r\\n        at java.base@17.0.14/jdk.internal.reflect.NativeConstructorAccessorImpl.newInstance(NativeConstructorAccessorImpl.java:77)\\r\\n        at java.base@17.0.14/jdk.internal.reflect.DelegatingConstructorAccessorImpl.newInstance(DelegatingConstructorAccessorImpl.java:45)\\r\\n        at java.base@17.0.14/java.lang.reflect.Constructor.newInstanceWithCaller(Constructor.java:500)\\r\\n        at app//BankAccountTest.cannotWithdrawNegativeAmount(BankAccountTest.java:152)\\r\\n\\r\\nBankAccountTest > singleDeposit() PASSED\\r\\n\\r\\nBankAccountTest > cannotWithdrawMoreThanWasDeposited() PASSED\\r\\n\\r\\nBankAccountTest > cannotWithdrawFromClosedAccount() PASSED\\r\\n\\r\\nBankAccountTest > cannotCloseAnAccountThatWasNotOpened() PASSED\\r\\n\\r\\nBankAccountTest > newlyOpenedAccountHasEmptyBalance() PASSED\\r\\n\\r\\nBankAccountTest > canDoMultipleOperationsSequentially() PASSED\\r\\n\\r\\nBankAccountTest > withdrawOnce() PASSED\\r\\n\\r\\nBankAccountTest > cannotOpenAnAlreadyOpenedAccount() PASSED\\r\\n\\r\\nBankAccountTest > cannotDepositIntoClosedAccount() PASSED\\r\\n\\r\\n17 tests completed, 3 failed\\r\\n\\r\\nFAILURE: Build failed with an exception.\\r\\n\\r\\n* What went wrong:\\r\\nExecution failed for task ':test'.\\r\\n> There were failing tests. See the report at: file:///Users/cte/Documents/evals/java/bank-account/build/reports/tests/test/index.html\\r\\n\\r\\n* Try:\\r\\n> Run with --scan to get full insights.\\r\\n\\r\\nDeprecated Gradle features were used in this build, making it incompatible with Gradle 9.0.\\r\\n\\r\\nYou can use '--warning-mode all' to show the individual deprecation warnings and determine if they come from your own scripts or plugins.\\r\\n\\r\\nFor more on this, please refer to https://docs.gradle.org/8.7/userguide/command_line_interface.html#sec:command_line_warnings in the Gradle documentation.\\r\\n\\r\\nBUILD FAILED in 1s\\r\\n3 actionable tasks: 2 executed, 1 up-to-date\\r\\n\\r\\n\\r\\n\\r\\n<-------------> 0% WAITING> :test > 3 tests completed> :test > Executing test BankAccountTest%                                                                                    \\r \\r\\n\\nLoading...\"}"
}
[2025-04-04T04:35:53.590Z] {
  "ts": 1743741351779,
  "type": "say",
  "say": "text",
  "text": "Okay, the tests failed. Analyzing the output:\n\n1.  **`cannotDepositNegativeAmount()` and `cannotWithdrawNegativeAmount()` failed:** The exception messages thrown for negative amounts (`\"Cannot deposit negative amount\"` and `\"Cannot withdraw negative amount\"`) do not match the expected message (`\"Cannot deposit or withdraw negative amount\"`).\n2.  **`reopenedAccountDoesNotRetainBalance()` failed:** The test expected a balance of 0 after closing and reopening the account, but the balance was 50. This indicates the balance is not being reset when the account is opened.\n\nI will fix these issues:\n1.  Update the exception messages in the `deposit` and `withdraw` methods.\n2.  Ensure the balance is reset to 0 in the `open` method.\n\nI'll use `apply_diff` to make these changes.",
  "partial": false
}
[2025-04-04T04:35:56.408Z] {
  "ts": 1743741353603,
  "type": "ask",
  "ask": "tool",
  "text": "{\"tool\":\"appliedDiff\",\"path\":\"src/main/java/BankAccount.java\",\"diff\":\"<<<<<<< SEARCH\\n:start_line:12\\n:end_line:15\\n-------\\n            throw new BankAccountActionInvalidException(\\\"Account already open\\\");\\n        }\\n        // Balance is already initialized to 0 by AtomicInteger default\\n    }\\n=======\\n            throw new BankAccountActionInvalidException(\\\"Account already open\\\");\\n        }\\n        // Explicitly set balance to 0 on open, especially for re-opening scenarios\\n        balance.set(0);\\n    }\\n>>>>>>> REPLACE\\n\\n<<<<<<< SEARCH\\n:start_line:39\\n:end_line:41\\n-------\\n        }\\n        if (amount < 0) {\\n            throw new BankAccountActionInvalidException(\\\"Cannot deposit negative amount\\\");\\n=======\\n        }\\n        if (amount < 0) {\\n            throw new BankAccountActionInvalidException(\\\"Cannot deposit or withdraw negative amount\\\");\\n>>>>>>> REPLACE\\n\\n<<<<<<< SEARCH\\n:start_line:49\\n:end_line:51\\n-------\\n        }\\n        if (amount < 0) {\\n            throw new BankAccountActionInvalidException(\\\"Cannot withdraw negative amount\\\");\\n=======\\n        }\\n        if (amount < 0) {\\n            throw new BankAccountActionInvalidException(\\\"Cannot deposit or withdraw negative amount\\\");\\n>>>>>>> REPLACE\"}",
  "partial": false,
  "progressStatus": {
    "icon": "diff-multiple",
    "text": "3"
  }
}
[2025-04-04T04:35:56.793Z] {
  "ts": 1743741356759,
  "type": "say",
  "say": "api_req_started",
  "text": "{\"request\":\"[apply_diff for 'src/main/java/BankAccount.java'] Result:\\n\\nChanges successfully applied to src/main/java/BankAccount.java:\\n\\n\\n\\n\\nLoading...\"}"
}
[2025-04-04T04:35:59.745Z] {
  "ts": 1743741359441,
  "type": "say",
  "say": "text",
  "text": "Okay, the changes have been applied. I'll run the tests again to see if the issues are resolved.",
  "partial": false
}
[2025-04-04T04:35:59.790Z] {
  "ts": 1743741359746,
  "type": "ask",
  "ask": "command",
  "text": "./gradlew test"
}
[2025-04-04T04:36:00.018Z] {
  "ts": 1743741359985,
  "type": "ask",
  "ask": "command_output",
  "text": ""
}
[2025-04-04T04:36:00.391Z] {
  "ts": 1743741360360,
  "type": "ask",
  "ask": "command_output",
  "text": "\r\n"
}
[2025-04-04T04:36:00.495Z] {
  "ts": 1743741360462,
  "type": "ask",
  "ask": "command_output",
  "text": "\r\n"
}
[2025-04-04T04:36:00.792Z] {
  "ts": 1743741360757,
  "type": "ask",
  "ask": "command_output",
  "text": "<===========--> 85% EXECUTING [97ms]> :test > 0 tests completed<===========--> 85% EXECUTING [197ms]<===========--> 85% EXECUTING [297ms]\r\n"
}
[2025-04-04T04:36:01.493Z] {
  "ts": 1743741361460,
  "type": "ask",
  "ask": "command_output",
  "text": "<===========--> 85% EXECUTING [402ms]> :test > Executing test BankAccountTest<===========--> 85% EXECUTING [499ms]> :test > 1 test completed<===========--> 85% EXECUTING [602ms]<===========--> 85% EXECUTING [700ms]<===========--> 85% EXECUTING [802ms]<===========--> 85% EXECUTING [902ms]<===========--> 85% EXECUTING [1s]\r\n> Task :test\r\n\r\nBankAccountTest > multipleDeposits() PASSED\r\n\r\nBankAccountTest > canHandleConcurrentTransactions() PASSED\r\n\r\nBankAccountTest > cannotCheckBalanceOfClosedAccount() PASSED\r\n\r\nBankAccountTest > cannotDepositNegativeAmount() PASSED\r\n\r\nBankAccountTest > cannotDepositIntoUnopenedAccount() PASSED\r\n\r\nBankAccountTest > withdrawTwice() PASSED\r\n\r\nBankAccountTest > reopenedAccountDoesNotRetainBalance() PASSED\r\n\r\nBankAccountTest > cannotWithdrawNegativeAmount() PASSED\r\n\r\nBankAccountTest > singleDeposit() PASSED\r\n\r\nBankAccountTest > cannotWithdrawMoreThanWasDeposited() PASSED\r\n\r\nBankAccountTest > cannotWithdrawFromClosedAccount() PASSED\r\n\r\nBankAccountTest > cannotCloseAnAccountThatWasNotOpened() PASSED\r\n\r\nBankAccountTest > newlyOpenedAccountHasEmptyBalance() PASSED\r\n\r\nBankAccountTest > canDoMultipleOperationsSequentially() PASSED\r\n\r\nBankAccountTest > withdrawOnce() PASSED\r\n\r\nBankAccountTest > cannotOpenAnAlreadyOpenedAccount() PASSED\r\n\r\nBankAccountTest > cannotDepositIntoClosedAccount() PASSED\r\n\r\nDeprecated Gradle features were used in this build, making it incompatible with Gradle 9.0.\r\n\r\nYou can use '--warning-mode all' to show the individual deprecation warnings and determine if they come from your own scripts or plugins.\r\n\r\nFor more on this, please refer to https://docs.gradle.org/8.7/userguide/command_line_interface.html#sec:command_line_warnings in the Gradle documentation.\r\n\r\nBUILD SUCCESSFUL in 1s\r\n3 actionable tasks: 2 executed, 1 up-to-date\r\n\r\n\r\n\r\n"
}
[2025-04-04T04:36:01.810Z] {
  "ts": 1743741361777,
  "type": "ask",
  "ask": "command_output",
  "text": "<-------------> 0% WAITING> IDLE> IDLE%                                                                                    \r \r"
}
[2025-04-04T04:36:01.878Z] {
  "ts": 1743741361842,
  "type": "say",
  "say": "api_req_started",
  "text": "{\"request\":\"[execute_command for './gradlew test'] Result:\\n\\nCommand executed in terminal 1 within working directory '/Users/cte/Documents/evals/java/bank-account'. Exit code: 0\\nOutput:\\n\\r\\n\\r\\n<===========--> 85% EXECUTING [97ms]> :test > 0 tests completed<===========--> 85% EXECUTING [197ms]<===========--> 85% EXECUTING [297ms]\\r\\n<===========--> 85% EXECUTING [402ms]> :test > Executing test BankAccountTest<===========--> 85% EXECUTING [499ms]> :test > 1 test completed<===========--> 85% EXECUTING [602ms]<===========--> 85% EXECUTING [700ms]<===========--> 85% EXECUTING [802ms]<===========--> 85% EXECUTING [902ms]<===========--> 85% EXECUTING [1s]\\r\\n> Task :test\\r\\n\\r\\nBankAccountTest > multipleDeposits() PASSED\\r\\n\\r\\nBankAccountTest > canHandleConcurrentTransactions() PASSED\\r\\n\\r\\nBankAccountTest > cannotCheckBalanceOfClosedAccount() PASSED\\r\\n\\r\\nBankAccountTest > cannotDepositNegativeAmount() PASSED\\r\\n\\r\\nBankAccountTest > cannotDepositIntoUnopenedAccount() PASSED\\r\\n\\r\\nBankAccountTest > withdrawTwice() PASSED\\r\\n\\r\\nBankAccountTest > reopenedAccountDoesNotRetainBalance() PASSED\\r\\n\\r\\nBankAccountTest > cannotWithdrawNegativeAmount() PASSED\\r\\n\\r\\nBankAccountTest > singleDeposit() PASSED\\r\\n\\r\\nBankAccountTest > cannotWithdrawMoreThanWasDeposited() PASSED\\r\\n\\r\\nBankAccountTest > cannotWithdrawFromClosedAccount() PASSED\\r\\n\\r\\nBankAccountTest > cannotCloseAnAccountThatWasNotOpened() PASSED\\r\\n\\r\\nBankAccountTest > newlyOpenedAccountHasEmptyBalance() PASSED\\r\\n\\r\\nBankAccountTest > canDoMultipleOperationsSequentially() PASSED\\r\\n\\r\\nBankAccountTest > withdrawOnce() PASSED\\r\\n\\r\\nBankAccountTest > cannotOpenAnAlreadyOpenedAccount() PASSED\\r\\n\\r\\nBankAccountTest > cannotDepositIntoClosedAccount() PASSED\\r\\n\\r\\nDeprecated Gradle features were used in this build, making it incompatible with Gradle 9.0.\\r\\n\\r\\nYou can use '--warning-mode all' to show the individual deprecation warnings and determine if they come from your own scripts or plugins.\\r\\n\\r\\nFor more on this, please refer to https://docs.gradle.org/8.7/userguide/command_line_interface.html#sec:command_line_warnings in the Gradle documentation.\\r\\n\\r\\nBUILD SUCCESSFUL in 1s\\r\\n3 actionable tasks: 2 executed, 1 up-to-date\\r\\n\\r\\n\\r\\n\\r\\n<-------------> 0% WAITING> IDLE> IDLE%                                                                                    \\r \\r\\n\\nLoading...\"}"
}
[2025-04-04T04:36:07.711Z] {
  "ts": 1743741367235,
  "type": "say",
  "say": "text",
  "text": "All tests passed successfully after the corrections. The `BankAccount.java` implementation now meets the requirements specified in the exercise and handles concurrency, state transitions, and invalid operations correctly.",
  "partial": false
}
[2025-04-04T04:36:07.995Z] taskCompleted -> f65e319b-423f-47b0-a6d2-5d58e9677aaa | {
  "totalTokensIn": 110775,
  "totalTokensOut": 3326,
  "totalCacheWrites": 0,
  "totalCacheReads": 0,
  "totalCost": 0,
  "contextTokens": 20843
}
[2025-04-04T04:36:08.006Z] {
  "ts": 1743741367723,
  "type": "say",
  "say": "completion_result",
  "text": "I have successfully implemented the `BankAccount.java` class according to the exercise instructions. All tests in `BankAccountTest.java` now pass when run with `./gradlew test`.",
  "partial": false
}
[2025-04-04T04:36:08.135Z] {
  "ts": 1743741367995,
  "type": "ask",
  "ask": "command",
  "text": "./gradlew test",
  "partial": false
}
