[2025-04-04T04:38:24.099Z] {
  "ts": 1743741504048,
  "type": "say",
  "say": "text",
  "text": "Your job is to complete a coding exercise described the markdown files inside the `.docs` directory.\n\nA file with the implementation stubbed out has been created for you, along with a test file.\n\nTo successfully complete the exercise, you must pass all the tests in the test file.\n\nTo confirm that your solution is correct, run the tests with `./gradlew test`. Do not alter the test file; it should be run as-is.\n\nDo not use the \"ask_followup_question\" tool.\n"
}
[2025-04-04T04:38:24.128Z] taskStarted -> 8ad85a3e-1020-4a17-b989-7bb5b4e11037
[2025-04-04T04:38:24.164Z] {
  "ts": 1743741504128,
  "type": "say",
  "say": "api_req_started",
  "text": "{\"request\":\"<task>\\nYour job is to complete a coding exercise described the markdown files inside the `.docs` directory.\\n\\nA file with the implementation stubbed out has been created for you, along with a test file.\\n\\nTo successfully complete the exercise, you must pass all the tests in the test file.\\n\\nTo confirm that your solution is correct, run the tests with `./gradlew test`. Do not alter the test file; it should be run as-is.\\n\\nDo not use the \\\"ask_followup_question\\\" tool.\\n\\n</task>\\n\\nLoading...\"}"
}
[2025-04-04T04:38:29.338Z] {
  "ts": 1743741508603,
  "type": "say",
  "say": "text",
  "text": "Okay, I understand the task. I will complete the coding exercise by implementing the necessary logic in `src/main/java/Dominoes.java` to pass all the tests in `src/test/java/DominoesTest.java`.\n\nFirst, I need to read the exercise description. I'll list the files in the `.docs` directory to find the description file.",
  "partial": false
}
[2025-04-04T04:38:29.430Z] {
  "ts": 1743741509391,
  "type": "ask",
  "ask": "tool",
  "text": "{\"tool\":\"listFilesTopLevel\",\"path\":\".docs\",\"content\":\"instructions.md\"}"
}
[2025-04-04T04:38:29.488Z] {
  "ts": 1743741509456,
  "type": "say",
  "say": "api_req_started",
  "text": "{\"request\":\"[list_files for '.docs'] Result:\\n\\ninstructions.md\\n\\nLoading...\"}"
}
[2025-04-04T04:38:33.930Z] {
  "ts": 1743741513604,
  "type": "say",
  "say": "text",
  "text": "Okay, I see the instructions file is `.docs/instructions.md`. I'll read it now to understand the exercise requirements.",
  "partial": false
}
[2025-04-04T04:38:33.999Z] {
  "ts": 1743741513950,
  "type": "ask",
  "ask": "tool",
  "text": "{\"tool\":\"readFile\",\"path\":\".docs/instructions.md\",\"isOutsideWorkspace\":false,\"content\":\"/Users/cte/Documents/evals/java/dominoes/.docs/instructions.md\",\"reason\":\" (max 500 lines)\"}"
}
[2025-04-04T04:38:34.064Z] {
  "ts": 1743741514030,
  "type": "say",
  "say": "api_req_started",
  "text": "{\"request\":\"[read_file for '.docs/instructions.md'] Result:\\n\\n 1 | # Instructions\\n 2 | \\n 3 | Make a chain of dominoes.\\n 4 | \\n 5 | Compute a way to order a given set of dominoes in such a way that they form a correct domino chain (the dots on one half of a stone match the dots on the neighboring half of an adjacent stone) and that dots on the halves of the stones which don't have a neighbor (the first and last stone) match each other.\\n 6 | \\n 7 | For example given the stones `[2|1]`, `[2|3]` and `[1|3]` you should compute something\\n 8 | like `[1|2] [2|3] [3|1]` or `[3|2] [2|1] [1|3]` or `[1|3] [3|2] [2|1]` etc, where the first and last numbers are the same.\\n 9 | \\n10 | For stones `[1|2]`, `[4|1]` and `[2|3]` the resulting chain is not valid: `[4|1] [1|2] [2|3]`'s first and last numbers are not the same.\\n11 | 4 != 3\\n12 | \\n13 | Some test cases may use duplicate stones in a chain solution, assume that multiple Domino sets are being used.\\n14 | \\n\\nLoading...\"}"
}
[2025-04-04T04:38:42.934Z] {
  "ts": 1743741522106,
  "type": "say",
  "say": "text",
  "text": "Okay, I understand the requirements. The goal is to arrange a given list of dominoes into a chain where adjacent halves match, and the ends of the chain also match. If no such chain can be formed, a `ChainNotFoundException` should be thrown.\n\nLet's start by examining the `Domino.java` file to understand how dominoes are represented.",
  "partial": false
}
[2025-04-04T04:38:43.081Z] {
  "ts": 1743741522991,
  "type": "ask",
  "ask": "tool",
  "text": "{\"tool\":\"readFile\",\"path\":\"src/main/java/Domino.java\",\"isOutsideWorkspace\":false,\"content\":\"/Users/cte/Documents/evals/java/dominoes/src/main/java/Domino.java\",\"reason\":\" (max 500 lines)\"}"
}
[2025-04-04T04:38:43.158Z] {
  "ts": 1743741523125,
  "type": "say",
  "say": "api_req_started",
  "text": "{\"request\":\"[read_file for 'src/main/java/Domino.java'] Result:\\n\\n 1 | import java.util.Objects;\\n 2 | \\n 3 | \\n 4 | // This class can't be changed by the solution.\\n 5 | //\\n 6 | class Domino {\\n 7 |     private int left;\\n 8 |     private int right;\\n 9 |     private int hash;\\n10 |     Domino(int left, int right) {\\n11 |         if (left < 0 || left > 9 || right < 0 || right > 9 ) {\\n12 |             throw new IllegalArgumentException(\\\"Domino tiles must have a number between 0 and 9 on each side\\\");\\n13 |         } \\n14 |         this.left = left;\\n15 |         this.right = right;\\n16 |         this.hash = Integer.min(left,right) + Integer.max(left, right) * 10;\\n17 |     }\\n18 |     \\n19 |     int getLeft() {\\n20 |         return this.left;\\n21 |     }\\n22 |     \\n23 |     int getRight() {\\n24 |         return this.right;\\n25 |     }\\n26 |     \\n27 |     @Override\\n28 |     public boolean equals(Object o) {\\n29 |         if (!(o instanceof Domino) ) {\\n30 |             return false;\\n31 |         }\\n32 |         Domino otherDomino = (Domino) o;\\n33 |         return this.hash == otherDomino.hash;\\n34 |     }\\n35 |     \\n36 |     @Override\\n37 |     public int hashCode() {\\n38 |         return hash;\\n39 |     }\\n40 | }\\n41 | \\n\\nLoading...\"}"
}
[2025-04-04T04:38:54.107Z] {
  "ts": 1743741533283,
  "type": "say",
  "say": "text",
  "text": "Okay, the `Domino` class is straightforward. It stores left and right values and provides getters. Importantly, the `equals` method considers `[a|b]` and `[b|a]` the same, but for chaining, the orientation matters.\n\nNow, let's look at the `Dominoes.java` file where the implementation needs to go.",
  "partial": false
}
[2025-04-04T04:38:54.176Z] {
  "ts": 1743741534127,
  "type": "ask",
  "ask": "tool",
  "text": "{\"tool\":\"readFile\",\"path\":\"src/main/java/Dominoes.java\",\"isOutsideWorkspace\":false,\"content\":\"/Users/cte/Documents/evals/java/dominoes/src/main/java/Dominoes.java\",\"reason\":\" (max 500 lines)\"}"
}
[2025-04-04T04:38:54.263Z] {
  "ts": 1743741534230,
  "type": "say",
  "say": "api_req_started",
  "text": "{\"request\":\"[read_file for 'src/main/java/Dominoes.java'] Result:\\n\\n1 | import java.util.List;\\n2 | \\n3 | class Dominoes {\\n4 | \\n5 |     List<Domino> formChain(List<Domino> inputDominoes) throws ChainNotFoundException {\\n6 |         throw new UnsupportedOperationException(\\\"Delete this statement and write your own implementation.\\\");\\n7 |     }\\n8 | \\n9 | }\\n\\nLoading...\"}"
}
[2025-04-04T04:39:20.313Z] {
  "ts": 1743741557272,
  "type": "say",
  "say": "text",
  "text": "Okay, I have analyzed the `Domino` class and the requirements. I will implement the `formChain` method in `src/main/java/Dominoes.java` using a backtracking approach.\n\nHere's the plan:\n1.  Handle the edge case of an empty input list (return an empty list).\n2.  Handle the edge case of a single domino input (return the list if ends match, throw exception otherwise).\n3.  Iterate through each domino in the input list, trying it as the starting point of the chain.\n4.  For each potential starting domino, use a recursive helper function to try building the chain.\n5.  The recursive function will:\n    *   Take the current chain and the list of remaining dominoes.\n    *   If no dominoes remain, check if the first and last numbers of the chain match. If yes, return the chain; otherwise, return null.\n    *   Iterate through the remaining dominoes. For each one, check if it can connect to the end of the current chain (either normally or flipped).\n    *   If a domino connects, add it to the chain (potentially flipped) and recurse with the updated chain and remaining dominoes.\n    *   If the recursive call finds a valid chain, return it. Otherwise, backtrack (remove the domino) and try the next one.\n    *   If no remaining domino can extend the chain, return null.\n6.  If the main loop finishes without finding a chain, throw `ChainNotFoundException`.\n\nNow, I'll write the implementation to `src/main/java/Dominoes.java`.",
  "partial": false
}
[2025-04-04T04:39:30.642Z] {
  "ts": 1743741560554,
  "type": "ask",
  "ask": "tool",
  "text": "{\"tool\":\"editedExistingFile\",\"path\":\"src/main/java/Dominoes.java\",\"isOutsideWorkspace\":false,\"diff\":\"@@ -1,9 +1,106 @@\\n+import java.util.ArrayList;\\n+import java.util.LinkedList;\\n import java.util.List;\\n \\n class Dominoes {\\n \\n     List<Domino> formChain(List<Domino> inputDominoes) throws ChainNotFoundException {\\n-        throw new UnsupportedOperationException(\\\"Delete this statement and write your own implementation.\\\");\\n+        if (inputDominoes == null) {\\n+             throw new IllegalArgumentException(\\\"Input list cannot be null.\\\");\\n+        }\\n+        if (inputDominoes.isEmpty()) {\\n+            return new ArrayList<>();\\n+        }\\n+\\n+        // Handle the single domino case separately for clarity and efficiency\\n+        if (inputDominoes.size() == 1) {\\n+            Domino single = inputDominoes.get(0);\\n+            if (single.getLeft() == single.getRight()) {\\n+                return new ArrayList<>(inputDominoes); // Return a copy as per convention\\n+            } else {\\n+                throw new ChainNotFoundException(\\\"Single domino ends don't match.\\\");\\n+            }\\n+        }\\n+\\n+        List<Domino> mutableDominoes = new ArrayList<>(inputDominoes);\\n+\\n+        // Try starting the chain with each domino\\n+        for (int i = 0; i < mutableDominoes.size(); i++) {\\n+            Domino startDomino = mutableDominoes.get(i);\\n+            List<Domino> remaining = new ArrayList<>(mutableDominoes);\\n+            remaining.remove(i); // Remove the starting domino by index\\n+\\n+            // Attempt 1: Start with the domino in its original orientation\\n+            LinkedList<Domino> chain = new LinkedList<>();\\n+            chain.add(startDomino);\\n+            List<Domino> result = findChainRecursive(chain, remaining);\\n+            if (result != null) {\\n+                return result; // Found a valid chain\\n+            }\\n+\\n+            // Attempt 2: If the domino is not symmetrical, try starting with it flipped\\n+            // We only need to try flipping if the first attempt failed and left != right\\n+            if (startDomino.getLeft() != startDomino.getRight()) {\\n+                 Domino flippedStart = new Domino(startDomino.getRight(), startDomino.getLeft());\\n+                 LinkedList<Domino> flippedChain = new LinkedList<>();\\n+                 flippedChain.add(flippedStart);\\n+                 // Use the same 'remaining' list as the original objects need to be tracked\\n+                 result = findChainRecursive(flippedChain, remaining);\\n+                 if (result != null) {\\n+                     return result; // Found a valid chain starting with the flipped domino\\n+                 }\\n+            }\\n+        }\\n+\\n+        // If no starting domino leads to a complete valid chain\\n+        throw new ChainNotFoundException(\\\"No valid chain found.\\\");\\n     }\\n \\n+    private List<Domino> findChainRecursive(LinkedList<Domino> currentChain, List<Domino> remainingDominoes) {\\n+        // Base case: All dominoes have been placed in the chain\\n+        if (remainingDominoes.isEmpty()) {\\n+            // Check if the chain is valid (ends match)\\n+            if (currentChain.getFirst().getLeft() == currentChain.getLast().getRight()) {\\n+                return new ArrayList<>(currentChain); // Success! Return a copy of the chain.\\n+            } else {\\n+                return null; // Chain formed, but ends don't match. Invalid.\\n+            }\\n+        }\\n+\\n+        Domino lastDominoInChain = currentChain.getLast();\\n+        int targetValue = lastDominoInChain.getRight(); // Value to match\\n+\\n+        // Try appending each remaining domino\\n+        for (int i = 0; i < remainingDominoes.size(); i++) {\\n+            Domino candidate = remainingDominoes.get(i);\\n+            List<Domino> nextRemaining = new ArrayList<>(remainingDominoes);\\n+            nextRemaining.remove(i); // Prepare the list for the recursive call\\n+\\n+            // Option 1: Candidate matches without flipping\\n+            if (candidate.getLeft() == targetValue) {\\n+                currentChain.addLast(candidate); // Add to chain\\n+                List<Domino> result = findChainRecursive(currentChain, nextRemaining); // Recurse\\n+                if (result != null) {\\n+                    return result; // Solution found, propagate up\\n+                }\\n+                currentChain.removeLast(); // Backtrack: remove the candidate\\n+            }\\n+            // Option 2: Candidate matches only when flipped (and is not symmetrical)\\n+            // Avoid redundant checks if left == right\\n+            else if (candidate.getRight() == targetValue && candidate.getLeft() != candidate.getRight()) {\\n+                 Domino flippedCandidate = new Domino(candidate.getRight(), candidate.getLeft());\\n+                 currentChain.addLast(flippedCandidate); // Add flipped version to chain\\n+                 List<Domino> result = findChainRecursive(currentChain, nextRemaining); // Recurse\\n+                 if (result != null) {\\n+                     return result; // Solution found, propagate up\\n+                 }\\n+                 currentChain.removeLast(); // Backtrack: remove the flipped candidate\\n+            }\\n+            // Option 3: Candidate is symmetrical and matches (candidate.getLeft() == candidate.getRight() == targetValue)\\n+            // This case is covered by Option 1, so no separate check needed.\\n+        }\\n+\\n+        // If we tried all remaining dominoes and none led to a solution\\n+        return null;\\n+    }\\n }\\n\\\\ No newline at end of file\\n\"}",
  "partial": false
}
[2025-04-04T04:39:31.888Z] {
  "ts": 1743741571855,
  "type": "say",
  "say": "api_req_started",
  "text": "{\"request\":\"[write_to_file for 'src/main/java/Dominoes.java'] Result:\\n\\nThe content was successfully saved to src/main/java/Dominoes.java.\\n\\nLoading...\"}"
}
[2025-04-04T04:39:34.646Z] {
  "ts": 1743741574266,
  "type": "say",
  "say": "text",
  "text": "Okay, the implementation has been written to `src/main/java/Dominoes.java`.\n\nNow, I will run the tests using the provided command to check if the solution passes.",
  "partial": false
}
[2025-04-04T04:39:34.729Z] {
  "ts": 1743741574680,
  "type": "ask",
  "ask": "command",
  "text": "./gradlew test"
}
[2025-04-04T04:39:37.692Z] {
  "ts": 1743741577631,
  "type": "ask",
  "ask": "command_output",
  "text": ""
}
[2025-04-04T04:39:37.692Z] {
  "ts": 1743741577631,
  "type": "ask",
  "ask": "command_output",
  "text": "\r\n\r\n<===========--> 85% EXECUTING [103ms]> :test > 0 tests completed<===========--> 85% EXECUTING [203ms]<===========--> 85% EXECUTING [304ms]\r\n<===========--> 85% EXECUTING [406ms]> :test > Executing test DominoesTest\r\n> Task :test FAILED\r\n\r\nDominoesTest > cantBeChainedTest() FAILED\r\n    org.opentest4j.AssertionFailedError: \r\n    Expecting message to be:\r\n      \"No domino chain found.\"\r\n    but was:\r\n      \"No valid chain found.\"\r\n\r\n    Throwable that failed the check:\r\n\r\n    ChainNotFoundException: No valid chain found.\r\n        at Dominoes.formChain(Dominoes.java:56)\r\n        at DominoesTest.lambda$cantBeChainedTest$1(DominoesTest.java:81)\r\n        at org.assertj.core.api.ThrowableAssert.catchThrowable(ThrowableAssert.java:63)\r\n        at org.assertj.core.api.ThrowableTypeAssert.isThrownBy(ThrowableTypeAssert.java:59)\r\n        at DominoesTest.cantBeChainedTest(DominoesTest.java:81)\r\n        at java.base/jdk.internal.reflect.NativeMethodAccessorImpl.invoke0(Native Method)\r\n        at java.base/jdk.internal.reflect.NativeMethodAccessorImpl.invoke(NativeMethodAccessorImpl.java:77)\r\n        at java.base/jdk.internal.reflect.DelegatingMethodAccessorImpl.invoke(DelegatingMethodAccessorImpl.java:43)\r\n        at java.base/java.lang.reflect.Method.invoke(Method.java:569)\r\n        at org.junit.platform.commons.util.ReflectionUtils.invokeMethod(ReflectionUtils.java:728)\r\n        at org.junit.jupiter.engine.execution.MethodInvocation.proceed(MethodInvocation.java:60)\r\n        at org.junit.jupiter.engine.execution.InvocationInterceptorChain$ValidatingInvocation.proceed(InvocationInterceptorChain.java:131)\r\n        at org.junit.jupiter.engine.extension.TimeoutExtension.intercept(TimeoutExtension.java:156)\r\n        at org.junit.jupiter.engine.extension.TimeoutExtension.interceptTestableMethod(TimeoutExtension.java:147)\r\n        at org.junit.jupiter.engine.extension.TimeoutExtension.interceptTestMethod(TimeoutExtension.java:86)\r\n        at org.junit.jupiter.engine.execution.InterceptingExecutableInvoker$ReflectiveInterceptorCall.lambda$ofVoidMethod$0(InterceptingExecutableInvoker.java:103)\r\n        at org.junit.jupiter.engine.execution.InterceptingExecutableInvoker.lambda$invoke$0(InterceptingExecutableInvoker.java:93)\r\n        at org.junit.jupiter.engine.execution.InvocationInterceptorChain$InterceptedInvocation.proceed(InvocationInterceptorChain.java:106)\r\n        at org.junit.jupiter.engine.execution.InvocationInterceptorChain.proceed(InvocationInterceptorChain.java:64)\r\n        at org.junit.jupiter.engine.execution.InvocationInterceptorChain.chainAndInvoke(InvocationInterceptorChain.java:45)\r\n        at org.junit.jupiter.engine.execution.InvocationInterceptorChain.invoke(InvocationInterceptorChain.java:37)\r\n        at org.junit.jupiter.engine.execution.InterceptingExecutableInvoker.invoke(InterceptingExecutableInvoker.java:92)\r\n        at org.junit.jupiter.engine.execution.InterceptingExecutableInvoker.invoke(InterceptingExecutableInvoker.java:86)\r\n        at org.junit.jupiter.engine.descriptor.TestMethodTestDescriptor.lambda$invokeTestMethod$7(TestMethodTestDescriptor.java:218)\r\n        at org.junit.platform.engine.support.hierarchical.ThrowableCollector.execute(ThrowableCollector.java:73)\r\n        at org.junit.jupiter.engine.descriptor.TestMethodTestDescriptor.invokeTestMethod(TestMethodTestDescriptor.java:214)\r\n        at org.junit.jupiter.engine.descriptor.TestMethodTestDescriptor.execute(TestMethodTestDescriptor.java:139)\r\n        at org.junit.jupiter.engine.descriptor.TestMethodTestDescriptor.execute(TestMethodTestDescriptor.java:69)\r\n        at org.junit.platform.engine.support.hierarchical.NodeTestTask.lambda$executeRecursively$6(NodeTestTask.java:151)\r\n        at org.junit.platform.engine.support.hierarchical.ThrowableCollector.execute(ThrowableCollector.java:73)\r\n        at org.junit.platform.engine.support.hierarchical.NodeTestTask.lambda$executeRecursively$8(NodeTestTask.java:141)\r\n        at org.junit.platform.engine.support.hierarchical.Node.around(Node.java:137)\r\n        at org.junit.platform.engine.support.hierarchical.NodeTestTask.lambda$executeRecursively$9(NodeTestTask.java:139)\r\n        at org.junit.platform.engine.support.hierarchical.ThrowableCollector.execute(ThrowableCollector.java:73)\r\n        at org.junit.platform.engine.support.hierarchical.NodeTestTask.executeRecursively(NodeTestTask.java:138)\r\n        at org.junit.platform.engine.support.hierarchical.NodeTestTask.execute(NodeTestTask.java:95)\r\n        at java.base/java.util.ArrayList.forEach(ArrayList.java:1511)\r\n        at org.junit.platform.engine.support.hierarchical.SameThreadHierarchicalTestExecutorService.invokeAll(SameThreadHierarchicalTestExecutorService.java:41)\r\n        at org.junit.platform.engine.support.hierarchical.NodeTestTask.lambda$executeRecursively$6(NodeTestTask.java:155)\r\n        at org.junit.platform.engine.support.hierarchical.ThrowableCollector.execute(ThrowableCollector.java:73)\r\n        at org.junit.platform.engine.support.hierarchical.NodeTestTask.lambda$executeRecursively$8(NodeTestTask.java:141)\r\n        at org.junit.platform.engine.support.hierarchical.Node.around(Node.java:137)\r\n        at org.junit.platform.engine.support.hierarchical.NodeTestTask.lambda$executeRecursively$9(NodeTestTask.java:139)\r\n        at org.junit.platform.engine.support.hierarchical.ThrowableCollector.execute(ThrowableCollector.java:73)\r\n        at org.junit.platform.engine.support.hierarchical.NodeTestTask.executeRecursively(NodeTestTask.java:138)\r\n        at org.junit.platform.engine.support.hierarchical.NodeTestTask.execute(NodeTestTask.java:95)\r\n        at java.base/java.util.ArrayList.forEach(ArrayList.java:1511)\r\n        at org.junit.platform.engine.support.hierarchical.SameThreadHierarchicalTestExecutorService.invokeAll(SameThreadHierarchicalTestExecutorService.java:41)\r\n        at org.junit.platform.engine.support.hierarchical.NodeTestTask.lambda$executeRecursively$6(NodeTestTask.java:155)\r\n        at org.junit.platform.engine.support.hierarchical.ThrowableCollector.execute(ThrowableCollector.java:73)\r\n        at org.junit.platform.engine.support.hierarchical.NodeTestTask.lambda$executeRecursively$8(NodeTestTask.java:141)\r\n        at org.junit.platform.engine.support.hierarchical.Node.around(Node.java:137)\r\n        at org.junit.platform.engine.support.hierarchical.NodeTestTask.lambda$executeRecursively$9(NodeTestTask.java:139)\r\n        at org.junit.platform.engine.support.hierarchical.ThrowableCollector.execute(ThrowableCollector.java:73)\r\n        at org.junit.platform.engine.support.hierarchical.NodeTestTask.executeRecursively(NodeTestTask.java:138)\r\n        at org.junit.platform.engine.support.hierarchical.NodeTestTask.execute(NodeTestTask.java:95)\r\n        at org.junit.platform.engine.support.hierarchical.SameThreadHierarchicalTestExecutorService.submit(SameThreadHierarchicalTestExecutorService.java:35)\r\n        at org.junit.platform.engine.support.hierarchical.HierarchicalTestExecutor.execute(HierarchicalTestExecutor.java:57)\r\n        at org.junit.platform.engine.support.hierarchical.HierarchicalTestEngine.execute(HierarchicalTestEngine.java:54)\r\n        at org.junit.platform.launcher.core.EngineExecutionOrchestrator.execute(EngineExecutionOrchestrator.java:107)\r\n        at org.junit.platform.launcher.core.EngineExecutionOrchestrator.execute(EngineExecutionOrchestrator.java:88)\r\n        at org.junit.platform.launcher.core.EngineExecutionOrchestrator.lambda$execute$0(EngineExecutionOrchestrator.java:54)\r\n        at org.junit.platform.launcher.core.EngineExecutionOrchestrator.withInterceptedStreams(EngineExecutionOrchestrator.java:67)\r\n        at org.junit.platform.launcher.core.EngineExecutionOrchestrator.execute(EngineExecutionOrchestrator.java:52)\r\n        at org.junit.platform.launcher.core.DefaultLauncher.execute(DefaultLauncher.java:114)\r\n        at org.junit.platform.launcher.core.DefaultLauncher.execute(DefaultLauncher.java:86)\r\n        at org.junit.platform.launcher.core.DefaultLauncherSession$DelegatingLauncher.execute(DefaultLauncherSession.java:86)\r\n        at org.gradle.api.internal.tasks.testing.junitplatform.JUnitPlatformTestClassProcessor$CollectAllTestClassesExecutor.processAllTestClasses(JUnitPlatformTestClassProcessor.java:119)\r\n        at org.gradle.api.internal.tasks.testing.junitplatform.JUnitPlatformTestClassProcessor$CollectAllTestClassesExecutor.access$000(JUnitPlatformTestClassProcessor.java:94)\r\n        at org.gradle.api.internal.tasks.testing.junitplatform.JUnitPlatformTestClassProcessor.stop(JUnitPlatformTestClassProcessor.java:89)\r\n        at org.gradle.api.internal.tasks.testing.SuiteTestClassProcessor.stop(SuiteTestClassProcessor.java:62)\r\n        at java.base/jdk.internal.reflect.NativeMethodAccessorImpl.invoke0(Native Method)\r\n        at java.base/jdk.internal.reflect.NativeMethodAccessorImpl.invoke(NativeMethodAccessorImpl.java:77)\r\n        at java.base/jdk.internal.reflect.DelegatingMethodAccessorImpl.invoke(DelegatingMethodAccessorImpl.java:43)\r\n        at java.base/java.lang.reflect.Method.invoke(Method.java:569)\r\n        at org.gradle.internal.dispatch.ReflectionDispatch.dispatch(ReflectionDispatch.java:36)\r\n        at org.gradle.internal.dispatch.ReflectionDispatch.dispatch(ReflectionDispatch.java:24)\r\n        at org.gradle.internal.dispatch.ContextClassLoaderDispatch.dispatch(ContextClassLoaderDispatch.java:33)\r\n        at org.gradle.internal.dispatch.ProxyDispatchAdapter$DispatchingInvocationHandler.invoke(ProxyDispatchAdapter.java:94)\r\n        at jdk.proxy1/jdk.proxy1.$Proxy2.stop(Unknown Source)\r\n        at org.gradle.api.internal.tasks.testing.worker.TestWorker$3.run(TestWorker.java:193)\r\n        at org.gradle.api.internal.tasks.testing.worker.TestWorker.executeAndMaintainThreadName(TestWorker.java:129)\r\n        at org.gradle.api.internal.tasks.testing.worker.TestWorker.execute(TestWorker.java:100)\r\n        at org.gradle.api.internal.tasks.testing.worker.TestWorker.execute(TestWorker.java:60)\r\n\n[...173 lines omitted...]\n\n        at org.junit.platform.engine.support.hierarchical.ThrowableCollector.execute(ThrowableCollector.java:73)\r\n        at org.junit.platform.engine.support.hierarchical.NodeTestTask.lambda$executeRecursively$8(NodeTestTask.java:141)\r\n        at org.junit.platform.engine.support.hierarchical.Node.around(Node.java:137)\r\n        at org.junit.platform.engine.support.hierarchical.NodeTestTask.lambda$executeRecursively$9(NodeTestTask.java:139)\r\n        at org.junit.platform.engine.support.hierarchical.ThrowableCollector.execute(ThrowableCollector.java:73)\r\n        at org.junit.platform.engine.support.hierarchical.NodeTestTask.executeRecursively(NodeTestTask.java:138)\r\n        at org.junit.platform.engine.support.hierarchical.NodeTestTask.execute(NodeTestTask.java:95)\r\n        at java.base/java.util.ArrayList.forEach(ArrayList.java:1511)\r\n        at org.junit.platform.engine.support.hierarchical.SameThreadHierarchicalTestExecutorService.invokeAll(SameThreadHierarchicalTestExecutorService.java:41)\r\n        at org.junit.platform.engine.support.hierarchical.NodeTestTask.lambda$executeRecursively$6(NodeTestTask.java:155)\r\n        at org.junit.platform.engine.support.hierarchical.ThrowableCollector.execute(ThrowableCollector.java:73)\r\n        at org.junit.platform.engine.support.hierarchical.NodeTestTask.lambda$executeRecursively$8(NodeTestTask.java:141)\r\n        at org.junit.platform.engine.support.hierarchical.Node.around(Node.java:137)\r\n        at org.junit.platform.engine.support.hierarchical.NodeTestTask.lambda$executeRecursively$9(NodeTestTask.java:139)\r\n        at org.junit.platform.engine.support.hierarchical.ThrowableCollector.execute(ThrowableCollector.java:73)\r\n        at org.junit.platform.engine.support.hierarchical.NodeTestTask.executeRecursively(NodeTestTask.java:138)\r\n        at org.junit.platform.engine.support.hierarchical.NodeTestTask.execute(NodeTestTask.java:95)\r\n        at org.junit.platform.engine.support.hierarchical.SameThreadHierarchicalTestExecutorService.submit(SameThreadHierarchicalTestExecutorService.java:35)\r\n        at org.junit.platform.engine.support.hierarchical.HierarchicalTestExecutor.execute(HierarchicalTestExecutor.java:57)\r\n        at org.junit.platform.engine.support.hierarchical.HierarchicalTestEngine.execute(HierarchicalTestEngine.java:54)\r\n        at org.junit.platform.launcher.core.EngineExecutionOrchestrator.execute(EngineExecutionOrchestrator.java:107)\r\n        at org.junit.platform.launcher.core.EngineExecutionOrchestrator.execute(EngineExecutionOrchestrator.java:88)\r\n        at org.junit.platform.launcher.core.EngineExecutionOrchestrator.lambda$execute$0(EngineExecutionOrchestrator.java:54)\r\n        at org.junit.platform.launcher.core.EngineExecutionOrchestrator.withInterceptedStreams(EngineExecutionOrchestrator.java:67)\r\n        at org.junit.platform.launcher.core.EngineExecutionOrchestrator.execute(EngineExecutionOrchestrator.java:52)\r\n        at org.junit.platform.launcher.core.DefaultLauncher.execute(DefaultLauncher.java:114)\r\n        at org.junit.platform.launcher.core.DefaultLauncher.execute(DefaultLauncher.java:86)\r\n        at org.junit.platform.launcher.core.DefaultLauncherSession$DelegatingLauncher.execute(DefaultLauncherSession.java:86)\r\n        at org.gradle.api.internal.tasks.testing.junitplatform.JUnitPlatformTestClassProcessor$CollectAllTestClassesExecutor.processAllTestClasses(JUnitPlatformTestClassProcessor.java:119)\r\n        at org.gradle.api.internal.tasks.testing.junitplatform.JUnitPlatformTestClassProcessor$CollectAllTestClassesExecutor.access$000(JUnitPlatformTestClassProcessor.java:94)\r\n        at org.gradle.api.internal.tasks.testing.junitplatform.JUnitPlatformTestClassProcessor.stop(JUnitPlatformTestClassProcessor.java:89)\r\n        at org.gradle.api.internal.tasks.testing.SuiteTestClassProcessor.stop(SuiteTestClassProcessor.java:62)\r\n        at java.base/jdk.internal.reflect.NativeMethodAccessorImpl.invoke0(Native Method)\r\n        at java.base/jdk.internal.reflect.NativeMethodAccessorImpl.invoke(NativeMethodAccessorImpl.java:77)\r\n        at java.base/jdk.internal.reflect.DelegatingMethodAccessorImpl.invoke(DelegatingMethodAccessorImpl.java:43)\r\n        at java.base/java.lang.reflect.Method.invoke(Method.java:569)\r\n        at org.gradle.internal.dispatch.ReflectionDispatch.dispatch(ReflectionDispatch.java:36)\r\n        at org.gradle.internal.dispatch.ReflectionDispatch.dispatch(ReflectionDispatch.java:24)\r\n        at org.gradle.internal.dispatch.ContextClassLoaderDispatch.dispatch(ContextClassLoaderDispatch.java:33)\r\n        at org.gradle.internal.dispatch.ProxyDispatchAdapter$DispatchingInvocationHandler.invoke(ProxyDispatchAdapter.java:94)\r\n        at jdk.proxy1/jdk.proxy1.$Proxy2.stop(Unknown Source)\r\n        at org.gradle.api.internal.tasks.testing.worker.TestWorker$3.run(TestWorker.java:193)\r\n        at org.gradle.api.internal.tasks.testing.worker.TestWorker.executeAndMaintainThreadName(TestWorker.java:129)\r\n        at org.gradle.api.internal.tasks.testing.worker.TestWorker.execute(TestWorker.java:100)\r\n        at org.gradle.api.internal.tasks.testing.worker.TestWorker.execute(TestWorker.java:60)\r\n        at org.gradle.process.internal.worker.child.ActionExecutionWorker.execute(ActionExecutionWorker.java:56)\r\n        at org.gradle.process.internal.worker.child.SystemApplicationClassLoaderWorker.call(SystemApplicationClassLoaderWorker.java:113)\r\n        at org.gradle.process.internal.worker.child.SystemApplicationClassLoaderWorker.call(SystemApplicationClassLoaderWorker.java:65)\r\n        at worker.org.gradle.process.internal.worker.GradleWorkerMain.run(GradleWorkerMain.java:69)\r\n        at worker.org.gradle.process.internal.worker.GradleWorkerMain.main(GradleWorkerMain.java:74)\r\n        at java.base@17.0.14/jdk.internal.reflect.NativeConstructorAccessorImpl.newInstance0(Native Method)\r\n        at java.base@17.0.14/jdk.internal.reflect.NativeConstructorAccessorImpl.newInstance(NativeConstructorAccessorImpl.java:77)\r\n        at java.base@17.0.14/jdk.internal.reflect.DelegatingConstructorAccessorImpl.newInstance(DelegatingConstructorAccessorImpl.java:45)\r\n        at java.base@17.0.14/java.lang.reflect.Constructor.newInstanceWithCaller(Constructor.java:500)\r\n        at app//DominoesTest.singletonCantBeChainedTest(DominoesTest.java:46)\r\n\r\nDominoesTest > disconnectedSingleIsolatedTest() FAILED\r\n    org.opentest4j.AssertionFailedError: \r\n    Expecting message to be:\r\n      \"No domino chain found.\"\r\n    but was:\r\n      \"No valid chain found.\"\r\n\r\n    Throwable that failed the check:\r\n\r\n    ChainNotFoundException: No valid chain found.\r\n        at Dominoes.formChain(Dominoes.java:56)\r\n        at DominoesTest.lambda$disconnectedSingleIsolatedTest$4(DominoesTest.java:117)\r\n        at org.assertj.core.api.ThrowableAssert.catchThrowable(ThrowableAssert.java:63)\r\n        at org.assertj.core.api.ThrowableTypeAssert.isThrownBy(ThrowableTypeAssert.java:59)\r\n        at DominoesTest.disconnectedSingleIsolatedTest(DominoesTest.java:117)\r\n        at java.base/jdk.internal.reflect.NativeMethodAccessorImpl.invoke0(Native Method)\r\n        at java.base/jdk.internal.reflect.NativeMethodAccessorImpl.invoke(NativeMethodAccessorImpl.java:77)\r\n        at java.base/jdk.internal.reflect.DelegatingMethodAccessorImpl.invoke(DelegatingMethodAccessorImpl.java:43)\r\n        at java.base/java.lang.reflect.Method.invoke(Method.java:569)\r\n        at org.junit.platform.commons.util.ReflectionUtils.invokeMethod(ReflectionUtils.java:728)\r\n        at org.junit.jupiter.engine.execution.MethodInvocation.proceed(MethodInvocation.java:60)\r\n        at org.junit.jupiter.engine.execution.InvocationInterceptorChain$ValidatingInvocation.proceed(InvocationInterceptorChain.java:131)\r\n        at org.junit.jupiter.engine.extension.TimeoutExtension.intercept(TimeoutExtension.java:156)\r\n        at org.junit.jupiter.engine.extension.TimeoutExtension.interceptTestableMethod(TimeoutExtension.java:147)\r\n        at org.junit.jupiter.engine.extension.TimeoutExtension.interceptTestMethod(TimeoutExtension.java:86)\r\n        at org.junit.jupiter.engine.execution.InterceptingExecutableInvoker$ReflectiveInterceptorCall.lambda$ofVoidMethod$0(InterceptingExecutableInvoker.java:103)\r\n        at org.junit.jupiter.engine.execution.InterceptingExecutableInvoker.lambda$invoke$0(InterceptingExecutableInvoker.java:93)\r\n        at org.junit.jupiter.engine.execution.InvocationInterceptorChain$InterceptedInvocation.proceed(InvocationInterceptorChain.java:106)\r\n        at org.junit.jupiter.engine.execution.InvocationInterceptorChain.proceed(InvocationInterceptorChain.java:64)\r\n        at org.junit.jupiter.engine.execution.InvocationInterceptorChain.chainAndInvoke(InvocationInterceptorChain.java:45)\r\n        at org.junit.jupiter.engine.execution.InvocationInterceptorChain.invoke(InvocationInterceptorChain.java:37)\r\n        at org.junit.jupiter.engine.execution.InterceptingExecutableInvoker.invoke(InterceptingExecutableInvoker.java:92)\r\n        at org.junit.jupiter.engine.execution.InterceptingExecutableInvoker.invoke(InterceptingExecutableInvoker.java:86)\r\n        at org.junit.jupiter.engine.descriptor.TestMethodTestDescriptor.lambda$invokeTestMethod$7(TestMethodTestDescriptor.java:218)\r\n        at org.junit.platform.engine.support.hierarchical.ThrowableCollector.execute(ThrowableCollector.java:73)\r\n        at org.junit.jupiter.engine.descriptor.TestMethodTestDescriptor.invokeTestMethod(TestMethodTestDescriptor.java:214)\r\n        at org.junit.jupiter.engine.descriptor.TestMethodTestDescriptor.execute(TestMethodTestDescriptor.java:139)\r\n        at org.junit.jupiter.engine.descriptor.TestMethodTestDescriptor.execute(TestMethodTestDescriptor.java:69)\r\n        at org.junit.platform.engine.support.hierarchical.NodeTestTask.lambda$executeRecursively$6(NodeTestTask.java:151)\r\n        at org.junit.platform.engine.support.hierarchical.ThrowableCollector.execute(ThrowableCollector.java:73)\r\n        at org.junit.platform.engine.support.hierarchical.NodeTestTask.lambda$executeRecursively$8(NodeTestTask.java:141)\r\n        at org.junit.platform.engine.support.hierarchical.Node.around(Node.java:137)\r\n        at org.junit.platform.engine.support.hierarchical.NodeTestTask.lambda$executeRecursively$9(NodeTestTask.java:139)\r\n        at org.junit.platform.engine.support.hierarchical.ThrowableCollector.execute(ThrowableCollector.java:73)\r\n        at org.junit.platform.engine.support.hierarchical.NodeTestTask.executeRecursively(NodeTestTask.java:138)\r\n        at org.junit.platform.engine.support.hierarchical.NodeTestTask.execute(NodeTestTask.java:95)\r\n        at java.base/java.util.ArrayList.forEach(ArrayList.java:1511)\r\n        at org.junit.platform.engine.support.hierarchical.SameThreadHierarchicalTestExecutorService.invokeAll(SameThreadHierarchicalTestExecutorService.java:41)\r\n        at org.junit.platform.engine.support.hierarchical.NodeTestTask.lambda$executeRecursively$6(NodeTestTask.java:155)\r\n        at org.junit.platform.engine.support.hierarchical.ThrowableCollector.execute(ThrowableCollector.java:73)\r\n        at org.junit.platform.engine.support.hierarchical.NodeTestTask.lambda$executeRecursively$8(NodeTestTask.java:141)\r\n        at org.junit.platform.engine.support.hierarchical.Node.around(Node.java:137)\r\n        at org.junit.platform.engine.support.hierarchical.NodeTestTask.lambda$executeRecursively$9(NodeTestTask.java:139)\r\n        at org.junit.platform.engine.support.hierarchical.ThrowableCollector.execute(ThrowableCollector.java:73)\r\n        at org.junit.platform.engine.support.hierarchical.NodeTestTask.executeRecursively(NodeTestTask.java:138)\r\n        at org.junit.platform.engine.support.hierarchical.NodeTestTask.execute(NodeTestTask.java:95)\r\n        at java.base/java.util.ArrayList.forEach(ArrayList.java:1511)\r\n        at org.junit.platform.engine.support.hierarchical.SameThreadHierarchicalTestExecutorService.invokeAll(SameThreadHierarchicalTestExecutorService.java:41)\r\n        at org.junit.platform.engine.support.hierarchical.NodeTestTask.lambda$executeRecursively$6(NodeTestTask.java:155)\r\n        at org.junit.platform.engine.support.hierarchical.ThrowableCollector.execute(ThrowableCollector.java:73)\r\n        at org.junit.platform.engine.support.hierarchical.NodeTestTask.lambda$executeRecursively$8(NodeTestTask.java:141)\r\n        at org.junit.platform.engine.support.hierarchical.Node.around(Node.java:137)\r\n        at org.junit.platform.engine.support.hierarchical.NodeTestTask.lambda$executeRecursively$9(NodeTestTask.java:139)\r\n        at org.junit.platform.engine.support.hierarchical.ThrowableCollector.execute(ThrowableCollector.java:73)\r\n        at org.junit.platform.engine.support.hierarchical.NodeTestTask.executeRecursively(NodeTestTask.java:138)\r\n        at org.junit.platform.engine.support.hierarchical.NodeTestTask.execute(NodeTestTask.java:95)\r\n        at org.junit.platform.engine.support.hierarchical.SameThreadHierarchicalTestExecutorService.submit(SameThreadHierarchicalTestExecutorService.java:35)\r\n        at org.junit.platform.engine.support.hierarchical.HierarchicalTestExecutor.execute(HierarchicalTestExecutor.java:57)\r\n        at org.junit.platform.engine.support.hierarchical.HierarchicalTestEngine.execute(HierarchicalTestEngine.java:54)\r\n        at org.junit.platform.launcher.core.EngineExecutionOrchestrator.execute(EngineExecutionOrchestrator.java:107)\r\n        at org.junit.platform.launcher.core.EngineExecutionOrchestrator.execute(EngineExecutionOrchestrator.java:88)\r\n        at org.junit.platform.launcher.core.EngineExecutionOrchestrator.lambda$execute$0(EngineExecutionOrchestrator.java:54)\r\n        at org.junit.platform.launcher.core.EngineExecutionOrchestrator.withInterceptedStreams(EngineExecutionOrchestrator.java:67)\r\n        at org.junit.platform.launcher.core.EngineExecutionOrchestrator.execute(EngineExecutionOrchestrator.java:52)\r\n        at org.junit.platform.launcher.core.DefaultLauncher.execute(DefaultLauncher.java:114)\r\n        at org.junit.platform.launcher.core.DefaultLauncher.execute(DefaultLauncher.java:86)\r\n        at org.junit.platform.launcher.core.DefaultLauncherSession$DelegatingLauncher.execute(DefaultLauncherSession.java:86)\r\n        at org.gradle.api.internal.tasks.testing.junitplatform.JUnitPlatformTestClassProcessor$CollectAllTestClassesExecutor.processAllTestClasses(JUnitPlatformTestClassProcessor.java:119)\r\n        at org.gradle.api.internal.tasks.testing.junitplatform.JUnitPlatformTestClassProcessor$CollectAllTestClassesExecutor.access$000(JUnitPlatformTestClassProcessor.java:94)\r\n        at org.gradle.api.internal.tasks.testing.junitplatform.JUnitPlatformTestClassProcessor.stop(JUnitPlatformTestClassProcessor.java:89)\r\n        at org.gradle.api.internal.tasks.testing.SuiteTestClassProcessor.stop(SuiteTestClassProcessor.java:62)\r\n        at java.base/jdk.internal.reflect.NativeMethodAccessorImpl.invoke0(Native Method)\r\n        at java.base/jdk.internal.reflect.NativeMethodAccessorImpl.invoke(NativeMethodAccessorImpl.java:77)\r\n        at java.base/jdk.internal.reflect.DelegatingMethodAccessorImpl.invoke(DelegatingMethodAccessorImpl.java:43)\r\n        at java.base/java.lang.reflect.Method.invoke(Method.java:569)\r\n        at org.gradle.internal.dispatch.ReflectionDispatch.dispatch(ReflectionDispatch.java:36)\r\n        at org.gradle.internal.dispatch.ReflectionDispatch.dispatch(ReflectionDispatch.java:24)\r\n        at org.gradle.internal.dispatch.ContextClassLoaderDispatch.dispatch(ContextClassLoaderDispatch.java:33)\r\n        at org.gradle.internal.dispatch.ProxyDispatchAdapter$DispatchingInvocationHandler.invoke(ProxyDispatchAdapter.java:94)\r\n        at jdk.proxy1/jdk.proxy1.$Proxy2.stop(Unknown Source)\r\n        at org.gradle.api.internal.tasks.testing.worker.TestWorker$3.run(TestWorker.java:193)\r\n        at org.gradle.api.internal.tasks.testing.worker.TestWorker.executeAndMaintainThreadName(TestWorker.java:129)\r\n        at org.gradle.api.internal.tasks.testing.worker.TestWorker.execute(TestWorker.java:100)\r\n        at org.gradle.api.internal.tasks.testing.worker.TestWorker.execute(TestWorker.java:60)\r\n        at org.gradle.process.internal.worker.child.ActionExecutionWorker.execute(ActionExecutionWorker.java:56)\r\n        at org.gradle.process.internal.worker.child.SystemApplicationClassLoaderWorker.call(SystemApplicationClassLoaderWorker.java:113)\r\n        at org.gradle.process.internal.worker.child.SystemApplicationClassLoaderWorker.call(SystemApplicationClassLoaderWorker.java:65)\r\n        at worker.org.gradle.process.internal.worker.GradleWorkerMain.run(GradleWorkerMain.java:69)\r\n        at worker.org.gradle.process.internal.worker.GradleWorkerMain.main(GradleWorkerMain.java:74)\r\n        at java.base@17.0.14/jdk.internal.reflect.NativeConstructorAccessorImpl.newInstance0(Native Method)\r\n        at java.base@17.0.14/jdk.internal.reflect.NativeConstructorAccessorImpl.newInstance(NativeConstructorAccessorImpl.java:77)\r\n        at java.base@17.0.14/jdk.internal.reflect.DelegatingConstructorAccessorImpl.newInstance(DelegatingConstructorAccessorImpl.java:45)\r\n        at java.base@17.0.14/java.lang.reflect.Constructor.newInstanceWithCaller(Constructor.java:500)\r\n        at app//DominoesTest.disconnectedSingleIsolatedTest(DominoesTest.java:118)\r\n\r\nDominoesTest > separateThreeDominoLoopsTest() FAILED\r\n    org.opentest4j.AssertionFailedError: \r\n    Expecting message to be:\r\n      \"No domino chain found.\"\r\n    but was:\r\n      \"No valid chain found.\"\r\n\r\n    Throwable that failed the check:\r\n\r\n    ChainNotFoundException: No valid chain found.\r\n        at Dominoes.formChain(Dominoes.java:56)\r\n        at DominoesTest.lambda$separateThreeDominoLoopsTest$5(DominoesTest.java:169)\r\n        at org.assertj.core.api.ThrowableAssert.catchThrowable(ThrowableAssert.java:63)\r\n        at org.assertj.core.api.ThrowableTypeAssert.isThrownBy(ThrowableTypeAssert.java:59)\r\n        at DominoesTest.separateThreeDominoLoopsTest(DominoesTest.java:169)\r\n        at java.base/jdk.internal.reflect.NativeMethodAccessorImpl.invoke0(Native Method)\r\n        at java.base/jdk.internal.reflect.NativeMethodAccessorImpl.invoke(NativeMethodAccessorImpl.java:77)\r\n        at java.base/jdk.internal.reflect.DelegatingMethodAccessorImpl.invoke(DelegatingMethodAccessorImpl.java:43)\r\n        at java.base/java.lang.reflect.Method.invoke(Method.java:569)\r\n        at org.junit.platform.commons.util.ReflectionUtils.invokeMethod(ReflectionUtils.java:728)\r\n        at org.junit.jupiter.engine.execution.MethodInvocation.proceed(MethodInvocation.java:60)\r\n        at org.junit.jupiter.engine.execution.InvocationInterceptorChain$ValidatingInvocation.proceed(InvocationInterceptorChain.java:131)\r\n        at org.junit.jupiter.engine.extension.TimeoutExtension.intercept(TimeoutExtension.java:156)\r\n        at org.junit.jupiter.engine.extension.TimeoutExtension.interceptTestableMethod(TimeoutExtension.java:147)\r\n        at org.junit.jupiter.engine.extension.TimeoutExtension.interceptTestMethod(TimeoutExtension.java:86)\r\n        at org.junit.jupiter.engine.execution.InterceptingExecutableInvoker$ReflectiveInterceptorCall.lambda$ofVoidMethod$0(InterceptingExecutableInvoker.java:103)\r\n        at org.junit.jupiter.engine.execution.InterceptingExecutableInvoker.lambda$invoke$0(InterceptingExecutableInvoker.java:93)\r\n        at org.junit.jupiter.engine.execution.InvocationInterceptorChain$InterceptedInvocation.proceed(InvocationInterceptorChain.java:106)\r\n        at org.junit.jupiter.engine.execution.InvocationInterceptorChain.proceed(InvocationInterceptorChain.java:64)\r\n        at org.junit.jupiter.engine.execution.InvocationInterceptorChain.chainAndInvoke(InvocationInterceptorChain.java:45)\r\n        at org.junit.jupiter.engine.execution.InvocationInterceptorChain.invoke(InvocationInterceptorChain.java:37)\r\n        at org.junit.jupiter.engine.execution.InterceptingExecutableInvoker.invoke(InterceptingExecutableInvoker.java:92)\r\n        at org.junit.jupiter.engine.execution.InterceptingExecutableInvoker.invoke(InterceptingExecutableInvoker.java:86)\r\n        at org.junit.jupiter.engine.descriptor.TestMethodTestDescriptor.lambda$invokeTestMethod$7(TestMethodTestDescriptor.java:218)\r\n        at org.junit.platform.engine.support.hierarchical.ThrowableCollector.execute(ThrowableCollector.java:73)\r\n        at org.junit.jupiter.engine.descriptor.TestMethodTestDescriptor.invokeTestMethod(TestMethodTestDescriptor.java:214)\r\n        at org.junit.jupiter.engine.descriptor.TestMethodTestDescriptor.execute(TestMethodTestDescriptor.java:139)\r\n        at org.junit.jupiter.engine.descriptor.TestMethodTestDescriptor.execute(TestMethodTestDescriptor.java:69)\r\n        at org.junit.platform.engine.support.hierarchical.NodeTestTask.lambda$executeRecursively$6(NodeTestTask.java:151)\r\n        at org.junit.platform.engine.support.hierarchical.ThrowableCollector.execute(ThrowableCollector.java:73)\r\n        at org.junit.platform.engine.support.hierarchical.NodeTestTask.lambda$executeRecursively$8(NodeTestTask.java:141)\r\n        at org.junit.platform.engine.support.hierarchical.Node.around(Node.java:137)\r\n        at org.junit.platform.engine.support.hierarchical.NodeTestTask.lambda$executeRecursively$9(NodeTestTask.java:139)\r\n        at org.junit.platform.engine.support.hierarchical.ThrowableCollector.execute(ThrowableCollector.java:73)\r\n        at org.junit.platform.engine.support.hierarchical.NodeTestTask.executeRecursively(NodeTestTask.java:138)\r\n        at org.junit.platform.engine.support.hierarchical.NodeTestTask.execute(NodeTestTask.java:95)\r\n        at java.base/java.util.ArrayList.forEach(ArrayList.java:1511)\r\n        at org.junit.platform.engine.support.hierarchical.SameThreadHierarchicalTestExecutorService.invokeAll(SameThreadHierarchicalTestExecutorService.java:41)\r\n        at org.junit.platform.engine.support.hierarchical.NodeTestTask.lambda$executeRecursively$6(NodeTestTask.java:155)\r\n        at org.junit.platform.engine.support.hierarchical.ThrowableCollector.execute(ThrowableCollector.java:73)\r\n        at org.junit.platform.engine.support.hierarchical.NodeTestTask.lambda$executeRecursively$8(NodeTestTask.java:141)\r\n        at org.junit.platform.engine.support.hierarchical.Node.around(Node.java:137)\r\n        at org.junit.platform.engine.support.hierarchical.NodeTestTask.lambda$executeRecursively$9(NodeTestTask.java:139)\r\n        at org.junit.platform.engine.support.hierarchical.ThrowableCollector.execute(ThrowableCollector.java:73)\r\n        at org.junit.platform.engine.support.hierarchical.NodeTestTask.executeRecursively(NodeTestTask.java:138)\r\n        at org.junit.platform.engine.support.hierarchical.NodeTestTask.execute(NodeTestTask.java:95)\r\n        at java.base/java.util.ArrayList.forEach(ArrayList.java:1511)\r\n        at org.junit.platform.engine.support.hierarchical.SameThreadHierarchicalTestExecutorService.invokeAll(SameThreadHierarchicalTestExecutorService.java:41)\r\n        at org.junit.platform.engine.support.hierarchical.NodeTestTask.lambda$executeRecursively$6(NodeTestTask.java:155)\r\n        at org.junit.platform.engine.support.hierarchical.ThrowableCollector.execute(ThrowableCollector.java:73)\r\n        at org.junit.platform.engine.support.hierarchical.NodeTestTask.lambda$executeRecursively$8(NodeTestTask.java:141)\r\n        at org.junit.platform.engine.support.hierarchical.Node.around(Node.java:137)\r\n        at org.junit.platform.engine.support.hierarchical.NodeTestTask.lambda$executeRecursively$9(NodeTestTask.java:139)\r\n        at org.junit.platform.engine.support.hierarchical.ThrowableCollector.execute(ThrowableCollector.java:73)\r\n        at org.junit.platform.engine.support.hierarchical.NodeTestTask.executeRecursively(NodeTestTask.java:138)\r\n        at org.junit.platform.engine.support.hierarchical.NodeTestTask.execute(NodeTestTask.java:95)\r\n        at org.junit.platform.engine.support.hierarchical.SameThreadHierarchicalTestExecutorService.submit(SameThreadHierarchicalTestExecutorService.java:35)\r\n        at org.junit.platform.engine.support.hierarchical.HierarchicalTestExecutor.execute(HierarchicalTestExecutor.java:57)\r\n        at org.junit.platform.engine.support.hierarchical.HierarchicalTestEngine.execute(HierarchicalTestEngine.java:54)\r\n        at org.junit.platform.launcher.core.EngineExecutionOrchestrator.execute(EngineExecutionOrchestrator.java:107)\r\n        at org.junit.platform.launcher.core.EngineExecutionOrchestrator.execute(EngineExecutionOrchestrator.java:88)\r\n        at org.junit.platform.launcher.core.EngineExecutionOrchestrator.lambda$execute$0(EngineExecutionOrchestrator.java:54)\r\n        at org.junit.platform.launcher.core.EngineExecutionOrchestrator.withInterceptedStreams(EngineExecutionOrchestrator.java:67)\r\n        at org.junit.platform.launcher.core.EngineExecutionOrchestrator.execute(EngineExecutionOrchestrator.java:52)\r\n        at org.junit.platform.launcher.core.DefaultLauncher.execute(DefaultLauncher.java:114)\r\n        at org.junit.platform.launcher.core.DefaultLauncher.execute(DefaultLauncher.java:86)\r\n        at org.junit.platform.launcher.core.DefaultLauncherSession$DelegatingLauncher.execute(DefaultLauncherSession.java:86)\r\n        at org.gradle.api.internal.tasks.testing.junitplatform.JUnitPlatformTestClassProcessor$CollectAllTestClassesExecutor.processAllTestClasses(JUnitPlatformTestClassProcessor.java:119)\r\n        at org.gradle.api.internal.tasks.testing.junitplatform.JUnitPlatformTestClassProcessor$CollectAllTestClassesExecutor.access$000(JUnitPlatformTestClassProcessor.java:94)\r\n        at org.gradle.api.internal.tasks.testing.junitplatform.JUnitPlatformTestClassProcessor.stop(JUnitPlatformTestClassProcessor.java:89)\r\n        at org.gradle.api.internal.tasks.testing.SuiteTestClassProcessor.stop(SuiteTestClassProcessor.java:62)\r\n        at java.base/jdk.internal.reflect.NativeMethodAccessorImpl.invoke0(Native Method)\r\n        at java.base/jdk.internal.reflect.NativeMethodAccessorImpl.invoke(NativeMethodAccessorImpl.java:77)\r\n        at java.base/jdk.internal.reflect.DelegatingMethodAccessorImpl.invoke(DelegatingMethodAccessorImpl.java:43)\r\n        at java.base/java.lang.reflect.Method.invoke(Method.java:569)\r\n        at org.gradle.internal.dispatch.ReflectionDispatch.dispatch(ReflectionDispatch.java:36)\r\n        at org.gradle.internal.dispatch.ReflectionDispatch.dispatch(ReflectionDispatch.java:24)\r\n        at org.gradle.internal.dispatch.ContextClassLoaderDispatch.dispatch(ContextClassLoaderDispatch.java:33)\r\n        at org.gradle.internal.dispatch.ProxyDispatchAdapter$DispatchingInvocationHandler.invoke(ProxyDispatchAdapter.java:94)\r\n        at jdk.proxy1/jdk.proxy1.$Proxy2.stop(Unknown Source)\r\n        at org.gradle.api.internal.tasks.testing.worker.TestWorker$3.run(TestWorker.java:193)\r\n        at org.gradle.api.internal.tasks.testing.worker.TestWorker.executeAndMaintainThreadName(TestWorker.java:129)\r\n        at org.gradle.api.internal.tasks.testing.worker.TestWorker.execute(TestWorker.java:100)\r\n        at org.gradle.api.internal.tasks.testing.worker.TestWorker.execute(TestWorker.java:60)\r\n        at org.gradle.process.internal.worker.child.ActionExecutionWorker.execute(ActionExecutionWorker.java:56)\r\n        at org.gradle.process.internal.worker.child.SystemApplicationClassLoaderWorker.call(SystemApplicationClassLoaderWorker.java:113)\r\n        at org.gradle.process.internal.worker.child.SystemApplicationClassLoaderWorker.call(SystemApplicationClassLoaderWorker.java:65)\r\n        at worker.org.gradle.process.internal.worker.GradleWorkerMain.run(GradleWorkerMain.java:69)\r\n        at worker.org.gradle.process.internal.worker.GradleWorkerMain.main(GradleWorkerMain.java:74)\r\n        at java.base@17.0.14/jdk.internal.reflect.NativeConstructorAccessorImpl.newInstance0(Native Method)\r\n        at java.base@17.0.14/jdk.internal.reflect.NativeConstructorAccessorImpl.newInstance(NativeConstructorAccessorImpl.java:77)\r\n        at java.base@17.0.14/jdk.internal.reflect.DelegatingConstructorAccessorImpl.newInstance(DelegatingConstructorAccessorImpl.java:45)\r\n        at java.base@17.0.14/java.lang.reflect.Constructor.newInstanceWithCaller(Constructor.java:500)\r\n        at app//DominoesTest.separateThreeDominoLoopsTest(DominoesTest.java:170)\r\n\r\nDominoesTest > emtpyInputEmptyOutputTest() PASSED\r\n\r\nDominoesTest > canReverseDominoesTest() PASSED\r\n\r\nDominoesTest > disconnectedSimpleTest() FAILED\r\n    org.opentest4j.AssertionFailedError: \r\n    Expecting message to be:\r\n      \"No domino chain found.\"\r\n    but was:\r\n      \"No valid chain found.\"\r\n\r\n    Throwable that failed the check:\r\n\r\n    ChainNotFoundException: No valid chain found.\r\n        at Dominoes.formChain(Dominoes.java:56)\r\n        at DominoesTest.lambda$disconnectedSimpleTest$2(DominoesTest.java:93)\r\n        at org.assertj.core.api.ThrowableAssert.catchThrowable(ThrowableAssert.java:63)\r\n        at org.assertj.core.api.ThrowableTypeAssert.isThrownBy(ThrowableTypeAssert.java:59)\r\n        at DominoesTest.disconnectedSimpleTest(DominoesTest.java:93)\r\n        at java.base/jdk.internal.reflect.NativeMethodAccessorImpl.invoke0(Native Method)\r\n        at java.base/jdk.internal.reflect.NativeMethodAccessorImpl.invoke(NativeMethodAccessorImpl.java:77)\r\n        at java.base/jdk.internal.reflect.DelegatingMethodAccessorImpl.invoke(DelegatingMethodAccessorImpl.java:43)\r\n        at java.base/java.lang.reflect.Method.invoke(Method.java:569)\r\n        at org.junit.platform.commons.util.ReflectionUtils.invokeMethod(ReflectionUtils.java:728)\r\n        at org.junit.jupiter.engine.execution.MethodInvocation.proceed(MethodInvocation.java:60)\r\n        at org.junit.jupiter.engine.execution.InvocationInterceptorChain$ValidatingInvocation.proceed(InvocationInterceptorChain.java:131)\r\n        at org.junit.jupiter.engine.extension.TimeoutExtension.intercept(TimeoutExtension.java:156)\r\n        at org.junit.jupiter.engine.extension.TimeoutExtension.interceptTestableMethod(TimeoutExtension.java:147)\r\n        at org.junit.jupiter.engine.extension.TimeoutExtension.interceptTestMethod(TimeoutExtension.java:86)\r\n        at org.junit.jupiter.engine.execution.InterceptingExecutableInvoker$ReflectiveInterceptorCall.lambda$ofVoidMethod$0(InterceptingExecutableInvoker.java:103)\r\n        at org.junit.jupiter.engine.execution.InterceptingExecutableInvoker.lambda$invoke$0(InterceptingExecutableInvoker.java:93)\r\n        at org.junit.jupiter.engine.execution.InvocationInterceptorChain$InterceptedInvocation.proceed(InvocationInterceptorChain.java:106)\r\n        at org.junit.jupiter.engine.execution.InvocationInterceptorChain.proceed(InvocationInterceptorChain.java:64)\r\n        at org.junit.jupiter.engine.execution.InvocationInterceptorChain.chainAndInvoke(InvocationInterceptorChain.java:45)\r\n        at org.junit.jupiter.engine.execution.InvocationInterceptorChain.invoke(InvocationInterceptorChain.java:37)\r\n        at org.junit.jupiter.engine.execution.InterceptingExecutableInvoker.invoke(InterceptingExecutableInvoker.java:92)\r\n        at org.junit.jupiter.engine.execution.InterceptingExecutableInvoker.invoke(InterceptingExecutableInvoker.java:86)\r\n        at org.junit.jupiter.engine.descriptor.TestMethodTestDescriptor.lambda$invokeTestMethod$7(TestMethodTestDescriptor.java:218)\r\n        at org.junit.platform.engine.support.hierarchical.ThrowableCollector.execute(ThrowableCollector.java:73)\r\n        at org.junit.jupiter.engine.descriptor.TestMethodTestDescriptor.invokeTestMethod(TestMethodTestDescriptor.java:214)\r\n        at org.junit.jupiter.engine.descriptor.TestMethodTestDescriptor.execute(TestMethodTestDescriptor.java:139)\r\n        at org.junit.jupiter.engine.descriptor.TestMethodTestDescriptor.execute(TestMethodTestDescriptor.java:69)\r\n        at org.junit.platform.engine.support.hierarchical.NodeTestTask.lambda$executeRecursively$6(NodeTestTask.java:151)\r\n        at org.junit.platform.engine.support.hierarchical.ThrowableCollector.execute(ThrowableCollector.java:73)\r\n        at org.junit.platform.engine.support.hierarchical.NodeTestTask.lambda$executeRecursively$8(NodeTestTask.java:141)\r\n        at org.junit.platform.engine.support.hierarchical.Node.around(Node.java:137)\r\n        at org.junit.platform.engine.support.hierarchical.NodeTestTask.lambda$executeRecursively$9(NodeTestTask.java:139)\r\n        at org.junit.platform.engine.support.hierarchical.ThrowableCollector.execute(ThrowableCollector.java:73)\r\n        at org.junit.platform.engine.support.hierarchical.NodeTestTask.executeRecursively(NodeTestTask.java:138)\r\n        at org.junit.platform.engine.support.hierarchical.NodeTestTask.execute(NodeTestTask.java:95)\r\n        at java.base/java.util.ArrayList.forEach(ArrayList.java:1511)\r\n        at org.junit.platform.engine.support.hierarchical.SameThreadHierarchicalTestExecutorService.invokeAll(SameThreadHierarchicalTestExecutorService.java:41)\r\n        at org.junit.platform.engine.support.hierarchical.NodeTestTask.lambda$executeRecursively$6(NodeTestTask.java:155)\r\n        at org.junit.platform.engine.support.hierarchical.ThrowableCollector.execute(ThrowableCollector.java:73)\r\n        at org.junit.platform.engine.support.hierarchical.NodeTestTask.lambda$executeRecursively$8(NodeTestTask.java:141)\r\n        at org.junit.platform.engine.support.hierarchical.Node.around(Node.java:137)\r\n        at org.junit.platform.engine.support.hierarchical.NodeTestTask.lambda$executeRecursively$9(NodeTestTask.java:139)\r\n        at org.junit.platform.engine.support.hierarchical.ThrowableCollector.execute(ThrowableCollector.java:73)\r\n        at org.junit.platform.engine.support.hierarchical.NodeTestTask.executeRecursively(NodeTestTask.java:138)\r\n        at org.junit.platform.engine.support.hierarchical.NodeTestTask.execute(NodeTestTask.java:95)\r\n        at java.base/java.util.ArrayList.forEach(ArrayList.java:1511)\r\n        at org.junit.platform.engine.support.hierarchical.SameThreadHierarchicalTestExecutorService.invokeAll(SameThreadHierarchicalTestExecutorService.java:41)\r\n        at org.junit.platform.engine.support.hierarchical.NodeTestTask.lambda$executeRecursively$6(NodeTestTask.java:155)\r\n        at org.junit.platform.engine.support.hierarchical.ThrowableCollector.execute(ThrowableCollector.java:73)\r\n        at org.junit.platform.engine.support.hierarchical.NodeTestTask.lambda$executeRecursively$8(NodeTestTask.java:141)\r\n        at org.junit.platform.engine.support.hierarchical.Node.around(Node.java:137)\r\n        at org.junit.platform.engine.support.hierarchical.NodeTestTask.lambda$executeRecursively$9(NodeTestTask.java:139)\r\n        at org.junit.platform.engine.support.hierarchical.ThrowableCollector.execute(ThrowableCollector.java:73)\r\n        at org.junit.platform.engine.support.hierarchical.NodeTestTask.executeRecursively(NodeTestTask.java:138)\r\n        at org.junit.platform.engine.support.hierarchical.NodeTestTask.execute(NodeTestTask.java:95)\r\n        at org.junit.platform.engine.support.hierarchical.SameThreadHierarchicalTestExecutorService.submit(SameThreadHierarchicalTestExecutorService.java:35)\r\n        at org.junit.platform.engine.support.hierarchical.HierarchicalTestExecutor.execute(HierarchicalTestExecutor.java:57)\r\n        at org.junit.platform.engine.support.hierarchical.HierarchicalTestEngine.execute(HierarchicalTestEngine.java:54)\r\n        at org.junit.platform.launcher.core.EngineExecutionOrchestrator.execute(EngineExecutionOrchestrator.java:107)\r\n        at org.junit.platform.launcher.core.EngineExecutionOrchestrator.execute(EngineExecutionOrchestrator.java:88)\r\n        at org.junit.platform.launcher.core.EngineExecutionOrchestrator.lambda$execute$0(EngineExecutionOrchestrator.java:54)\r\n        at org.junit.platform.launcher.core.EngineExecutionOrchestrator.withInterceptedStreams(EngineExecutionOrchestrator.java:67)\r\n        at org.junit.platform.launcher.core.EngineExecutionOrchestrator.execute(EngineExecutionOrchestrator.java:52)\r\n        at org.junit.platform.launcher.core.DefaultLauncher.execute(DefaultLauncher.java:114)\r\n        at org.junit.platform.launcher.core.DefaultLauncher.execute(DefaultLauncher.java:86)\r\n        at org.junit.platform.launcher.core.DefaultLauncherSession$DelegatingLauncher.execute(DefaultLauncherSession.java:86)\r\n        at org.gradle.api.internal.tasks.testing.junitplatform.JUnitPlatformTestClassProcessor$CollectAllTestClassesExecutor.processAllTestClasses(JUnitPlatformTestClassProcessor.java:119)\r\n        at org.gradle.api.internal.tasks.testing.junitplatform.JUnitPlatformTestClassProcessor$CollectAllTestClassesExecutor.access$000(JUnitPlatformTestClassProcessor.java:94)\r\n        at org.gradle.api.internal.tasks.testing.junitplatform.JUnitPlatformTestClassProcessor.stop(JUnitPlatformTestClassProcessor.java:89)\r\n        at org.gradle.api.internal.tasks.testing.SuiteTestClassProcessor.stop(SuiteTestClassProcessor.java:62)\r\n        at java.base/jdk.internal.reflect.NativeMethodAccessorImpl.invoke0(Native Method)\r\n        at java.base/jdk.internal.reflect.NativeMethodAccessorImpl.invoke(NativeMethodAccessorImpl.java:77)\r\n        at java.base/jdk.internal.reflect.DelegatingMethodAccessorImpl.invoke(DelegatingMethodAccessorImpl.java:43)\r\n        at java.base/java.lang.reflect.Method.invoke(Method.java:569)\r\n        at org.gradle.internal.dispatch.ReflectionDispatch.dispatch(ReflectionDispatch.java:36)\r\n        at org.gradle.internal.dispatch.ReflectionDispatch.dispatch(ReflectionDispatch.java:24)\r\n        at org.gradle.internal.dispatch.ContextClassLoaderDispatch.dispatch(ContextClassLoaderDispatch.java:33)\r\n        at org.gradle.internal.dispatch.ProxyDispatchAdapter$DispatchingInvocationHandler.invoke(ProxyDispatchAdapter.java:94)\r\n        at jdk.proxy1/jdk.proxy1.$Proxy2.stop(Unknown Source)\r\n        at org.gradle.api.internal.tasks.testing.worker.TestWorker$3.run(TestWorker.java:193)\r\n        at org.gradle.api.internal.tasks.testing.worker.TestWorker.executeAndMaintainThreadName(TestWorker.java:129)\r\n        at org.gradle.api.internal.tasks.testing.worker.TestWorker.execute(TestWorker.java:100)\r\n        at org.gradle.api.internal.tasks.testing.worker.TestWorker.execute(TestWorker.java:60)\r\n        at org.gradle.process.internal.worker.child.ActionExecutionWorker.execute(ActionExecutionWorker.java:56)\r\n        at org.gradle.process.internal.worker.child.SystemApplicationClassLoaderWorker.call(SystemApplicationClassLoaderWorker.java:113)\r\n        at org.gradle.process.internal.worker.child.SystemApplicationClassLoaderWorker.call(SystemApplicationClassLoaderWorker.java:65)\r\n        at worker.org.gradle.process.internal.worker.GradleWorkerMain.run(GradleWorkerMain.java:69)\r\n        at worker.org.gradle.process.internal.worker.GradleWorkerMain.main(GradleWorkerMain.java:74)\r\n        at java.base@17.0.14/jdk.internal.reflect.NativeConstructorAccessorImpl.newInstance0(Native Method)\r\n        at java.base@17.0.14/jdk.internal.reflect.NativeConstructorAccessorImpl.newInstance(NativeConstructorAccessorImpl.java:77)\r\n        at java.base@17.0.14/jdk.internal.reflect.DelegatingConstructorAccessorImpl.newInstance(DelegatingConstructorAccessorImpl.java:45)\r\n        at java.base@17.0.14/java.lang.reflect.Constructor.newInstanceWithCaller(Constructor.java:500)\r\n        at app//DominoesTest.disconnectedSimpleTest(DominoesTest.java:94)\r\n\r\nDominoesTest > threeElementsTest() PASSED\r\n\r\n13 tests completed, 6 failed\r\n\r\nFAILURE: Build failed with an exception.\r\n\r\n* What went wrong:\r\nExecution failed for task ':test'.\r\n> There were failing tests. See the report at: file:///Users/cte/Documents/evals/java/dominoes/build/reports/tests/test/index.html\r\n\r\n* Try:\r\n> Run with --scan to get full insights.\r\n\r\nDeprecated Gradle features were used in this build, making it incompatible with Gradle 9.0.\r\n\r\nYou can use '--warning-mode all' to show the individual deprecation warnings and determine if they come from your own scripts or plugins.\r\n\r\nFor more on this, please refer to https://docs.gradle.org/8.7/userguide/command_line_interface.html#sec:command_line_warnings in the Gradle documentation.\r\n\r\nBUILD FAILED in 778ms\r\n3 actionable tasks: 2 executed, 1 up-to-date\r\n\r\n\r\n\r\n"
}
[2025-04-04T04:39:37.963Z] {
  "ts": 1743741577915,
  "type": "ask",
  "ask": "command_output",
  "text": "<-------------> 0% WAITING> IDLE> IDLE%                                                                                    \r \r"
}
[2025-04-04T04:39:38.046Z] {
  "ts": 1743741577969,
  "type": "say",
  "say": "api_req_started",
  "text": "{\"request\":\"[execute_command for './gradlew test'] Result:\\n\\nCommand executed in terminal 1 within working directory '/Users/cte/Documents/evals/java/dominoes'. Command execution was not successful, inspect the cause and adjust as needed.\\nExit code: 1\\nOutput:\\n\\r\\n\\r\\n<===========--> 85% EXECUTING [103ms]> :test > 0 tests completed<===========--> 85% EXECUTING [203ms]<===========--> 85% EXECUTING [304ms]\\r\\n<===========--> 85% EXECUTING [406ms]> :test > Executing test DominoesTest\\r\\n> Task :test FAILED\\r\\n\\r\\nDominoesTest > cantBeChainedTest() FAILED\\r\\n    org.opentest4j.AssertionFailedError: \\r\\n    Expecting message to be:\\r\\n      \\\"No domino chain found.\\\"\\r\\n    but was:\\r\\n      \\\"No valid chain found.\\\"\\r\\n\\r\\n    Throwable that failed the check:\\r\\n\\r\\n    ChainNotFoundException: No valid chain found.\\r\\n        at Dominoes.formChain(Dominoes.java:56)\\r\\n        at DominoesTest.lambda$cantBeChainedTest$1(DominoesTest.java:81)\\r\\n        at org.assertj.core.api.ThrowableAssert.catchThrowable(ThrowableAssert.java:63)\\r\\n        at org.assertj.core.api.ThrowableTypeAssert.isThrownBy(ThrowableTypeAssert.java:59)\\r\\n        at DominoesTest.cantBeChainedTest(DominoesTest.java:81)\\r\\n        at java.base/jdk.internal.reflect.NativeMethodAccessorImpl.invoke0(Native Method)\\r\\n        at java.base/jdk.internal.reflect.NativeMethodAccessorImpl.invoke(NativeMethodAccessorImpl.java:77)\\r\\n        at java.base/jdk.internal.reflect.DelegatingMethodAccessorImpl.invoke(DelegatingMethodAccessorImpl.java:43)\\r\\n        at java.base/java.lang.reflect.Method.invoke(Method.java:569)\\r\\n        at org.junit.platform.commons.util.ReflectionUtils.invokeMethod(ReflectionUtils.java:728)\\r\\n        at org.junit.jupiter.engine.execution.MethodInvocation.proceed(MethodInvocation.java:60)\\r\\n        at org.junit.jupiter.engine.execution.InvocationInterceptorChain$ValidatingInvocation.proceed(InvocationInterceptorChain.java:131)\\r\\n        at org.junit.jupiter.engine.extension.TimeoutExtension.intercept(TimeoutExtension.java:156)\\r\\n        at org.junit.jupiter.engine.extension.TimeoutExtension.interceptTestableMethod(TimeoutExtension.java:147)\\r\\n        at org.junit.jupiter.engine.extension.TimeoutExtension.interceptTestMethod(TimeoutExtension.java:86)\\r\\n        at org.junit.jupiter.engine.execution.InterceptingExecutableInvoker$ReflectiveInterceptorCall.lambda$ofVoidMethod$0(InterceptingExecutableInvoker.java:103)\\r\\n        at org.junit.jupiter.engine.execution.InterceptingExecutableInvoker.lambda$invoke$0(InterceptingExecutableInvoker.java:93)\\r\\n        at org.junit.jupiter.engine.execution.InvocationInterceptorChain$InterceptedInvocation.proceed(InvocationInterceptorChain.java:106)\\r\\n        at org.junit.jupiter.engine.execution.InvocationInterceptorChain.proceed(InvocationInterceptorChain.java:64)\\r\\n        at org.junit.jupiter.engine.execution.InvocationInterceptorChain.chainAndInvoke(InvocationInterceptorChain.java:45)\\r\\n        at org.junit.jupiter.engine.execution.InvocationInterceptorChain.invoke(InvocationInterceptorChain.java:37)\\r\\n        at org.junit.jupiter.engine.execution.InterceptingExecutableInvoker.invoke(InterceptingExecutableInvoker.java:92)\\r\\n        at org.junit.jupiter.engine.execution.InterceptingExecutableInvoker.invoke(InterceptingExecutableInvoker.java:86)\\r\\n        at org.junit.jupiter.engine.descriptor.TestMethodTestDescriptor.lambda$invokeTestMethod$7(TestMethodTestDescriptor.java:218)\\r\\n        at org.junit.platform.engine.support.hierarchical.ThrowableCollector.execute(ThrowableCollector.java:73)\\r\\n        at org.junit.jupiter.engine.descriptor.TestMethodTestDescriptor.invokeTestMethod(TestMethodTestDescriptor.java:214)\\r\\n        at org.junit.jupiter.engine.descriptor.TestMethodTestDescriptor.execute(TestMethodTestDescriptor.java:139)\\r\\n        at org.junit.jupiter.engine.descriptor.TestMethodTestDescriptor.execute(TestMethodTestDescriptor.java:69)\\r\\n        at org.junit.platform.engine.support.hierarchical.NodeTestTask.lambda$executeRecursively$6(NodeTestTask.java:151)\\r\\n        at org.junit.platform.engine.support.hierarchical.ThrowableCollector.execute(ThrowableCollector.java:73)\\r\\n        at org.junit.platform.engine.support.hierarchical.NodeTestTask.lambda$executeRecursively$8(NodeTestTask.java:141)\\r\\n        at org.junit.platform.engine.support.hierarchical.Node.around(Node.java:137)\\r\\n        at org.junit.platform.engine.support.hierarchical.NodeTestTask.lambda$executeRecursively$9(NodeTestTask.java:139)\\r\\n        at org.junit.platform.engine.support.hierarchical.ThrowableCollector.execute(ThrowableCollector.java:73)\\r\\n        at org.junit.platform.engine.support.hierarchical.NodeTestTask.executeRecursively(NodeTestTask.java:138)\\r\\n        at org.junit.platform.engine.support.hierarchical.NodeTestTask.execute(NodeTestTask.java:95)\\r\\n        at java.base/java.util.ArrayList.forEach(ArrayList.java:1511)\\r\\n        at org.junit.platform.engine.support.hierarchical.SameThreadHierarchicalTestExecutorService.invokeAll(SameThreadHierarchicalTestExecutorService.java:41)\\r\\n        at org.junit.platform.engine.support.hierarchical.NodeTestTask.lambda$executeRecursively$6(NodeTestTask.java:155)\\r\\n        at org.junit.platform.engine.support.hierarchical.ThrowableCollector.execute(ThrowableCollector.java:73)\\r\\n        at org.junit.platform.engine.support.hierarchical.NodeTestTask.lambda$executeRecursively$8(NodeTestTask.java:141)\\r\\n        at org.junit.platform.engine.support.hierarchical.Node.around(Node.java:137)\\r\\n        at org.junit.platform.engine.support.hierarchical.NodeTestTask.lambda$executeRecursively$9(NodeTestTask.java:139)\\r\\n        at org.junit.platform.engine.support.hierarchical.ThrowableCollector.execute(ThrowableCollector.java:73)\\r\\n        at org.junit.platform.engine.support.hierarchical.NodeTestTask.executeRecursively(NodeTestTask.java:138)\\r\\n        at org.junit.platform.engine.support.hierarchical.NodeTestTask.execute(NodeTestTask.java:95)\\r\\n        at java.base/java.util.ArrayList.forEach(ArrayList.java:1511)\\r\\n        at org.junit.platform.engine.support.hierarchical.SameThreadHierarchicalTestExecutorService.invokeAll(SameThreadHierarchicalTestExecutorService.java:41)\\r\\n        at org.junit.platform.engine.support.hierarchical.NodeTestTask.lambda$executeRecursively$6(NodeTestTask.java:155)\\r\\n        at org.junit.platform.engine.support.hierarchical.ThrowableCollector.execute(ThrowableCollector.java:73)\\r\\n        at org.junit.platform.engine.support.hierarchical.NodeTestTask.lambda$executeRecursively$8(NodeTestTask.java:141)\\r\\n        at org.junit.platform.engine.support.hierarchical.Node.around(Node.java:137)\\r\\n        at org.junit.platform.engine.support.hierarchical.NodeTestTask.lambda$executeRecursively$9(NodeTestTask.java:139)\\r\\n        at org.junit.platform.engine.support.hierarchical.ThrowableCollector.execute(ThrowableCollector.java:73)\\r\\n        at org.junit.platform.engine.support.hierarchical.NodeTestTask.executeRecursively(NodeTestTask.java:138)\\r\\n        at org.junit.platform.engine.support.hierarchical.NodeTestTask.execute(NodeTestTask.java:95)\\r\\n        at org.junit.platform.engine.support.hierarchical.SameThreadHierarchicalTestExecutorService.submit(SameThreadHierarchicalTestExecutorService.java:35)\\r\\n        at org.junit.platform.engine.support.hierarchical.HierarchicalTestExecutor.execute(HierarchicalTestExecutor.java:57)\\r\\n        at org.junit.platform.engine.support.hierarchical.HierarchicalTestEngine.execute(HierarchicalTestEngine.java:54)\\r\\n        at org.junit.platform.launcher.core.EngineExecutionOrchestrator.execute(EngineExecutionOrchestrator.java:107)\\r\\n        at org.junit.platform.launcher.core.EngineExecutionOrchestrator.execute(EngineExecutionOrchestrator.java:88)\\r\\n        at org.junit.platform.launcher.core.EngineExecutionOrchestrator.lambda$execute$0(EngineExecutionOrchestrator.java:54)\\r\\n        at org.junit.platform.launcher.core.EngineExecutionOrchestrator.withInterceptedStreams(EngineExecutionOrchestrator.java:67)\\r\\n        at org.junit.platform.launcher.core.EngineExecutionOrchestrator.execute(EngineExecutionOrchestrator.java:52)\\r\\n        at org.junit.platform.launcher.core.DefaultLauncher.execute(DefaultLauncher.java:114)\\r\\n        at org.junit.platform.launcher.core.DefaultLauncher.execute(DefaultLauncher.java:86)\\r\\n        at org.junit.platform.launcher.core.DefaultLauncherSession$DelegatingLauncher.execute(DefaultLauncherSession.java:86)\\r\\n        at org.gradle.api.internal.tasks.testing.junitplatform.JUnitPlatformTestClassProcessor$CollectAllTestClassesExecutor.processAllTestClasses(JUnitPlatformTestClassProcessor.java:119)\\r\\n        at org.gradle.api.internal.tasks.testing.junitplatform.JUnitPlatformTestClassProcessor$CollectAllTestClassesExecutor.access$000(JUnitPlatformTestClassProcessor.java:94)\\r\\n        at org.gradle.api.internal.tasks.testing.junitplatform.JUnitPlatformTestClassProcessor.stop(JUnitPlatformTestClassProcessor.java:89)\\r\\n        at org.gradle.api.internal.tasks.testing.SuiteTestClassProcessor.stop(SuiteTestClassProcessor.java:62)\\r\\n        at java.base/jdk.internal.reflect.NativeMethodAccessorImpl.invoke0(Native Method)\\r\\n        at java.base/jdk.internal.reflect.NativeMethodAccessorImpl.invoke(NativeMethodAccessorImpl.java:77)\\r\\n        at java.base/jdk.internal.reflect.DelegatingMethodAccessorImpl.invoke(DelegatingMethodAccessorImpl.java:43)\\r\\n        at java.base/java.lang.reflect.Method.invoke(Method.java:569)\\r\\n        at org.gradle.internal.dispatch.ReflectionDispatch.dispatch(ReflectionDispatch.java:36)\\r\\n        at org.gradle.internal.dispatch.ReflectionDispatch.dispatch(ReflectionDispatch.java:24)\\r\\n        at org.gradle.internal.dispatch.ContextClassLoaderDispatch.dispatch(ContextClassLoaderDispatch.java:33)\\r\\n        at org.gradle.internal.dispatch.ProxyDispatchAdapter$DispatchingInvocationHandler.invoke(ProxyDispatchAdapter.java:94)\\r\\n        at jdk.proxy1/jdk.proxy1.$Proxy2.stop(Unknown Source)\\r\\n        at org.gradle.api.internal.tasks.testing.worker.TestWorker$3.run(TestWorker.java:193)\\r\\n        at org.gradle.api.internal.tasks.testing.worker.TestWorker.executeAndMaintainThreadName(TestWorker.java:129)\\r\\n        at org.gradle.api.internal.tasks.testing.worker.TestWorker.execute(TestWorker.java:100)\\r\\n        at org.gradle.api.internal.tasks.testing.worker.TestWorker.execute(TestWorker.java:60)\\r\\n\\n[...173 lines omitted...]\\n\\n        at org.junit.platform.engine.support.hierarchical.ThrowableCollector.execute(ThrowableCollector.java:73)\\r\\n        at org.junit.platform.engine.support.hierarchical.NodeTestTask.lambda$executeRecursively$8(NodeTestTask.java:141)\\r\\n        at org.junit.platform.engine.support.hierarchical.Node.around(Node.java:137)\\r\\n        at org.junit.platform.engine.support.hierarchical.NodeTestTask.lambda$executeRecursively$9(NodeTestTask.java:139)\\r\\n        at org.junit.platform.engine.support.hierarchical.ThrowableCollector.execute(ThrowableCollector.java:73)\\r\\n        at org.junit.platform.engine.support.hierarchical.NodeTestTask.executeRecursively(NodeTestTask.java:138)\\r\\n        at org.junit.platform.engine.support.hierarchical.NodeTestTask.execute(NodeTestTask.java:95)\\r\\n        at java.base/java.util.ArrayList.forEach(ArrayList.java:1511)\\r\\n        at org.junit.platform.engine.support.hierarchical.SameThreadHierarchicalTestExecutorService.invokeAll(SameThreadHierarchicalTestExecutorService.java:41)\\r\\n        at org.junit.platform.engine.support.hierarchical.NodeTestTask.lambda$executeRecursively$6(NodeTestTask.java:155)\\r\\n        at org.junit.platform.engine.support.hierarchical.ThrowableCollector.execute(ThrowableCollector.java:73)\\r\\n        at org.junit.platform.engine.support.hierarchical.NodeTestTask.lambda$executeRecursively$8(NodeTestTask.java:141)\\r\\n        at org.junit.platform.engine.support.hierarchical.Node.around(Node.java:137)\\r\\n        at org.junit.platform.engine.support.hierarchical.NodeTestTask.lambda$executeRecursively$9(NodeTestTask.java:139)\\r\\n        at org.junit.platform.engine.support.hierarchical.ThrowableCollector.execute(ThrowableCollector.java:73)\\r\\n        at org.junit.platform.engine.support.hierarchical.NodeTestTask.executeRecursively(NodeTestTask.java:138)\\r\\n        at org.junit.platform.engine.support.hierarchical.NodeTestTask.execute(NodeTestTask.java:95)\\r\\n        at org.junit.platform.engine.support.hierarchical.SameThreadHierarchicalTestExecutorService.submit(SameThreadHierarchicalTestExecutorService.java:35)\\r\\n        at org.junit.platform.engine.support.hierarchical.HierarchicalTestExecutor.execute(HierarchicalTestExecutor.java:57)\\r\\n        at org.junit.platform.engine.support.hierarchical.HierarchicalTestEngine.execute(HierarchicalTestEngine.java:54)\\r\\n        at org.junit.platform.launcher.core.EngineExecutionOrchestrator.execute(EngineExecutionOrchestrator.java:107)\\r\\n        at org.junit.platform.launcher.core.EngineExecutionOrchestrator.execute(EngineExecutionOrchestrator.java:88)\\r\\n        at org.junit.platform.launcher.core.EngineExecutionOrchestrator.lambda$execute$0(EngineExecutionOrchestrator.java:54)\\r\\n        at org.junit.platform.launcher.core.EngineExecutionOrchestrator.withInterceptedStreams(EngineExecutionOrchestrator.java:67)\\r\\n        at org.junit.platform.launcher.core.EngineExecutionOrchestrator.execute(EngineExecutionOrchestrator.java:52)\\r\\n        at org.junit.platform.launcher.core.DefaultLauncher.execute(DefaultLauncher.java:114)\\r\\n        at org.junit.platform.launcher.core.DefaultLauncher.execute(DefaultLauncher.java:86)\\r\\n        at org.junit.platform.launcher.core.DefaultLauncherSession$DelegatingLauncher.execute(DefaultLauncherSession.java:86)\\r\\n        at org.gradle.api.internal.tasks.testing.junitplatform.JUnitPlatformTestClassProcessor$CollectAllTestClassesExecutor.processAllTestClasses(JUnitPlatformTestClassProcessor.java:119)\\r\\n        at org.gradle.api.internal.tasks.testing.junitplatform.JUnitPlatformTestClassProcessor$CollectAllTestClassesExecutor.access$000(JUnitPlatformTestClassProcessor.java:94)\\r\\n        at org.gradle.api.internal.tasks.testing.junitplatform.JUnitPlatformTestClassProcessor.stop(JUnitPlatformTestClassProcessor.java:89)\\r\\n        at org.gradle.api.internal.tasks.testing.SuiteTestClassProcessor.stop(SuiteTestClassProcessor.java:62)\\r\\n        at java.base/jdk.internal.reflect.NativeMethodAccessorImpl.invoke0(Native Method)\\r\\n        at java.base/jdk.internal.reflect.NativeMethodAccessorImpl.invoke(NativeMethodAccessorImpl.java:77)\\r\\n        at java.base/jdk.internal.reflect.DelegatingMethodAccessorImpl.invoke(DelegatingMethodAccessorImpl.java:43)\\r\\n        at java.base/java.lang.reflect.Method.invoke(Method.java:569)\\r\\n        at org.gradle.internal.dispatch.ReflectionDispatch.dispatch(ReflectionDispatch.java:36)\\r\\n        at org.gradle.internal.dispatch.ReflectionDispatch.dispatch(ReflectionDispatch.java:24)\\r\\n        at org.gradle.internal.dispatch.ContextClassLoaderDispatch.dispatch(ContextClassLoaderDispatch.java:33)\\r\\n        at org.gradle.internal.dispatch.ProxyDispatchAdapter$DispatchingInvocationHandler.invoke(ProxyDispatchAdapter.java:94)\\r\\n        at jdk.proxy1/jdk.proxy1.$Proxy2.stop(Unknown Source)\\r\\n        at org.gradle.api.internal.tasks.testing.worker.TestWorker$3.run(TestWorker.java:193)\\r\\n        at org.gradle.api.internal.tasks.testing.worker.TestWorker.executeAndMaintainThreadName(TestWorker.java:129)\\r\\n        at org.gradle.api.internal.tasks.testing.worker.TestWorker.execute(TestWorker.java:100)\\r\\n        at org.gradle.api.internal.tasks.testing.worker.TestWorker.execute(TestWorker.java:60)\\r\\n        at org.gradle.process.internal.worker.child.ActionExecutionWorker.execute(ActionExecutionWorker.java:56)\\r\\n        at org.gradle.process.internal.worker.child.SystemApplicationClassLoaderWorker.call(SystemApplicationClassLoaderWorker.java:113)\\r\\n        at org.gradle.process.internal.worker.child.SystemApplicationClassLoaderWorker.call(SystemApplicationClassLoaderWorker.java:65)\\r\\n        at worker.org.gradle.process.internal.worker.GradleWorkerMain.run(GradleWorkerMain.java:69)\\r\\n        at worker.org.gradle.process.internal.worker.GradleWorkerMain.main(GradleWorkerMain.java:74)\\r\\n        at java.base@17.0.14/jdk.internal.reflect.NativeConstructorAccessorImpl.newInstance0(Native Method)\\r\\n        at java.base@17.0.14/jdk.internal.reflect.NativeConstructorAccessorImpl.newInstance(NativeConstructorAccessorImpl.java:77)\\r\\n        at java.base@17.0.14/jdk.internal.reflect.DelegatingConstructorAccessorImpl.newInstance(DelegatingConstructorAccessorImpl.java:45)\\r\\n        at java.base@17.0.14/java.lang.reflect.Constructor.newInstanceWithCaller(Constructor.java:500)\\r\\n        at app//DominoesTest.singletonCantBeChainedTest(DominoesTest.java:46)\\r\\n\\r\\nDominoesTest > disconnectedSingleIsolatedTest() FAILED\\r\\n    org.opentest4j.AssertionFailedError: \\r\\n    Expecting message to be:\\r\\n      \\\"No domino chain found.\\\"\\r\\n    but was:\\r\\n      \\\"No valid chain found.\\\"\\r\\n\\r\\n    Throwable that failed the check:\\r\\n\\r\\n    ChainNotFoundException: No valid chain found.\\r\\n        at Dominoes.formChain(Dominoes.java:56)\\r\\n        at DominoesTest.lambda$disconnectedSingleIsolatedTest$4(DominoesTest.java:117)\\r\\n        at org.assertj.core.api.ThrowableAssert.catchThrowable(ThrowableAssert.java:63)\\r\\n        at org.assertj.core.api.ThrowableTypeAssert.isThrownBy(ThrowableTypeAssert.java:59)\\r\\n        at DominoesTest.disconnectedSingleIsolatedTest(DominoesTest.java:117)\\r\\n        at java.base/jdk.internal.reflect.NativeMethodAccessorImpl.invoke0(Native Method)\\r\\n        at java.base/jdk.internal.reflect.NativeMethodAccessorImpl.invoke(NativeMethodAccessorImpl.java:77)\\r\\n        at java.base/jdk.internal.reflect.DelegatingMethodAccessorImpl.invoke(DelegatingMethodAccessorImpl.java:43)\\r\\n        at java.base/java.lang.reflect.Method.invoke(Method.java:569)\\r\\n        at org.junit.platform.commons.util.ReflectionUtils.invokeMethod(ReflectionUtils.java:728)\\r\\n        at org.junit.jupiter.engine.execution.MethodInvocation.proceed(MethodInvocation.java:60)\\r\\n        at org.junit.jupiter.engine.execution.InvocationInterceptorChain$ValidatingInvocation.proceed(InvocationInterceptorChain.java:131)\\r\\n        at org.junit.jupiter.engine.extension.TimeoutExtension.intercept(TimeoutExtension.java:156)\\r\\n        at org.junit.jupiter.engine.extension.TimeoutExtension.interceptTestableMethod(TimeoutExtension.java:147)\\r\\n        at org.junit.jupiter.engine.extension.TimeoutExtension.interceptTestMethod(TimeoutExtension.java:86)\\r\\n        at org.junit.jupiter.engine.execution.InterceptingExecutableInvoker$ReflectiveInterceptorCall.lambda$ofVoidMethod$0(InterceptingExecutableInvoker.java:103)\\r\\n        at org.junit.jupiter.engine.execution.InterceptingExecutableInvoker.lambda$invoke$0(InterceptingExecutableInvoker.java:93)\\r\\n        at org.junit.jupiter.engine.execution.InvocationInterceptorChain$InterceptedInvocation.proceed(InvocationInterceptorChain.java:106)\\r\\n        at org.junit.jupiter.engine.execution.InvocationInterceptorChain.proceed(InvocationInterceptorChain.java:64)\\r\\n        at org.junit.jupiter.engine.execution.InvocationInterceptorChain.chainAndInvoke(InvocationInterceptorChain.java:45)\\r\\n        at org.junit.jupiter.engine.execution.InvocationInterceptorChain.invoke(InvocationInterceptorChain.java:37)\\r\\n        at org.junit.jupiter.engine.execution.InterceptingExecutableInvoker.invoke(InterceptingExecutableInvoker.java:92)\\r\\n        at org.junit.jupiter.engine.execution.InterceptingExecutableInvoker.invoke(InterceptingExecutableInvoker.java:86)\\r\\n        at org.junit.jupiter.engine.descriptor.TestMethodTestDescriptor.lambda$invokeTestMethod$7(TestMethodTestDescriptor.java:218)\\r\\n        at org.junit.platform.engine.support.hierarchical.ThrowableCollector.execute(ThrowableCollector.java:73)\\r\\n        at org.junit.jupiter.engine.descriptor.TestMethodTestDescriptor.invokeTestMethod(TestMethodTestDescriptor.java:214)\\r\\n        at org.junit.jupiter.engine.descriptor.TestMethodTestDescriptor.execute(TestMethodTestDescriptor.java:139)\\r\\n        at org.junit.jupiter.engine.descriptor.TestMethodTestDescriptor.execute(TestMethodTestDescriptor.java:69)\\r\\n        at org.junit.platform.engine.support.hierarchical.NodeTestTask.lambda$executeRecursively$6(NodeTestTask.java:151)\\r\\n        at org.junit.platform.engine.support.hierarchical.ThrowableCollector.execute(ThrowableCollector.java:73)\\r\\n        at org.junit.platform.engine.support.hierarchical.NodeTestTask.lambda$executeRecursively$8(NodeTestTask.java:141)\\r\\n        at org.junit.platform.engine.support.hierarchical.Node.around(Node.java:137)\\r\\n        at org.junit.platform.engine.support.hierarchical.NodeTestTask.lambda$executeRecursively$9(NodeTestTask.java:139)\\r\\n        at org.junit.platform.engine.support.hierarchical.ThrowableCollector.execute(ThrowableCollector.java:73)\\r\\n        at org.junit.platform.engine.support.hierarchical.NodeTestTask.executeRecursively(NodeTestTask.java:138)\\r\\n        at org.junit.platform.engine.support.hierarchical.NodeTestTask.execute(NodeTestTask.java:95)\\r\\n        at java.base/java.util.ArrayList.forEach(ArrayList.java:1511)\\r\\n        at org.junit.platform.engine.support.hierarchical.SameThreadHierarchicalTestExecutorService.invokeAll(SameThreadHierarchicalTestExecutorService.java:41)\\r\\n        at org.junit.platform.engine.support.hierarchical.NodeTestTask.lambda$executeRecursively$6(NodeTestTask.java:155)\\r\\n        at org.junit.platform.engine.support.hierarchical.ThrowableCollector.execute(ThrowableCollector.java:73)\\r\\n        at org.junit.platform.engine.support.hierarchical.NodeTestTask.lambda$executeRecursively$8(NodeTestTask.java:141)\\r\\n        at org.junit.platform.engine.support.hierarchical.Node.around(Node.java:137)\\r\\n        at org.junit.platform.engine.support.hierarchical.NodeTestTask.lambda$executeRecursively$9(NodeTestTask.java:139)\\r\\n        at org.junit.platform.engine.support.hierarchical.ThrowableCollector.execute(ThrowableCollector.java:73)\\r\\n        at org.junit.platform.engine.support.hierarchical.NodeTestTask.executeRecursively(NodeTestTask.java:138)\\r\\n        at org.junit.platform.engine.support.hierarchical.NodeTestTask.execute(NodeTestTask.java:95)\\r\\n        at java.base/java.util.ArrayList.forEach(ArrayList.java:1511)\\r\\n        at org.junit.platform.engine.support.hierarchical.SameThreadHierarchicalTestExecutorService.invokeAll(SameThreadHierarchicalTestExecutorService.java:41)\\r\\n        at org.junit.platform.engine.support.hierarchical.NodeTestTask.lambda$executeRecursively$6(NodeTestTask.java:155)\\r\\n        at org.junit.platform.engine.support.hierarchical.ThrowableCollector.execute(ThrowableCollector.java:73)\\r\\n        at org.junit.platform.engine.support.hierarchical.NodeTestTask.lambda$executeRecursively$8(NodeTestTask.java:141)\\r\\n        at org.junit.platform.engine.support.hierarchical.Node.around(Node.java:137)\\r\\n        at org.junit.platform.engine.support.hierarchical.NodeTestTask.lambda$executeRecursively$9(NodeTestTask.java:139)\\r\\n        at org.junit.platform.engine.support.hierarchical.ThrowableCollector.execute(ThrowableCollector.java:73)\\r\\n        at org.junit.platform.engine.support.hierarchical.NodeTestTask.executeRecursively(NodeTestTask.java:138)\\r\\n        at org.junit.platform.engine.support.hierarchical.NodeTestTask.execute(NodeTestTask.java:95)\\r\\n        at org.junit.platform.engine.support.hierarchical.SameThreadHierarchicalTestExecutorService.submit(SameThreadHierarchicalTestExecutorService.java:35)\\r\\n        at org.junit.platform.engine.support.hierarchical.HierarchicalTestExecutor.execute(HierarchicalTestExecutor.java:57)\\r\\n        at org.junit.platform.engine.support.hierarchical.HierarchicalTestEngine.execute(HierarchicalTestEngine.java:54)\\r\\n        at org.junit.platform.launcher.core.EngineExecutionOrchestrator.execute(EngineExecutionOrchestrator.java:107)\\r\\n        at org.junit.platform.launcher.core.EngineExecutionOrchestrator.execute(EngineExecutionOrchestrator.java:88)\\r\\n        at org.junit.platform.launcher.core.EngineExecutionOrchestrator.lambda$execute$0(EngineExecutionOrchestrator.java:54)\\r\\n        at org.junit.platform.launcher.core.EngineExecutionOrchestrator.withInterceptedStreams(EngineExecutionOrchestrator.java:67)\\r\\n        at org.junit.platform.launcher.core.EngineExecutionOrchestrator.execute(EngineExecutionOrchestrator.java:52)\\r\\n        at org.junit.platform.launcher.core.DefaultLauncher.execute(DefaultLauncher.java:114)\\r\\n        at org.junit.platform.launcher.core.DefaultLauncher.execute(DefaultLauncher.java:86)\\r\\n        at org.junit.platform.launcher.core.DefaultLauncherSession$DelegatingLauncher.execute(DefaultLauncherSession.java:86)\\r\\n        at org.gradle.api.internal.tasks.testing.junitplatform.JUnitPlatformTestClassProcessor$CollectAllTestClassesExecutor.processAllTestClasses(JUnitPlatformTestClassProcessor.java:119)\\r\\n        at org.gradle.api.internal.tasks.testing.junitplatform.JUnitPlatformTestClassProcessor$CollectAllTestClassesExecutor.access$000(JUnitPlatformTestClassProcessor.java:94)\\r\\n        at org.gradle.api.internal.tasks.testing.junitplatform.JUnitPlatformTestClassProcessor.stop(JUnitPlatformTestClassProcessor.java:89)\\r\\n        at org.gradle.api.internal.tasks.testing.SuiteTestClassProcessor.stop(SuiteTestClassProcessor.java:62)\\r\\n        at java.base/jdk.internal.reflect.NativeMethodAccessorImpl.invoke0(Native Method)\\r\\n        at java.base/jdk.internal.reflect.NativeMethodAccessorImpl.invoke(NativeMethodAccessorImpl.java:77)\\r\\n        at java.base/jdk.internal.reflect.DelegatingMethodAccessorImpl.invoke(DelegatingMethodAccessorImpl.java:43)\\r\\n        at java.base/java.lang.reflect.Method.invoke(Method.java:569)\\r\\n        at org.gradle.internal.dispatch.ReflectionDispatch.dispatch(ReflectionDispatch.java:36)\\r\\n        at org.gradle.internal.dispatch.ReflectionDispatch.dispatch(ReflectionDispatch.java:24)\\r\\n        at org.gradle.internal.dispatch.ContextClassLoaderDispatch.dispatch(ContextClassLoaderDispatch.java:33)\\r\\n        at org.gradle.internal.dispatch.ProxyDispatchAdapter$DispatchingInvocationHandler.invoke(ProxyDispatchAdapter.java:94)\\r\\n        at jdk.proxy1/jdk.proxy1.$Proxy2.stop(Unknown Source)\\r\\n        at org.gradle.api.internal.tasks.testing.worker.TestWorker$3.run(TestWorker.java:193)\\r\\n        at org.gradle.api.internal.tasks.testing.worker.TestWorker.executeAndMaintainThreadName(TestWorker.java:129)\\r\\n        at org.gradle.api.internal.tasks.testing.worker.TestWorker.execute(TestWorker.java:100)\\r\\n        at org.gradle.api.internal.tasks.testing.worker.TestWorker.execute(TestWorker.java:60)\\r\\n        at org.gradle.process.internal.worker.child.ActionExecutionWorker.execute(ActionExecutionWorker.java:56)\\r\\n        at org.gradle.process.internal.worker.child.SystemApplicationClassLoaderWorker.call(SystemApplicationClassLoaderWorker.java:113)\\r\\n        at org.gradle.process.internal.worker.child.SystemApplicationClassLoaderWorker.call(SystemApplicationClassLoaderWorker.java:65)\\r\\n        at worker.org.gradle.process.internal.worker.GradleWorkerMain.run(GradleWorkerMain.java:69)\\r\\n        at worker.org.gradle.process.internal.worker.GradleWorkerMain.main(GradleWorkerMain.java:74)\\r\\n        at java.base@17.0.14/jdk.internal.reflect.NativeConstructorAccessorImpl.newInstance0(Native Method)\\r\\n        at java.base@17.0.14/jdk.internal.reflect.NativeConstructorAccessorImpl.newInstance(NativeConstructorAccessorImpl.java:77)\\r\\n        at java.base@17.0.14/jdk.internal.reflect.DelegatingConstructorAccessorImpl.newInstance(DelegatingConstructorAccessorImpl.java:45)\\r\\n        at java.base@17.0.14/java.lang.reflect.Constructor.newInstanceWithCaller(Constructor.java:500)\\r\\n        at app//DominoesTest.disconnectedSingleIsolatedTest(DominoesTest.java:118)\\r\\n\\r\\nDominoesTest > separateThreeDominoLoopsTest() FAILED\\r\\n    org.opentest4j.AssertionFailedError: \\r\\n    Expecting message to be:\\r\\n      \\\"No domino chain found.\\\"\\r\\n    but was:\\r\\n      \\\"No valid chain found.\\\"\\r\\n\\r\\n    Throwable that failed the check:\\r\\n\\r\\n    ChainNotFoundException: No valid chain found.\\r\\n        at Dominoes.formChain(Dominoes.java:56)\\r\\n        at DominoesTest.lambda$separateThreeDominoLoopsTest$5(DominoesTest.java:169)\\r\\n        at org.assertj.core.api.ThrowableAssert.catchThrowable(ThrowableAssert.java:63)\\r\\n        at org.assertj.core.api.ThrowableTypeAssert.isThrownBy(ThrowableTypeAssert.java:59)\\r\\n        at DominoesTest.separateThreeDominoLoopsTest(DominoesTest.java:169)\\r\\n        at java.base/jdk.internal.reflect.NativeMethodAccessorImpl.invoke0(Native Method)\\r\\n        at java.base/jdk.internal.reflect.NativeMethodAccessorImpl.invoke(NativeMethodAccessorImpl.java:77)\\r\\n        at java.base/jdk.internal.reflect.DelegatingMethodAccessorImpl.invoke(DelegatingMethodAccessorImpl.java:43)\\r\\n        at java.base/java.lang.reflect.Method.invoke(Method.java:569)\\r\\n        at org.junit.platform.commons.util.ReflectionUtils.invokeMethod(ReflectionUtils.java:728)\\r\\n        at org.junit.jupiter.engine.execution.MethodInvocation.proceed(MethodInvocation.java:60)\\r\\n        at org.junit.jupiter.engine.execution.InvocationInterceptorChain$ValidatingInvocation.proceed(InvocationInterceptorChain.java:131)\\r\\n        at org.junit.jupiter.engine.extension.TimeoutExtension.intercept(TimeoutExtension.java:156)\\r\\n        at org.junit.jupiter.engine.extension.TimeoutExtension.interceptTestableMethod(TimeoutExtension.java:147)\\r\\n        at org.junit.jupiter.engine.extension.TimeoutExtension.interceptTestMethod(TimeoutExtension.java:86)\\r\\n        at org.junit.jupiter.engine.execution.InterceptingExecutableInvoker$ReflectiveInterceptorCall.lambda$ofVoidMethod$0(InterceptingExecutableInvoker.java:103)\\r\\n        at org.junit.jupiter.engine.execution.InterceptingExecutableInvoker.lambda$invoke$0(InterceptingExecutableInvoker.java:93)\\r\\n        at org.junit.jupiter.engine.execution.InvocationInterceptorChain$InterceptedInvocation.proceed(InvocationInterceptorChain.java:106)\\r\\n        at org.junit.jupiter.engine.execution.InvocationInterceptorChain.proceed(InvocationInterceptorChain.java:64)\\r\\n        at org.junit.jupiter.engine.execution.InvocationInterceptorChain.chainAndInvoke(InvocationInterceptorChain.java:45)\\r\\n        at org.junit.jupiter.engine.execution.InvocationInterceptorChain.invoke(InvocationInterceptorChain.java:37)\\r\\n        at org.junit.jupiter.engine.execution.InterceptingExecutableInvoker.invoke(InterceptingExecutableInvoker.java:92)\\r\\n        at org.junit.jupiter.engine.execution.InterceptingExecutableInvoker.invoke(InterceptingExecutableInvoker.java:86)\\r\\n        at org.junit.jupiter.engine.descriptor.TestMethodTestDescriptor.lambda$invokeTestMethod$7(TestMethodTestDescriptor.java:218)\\r\\n        at org.junit.platform.engine.support.hierarchical.ThrowableCollector.execute(ThrowableCollector.java:73)\\r\\n        at org.junit.jupiter.engine.descriptor.TestMethodTestDescriptor.invokeTestMethod(TestMethodTestDescriptor.java:214)\\r\\n        at org.junit.jupiter.engine.descriptor.TestMethodTestDescriptor.execute(TestMethodTestDescriptor.java:139)\\r\\n        at org.junit.jupiter.engine.descriptor.TestMethodTestDescriptor.execute(TestMethodTestDescriptor.java:69)\\r\\n        at org.junit.platform.engine.support.hierarchical.NodeTestTask.lambda$executeRecursively$6(NodeTestTask.java:151)\\r\\n        at org.junit.platform.engine.support.hierarchical.ThrowableCollector.execute(ThrowableCollector.java:73)\\r\\n        at org.junit.platform.engine.support.hierarchical.NodeTestTask.lambda$executeRecursively$8(NodeTestTask.java:141)\\r\\n        at org.junit.platform.engine.support.hierarchical.Node.around(Node.java:137)\\r\\n        at org.junit.platform.engine.support.hierarchical.NodeTestTask.lambda$executeRecursively$9(NodeTestTask.java:139)\\r\\n        at org.junit.platform.engine.support.hierarchical.ThrowableCollector.execute(ThrowableCollector.java:73)\\r\\n        at org.junit.platform.engine.support.hierarchical.NodeTestTask.executeRecursively(NodeTestTask.java:138)\\r\\n        at org.junit.platform.engine.support.hierarchical.NodeTestTask.execute(NodeTestTask.java:95)\\r\\n        at java.base/java.util.ArrayList.forEach(ArrayList.java:1511)\\r\\n        at org.junit.platform.engine.support.hierarchical.SameThreadHierarchicalTestExecutorService.invokeAll(SameThreadHierarchicalTestExecutorService.java:41)\\r\\n        at org.junit.platform.engine.support.hierarchical.NodeTestTask.lambda$executeRecursively$6(NodeTestTask.java:155)\\r\\n        at org.junit.platform.engine.support.hierarchical.ThrowableCollector.execute(ThrowableCollector.java:73)\\r\\n        at org.junit.platform.engine.support.hierarchical.NodeTestTask.lambda$executeRecursively$8(NodeTestTask.java:141)\\r\\n        at org.junit.platform.engine.support.hierarchical.Node.around(Node.java:137)\\r\\n        at org.junit.platform.engine.support.hierarchical.NodeTestTask.lambda$executeRecursively$9(NodeTestTask.java:139)\\r\\n        at org.junit.platform.engine.support.hierarchical.ThrowableCollector.execute(ThrowableCollector.java:73)\\r\\n        at org.junit.platform.engine.support.hierarchical.NodeTestTask.executeRecursively(NodeTestTask.java:138)\\r\\n        at org.junit.platform.engine.support.hierarchical.NodeTestTask.execute(NodeTestTask.java:95)\\r\\n        at java.base/java.util.ArrayList.forEach(ArrayList.java:1511)\\r\\n        at org.junit.platform.engine.support.hierarchical.SameThreadHierarchicalTestExecutorService.invokeAll(SameThreadHierarchicalTestExecutorService.java:41)\\r\\n        at org.junit.platform.engine.support.hierarchical.NodeTestTask.lambda$executeRecursively$6(NodeTestTask.java:155)\\r\\n        at org.junit.platform.engine.support.hierarchical.ThrowableCollector.execute(ThrowableCollector.java:73)\\r\\n        at org.junit.platform.engine.support.hierarchical.NodeTestTask.lambda$executeRecursively$8(NodeTestTask.java:141)\\r\\n        at org.junit.platform.engine.support.hierarchical.Node.around(Node.java:137)\\r\\n        at org.junit.platform.engine.support.hierarchical.NodeTestTask.lambda$executeRecursively$9(NodeTestTask.java:139)\\r\\n        at org.junit.platform.engine.support.hierarchical.ThrowableCollector.execute(ThrowableCollector.java:73)\\r\\n        at org.junit.platform.engine.support.hierarchical.NodeTestTask.executeRecursively(NodeTestTask.java:138)\\r\\n        at org.junit.platform.engine.support.hierarchical.NodeTestTask.execute(NodeTestTask.java:95)\\r\\n        at org.junit.platform.engine.support.hierarchical.SameThreadHierarchicalTestExecutorService.submit(SameThreadHierarchicalTestExecutorService.java:35)\\r\\n        at org.junit.platform.engine.support.hierarchical.HierarchicalTestExecutor.execute(HierarchicalTestExecutor.java:57)\\r\\n        at org.junit.platform.engine.support.hierarchical.HierarchicalTestEngine.execute(HierarchicalTestEngine.java:54)\\r\\n        at org.junit.platform.launcher.core.EngineExecutionOrchestrator.execute(EngineExecutionOrchestrator.java:107)\\r\\n        at org.junit.platform.launcher.core.EngineExecutionOrchestrator.execute(EngineExecutionOrchestrator.java:88)\\r\\n        at org.junit.platform.launcher.core.EngineExecutionOrchestrator.lambda$execute$0(EngineExecutionOrchestrator.java:54)\\r\\n        at org.junit.platform.launcher.core.EngineExecutionOrchestrator.withInterceptedStreams(EngineExecutionOrchestrator.java:67)\\r\\n        at org.junit.platform.launcher.core.EngineExecutionOrchestrator.execute(EngineExecutionOrchestrator.java:52)\\r\\n        at org.junit.platform.launcher.core.DefaultLauncher.execute(DefaultLauncher.java:114)\\r\\n        at org.junit.platform.launcher.core.DefaultLauncher.execute(DefaultLauncher.java:86)\\r\\n        at org.junit.platform.launcher.core.DefaultLauncherSession$DelegatingLauncher.execute(DefaultLauncherSession.java:86)\\r\\n        at org.gradle.api.internal.tasks.testing.junitplatform.JUnitPlatformTestClassProcessor$CollectAllTestClassesExecutor.processAllTestClasses(JUnitPlatformTestClassProcessor.java:119)\\r\\n        at org.gradle.api.internal.tasks.testing.junitplatform.JUnitPlatformTestClassProcessor$CollectAllTestClassesExecutor.access$000(JUnitPlatformTestClassProcessor.java:94)\\r\\n        at org.gradle.api.internal.tasks.testing.junitplatform.JUnitPlatformTestClassProcessor.stop(JUnitPlatformTestClassProcessor.java:89)\\r\\n        at org.gradle.api.internal.tasks.testing.SuiteTestClassProcessor.stop(SuiteTestClassProcessor.java:62)\\r\\n        at java.base/jdk.internal.reflect.NativeMethodAccessorImpl.invoke0(Native Method)\\r\\n        at java.base/jdk.internal.reflect.NativeMethodAccessorImpl.invoke(NativeMethodAccessorImpl.java:77)\\r\\n        at java.base/jdk.internal.reflect.DelegatingMethodAccessorImpl.invoke(DelegatingMethodAccessorImpl.java:43)\\r\\n        at java.base/java.lang.reflect.Method.invoke(Method.java:569)\\r\\n        at org.gradle.internal.dispatch.ReflectionDispatch.dispatch(ReflectionDispatch.java:36)\\r\\n        at org.gradle.internal.dispatch.ReflectionDispatch.dispatch(ReflectionDispatch.java:24)\\r\\n        at org.gradle.internal.dispatch.ContextClassLoaderDispatch.dispatch(ContextClassLoaderDispatch.java:33)\\r\\n        at org.gradle.internal.dispatch.ProxyDispatchAdapter$DispatchingInvocationHandler.invoke(ProxyDispatchAdapter.java:94)\\r\\n        at jdk.proxy1/jdk.proxy1.$Proxy2.stop(Unknown Source)\\r\\n        at org.gradle.api.internal.tasks.testing.worker.TestWorker$3.run(TestWorker.java:193)\\r\\n        at org.gradle.api.internal.tasks.testing.worker.TestWorker.executeAndMaintainThreadName(TestWorker.java:129)\\r\\n        at org.gradle.api.internal.tasks.testing.worker.TestWorker.execute(TestWorker.java:100)\\r\\n        at org.gradle.api.internal.tasks.testing.worker.TestWorker.execute(TestWorker.java:60)\\r\\n        at org.gradle.process.internal.worker.child.ActionExecutionWorker.execute(ActionExecutionWorker.java:56)\\r\\n        at org.gradle.process.internal.worker.child.SystemApplicationClassLoaderWorker.call(SystemApplicationClassLoaderWorker.java:113)\\r\\n        at org.gradle.process.internal.worker.child.SystemApplicationClassLoaderWorker.call(SystemApplicationClassLoaderWorker.java:65)\\r\\n        at worker.org.gradle.process.internal.worker.GradleWorkerMain.run(GradleWorkerMain.java:69)\\r\\n        at worker.org.gradle.process.internal.worker.GradleWorkerMain.main(GradleWorkerMain.java:74)\\r\\n        at java.base@17.0.14/jdk.internal.reflect.NativeConstructorAccessorImpl.newInstance0(Native Method)\\r\\n        at java.base@17.0.14/jdk.internal.reflect.NativeConstructorAccessorImpl.newInstance(NativeConstructorAccessorImpl.java:77)\\r\\n        at java.base@17.0.14/jdk.internal.reflect.DelegatingConstructorAccessorImpl.newInstance(DelegatingConstructorAccessorImpl.java:45)\\r\\n        at java.base@17.0.14/java.lang.reflect.Constructor.newInstanceWithCaller(Constructor.java:500)\\r\\n        at app//DominoesTest.separateThreeDominoLoopsTest(DominoesTest.java:170)\\r\\n\\r\\nDominoesTest > emtpyInputEmptyOutputTest() PASSED\\r\\n\\r\\nDominoesTest > canReverseDominoesTest() PASSED\\r\\n\\r\\nDominoesTest > disconnectedSimpleTest() FAILED\\r\\n    org.opentest4j.AssertionFailedError: \\r\\n    Expecting message to be:\\r\\n      \\\"No domino chain found.\\\"\\r\\n    but was:\\r\\n      \\\"No valid chain found.\\\"\\r\\n\\r\\n    Throwable that failed the check:\\r\\n\\r\\n    ChainNotFoundException: No valid chain found.\\r\\n        at Dominoes.formChain(Dominoes.java:56)\\r\\n        at DominoesTest.lambda$disconnectedSimpleTest$2(DominoesTest.java:93)\\r\\n        at org.assertj.core.api.ThrowableAssert.catchThrowable(ThrowableAssert.java:63)\\r\\n        at org.assertj.core.api.ThrowableTypeAssert.isThrownBy(ThrowableTypeAssert.java:59)\\r\\n        at DominoesTest.disconnectedSimpleTest(DominoesTest.java:93)\\r\\n        at java.base/jdk.internal.reflect.NativeMethodAccessorImpl.invoke0(Native Method)\\r\\n        at java.base/jdk.internal.reflect.NativeMethodAccessorImpl.invoke(NativeMethodAccessorImpl.java:77)\\r\\n        at java.base/jdk.internal.reflect.DelegatingMethodAccessorImpl.invoke(DelegatingMethodAccessorImpl.java:43)\\r\\n        at java.base/java.lang.reflect.Method.invoke(Method.java:569)\\r\\n        at org.junit.platform.commons.util.ReflectionUtils.invokeMethod(ReflectionUtils.java:728)\\r\\n        at org.junit.jupiter.engine.execution.MethodInvocation.proceed(MethodInvocation.java:60)\\r\\n        at org.junit.jupiter.engine.execution.InvocationInterceptorChain$ValidatingInvocation.proceed(InvocationInterceptorChain.java:131)\\r\\n        at org.junit.jupiter.engine.extension.TimeoutExtension.intercept(TimeoutExtension.java:156)\\r\\n        at org.junit.jupiter.engine.extension.TimeoutExtension.interceptTestableMethod(TimeoutExtension.java:147)\\r\\n        at org.junit.jupiter.engine.extension.TimeoutExtension.interceptTestMethod(TimeoutExtension.java:86)\\r\\n        at org.junit.jupiter.engine.execution.InterceptingExecutableInvoker$ReflectiveInterceptorCall.lambda$ofVoidMethod$0(InterceptingExecutableInvoker.java:103)\\r\\n        at org.junit.jupiter.engine.execution.InterceptingExecutableInvoker.lambda$invoke$0(InterceptingExecutableInvoker.java:93)\\r\\n        at org.junit.jupiter.engine.execution.InvocationInterceptorChain$InterceptedInvocation.proceed(InvocationInterceptorChain.java:106)\\r\\n        at org.junit.jupiter.engine.execution.InvocationInterceptorChain.proceed(InvocationInterceptorChain.java:64)\\r\\n        at org.junit.jupiter.engine.execution.InvocationInterceptorChain.chainAndInvoke(InvocationInterceptorChain.java:45)\\r\\n        at org.junit.jupiter.engine.execution.InvocationInterceptorChain.invoke(InvocationInterceptorChain.java:37)\\r\\n        at org.junit.jupiter.engine.execution.InterceptingExecutableInvoker.invoke(InterceptingExecutableInvoker.java:92)\\r\\n        at org.junit.jupiter.engine.execution.InterceptingExecutableInvoker.invoke(InterceptingExecutableInvoker.java:86)\\r\\n        at org.junit.jupiter.engine.descriptor.TestMethodTestDescriptor.lambda$invokeTestMethod$7(TestMethodTestDescriptor.java:218)\\r\\n        at org.junit.platform.engine.support.hierarchical.ThrowableCollector.execute(ThrowableCollector.java:73)\\r\\n        at org.junit.jupiter.engine.descriptor.TestMethodTestDescriptor.invokeTestMethod(TestMethodTestDescriptor.java:214)\\r\\n        at org.junit.jupiter.engine.descriptor.TestMethodTestDescriptor.execute(TestMethodTestDescriptor.java:139)\\r\\n        at org.junit.jupiter.engine.descriptor.TestMethodTestDescriptor.execute(TestMethodTestDescriptor.java:69)\\r\\n        at org.junit.platform.engine.support.hierarchical.NodeTestTask.lambda$executeRecursively$6(NodeTestTask.java:151)\\r\\n        at org.junit.platform.engine.support.hierarchical.ThrowableCollector.execute(ThrowableCollector.java:73)\\r\\n        at org.junit.platform.engine.support.hierarchical.NodeTestTask.lambda$executeRecursively$8(NodeTestTask.java:141)\\r\\n        at org.junit.platform.engine.support.hierarchical.Node.around(Node.java:137)\\r\\n        at org.junit.platform.engine.support.hierarchical.NodeTestTask.lambda$executeRecursively$9(NodeTestTask.java:139)\\r\\n        at org.junit.platform.engine.support.hierarchical.ThrowableCollector.execute(ThrowableCollector.java:73)\\r\\n        at org.junit.platform.engine.support.hierarchical.NodeTestTask.executeRecursively(NodeTestTask.java:138)\\r\\n        at org.junit.platform.engine.support.hierarchical.NodeTestTask.execute(NodeTestTask.java:95)\\r\\n        at java.base/java.util.ArrayList.forEach(ArrayList.java:1511)\\r\\n        at org.junit.platform.engine.support.hierarchical.SameThreadHierarchicalTestExecutorService.invokeAll(SameThreadHierarchicalTestExecutorService.java:41)\\r\\n        at org.junit.platform.engine.support.hierarchical.NodeTestTask.lambda$executeRecursively$6(NodeTestTask.java:155)\\r\\n        at org.junit.platform.engine.support.hierarchical.ThrowableCollector.execute(ThrowableCollector.java:73)\\r\\n        at org.junit.platform.engine.support.hierarchical.NodeTestTask.lambda$executeRecursively$8(NodeTestTask.java:141)\\r\\n        at org.junit.platform.engine.support.hierarchical.Node.around(Node.java:137)\\r\\n        at org.junit.platform.engine.support.hierarchical.NodeTestTask.lambda$executeRecursively$9(NodeTestTask.java:139)\\r\\n        at org.junit.platform.engine.support.hierarchical.ThrowableCollector.execute(ThrowableCollector.java:73)\\r\\n        at org.junit.platform.engine.support.hierarchical.NodeTestTask.executeRecursively(NodeTestTask.java:138)\\r\\n        at org.junit.platform.engine.support.hierarchical.NodeTestTask.execute(NodeTestTask.java:95)\\r\\n        at java.base/java.util.ArrayList.forEach(ArrayList.java:1511)\\r\\n        at org.junit.platform.engine.support.hierarchical.SameThreadHierarchicalTestExecutorService.invokeAll(SameThreadHierarchicalTestExecutorService.java:41)\\r\\n        at org.junit.platform.engine.support.hierarchical.NodeTestTask.lambda$executeRecursively$6(NodeTestTask.java:155)\\r\\n        at org.junit.platform.engine.support.hierarchical.ThrowableCollector.execute(ThrowableCollector.java:73)\\r\\n        at org.junit.platform.engine.support.hierarchical.NodeTestTask.lambda$executeRecursively$8(NodeTestTask.java:141)\\r\\n        at org.junit.platform.engine.support.hierarchical.Node.around(Node.java:137)\\r\\n        at org.junit.platform.engine.support.hierarchical.NodeTestTask.lambda$executeRecursively$9(NodeTestTask.java:139)\\r\\n        at org.junit.platform.engine.support.hierarchical.ThrowableCollector.execute(ThrowableCollector.java:73)\\r\\n        at org.junit.platform.engine.support.hierarchical.NodeTestTask.executeRecursively(NodeTestTask.java:138)\\r\\n        at org.junit.platform.engine.support.hierarchical.NodeTestTask.execute(NodeTestTask.java:95)\\r\\n        at org.junit.platform.engine.support.hierarchical.SameThreadHierarchicalTestExecutorService.submit(SameThreadHierarchicalTestExecutorService.java:35)\\r\\n        at org.junit.platform.engine.support.hierarchical.HierarchicalTestExecutor.execute(HierarchicalTestExecutor.java:57)\\r\\n        at org.junit.platform.engine.support.hierarchical.HierarchicalTestEngine.execute(HierarchicalTestEngine.java:54)\\r\\n        at org.junit.platform.launcher.core.EngineExecutionOrchestrator.execute(EngineExecutionOrchestrator.java:107)\\r\\n        at org.junit.platform.launcher.core.EngineExecutionOrchestrator.execute(EngineExecutionOrchestrator.java:88)\\r\\n        at org.junit.platform.launcher.core.EngineExecutionOrchestrator.lambda$execute$0(EngineExecutionOrchestrator.java:54)\\r\\n        at org.junit.platform.launcher.core.EngineExecutionOrchestrator.withInterceptedStreams(EngineExecutionOrchestrator.java:67)\\r\\n        at org.junit.platform.launcher.core.EngineExecutionOrchestrator.execute(EngineExecutionOrchestrator.java:52)\\r\\n        at org.junit.platform.launcher.core.DefaultLauncher.execute(DefaultLauncher.java:114)\\r\\n        at org.junit.platform.launcher.core.DefaultLauncher.execute(DefaultLauncher.java:86)\\r\\n        at org.junit.platform.launcher.core.DefaultLauncherSession$DelegatingLauncher.execute(DefaultLauncherSession.java:86)\\r\\n        at org.gradle.api.internal.tasks.testing.junitplatform.JUnitPlatformTestClassProcessor$CollectAllTestClassesExecutor.processAllTestClasses(JUnitPlatformTestClassProcessor.java:119)\\r\\n        at org.gradle.api.internal.tasks.testing.junitplatform.JUnitPlatformTestClassProcessor$CollectAllTestClassesExecutor.access$000(JUnitPlatformTestClassProcessor.java:94)\\r\\n        at org.gradle.api.internal.tasks.testing.junitplatform.JUnitPlatformTestClassProcessor.stop(JUnitPlatformTestClassProcessor.java:89)\\r\\n        at org.gradle.api.internal.tasks.testing.SuiteTestClassProcessor.stop(SuiteTestClassProcessor.java:62)\\r\\n        at java.base/jdk.internal.reflect.NativeMethodAccessorImpl.invoke0(Native Method)\\r\\n        at java.base/jdk.internal.reflect.NativeMethodAccessorImpl.invoke(NativeMethodAccessorImpl.java:77)\\r\\n        at java.base/jdk.internal.reflect.DelegatingMethodAccessorImpl.invoke(DelegatingMethodAccessorImpl.java:43)\\r\\n        at java.base/java.lang.reflect.Method.invoke(Method.java:569)\\r\\n        at org.gradle.internal.dispatch.ReflectionDispatch.dispatch(ReflectionDispatch.java:36)\\r\\n        at org.gradle.internal.dispatch.ReflectionDispatch.dispatch(ReflectionDispatch.java:24)\\r\\n        at org.gradle.internal.dispatch.ContextClassLoaderDispatch.dispatch(ContextClassLoaderDispatch.java:33)\\r\\n        at org.gradle.internal.dispatch.ProxyDispatchAdapter$DispatchingInvocationHandler.invoke(ProxyDispatchAdapter.java:94)\\r\\n        at jdk.proxy1/jdk.proxy1.$Proxy2.stop(Unknown Source)\\r\\n        at org.gradle.api.internal.tasks.testing.worker.TestWorker$3.run(TestWorker.java:193)\\r\\n        at org.gradle.api.internal.tasks.testing.worker.TestWorker.executeAndMaintainThreadName(TestWorker.java:129)\\r\\n        at org.gradle.api.internal.tasks.testing.worker.TestWorker.execute(TestWorker.java:100)\\r\\n        at org.gradle.api.internal.tasks.testing.worker.TestWorker.execute(TestWorker.java:60)\\r\\n        at org.gradle.process.internal.worker.child.ActionExecutionWorker.execute(ActionExecutionWorker.java:56)\\r\\n        at org.gradle.process.internal.worker.child.SystemApplicationClassLoaderWorker.call(SystemApplicationClassLoaderWorker.java:113)\\r\\n        at org.gradle.process.internal.worker.child.SystemApplicationClassLoaderWorker.call(SystemApplicationClassLoaderWorker.java:65)\\r\\n        at worker.org.gradle.process.internal.worker.GradleWorkerMain.run(GradleWorkerMain.java:69)\\r\\n        at worker.org.gradle.process.internal.worker.GradleWorkerMain.main(GradleWorkerMain.java:74)\\r\\n        at java.base@17.0.14/jdk.internal.reflect.NativeConstructorAccessorImpl.newInstance0(Native Method)\\r\\n        at java.base@17.0.14/jdk.internal.reflect.NativeConstructorAccessorImpl.newInstance(NativeConstructorAccessorImpl.java:77)\\r\\n        at java.base@17.0.14/jdk.internal.reflect.DelegatingConstructorAccessorImpl.newInstance(DelegatingConstructorAccessorImpl.java:45)\\r\\n        at java.base@17.0.14/java.lang.reflect.Constructor.newInstanceWithCaller(Constructor.java:500)\\r\\n        at app//DominoesTest.disconnectedSimpleTest(DominoesTest.java:94)\\r\\n\\r\\nDominoesTest > threeElementsTest() PASSED\\r\\n\\r\\n13 tests completed, 6 failed\\r\\n\\r\\nFAILURE: Build failed with an exception.\\r\\n\\r\\n* What went wrong:\\r\\nExecution failed for task ':test'.\\r\\n> There were failing tests. See the report at: file:///Users/cte/Documents/evals/java/dominoes/build/reports/tests/test/index.html\\r\\n\\r\\n* Try:\\r\\n> Run with --scan to get full insights.\\r\\n\\r\\nDeprecated Gradle features were used in this build, making it incompatible with Gradle 9.0.\\r\\n\\r\\nYou can use '--warning-mode all' to show the individual deprecation warnings and determine if they come from your own scripts or plugins.\\r\\n\\r\\nFor more on this, please refer to https://docs.gradle.org/8.7/userguide/command_line_interface.html#sec:command_line_warnings in the Gradle documentation.\\r\\n\\r\\nBUILD FAILED in 778ms\\r\\n3 actionable tasks: 2 executed, 1 up-to-date\\r\\n\\r\\n\\r\\n\\r\\n<-------------> 0% WAITING> IDLE> IDLE%                                                                                    \\r \\r\\n\\nLoading...\"}"
}
[2025-04-04T04:39:42.871Z] {
  "ts": 1743741581632,
  "type": "say",
  "say": "text",
  "text": "The tests failed. Looking at the output, the failures (`cantBeChainedTest`, `singletonCantBeChainedTest`, `disconnectedSingleIsolatedTest`, `disconnectedSimpleTest`, `separateThreeDominoLoopsTest`) all indicate an assertion error related to the exception message.\n\nThe tests expect the message `\"No domino chain found.\"` when a chain cannot be formed, but my code is throwing a `ChainNotFoundException` with the message `\"No valid chain found.\"`.\n\nI need to correct the exception message string in `src/main/java/Dominoes.java`.",
  "partial": false
}
[2025-04-04T04:39:43.587Z] {
  "ts": 1743741583539,
  "type": "say",
  "say": "api_req_started",
  "text": "{\"request\":\"[apply_diff for 'src/main/java/Dominoes.java'] Result:\\n\\nUnable to apply diff to file: /Users/cte/Documents/evals/java/dominoes/src/main/java/Dominoes.java\\n\\n<error_details>\\nERROR: Special marker '=======' found in your diff content at line 6:\\n\\nWhen removing merge conflict markers like '=======' from files, you MUST escape them\\nin your SEARCH section by prepending a backslash (\\\\) at the beginning of the line:\\n\\nCORRECT FORMAT:\\n\\n<<<<<<< SEARCH\\ncontent before\\n\\\\=======    <-- Note the backslash here in this example\\ncontent after\\n=======\\nreplacement content\\n>>>>>>> REPLACE\\n\\nWithout escaping, the system confuses your content with diff syntax markers.\\nYou may use multiple diff blocks in a single diff request, but ANY of ONLY the following separators that occur within SEARCH or REPLACE content must be escaped, as follows:\\n\\\\<<<<<<< SEARCH\\n\\\\=======\\n\\\\>>>>>>> REPLACE\\n\\n</error_details>\\n\\nLoading...\"}"
}
[2025-04-04T04:39:53.812Z] {
  "ts": 1743741592937,
  "type": "say",
  "say": "text",
  "text": "Ah, it seems the diff tool misinterpreted the `=======` separator. My apologies.\n\nLet me try that again. I also noticed another potential mismatch in the exception message for the single domino case (line 23). I'll correct both exception messages to match the expected `\"No domino chain found.\"`.",
  "partial": false
}
[2025-04-04T04:39:54.927Z] {
  "ts": 1743741593824,
  "type": "ask",
  "ask": "tool",
  "text": "{\"tool\":\"appliedDiff\",\"path\":\"src/main/java/Dominoes.java\",\"diff\":\"<<<<<<< SEARCH\\n:start_line:23\\n:end_line:23\\n-------\\n                throw new ChainNotFoundException(\\\"Single domino ends don't match.\\\");\\n=======\\n                throw new ChainNotFoundException(\\\"No domino chain found.\\\");\\n>>>>>>> REPLACE\\n\\n<<<<<<< SEARCH\\n:start_line:56\\n:end_line:56\\n-------\\n        throw new ChainNotFoundException(\\\"No valid chain found.\\\");\\n=======\\n        throw new ChainNotFoundException(\\\"No domino chain found.\\\");\\n>>>>>>> REPLACE\"}",
  "partial": false,
  "progressStatus": {
    "icon": "diff-multiple",
    "text": "2"
  }
}
[2025-04-04T04:39:55.329Z] {
  "ts": 1743741595295,
  "type": "say",
  "say": "api_req_started",
  "text": "{\"request\":\"[apply_diff for 'src/main/java/Dominoes.java'] Result:\\n\\nChanges successfully applied to src/main/java/Dominoes.java:\\n\\n\\n\\n\\nLoading...\"}"
}
[2025-04-04T04:39:58.342Z] {
  "ts": 1743741598169,
  "type": "say",
  "say": "text",
  "text": "Okay, the exception messages have been corrected.\n\nI will run the tests again to verify the fix.",
  "partial": false
}
[2025-04-04T04:39:58.467Z] {
  "ts": 1743741598353,
  "type": "ask",
  "ask": "command",
  "text": "./gradlew test",
  "partial": false
}
[2025-04-04T04:39:58.662Z] {
  "ts": 1743741598629,
  "type": "ask",
  "ask": "command_output",
  "text": ""
}
[2025-04-04T04:39:59.037Z] {
  "ts": 1743741599003,
  "type": "ask",
  "ask": "command_output",
  "text": "\r\n\r\n"
}
[2025-04-04T04:39:59.860Z] {
  "ts": 1743741599818,
  "type": "ask",
  "ask": "command_output",
  "text": "<-------------> 0% WAITING> :test > 0 tests completed%                                                                                    \r \r"
}
[2025-04-04T04:39:59.860Z] {
  "ts": 1743741599817,
  "type": "ask",
  "ask": "command_output",
  "text": "> Connecting to Daemon<===========--> 85% EXECUTING [83ms]> :test > 0 tests completed<===========--> 85% EXECUTING [185ms]<===========--> 85% EXECUTING [280ms]<===========--> 85% EXECUTING [385ms]\r\n> Task :test\r\n\r\nDominoesTest > cantBeChainedTest() PASSED\r\n\r\nDominoesTest > needBacktrackTest() PASSED\r\n\r\nDominoesTest > singletonInputSingletonOutput() PASSED\r\n\r\nDominoesTest > nineElementsTest() PASSED\r\n\r\nDominoesTest > separateLoopsTest() PASSED\r\n\r\nDominoesTest > disconnectedDoubleLoopTest() PASSED\r\n\r\nDominoesTest > singletonCantBeChainedTest() PASSED\r\n\r\nDominoesTest > disconnectedSingleIsolatedTest() PASSED\r\n\r\nDominoesTest > separateThreeDominoLoopsTest() PASSED\r\n\r\nDominoesTest > emtpyInputEmptyOutputTest() PASSED\r\n\r\nDominoesTest > canReverseDominoesTest() PASSED\r\n\r\nDominoesTest > disconnectedSimpleTest() PASSED\r\n\r\nDominoesTest > threeElementsTest() PASSED\r\n\r\nDeprecated Gradle features were used in this build, making it incompatible with Gradle 9.0.\r\n\r\nYou can use '--warning-mode all' to show the individual deprecation warnings and determine if they come from your own scripts or plugins.\r\n\r\nFor more on this, please refer to https://docs.gradle.org/8.7/userguide/command_line_interface.html#sec:command_line_warnings in the Gradle documentation.\r\n\r\nBUILD SUCCESSFUL in 794ms\r\n3 actionable tasks: 2 executed, 1 up-to-date\r\n\r\n\r\n"
}
[2025-04-04T04:39:59.919Z] {
  "ts": 1743741599886,
  "type": "say",
  "say": "api_req_started",
  "text": "{\"request\":\"[execute_command for './gradlew test'] Result:\\n\\nCommand executed in terminal 1 within working directory '/Users/cte/Documents/evals/java/dominoes'. Exit code: 0\\nOutput:\\n\\r\\n\\r\\n> Connecting to Daemon<===========--> 85% EXECUTING [83ms]> :test > 0 tests completed<===========--> 85% EXECUTING [185ms]<===========--> 85% EXECUTING [280ms]<===========--> 85% EXECUTING [385ms]\\r\\n> Task :test\\r\\n\\r\\nDominoesTest > cantBeChainedTest() PASSED\\r\\n\\r\\nDominoesTest > needBacktrackTest() PASSED\\r\\n\\r\\nDominoesTest > singletonInputSingletonOutput() PASSED\\r\\n\\r\\nDominoesTest > nineElementsTest() PASSED\\r\\n\\r\\nDominoesTest > separateLoopsTest() PASSED\\r\\n\\r\\nDominoesTest > disconnectedDoubleLoopTest() PASSED\\r\\n\\r\\nDominoesTest > singletonCantBeChainedTest() PASSED\\r\\n\\r\\nDominoesTest > disconnectedSingleIsolatedTest() PASSED\\r\\n\\r\\nDominoesTest > separateThreeDominoLoopsTest() PASSED\\r\\n\\r\\nDominoesTest > emtpyInputEmptyOutputTest() PASSED\\r\\n\\r\\nDominoesTest > canReverseDominoesTest() PASSED\\r\\n\\r\\nDominoesTest > disconnectedSimpleTest() PASSED\\r\\n\\r\\nDominoesTest > threeElementsTest() PASSED\\r\\n\\r\\nDeprecated Gradle features were used in this build, making it incompatible with Gradle 9.0.\\r\\n\\r\\nYou can use '--warning-mode all' to show the individual deprecation warnings and determine if they come from your own scripts or plugins.\\r\\n\\r\\nFor more on this, please refer to https://docs.gradle.org/8.7/userguide/command_line_interface.html#sec:command_line_warnings in the Gradle documentation.\\r\\n\\r\\nBUILD SUCCESSFUL in 794ms\\r\\n3 actionable tasks: 2 executed, 1 up-to-date\\r\\n\\r\\n\\r\\n<-------------> 0% WAITING> :test > 0 tests completed%                                                                                    \\r \\r\\n\\nLoading...\"}"
}
[2025-04-04T04:40:04.014Z] {
  "ts": 1743741603619,
  "type": "say",
  "say": "text",
  "text": "All tests passed successfully. The `formChain` method in `src/main/java/Dominoes.java` now correctly finds a valid domino chain or throws the appropriate exception when no chain can be formed.",
  "partial": false
}
[2025-04-04T04:40:04.434Z] taskCompleted -> 8ad85a3e-1020-4a17-b989-7bb5b4e11037 | {
  "totalTokensIn": 179859,
  "totalTokensOut": 8435,
  "totalCacheWrites": 0,
  "totalCacheReads": 0,
  "totalCost": 0,
  "contextTokens": 29790
}
[2025-04-04T04:40:04.460Z] {
  "ts": 1743741604020,
  "type": "say",
  "say": "completion_result",
  "text": "I have successfully implemented the `formChain` method in `src/main/java/Dominoes.java` according to the exercise requirements. All tests in `src/test/java/DominoesTest.java` are now passing.",
  "partial": false
}
[2025-04-04T04:40:04.539Z] {
  "ts": 1743741604434,
  "type": "ask",
  "ask": "completion_result",
  "text": ""
}
