[2025-04-04T04:34:09.581Z] {
  "ts": 1743741249532,
  "type": "say",
  "say": "text",
  "text": "Your job is to complete a coding exercise described the markdown files inside the `.docs` directory.\n\nA file with the implementation stubbed out has been created for you, along with a test file.\n\nTo successfully complete the exercise, you must pass all the tests in the test file.\n\nTo confirm that your solution is correct, run the tests with `./gradlew test`. Do not alter the test file; it should be run as-is.\n\nDo not use the \"ask_followup_question\" tool.\n"
}
[2025-04-04T04:34:09.607Z] taskStarted -> a7e522cc-2779-48b0-893f-a876cc965c5a
[2025-04-04T04:34:09.642Z] {
  "ts": 1743741249607,
  "type": "say",
  "say": "api_req_started",
  "text": "{\"request\":\"<task>\\nYour job is to complete a coding exercise described the markdown files inside the `.docs` directory.\\n\\nA file with the implementation stubbed out has been created for you, along with a test file.\\n\\nTo successfully complete the exercise, you must pass all the tests in the test file.\\n\\nTo confirm that your solution is correct, run the tests with `./gradlew test`. Do not alter the test file; it should be run as-is.\\n\\nDo not use the \\\"ask_followup_question\\\" tool.\\n\\n</task>\\n\\nLoading...\"}"
}
[2025-04-04T04:34:14.642Z] {
  "ts": 1743741254165,
  "type": "say",
  "say": "text",
  "text": "Okay, I understand the task. I need to implement the `BaseConverter.java` file based on the exercise description found in the `.docs` directory and ensure it passes all tests in `BaseConverterTest.java`.\n\nFirst, I'll list the files in the `.docs` directory to find the exercise description.",
  "partial": false
}
[2025-04-04T04:34:14.719Z] {
  "ts": 1743741254680,
  "type": "ask",
  "ask": "tool",
  "text": "{\"tool\":\"listFilesTopLevel\",\"path\":\".docs\",\"content\":\"instructions.md\\nintroduction.md\"}"
}
[2025-04-04T04:34:14.775Z] {
  "ts": 1743741254745,
  "type": "say",
  "say": "api_req_started",
  "text": "{\"request\":\"[list_files for '.docs'] Result:\\n\\ninstructions.md\\nintroduction.md\\n\\nLoading...\"}"
}
[2025-04-04T04:34:17.779Z] {
  "ts": 1743741257233,
  "type": "say",
  "say": "text",
  "text": "Okay, I see two files: `instructions.md` and `introduction.md`. I'll read `instructions.md` as it likely contains the specific requirements for the exercise.",
  "partial": false
}
[2025-04-04T04:34:17.869Z] {
  "ts": 1743741257826,
  "type": "ask",
  "ask": "tool",
  "text": "{\"tool\":\"readFile\",\"path\":\".docs/instructions.md\",\"isOutsideWorkspace\":false,\"content\":\"/Users/cte/Documents/evals/java/all-your-base/.docs/instructions.md\",\"reason\":\" (max 500 lines)\"}"
}
[2025-04-04T04:34:17.945Z] {
  "ts": 1743741257912,
  "type": "say",
  "say": "api_req_started",
  "text": "{\"request\":\"[read_file for '.docs/instructions.md'] Result:\\n\\n 1 | # Instructions\\n 2 | \\n 3 | Convert a sequence of digits in one base, representing a number, into a sequence of digits in another base, representing the same number.\\n 4 | \\n 5 | ~~~~exercism/note\\n 6 | Try to implement the conversion yourself.\\n 7 | Do not use something else to perform the conversion for you.\\n 8 | ~~~~\\n 9 | \\n10 | ## About [Positional Notation][positional-notation]\\n11 | \\n12 | In positional notation, a number in base **b** can be understood as a linear combination of powers of **b**.\\n13 | \\n14 | The number 42, _in base 10_, means:\\n15 | \\n16 | `(4 × 10¹) + (2 × 10⁰)`\\n17 | \\n18 | The number 101010, _in base 2_, means:\\n19 | \\n20 | `(1 × 2⁵) + (0 × 2⁴) + (1 × 2³) + (0 × 2²) + (1 × 2¹) + (0 × 2⁰)`\\n21 | \\n22 | The number 1120, _in base 3_, means:\\n23 | \\n24 | `(1 × 3³) + (1 × 3²) + (2 × 3¹) + (0 × 3⁰)`\\n25 | \\n26 | _Yes. Those three numbers above are exactly the same. Congratulations!_\\n27 | \\n28 | [positional-notation]: https://en.wikipedia.org/wiki/Positional_notation\\n29 | \\n\\nLoading...\"}"
}
[2025-04-04T04:34:24.438Z] {
  "ts": 1743741263686,
  "type": "say",
  "say": "text",
  "text": "Okay, the instructions describe the standard base conversion process. The core idea is to convert the input number (represented as digits in the `originalBase`) to its base-10 equivalent, and then convert that base-10 number to the `newBase` representation.\n\nI need to see the existing code in `src/main/java/BaseConverter.java` to understand the class structure and the method signature I need to implement.",
  "partial": false
}
[2025-04-04T04:34:24.605Z] {
  "ts": 1743741264449,
  "type": "ask",
  "ask": "tool",
  "text": "{\"tool\":\"readFile\",\"path\":\"src/main/java/BaseConverter.java\",\"isOutsideWorkspace\":false,\"content\":\"/Users/cte/Documents/evals/java/all-your-base/src/main/java/BaseConverter.java\",\"reason\":\" (max 500 lines)\"}",
  "partial": false
}
[2025-04-04T04:34:24.743Z] {
  "ts": 1743741264712,
  "type": "say",
  "say": "api_req_started",
  "text": "{\"request\":\"[read_file for 'src/main/java/BaseConverter.java'] Result:\\n\\n 1 | class BaseConverter {\\n 2 | \\n 3 |     BaseConverter(int originalBase, int[] originalDigits) {\\n 4 |         throw new UnsupportedOperationException(\\\"Delete this statement and write your own implementation.\\\");\\n 5 |     }\\n 6 | \\n 7 |     int[] convertToBase(int newBase) {\\n 8 |         throw new UnsupportedOperationException(\\\"Delete this statement and write your own implementation.\\\");\\n 9 |     }\\n10 | \\n11 | }\\n\\nLoading...\"}"
}
[2025-04-04T04:34:33.534Z] {
  "ts": 1743741271014,
  "type": "say",
  "say": "text",
  "text": "Okay, I see the structure. The constructor takes the original base and digits, and the `convertToBase` method performs the conversion to the new base.\n\nHere's the implementation plan:\n\n1.  **Constructor (`BaseConverter`)**:\n    *   Add fields to store the base-10 value of the input number.\n    *   Implement validation checks:\n        *   `originalBase` must be at least 2.\n        *   Each digit in `originalDigits` must be non-negative and less than `originalBase`.\n        *   Handle empty or leading zero digits (unless the number is just 0).\n    *   Calculate the base-10 value from `originalDigits` and `originalBase`.\n2.  **Method (`convertToBase`)**:\n    *   Implement validation for `newBase` (must be at least 2).\n    *   Convert the stored base-10 value into the `newBase`.\n    *   Handle the edge case where the number is 0.\n    *   Return the result as an array of digits in the `newBase`.\n\nI'll now write the complete implementation for `BaseConverter.java`.",
  "partial": false
}
[2025-04-04T04:34:40.404Z] {
  "ts": 1743741273610,
  "type": "ask",
  "ask": "tool",
  "text": "{\"tool\":\"editedExistingFile\",\"path\":\"src/main/java/BaseConverter.java\",\"isOutsideWorkspace\":false,\"diff\":\"@@ -1,11 +1,87 @@\\n+import java.util.ArrayList;\\n+import java.util.Arrays;\\n+import java.util.Collections;\\n+import java.util.List;\\n+import java.util.stream.IntStream;\\n+\\n class BaseConverter {\\n \\n+    private final int base10Value;\\n+    private final int originalBase; // Keep original base for potential future use or validation context\\n+\\n     BaseConverter(int originalBase, int[] originalDigits) {\\n-        throw new UnsupportedOperationException(\\\"Delete this statement and write your own implementation.\\\");\\n+        if (originalBase < 2) {\\n+            throw new IllegalArgumentException(\\\"Bases must be at least 2.\\\");\\n+        }\\n+        if (originalDigits == null) {\\n+             throw new IllegalArgumentException(\\\"Digits array cannot be null.\\\");\\n+        }\\n+\\n+        // Validate digits and calculate base 10 value\\n+        int calculatedValue = 0;\\n+        int power = 0;\\n+        boolean nonZeroDigitFound = false;\\n+\\n+        // Process digits from right to left (least significant to most significant)\\n+        for (int i = originalDigits.length - 1; i >= 0; i--) {\\n+            int digit = originalDigits[i];\\n+            if (digit < 0) {\\n+                throw new IllegalArgumentException(\\\"Digits must be non-negative.\\\");\\n+            }\\n+            if (digit >= originalBase) {\\n+                throw new IllegalArgumentException(\\\"All digits must be strictly less than the base.\\\");\\n+            }\\n+\\n+            if (digit != 0) {\\n+                nonZeroDigitFound = true;\\n+            }\\n+\\n+            // Only add value if a non-zero digit has been found or it's the last digit (handling leading zeros)\\n+            // Or if the array has only one element which might be 0\\n+            if (nonZeroDigitFound || originalDigits.length == 1) {\\n+                 calculatedValue += digit * Math.pow(originalBase, power);\\n+            }\\n+             // Check for invalid leading zeros (more than one digit and the first is zero)\\n+            if (originalDigits.length > 1 && originalDigits[0] == 0 && i == 0) {\\n+                 throw new IllegalArgumentException(\\\"Input cannot have leading zeros.\\\");\\n+            }\\n+\\n+\\n+            power++;\\n+        }\\n+\\n+        // Handle case where input is empty array\\n+        if (originalDigits.length == 0) {\\n+             // Representing 0, often expected output is [0]\\n+             calculatedValue = 0;\\n+        }\\n+\\n+\\n+        this.base10Value = calculatedValue;\\n+        this.originalBase = originalBase; // Store original base if needed later\\n     }\\n \\n     int[] convertToBase(int newBase) {\\n-        throw new UnsupportedOperationException(\\\"Delete this statement and write your own implementation.\\\");\\n+        if (newBase < 2) {\\n+            throw new IllegalArgumentException(\\\"Bases must be at least 2.\\\");\\n+        }\\n+\\n+        if (base10Value == 0) {\\n+            return new int[]{0};\\n+        }\\n+\\n+        List<Integer> newDigits = new ArrayList<>();\\n+        int currentValue = base10Value;\\n+\\n+        while (currentValue > 0) {\\n+            int remainder = currentValue % newBase;\\n+            newDigits.add(remainder);\\n+            currentValue /= newBase;\\n+        }\\n+\\n+        Collections.reverse(newDigits);\\n+\\n+        // Convert List<Integer> to int[]\\n+        return newDigits.stream().mapToInt(Integer::intValue).toArray();\\n     }\\n-\\n }\\n\\\\ No newline at end of file\\n\"}",
  "partial": false
}
[2025-04-04T04:34:40.797Z] {
  "ts": 1743741280766,
  "type": "say",
  "say": "api_req_started",
  "text": "{\"request\":\"[write_to_file for 'src/main/java/BaseConverter.java'] Result:\\n\\nThe content was successfully saved to src/main/java/BaseConverter.java.\\n\\nLoading...\"}"
}
[2025-04-04T04:34:43.342Z] {
  "ts": 1743741282912,
  "type": "say",
  "say": "text",
  "text": "Okay, the implementation has been written to `src/main/java/BaseConverter.java`.\n\nNow, I will run the tests using the provided command to check if the implementation is correct.",
  "partial": false
}
[2025-04-04T04:34:43.403Z] {
  "ts": 1743741283364,
  "type": "ask",
  "ask": "command",
  "text": "./gradlew test"
}
[2025-04-04T04:34:45.421Z] {
  "ts": 1743741285370,
  "type": "ask",
  "ask": "command_output",
  "text": ""
}
[2025-04-04T04:34:45.775Z] {
  "ts": 1743741285743,
  "type": "ask",
  "ask": "command_output",
  "text": "\r\n"
}
[2025-04-04T04:34:45.880Z] {
  "ts": 1743741285847,
  "type": "ask",
  "ask": "command_output",
  "text": "\r\n"
}
[2025-04-04T04:34:46.315Z] {
  "ts": 1743741286283,
  "type": "ask",
  "ask": "command_output",
  "text": "<===========--> 85% EXECUTING [101ms]> :test<===========--> 85% EXECUTING [199ms]> :test > 0 tests completed<===========--> 85% EXECUTING [300ms]<===========--> 85% EXECUTING [399ms]<===========--> 85% EXECUTING [503ms]> :test\r\n> Task :test FAILED\r\n\r\nBaseConverterTest > testSingleDecimalToBinary() PASSED\r\n\r\nBaseConverterTest > testDecimalToBinary() PASSED\r\n\r\nBaseConverterTest > testFirstBaseIsOne() PASSED\r\n\r\nBaseConverterTest > testBinaryToSingleDecimal() PASSED\r\n\r\nBaseConverterTest > testFirstBaseIsZero() PASSED\r\n\r\nBaseConverterTest > testLeadingZeros() FAILED\r\n    java.lang.IllegalArgumentException: Input cannot have leading zeros.\r\n        at BaseConverter.<init>(BaseConverter.java:46)\r\n        at BaseConverterTest.testLeadingZeros(BaseConverterTest.java:99)\r\n\r\nBaseConverterTest > testTrinaryToHexadecimal() PASSED\r\n\r\nBaseConverterTest > testHexadecimalToTrinary() PASSED\r\n\r\nBaseConverterTest > testSecondBaseIsZero() PASSED\r\n\r\nBaseConverterTest > testEmptyDigits() PASSED\r\n\r\nBaseConverterTest > testSingleZero() PASSED\r\n\r\nBaseConverterTest > testBinaryToMultipleDecimal() PASSED\r\n\r\nBaseConverterTest > testSecondBaseIsNegative() PASSED\r\n\r\nBaseConverterTest > test15BitInteger() PASSED\r\n\r\nBaseConverterTest > testSingleBitOneToDecimal() PASSED\r\n\r\nBaseConverterTest > testInvalidPositiveDigit() PASSED\r\n\r\nBaseConverterTest > testMultipleZeros() FAILED\r\n    java.lang.IllegalArgumentException: Input cannot have leading zeros.\r\n        at BaseConverter.<init>(BaseConverter.java:46)\r\n        at BaseConverterTest.testMultipleZeros(BaseConverterTest.java:91)\r\n\r\nBaseConverterTest > testNegativeDigit() FAILED\r\n    org.opentest4j.AssertionFailedError: \r\n    Expecting message to be:\r\n      \"Digits may not be negative.\"\r\n    but was:\r\n      \"Digits must be non-negative.\"\r\n\r\n    Throwable that failed the check:\r\n\r\n    java.lang.IllegalArgumentException: Digits must be non-negative.\r\n        at BaseConverter.<init>(BaseConverter.java:29)\r\n        at BaseConverterTest.lambda$testNegativeDigit$3(BaseConverterTest.java:129)\r\n        at org.assertj.core.api.ThrowableAssert.catchThrowable(ThrowableAssert.java:63)\r\n        at org.assertj.core.api.ThrowableTypeAssert.isThrownBy(ThrowableTypeAssert.java:59)\r\n        at BaseConverterTest.testNegativeDigit(BaseConverterTest.java:129)\r\n        at java.base/jdk.internal.reflect.NativeMethodAccessorImpl.invoke0(Native Method)\r\n        at java.base/jdk.internal.reflect.NativeMethodAccessorImpl.invoke(NativeMethodAccessorImpl.java:77)\r\n        at java.base/jdk.internal.reflect.DelegatingMethodAccessorImpl.invoke(DelegatingMethodAccessorImpl.java:43)\r\n        at java.base/java.lang.reflect.Method.invoke(Method.java:569)\r\n        at org.junit.platform.commons.util.ReflectionUtils.invokeMethod(ReflectionUtils.java:728)\r\n        at org.junit.jupiter.engine.execution.MethodInvocation.proceed(MethodInvocation.java:60)\r\n        at org.junit.jupiter.engine.execution.InvocationInterceptorChain$ValidatingInvocation.proceed(InvocationInterceptorChain.java:131)\r\n        at org.junit.jupiter.engine.extension.TimeoutExtension.intercept(TimeoutExtension.java:156)\r\n        at org.junit.jupiter.engine.extension.TimeoutExtension.interceptTestableMethod(TimeoutExtension.java:147)\r\n        at org.junit.jupiter.engine.extension.TimeoutExtension.interceptTestMethod(TimeoutExtension.java:86)\r\n        at org.junit.jupiter.engine.execution.InterceptingExecutableInvoker$ReflectiveInterceptorCall.lambda$ofVoidMethod$0(InterceptingExecutableInvoker.java:103)\r\n        at org.junit.jupiter.engine.execution.InterceptingExecutableInvoker.lambda$invoke$0(InterceptingExecutableInvoker.java:93)\r\n        at org.junit.jupiter.engine.execution.InvocationInterceptorChain$InterceptedInvocation.proceed(InvocationInterceptorChain.java:106)\r\n        at org.junit.jupiter.engine.execution.InvocationInterceptorChain.proceed(InvocationInterceptorChain.java:64)\r\n        at org.junit.jupiter.engine.execution.InvocationInterceptorChain.chainAndInvoke(InvocationInterceptorChain.java:45)\r\n        at org.junit.jupiter.engine.execution.InvocationInterceptorChain.invoke(InvocationInterceptorChain.java:37)\r\n        at org.junit.jupiter.engine.execution.InterceptingExecutableInvoker.invoke(InterceptingExecutableInvoker.java:92)\r\n        at org.junit.jupiter.engine.execution.InterceptingExecutableInvoker.invoke(InterceptingExecutableInvoker.java:86)\r\n        at org.junit.jupiter.engine.descriptor.TestMethodTestDescriptor.lambda$invokeTestMethod$7(TestMethodTestDescriptor.java:218)\r\n        at org.junit.platform.engine.support.hierarchical.ThrowableCollector.execute(ThrowableCollector.java:73)\r\n        at org.junit.jupiter.engine.descriptor.TestMethodTestDescriptor.invokeTestMethod(TestMethodTestDescriptor.java:214)\r\n        at org.junit.jupiter.engine.descriptor.TestMethodTestDescriptor.execute(TestMethodTestDescriptor.java:139)\r\n        at org.junit.jupiter.engine.descriptor.TestMethodTestDescriptor.execute(TestMethodTestDescriptor.java:69)\r\n        at org.junit.platform.engine.support.hierarchical.NodeTestTask.lambda$executeRecursively$6(NodeTestTask.java:151)\r\n        at org.junit.platform.engine.support.hierarchical.ThrowableCollector.execute(ThrowableCollector.java:73)\r\n        at org.junit.platform.engine.support.hierarchical.NodeTestTask.lambda$executeRecursively$8(NodeTestTask.java:141)\r\n        at org.junit.platform.engine.support.hierarchical.Node.around(Node.java:137)\r\n        at org.junit.platform.engine.support.hierarchical.NodeTestTask.lambda$executeRecursively$9(NodeTestTask.java:139)\r\n        at org.junit.platform.engine.support.hierarchical.ThrowableCollector.execute(ThrowableCollector.java:73)\r\n        at org.junit.platform.engine.support.hierarchical.NodeTestTask.executeRecursively(NodeTestTask.java:138)\r\n        at org.junit.platform.engine.support.hierarchical.NodeTestTask.execute(NodeTestTask.java:95)\r\n        at java.base/java.util.ArrayList.forEach(ArrayList.java:1511)\r\n        at org.junit.platform.engine.support.hierarchical.SameThreadHierarchicalTestExecutorService.invokeAll(SameThreadHierarchicalTestExecutorService.java:41)\r\n        at org.junit.platform.engine.support.hierarchical.NodeTestTask.lambda$executeRecursively$6(NodeTestTask.java:155)\r\n        at org.junit.platform.engine.support.hierarchical.ThrowableCollector.execute(ThrowableCollector.java:73)\r\n        at org.junit.platform.engine.support.hierarchical.NodeTestTask.lambda$executeRecursively$8(NodeTestTask.java:141)\r\n        at org.junit.platform.engine.support.hierarchical.Node.around(Node.java:137)\r\n        at org.junit.platform.engine.support.hierarchical.NodeTestTask.lambda$executeRecursively$9(NodeTestTask.java:139)\r\n        at org.junit.platform.engine.support.hierarchical.ThrowableCollector.execute(ThrowableCollector.java:73)\r\n        at org.junit.platform.engine.support.hierarchical.NodeTestTask.executeRecursively(NodeTestTask.java:138)\r\n        at org.junit.platform.engine.support.hierarchical.NodeTestTask.execute(NodeTestTask.java:95)\r\n        at java.base/java.util.ArrayList.forEach(ArrayList.java:1511)\r\n        at org.junit.platform.engine.support.hierarchical.SameThreadHierarchicalTestExecutorService.invokeAll(SameThreadHierarchicalTestExecutorService.java:41)\r\n        at org.junit.platform.engine.support.hierarchical.NodeTestTask.lambda$executeRecursively$6(NodeTestTask.java:155)\r\n        at org.junit.platform.engine.support.hierarchical.ThrowableCollector.execute(ThrowableCollector.java:73)\r\n        at org.junit.platform.engine.support.hierarchical.NodeTestTask.lambda$executeRecursively$8(NodeTestTask.java:141)\r\n        at org.junit.platform.engine.support.hierarchical.Node.around(Node.java:137)\r\n        at org.junit.platform.engine.support.hierarchical.NodeTestTask.lambda$executeRecursively$9(NodeTestTask.java:139)\r\n        at org.junit.platform.engine.support.hierarchical.ThrowableCollector.execute(ThrowableCollector.java:73)\r\n        at org.junit.platform.engine.support.hierarchical.NodeTestTask.executeRecursively(NodeTestTask.java:138)\r\n        at org.junit.platform.engine.support.hierarchical.NodeTestTask.execute(NodeTestTask.java:95)\r\n        at org.junit.platform.engine.support.hierarchical.SameThreadHierarchicalTestExecutorService.submit(SameThreadHierarchicalTestExecutorService.java:35)\r\n        at org.junit.platform.engine.support.hierarchical.HierarchicalTestExecutor.execute(HierarchicalTestExecutor.java:57)\r\n        at org.junit.platform.engine.support.hierarchical.HierarchicalTestEngine.execute(HierarchicalTestEngine.java:54)\r\n        at org.junit.platform.launcher.core.EngineExecutionOrchestrator.execute(EngineExecutionOrchestrator.java:107)\r\n        at org.junit.platform.launcher.core.EngineExecutionOrchestrator.execute(EngineExecutionOrchestrator.java:88)\r\n        at org.junit.platform.launcher.core.EngineExecutionOrchestrator.lambda$execute$0(EngineExecutionOrchestrator.java:54)\r\n        at org.junit.platform.launcher.core.EngineExecutionOrchestrator.withInterceptedStreams(EngineExecutionOrchestrator.java:67)\r\n        at org.junit.platform.launcher.core.EngineExecutionOrchestrator.execute(EngineExecutionOrchestrator.java:52)\r\n        at org.junit.platform.launcher.core.DefaultLauncher.execute(DefaultLauncher.java:114)\r\n        at org.junit.platform.launcher.core.DefaultLauncher.execute(DefaultLauncher.java:86)\r\n        at org.junit.platform.launcher.core.DefaultLauncherSession$DelegatingLauncher.execute(DefaultLauncherSession.java:86)\r\n        at org.gradle.api.internal.tasks.testing.junitplatform.JUnitPlatformTestClassProcessor$CollectAllTestClassesExecutor.processAllTestClasses(JUnitPlatformTestClassProcessor.java:119)\r\n        at org.gradle.api.internal.tasks.testing.junitplatform.JUnitPlatformTestClassProcessor$CollectAllTestClassesExecutor.access$000(JUnitPlatformTestClassProcessor.java:94)\r\n        at org.gradle.api.internal.tasks.testing.junitplatform.JUnitPlatformTestClassProcessor.stop(JUnitPlatformTestClassProcessor.java:89)\r\n        at org.gradle.api.internal.tasks.testing.SuiteTestClassProcessor.stop(SuiteTestClassProcessor.java:62)\r\n        at java.base/jdk.internal.reflect.NativeMethodAccessorImpl.invoke0(Native Method)\r\n        at java.base/jdk.internal.reflect.NativeMethodAccessorImpl.invoke(NativeMethodAccessorImpl.java:77)\r\n        at java.base/jdk.internal.reflect.DelegatingMethodAccessorImpl.invoke(DelegatingMethodAccessorImpl.java:43)\r\n        at java.base/java.lang.reflect.Method.invoke(Method.java:569)\r\n        at org.gradle.internal.dispatch.ReflectionDispatch.dispatch(ReflectionDispatch.java:36)\r\n        at org.gradle.internal.dispatch.ReflectionDispatch.dispatch(ReflectionDispatch.java:24)\r\n        at org.gradle.internal.dispatch.ContextClassLoaderDispatch.dispatch(ContextClassLoaderDispatch.java:33)\r\n        at org.gradle.internal.dispatch.ProxyDispatchAdapter$DispatchingInvocationHandler.invoke(ProxyDispatchAdapter.java:94)\r\n        at jdk.proxy1/jdk.proxy1.$Proxy2.stop(Unknown Source)\r\n        at org.gradle.api.internal.tasks.testing.worker.TestWorker$3.run(TestWorker.java:193)\r\n        at org.gradle.api.internal.tasks.testing.worker.TestWorker.executeAndMaintainThreadName(TestWorker.java:129)\r\n        at org.gradle.api.internal.tasks.testing.worker.TestWorker.execute(TestWorker.java:100)\r\n        at org.gradle.api.internal.tasks.testing.worker.TestWorker.execute(TestWorker.java:60)\r\n        at org.gradle.process.internal.worker.child.ActionExecutionWorker.execute(ActionExecutionWorker.java:56)\r\n        at org.gradle.process.internal.worker.child.SystemApplicationClassLoaderWorker.call(SystemApplicationClassLoaderWorker.java:113)\r\n        at org.gradle.process.internal.worker.child.SystemApplicationClassLoaderWorker.call(SystemApplicationClassLoaderWorker.java:65)\r\n        at worker.org.gradle.process.internal.worker.GradleWorkerMain.run(GradleWorkerMain.java:69)\r\n        at worker.org.gradle.process.internal.worker.GradleWorkerMain.main(GradleWorkerMain.java:74)\r\n        at java.base@17.0.14/jdk.internal.reflect.NativeConstructorAccessorImpl.newInstance0(Native Method)\r\n        at java.base@17.0.14/jdk.internal.reflect.NativeConstructorAccessorImpl.newInstance(NativeConstructorAccessorImpl.java:77)\r\n        at java.base@17.0.14/jdk.internal.reflect.DelegatingConstructorAccessorImpl.newInstance(DelegatingConstructorAccessorImpl.java:45)\r\n        at java.base@17.0.14/java.lang.reflect.Constructor.newInstanceWithCaller(Constructor.java:500)\r\n        at app//BaseConverterTest.testNegativeDigit(BaseConverterTest.java:130)\r\n\r\nBaseConverterTest > testFirstBaseIsNegative() PASSED\r\n\r\nBaseConverterTest > testSecondBaseIsOne() PASSED\r\n\r\n20 tests completed, 3 failed\r\n\r\nFAILURE: Build failed with an exception.\r\n\r\n* What went wrong:\r\nExecution failed for task ':test'.\r\n> There were failing tests. See the report at: file:///Users/cte/Documents/evals/java/all-your-base/build/reports/tests/test/index.html\r\n\r\n* Try:\r\n> Run with --scan to get full insights.\r\n\r\nDeprecated Gradle features were used in this build, making it incompatible with Gradle 9.0.\r\n\r\nYou can use '--warning-mode all' to show the individual deprecation warnings and determine if they come from your own scripts or plugins.\r\n\r\nFor more on this, please refer to https://docs.gradle.org/8.7/userguide/command_line_interface.html#sec:command_line_warnings in the Gradle documentation.\r\n\r\nBUILD FAILED in 815ms\r\n3 actionable tasks: 2 executed, 1 up-to-date\r\n\r\n\r\n"
}
[2025-04-04T04:34:46.637Z] {
  "ts": 1743741286594,
  "type": "ask",
  "ask": "command_output",
  "text": "<-------------> 0% WAITING> :test%                                                                                    \r \r"
}
[2025-04-04T04:34:46.693Z] {
  "ts": 1743741286658,
  "type": "say",
  "say": "api_req_started",
  "text": "{\"request\":\"[execute_command for './gradlew test'] Result:\\n\\nCommand executed in terminal 1 within working directory '/Users/cte/Documents/evals/java/all-your-base'. Command execution was not successful, inspect the cause and adjust as needed.\\nExit code: 1\\nOutput:\\n\\r\\n\\r\\n<===========--> 85% EXECUTING [101ms]> :test<===========--> 85% EXECUTING [199ms]> :test > 0 tests completed<===========--> 85% EXECUTING [300ms]<===========--> 85% EXECUTING [399ms]<===========--> 85% EXECUTING [503ms]> :test\\r\\n> Task :test FAILED\\r\\n\\r\\nBaseConverterTest > testSingleDecimalToBinary() PASSED\\r\\n\\r\\nBaseConverterTest > testDecimalToBinary() PASSED\\r\\n\\r\\nBaseConverterTest > testFirstBaseIsOne() PASSED\\r\\n\\r\\nBaseConverterTest > testBinaryToSingleDecimal() PASSED\\r\\n\\r\\nBaseConverterTest > testFirstBaseIsZero() PASSED\\r\\n\\r\\nBaseConverterTest > testLeadingZeros() FAILED\\r\\n    java.lang.IllegalArgumentException: Input cannot have leading zeros.\\r\\n        at BaseConverter.<init>(BaseConverter.java:46)\\r\\n        at BaseConverterTest.testLeadingZeros(BaseConverterTest.java:99)\\r\\n\\r\\nBaseConverterTest > testTrinaryToHexadecimal() PASSED\\r\\n\\r\\nBaseConverterTest > testHexadecimalToTrinary() PASSED\\r\\n\\r\\nBaseConverterTest > testSecondBaseIsZero() PASSED\\r\\n\\r\\nBaseConverterTest > testEmptyDigits() PASSED\\r\\n\\r\\nBaseConverterTest > testSingleZero() PASSED\\r\\n\\r\\nBaseConverterTest > testBinaryToMultipleDecimal() PASSED\\r\\n\\r\\nBaseConverterTest > testSecondBaseIsNegative() PASSED\\r\\n\\r\\nBaseConverterTest > test15BitInteger() PASSED\\r\\n\\r\\nBaseConverterTest > testSingleBitOneToDecimal() PASSED\\r\\n\\r\\nBaseConverterTest > testInvalidPositiveDigit() PASSED\\r\\n\\r\\nBaseConverterTest > testMultipleZeros() FAILED\\r\\n    java.lang.IllegalArgumentException: Input cannot have leading zeros.\\r\\n        at BaseConverter.<init>(BaseConverter.java:46)\\r\\n        at BaseConverterTest.testMultipleZeros(BaseConverterTest.java:91)\\r\\n\\r\\nBaseConverterTest > testNegativeDigit() FAILED\\r\\n    org.opentest4j.AssertionFailedError: \\r\\n    Expecting message to be:\\r\\n      \\\"Digits may not be negative.\\\"\\r\\n    but was:\\r\\n      \\\"Digits must be non-negative.\\\"\\r\\n\\r\\n    Throwable that failed the check:\\r\\n\\r\\n    java.lang.IllegalArgumentException: Digits must be non-negative.\\r\\n        at BaseConverter.<init>(BaseConverter.java:29)\\r\\n        at BaseConverterTest.lambda$testNegativeDigit$3(BaseConverterTest.java:129)\\r\\n        at org.assertj.core.api.ThrowableAssert.catchThrowable(ThrowableAssert.java:63)\\r\\n        at org.assertj.core.api.ThrowableTypeAssert.isThrownBy(ThrowableTypeAssert.java:59)\\r\\n        at BaseConverterTest.testNegativeDigit(BaseConverterTest.java:129)\\r\\n        at java.base/jdk.internal.reflect.NativeMethodAccessorImpl.invoke0(Native Method)\\r\\n        at java.base/jdk.internal.reflect.NativeMethodAccessorImpl.invoke(NativeMethodAccessorImpl.java:77)\\r\\n        at java.base/jdk.internal.reflect.DelegatingMethodAccessorImpl.invoke(DelegatingMethodAccessorImpl.java:43)\\r\\n        at java.base/java.lang.reflect.Method.invoke(Method.java:569)\\r\\n        at org.junit.platform.commons.util.ReflectionUtils.invokeMethod(ReflectionUtils.java:728)\\r\\n        at org.junit.jupiter.engine.execution.MethodInvocation.proceed(MethodInvocation.java:60)\\r\\n        at org.junit.jupiter.engine.execution.InvocationInterceptorChain$ValidatingInvocation.proceed(InvocationInterceptorChain.java:131)\\r\\n        at org.junit.jupiter.engine.extension.TimeoutExtension.intercept(TimeoutExtension.java:156)\\r\\n        at org.junit.jupiter.engine.extension.TimeoutExtension.interceptTestableMethod(TimeoutExtension.java:147)\\r\\n        at org.junit.jupiter.engine.extension.TimeoutExtension.interceptTestMethod(TimeoutExtension.java:86)\\r\\n        at org.junit.jupiter.engine.execution.InterceptingExecutableInvoker$ReflectiveInterceptorCall.lambda$ofVoidMethod$0(InterceptingExecutableInvoker.java:103)\\r\\n        at org.junit.jupiter.engine.execution.InterceptingExecutableInvoker.lambda$invoke$0(InterceptingExecutableInvoker.java:93)\\r\\n        at org.junit.jupiter.engine.execution.InvocationInterceptorChain$InterceptedInvocation.proceed(InvocationInterceptorChain.java:106)\\r\\n        at org.junit.jupiter.engine.execution.InvocationInterceptorChain.proceed(InvocationInterceptorChain.java:64)\\r\\n        at org.junit.jupiter.engine.execution.InvocationInterceptorChain.chainAndInvoke(InvocationInterceptorChain.java:45)\\r\\n        at org.junit.jupiter.engine.execution.InvocationInterceptorChain.invoke(InvocationInterceptorChain.java:37)\\r\\n        at org.junit.jupiter.engine.execution.InterceptingExecutableInvoker.invoke(InterceptingExecutableInvoker.java:92)\\r\\n        at org.junit.jupiter.engine.execution.InterceptingExecutableInvoker.invoke(InterceptingExecutableInvoker.java:86)\\r\\n        at org.junit.jupiter.engine.descriptor.TestMethodTestDescriptor.lambda$invokeTestMethod$7(TestMethodTestDescriptor.java:218)\\r\\n        at org.junit.platform.engine.support.hierarchical.ThrowableCollector.execute(ThrowableCollector.java:73)\\r\\n        at org.junit.jupiter.engine.descriptor.TestMethodTestDescriptor.invokeTestMethod(TestMethodTestDescriptor.java:214)\\r\\n        at org.junit.jupiter.engine.descriptor.TestMethodTestDescriptor.execute(TestMethodTestDescriptor.java:139)\\r\\n        at org.junit.jupiter.engine.descriptor.TestMethodTestDescriptor.execute(TestMethodTestDescriptor.java:69)\\r\\n        at org.junit.platform.engine.support.hierarchical.NodeTestTask.lambda$executeRecursively$6(NodeTestTask.java:151)\\r\\n        at org.junit.platform.engine.support.hierarchical.ThrowableCollector.execute(ThrowableCollector.java:73)\\r\\n        at org.junit.platform.engine.support.hierarchical.NodeTestTask.lambda$executeRecursively$8(NodeTestTask.java:141)\\r\\n        at org.junit.platform.engine.support.hierarchical.Node.around(Node.java:137)\\r\\n        at org.junit.platform.engine.support.hierarchical.NodeTestTask.lambda$executeRecursively$9(NodeTestTask.java:139)\\r\\n        at org.junit.platform.engine.support.hierarchical.ThrowableCollector.execute(ThrowableCollector.java:73)\\r\\n        at org.junit.platform.engine.support.hierarchical.NodeTestTask.executeRecursively(NodeTestTask.java:138)\\r\\n        at org.junit.platform.engine.support.hierarchical.NodeTestTask.execute(NodeTestTask.java:95)\\r\\n        at java.base/java.util.ArrayList.forEach(ArrayList.java:1511)\\r\\n        at org.junit.platform.engine.support.hierarchical.SameThreadHierarchicalTestExecutorService.invokeAll(SameThreadHierarchicalTestExecutorService.java:41)\\r\\n        at org.junit.platform.engine.support.hierarchical.NodeTestTask.lambda$executeRecursively$6(NodeTestTask.java:155)\\r\\n        at org.junit.platform.engine.support.hierarchical.ThrowableCollector.execute(ThrowableCollector.java:73)\\r\\n        at org.junit.platform.engine.support.hierarchical.NodeTestTask.lambda$executeRecursively$8(NodeTestTask.java:141)\\r\\n        at org.junit.platform.engine.support.hierarchical.Node.around(Node.java:137)\\r\\n        at org.junit.platform.engine.support.hierarchical.NodeTestTask.lambda$executeRecursively$9(NodeTestTask.java:139)\\r\\n        at org.junit.platform.engine.support.hierarchical.ThrowableCollector.execute(ThrowableCollector.java:73)\\r\\n        at org.junit.platform.engine.support.hierarchical.NodeTestTask.executeRecursively(NodeTestTask.java:138)\\r\\n        at org.junit.platform.engine.support.hierarchical.NodeTestTask.execute(NodeTestTask.java:95)\\r\\n        at java.base/java.util.ArrayList.forEach(ArrayList.java:1511)\\r\\n        at org.junit.platform.engine.support.hierarchical.SameThreadHierarchicalTestExecutorService.invokeAll(SameThreadHierarchicalTestExecutorService.java:41)\\r\\n        at org.junit.platform.engine.support.hierarchical.NodeTestTask.lambda$executeRecursively$6(NodeTestTask.java:155)\\r\\n        at org.junit.platform.engine.support.hierarchical.ThrowableCollector.execute(ThrowableCollector.java:73)\\r\\n        at org.junit.platform.engine.support.hierarchical.NodeTestTask.lambda$executeRecursively$8(NodeTestTask.java:141)\\r\\n        at org.junit.platform.engine.support.hierarchical.Node.around(Node.java:137)\\r\\n        at org.junit.platform.engine.support.hierarchical.NodeTestTask.lambda$executeRecursively$9(NodeTestTask.java:139)\\r\\n        at org.junit.platform.engine.support.hierarchical.ThrowableCollector.execute(ThrowableCollector.java:73)\\r\\n        at org.junit.platform.engine.support.hierarchical.NodeTestTask.executeRecursively(NodeTestTask.java:138)\\r\\n        at org.junit.platform.engine.support.hierarchical.NodeTestTask.execute(NodeTestTask.java:95)\\r\\n        at org.junit.platform.engine.support.hierarchical.SameThreadHierarchicalTestExecutorService.submit(SameThreadHierarchicalTestExecutorService.java:35)\\r\\n        at org.junit.platform.engine.support.hierarchical.HierarchicalTestExecutor.execute(HierarchicalTestExecutor.java:57)\\r\\n        at org.junit.platform.engine.support.hierarchical.HierarchicalTestEngine.execute(HierarchicalTestEngine.java:54)\\r\\n        at org.junit.platform.launcher.core.EngineExecutionOrchestrator.execute(EngineExecutionOrchestrator.java:107)\\r\\n        at org.junit.platform.launcher.core.EngineExecutionOrchestrator.execute(EngineExecutionOrchestrator.java:88)\\r\\n        at org.junit.platform.launcher.core.EngineExecutionOrchestrator.lambda$execute$0(EngineExecutionOrchestrator.java:54)\\r\\n        at org.junit.platform.launcher.core.EngineExecutionOrchestrator.withInterceptedStreams(EngineExecutionOrchestrator.java:67)\\r\\n        at org.junit.platform.launcher.core.EngineExecutionOrchestrator.execute(EngineExecutionOrchestrator.java:52)\\r\\n        at org.junit.platform.launcher.core.DefaultLauncher.execute(DefaultLauncher.java:114)\\r\\n        at org.junit.platform.launcher.core.DefaultLauncher.execute(DefaultLauncher.java:86)\\r\\n        at org.junit.platform.launcher.core.DefaultLauncherSession$DelegatingLauncher.execute(DefaultLauncherSession.java:86)\\r\\n        at org.gradle.api.internal.tasks.testing.junitplatform.JUnitPlatformTestClassProcessor$CollectAllTestClassesExecutor.processAllTestClasses(JUnitPlatformTestClassProcessor.java:119)\\r\\n        at org.gradle.api.internal.tasks.testing.junitplatform.JUnitPlatformTestClassProcessor$CollectAllTestClassesExecutor.access$000(JUnitPlatformTestClassProcessor.java:94)\\r\\n        at org.gradle.api.internal.tasks.testing.junitplatform.JUnitPlatformTestClassProcessor.stop(JUnitPlatformTestClassProcessor.java:89)\\r\\n        at org.gradle.api.internal.tasks.testing.SuiteTestClassProcessor.stop(SuiteTestClassProcessor.java:62)\\r\\n        at java.base/jdk.internal.reflect.NativeMethodAccessorImpl.invoke0(Native Method)\\r\\n        at java.base/jdk.internal.reflect.NativeMethodAccessorImpl.invoke(NativeMethodAccessorImpl.java:77)\\r\\n        at java.base/jdk.internal.reflect.DelegatingMethodAccessorImpl.invoke(DelegatingMethodAccessorImpl.java:43)\\r\\n        at java.base/java.lang.reflect.Method.invoke(Method.java:569)\\r\\n        at org.gradle.internal.dispatch.ReflectionDispatch.dispatch(ReflectionDispatch.java:36)\\r\\n        at org.gradle.internal.dispatch.ReflectionDispatch.dispatch(ReflectionDispatch.java:24)\\r\\n        at org.gradle.internal.dispatch.ContextClassLoaderDispatch.dispatch(ContextClassLoaderDispatch.java:33)\\r\\n        at org.gradle.internal.dispatch.ProxyDispatchAdapter$DispatchingInvocationHandler.invoke(ProxyDispatchAdapter.java:94)\\r\\n        at jdk.proxy1/jdk.proxy1.$Proxy2.stop(Unknown Source)\\r\\n        at org.gradle.api.internal.tasks.testing.worker.TestWorker$3.run(TestWorker.java:193)\\r\\n        at org.gradle.api.internal.tasks.testing.worker.TestWorker.executeAndMaintainThreadName(TestWorker.java:129)\\r\\n        at org.gradle.api.internal.tasks.testing.worker.TestWorker.execute(TestWorker.java:100)\\r\\n        at org.gradle.api.internal.tasks.testing.worker.TestWorker.execute(TestWorker.java:60)\\r\\n        at org.gradle.process.internal.worker.child.ActionExecutionWorker.execute(ActionExecutionWorker.java:56)\\r\\n        at org.gradle.process.internal.worker.child.SystemApplicationClassLoaderWorker.call(SystemApplicationClassLoaderWorker.java:113)\\r\\n        at org.gradle.process.internal.worker.child.SystemApplicationClassLoaderWorker.call(SystemApplicationClassLoaderWorker.java:65)\\r\\n        at worker.org.gradle.process.internal.worker.GradleWorkerMain.run(GradleWorkerMain.java:69)\\r\\n        at worker.org.gradle.process.internal.worker.GradleWorkerMain.main(GradleWorkerMain.java:74)\\r\\n        at java.base@17.0.14/jdk.internal.reflect.NativeConstructorAccessorImpl.newInstance0(Native Method)\\r\\n        at java.base@17.0.14/jdk.internal.reflect.NativeConstructorAccessorImpl.newInstance(NativeConstructorAccessorImpl.java:77)\\r\\n        at java.base@17.0.14/jdk.internal.reflect.DelegatingConstructorAccessorImpl.newInstance(DelegatingConstructorAccessorImpl.java:45)\\r\\n        at java.base@17.0.14/java.lang.reflect.Constructor.newInstanceWithCaller(Constructor.java:500)\\r\\n        at app//BaseConverterTest.testNegativeDigit(BaseConverterTest.java:130)\\r\\n\\r\\nBaseConverterTest > testFirstBaseIsNegative() PASSED\\r\\n\\r\\nBaseConverterTest > testSecondBaseIsOne() PASSED\\r\\n\\r\\n20 tests completed, 3 failed\\r\\n\\r\\nFAILURE: Build failed with an exception.\\r\\n\\r\\n* What went wrong:\\r\\nExecution failed for task ':test'.\\r\\n> There were failing tests. See the report at: file:///Users/cte/Documents/evals/java/all-your-base/build/reports/tests/test/index.html\\r\\n\\r\\n* Try:\\r\\n> Run with --scan to get full insights.\\r\\n\\r\\nDeprecated Gradle features were used in this build, making it incompatible with Gradle 9.0.\\r\\n\\r\\nYou can use '--warning-mode all' to show the individual deprecation warnings and determine if they come from your own scripts or plugins.\\r\\n\\r\\nFor more on this, please refer to https://docs.gradle.org/8.7/userguide/command_line_interface.html#sec:command_line_warnings in the Gradle documentation.\\r\\n\\r\\nBUILD FAILED in 815ms\\r\\n3 actionable tasks: 2 executed, 1 up-to-date\\r\\n\\r\\n\\r\\n<-------------> 0% WAITING> :test%                                                                                    \\r \\r\\n\\nLoading...\"}"
}
[2025-04-04T04:35:00.375Z] {
  "ts": 1743741297272,
  "type": "say",
  "say": "text",
  "text": "Okay, the tests failed. It seems there are issues with handling leading zeros and the exact exception message for negative digits.\n\nHere are the specific failures and the plan to fix them:\n\n1.  **`testLeadingZeros` & `testMultipleZeros`**: Both failed due to `IllegalArgumentException: Input cannot have leading zeros.` My current check for leading zeros is too aggressive and incorrectly flags inputs like `[0, 0]` which should represent 0. The check should only fail if there's a leading zero followed by non-zero digits (e.g., `[0, 1]`). An input consisting of only zeros (like `[0]` or `[0, 0]`) should be treated as the number 0.\n2.  **`testNegativeDigit`**: Failed because the exception message was `\"Digits must be non-negative.\"` instead of the expected `\"Digits may not be negative.\"`.\n\nI will modify the `BaseConverter.java` file to address these issues.\n\n*   Adjust the leading zero check to only trigger if the first digit is zero *and* the array has more than one element *and* not all elements are zero. A simpler approach is to check `if (originalDigits.length > 1 && originalDigits[0] == 0)` directly, as the case `[0, 0, ...]` will result in `base10Value = 0` anyway, which is handled correctly later.\n*   Correct the exception message for the negative digit check.\n*   Handle the empty array case explicitly to return 0, which converts to `[0]`.\n\nApplying the fixes:",
  "partial": false
}
[2025-04-04T04:35:05.378Z] {
  "ts": 1743741300388,
  "type": "ask",
  "ask": "tool",
  "text": "{\"tool\":\"appliedDiff\",\"path\":\"src/main/java/BaseConverter.java\",\"diff\":\"<<<<<<< SEARCH\\n:start_line:17\\n:end_line:20\\n-------\\n            throw new IllegalArgumentException(\\\"Digits array cannot be null.\\\");\\n        }\\n\\n        // Validate digits and calculate base 10 value\\n        int calculatedValue = 0;\\n=======\\n            throw new IllegalArgumentException(\\\"Digits array cannot be null.\\\");\\n        }\\n\\n        // Check for invalid leading zeros (more than one digit and the first is zero)\\n        if (originalDigits.length > 1 && originalDigits[0] == 0) {\\n            throw new IllegalArgumentException(\\\"Input cannot have leading zeros.\\\");\\n        }\\n        // Handle empty array or array representing 0\\n        if (originalDigits.length == 0 || Arrays.stream(originalDigits).allMatch(d -> d == 0)) {\\n             this.base10Value = 0;\\n             this.originalBase = originalBase;\\n             return; // Skip calculation for zero value\\n        }\\n\\n\\n        // Validate digits and calculate base 10 value\\n        int calculatedValue = 0;\\n>>>>>>> REPLACE\\n\\n<<<<<<< SEARCH\\n:start_line:27\\n:end_line:29\\n-------\\n            int digit = originalDigits[i];\\n            if (digit < 0) {\\n                throw new IllegalArgumentException(\\\"Digits must be non-negative.\\\");\\n=======\\n            int digit = originalDigits[i];\\n            if (digit < 0) {\\n                throw new IllegalArgumentException(\\\"Digits may not be negative.\\\");\\n>>>>>>> REPLACE\\n\\n<<<<<<< SEARCH\\n:start_line:41\\n:end_line:53\\n-------\\n            // Only add value if a non-zero digit has been found or it's the last digit (handling leading zeros)\\n            // Or if the array has only one element which might be 0\\n            if (nonZeroDigitFound || originalDigits.length == 1) {\\n                 calculatedValue += digit * Math.pow(originalBase, power);\\n            }\\n             // Check for invalid leading zeros (more than one digit and the first is zero)\\n            if (originalDigits.length > 1 && originalDigits[0] == 0 && i == 0) {\\n                 throw new IllegalArgumentException(\\\"Input cannot have leading zeros.\\\");\\n            }\\n\\n\\n            power++;\\n        }\\n\\n        // Handle case where input is empty array\\n        if (originalDigits.length == 0) {\\n             // Representing 0, often expected output is [0]\\n             calculatedValue = 0;\\n=======\\n            calculatedValue += digit * Math.pow(originalBase, power);\\n            power++;\\n>>>>>>> REPLACE\"}",
  "partial": false,
  "progressStatus": {
    "icon": "diff-multiple",
    "text": "3"
  }
}
[2025-04-04T04:35:05.756Z] {
  "ts": 1743741305724,
  "type": "say",
  "say": "api_req_started",
  "text": "{\"request\":\"[apply_diff for 'src/main/java/BaseConverter.java'] Result:\\n\\nChanges successfully applied to src/main/java/BaseConverter.java:\\n\\n\\n\\n\\nLoading...\"}"
}
[2025-04-04T04:35:10.079Z] {
  "ts": 1743741309689,
  "type": "say",
  "say": "text",
  "text": "Okay, the changes have been applied. I'll run the tests again to see if the issues are resolved.",
  "partial": false
}
[2025-04-04T04:35:10.141Z] {
  "ts": 1743741310089,
  "type": "ask",
  "ask": "command",
  "text": "./gradlew test"
}
[2025-04-04T04:35:10.281Z] {
  "ts": 1743741310244,
  "type": "ask",
  "ask": "command_output",
  "text": ""
}
[2025-04-04T04:35:10.649Z] {
  "ts": 1743741310617,
  "type": "ask",
  "ask": "command_output",
  "text": "\r\n"
}
[2025-04-04T04:35:10.753Z] {
  "ts": 1743741310720,
  "type": "ask",
  "ask": "command_output",
  "text": "\r\n"
}
[2025-04-04T04:35:11.152Z] {
  "ts": 1743741311120,
  "type": "ask",
  "ask": "command_output",
  "text": "<===========--> 85% EXECUTING [93ms]> :test > 0 tests completed<===========--> 85% EXECUTING [194ms]<===========--> 85% EXECUTING [292ms]\r\n<===========--> 85% EXECUTING [394ms]> :test > Executing test BaseConverterTest\r\n> Task :test FAILED\r\n\r\nBaseConverterTest > testSingleDecimalToBinary() PASSED\r\n\r\nBaseConverterTest > testDecimalToBinary() PASSED\r\n\r\nBaseConverterTest > testFirstBaseIsOne() PASSED\r\n\r\nBaseConverterTest > testBinaryToSingleDecimal() PASSED\r\n\r\nBaseConverterTest > testFirstBaseIsZero() PASSED\r\n\r\nBaseConverterTest > testLeadingZeros() FAILED\r\n    java.lang.IllegalArgumentException: Input cannot have leading zeros.\r\n        at BaseConverter.<init>(BaseConverter.java:22)\r\n        at BaseConverterTest.testLeadingZeros(BaseConverterTest.java:99)\r\n\r\nBaseConverterTest > testTrinaryToHexadecimal() PASSED\r\n\r\nBaseConverterTest > testHexadecimalToTrinary() PASSED\r\n\r\nBaseConverterTest > testSecondBaseIsZero() PASSED\r\n\r\nBaseConverterTest > testEmptyDigits() PASSED\r\n\r\nBaseConverterTest > testSingleZero() PASSED\r\n\r\nBaseConverterTest > testBinaryToMultipleDecimal() PASSED\r\n\r\nBaseConverterTest > testSecondBaseIsNegative() PASSED\r\n\r\nBaseConverterTest > test15BitInteger() PASSED\r\n\r\nBaseConverterTest > testSingleBitOneToDecimal() PASSED\r\n\r\nBaseConverterTest > testInvalidPositiveDigit() PASSED\r\n\r\nBaseConverterTest > testMultipleZeros() FAILED\r\n    java.lang.IllegalArgumentException: Input cannot have leading zeros.\r\n        at BaseConverter.<init>(BaseConverter.java:22)\r\n        at BaseConverterTest.testMultipleZeros(BaseConverterTest.java:91)\r\n\r\nBaseConverterTest > testNegativeDigit() PASSED\r\n\r\nBaseConverterTest > testFirstBaseIsNegative() PASSED\r\n\r\nBaseConverterTest > testSecondBaseIsOne() PASSED\r\n\r\n20 tests completed, 2 failed\r\n\r\nFAILURE: Build failed with an exception.\r\n\r\n* What went wrong:\r\nExecution failed for task ':test'.\r\n> There were failing tests. See the report at: file:///Users/cte/Documents/evals/java/all-your-base/build/reports/tests/test/index.html\r\n\r\n* Try:\r\n> Run with --scan to get full insights.\r\n\r\nDeprecated Gradle features were used in this build, making it incompatible with Gradle 9.0.\r\n\r\nYou can use '--warning-mode all' to show the individual deprecation warnings and determine if they come from your own scripts or plugins.\r\n\r\nFor more on this, please refer to https://docs.gradle.org/8.7/userguide/command_line_interface.html#sec:command_line_warnings in the Gradle documentation.\r\n\r\nBUILD FAILED in 792ms\r\n3 actionable tasks: 2 executed, 1 up-to-date\r\n\r\n\r\n\r\n"
}
[2025-04-04T04:35:11.468Z] {
  "ts": 1743741311435,
  "type": "ask",
  "ask": "command_output",
  "text": "<-------------> 0% WAITING> :test > 0 tests completed> :test > Executing test BaseConverterTest> IDLE> IDLE%                                                                                    \r \r"
}
[2025-04-04T04:35:11.524Z] {
  "ts": 1743741311494,
  "type": "say",
  "say": "api_req_started",
  "text": "{\"request\":\"[execute_command for './gradlew test'] Result:\\n\\nCommand executed in terminal 1 within working directory '/Users/cte/Documents/evals/java/all-your-base'. Command execution was not successful, inspect the cause and adjust as needed.\\nExit code: 1\\nOutput:\\n\\r\\n\\r\\n<===========--> 85% EXECUTING [93ms]> :test > 0 tests completed<===========--> 85% EXECUTING [194ms]<===========--> 85% EXECUTING [292ms]\\r\\n<===========--> 85% EXECUTING [394ms]> :test > Executing test BaseConverterTest\\r\\n> Task :test FAILED\\r\\n\\r\\nBaseConverterTest > testSingleDecimalToBinary() PASSED\\r\\n\\r\\nBaseConverterTest > testDecimalToBinary() PASSED\\r\\n\\r\\nBaseConverterTest > testFirstBaseIsOne() PASSED\\r\\n\\r\\nBaseConverterTest > testBinaryToSingleDecimal() PASSED\\r\\n\\r\\nBaseConverterTest > testFirstBaseIsZero() PASSED\\r\\n\\r\\nBaseConverterTest > testLeadingZeros() FAILED\\r\\n    java.lang.IllegalArgumentException: Input cannot have leading zeros.\\r\\n        at BaseConverter.<init>(BaseConverter.java:22)\\r\\n        at BaseConverterTest.testLeadingZeros(BaseConverterTest.java:99)\\r\\n\\r\\nBaseConverterTest > testTrinaryToHexadecimal() PASSED\\r\\n\\r\\nBaseConverterTest > testHexadecimalToTrinary() PASSED\\r\\n\\r\\nBaseConverterTest > testSecondBaseIsZero() PASSED\\r\\n\\r\\nBaseConverterTest > testEmptyDigits() PASSED\\r\\n\\r\\nBaseConverterTest > testSingleZero() PASSED\\r\\n\\r\\nBaseConverterTest > testBinaryToMultipleDecimal() PASSED\\r\\n\\r\\nBaseConverterTest > testSecondBaseIsNegative() PASSED\\r\\n\\r\\nBaseConverterTest > test15BitInteger() PASSED\\r\\n\\r\\nBaseConverterTest > testSingleBitOneToDecimal() PASSED\\r\\n\\r\\nBaseConverterTest > testInvalidPositiveDigit() PASSED\\r\\n\\r\\nBaseConverterTest > testMultipleZeros() FAILED\\r\\n    java.lang.IllegalArgumentException: Input cannot have leading zeros.\\r\\n        at BaseConverter.<init>(BaseConverter.java:22)\\r\\n        at BaseConverterTest.testMultipleZeros(BaseConverterTest.java:91)\\r\\n\\r\\nBaseConverterTest > testNegativeDigit() PASSED\\r\\n\\r\\nBaseConverterTest > testFirstBaseIsNegative() PASSED\\r\\n\\r\\nBaseConverterTest > testSecondBaseIsOne() PASSED\\r\\n\\r\\n20 tests completed, 2 failed\\r\\n\\r\\nFAILURE: Build failed with an exception.\\r\\n\\r\\n* What went wrong:\\r\\nExecution failed for task ':test'.\\r\\n> There were failing tests. See the report at: file:///Users/cte/Documents/evals/java/all-your-base/build/reports/tests/test/index.html\\r\\n\\r\\n* Try:\\r\\n> Run with --scan to get full insights.\\r\\n\\r\\nDeprecated Gradle features were used in this build, making it incompatible with Gradle 9.0.\\r\\n\\r\\nYou can use '--warning-mode all' to show the individual deprecation warnings and determine if they come from your own scripts or plugins.\\r\\n\\r\\nFor more on this, please refer to https://docs.gradle.org/8.7/userguide/command_line_interface.html#sec:command_line_warnings in the Gradle documentation.\\r\\n\\r\\nBUILD FAILED in 792ms\\r\\n3 actionable tasks: 2 executed, 1 up-to-date\\r\\n\\r\\n\\r\\n\\r\\n<-------------> 0% WAITING> :test > 0 tests completed> :test > Executing test BaseConverterTest> IDLE> IDLE%                                                                                    \\r \\r\\n\\nLoading...\"}"
}
[2025-04-04T04:36:00.342Z] {
  "ts": 1743741357972,
  "type": "say",
  "say": "text",
  "text": "It seems the leading zero logic is still not quite right. The tests `testLeadingZeros` and `testMultipleZeros` are failing because the check `if (originalDigits.length > 1 && originalDigits[0] == 0)` incorrectly flags valid inputs like `[0, 0]` (which should represent 0) as having invalid leading zeros.\n\nThe rule \"Input cannot have leading zeros\" should likely apply only when the number represented is *not* zero.\n\nLet's adjust the logic:\n1.  Calculate the base-10 value first, validating digits during the calculation. Use Horner's method for efficiency and to avoid potential issues with `Math.pow`.\n2.  After calculating the value, check the leading zero constraint: If the calculated value is greater than 0 AND the input array has more than one element AND the first element is 0, then throw the exception.\n\nThis way, inputs like `[]`, `[0]`, and `[0, 0]` will result in `base10Value = 0` and pass the check, while inputs like `[0, 1]` will result in `base10Value = 1` and fail the check.\n\nI'll rewrite the file with this improved constructor logic.",
  "partial": false
}
[2025-04-04T04:36:06.629Z] {
  "ts": 1743741360575,
  "type": "ask",
  "ask": "tool",
  "text": "{\"tool\":\"editedExistingFile\",\"path\":\"src/main/java/BaseConverter.java\",\"isOutsideWorkspace\":false,\"diff\":\"@@ -6,63 +6,53 @@\\n \\n class BaseConverter {\\n \\n     private final int base10Value;\\n-    private final int originalBase; // Keep original base for potential future use or validation context\\n+    private final int originalBase; // Keep original base\\n \\n     BaseConverter(int originalBase, int[] originalDigits) {\\n+        // 1. Base validation\\n         if (originalBase < 2) {\\n             throw new IllegalArgumentException(\\\"Bases must be at least 2.\\\");\\n         }\\n+        // 2. Null check\\n         if (originalDigits == null) {\\n              throw new IllegalArgumentException(\\\"Digits array cannot be null.\\\");\\n-         }\\n- \\n-         // Check for invalid leading zeros (more than one digit and the first is zero)\\n-         if (originalDigits.length > 1 && originalDigits[0] == 0) {\\n-             throw new IllegalArgumentException(\\\"Input cannot have leading zeros.\\\");\\n-         }\\n-         // Handle empty array or array representing 0\\n-         if (originalDigits.length == 0 || Arrays.stream(originalDigits).allMatch(d -> d == 0)) {\\n-              this.base10Value = 0;\\n-              this.originalBase = originalBase;\\n-              return; // Skip calculation for zero value\\n-         }\\n- \\n- \\n-         // Validate digits and calculate base 10 value\\n-         int calculatedValue = 0;\\n-        int power = 0;\\n-        boolean nonZeroDigitFound = false;\\n+        }\\n \\n-        // Process digits from right to left (least significant to most significant)\\n-        for (int i = originalDigits.length - 1; i >= 0; i--) {\\n-            int digit = originalDigits[i];\\n+        // 3. Calculate value using Horner's method (left-to-right) while validating digits\\n+        int calculatedValue = 0;\\n+        for (int digit : originalDigits) {\\n             if (digit < 0) {\\n                 throw new IllegalArgumentException(\\\"Digits may not be negative.\\\");\\n             }\\n             if (digit >= originalBase) {\\n                 throw new IllegalArgumentException(\\\"All digits must be strictly less than the base.\\\");\\n             }\\n+            // Horner's method: value = value * base + digit\\n+            calculatedValue = calculatedValue * originalBase + digit;\\n+        }\\n \\n-            if (digit != 0) {\\n-                nonZeroDigitFound = true;\\n-            }\\n-\\n-            calculatedValue += digit * Math.pow(originalBase, power);\\n-            power++;\\n+        // 4. Check for invalid leading zero constraint *after* calculation\\n+        // This constraint applies only if the number represented is non-zero.\\n+        // An empty array results in calculatedValue = 0, so it passes this check.\\n+        // [0] results in calculatedValue = 0, passes.\\n+        // [0, 0] results in calculatedValue = 0, passes.\\n+        // [0, 1] (base 10) results in calculatedValue = 1. length=2, first=0. Fails here (throws exception). Correct.\\n+        if (calculatedValue > 0 && originalDigits.length > 1 && originalDigits[0] == 0) {\\n+            throw new IllegalArgumentException(\\\"Input cannot have leading zeros.\\\");\\n         }\\n \\n-\\n         this.base10Value = calculatedValue;\\n-        this.originalBase = originalBase; // Store original base if needed later\\n+        this.originalBase = originalBase;\\n     }\\n \\n     int[] convertToBase(int newBase) {\\n         if (newBase < 2) {\\n             throw new IllegalArgumentException(\\\"Bases must be at least 2.\\\");\\n         }\\n \\n+        // Handles empty input, [0], [0, 0], etc. because they all result in base10Value = 0\\n         if (base10Value == 0) {\\n             return new int[]{0};\\n         }\\n \\n\"}",
  "partial": false
}
[2025-04-04T04:36:07.018Z] {
  "ts": 1743741366985,
  "type": "say",
  "say": "api_req_started",
  "text": "{\"request\":\"[write_to_file for 'src/main/java/BaseConverter.java'] Result:\\n\\nThe content was successfully saved to src/main/java/BaseConverter.java.\\n\\nLoading...\"}"
}
[2025-04-04T04:36:11.625Z] {
  "ts": 1743741371326,
  "type": "say",
  "say": "text",
  "text": "Okay, the file has been updated with the revised logic for handling leading zeros and calculating the base-10 value.\n\nI will run the tests again to confirm the implementation is now correct.",
  "partial": false
}
[2025-04-04T04:36:11.688Z] {
  "ts": 1743741371635,
  "type": "ask",
  "ask": "command",
  "text": "./gradlew test"
}
[2025-04-04T04:36:11.913Z] {
  "ts": 1743741371881,
  "type": "ask",
  "ask": "command_output",
  "text": ""
}
[2025-04-04T04:36:12.271Z] {
  "ts": 1743741372240,
  "type": "ask",
  "ask": "command_output",
  "text": "\r\n"
}
[2025-04-04T04:36:12.375Z] {
  "ts": 1743741372343,
  "type": "ask",
  "ask": "command_output",
  "text": "\r\n"
}
[2025-04-04T04:36:12.768Z] {
  "ts": 1743741372733,
  "type": "ask",
  "ask": "command_output",
  "text": "<===========--> 85% EXECUTING [98ms]> :test > 0 tests completed<===========--> 85% EXECUTING [195ms]<===========--> 85% EXECUTING [295ms]\r\n<===========--> 85% EXECUTING [394ms]> :test > Executing test BaseConverterTest\r\n> Task :test FAILED\r\n\r\nBaseConverterTest > testSingleDecimalToBinary() PASSED\r\n\r\nBaseConverterTest > testDecimalToBinary() PASSED\r\n\r\nBaseConverterTest > testFirstBaseIsOne() PASSED\r\n\r\nBaseConverterTest > testBinaryToSingleDecimal() PASSED\r\n\r\nBaseConverterTest > testFirstBaseIsZero() PASSED\r\n\r\nBaseConverterTest > testLeadingZeros() FAILED\r\n    java.lang.IllegalArgumentException: Input cannot have leading zeros.\r\n        at BaseConverter.<init>(BaseConverter.java:42)\r\n        at BaseConverterTest.testLeadingZeros(BaseConverterTest.java:99)\r\n\r\nBaseConverterTest > testTrinaryToHexadecimal() PASSED\r\n\r\nBaseConverterTest > testHexadecimalToTrinary() PASSED\r\n\r\nBaseConverterTest > testSecondBaseIsZero() PASSED\r\n\r\nBaseConverterTest > testEmptyDigits() PASSED\r\n\r\nBaseConverterTest > testSingleZero() PASSED\r\n\r\nBaseConverterTest > testBinaryToMultipleDecimal() PASSED\r\n\r\nBaseConverterTest > testSecondBaseIsNegative() PASSED\r\n\r\nBaseConverterTest > test15BitInteger() PASSED\r\n\r\nBaseConverterTest > testSingleBitOneToDecimal() PASSED\r\n\r\nBaseConverterTest > testInvalidPositiveDigit() PASSED\r\n\r\nBaseConverterTest > testMultipleZeros() PASSED\r\n\r\nBaseConverterTest > testNegativeDigit() PASSED\r\n\r\nBaseConverterTest > testFirstBaseIsNegative() PASSED\r\n\r\nBaseConverterTest > testSecondBaseIsOne() PASSED\r\n\r\n20 tests completed, 1 failed\r\n\r\nFAILURE: Build failed with an exception.\r\n\r\n* What went wrong:\r\nExecution failed for task ':test'.\r\n> There were failing tests. See the report at: file:///Users/cte/Documents/evals/java/all-your-base/build/reports/tests/test/index.html\r\n\r\n* Try:\r\n> Run with --scan to get full insights.\r\n\r\nDeprecated Gradle features were used in this build, making it incompatible with Gradle 9.0.\r\n\r\nYou can use '--warning-mode all' to show the individual deprecation warnings and determine if they come from your own scripts or plugins.\r\n\r\nFor more on this, please refer to https://docs.gradle.org/8.7/userguide/command_line_interface.html#sec:command_line_warnings in the Gradle documentation.\r\n\r\nBUILD FAILED in 750ms\r\n3 actionable tasks: 2 executed, 1 up-to-date\r\n\r\n\r\n\r\n"
}
[2025-04-04T04:36:13.087Z] {
  "ts": 1743741373053,
  "type": "ask",
  "ask": "command_output",
  "text": "<-------------> 0% WAITING> :test > 0 tests completed> :test > Executing test BaseConverterTest> IDLE> IDLE%                                                                                    \r \r"
}
[2025-04-04T04:36:13.140Z] {
  "ts": 1743741373108,
  "type": "say",
  "say": "api_req_started",
  "text": "{\"request\":\"[execute_command for './gradlew test'] Result:\\n\\nCommand executed in terminal 1 within working directory '/Users/cte/Documents/evals/java/all-your-base'. Command execution was not successful, inspect the cause and adjust as needed.\\nExit code: 1\\nOutput:\\n\\r\\n\\r\\n<===========--> 85% EXECUTING [98ms]> :test > 0 tests completed<===========--> 85% EXECUTING [195ms]<===========--> 85% EXECUTING [295ms]\\r\\n<===========--> 85% EXECUTING [394ms]> :test > Executing test BaseConverterTest\\r\\n> Task :test FAILED\\r\\n\\r\\nBaseConverterTest > testSingleDecimalToBinary() PASSED\\r\\n\\r\\nBaseConverterTest > testDecimalToBinary() PASSED\\r\\n\\r\\nBaseConverterTest > testFirstBaseIsOne() PASSED\\r\\n\\r\\nBaseConverterTest > testBinaryToSingleDecimal() PASSED\\r\\n\\r\\nBaseConverterTest > testFirstBaseIsZero() PASSED\\r\\n\\r\\nBaseConverterTest > testLeadingZeros() FAILED\\r\\n    java.lang.IllegalArgumentException: Input cannot have leading zeros.\\r\\n        at BaseConverter.<init>(BaseConverter.java:42)\\r\\n        at BaseConverterTest.testLeadingZeros(BaseConverterTest.java:99)\\r\\n\\r\\nBaseConverterTest > testTrinaryToHexadecimal() PASSED\\r\\n\\r\\nBaseConverterTest > testHexadecimalToTrinary() PASSED\\r\\n\\r\\nBaseConverterTest > testSecondBaseIsZero() PASSED\\r\\n\\r\\nBaseConverterTest > testEmptyDigits() PASSED\\r\\n\\r\\nBaseConverterTest > testSingleZero() PASSED\\r\\n\\r\\nBaseConverterTest > testBinaryToMultipleDecimal() PASSED\\r\\n\\r\\nBaseConverterTest > testSecondBaseIsNegative() PASSED\\r\\n\\r\\nBaseConverterTest > test15BitInteger() PASSED\\r\\n\\r\\nBaseConverterTest > testSingleBitOneToDecimal() PASSED\\r\\n\\r\\nBaseConverterTest > testInvalidPositiveDigit() PASSED\\r\\n\\r\\nBaseConverterTest > testMultipleZeros() PASSED\\r\\n\\r\\nBaseConverterTest > testNegativeDigit() PASSED\\r\\n\\r\\nBaseConverterTest > testFirstBaseIsNegative() PASSED\\r\\n\\r\\nBaseConverterTest > testSecondBaseIsOne() PASSED\\r\\n\\r\\n20 tests completed, 1 failed\\r\\n\\r\\nFAILURE: Build failed with an exception.\\r\\n\\r\\n* What went wrong:\\r\\nExecution failed for task ':test'.\\r\\n> There were failing tests. See the report at: file:///Users/cte/Documents/evals/java/all-your-base/build/reports/tests/test/index.html\\r\\n\\r\\n* Try:\\r\\n> Run with --scan to get full insights.\\r\\n\\r\\nDeprecated Gradle features were used in this build, making it incompatible with Gradle 9.0.\\r\\n\\r\\nYou can use '--warning-mode all' to show the individual deprecation warnings and determine if they come from your own scripts or plugins.\\r\\n\\r\\nFor more on this, please refer to https://docs.gradle.org/8.7/userguide/command_line_interface.html#sec:command_line_warnings in the Gradle documentation.\\r\\n\\r\\nBUILD FAILED in 750ms\\r\\n3 actionable tasks: 2 executed, 1 up-to-date\\r\\n\\r\\n\\r\\n\\r\\n<-------------> 0% WAITING> :test > 0 tests completed> :test > Executing test BaseConverterTest> IDLE> IDLE%                                                                                    \\r \\r\\n\\nLoading...\"}"
}
[2025-04-04T04:36:23.941Z] {
  "ts": 1743741382952,
  "type": "say",
  "say": "text",
  "text": "It seems the `testLeadingZeros` case is still causing problems. My current logic throws an exception for inputs like `[0, 6, 0]` (base 7), assuming this constitutes an invalid leading zero. However, the test might have a different interpretation or specific edge case in mind.\n\nTo be certain about the expected behavior for `testLeadingZeros`, I need to examine the test case itself in `src/test/java/BaseConverterTest.java`.",
  "partial": false
}
[2025-04-04T04:36:24.196Z] {
  "ts": 1743741383954,
  "type": "ask",
  "ask": "tool",
  "text": "{\"tool\":\"readFile\",\"path\":\"src/test/java/BaseConverterTest.java\",\"isOutsideWorkspace\":false,\"content\":\"/Users/cte/Documents/evals/java/all-your-base/src/test/java/BaseConverterTest.java\",\"reason\":\" (lines 97-103)\"}",
  "partial": false
}
[2025-04-04T04:36:24.340Z] {
  "ts": 1743741384309,
  "type": "say",
  "say": "api_req_started",
  "text": "{\"request\":\"[read_file for 'src/test/java/BaseConverterTest.java'] Result:\\n\\n 97 |     @Test\\n 98 |     public void testLeadingZeros() {\\n 99 |         BaseConverter baseConverter = new BaseConverter(7, new int[]{0, 6, 0});\\n100 | \\n101 |         assertThat(baseConverter.convertToBase(10))\\n102 |                 .containsExactly(4, 2);\\n103 |     }\\n\\nLoading...\"}"
}
[2025-04-04T04:36:33.692Z] {
  "ts": 1743741391663,
  "type": "say",
  "say": "text",
  "text": "Ah, I see the issue now. The test `testLeadingZeros` uses the input `[0, 6, 0]` in base 7 and expects it to be treated as the number 42 in base 10 (`(0 * 7^2) + (6 * 7^1) + (0 * 7^0) = 42`).\n\nMy previous interpretation of the \"leading zeros\" constraint was too strict. The test implies that sequences like `[0, 6, 0]` are valid inputs and should be processed according to their mathematical value. The constraint likely aims to prevent ambiguous representations like `[0, 1]` when `[1]` would suffice, but the test shows that inputs with leading zeros that are part of a longer sequence representing a non-zero number are allowed.\n\nThe fix is to remove the specific check for leading zeros that I added in the last iteration. The Horner's method calculation already handles these cases correctly.\n\nI will apply this change.",
  "partial": false
}
[2025-04-04T04:36:36.076Z] {
  "ts": 1743741393704,
  "type": "ask",
  "ask": "tool",
  "text": "{\"tool\":\"appliedDiff\",\"path\":\"src/main/java/BaseConverter.java\",\"diff\":\"<<<<<<< SEARCH\\n:start_line:36\\n:end_line:43\\n-------\\n        // 4. Check for invalid leading zero constraint *after* calculation\\n        // This constraint applies only if the number represented is non-zero.\\n        // An empty array results in calculatedValue = 0, so it passes this check.\\n        // [0] results in calculatedValue = 0, passes.\\n        // [0, 0] results in calculatedValue = 0, passes.\\n        // [0, 1] (base 10) results in calculatedValue = 1. length=2, first=0. Fails here (throws exception). Correct.\\n        if (calculatedValue > 0 && originalDigits.length > 1 && originalDigits[0] == 0) {\\n            throw new IllegalArgumentException(\\\"Input cannot have leading zeros.\\\");\\n        }\\n\\n        this.base10Value = calculatedValue;\\n=======\\n        // The leading zero check was removed as tests indicate inputs like [0, 6, 0] are valid.\\n        // Horner's method correctly calculates the value.\\n\\n        this.base10Value = calculatedValue;\\n>>>>>>> REPLACE\"}",
  "partial": false,
  "progressStatus": {
    "icon": "diff-multiple",
    "text": "1"
  }
}
[2025-04-04T04:36:36.469Z] {
  "ts": 1743741396435,
  "type": "say",
  "say": "api_req_started",
  "text": "{\"request\":\"[apply_diff for 'src/main/java/BaseConverter.java'] Result:\\n\\nChanges successfully applied to src/main/java/BaseConverter.java:\\n\\n\\n\\n\\nLoading...\"}"
}
[2025-04-04T04:36:39.186Z] {
  "ts": 1743741399083,
  "type": "say",
  "say": "text",
  "text": "Okay, the leading zero check has been removed.\n\nLet's run the tests one more time to ensure everything passes now.",
  "partial": false
}
[2025-04-04T04:36:39.248Z] {
  "ts": 1743741399208,
  "type": "ask",
  "ask": "command",
  "text": "./gradlew test"
}
[2025-04-04T04:36:39.473Z] {
  "ts": 1743741399440,
  "type": "ask",
  "ask": "command_output",
  "text": ""
}
[2025-04-04T04:36:39.858Z] {
  "ts": 1743741399826,
  "type": "ask",
  "ask": "command_output",
  "text": "\r\n"
}
[2025-04-04T04:36:39.960Z] {
  "ts": 1743741399928,
  "type": "ask",
  "ask": "command_output",
  "text": "\r\n"
}
[2025-04-04T04:36:40.255Z] {
  "ts": 1743741400224,
  "type": "ask",
  "ask": "command_output",
  "text": "<===========--> 85% EXECUTING [97ms]> :test > 0 tests completed<===========--> 85% EXECUTING [195ms]<===========--> 85% EXECUTING [295ms]\r\n"
}
[2025-04-04T04:36:40.657Z] {
  "ts": 1743741400619,
  "type": "ask",
  "ask": "command_output",
  "text": "<===========--> 85% EXECUTING [396ms]> :test > Executing test BaseConverterTest\r\n> Task :test\r\n\r\nBaseConverterTest > testSingleDecimalToBinary() PASSED\r\n\r\nBaseConverterTest > testDecimalToBinary() PASSED\r\n\r\nBaseConverterTest > testFirstBaseIsOne() PASSED\r\n\r\nBaseConverterTest > testBinaryToSingleDecimal() PASSED\r\n\r\nBaseConverterTest > testFirstBaseIsZero() PASSED\r\n\r\nBaseConverterTest > testLeadingZeros() PASSED\r\n\r\nBaseConverterTest > testTrinaryToHexadecimal() PASSED\r\n\r\nBaseConverterTest > testHexadecimalToTrinary() PASSED\r\n\r\nBaseConverterTest > testSecondBaseIsZero() PASSED\r\n\r\nBaseConverterTest > testEmptyDigits() PASSED\r\n\r\nBaseConverterTest > testSingleZero() PASSED\r\n\r\nBaseConverterTest > testBinaryToMultipleDecimal() PASSED\r\n\r\nBaseConverterTest > testSecondBaseIsNegative() PASSED\r\n\r\nBaseConverterTest > test15BitInteger() PASSED\r\n\r\nBaseConverterTest > testSingleBitOneToDecimal() PASSED\r\n\r\nBaseConverterTest > testInvalidPositiveDigit() PASSED\r\n\r\nBaseConverterTest > testMultipleZeros() PASSED\r\n\r\nBaseConverterTest > testNegativeDigit() PASSED\r\n\r\nBaseConverterTest > testFirstBaseIsNegative() PASSED\r\n\r\nBaseConverterTest > testSecondBaseIsOne() PASSED\r\n\r\nDeprecated Gradle features were used in this build, making it incompatible with Gradle 9.0.\r\n\r\nYou can use '--warning-mode all' to show the individual deprecation warnings and determine if they come from your own scripts or plugins.\r\n\r\nFor more on this, please refer to https://docs.gradle.org/8.7/userguide/command_line_interface.html#sec:command_line_warnings in the Gradle documentation.\r\n\r\nBUILD SUCCESSFUL in 789ms\r\n3 actionable tasks: 2 executed, 1 up-to-date\r\n\r\n\r\n\r\n"
}
[2025-04-04T04:36:40.657Z] {
  "ts": 1743741400619,
  "type": "ask",
  "ask": "command_output",
  "text": "<-------------> 0% WAITING> :test > 0 tests completed> :test > Executing test BaseConverterTest%                                                                                    \r \r"
}
[2025-04-04T04:36:40.715Z] {
  "ts": 1743741400677,
  "type": "say",
  "say": "api_req_started",
  "text": "{\"request\":\"[execute_command for './gradlew test'] Result:\\n\\nCommand executed in terminal 1 within working directory '/Users/cte/Documents/evals/java/all-your-base'. Exit code: 0\\nOutput:\\n\\r\\n\\r\\n<===========--> 85% EXECUTING [97ms]> :test > 0 tests completed<===========--> 85% EXECUTING [195ms]<===========--> 85% EXECUTING [295ms]\\r\\n<===========--> 85% EXECUTING [396ms]> :test > Executing test BaseConverterTest\\r\\n> Task :test\\r\\n\\r\\nBaseConverterTest > testSingleDecimalToBinary() PASSED\\r\\n\\r\\nBaseConverterTest > testDecimalToBinary() PASSED\\r\\n\\r\\nBaseConverterTest > testFirstBaseIsOne() PASSED\\r\\n\\r\\nBaseConverterTest > testBinaryToSingleDecimal() PASSED\\r\\n\\r\\nBaseConverterTest > testFirstBaseIsZero() PASSED\\r\\n\\r\\nBaseConverterTest > testLeadingZeros() PASSED\\r\\n\\r\\nBaseConverterTest > testTrinaryToHexadecimal() PASSED\\r\\n\\r\\nBaseConverterTest > testHexadecimalToTrinary() PASSED\\r\\n\\r\\nBaseConverterTest > testSecondBaseIsZero() PASSED\\r\\n\\r\\nBaseConverterTest > testEmptyDigits() PASSED\\r\\n\\r\\nBaseConverterTest > testSingleZero() PASSED\\r\\n\\r\\nBaseConverterTest > testBinaryToMultipleDecimal() PASSED\\r\\n\\r\\nBaseConverterTest > testSecondBaseIsNegative() PASSED\\r\\n\\r\\nBaseConverterTest > test15BitInteger() PASSED\\r\\n\\r\\nBaseConverterTest > testSingleBitOneToDecimal() PASSED\\r\\n\\r\\nBaseConverterTest > testInvalidPositiveDigit() PASSED\\r\\n\\r\\nBaseConverterTest > testMultipleZeros() PASSED\\r\\n\\r\\nBaseConverterTest > testNegativeDigit() PASSED\\r\\n\\r\\nBaseConverterTest > testFirstBaseIsNegative() PASSED\\r\\n\\r\\nBaseConverterTest > testSecondBaseIsOne() PASSED\\r\\n\\r\\nDeprecated Gradle features were used in this build, making it incompatible with Gradle 9.0.\\r\\n\\r\\nYou can use '--warning-mode all' to show the individual deprecation warnings and determine if they come from your own scripts or plugins.\\r\\n\\r\\nFor more on this, please refer to https://docs.gradle.org/8.7/userguide/command_line_interface.html#sec:command_line_warnings in the Gradle documentation.\\r\\n\\r\\nBUILD SUCCESSFUL in 789ms\\r\\n3 actionable tasks: 2 executed, 1 up-to-date\\r\\n\\r\\n\\r\\n\\r\\n<-------------> 0% WAITING> :test > 0 tests completed> :test > Executing test BaseConverterTest%                                                                                    \\r \\r\\n\\nLoading...\"}"
}
[2025-04-04T04:36:45.409Z] {
  "ts": 1743741404883,
  "type": "say",
  "say": "text",
  "text": "All tests passed successfully. The `BaseConverter.java` implementation now correctly handles base conversions, including edge cases like leading zeros and different base validations, according to the requirements specified in the tests.",
  "partial": false
}
[2025-04-04T04:36:45.750Z] taskCompleted -> a7e522cc-2779-48b0-893f-a876cc965c5a | {
  "totalTokensIn": 209147,
  "totalTokensOut": 14153,
  "totalCacheWrites": 0,
  "totalCacheReads": 0,
  "totalCost": 0,
  "contextTokens": 22695
}
[2025-04-04T04:36:45.750Z] {
  "ts": 1743741405422,
  "type": "say",
  "say": "completion_result",
  "text": "I have successfully implemented the `BaseConverter.java` class according to the exercise requirements. The implementation correctly converts numbers between different bases and passes all the provided tests in `BaseConverterTest.java`.",
  "partial": false
}
[2025-04-04T04:36:45.805Z] {
  "ts": 1743741405750,
  "type": "ask",
  "ask": "completion_result",
  "text": ""
}
