[2025-04-04T05:25:37.044Z] {
  "ts": 1743744336999,
  "type": "say",
  "say": "text",
  "text": "Your job is to complete a coding exercise described the markdown files inside the `.docs` directory.\n\nA file with the implementation stubbed out has been created for you, along with a test file.\n\nTo successfully complete the exercise, you must pass all the tests in the test file.\n\nTo confirm that your solution is correct, run the tests with `cargo test`. Do not alter the test file; it should be run as-is.\n\nDo not use the \"ask_followup_question\" tool.\n"
}
[2025-04-04T05:25:37.075Z] taskStarted -> 3e9ce55f-5110-478b-9fff-649112d4ad9b
[2025-04-04T05:25:37.112Z] {
  "ts": 1743744337075,
  "type": "say",
  "say": "api_req_started",
  "text": "{\"request\":\"<task>\\nYour job is to complete a coding exercise described the markdown files inside the `.docs` directory.\\n\\nA file with the implementation stubbed out has been created for you, along with a test file.\\n\\nTo successfully complete the exercise, you must pass all the tests in the test file.\\n\\nTo confirm that your solution is correct, run the tests with `cargo test`. Do not alter the test file; it should be run as-is.\\n\\nDo not use the \\\"ask_followup_question\\\" tool.\\n\\n</task>\\n\\nLoading...\"}"
}
[2025-04-04T05:25:42.027Z] {
  "ts": 1743744341481,
  "type": "say",
  "say": "text",
  "text": "Okay, I understand the task. I need to implement the `encode` function in `src/lib.rs` based on the instructions found in the `.docs` directory and ensure it passes all tests in `tests/say.rs`.\n\nFirst, I need to find the instruction file within the `.docs` directory.",
  "partial": false
}
[2025-04-04T05:25:42.105Z] {
  "ts": 1743744342060,
  "type": "ask",
  "ask": "tool",
  "text": "{\"tool\":\"listFilesTopLevel\",\"path\":\".docs\",\"content\":\"instructions.append.md\\ninstructions.md\"}"
}
[2025-04-04T05:25:42.179Z] {
  "ts": 1743744342146,
  "type": "say",
  "say": "api_req_started",
  "text": "{\"request\":\"[list_files for '.docs'] Result:\\n\\ninstructions.append.md\\ninstructions.md\\n\\nLoading...\"}"
}
[2025-04-04T05:25:46.173Z] {
  "ts": 1743744345734,
  "type": "say",
  "say": "text",
  "text": "Okay, I see two files: `instructions.append.md` and `instructions.md`. I'll start by reading `instructions.md` to understand the core requirements.",
  "partial": false
}
[2025-04-04T05:25:46.251Z] {
  "ts": 1743744346206,
  "type": "ask",
  "ask": "tool",
  "text": "{\"tool\":\"readFile\",\"path\":\".docs/instructions.md\",\"isOutsideWorkspace\":false,\"content\":\"/Users/cte/Documents/evals/rust/say/.docs/instructions.md\",\"reason\":\" (max 500 lines)\"}"
}
[2025-04-04T05:25:46.329Z] {
  "ts": 1743744346296,
  "type": "say",
  "say": "api_req_started",
  "text": "{\"request\":\"[read_file for '.docs/instructions.md'] Result:\\n\\n 1 | # Instructions\\n 2 | \\n 3 | Given a number from 0 to 999,999,999,999, spell out that number in English.\\n 4 | \\n 5 | ## Step 1\\n 6 | \\n 7 | Handle the basic case of 0 through 99.\\n 8 | \\n 9 | If the input to the program is `22`, then the output should be `'twenty-two'`.\\n10 | \\n11 | Your program should complain loudly if given a number outside the blessed range.\\n12 | \\n13 | Some good test cases for this program are:\\n14 | \\n15 | - 0\\n16 | - 14\\n17 | - 50\\n18 | - 98\\n19 | - -1\\n20 | - 100\\n21 | \\n22 | ### Extension\\n23 | \\n24 | If you're on a Mac, shell out to Mac OS X's `say` program to talk out loud.\\n25 | If you're on Linux or Windows, eSpeakNG may be available with the command `espeak`.\\n26 | \\n27 | ## Step 2\\n28 | \\n29 | Implement breaking a number up into chunks of thousands.\\n30 | \\n31 | So `1234567890` should yield a list like 1, 234, 567, and 890, while the far simpler `1000` should yield just 1 and 0.\\n32 | \\n33 | ## Step 3\\n34 | \\n35 | Now handle inserting the appropriate scale word between those chunks.\\n36 | \\n37 | So `1234567890` should yield `'1 billion 234 million 567 thousand 890'`\\n38 | \\n39 | The program must also report any values that are out of range.\\n40 | It's fine to stop at \\\"trillion\\\".\\n41 | \\n42 | ## Step 4\\n43 | \\n44 | Put it all together to get nothing but plain English.\\n45 | \\n46 | `12345` should give `twelve thousand three hundred forty-five`.\\n47 | \\n48 | The program must also report any values that are out of range.\\n49 | \\n\\nLoading...\"}"
}
[2025-04-04T05:25:52.107Z] {
  "ts": 1743744351400,
  "type": "say",
  "say": "text",
  "text": "Okay, the instructions are clear. The goal is to convert a number between 0 and 999,999,999,999 (inclusive) into its English spelling. Numbers outside this range should be handled as errors.\n\nNow, let's look at the stub implementation in `src/lib.rs`.",
  "partial": false
}
[2025-04-04T05:25:52.163Z] {
  "ts": 1743744352126,
  "type": "ask",
  "ask": "tool",
  "text": "{\"tool\":\"readFile\",\"path\":\"src/lib.rs\",\"isOutsideWorkspace\":false,\"content\":\"/Users/cte/Documents/evals/rust/say/src/lib.rs\",\"reason\":\" (max 500 lines)\"}"
}
[2025-04-04T05:25:52.243Z] {
  "ts": 1743744352210,
  "type": "say",
  "say": "api_req_started",
  "text": "{\"request\":\"[read_file for 'src/lib.rs'] Result:\\n\\n1 | pub fn encode(n: u64) -> String {\\n2 |     todo!(\\\"Say {n} in English.\\\");\\n3 | }\\n4 | \\n\\nLoading...\"}"
}
[2025-04-04T05:25:58.576Z] {
  "ts": 1743744358001,
  "type": "say",
  "say": "text",
  "text": "Okay, the current implementation is just a placeholder.\n\nBefore writing the code, I need to understand how the tests expect errors (numbers outside the 0-999,999,999,999 range) to be handled. Let's examine the test file `tests/say.rs`.",
  "partial": false
}
[2025-04-04T05:25:58.631Z] {
  "ts": 1743744358596,
  "type": "ask",
  "ask": "tool",
  "text": "{\"tool\":\"readFile\",\"path\":\"tests/say.rs\",\"isOutsideWorkspace\":false,\"content\":\"/Users/cte/Documents/evals/rust/say/tests/say.rs\",\"reason\":\" (max 500 lines)\"}"
}
[2025-04-04T05:25:58.704Z] {
  "ts": 1743744358672,
  "type": "say",
  "say": "api_req_started",
  "text": "{\"request\":\"[read_file for 'tests/say.rs'] Result:\\n\\n  1 | use say::*;\\n  2 | \\n  3 | #[test]\\n  4 | fn zero() {\\n  5 |     let input = 0;\\n  6 |     let output = encode(input);\\n  7 |     let expected = \\\"zero\\\";\\n  8 |     assert_eq!(output, expected);\\n  9 | }\\n 10 | \\n 11 | #[test]\\n 12 | fn one() {\\n 13 |     let input = 1;\\n 14 |     let output = encode(input);\\n 15 |     let expected = \\\"one\\\";\\n 16 |     assert_eq!(output, expected);\\n 17 | }\\n 18 | \\n 19 | #[test]\\n 20 | fn fourteen() {\\n 21 |     let input = 14;\\n 22 |     let output = encode(input);\\n 23 |     let expected = \\\"fourteen\\\";\\n 24 |     assert_eq!(output, expected);\\n 25 | }\\n 26 | \\n 27 | #[test]\\n 28 | fn twenty() {\\n 29 |     let input = 20;\\n 30 |     let output = encode(input);\\n 31 |     let expected = \\\"twenty\\\";\\n 32 |     assert_eq!(output, expected);\\n 33 | }\\n 34 | \\n 35 | #[test]\\n 36 | fn twenty_two() {\\n 37 |     let input = 22;\\n 38 |     let output = encode(input);\\n 39 |     let expected = \\\"twenty-two\\\";\\n 40 |     assert_eq!(output, expected);\\n 41 | }\\n 42 | \\n 43 | #[test]\\n 44 | fn thirty() {\\n 45 |     let input = 30;\\n 46 |     let output = encode(input);\\n 47 |     let expected = \\\"thirty\\\";\\n 48 |     assert_eq!(output, expected);\\n 49 | }\\n 50 | \\n 51 | #[test]\\n 52 | fn ninety_nine() {\\n 53 |     let input = 99;\\n 54 |     let output = encode(input);\\n 55 |     let expected = \\\"ninety-nine\\\";\\n 56 |     assert_eq!(output, expected);\\n 57 | }\\n 58 | \\n 59 | #[test]\\n 60 | fn one_hundred() {\\n 61 |     let input = 100;\\n 62 |     let output = encode(input);\\n 63 |     let expected = \\\"one hundred\\\";\\n 64 |     assert_eq!(output, expected);\\n 65 | }\\n 66 | \\n 67 | #[test]\\n 68 | fn one_hundred_twenty_three() {\\n 69 |     let input = 123;\\n 70 |     let output = encode(input);\\n 71 |     let expected = \\\"one hundred twenty-three\\\";\\n 72 |     assert_eq!(output, expected);\\n 73 | }\\n 74 | \\n 75 | #[test]\\n 76 | fn two_hundred() {\\n 77 |     let input = 200;\\n 78 |     let output = encode(input);\\n 79 |     let expected = \\\"two hundred\\\";\\n 80 |     assert_eq!(output, expected);\\n 81 | }\\n 82 | \\n 83 | #[test]\\n 84 | fn nine_hundred_ninety_nine() {\\n 85 |     let input = 999;\\n 86 |     let output = encode(input);\\n 87 |     let expected = \\\"nine hundred ninety-nine\\\";\\n 88 |     assert_eq!(output, expected);\\n 89 | }\\n 90 | \\n 91 | #[test]\\n 92 | fn one_thousand() {\\n 93 |     let input = 1_000;\\n 94 |     let output = encode(input);\\n 95 |     let expected = \\\"one thousand\\\";\\n 96 |     assert_eq!(output, expected);\\n 97 | }\\n 98 | \\n 99 | #[test]\\n100 | fn one_thousand_two_hundred_thirty_four() {\\n101 |     let input = 1_234;\\n102 |     let output = encode(input);\\n103 |     let expected = \\\"one thousand two hundred thirty-four\\\";\\n104 |     assert_eq!(output, expected);\\n105 | }\\n106 | \\n107 | #[test]\\n108 | fn one_million() {\\n109 |     let input = 1_000_000;\\n110 |     let output = encode(input);\\n111 |     let expected = \\\"one million\\\";\\n112 |     assert_eq!(output, expected);\\n113 | }\\n114 | \\n115 | #[test]\\n116 | fn one_million_two_thousand_three_hundred_forty_five() {\\n117 |     let input = 1_002_345;\\n118 |     let output = encode(input);\\n119 |     let expected = \\\"one million two thousand three hundred forty-five\\\";\\n120 |     assert_eq!(output, expected);\\n121 | }\\n122 | \\n123 | #[test]\\n124 | fn one_billion() {\\n125 |     let input = 1_000_000_000;\\n126 |     let output = encode(input);\\n127 |     let expected = \\\"one billion\\\";\\n128 |     assert_eq!(output, expected);\\n129 | }\\n130 | \\n131 | #[test]\\n132 | fn a_big_number() {\\n133 |     let input = 987_654_321_123;\\n134 |     let output = encode(input);\\n135 |     let expected = \\\"nine hundred eighty-seven billion six hundred fifty-four million three hundred twenty-one thousand one hundred twenty-three\\\";\\n136 |     assert_eq!(output, expected);\\n137 | }\\n138 | \\n139 | #[test]\\n140 | fn max_i64() {\\n141 |     let input = 9_223_372_036_854_775_807;\\n142 |     let output = encode(input);\\n143 |     let expected = \\\"nine quintillion two hundred twenty-three quadrillion three hundred seventy-two trillion thirty-six billion eight hundred fifty-four million seven hundred seventy-five thousand eight hundred seven\\\";\\n144 |     assert_eq!(output, expected);\\n145 | }\\n146 | \\n147 | #[test]\\n148 | fn max_u64() {\\n149 |     let input = 18_446_744_073_709_551_615;\\n150 |     let output = encode(input);\\n151 |     let expected = \\\"eighteen quintillion four hundred forty-six quadrillion seven hundred forty-four trillion seventy-three billion seven hundred nine million five hundred fifty-one thousand six hundred fifteen\\\";\\n152 |     assert_eq!(output, expected);\\n153 | }\\n154 | \\n\\nLoading...\"}"
}
[2025-04-04T05:26:06.452Z] {
  "ts": 1743744365846,
  "type": "say",
  "say": "text",
  "text": "Okay, it seems the tests require handling the full `u64` range, going beyond the 999,999,999,999 limit mentioned in the instructions. I will implement the function to pass all the provided tests.\n\nHere's the implementation for `src/lib.rs`:",
  "partial": false
}
[2025-04-04T05:26:12.440Z] {
  "ts": 1743744366716,
  "type": "ask",
  "ask": "tool",
  "text": "{\"tool\":\"editedExistingFile\",\"path\":\"src/lib.rs\",\"isOutsideWorkspace\":false,\"diff\":\"@@ -1,3 +1,72 @@\\n-pub fn encode(n: u64) -> String {\\n-    todo!(\\\"Say {n} in English.\\\");\\n+const SMALL_NUMBERS: [&str; 20] = [\\n+    \\\"zero\\\", \\\"one\\\", \\\"two\\\", \\\"three\\\", \\\"four\\\", \\\"five\\\", \\\"six\\\", \\\"seven\\\", \\\"eight\\\", \\\"nine\\\", \\\"ten\\\",\\n+    \\\"eleven\\\", \\\"twelve\\\", \\\"thirteen\\\", \\\"fourteen\\\", \\\"fifteen\\\", \\\"sixteen\\\", \\\"seventeen\\\", \\\"eighteen\\\", \\\"nineteen\\\",\\n+];\\n+\\n+const TENS: [&str; 8] = [\\n+    \\\"twenty\\\", \\\"thirty\\\", \\\"forty\\\", \\\"fifty\\\", \\\"sixty\\\", \\\"seventy\\\", \\\"eighty\\\", \\\"ninety\\\",\\n+];\\n+\\n+const SCALES: [(&str, u64); 6] = [\\n+    (\\\"quintillion\\\", 1_000_000_000_000_000_000),\\n+    (\\\"quadrillion\\\", 1_000_000_000_000_000),\\n+    (\\\"trillion\\\", 1_000_000_000_000),\\n+    (\\\"billion\\\", 1_000_000_000),\\n+    (\\\"million\\\", 1_000_000),\\n+    (\\\"thousand\\\", 1_000),\\n+];\\n+\\n+// Encodes a number between 0 and 999\\n+fn encode_chunk(n: u64) -> String {\\n+    let mut result = Vec::new();\\n+    let hundreds = n / 100;\\n+    let remainder = n % 100;\\n+\\n+    if hundreds > 0 {\\n+        result.push(SMALL_NUMBERS[hundreds as usize]);\\n+        result.push(\\\"hundred\\\");\\n+    }\\n+\\n+    if remainder > 0 {\\n+        if hundreds > 0 {\\n+            // No \\\"and\\\" needed based on tests\\n+        }\\n+        if remainder < 20 {\\n+            result.push(SMALL_NUMBERS[remainder as usize]);\\n+        } else {\\n+            let tens_digit = remainder / 10;\\n+            let units_digit = remainder % 10;\\n+            let mut tens_str = String::from(TENS[tens_digit as usize - 2]); // -2 because TENS starts at twenty\\n+            if units_digit > 0 {\\n+                tens_str.push('-');\\n+                tens_str.push_str(SMALL_NUMBERS[units_digit as usize]);\\n+            }\\n+            result.push(&tens_str); // Need to borrow here\\n+        }\\n+    }\\n+\\n+    result.join(\\\" \\\")\\n }\\n+\\n+\\n+pub fn encode(mut n: u64) -> String {\\n+    if n == 0 {\\n+        return String::from(SMALL_NUMBERS[0]);\\n+    }\\n+\\n+    let mut parts = Vec::new();\\n+\\n+    for (scale_name, scale_value) in SCALES {\\n+        if n >= scale_value {\\n+            let count = n / scale_value;\\n+            parts.push(format!(\\\"{} {}\\\", encode_chunk(count), scale_name));\\n+            n %= scale_value;\\n+        }\\n+    }\\n+\\n+    if n > 0 {\\n+        parts.push(encode_chunk(n));\\n+    }\\n+\\n+    parts.join(\\\" \\\")\\n+}\\n\\\\ No newline at end of file\\n\"}",
  "partial": false
}
[2025-04-04T05:26:12.826Z] {
  "ts": 1743744372795,
  "type": "say",
  "say": "api_req_started",
  "text": "{\"request\":\"[write_to_file for 'src/lib.rs'] Result:\\n\\nThe content was successfully saved to src/lib.rs.\\n\\nLoading...\"}"
}
[2025-04-04T05:26:15.783Z] {
  "ts": 1743744375534,
  "type": "say",
  "say": "text",
  "text": "Okay, the code has been written to `src/lib.rs`. Now I will run the tests using `cargo test` to ensure the implementation is correct.",
  "partial": false
}
[2025-04-04T05:26:15.827Z] {
  "ts": 1743744375789,
  "type": "ask",
  "ask": "command",
  "text": "cargo test"
}
[2025-04-04T05:26:17.750Z] {
  "ts": 1743744377688,
  "type": "ask",
  "ask": "command_output",
  "text": ""
}
[2025-04-04T05:26:17.750Z] {
  "ts": 1743744377688,
  "type": "ask",
  "ask": "command_output",
  "text": "%                                                                                    \r \r"
}
[2025-04-04T05:26:17.750Z] {
  "ts": 1743744377688,
  "type": "ask",
  "ask": "command_output",
  "text": "   Compiling say v1.2.0 (/Users/cte/Documents/evals/rust/say)\r\n    Building [                             ] 0/4: say, say(test)                   \rerror[E0597]: `tens_str` does not live long enough\r\n  --> src/lib.rs:44:25\r\n   |\r\n39 |             let mut tens_str = String::from(TENS[tens_digit as usize - 2]); /...\r\n   |                 ------------ binding `tens_str` declared here\r\n...\r\n44 |             result.push(&tens_str); // Need to borrow here\r\n   |                         ^^^^^^^^^ borrowed value does not live long enough\r\n45 |         }\r\n   |         - `tens_str` dropped here while still borrowed\r\n...\r\n48 |     result.join(\" \")\r\n   |     ------ borrow later used here\r\n\r\n    Building [                             ] 0/4: say, say(test)                   \rFor more information about this error, try `rustc --explain E0597`.\r\n    Building [                             ] 0/4: say, say(test)                   \rerror: could not compile `say` (lib test) due to 1 previous error\r\nwarning: build failed, waiting for other jobs to finish...\r\n    Building [======>                      ] 1/4: say                              \rerror: could not compile `say` (lib) due to 1 previous error\r\n"
}
[2025-04-04T05:26:17.808Z] {
  "ts": 1743744377771,
  "type": "say",
  "say": "api_req_started",
  "text": "{\"request\":\"[execute_command for 'cargo test'] Result:\\n\\nCommand executed in terminal 1 within working directory '/Users/cte/Documents/evals/rust/say'. Command execution was not successful, inspect the cause and adjust as needed.\\nExit code: 101\\nOutput:\\n   Compiling say v1.2.0 (/Users/cte/Documents/evals/rust/say)\\r\\n    Building [                             ] 0/4: say, say(test)                   \\rerror[E0597]: `tens_str` does not live long enough\\r\\n  --> src/lib.rs:44:25\\r\\n   |\\r\\n39 |             let mut tens_str = String::from(TENS[tens_digit as usize - 2]); /...\\r\\n   |                 ------------ binding `tens_str` declared here\\r\\n...\\r\\n44 |             result.push(&tens_str); // Need to borrow here\\r\\n   |                         ^^^^^^^^^ borrowed value does not live long enough\\r\\n45 |         }\\r\\n   |         - `tens_str` dropped here while still borrowed\\r\\n...\\r\\n48 |     result.join(\\\" \\\")\\r\\n   |     ------ borrow later used here\\r\\n\\r\\n    Building [                             ] 0/4: say, say(test)                   \\rFor more information about this error, try `rustc --explain E0597`.\\r\\n    Building [                             ] 0/4: say, say(test)                   \\rerror: could not compile `say` (lib test) due to 1 previous error\\r\\nwarning: build failed, waiting for other jobs to finish...\\r\\n    Building [======>                      ] 1/4: say                              \\rerror: could not compile `say` (lib) due to 1 previous error\\r\\n%                                                                                    \\r \\r\\n\\nLoading...\"}"
}
[2025-04-04T05:26:26.298Z] {
  "ts": 1743744385274,
  "type": "say",
  "say": "text",
  "text": "Ah, it seems there's a lifetime error. The `tens_str` `String` created within the `if remainder > 0` block doesn't live long enough to be used when `result.join(\" \")` is called.\n\nI'll refactor the `encode_chunk` function to build the string directly instead of storing references in a vector. This will resolve the lifetime issue.",
  "partial": false
}
[2025-04-04T05:26:32.296Z] {
  "ts": 1743744386310,
  "type": "ask",
  "ask": "tool",
  "text": "{\"tool\":\"appliedDiff\",\"path\":\"src/lib.rs\",\"diff\":\"<<<<<<< SEARCH\\n:start_line:21\\n:end_line:49\\n-------\\n// Encodes a number between 0 and 999\\nfn encode_chunk(n: u64) -> String {\\n    let mut result = Vec::new();\\n    let hundreds = n / 100;\\n    let remainder = n % 100;\\n\\n    if hundreds > 0 {\\n        result.push(SMALL_NUMBERS[hundreds as usize]);\\n        result.push(\\\"hundred\\\");\\n    }\\n\\n    if remainder > 0 {\\n        if hundreds > 0 {\\n            // No \\\"and\\\" needed based on tests\\n        }\\n        if remainder < 20 {\\n            result.push(SMALL_NUMBERS[remainder as usize]);\\n        } else {\\n            let tens_digit = remainder / 10;\\n            let units_digit = remainder % 10;\\n            let mut tens_str = String::from(TENS[tens_digit as usize - 2]); // -2 because TENS starts at twenty\\n            if units_digit > 0 {\\n                tens_str.push('-');\\n                tens_str.push_str(SMALL_NUMBERS[units_digit as usize]);\\n            }\\n            result.push(&tens_str); // Need to borrow here\\n        }\\n    }\\n\\n    result.join(\\\" \\\")\\n}\\n=======\\n// Encodes a number between 0 and 999\\nfn encode_chunk(n: u64) -> String {\\n    let mut chunk_str = String::new();\\n    let hundreds = n / 100;\\n    let remainder = n % 100;\\n\\n    if hundreds > 0 {\\n        chunk_str.push_str(SMALL_NUMBERS[hundreds as usize]);\\n        chunk_str.push_str(\\\" hundred\\\");\\n    }\\n\\n    if remainder > 0 {\\n        if hundreds > 0 {\\n            chunk_str.push(' ');\\n        }\\n        if remainder < 20 {\\n            chunk_str.push_str(SMALL_NUMBERS[remainder as usize]);\\n        } else {\\n            let tens_digit = remainder / 10;\\n            let units_digit = remainder % 10;\\n            chunk_str.push_str(TENS[tens_digit as usize - 2]); // -2 because TENS starts at twenty\\n            if units_digit > 0 {\\n                chunk_str.push('-');\\n                chunk_str.push_str(SMALL_NUMBERS[units_digit as usize]);\\n            }\\n        }\\n    }\\n\\n    // Handle case where n is 0 within a chunk (e.g., 1000 -> chunks 1 and 0)\\n    // The main encode function handles the overall n=0 case.\\n    // If n is 0..999 and results in an empty string here, it must be 0.\\n    // However, the main loop logic prevents calling encode_chunk(0) unless n itself is 0 initially.\\n    // So, an empty chunk_str shouldn't happen unless n was 0 initially, which is handled before the loop.\\n\\n    chunk_str\\n}\\n>>>>>>> REPLACE\"}",
  "partial": false,
  "progressStatus": {
    "icon": "diff-multiple",
    "text": "1"
  }
}
[2025-04-04T05:26:32.793Z] {
  "ts": 1743744392761,
  "type": "say",
  "say": "api_req_started",
  "text": "{\"request\":\"[apply_diff for 'src/lib.rs'] Result:\\n\\nChanges successfully applied to src/lib.rs:\\n\\n\\n\\n\\nLoading...\"}"
}
[2025-04-04T05:26:35.578Z] {
  "ts": 1743744395434,
  "type": "say",
  "say": "text",
  "text": "Okay, the lifetime issue should be resolved. Let's run the tests again.",
  "partial": false
}
[2025-04-04T05:26:35.604Z] {
  "ts": 1743744395434,
  "type": "say",
  "say": "text",
  "text": "Okay, the lifetime issue should be resolved. Let's run the tests again.",
  "partial": false
}
[2025-04-04T05:26:35.672Z] {
  "ts": 1743744395628,
  "type": "ask",
  "ask": "command",
  "text": "cargo test"
}
[2025-04-04T05:26:35.962Z] {
  "ts": 1743744395920,
  "type": "ask",
  "ask": "command_output",
  "text": "   Compiling say v1.2.0 (/Users/cte/Documents/evals/rust/say)\r\n"
}
[2025-04-04T05:26:35.962Z] {
  "ts": 1743744395920,
  "type": "ask",
  "ask": "command_output",
  "text": ""
}
[2025-04-04T05:26:36.279Z] {
  "ts": 1743744396246,
  "type": "ask",
  "ask": "command_output",
  "text": "    Building [                             ] 0/4: say, say(test)                   \r    Building [=============>               ] 2/4: say(test), say(test)             \r    Building [====================>        ] 3/4: say(test)                        \r    Finished `test` profile [unoptimized + debuginfo] target(s) in 0.18s\r\n     Running unittests src/lib.rs (target/debug/deps/say-45bedbfa7c830f02)\r\n\r\nrunning 0 tests\r\n\r\ntest result: ok. 0 passed; 0 failed; 0 ignored; 0 measured; 0 filtered out; finished in 0.00s\r\n\r\n     Running tests/say.rs (target/debug/deps/say-fd2d9ef639d8d0b2)\r\n"
}
[2025-04-04T05:26:36.405Z] {
  "ts": 1743744396362,
  "type": "ask",
  "ask": "command_output",
  "text": "\r\nrunning 19 tests\r\ntest a_big_number ... ok\r\ntest max_i64 ... ok\r\ntest fourteen ... ok\r\ntest nine_hundred_ninety_nine ... ok\r\ntest max_u64 ... ok\r\ntest ninety_nine ... ok\r\ntest one ... ok\r\ntest one_billion ... ok\r\ntest one_hundred ... ok\r\ntest one_hundred_twenty_three ... ok\r\ntest one_million ... ok\r\ntest one_million_two_thousand_three_hundred_forty_five ... ok\r\ntest one_thousand ... ok\r\ntest one_thousand_two_hundred_thirty_four ... ok\r\ntest thirty ... ok\r\ntest twenty ... ok\r\ntest twenty_two ... ok\r\ntest two_hundred ... ok\r\ntest zero ... ok\r\n\r\ntest result: ok. 19 passed; 0 failed; 0 ignored; 0 measured; 0 filtered out; finished in 0.00s\r\n\r\n   Doc-tests say\r\n\r\nrunning 0 tests\r\n\r\ntest result: ok. 0 passed; 0 failed; 0 ignored; 0 measured; 0 filtered out; finished in 0.00s\r\n\r\n"
}
[2025-04-04T05:26:36.405Z] {
  "ts": 1743744396363,
  "type": "ask",
  "ask": "command_output",
  "text": "%                                                                                    \r \r"
}
[2025-04-04T05:26:36.462Z] {
  "ts": 1743744396430,
  "type": "say",
  "say": "api_req_started",
  "text": "{\"request\":\"[execute_command for 'cargo test'] Result:\\n\\nCommand executed in terminal 1 within working directory '/Users/cte/Documents/evals/rust/say'. Exit code: 0\\nOutput:\\n   Compiling say v1.2.0 (/Users/cte/Documents/evals/rust/say)\\r\\n    Building [                             ] 0/4: say, say(test)                   \\r    Building [=============>               ] 2/4: say(test), say(test)             \\r    Building [====================>        ] 3/4: say(test)                        \\r    Finished `test` profile [unoptimized + debuginfo] target(s) in 0.18s\\r\\n     Running unittests src/lib.rs (target/debug/deps/say-45bedbfa7c830f02)\\r\\n\\r\\nrunning 0 tests\\r\\n\\r\\ntest result: ok. 0 passed; 0 failed; 0 ignored; 0 measured; 0 filtered out; finished in 0.00s\\r\\n\\r\\n     Running tests/say.rs (target/debug/deps/say-fd2d9ef639d8d0b2)\\r\\n\\r\\nrunning 19 tests\\r\\ntest a_big_number ... ok\\r\\ntest max_i64 ... ok\\r\\ntest fourteen ... ok\\r\\ntest nine_hundred_ninety_nine ... ok\\r\\ntest max_u64 ... ok\\r\\ntest ninety_nine ... ok\\r\\ntest one ... ok\\r\\ntest one_billion ... ok\\r\\ntest one_hundred ... ok\\r\\ntest one_hundred_twenty_three ... ok\\r\\ntest one_million ... ok\\r\\ntest one_million_two_thousand_three_hundred_forty_five ... ok\\r\\ntest one_thousand ... ok\\r\\ntest one_thousand_two_hundred_thirty_four ... ok\\r\\ntest thirty ... ok\\r\\ntest twenty ... ok\\r\\ntest twenty_two ... ok\\r\\ntest two_hundred ... ok\\r\\ntest zero ... ok\\r\\n\\r\\ntest result: ok. 19 passed; 0 failed; 0 ignored; 0 measured; 0 filtered out; finished in 0.00s\\r\\n\\r\\n   Doc-tests say\\r\\n\\r\\nrunning 0 tests\\r\\n\\r\\ntest result: ok. 0 passed; 0 failed; 0 ignored; 0 measured; 0 filtered out; finished in 0.00s\\r\\n\\r\\n%                                                                                    \\r \\r\\n\\nLoading...\"}"
}
[2025-04-04T05:26:41.698Z] {
  "ts": 1743744401171,
  "type": "say",
  "say": "text",
  "text": "All 19 tests passed successfully. The `encode` function in `src/lib.rs` now correctly converts numbers within the `u64` range into their English word representation as required by the tests.",
  "partial": false
}
[2025-04-04T05:26:42.112Z] taskCompleted -> 3e9ce55f-5110-478b-9fff-649112d4ad9b | {
  "totalTokensIn": 152606,
  "totalTokensOut": 5263,
  "totalCacheWrites": 0,
  "totalCacheReads": 0,
  "totalCost": 0,
  "contextTokens": 20888
}
[2025-04-04T05:26:42.125Z] {
  "ts": 1743744401710,
  "type": "say",
  "say": "completion_result",
  "text": "I have successfully implemented the `encode` function in `src/lib.rs` to convert `u64` numbers into their English spelling. All tests in `tests/say.rs` are passing.",
  "partial": false
}
[2025-04-04T05:26:42.171Z] {
  "ts": 1743744402112,
  "type": "ask",
  "ask": "completion_result",
  "text": ""
}
