[2025-04-04T05:22:20.183Z] {
  "ts": 1743744140130,
  "type": "say",
  "say": "text",
  "text": "Your job is to complete a coding exercise described the markdown files inside the `.docs` directory.\n\nA file with the implementation stubbed out has been created for you, along with a test file.\n\nTo successfully complete the exercise, you must pass all the tests in the test file.\n\nTo confirm that your solution is correct, run the tests with `cargo test`. Do not alter the test file; it should be run as-is.\n\nDo not use the \"ask_followup_question\" tool.\n"
}
[2025-04-04T05:22:20.213Z] taskStarted -> 493d1b9b-5702-432b-8a1d-84dfe664369a
[2025-04-04T05:22:20.254Z] {
  "ts": 1743744140213,
  "type": "say",
  "say": "api_req_started",
  "text": "{\"request\":\"<task>\\nYour job is to complete a coding exercise described the markdown files inside the `.docs` directory.\\n\\nA file with the implementation stubbed out has been created for you, along with a test file.\\n\\nTo successfully complete the exercise, you must pass all the tests in the test file.\\n\\nTo confirm that your solution is correct, run the tests with `cargo test`. Do not alter the test file; it should be run as-is.\\n\\nDo not use the \\\"ask_followup_question\\\" tool.\\n\\n</task>\\n\\nLoading...\"}"
}
[2025-04-04T05:22:25.289Z] {
  "ts": 1743744145171,
  "type": "say",
  "say": "text",
  "text": "Okay, I understand the task. I will start by examining the exercise description in the `.docs` directory.",
  "partial": false
}
[2025-04-04T05:22:25.373Z] {
  "ts": 1743744145331,
  "type": "ask",
  "ask": "tool",
  "text": "{\"tool\":\"listFilesTopLevel\",\"path\":\".docs\",\"content\":\"instructions.md\"}"
}
[2025-04-04T05:22:25.448Z] {
  "ts": 1743744145416,
  "type": "say",
  "say": "api_req_started",
  "text": "{\"request\":\"[list_files for '.docs'] Result:\\n\\ninstructions.md\\n\\nLoading...\"}"
}
[2025-04-04T05:22:28.507Z] {
  "ts": 1743744148236,
  "type": "say",
  "say": "text",
  "text": "Okay, I see the instruction file is `.docs/instructions.md`. I will now read its contents to understand the exercise requirements.",
  "partial": false
}
[2025-04-04T05:22:28.600Z] {
  "ts": 1743744148539,
  "type": "ask",
  "ask": "tool",
  "text": "{\"tool\":\"readFile\",\"path\":\".docs/instructions.md\",\"isOutsideWorkspace\":false,\"content\":\"/Users/cte/Documents/evals/rust/macros/.docs/instructions.md\",\"reason\":\" (max 500 lines)\"}"
}
[2025-04-04T05:22:28.691Z] {
  "ts": 1743744148658,
  "type": "say",
  "say": "api_req_started",
  "text": "{\"request\":\"[read_file for '.docs/instructions.md'] Result:\\n\\n 1 | # Description\\n 2 | \\n 3 | Macros are a powerful part of a Rust programmer's toolkit, and [macros by example](https://doc.rust-lang.org/reference/macros-by-example.html) are a relatively simple way to access this power. Let's write one!\\n 4 | \\n 5 | ## Context\\n 6 | \\n 7 | What is a macro? [Wikipedia](https://en.wikipedia.org/wiki/Macro_(computer_science)) describes it thus:\\n 8 | \\n 9 | > A macro (short for \\\"macroinstruction\\\", from Greek μακρός 'long') in computer science is a rule or pattern that specifies how a certain input sequence (often a sequence of characters) should be mapped to a replacement output sequence (also often a sequence of characters) according to a defined procedure. The mapping process that instantiates (transforms) a macro use into a specific sequence is known as macro expansion.\\n10 | \\n11 | Illuminating! But to be more concrete, macros are a special syntax which allows you to generate code at compile time. Macros can be used for compile-time calculation, but more often they're just another way to abstract your code. For example, you've probably already used `println!()` and `vec![]`. These each take an arbitrary number of arguments, so you can't express them as simple functions. On the other hand, they always expand to some amount of absolutely standard Rust code. If you're interested, you can use the [cargo expand](https://github.com/dtolnay/cargo-expand) subcommand to view the results of macro expansion in your code.\\n12 | \\n13 | For further information about macros in Rust, The Rust Book has a [good chapter](https://doc.rust-lang.org/book/ch19-06-macros.html) on them.\\n14 | \\n15 | ## Problem Statement\\n16 | \\n17 | You can produce a `Vec` of arbitrary length inline by using the `vec![]` macro. However, Rust doesn't come with a way to produce a [`HashMap`](https://doc.rust-lang.org/std/collections/struct.HashMap.html) inline. Rectify this by writing a `hashmap!()` macro.\\n18 | \\n19 | For example, a user of your library might write `hashmap!('a' => 3, 'b' => 11, 'z' => 32)`. This should expand to the following code:\\n20 | \\n21 | ```rust\\n22 | {\\n23 |    let mut hm = HashMap::new();\\n24 |    hm.insert('a', 3);\\n25 |    hm.insert('b', 11);\\n26 |    hm.insert('z', 32);\\n27 |    hm\\n28 | }\\n29 | ```\\n30 | \\n31 | Note that the [`maplit` crate](https://crates.io/crates/maplit) provides a macro which perfectly solves this exercise. Please implement your own solution instead of using this crate; please make an attempt on your own before viewing its source.\\n32 | \\n\\nLoading...\"}"
}
[2025-04-04T05:22:33.862Z] {
  "ts": 1743744153012,
  "type": "say",
  "say": "text",
  "text": "Okay, the goal is to create a `hashmap!` macro that takes key-value pairs like `'a' => 3, 'b' => 11` and expands into code that creates and populates a `std::collections::HashMap`.\n\nFirst, I'll read the contents of the implementation file `src/lib.rs`.",
  "partial": false
}
[2025-04-04T05:22:33.918Z] {
  "ts": 1743744153883,
  "type": "ask",
  "ask": "tool",
  "text": "{\"tool\":\"readFile\",\"path\":\"src/lib.rs\",\"isOutsideWorkspace\":false,\"content\":\"/Users/cte/Documents/evals/rust/macros/src/lib.rs\",\"reason\":\" (max 500 lines)\"}"
}
[2025-04-04T05:22:33.999Z] {
  "ts": 1743744153964,
  "type": "say",
  "say": "api_req_started",
  "text": "{\"request\":\"[read_file for 'src/lib.rs'] Result:\\n\\n1 | #[macro_export]\\n2 | macro_rules! hashmap {\\n3 |     () => {\\n4 |         todo!()\\n5 |     };\\n6 | }\\n7 | \\n\\nLoading...\"}"
}
[2025-04-04T05:22:42.596Z] {
  "ts": 1743744160348,
  "type": "say",
  "say": "text",
  "text": "Okay, I have the stub implementation. I will now replace it with the macro definition based on the instructions.\n\n```rust\n#[macro_export]\nmacro_rules! hashmap {\n    // Base case: empty hashmap\n    () => {\n        ::std::collections::HashMap::new()\n    };\n    // Main case: one or more key-value pairs, allows trailing comma\n    ( $( $key:expr => $value:expr ),* $(,)? ) => {\n        {\n            let mut hm = ::std::collections::HashMap::new();\n            $(\n                hm.insert($key, $value);\n            )*\n            hm\n        }\n    };\n}\n```\n\nThis macro handles both the empty case `hashmap!()` and the case with key-value pairs like `hashmap!('a' => 1, 'b' => 2)`. It uses the `$()*` repetition pattern to insert each key-value pair and allows an optional trailing comma `$(,)?`.\n\nI'll apply this change to `src/lib.rs`.",
  "partial": false
}
[2025-04-04T05:22:44.369Z] {
  "ts": 1743744162608,
  "type": "ask",
  "ask": "tool",
  "text": "{\"tool\":\"appliedDiff\",\"path\":\"src/lib.rs\",\"diff\":\"<<<<<<< SEARCH\\n:start_line:1\\n:end_line:6\\n-------\\n#[macro_export]\\nmacro_rules! hashmap {\\n    () => {\\n        todo!()\\n    };\\n}\\n=======\\n#[macro_export]\\nmacro_rules! hashmap {\\n    // Base case: empty hashmap\\n    () => {\\n        ::std::collections::HashMap::new()\\n    };\\n    // Main case: one or more key-value pairs, allows trailing comma\\n    ( $( $key:expr => $value:expr ),* $(,)? ) => {\\n        {\\n            let mut hm = ::std::collections::HashMap::new();\\n            $(\\n                hm.insert($key, $value);\\n            )*\\n            hm\\n        }\\n    };\\n}\\n>>>>>>> REPLACE\"}",
  "partial": false,
  "progressStatus": {
    "icon": "diff-multiple",
    "text": "1"
  }
}
[2025-04-04T05:22:44.775Z] {
  "ts": 1743744164740,
  "type": "say",
  "say": "api_req_started",
  "text": "{\"request\":\"[apply_diff for 'src/lib.rs'] Result:\\n\\nChanges successfully applied to src/lib.rs:\\n\\n\\n\\n\\nLoading...\"}"
}
[2025-04-04T05:22:48.374Z] {
  "ts": 1743744167943,
  "type": "say",
  "say": "text",
  "text": "Okay, the macro implementation has been applied to `src/lib.rs`.\n\nNow, I will run the tests using `cargo test` to verify the solution.",
  "partial": false
}
[2025-04-04T05:22:48.441Z] {
  "ts": 1743744168397,
  "type": "ask",
  "ask": "command",
  "text": "cargo test"
}
[2025-04-04T05:22:50.477Z] {
  "ts": 1743744170432,
  "type": "ask",
  "ask": "command_output",
  "text": "   Compiling macros v0.1.0 (/Users/cte/Documents/evals/rust/macros)\r\n"
}
[2025-04-04T05:22:50.477Z] {
  "ts": 1743744170432,
  "type": "ask",
  "ask": "command_output",
  "text": ""
}
[2025-04-04T05:22:50.728Z] {
  "ts": 1743744170683,
  "type": "ask",
  "ask": "command_output",
  "text": "    Building [                             ] 0/4: macros, macros(test)             \r    Building [=============>               ] 2/4: macros(test), macros(test)       \r    Building [====================>        ] 3/4: macros(test)                     \r    Finished `test` profile [unoptimized + debuginfo] target(s) in 0.28s\r\n     Running unittests src/lib.rs (target/debug/deps/macros-50f315366942867f)\r\n"
}
[2025-04-04T05:22:50.864Z] {
  "ts": 1743744170826,
  "type": "ask",
  "ask": "command_output",
  "text": "\r\nrunning 0 tests\r\n\r\ntest result: ok. 0 passed; 0 failed; 0 ignored; 0 measured; 0 filtered out; finished in 0.00s\r\n\r\n     Running tests/macros.rs (target/debug/deps/macros-a3a0dc3174e7f3ee)\r\n"
}
[2025-04-04T05:22:51.022Z] {
  "ts": 1743744170966,
  "type": "ask",
  "ask": "command_output",
  "text": "\r\nrunning 18 tests\r\ntest empty ... ok\r\ntest nested ... ok\r\ntest no_trailing_comma ... ok\r\ntest single ... ok\r\ntest test::macro_out_of_scope ... ok\r\ntest test::type_not_in_scope ... ok\r\ntest trailing_comma ... ok\r\ntest type_override ... ok\r\n"
}
[2025-04-04T05:22:51.157Z] {
  "ts": 1743744171102,
  "type": "ask",
  "ask": "command_output",
  "text": "test compile_fails_leading_comma ... ok\r\ntest compile_fails_double_commas ... ok\r\ntest compile_fails_no_comma ... ok\r\n"
}
[2025-04-04T05:22:51.363Z] {
  "ts": 1743744171307,
  "type": "ask",
  "ask": "command_output",
  "text": "test compile_fails_only_comma ... FAILED\r\ntest compile_fails_missing_argument ... ok\r\ntest compile_fails_only_arrow ... ok\r\ntest compile_fails_two_arrows ... ok\r\ntest compile_fails_comma_sep ... ok\r\ntest compile_fails_triple_arguments ... ok\r\ntest compile_fails_single_argument ... ok\r\n\r\nfailures:\r\n\r\n---- compile_fails_only_comma stdout ----\r\n\r\nthread 'compile_fails_only_comma' panicked at tests/macros.rs:191:13:\r\nExpected \"tests/invalid/only-comma.rs\" to fail to compile, but it succeeded.\r\nnote: run with `RUST_BACKTRACE=1` environment variable to display a backtrace\r\n\r\n\r\nfailures:\r\n    compile_fails_only_comma\r\n\r\ntest result: FAILED. 17 passed; 1 failed; 0 ignored; 0 measured; 0 filtered out; finished in 0.38s\r\n\r\nerror: test failed, to rerun pass `--test macros`\r\n"
}
[2025-04-04T05:22:51.363Z] {
  "ts": 1743744171308,
  "type": "ask",
  "ask": "command_output",
  "text": "%                                                                                    \r \r"
}
[2025-04-04T05:22:51.408Z] {
  "ts": 1743744171364,
  "type": "say",
  "say": "api_req_started",
  "text": "{\"request\":\"[execute_command for 'cargo test'] Result:\\n\\nCommand executed in terminal 1 within working directory '/Users/cte/Documents/evals/rust/macros'. Command execution was not successful, inspect the cause and adjust as needed.\\nExit code: 101\\nOutput:\\n   Compiling macros v0.1.0 (/Users/cte/Documents/evals/rust/macros)\\r\\n    Building [                             ] 0/4: macros, macros(test)             \\r    Building [=============>               ] 2/4: macros(test), macros(test)       \\r    Building [====================>        ] 3/4: macros(test)                     \\r    Finished `test` profile [unoptimized + debuginfo] target(s) in 0.28s\\r\\n     Running unittests src/lib.rs (target/debug/deps/macros-50f315366942867f)\\r\\n\\r\\nrunning 0 tests\\r\\n\\r\\ntest result: ok. 0 passed; 0 failed; 0 ignored; 0 measured; 0 filtered out; finished in 0.00s\\r\\n\\r\\n     Running tests/macros.rs (target/debug/deps/macros-a3a0dc3174e7f3ee)\\r\\n\\r\\nrunning 18 tests\\r\\ntest empty ... ok\\r\\ntest nested ... ok\\r\\ntest no_trailing_comma ... ok\\r\\ntest single ... ok\\r\\ntest test::macro_out_of_scope ... ok\\r\\ntest test::type_not_in_scope ... ok\\r\\ntest trailing_comma ... ok\\r\\ntest type_override ... ok\\r\\ntest compile_fails_leading_comma ... ok\\r\\ntest compile_fails_double_commas ... ok\\r\\ntest compile_fails_no_comma ... ok\\r\\ntest compile_fails_only_comma ... FAILED\\r\\ntest compile_fails_missing_argument ... ok\\r\\ntest compile_fails_only_arrow ... ok\\r\\ntest compile_fails_two_arrows ... ok\\r\\ntest compile_fails_comma_sep ... ok\\r\\ntest compile_fails_triple_arguments ... ok\\r\\ntest compile_fails_single_argument ... ok\\r\\n\\r\\nfailures:\\r\\n\\r\\n---- compile_fails_only_comma stdout ----\\r\\n\\r\\nthread 'compile_fails_only_comma' panicked at tests/macros.rs:191:13:\\r\\nExpected \\\"tests/invalid/only-comma.rs\\\" to fail to compile, but it succeeded.\\r\\nnote: run with `RUST_BACKTRACE=1` environment variable to display a backtrace\\r\\n\\r\\n\\r\\nfailures:\\r\\n    compile_fails_only_comma\\r\\n\\r\\ntest result: FAILED. 17 passed; 1 failed; 0 ignored; 0 measured; 0 filtered out; finished in 0.38s\\r\\n\\r\\nerror: test failed, to rerun pass `--test macros`\\r\\n%                                                                                    \\r \\r\\n\\nLoading...\"}"
}
[2025-04-04T05:23:06.122Z] {
  "ts": 1743744183870,
  "type": "say",
  "say": "text",
  "text": "Okay, the tests indicate that the macro incorrectly accepts `hashmap!(,)` as valid input, causing the `compile_fails_only_comma` test to fail. This happens because the pattern `$(...),* $(,)?` allows zero repetitions followed by a comma.\n\nTo fix this, I'll change the repetition specifier from `*` (zero or more) to `+` (one or more) for the key-value pairs. This ensures that if there are any tokens inside the parentheses, there must be at least one valid `key => value` pair.\n\nThe corrected macro definition:\n```rust\n#[macro_export]\nmacro_rules! hashmap {\n    // Base case: empty hashmap\n    () => {\n        ::std::collections::HashMap::new()\n    };\n    // Case: one or more key-value pairs, handles optional trailing comma\n    ( $( $key:expr => $value:expr ),+ $(,)? ) => {\n        {\n            let mut hm = ::std::collections::HashMap::new();\n            $(\n                hm.insert($key, $value);\n            )*\n            hm\n        }\n    };\n}\n```\nI will apply this updated definition to `src/lib.rs`.",
  "partial": false
}
[2025-04-04T05:23:08.326Z] {
  "ts": 1743744186133,
  "type": "ask",
  "ask": "tool",
  "text": "{\"tool\":\"appliedDiff\",\"path\":\"src/lib.rs\",\"diff\":\"<<<<<<< SEARCH\\n:start_line:7\\n:end_line:16\\n-------\\n    // Main case: one or more key-value pairs, allows trailing comma\\n    ( $( $key:expr => $value:expr ),* $(,)? ) => {\\n        {\\n            let mut hm = ::std::collections::HashMap::new();\\n            $(\\n                hm.insert($key, $value);\\n            )*\\n            hm\\n        }\\n    };\\n}\\n=======\\n    // Case: one or more key-value pairs, handles optional trailing comma\\n    ( $( $key:expr => $value:expr ),+ $(,)? ) => {\\n        {\\n            let mut hm = ::std::collections::HashMap::new();\\n            $(\\n                hm.insert($key, $value);\\n            )*\\n            hm\\n        }\\n    };\\n}\\n>>>>>>> REPLACE\"}",
  "partial": false,
  "progressStatus": {
    "icon": "diff-multiple",
    "text": "1"
  }
}
[2025-04-04T05:23:08.804Z] {
  "ts": 1743744188769,
  "type": "say",
  "say": "api_req_started",
  "text": "{\"request\":\"[apply_diff for 'src/lib.rs'] Result:\\n\\nChanges successfully applied to src/lib.rs:\\n\\n\\n\\n\\nLoading...\"}"
}
[2025-04-04T05:23:12.120Z] {
  "ts": 1743744191986,
  "type": "say",
  "say": "text",
  "text": "Okay, the change has been applied. I will run `cargo test` again to see if the issue is resolved.",
  "partial": false
}
[2025-04-04T05:23:12.178Z] {
  "ts": 1743744191986,
  "type": "say",
  "say": "text",
  "text": "Okay, the change has been applied. I will run `cargo test` again to see if the issue is resolved.",
  "partial": false
}
[2025-04-04T05:23:12.293Z] {
  "ts": 1743744192191,
  "type": "ask",
  "ask": "command",
  "text": "cargo test"
}
[2025-04-04T05:23:12.732Z] {
  "ts": 1743744192689,
  "type": "ask",
  "ask": "command_output",
  "text": "   Compiling macros v0.1.0 (/Users/cte/Documents/evals/rust/macros)\r\n"
}
[2025-04-04T05:23:12.732Z] {
  "ts": 1743744192689,
  "type": "ask",
  "ask": "command_output",
  "text": ""
}
[2025-04-04T05:23:13.358Z] {
  "ts": 1743744193300,
  "type": "ask",
  "ask": "command_output",
  "text": "%                                                                                    \r \r"
}
[2025-04-04T05:23:13.357Z] {
  "ts": 1743744193299,
  "type": "ask",
  "ask": "command_output",
  "text": "    Building [                             ] 0/4: macros(test), macros             \r    Building [=============>               ] 2/4: macros(test), macros(test)       \r    Building [====================>        ] 3/4: macros(test)                     \r    Finished `test` profile [unoptimized + debuginfo] target(s) in 0.25s\r\n     Running unittests src/lib.rs (target/debug/deps/macros-50f315366942867f)\r\n\r\nrunning 0 tests\r\n\r\ntest result: ok. 0 passed; 0 failed; 0 ignored; 0 measured; 0 filtered out; finished in 0.00s\r\n\r\n     Running tests/macros.rs (target/debug/deps/macros-a3a0dc3174e7f3ee)\r\n\r\nrunning 18 tests\r\ntest empty ... ok\r\ntest nested ... ok\r\ntest single ... ok\r\ntest test::macro_out_of_scope ... ok\r\ntest no_trailing_comma ... ok\r\ntest type_override ... ok\r\ntest test::type_not_in_scope ... ok\r\ntest trailing_comma ... ok\r\ntest compile_fails_triple_arguments ... ok\r\ntest compile_fails_comma_sep ... ok\r\ntest compile_fails_no_comma ... ok\r\ntest compile_fails_double_commas ... ok\r\ntest compile_fails_only_arrow ... ok\r\ntest compile_fails_single_argument ... ok\r\ntest compile_fails_leading_comma ... ok\r\ntest compile_fails_two_arrows ... ok\r\ntest compile_fails_missing_argument ... ok\r\ntest compile_fails_only_comma ... ok\r\n\r\ntest result: ok. 18 passed; 0 failed; 0 ignored; 0 measured; 0 filtered out; finished in 0.24s\r\n\r\n   Doc-tests macros\r\n\r\nrunning 0 tests\r\n\r\ntest result: ok. 0 passed; 0 failed; 0 ignored; 0 measured; 0 filtered out; finished in 0.00s\r\n\r\n"
}
[2025-04-04T05:23:13.428Z] {
  "ts": 1743744193378,
  "type": "say",
  "say": "api_req_started",
  "text": "{\"request\":\"[execute_command for 'cargo test'] Result:\\n\\nCommand executed in terminal 1 within working directory '/Users/cte/Documents/evals/rust/macros'. Exit code: 0\\nOutput:\\n   Compiling macros v0.1.0 (/Users/cte/Documents/evals/rust/macros)\\r\\n    Building [                             ] 0/4: macros(test), macros             \\r    Building [=============>               ] 2/4: macros(test), macros(test)       \\r    Building [====================>        ] 3/4: macros(test)                     \\r    Finished `test` profile [unoptimized + debuginfo] target(s) in 0.25s\\r\\n     Running unittests src/lib.rs (target/debug/deps/macros-50f315366942867f)\\r\\n\\r\\nrunning 0 tests\\r\\n\\r\\ntest result: ok. 0 passed; 0 failed; 0 ignored; 0 measured; 0 filtered out; finished in 0.00s\\r\\n\\r\\n     Running tests/macros.rs (target/debug/deps/macros-a3a0dc3174e7f3ee)\\r\\n\\r\\nrunning 18 tests\\r\\ntest empty ... ok\\r\\ntest nested ... ok\\r\\ntest single ... ok\\r\\ntest test::macro_out_of_scope ... ok\\r\\ntest no_trailing_comma ... ok\\r\\ntest type_override ... ok\\r\\ntest test::type_not_in_scope ... ok\\r\\ntest trailing_comma ... ok\\r\\ntest compile_fails_triple_arguments ... ok\\r\\ntest compile_fails_comma_sep ... ok\\r\\ntest compile_fails_no_comma ... ok\\r\\ntest compile_fails_double_commas ... ok\\r\\ntest compile_fails_only_arrow ... ok\\r\\ntest compile_fails_single_argument ... ok\\r\\ntest compile_fails_leading_comma ... ok\\r\\ntest compile_fails_two_arrows ... ok\\r\\ntest compile_fails_missing_argument ... ok\\r\\ntest compile_fails_only_comma ... ok\\r\\n\\r\\ntest result: ok. 18 passed; 0 failed; 0 ignored; 0 measured; 0 filtered out; finished in 0.24s\\r\\n\\r\\n   Doc-tests macros\\r\\n\\r\\nrunning 0 tests\\r\\n\\r\\ntest result: ok. 0 passed; 0 failed; 0 ignored; 0 measured; 0 filtered out; finished in 0.00s\\r\\n\\r\\n%                                                                                    \\r \\r\\n\\nLoading...\"}"
}
[2025-04-04T05:23:17.678Z] {
  "ts": 1743744197412,
  "type": "say",
  "say": "text",
  "text": "All tests passed successfully. The `hashmap!` macro has been implemented correctly in `src/lib.rs` according to the exercise requirements.",
  "partial": false
}
[2025-04-04T05:23:18.204Z] taskCompleted -> 493d1b9b-5702-432b-8a1d-84dfe664369a | {
  "totalTokensIn": 169223,
  "totalTokensOut": 4256,
  "totalCacheWrites": 0,
  "totalCacheReads": 0,
  "totalCost": 0,
  "contextTokens": 23768
}
[2025-04-04T05:23:18.229Z] {
  "ts": 1743744197684,
  "type": "say",
  "say": "completion_result",
  "text": "I have successfully implemented the `hashmap!` macro in `src/lib.rs`. All tests in `tests/macros.rs` are passing, confirming the implementation meets the requirements specified in `.docs/instructions.md`.",
  "partial": false
}
[2025-04-04T05:23:18.293Z] {
  "ts": 1743744198204,
  "type": "ask",
  "ask": "completion_result",
  "text": ""
}
