[2025-04-03T23:21:07.619Z] {
  "ts": 1743722467602,
  "type": "say",
  "say": "text",
  "text": "Your job is to complete a coding exercise described the markdown files inside the `.docs` directory.\n\nA file with the implementation stubbed out has been created for you, along with a test file.\n\nTo successfully complete the exercise, you must pass all the tests in the test file.\n\nTo confirm that your solution is correct, run the tests with `cargo test`. Do not alter the test file; it should be run as-is.\n\nDo not use the \"ask_followup_question\" tool.\n"
}
[2025-04-03T23:21:07.632Z] taskStarted -> 47391fda-b764-4aae-9928-5a98f0a91034
[2025-04-03T23:21:07.649Z] {
  "ts": 1743722467632,
  "type": "say",
  "say": "api_req_started",
  "text": "{\"request\":\"<task>\\nYour job is to complete a coding exercise described the markdown files inside the `.docs` directory.\\n\\nA file with the implementation stubbed out has been created for you, along with a test file.\\n\\nTo successfully complete the exercise, you must pass all the tests in the test file.\\n\\nTo confirm that your solution is correct, run the tests with `cargo test`. Do not alter the test file; it should be run as-is.\\n\\nDo not use the \\\"ask_followup_question\\\" tool.\\n\\n</task>\\n\\nLoading...\"}"
}
[2025-04-03T23:21:10.705Z] {
  "ts": 1743722469377,
  "type": "say",
  "say": "text",
  "text": "The task is to complete a coding exercise described in markdown files inside a `.docs` directory. However, the `.docs` directory is not currently visible in the environment details file list. It is possible that `.docs` is a hidden directory or simply not listed yet.\n\nMy first step is to list all files and directories recursively from the current working directory to locate `.docs` and any relevant markdown files containing the exercise description.\n\nOnce I find the exercise description, I will read it carefully to understand the requirements.\n\nAfter that, I will inspect the implementation stub (likely in `src/lib.rs`) and the test file (`tests/acronym.rs`).\n\nFinally, I will implement the solution, verify it by running `cargo test`, and ensure all tests pass.\n\nSo, the immediate next step is to list all files recursively to locate `.docs` and the markdown instructions.",
  "partial": false
}
[2025-04-03T23:21:10.705Z] {
  "ts": 1743722469377,
  "type": "say",
  "say": "text",
  "text": "The task is to complete a coding exercise described in markdown files inside a `.docs` directory. However, the `.docs` directory is not currently visible in the environment details file list. It is possible that `.docs` is a hidden directory or simply not listed yet.\n\nMy first step is to list all files and directories recursively from the current working directory to locate `.docs` and any relevant markdown files containing the exercise description.\n\nOnce I find the exercise description, I will read it carefully to understand the requirements.\n\nAfter that, I will inspect the implementation stub (likely in `src/lib.rs`) and the test file (`tests/acronym.rs`).\n\nFinally, I will implement the solution, verify it by running `cargo test`, and ensure all tests pass.\n\nSo, the immediate next step is to list all files recursively to locate `.docs` and the markdown instructions.",
  "partial": false
}
[2025-04-03T23:21:10.705Z] {
  "ts": 1743722469377,
  "type": "say",
  "say": "text",
  "text": "The task is to complete a coding exercise described in markdown files inside a `.docs` directory. However, the `.docs` directory is not currently visible in the environment details file list. It is possible that `.docs` is a hidden directory or simply not listed yet.\n\nMy first step is to list all files and directories recursively from the current working directory to locate `.docs` and any relevant markdown files containing the exercise description.\n\nOnce I find the exercise description, I will read it carefully to understand the requirements.\n\nAfter that, I will inspect the implementation stub (likely in `src/lib.rs`) and the test file (`tests/acronym.rs`).\n\nFinally, I will implement the solution, verify it by running `cargo test`, and ensure all tests pass.\n\nSo, the immediate next step is to list all files recursively to locate `.docs` and the markdown instructions.",
  "partial": false
}
[2025-04-03T23:21:10.704Z] {
  "ts": 1743722469377,
  "type": "say",
  "say": "text",
  "text": "The task is to complete a coding exercise described in markdown files inside a `.docs` directory. However, the `.docs` directory is not currently visible in the environment details file list. It is possible that `.docs` is a hidden directory or simply not listed yet.\n\nMy first step is to list all files and directories recursively from the current working directory to locate `.docs` and any relevant markdown files containing the exercise description.\n\nOnce I find the exercise description, I will read it carefully to understand the requirements.\n\nAfter that, I will inspect the implementation stub (likely in `src/lib.rs`) and the test file (`tests/acronym.rs`).\n\nFinally, I will implement the solution, verify it by running `cargo test`, and ensure all tests pass.\n\nSo, the immediate next step is to list all files recursively to locate `.docs` and the markdown instructions.",
  "partial": false
}
[2025-04-03T23:21:10.705Z] {
  "ts": 1743722469377,
  "type": "say",
  "say": "text",
  "text": "The task is to complete a coding exercise described in markdown files inside a `.docs` directory. However, the `.docs` directory is not currently visible in the environment details file list. It is possible that `.docs` is a hidden directory or simply not listed yet.\n\nMy first step is to list all files and directories recursively from the current working directory to locate `.docs` and any relevant markdown files containing the exercise description.\n\nOnce I find the exercise description, I will read it carefully to understand the requirements.\n\nAfter that, I will inspect the implementation stub (likely in `src/lib.rs`) and the test file (`tests/acronym.rs`).\n\nFinally, I will implement the solution, verify it by running `cargo test`, and ensure all tests pass.\n\nSo, the immediate next step is to list all files recursively to locate `.docs` and the markdown instructions.",
  "partial": false
}
[2025-04-03T23:21:10.741Z] {
  "ts": 1743722469377,
  "type": "say",
  "say": "text",
  "text": "The task is to complete a coding exercise described in markdown files inside a `.docs` directory. However, the `.docs` directory is not currently visible in the environment details file list. It is possible that `.docs` is a hidden directory or simply not listed yet.\n\nMy first step is to list all files and directories recursively from the current working directory to locate `.docs` and any relevant markdown files containing the exercise description.\n\nOnce I find the exercise description, I will read it carefully to understand the requirements.\n\nAfter that, I will inspect the implementation stub (likely in `src/lib.rs`) and the test file (`tests/acronym.rs`).\n\nFinally, I will implement the solution, verify it by running `cargo test`, and ensure all tests pass.\n\nSo, the immediate next step is to list all files recursively to locate `.docs` and the markdown instructions.",
  "partial": false
}
[2025-04-03T23:21:10.832Z] {
  "ts": 1743722470762,
  "type": "ask",
  "ask": "tool",
  "text": "{\"tool\":\"listFilesRecursive\",\"path\":\"acronym\",\"content\":\"Cargo.toml\\nroo-code-messages.log\\nsrc/\\nsrc/lib.rs\\ntests/\\ntests/acronym.rs\"}",
  "partial": false
}
[2025-04-03T23:21:11.172Z] {
  "ts": 1743722471156,
  "type": "say",
  "say": "api_req_started",
  "text": "{\"request\":\"[list_files for '.'] Result:\\n\\nCargo.toml\\nroo-code-messages.log\\nsrc/\\nsrc/lib.rs\\ntests/\\ntests/acronym.rs\\n\\nLoading...\"}"
}
[2025-04-03T23:21:15.145Z] {
  "ts": 1743722473808,
  "type": "say",
  "say": "text",
  "text": "The `.docs` directory is not present in the current working directory or its subdirectories, based on the recursive file listing. Since the task explicitly states that the exercise description is inside `.docs`, but it is not visible, it is likely that the directory is hidden due to the leading dot.\n\nI will attempt a regex search for markdown files (`.md`) across the entire project, including hidden directories, to locate the exercise description. The `search_files` tool will reveal any markdown content regardless of directory visibility.\n\nI will search for a common markdown header pattern (`^# `) to locate the exercise description content within any `.md` files.\n\nIf no markdown files are found, I will proceed based on the stub and test files alone.\n\nNext step: search for markdown headers in all files to locate the exercise description.",
  "partial": false
}
[2025-04-03T23:21:15.145Z] {
  "ts": 1743722473808,
  "type": "say",
  "say": "text",
  "text": "The `.docs` directory is not present in the current working directory or its subdirectories, based on the recursive file listing. Since the task explicitly states that the exercise description is inside `.docs`, but it is not visible, it is likely that the directory is hidden due to the leading dot.\n\nI will attempt a regex search for markdown files (`.md`) across the entire project, including hidden directories, to locate the exercise description. The `search_files` tool will reveal any markdown content regardless of directory visibility.\n\nI will search for a common markdown header pattern (`^# `) to locate the exercise description content within any `.md` files.\n\nIf no markdown files are found, I will proceed based on the stub and test files alone.\n\nNext step: search for markdown headers in all files to locate the exercise description.",
  "partial": false
}
[2025-04-03T23:21:15.145Z] {
  "ts": 1743722473808,
  "type": "say",
  "say": "text",
  "text": "The `.docs` directory is not present in the current working directory or its subdirectories, based on the recursive file listing. Since the task explicitly states that the exercise description is inside `.docs`, but it is not visible, it is likely that the directory is hidden due to the leading dot.\n\nI will attempt a regex search for markdown files (`.md`) across the entire project, including hidden directories, to locate the exercise description. The `search_files` tool will reveal any markdown content regardless of directory visibility.\n\nI will search for a common markdown header pattern (`^# `) to locate the exercise description content within any `.md` files.\n\nIf no markdown files are found, I will proceed based on the stub and test files alone.\n\nNext step: search for markdown headers in all files to locate the exercise description.",
  "partial": false
}
[2025-04-03T23:21:15.157Z] {
  "ts": 1743722473808,
  "type": "say",
  "say": "text",
  "text": "The `.docs` directory is not present in the current working directory or its subdirectories, based on the recursive file listing. Since the task explicitly states that the exercise description is inside `.docs`, but it is not visible, it is likely that the directory is hidden due to the leading dot.\n\nI will attempt a regex search for markdown files (`.md`) across the entire project, including hidden directories, to locate the exercise description. The `search_files` tool will reveal any markdown content regardless of directory visibility.\n\nI will search for a common markdown header pattern (`^# `) to locate the exercise description content within any `.md` files.\n\nIf no markdown files are found, I will proceed based on the stub and test files alone.\n\nNext step: search for markdown headers in all files to locate the exercise description.",
  "partial": false
}
[2025-04-03T23:21:15.929Z] {
  "ts": 1743722475163,
  "type": "ask",
  "ask": "tool",
  "text": "{\"tool\":\"searchFiles\",\"path\":\"acronym\",\"regex\":\"^#\",\"filePattern\":\"*.md\",\"content\":\"Found 0 results.\"}",
  "partial": false
}
[2025-04-03T23:21:16.265Z] {
  "ts": 1743722476246,
  "type": "say",
  "say": "api_req_started",
  "text": "{\"request\":\"[search_files for '^#' in '*.md'] Result:\\n\\nFound 0 results.\\n\\nLoading...\"}"
}
[2025-04-03T23:21:18.595Z] {
  "ts": 1743722477700,
  "type": "say",
  "say": "text",
  "text": "There are no markdown files found in the project, including within hidden directories, which means the exercise description is not available in `.docs` or any other markdown file.\n\nGiven this, I will proceed by inspecting the implementation stub and the test file, as they likely contain enough context to infer the requirements.\n\nThe implementation is likely in `src/lib.rs`, and the tests are in `tests/acronym.rs`.\n\nMy next step is to list the code definitions in `src/lib.rs` to understand what function(s) or struct(s) are stubbed out for implementation.",
  "partial": false
}
[2025-04-03T23:21:18.595Z] {
  "ts": 1743722477700,
  "type": "say",
  "say": "text",
  "text": "There are no markdown files found in the project, including within hidden directories, which means the exercise description is not available in `.docs` or any other markdown file.\n\nGiven this, I will proceed by inspecting the implementation stub and the test file, as they likely contain enough context to infer the requirements.\n\nThe implementation is likely in `src/lib.rs`, and the tests are in `tests/acronym.rs`.\n\nMy next step is to list the code definitions in `src/lib.rs` to understand what function(s) or struct(s) are stubbed out for implementation.",
  "partial": false
}
[2025-04-03T23:21:18.607Z] {
  "ts": 1743722477700,
  "type": "say",
  "say": "text",
  "text": "There are no markdown files found in the project, including within hidden directories, which means the exercise description is not available in `.docs` or any other markdown file.\n\nGiven this, I will proceed by inspecting the implementation stub and the test file, as they likely contain enough context to infer the requirements.\n\nThe implementation is likely in `src/lib.rs`, and the tests are in `tests/acronym.rs`.\n\nMy next step is to list the code definitions in `src/lib.rs` to understand what function(s) or struct(s) are stubbed out for implementation.",
  "partial": false
}
[2025-04-03T23:21:18.734Z] {
  "ts": 1743722478613,
  "type": "ask",
  "ask": "tool",
  "text": "{\"tool\":\"listCodeDefinitionNames\",\"path\":\"src/lib.rs\",\"content\":\"No source code definitions found in cline file.\"}",
  "partial": false
}
[2025-04-03T23:21:19.160Z] {
  "ts": 1743722479144,
  "type": "say",
  "say": "api_req_started",
  "text": "{\"request\":\"[list_code_definition_names for 'src/lib.rs'] Result:\\n\\nNo source code definitions found in cline file.\\n\\nLoading...\"}"
}
[2025-04-03T23:21:21.322Z] {
  "ts": 1743722480591,
  "type": "say",
  "say": "text",
  "text": "No code definitions were detected in `src/lib.rs`, which suggests it might be empty or only contain stub comments or minimal code not recognized as a definition.\n\nTo proceed, I will directly read the contents of `src/lib.rs` to examine any stubbed-out implementation or comments that might guide the solution.\n\nThis will help me understand what needs to be implemented.\n\nI will read the entire file since it is likely small.",
  "partial": false
}
[2025-04-03T23:21:21.484Z] {
  "ts": 1743722481329,
  "type": "ask",
  "ask": "tool",
  "text": "{\"tool\":\"readFile\",\"path\":\"src/lib.rs\",\"isOutsideWorkspace\":false,\"content\":\"/Users/cte/Documents/evals/rust/acronym/src/lib.rs\",\"reason\":\" (max 500 lines)\"}",
  "partial": false
}
[2025-04-03T23:21:21.714Z] {
  "ts": 1743722481700,
  "type": "say",
  "say": "api_req_started",
  "text": "{\"request\":\"[read_file for 'src/lib.rs'] Result:\\n\\n1 | pub fn abbreviate(phrase: &str) -> String {\\n2 |     todo!(\\\"Given the phrase '{phrase}', return its acronym\\\");\\n3 | }\\n4 | \\n\\nLoading...\"}"
}
[2025-04-03T23:21:25.518Z] {
  "ts": 1743722483229,
  "type": "say",
  "say": "text",
  "text": "The stubbed implementation contains a single function:\n\n```rust\npub fn abbreviate(phrase: &str) -> String {\n    todo!(\"Given the phrase '{phrase}', return its acronym\");\n}\n```\n\nThe function name `abbreviate` and the `todo!` message suggest that the task is to implement an acronym generator: given a phrase, return its acronym.\n\nTo confirm the expected behavior and edge cases, I will now inspect the test file `tests/acronym.rs`, which should contain test cases specifying the input phrases and expected acronyms.\n\nI will read the entire `tests/acronym.rs` file to analyze the test cases.",
  "partial": false
}
[2025-04-03T23:21:25.528Z] {
  "ts": 1743722483229,
  "type": "say",
  "say": "text",
  "text": "The stubbed implementation contains a single function:\n\n```rust\npub fn abbreviate(phrase: &str) -> String {\n    todo!(\"Given the phrase '{phrase}', return its acronym\");\n}\n```\n\nThe function name `abbreviate` and the `todo!` message suggest that the task is to implement an acronym generator: given a phrase, return its acronym.\n\nTo confirm the expected behavior and edge cases, I will now inspect the test file `tests/acronym.rs`, which should contain test cases specifying the input phrases and expected acronyms.\n\nI will read the entire `tests/acronym.rs` file to analyze the test cases.",
  "partial": false
}
[2025-04-03T23:21:25.694Z] {
  "ts": 1743722485535,
  "type": "ask",
  "ask": "tool",
  "text": "{\"tool\":\"readFile\",\"path\":\"tests/acronym.rs\",\"isOutsideWorkspace\":false,\"content\":\"/Users/cte/Documents/evals/rust/acronym/tests/acronym.rs\",\"reason\":\" (max 500 lines)\"}",
  "partial": false
}
[2025-04-03T23:21:25.925Z] {
  "ts": 1743722485908,
  "type": "say",
  "say": "api_req_started",
  "text": "{\"request\":\"[read_file for 'tests/acronym.rs'] Result:\\n\\n 1 | use acronym::*;\\n 2 | \\n 3 | #[test]\\n 4 | fn basic() {\\n 5 |     let input = \\\"Portable Network Graphics\\\";\\n 6 |     let output = abbreviate(input);\\n 7 |     let expected = \\\"PNG\\\";\\n 8 |     assert_eq!(output, expected);\\n 9 | }\\n10 | \\n11 | #[test]\\n12 | fn lowercase_words() {\\n13 |     let input = \\\"Ruby on Rails\\\";\\n14 |     let output = abbreviate(input);\\n15 |     let expected = \\\"ROR\\\";\\n16 |     assert_eq!(output, expected);\\n17 | }\\n18 | \\n19 | #[test]\\n20 | fn punctuation() {\\n21 |     let input = \\\"First In, First Out\\\";\\n22 |     let output = abbreviate(input);\\n23 |     let expected = \\\"FIFO\\\";\\n24 |     assert_eq!(output, expected);\\n25 | }\\n26 | \\n27 | #[test]\\n28 | fn all_caps_word() {\\n29 |     let input = \\\"GNU Image Manipulation Program\\\";\\n30 |     let output = abbreviate(input);\\n31 |     let expected = \\\"GIMP\\\";\\n32 |     assert_eq!(output, expected);\\n33 | }\\n34 | \\n35 | #[test]\\n36 | fn punctuation_without_whitespace() {\\n37 |     let input = \\\"Complementary metal-oxide semiconductor\\\";\\n38 |     let output = abbreviate(input);\\n39 |     let expected = \\\"CMOS\\\";\\n40 |     assert_eq!(output, expected);\\n41 | }\\n42 | \\n43 | #[test]\\n44 | fn very_long_abbreviation() {\\n45 |     let input = \\\"Rolling On The Floor Laughing So Hard That My Dogs Came Over And Licked Me\\\";\\n46 |     let output = abbreviate(input);\\n47 |     let expected = \\\"ROTFLSHTMDCOALM\\\";\\n48 |     assert_eq!(output, expected);\\n49 | }\\n50 | \\n51 | #[test]\\n52 | fn consecutive_delimiters() {\\n53 |     let input = \\\"Something - I made up from thin air\\\";\\n54 |     let output = abbreviate(input);\\n55 |     let expected = \\\"SIMUFTA\\\";\\n56 |     assert_eq!(output, expected);\\n57 | }\\n58 | \\n59 | #[test]\\n60 | fn apostrophes() {\\n61 |     let input = \\\"Halley's Comet\\\";\\n62 |     let output = abbreviate(input);\\n63 |     let expected = \\\"HC\\\";\\n64 |     assert_eq!(output, expected);\\n65 | }\\n66 | \\n67 | #[test]\\n68 | fn underscore_emphasis() {\\n69 |     let input = \\\"The Road _Not_ Taken\\\";\\n70 |     let output = abbreviate(input);\\n71 |     let expected = \\\"TRNT\\\";\\n72 |     assert_eq!(output, expected);\\n73 | }\\n74 | \\n75 | #[test]\\n76 | fn camelcase() {\\n77 |     let input = \\\"HyperText Markup Language\\\";\\n78 |     let output = abbreviate(input);\\n79 |     let expected = \\\"HTML\\\";\\n80 |     assert_eq!(output, expected);\\n81 | }\\n82 | \\n\\nLoading...\"}"
}
[2025-04-03T23:21:29.974Z] {
  "ts": 1743722487906,
  "type": "say",
  "say": "text",
  "text": "The tests clarify the expected behavior:\n\n- The acronym is formed by concatenating the uppercase initials of each word.\n- Words are delimited by spaces, hyphens, underscores, or punctuation (e.g., commas, apostrophes).\n- The acronym should be in uppercase regardless of the original casing.\n- Punctuation and delimiters do not contribute letters but separate words.\n- CamelCase words (e.g., \"HyperText\") should contribute both 'H' and 'T' to the acronym.\n- Multiple delimiters in a row should be treated as word boundaries.\n- Examples:\n  - \"Portable Network Graphics\" → \"PNG\"\n  - \"Ruby on Rails\" → \"ROR\"\n  - \"First In, First Out\" → \"FIFO\"\n  - \"Complementary metal-oxide semiconductor\" → \"CMOS\"\n  - \"Halley's Comet\" → \"HC\"\n  - \"HyperText Markup Language\" → \"HTML\"\n\n**Implementation plan:**\n- Split the phrase into words using delimiters: whitespace, hyphens, underscores, and punctuation.\n- For each word:\n  - Take the first alphabetic character.\n  - For CamelCase words, also take any uppercase letter inside the word.\n- Concatenate all initials and uppercase the result.\n\nI will implement this logic in `src/lib.rs` by replacing the `todo!` macro.",
  "partial": false
}
[2025-04-03T23:21:29.985Z] {
  "ts": 1743722487906,
  "type": "say",
  "say": "text",
  "text": "The tests clarify the expected behavior:\n\n- The acronym is formed by concatenating the uppercase initials of each word.\n- Words are delimited by spaces, hyphens, underscores, or punctuation (e.g., commas, apostrophes).\n- The acronym should be in uppercase regardless of the original casing.\n- Punctuation and delimiters do not contribute letters but separate words.\n- CamelCase words (e.g., \"HyperText\") should contribute both 'H' and 'T' to the acronym.\n- Multiple delimiters in a row should be treated as word boundaries.\n- Examples:\n  - \"Portable Network Graphics\" → \"PNG\"\n  - \"Ruby on Rails\" → \"ROR\"\n  - \"First In, First Out\" → \"FIFO\"\n  - \"Complementary metal-oxide semiconductor\" → \"CMOS\"\n  - \"Halley's Comet\" → \"HC\"\n  - \"HyperText Markup Language\" → \"HTML\"\n\n**Implementation plan:**\n- Split the phrase into words using delimiters: whitespace, hyphens, underscores, and punctuation.\n- For each word:\n  - Take the first alphabetic character.\n  - For CamelCase words, also take any uppercase letter inside the word.\n- Concatenate all initials and uppercase the result.\n\nI will implement this logic in `src/lib.rs` by replacing the `todo!` macro.",
  "partial": false
}
[2025-04-03T23:21:31.053Z] {
  "ts": 1743722489991,
  "type": "ask",
  "ask": "tool",
  "text": "{\"tool\":\"appliedDiff\",\"path\":\"src/lib.rs\",\"diff\":\"<<<<<<< SEARCH\\n:start_line:1\\n:end_line:3\\n-------\\npub fn abbreviate(phrase: &str) -> String {\\n    todo!(\\\"Given the phrase '{phrase}', return its acronym\\\");\\n}\\n=======\\npub fn abbreviate(phrase: &str) -> String {\\n    let mut acronym = String::new();\\n    let mut new_word = true;\\n\\n    for c in phrase.chars() {\\n        if c.is_alphanumeric() {\\n            if new_word {\\n                acronym.push(c.to_ascii_uppercase());\\n                new_word = false;\\n            } else if c.is_uppercase() {\\n                acronym.push(c);\\n            }\\n        } else {\\n            new_word = true;\\n        }\\n    }\\n\\n    acronym\\n}\\n>>>>>>> REPLACE\"}",
  "partial": false,
  "progressStatus": {
    "icon": "diff-multiple",
    "text": "1"
  }
}
[2025-04-03T23:21:31.469Z] {
  "ts": 1743722491454,
  "type": "say",
  "say": "api_req_started",
  "text": "{\"request\":\"[apply_diff for 'src/lib.rs'] Result:\\n\\nChanges successfully applied to src/lib.rs:\\n\\n\\n\\n\\nLoading...\"}"
}
[2025-04-03T23:21:33.301Z] {
  "ts": 1743722492775,
  "type": "say",
  "say": "text",
  "text": "The implementation has been applied successfully. The next step is to verify the correctness of the implementation by running the test suite using `cargo test`. This will confirm if the function behaves as expected according to the provided test cases.\n\nI will now execute the command to run all tests.",
  "partial": false
}
[2025-04-03T23:21:33.313Z] {
  "ts": 1743722492775,
  "type": "say",
  "say": "text",
  "text": "The implementation has been applied successfully. The next step is to verify the correctness of the implementation by running the test suite using `cargo test`. This will confirm if the function behaves as expected according to the provided test cases.\n\nI will now execute the command to run all tests.",
  "partial": false
}
[2025-04-03T23:21:33.651Z] {
  "ts": 1743722493319,
  "type": "ask",
  "ask": "command",
  "text": "cargo test",
  "partial": false
}
[2025-04-03T23:21:36.084Z] {
  "ts": 1743722496069,
  "type": "ask",
  "ask": "command_output",
  "text": ""
}
[2025-04-03T23:21:36.276Z] {
  "ts": 1743722496259,
  "type": "ask",
  "ask": "command_output",
  "text": "   Compiling acronym v1.7.0 (/Users/cte/Documents/evals/rust/acronym)\r\n"
}
[2025-04-03T23:21:36.520Z] {
  "ts": 1743722496506,
  "type": "ask",
  "ask": "command_output",
  "text": "    Building [                             ] 0/4: acronym                                                             \r    Building [                             ] 0/4: acronym, acronym(test)                                              \r    Building [=============>               ] 2/4: acronym(test), acronym(test)                                        \r    Building [====================>        ] 3/4: acronym(test)                                                       \r    Finished `test` profile [unoptimized + debuginfo] target(s) in 0.24s\r\n     Running unittests src/lib.rs (target/debug/deps/acronym-0f7d16e399cf6746)\r\n\r\nrunning 0 tests\r\n\r\ntest result: ok. 0 passed; 0 failed; 0 ignored; 0 measured; 0 filtered out; finished in 0.00s\r\n\r\n     Running tests/acronym.rs (target/debug/deps/acronym-018d1fc6c5369a64)\r\n"
}
[2025-04-03T23:21:36.660Z] {
  "ts": 1743722496620,
  "type": "ask",
  "ask": "command_output",
  "text": "%                                                                                                                       \r \r"
}
[2025-04-03T23:21:36.660Z] {
  "ts": 1743722496620,
  "type": "ask",
  "ask": "command_output",
  "text": "\r\nrunning 10 tests\r\ntest basic ... ok\r\ntest camelcase ... ok\r\ntest consecutive_delimiters ... ok\r\ntest apostrophes ... FAILED\r\ntest all_caps_word ... FAILED\r\ntest lowercase_words ... ok\r\ntest punctuation ... ok\r\ntest punctuation_without_whitespace ... ok\r\ntest underscore_emphasis ... ok\r\ntest very_long_abbreviation ... ok\r\n\r\nfailures:\r\n\r\n---- apostrophes stdout ----\r\n\r\nthread 'apostrophes' panicked at tests/acronym.rs:64:5:\r\nassertion `left == right` failed\r\n  left: \"HSC\"\r\n right: \"HC\"\r\n\r\n---- all_caps_word stdout ----\r\n\r\nthread 'all_caps_word' panicked at tests/acronym.rs:32:5:\r\nassertion `left == right` failed\r\n  left: \"GNUIMP\"\r\n right: \"GIMP\"\r\nnote: run with `RUST_BACKTRACE=1` environment variable to display a backtrace\r\n\r\n\r\nfailures:\r\n    all_caps_word\r\n    apostrophes\r\n\r\ntest result: FAILED. 8 passed; 2 failed; 0 ignored; 0 measured; 0 filtered out; finished in 0.00s\r\n\r\nerror: test failed, to rerun pass `--test acronym`\r\n"
}
[2025-04-03T23:21:36.699Z] {
  "ts": 1743722496682,
  "type": "say",
  "say": "api_req_started",
  "text": "{\"request\":\"[execute_command for 'cargo test'] Result:\\n\\nCommand executed in terminal 1 within working directory '/Users/cte/Documents/evals/rust/acronym'. Command execution was not successful, inspect the cause and adjust as needed.\\nExit code: 101\\nOutput:\\n   Compiling acronym v1.7.0 (/Users/cte/Documents/evals/rust/acronym)\\r\\n    Building [                             ] 0/4: acronym                                                             \\r    Building [                             ] 0/4: acronym, acronym(test)                                              \\r    Building [=============>               ] 2/4: acronym(test), acronym(test)                                        \\r    Building [====================>        ] 3/4: acronym(test)                                                       \\r    Finished `test` profile [unoptimized + debuginfo] target(s) in 0.24s\\r\\n     Running unittests src/lib.rs (target/debug/deps/acronym-0f7d16e399cf6746)\\r\\n\\r\\nrunning 0 tests\\r\\n\\r\\ntest result: ok. 0 passed; 0 failed; 0 ignored; 0 measured; 0 filtered out; finished in 0.00s\\r\\n\\r\\n     Running tests/acronym.rs (target/debug/deps/acronym-018d1fc6c5369a64)\\r\\n\\r\\nrunning 10 tests\\r\\ntest basic ... ok\\r\\ntest camelcase ... ok\\r\\ntest consecutive_delimiters ... ok\\r\\ntest apostrophes ... FAILED\\r\\ntest all_caps_word ... FAILED\\r\\ntest lowercase_words ... ok\\r\\ntest punctuation ... ok\\r\\ntest punctuation_without_whitespace ... ok\\r\\ntest underscore_emphasis ... ok\\r\\ntest very_long_abbreviation ... ok\\r\\n\\r\\nfailures:\\r\\n\\r\\n---- apostrophes stdout ----\\r\\n\\r\\nthread 'apostrophes' panicked at tests/acronym.rs:64:5:\\r\\nassertion `left == right` failed\\r\\n  left: \\\"HSC\\\"\\r\\n right: \\\"HC\\\"\\r\\n\\r\\n---- all_caps_word stdout ----\\r\\n\\r\\nthread 'all_caps_word' panicked at tests/acronym.rs:32:5:\\r\\nassertion `left == right` failed\\r\\n  left: \\\"GNUIMP\\\"\\r\\n right: \\\"GIMP\\\"\\r\\nnote: run with `RUST_BACKTRACE=1` environment variable to display a backtrace\\r\\n\\r\\n\\r\\nfailures:\\r\\n    all_caps_word\\r\\n    apostrophes\\r\\n\\r\\ntest result: FAILED. 8 passed; 2 failed; 0 ignored; 0 measured; 0 filtered out; finished in 0.00s\\r\\n\\r\\nerror: test failed, to rerun pass `--test acronym`\\r\\n%                                                                                                                       \\r \\r\\n\\nLoading...\"}"
}
[2025-04-03T23:21:40.556Z] {
  "ts": 1743722498404,
  "type": "say",
  "say": "text",
  "text": "The implementation passes 8 out of 10 tests. The failing tests are:\n\n- **apostrophes**\n  - Input: `\"Halley's Comet\"`\n  - Expected: `\"HC\"`\n  - Actual: `\"HSC\"`\n  - Issue: The implementation incorrectly includes the 'S' from `\"Halley's\"` (likely the 'S' after the apostrophe).\n\n- **all_caps_word**\n  - Input: `\"GNU Image Manipulation Program\"`\n  - Expected: `\"GIMP\"`\n  - Actual: `\"GNUIMP\"`\n  - Issue: The implementation incorrectly includes all uppercase letters in `\"GNU\"` instead of just the first 'G'.\n\n**Root cause:**\n- The current implementation adds:\n  - The first letter of each word (correct).\n  - Every uppercase letter inside the word (incorrect for acronyms like `\"GNU\"`).\n\n**Fix:**\n- Only add the first letter of each word, capitalized.\n- Do **not** add internal uppercase letters unless they are the first letter of a new word.\n- Treat apostrophes as delimiters, so `\"Halley's\"` counts as one word starting with 'H', ignoring the 'S'.\n\n**Plan:**\n- Reset the logic to:\n  - For each character:\n    - If it's alphanumeric and `new_word` is true, add its uppercase and set `new_word` to false.\n    - If it's a delimiter (non-alphanumeric), set `new_word` to true.\n    - Ignore all other uppercase letters inside a word.\n\nI will update the implementation accordingly.",
  "partial": false
}
[2025-04-03T23:21:40.556Z] {
  "ts": 1743722498404,
  "type": "say",
  "say": "text",
  "text": "The implementation passes 8 out of 10 tests. The failing tests are:\n\n- **apostrophes**\n  - Input: `\"Halley's Comet\"`\n  - Expected: `\"HC\"`\n  - Actual: `\"HSC\"`\n  - Issue: The implementation incorrectly includes the 'S' from `\"Halley's\"` (likely the 'S' after the apostrophe).\n\n- **all_caps_word**\n  - Input: `\"GNU Image Manipulation Program\"`\n  - Expected: `\"GIMP\"`\n  - Actual: `\"GNUIMP\"`\n  - Issue: The implementation incorrectly includes all uppercase letters in `\"GNU\"` instead of just the first 'G'.\n\n**Root cause:**\n- The current implementation adds:\n  - The first letter of each word (correct).\n  - Every uppercase letter inside the word (incorrect for acronyms like `\"GNU\"`).\n\n**Fix:**\n- Only add the first letter of each word, capitalized.\n- Do **not** add internal uppercase letters unless they are the first letter of a new word.\n- Treat apostrophes as delimiters, so `\"Halley's\"` counts as one word starting with 'H', ignoring the 'S'.\n\n**Plan:**\n- Reset the logic to:\n  - For each character:\n    - If it's alphanumeric and `new_word` is true, add its uppercase and set `new_word` to false.\n    - If it's a delimiter (non-alphanumeric), set `new_word` to true.\n    - Ignore all other uppercase letters inside a word.\n\nI will update the implementation accordingly.",
  "partial": false
}
[2025-04-03T23:21:40.557Z] {
  "ts": 1743722498404,
  "type": "say",
  "say": "text",
  "text": "The implementation passes 8 out of 10 tests. The failing tests are:\n\n- **apostrophes**\n  - Input: `\"Halley's Comet\"`\n  - Expected: `\"HC\"`\n  - Actual: `\"HSC\"`\n  - Issue: The implementation incorrectly includes the 'S' from `\"Halley's\"` (likely the 'S' after the apostrophe).\n\n- **all_caps_word**\n  - Input: `\"GNU Image Manipulation Program\"`\n  - Expected: `\"GIMP\"`\n  - Actual: `\"GNUIMP\"`\n  - Issue: The implementation incorrectly includes all uppercase letters in `\"GNU\"` instead of just the first 'G'.\n\n**Root cause:**\n- The current implementation adds:\n  - The first letter of each word (correct).\n  - Every uppercase letter inside the word (incorrect for acronyms like `\"GNU\"`).\n\n**Fix:**\n- Only add the first letter of each word, capitalized.\n- Do **not** add internal uppercase letters unless they are the first letter of a new word.\n- Treat apostrophes as delimiters, so `\"Halley's\"` counts as one word starting with 'H', ignoring the 'S'.\n\n**Plan:**\n- Reset the logic to:\n  - For each character:\n    - If it's alphanumeric and `new_word` is true, add its uppercase and set `new_word` to false.\n    - If it's a delimiter (non-alphanumeric), set `new_word` to true.\n    - Ignore all other uppercase letters inside a word.\n\nI will update the implementation accordingly.",
  "partial": false
}
[2025-04-03T23:21:40.570Z] {
  "ts": 1743722498404,
  "type": "say",
  "say": "text",
  "text": "The implementation passes 8 out of 10 tests. The failing tests are:\n\n- **apostrophes**\n  - Input: `\"Halley's Comet\"`\n  - Expected: `\"HC\"`\n  - Actual: `\"HSC\"`\n  - Issue: The implementation incorrectly includes the 'S' from `\"Halley's\"` (likely the 'S' after the apostrophe).\n\n- **all_caps_word**\n  - Input: `\"GNU Image Manipulation Program\"`\n  - Expected: `\"GIMP\"`\n  - Actual: `\"GNUIMP\"`\n  - Issue: The implementation incorrectly includes all uppercase letters in `\"GNU\"` instead of just the first 'G'.\n\n**Root cause:**\n- The current implementation adds:\n  - The first letter of each word (correct).\n  - Every uppercase letter inside the word (incorrect for acronyms like `\"GNU\"`).\n\n**Fix:**\n- Only add the first letter of each word, capitalized.\n- Do **not** add internal uppercase letters unless they are the first letter of a new word.\n- Treat apostrophes as delimiters, so `\"Halley's\"` counts as one word starting with 'H', ignoring the 'S'.\n\n**Plan:**\n- Reset the logic to:\n  - For each character:\n    - If it's alphanumeric and `new_word` is true, add its uppercase and set `new_word` to false.\n    - If it's a delimiter (non-alphanumeric), set `new_word` to true.\n    - Ignore all other uppercase letters inside a word.\n\nI will update the implementation accordingly.",
  "partial": false
}
[2025-04-03T23:21:41.939Z] {
  "ts": 1743722500577,
  "type": "ask",
  "ask": "tool",
  "text": "{\"tool\":\"appliedDiff\",\"path\":\"src/lib.rs\",\"diff\":\"<<<<<<< SEARCH\\n:start_line:1\\n:end_line:14\\n-------\\npub fn abbreviate(phrase: &str) -> String {\\n    let mut acronym = String::new();\\n    let mut new_word = true;\\n\\n    for c in phrase.chars() {\\n        if c.is_alphanumeric() {\\n            if new_word {\\n                acronym.push(c.to_ascii_uppercase());\\n                new_word = false;\\n            } else if c.is_uppercase() {\\n                acronym.push(c);\\n            }\\n        } else {\\n            new_word = true;\\n        }\\n    }\\n\\n    acronym\\n}\\n=======\\npub fn abbreviate(phrase: &str) -> String {\\n    let mut acronym = String::new();\\n    let mut new_word = true;\\n\\n    for c in phrase.chars() {\\n        if c.is_alphanumeric() {\\n            if new_word {\\n                acronym.push(c.to_ascii_uppercase());\\n                new_word = false;\\n            }\\n        } else {\\n            new_word = true;\\n        }\\n    }\\n\\n    acronym\\n}\\n>>>>>>> REPLACE\"}",
  "partial": false,
  "progressStatus": {
    "icon": "diff-multiple",
    "text": "1"
  }
}
[2025-04-03T23:21:42.610Z] {
  "ts": 1743722502594,
  "type": "say",
  "say": "api_req_started",
  "text": "{\"request\":\"[apply_diff for 'src/lib.rs'] Result:\\n\\nChanges successfully applied to src/lib.rs:\\n\\n\\n\\n\\nLoading...\"}"
}
[2025-04-03T23:21:44.468Z] {
  "ts": 1743722504019,
  "type": "say",
  "say": "text",
  "text": "The fix has been applied to only include the first letter of each word, ignoring internal uppercase letters, which should resolve the two failing tests.\n\nNext, I will rerun the test suite with `cargo test` to verify that all tests now pass.",
  "partial": false
}
[2025-04-03T23:21:44.530Z] {
  "ts": 1743722504474,
  "type": "ask",
  "ask": "command",
  "text": "cargo test",
  "partial": false
}
[2025-04-03T23:21:44.862Z] {
  "ts": 1743722504844,
  "type": "ask",
  "ask": "command_output",
  "text": ""
}
[2025-04-03T23:21:44.862Z] {
  "ts": 1743722504844,
  "type": "ask",
  "ask": "command_output",
  "text": "   Compiling acronym v1.7.0 (/Users/cte/Documents/evals/rust/acronym)\r\n"
}
[2025-04-03T23:21:45.080Z] {
  "ts": 1743722505065,
  "type": "ask",
  "ask": "command_output",
  "text": "    Building [                             ] 0/4: acronym(test), acronym                                              \r    Building [=============>               ] 2/4: acronym(test), acronym(test)                                        \r    Building [====================>        ] 3/4: acronym(test)                                                       \r    Finished `test` profile [unoptimized + debuginfo] target(s) in 0.22s\r\n     Running unittests src/lib.rs (target/debug/deps/acronym-0f7d16e399cf6746)\r\n"
}
[2025-04-03T23:21:45.281Z] {
  "ts": 1743722505216,
  "type": "ask",
  "ask": "command_output",
  "text": "\r\nrunning 0 tests\r\n\r\ntest result: ok. 0 passed; 0 failed; 0 ignored; 0 measured; 0 filtered out; finished in 0.00s\r\n\r\n     Running tests/acronym.rs (target/debug/deps/acronym-018d1fc6c5369a64)\r\n"
}
[2025-04-03T23:21:45.347Z] {
  "ts": 1743722505328,
  "type": "ask",
  "ask": "command_output",
  "text": "\r\nrunning 10 tests\r\ntest basic ... ok\r\ntest all_caps_word ... ok\r\ntest consecutive_delimiters ... ok\r\ntest apostrophes ... FAILED\r\ntest lowercase_words ... ok\r\ntest punctuation ... ok\r\ntest punctuation_without_whitespace ... ok\r\ntest underscore_emphasis ... ok\r\ntest camelcase ... FAILED\r\ntest very_long_abbreviation ... ok\r\n\r\nfailures:\r\n\r\n---- apostrophes stdout ----\r\n\r\nthread 'apostrophes' panicked at tests/acronym.rs:64:5:\r\nassertion `left == right` failed\r\n  left: \"HSC\"\r\n right: \"HC\"\r\nnote: run with `RUST_BACKTRACE=1` environment variable to display a backtrace\r\n\r\n---- camelcase stdout ----\r\n\r\nthread 'camelcase' panicked at tests/acronym.rs:80:5:\r\nassertion `left == right` failed\r\n  left: \"HML\"\r\n right: \"HTML\"\r\n\r\n\r\nfailures:\r\n    apostrophes\r\n    camelcase\r\n\r\ntest result: FAILED. 8 passed; 2 failed; 0 ignored; 0 measured; 0 filtered out; finished in 0.00s\r\n\r\nerror: test failed, to rerun pass `--test acronym`\r\n"
}
[2025-04-03T23:21:45.347Z] {
  "ts": 1743722505328,
  "type": "ask",
  "ask": "command_output",
  "text": "%                                                                                                                       \r \r"
}
[2025-04-03T23:21:45.407Z] {
  "ts": 1743722505390,
  "type": "say",
  "say": "api_req_started",
  "text": "{\"request\":\"[execute_command for 'cargo test'] Result:\\n\\nCommand executed in terminal 1 within working directory '/Users/cte/Documents/evals/rust/acronym'. Command execution was not successful, inspect the cause and adjust as needed.\\nExit code: 101\\nOutput:\\n   Compiling acronym v1.7.0 (/Users/cte/Documents/evals/rust/acronym)\\r\\n    Building [                             ] 0/4: acronym(test), acronym                                              \\r    Building [=============>               ] 2/4: acronym(test), acronym(test)                                        \\r    Building [====================>        ] 3/4: acronym(test)                                                       \\r    Finished `test` profile [unoptimized + debuginfo] target(s) in 0.22s\\r\\n     Running unittests src/lib.rs (target/debug/deps/acronym-0f7d16e399cf6746)\\r\\n\\r\\nrunning 0 tests\\r\\n\\r\\ntest result: ok. 0 passed; 0 failed; 0 ignored; 0 measured; 0 filtered out; finished in 0.00s\\r\\n\\r\\n     Running tests/acronym.rs (target/debug/deps/acronym-018d1fc6c5369a64)\\r\\n\\r\\nrunning 10 tests\\r\\ntest basic ... ok\\r\\ntest all_caps_word ... ok\\r\\ntest consecutive_delimiters ... ok\\r\\ntest apostrophes ... FAILED\\r\\ntest lowercase_words ... ok\\r\\ntest punctuation ... ok\\r\\ntest punctuation_without_whitespace ... ok\\r\\ntest underscore_emphasis ... ok\\r\\ntest camelcase ... FAILED\\r\\ntest very_long_abbreviation ... ok\\r\\n\\r\\nfailures:\\r\\n\\r\\n---- apostrophes stdout ----\\r\\n\\r\\nthread 'apostrophes' panicked at tests/acronym.rs:64:5:\\r\\nassertion `left == right` failed\\r\\n  left: \\\"HSC\\\"\\r\\n right: \\\"HC\\\"\\r\\nnote: run with `RUST_BACKTRACE=1` environment variable to display a backtrace\\r\\n\\r\\n---- camelcase stdout ----\\r\\n\\r\\nthread 'camelcase' panicked at tests/acronym.rs:80:5:\\r\\nassertion `left == right` failed\\r\\n  left: \\\"HML\\\"\\r\\n right: \\\"HTML\\\"\\r\\n\\r\\n\\r\\nfailures:\\r\\n    apostrophes\\r\\n    camelcase\\r\\n\\r\\ntest result: FAILED. 8 passed; 2 failed; 0 ignored; 0 measured; 0 filtered out; finished in 0.00s\\r\\n\\r\\nerror: test failed, to rerun pass `--test acronym`\\r\\n%                                                                                                                       \\r \\r\\n\\nLoading...\"}"
}
[2025-04-03T23:21:49.261Z] {
  "ts": 1743722506918,
  "type": "say",
  "say": "text",
  "text": "Two tests still fail:\n\n- **apostrophes**\n  - Input: `\"Halley's Comet\"`\n  - Expected: `\"HC\"`\n  - Actual: `\"HSC\"`\n  - Issue: The `'S'` after the apostrophe is being treated as the start of a new word, but it should be ignored.\n\n- **camelcase**\n  - Input: `\"HyperText Markup Language\"`\n  - Expected: `\"HTML\"`\n  - Actual: `\"HML\"`\n  - Issue: The implementation only takes the first letter of `\"HyperText\"` ('H') and misses the internal uppercase 'T'.\n\n**Analysis:**\n\n- For **apostrophes**, the apostrophe should **not** be treated as a word boundary. It should be ignored within words.\n- For **camelcase**, internal uppercase letters **should** be included, but **only** if they are not the first letter of the word (since the first letter is already included).\n\n**Revised plan:**\n\n- Treat only whitespace, hyphens, underscores, and punctuation **except apostrophes** as word boundaries.\n- When inside a word:\n  - Always include the first letter.\n  - Also include any uppercase letter **after the first character** (to handle CamelCase).\n\n**Implementation approach:**\n\n- Track if at the start of a word.\n- When encountering an apostrophe inside a word, do **not** reset `new_word`.\n- When encountering other delimiters, reset `new_word`.\n- When inside a word:\n  - If it's the first character, add its uppercase.\n  - Else, if uppercase, add as-is.\n\nI will update the implementation accordingly.",
  "partial": false
}
[2025-04-03T23:21:49.261Z] {
  "ts": 1743722506918,
  "type": "say",
  "say": "text",
  "text": "Two tests still fail:\n\n- **apostrophes**\n  - Input: `\"Halley's Comet\"`\n  - Expected: `\"HC\"`\n  - Actual: `\"HSC\"`\n  - Issue: The `'S'` after the apostrophe is being treated as the start of a new word, but it should be ignored.\n\n- **camelcase**\n  - Input: `\"HyperText Markup Language\"`\n  - Expected: `\"HTML\"`\n  - Actual: `\"HML\"`\n  - Issue: The implementation only takes the first letter of `\"HyperText\"` ('H') and misses the internal uppercase 'T'.\n\n**Analysis:**\n\n- For **apostrophes**, the apostrophe should **not** be treated as a word boundary. It should be ignored within words.\n- For **camelcase**, internal uppercase letters **should** be included, but **only** if they are not the first letter of the word (since the first letter is already included).\n\n**Revised plan:**\n\n- Treat only whitespace, hyphens, underscores, and punctuation **except apostrophes** as word boundaries.\n- When inside a word:\n  - Always include the first letter.\n  - Also include any uppercase letter **after the first character** (to handle CamelCase).\n\n**Implementation approach:**\n\n- Track if at the start of a word.\n- When encountering an apostrophe inside a word, do **not** reset `new_word`.\n- When encountering other delimiters, reset `new_word`.\n- When inside a word:\n  - If it's the first character, add its uppercase.\n  - Else, if uppercase, add as-is.\n\nI will update the implementation accordingly.",
  "partial": false
}
[2025-04-03T23:21:49.274Z] {
  "ts": 1743722506918,
  "type": "say",
  "say": "text",
  "text": "Two tests still fail:\n\n- **apostrophes**\n  - Input: `\"Halley's Comet\"`\n  - Expected: `\"HC\"`\n  - Actual: `\"HSC\"`\n  - Issue: The `'S'` after the apostrophe is being treated as the start of a new word, but it should be ignored.\n\n- **camelcase**\n  - Input: `\"HyperText Markup Language\"`\n  - Expected: `\"HTML\"`\n  - Actual: `\"HML\"`\n  - Issue: The implementation only takes the first letter of `\"HyperText\"` ('H') and misses the internal uppercase 'T'.\n\n**Analysis:**\n\n- For **apostrophes**, the apostrophe should **not** be treated as a word boundary. It should be ignored within words.\n- For **camelcase**, internal uppercase letters **should** be included, but **only** if they are not the first letter of the word (since the first letter is already included).\n\n**Revised plan:**\n\n- Treat only whitespace, hyphens, underscores, and punctuation **except apostrophes** as word boundaries.\n- When inside a word:\n  - Always include the first letter.\n  - Also include any uppercase letter **after the first character** (to handle CamelCase).\n\n**Implementation approach:**\n\n- Track if at the start of a word.\n- When encountering an apostrophe inside a word, do **not** reset `new_word`.\n- When encountering other delimiters, reset `new_word`.\n- When inside a word:\n  - If it's the first character, add its uppercase.\n  - Else, if uppercase, add as-is.\n\nI will update the implementation accordingly.",
  "partial": false
}
[2025-04-03T23:21:50.683Z] {
  "ts": 1743722509296,
  "type": "ask",
  "ask": "tool",
  "text": "{\"tool\":\"appliedDiff\",\"path\":\"src/lib.rs\",\"diff\":\"<<<<<<< SEARCH\\n:start_line:1\\n:end_line:14\\n-------\\npub fn abbreviate(phrase: &str) -> String {\\n    let mut acronym = String::new();\\n    let mut new_word = true;\\n\\n    for c in phrase.chars() {\\n        if c.is_alphanumeric() {\\n            if new_word {\\n                acronym.push(c.to_ascii_uppercase());\\n                new_word = false;\\n            }\\n        } else {\\n            new_word = true;\\n        }\\n    }\\n\\n    acronym\\n}\\n=======\\npub fn abbreviate(phrase: &str) -> String {\\n    let mut acronym = String::new();\\n    let mut new_word = true;\\n\\n    for c in phrase.chars() {\\n        if c.is_alphanumeric() {\\n            if new_word {\\n                acronym.push(c.to_ascii_uppercase());\\n                new_word = false;\\n            } else if c.is_uppercase() {\\n                acronym.push(c);\\n            }\\n        } else if c != '\\\\'' {\\n            // treat all non-alphanumeric, non-apostrophe as word boundary\\n            new_word = true;\\n        }\\n        // else, apostrophe inside word, do not reset new_word\\n    }\\n\\n    acronym\\n}\\n>>>>>>> REPLACE\"}",
  "partial": false,
  "progressStatus": {
    "icon": "diff-multiple",
    "text": "1"
  }
}
[2025-04-03T23:21:51.255Z] {
  "ts": 1743722511240,
  "type": "say",
  "say": "api_req_started",
  "text": "{\"request\":\"[apply_diff for 'src/lib.rs'] Result:\\n\\nChanges successfully applied to src/lib.rs:\\n\\n\\n\\n\\nLoading...\"}"
}
[2025-04-03T23:21:53.991Z] {
  "ts": 1743722513175,
  "type": "say",
  "say": "text",
  "text": "The updated implementation now correctly handles apostrophes within words and includes internal uppercase letters for CamelCase.\n\nNext, I will rerun the test suite with `cargo test` to verify that all tests pass.",
  "partial": false
}
[2025-04-03T23:21:54.008Z] {
  "ts": 1743722513175,
  "type": "say",
  "say": "text",
  "text": "The updated implementation now correctly handles apostrophes within words and includes internal uppercase letters for CamelCase.\n\nNext, I will rerun the test suite with `cargo test` to verify that all tests pass.",
  "partial": false
}
[2025-04-03T23:21:54.173Z] {
  "ts": 1743722514021,
  "type": "ask",
  "ask": "command",
  "text": "cargo test",
  "partial": false
}
[2025-04-03T23:21:58.470Z] {
  "ts": 1743722518436,
  "type": "ask",
  "ask": "command_output",
  "text": ""
}
[2025-04-03T23:21:58.648Z] {
  "ts": 1743722518613,
  "type": "ask",
  "ask": "command_output",
  "text": "   Compiling acronym v1.7.0 (/Users/cte/Documents/evals/rust/acronym)\r\n"
}
[2025-04-03T23:21:58.973Z] {
  "ts": 1743722518931,
  "type": "ask",
  "ask": "command_output",
  "text": "    Building [                             ] 0/4: acronym                                                             \r    Building [                             ] 0/4: acronym(test), acronym                                              \r    Building [=============>               ] 2/4: acronym(test), acronym(test)                                        \r    Building [====================>        ] 3/4: acronym(test)                                                       \r    Finished `test` profile [unoptimized + debuginfo] target(s) in 0.33s\r\n     Running unittests src/lib.rs (target/debug/deps/acronym-0f7d16e399cf6746)\r\n"
}
[2025-04-03T23:21:59.113Z] {
  "ts": 1743722519082,
  "type": "ask",
  "ask": "command_output",
  "text": "\r\nrunning 0 tests\r\n\r\ntest result: ok. 0 passed; 0 failed; 0 ignored; 0 measured; 0 filtered out; finished in 0.00s\r\n\r\n     Running tests/acronym.rs (target/debug/deps/acronym-018d1fc6c5369a64)\r\n"
}
[2025-04-03T23:21:59.203Z] {
  "ts": 1743722519184,
  "type": "ask",
  "ask": "command_output",
  "text": "\r\nrunning 10 tests\r\ntest apostrophes ... ok\r\ntest basic ... ok\r\ntest camelcase ... ok\r\ntest consecutive_delimiters ... ok\r\ntest all_caps_word ... FAILED\r\ntest lowercase_words ... ok\r\ntest punctuation ... ok\r\ntest punctuation_without_whitespace ... ok\r\ntest underscore_emphasis ... ok\r\ntest very_long_abbreviation ... ok\r\n\r\nfailures:\r\n\r\n---- all_caps_word stdout ----\r\n\r\nthread 'all_caps_word' panicked at tests/acronym.rs:32:5:\r\nassertion `left == right` failed\r\n  left: \"GNUIMP\"\r\n right: \"GIMP\"\r\nnote: run with `RUST_BACKTRACE=1` environment variable to display a backtrace\r\n\r\n\r\nfailures:\r\n    all_caps_word\r\n\r\ntest result: FAILED. 9 passed; 1 failed; 0 ignored; 0 measured; 0 filtered out; finished in 0.00s\r\n\r\nerror: test failed, to rerun pass `--test acronym`\r\n"
}
[2025-04-03T23:21:59.203Z] {
  "ts": 1743722519185,
  "type": "ask",
  "ask": "command_output",
  "text": "%                                                                                                                       \r \r"
}
[2025-04-03T23:21:59.285Z] {
  "ts": 1743722519244,
  "type": "say",
  "say": "api_req_started",
  "text": "{\"request\":\"[execute_command for 'cargo test'] Result:\\n\\nCommand executed in terminal 1 within working directory '/Users/cte/Documents/evals/rust/acronym'. Command execution was not successful, inspect the cause and adjust as needed.\\nExit code: 101\\nOutput:\\n   Compiling acronym v1.7.0 (/Users/cte/Documents/evals/rust/acronym)\\r\\n    Building [                             ] 0/4: acronym                                                             \\r    Building [                             ] 0/4: acronym(test), acronym                                              \\r    Building [=============>               ] 2/4: acronym(test), acronym(test)                                        \\r    Building [====================>        ] 3/4: acronym(test)                                                       \\r    Finished `test` profile [unoptimized + debuginfo] target(s) in 0.33s\\r\\n     Running unittests src/lib.rs (target/debug/deps/acronym-0f7d16e399cf6746)\\r\\n\\r\\nrunning 0 tests\\r\\n\\r\\ntest result: ok. 0 passed; 0 failed; 0 ignored; 0 measured; 0 filtered out; finished in 0.00s\\r\\n\\r\\n     Running tests/acronym.rs (target/debug/deps/acronym-018d1fc6c5369a64)\\r\\n\\r\\nrunning 10 tests\\r\\ntest apostrophes ... ok\\r\\ntest basic ... ok\\r\\ntest camelcase ... ok\\r\\ntest consecutive_delimiters ... ok\\r\\ntest all_caps_word ... FAILED\\r\\ntest lowercase_words ... ok\\r\\ntest punctuation ... ok\\r\\ntest punctuation_without_whitespace ... ok\\r\\ntest underscore_emphasis ... ok\\r\\ntest very_long_abbreviation ... ok\\r\\n\\r\\nfailures:\\r\\n\\r\\n---- all_caps_word stdout ----\\r\\n\\r\\nthread 'all_caps_word' panicked at tests/acronym.rs:32:5:\\r\\nassertion `left == right` failed\\r\\n  left: \\\"GNUIMP\\\"\\r\\n right: \\\"GIMP\\\"\\r\\nnote: run with `RUST_BACKTRACE=1` environment variable to display a backtrace\\r\\n\\r\\n\\r\\nfailures:\\r\\n    all_caps_word\\r\\n\\r\\ntest result: FAILED. 9 passed; 1 failed; 0 ignored; 0 measured; 0 filtered out; finished in 0.00s\\r\\n\\r\\nerror: test failed, to rerun pass `--test acronym`\\r\\n%                                                                                                                       \\r \\r\\n\\nLoading...\"}"
}
[2025-04-03T23:22:05.787Z] {
  "ts": 1743722520795,
  "type": "say",
  "say": "text",
  "text": "Only one test is still failing:\n\n- **all_caps_word**\n  - Input: `\"GNU Image Manipulation Program\"`\n  - Expected: `\"GIMP\"`\n  - Actual: `\"GNUIMP\"`\n  - Issue: The implementation includes all uppercase letters in `\"GNU\"` ('G', 'N', 'U'), but it should only include the first 'G'.\n\n**Root cause:**\n- The current logic adds:\n  - The first letter of each word (correct).\n  - Any internal uppercase letter (correct for CamelCase), but **not** for all-uppercase words like `\"GNU\"`.\n\n**Solution:**\n- For CamelCase words, include internal uppercase letters.\n- For all-uppercase words (like `\"GNU\"`), include **only** the first letter.\n\n**Implementation plan:**\n- When starting a new word, check if the word is all uppercase:\n  - If yes, only add the first letter.\n  - If no, add the first letter and any subsequent uppercase letters.\n\nSince checking the entire word in advance is complex in a streaming approach, a simpler heuristic is:\n\n- When starting a new word, record if the first letter is uppercase.\n- For subsequent uppercase letters:\n  - If the previous character was uppercase, **do not** add (likely an all-uppercase word).\n  - If the previous character was lowercase, **do** add (CamelCase).\n\nI will implement this logic by tracking the previous character's case.",
  "partial": false
}
[2025-04-03T23:22:05.801Z] {
  "ts": 1743722520795,
  "type": "say",
  "say": "text",
  "text": "Only one test is still failing:\n\n- **all_caps_word**\n  - Input: `\"GNU Image Manipulation Program\"`\n  - Expected: `\"GIMP\"`\n  - Actual: `\"GNUIMP\"`\n  - Issue: The implementation includes all uppercase letters in `\"GNU\"` ('G', 'N', 'U'), but it should only include the first 'G'.\n\n**Root cause:**\n- The current logic adds:\n  - The first letter of each word (correct).\n  - Any internal uppercase letter (correct for CamelCase), but **not** for all-uppercase words like `\"GNU\"`.\n\n**Solution:**\n- For CamelCase words, include internal uppercase letters.\n- For all-uppercase words (like `\"GNU\"`), include **only** the first letter.\n\n**Implementation plan:**\n- When starting a new word, check if the word is all uppercase:\n  - If yes, only add the first letter.\n  - If no, add the first letter and any subsequent uppercase letters.\n\nSince checking the entire word in advance is complex in a streaming approach, a simpler heuristic is:\n\n- When starting a new word, record if the first letter is uppercase.\n- For subsequent uppercase letters:\n  - If the previous character was uppercase, **do not** add (likely an all-uppercase word).\n  - If the previous character was lowercase, **do** add (CamelCase).\n\nI will implement this logic by tracking the previous character's case.",
  "partial": false
}
[2025-04-03T23:22:10.758Z] {
  "ts": 1743722525807,
  "type": "ask",
  "ask": "tool",
  "text": "{\"tool\":\"appliedDiff\",\"path\":\"src/lib.rs\",\"diff\":\"<<<<<<< SEARCH\\n:start_line:1\\n:end_line:20\\n-------\\npub fn abbreviate(phrase: &str) -> String {\\n    let mut acronym = String::new();\\n    let mut new_word = true;\\n\\n    for c in phrase.chars() {\\n        if c.is_alphanumeric() {\\n            if new_word {\\n                acronym.push(c.to_ascii_uppercase());\\n                new_word = false;\\n            } else if c.is_uppercase() {\\n                acronym.push(c);\\n            }\\n        } else if c != '\\\\'' {\\n            // treat all non-alphanumeric, non-apostrophe as word boundary\\n            new_word = true;\\n        }\\n        // else, apostrophe inside word, do not reset new_word\\n    }\\n\\n    acronym\\n}\\n=======\\npub fn abbreviate(phrase: &str) -> String {\\n    let mut acronym = String::new();\\n    let mut new_word = true;\\n    let mut prev_is_upper = false;\\n\\n    for c in phrase.chars() {\\n        if c.is_alphanumeric() {\\n            if new_word {\\n                acronym.push(c.to_ascii_uppercase());\\n                prev_is_upper = c.is_uppercase();\\n                new_word = false;\\n            } else if c.is_uppercase() && !prev_is_upper {\\n                // add uppercase letter only if previous was not uppercase (CamelCase)\\n                acronym.push(c);\\n                prev_is_upper = true;\\n            } else {\\n                prev_is_upper = c.is_uppercase();\\n            }\\n        } else if c != '\\\\'' {\\n            new_word = true;\\n            prev_is_upper = false;\\n        }\\n        // else, apostrophe inside word, do not reset new_word or prev_is_upper\\n    }\\n\\n    acronym\\n}\\n>>>>>>> REPLACE\"}",
  "partial": false,
  "progressStatus": {
    "icon": "diff-multiple",
    "text": "1"
  }
}
[2025-04-03T23:22:11.138Z] {
  "ts": 1743722531121,
  "type": "say",
  "say": "api_req_started",
  "text": "{\"request\":\"[apply_diff for 'src/lib.rs'] Result:\\n\\nChanges successfully applied to src/lib.rs:\\n\\n\\n\\n\\nLoading...\"}"
}
[2025-04-03T23:22:13.578Z] {
  "ts": 1743722533279,
  "type": "say",
  "say": "text",
  "text": "The updated implementation now distinguishes between CamelCase and all-uppercase words, which should fix the last failing test.\n\nNext, I will rerun the test suite with `cargo test` to verify that all tests pass.",
  "partial": false
}
[2025-04-03T23:22:13.578Z] {
  "ts": 1743722533279,
  "type": "say",
  "say": "text",
  "text": "The updated implementation now distinguishes between CamelCase and all-uppercase words, which should fix the last failing test.\n\nNext, I will rerun the test suite with `cargo test` to verify that all tests pass.",
  "partial": false
}
[2025-04-03T23:22:13.592Z] {
  "ts": 1743722533279,
  "type": "say",
  "say": "text",
  "text": "The updated implementation now distinguishes between CamelCase and all-uppercase words, which should fix the last failing test.\n\nNext, I will rerun the test suite with `cargo test` to verify that all tests pass.",
  "partial": false
}
[2025-04-03T23:22:13.660Z] {
  "ts": 1743722533598,
  "type": "ask",
  "ask": "command",
  "text": "cargo test",
  "partial": false
}
[2025-04-03T23:22:13.898Z] {
  "ts": 1743722533878,
  "type": "ask",
  "ask": "command_output",
  "text": "   Compiling acronym v1.7.0 (/Users/cte/Documents/evals/rust/acronym)\r\n"
}
[2025-04-03T23:22:13.898Z] {
  "ts": 1743722533878,
  "type": "ask",
  "ask": "command_output",
  "text": ""
}
[2025-04-03T23:22:14.247Z] {
  "ts": 1743722534232,
  "type": "ask",
  "ask": "command_output",
  "text": "    Building [                             ] 0/4: acronym, acronym(test)                                              \r    Building [=============>               ] 2/4: acronym(test), acronym(test)                                        \r    Building [====================>        ] 3/4: acronym(test)                                                       \r    Finished `test` profile [unoptimized + debuginfo] target(s) in 0.20s\r\n     Running unittests src/lib.rs (target/debug/deps/acronym-0f7d16e399cf6746)\r\n\r\nrunning 0 tests\r\n\r\ntest result: ok. 0 passed; 0 failed; 0 ignored; 0 measured; 0 filtered out; finished in 0.00s\r\n\r\n     Running tests/acronym.rs (target/debug/deps/acronym-018d1fc6c5369a64)\r\n"
}
[2025-04-03T23:22:14.375Z] {
  "ts": 1743722534355,
  "type": "ask",
  "ask": "command_output",
  "text": "%                                                                                                                       \r \r"
}
[2025-04-03T23:22:14.375Z] {
  "ts": 1743722534354,
  "type": "ask",
  "ask": "command_output",
  "text": "\r\nrunning 10 tests\r\ntest apostrophes ... ok\r\ntest camelcase ... ok\r\ntest all_caps_word ... ok\r\ntest basic ... ok\r\ntest lowercase_words ... ok\r\ntest punctuation ... ok\r\ntest punctuation_without_whitespace ... ok\r\ntest consecutive_delimiters ... ok\r\ntest very_long_abbreviation ... ok\r\ntest underscore_emphasis ... ok\r\n\r\ntest result: ok. 10 passed; 0 failed; 0 ignored; 0 measured; 0 filtered out; finished in 0.00s\r\n\r\n   Doc-tests acronym\r\n\r\nrunning 0 tests\r\n\r\ntest result: ok. 0 passed; 0 failed; 0 ignored; 0 measured; 0 filtered out; finished in 0.00s\r\n\r\n"
}
[2025-04-03T23:22:14.424Z] {
  "ts": 1743722534407,
  "type": "say",
  "say": "api_req_started",
  "text": "{\"request\":\"[execute_command for 'cargo test'] Result:\\n\\nCommand executed in terminal 1 within working directory '/Users/cte/Documents/evals/rust/acronym'. Exit code: 0\\nOutput:\\n   Compiling acronym v1.7.0 (/Users/cte/Documents/evals/rust/acronym)\\r\\n    Building [                             ] 0/4: acronym, acronym(test)                                              \\r    Building [=============>               ] 2/4: acronym(test), acronym(test)                                        \\r    Building [====================>        ] 3/4: acronym(test)                                                       \\r    Finished `test` profile [unoptimized + debuginfo] target(s) in 0.20s\\r\\n     Running unittests src/lib.rs (target/debug/deps/acronym-0f7d16e399cf6746)\\r\\n\\r\\nrunning 0 tests\\r\\n\\r\\ntest result: ok. 0 passed; 0 failed; 0 ignored; 0 measured; 0 filtered out; finished in 0.00s\\r\\n\\r\\n     Running tests/acronym.rs (target/debug/deps/acronym-018d1fc6c5369a64)\\r\\n\\r\\nrunning 10 tests\\r\\ntest apostrophes ... ok\\r\\ntest camelcase ... ok\\r\\ntest all_caps_word ... ok\\r\\ntest basic ... ok\\r\\ntest lowercase_words ... ok\\r\\ntest punctuation ... ok\\r\\ntest punctuation_without_whitespace ... ok\\r\\ntest consecutive_delimiters ... ok\\r\\ntest very_long_abbreviation ... ok\\r\\ntest underscore_emphasis ... ok\\r\\n\\r\\ntest result: ok. 10 passed; 0 failed; 0 ignored; 0 measured; 0 filtered out; finished in 0.00s\\r\\n\\r\\n   Doc-tests acronym\\r\\n\\r\\nrunning 0 tests\\r\\n\\r\\ntest result: ok. 0 passed; 0 failed; 0 ignored; 0 measured; 0 filtered out; finished in 0.00s\\r\\n\\r\\n%                                                                                                                       \\r \\r\\n\\nLoading...\"}"
}
[2025-04-03T23:22:16.665Z] {
  "ts": 1743722536364,
  "type": "say",
  "say": "text",
  "text": "All 10 tests have passed successfully, confirming that the implementation meets the exercise requirements and handles all specified edge cases correctly.",
  "partial": false
}
[2025-04-03T23:22:17.053Z] taskCompleted -> 47391fda-b764-4aae-9928-5a98f0a91034 | {
  "totalTokensIn": 145469,
  "totalTokensOut": 3381,
  "totalCacheWrites": 0,
  "totalCacheReads": 0,
  "totalCost": 0,
  "contextTokens": 15194
}
[2025-04-03T23:22:17.053Z] {
  "ts": 1743722536672,
  "type": "say",
  "say": "completion_result",
  "text": "The acronym generator function has been successfully implemented in `src/lib.rs`. It passes all provided tests, correctly handling punctuation, CamelCase, all-uppercase words, and delimiters as specified by the test suite.",
  "partial": false
}
[2025-04-03T23:22:17.069Z] {
  "ts": 1743722537053,
  "type": "ask",
  "ask": "completion_result",
  "text": ""
}
