[2025-04-03T23:10:26.994Z] {
  "ts": 1743721826981,
  "type": "say",
  "say": "text",
  "text": "Your job is to complete a coding exercise described the markdown files inside the `.docs` directory.\n\nA file with the implementation stubbed out has been created for you, along with a test file.\n\nTo successfully complete the exercise, you must pass all the tests in the test file.\n\nTo confirm that your solution is correct, run the tests with `go test`. Do not alter the test file; it should be run as-is.\n\nDo not use the \"ask_followup_question\" tool.\n"
}
[2025-04-03T23:10:27.010Z] taskStarted -> c8c6ab57-7189-4a0f-ac59-62cc3399cf3f
[2025-04-03T23:10:27.024Z] {
  "ts": 1743721827010,
  "type": "say",
  "say": "api_req_started",
  "text": "{\"request\":\"<task>\\nYour job is to complete a coding exercise described the markdown files inside the `.docs` directory.\\n\\nA file with the implementation stubbed out has been created for you, along with a test file.\\n\\nTo successfully complete the exercise, you must pass all the tests in the test file.\\n\\nTo confirm that your solution is correct, run the tests with `go test`. Do not alter the test file; it should be run as-is.\\n\\nDo not use the \\\"ask_followup_question\\\" tool.\\n\\n</task>\\n\\nLoading...\"}"
}
[2025-04-03T23:10:29.931Z] {
  "ts": 1743721828129,
  "type": "say",
  "say": "text",
  "text": "The task is to complete a coding exercise described in markdown files inside a `.docs` directory. However, the `.docs` directory is not listed in the current working directory. This likely means it exists outside the current directory or hasn't been listed yet.\n\nMy first step is to list all files and directories recursively from the current working directory to locate `.docs` and access the exercise description. Once I find the relevant markdown file(s), I will read them to understand the requirements.\n\nAfter that, I will inspect the stub implementation file (`beer_song.go`) and the test file (`beer_song_test.go`). Then, I will implement the solution in `beer_song.go` to satisfy the requirements and pass the tests.\n\nSo, the immediate next step is to search for the `.docs` directory.",
  "partial": false
}
[2025-04-03T23:10:30.043Z] {
  "ts": 1743721829938,
  "type": "ask",
  "ask": "tool",
  "text": "{\"tool\":\"listFilesRecursive\",\"path\":\"beer-song\",\"content\":\"beer_song_test.go\\nbeer_song.go\\ngo.mod\\nroo-code-messages.log\"}",
  "partial": false
}
[2025-04-03T23:10:30.278Z] {
  "ts": 1743721830266,
  "type": "say",
  "say": "api_req_started",
  "text": "{\"request\":\"[list_files for '.'] Result:\\n\\nbeer_song_test.go\\nbeer_song.go\\ngo.mod\\nroo-code-messages.log\\n\\nLoading...\"}"
}
[2025-04-03T23:10:32.975Z] {
  "ts": 1743721832284,
  "type": "say",
  "say": "text",
  "text": "There is no `.docs` directory inside the current working directory, which means the exercise description markdown file is not present here. Since the task explicitly states that the exercise is described in markdown files inside `.docs`, it is likely located outside the current directory.\n\nI will list the files one level up from the current directory (`/Users/cte/Documents/evals/go`) to check if `.docs` exists there.",
  "partial": false
}
[2025-04-03T23:10:33.078Z] {
  "ts": 1743721832979,
  "type": "ask",
  "ask": "tool",
  "text": "{\"tool\":\"listFilesTopLevel\",\"path\":\"/Users/cte/Documents/evals/go\",\"content\":\"run_tests.sh\\nalphametics/\\nbeer-song/\\nbook-store/\\nbottle-song/\\nbowling/\\nconnect/\\ncrypto-square/\\ndnd-character/\\ndominoes/\\nerror-handling/\\nfood-chain/\\nforth/\\nhexadecimal/\\nkindergarten-garden/\\nmatrix/\\noctal/\\npaasio/\\npalindrome-products/\\npig-latin/\\npoker/\\npov/\\nprotein-translation/\\nreact/\\nrobot-simulator/\\nsay/\\nscale-generator/\\nsimple-linked-list/\\nsublist/\\ntranspose/\\ntree-building/\\ntrinary/\\ntwo-bucket/\\nvariable-length-quantity/\\nword-search/\\nwordy/\\nzebra-puzzle/\"}",
  "partial": false
}
[2025-04-03T23:10:33.296Z] {
  "ts": 1743721833284,
  "type": "say",
  "say": "api_req_started",
  "text": "{\"request\":\"[list_files for '..'] Result:\\n\\nrun_tests.sh\\nalphametics/\\nbeer-song/\\nbook-store/\\nbottle-song/\\nbowling/\\nconnect/\\ncrypto-square/\\ndnd-character/\\ndominoes/\\nerror-handling/\\nfood-chain/\\nforth/\\nhexadecimal/\\nkindergarten-garden/\\nmatrix/\\noctal/\\npaasio/\\npalindrome-products/\\npig-latin/\\npoker/\\npov/\\nprotein-translation/\\nreact/\\nrobot-simulator/\\nsay/\\nscale-generator/\\nsimple-linked-list/\\nsublist/\\ntranspose/\\ntree-building/\\ntrinary/\\ntwo-bucket/\\nvariable-length-quantity/\\nword-search/\\nwordy/\\nzebra-puzzle/\\n\\nLoading...\"}"
}
[2025-04-03T23:10:35.282Z] {
  "ts": 1743721834625,
  "type": "say",
  "say": "text",
  "text": "The parent directory contains multiple exercise folders, including `beer-song`, which is the current working directory. There is no `.docs` directory at this level either.\n\nSince `.docs` is not found here, it might be inside the user's home directory or another common location. The most probable location is the project root or a shared documentation directory.\n\nI will now list the contents of the user's home directory `/Users/cte` to check if `.docs` exists there.",
  "partial": false
}
[2025-04-03T23:10:35.290Z] {
  "ts": 1743721834625,
  "type": "say",
  "say": "text",
  "text": "The parent directory contains multiple exercise folders, including `beer-song`, which is the current working directory. There is no `.docs` directory at this level either.\n\nSince `.docs` is not found here, it might be inside the user's home directory or another common location. The most probable location is the project root or a shared documentation directory.\n\nI will now list the contents of the user's home directory `/Users/cte` to check if `.docs` exists there.",
  "partial": false
}
[2025-04-03T23:10:35.571Z] {
  "ts": 1743721835295,
  "type": "ask",
  "ask": "tool",
  "text": "{\"tool\":\"listFilesTopLevel\",\"path\":\"/Users/cte\",\"content\":\"No files found.\"}",
  "partial": false
}
[2025-04-03T23:10:35.910Z] {
  "ts": 1743721835898,
  "type": "say",
  "say": "api_req_started",
  "text": "{\"request\":\"[list_files for '/Users/cte'] Result:\\n\\nNo files found.\\n\\nLoading...\"}"
}
[2025-04-03T23:10:40.116Z] {
  "ts": 1743721838741,
  "type": "say",
  "say": "text",
  "text": "The `.docs` directory is not in the current working directory, its parent, or the home directory. Since the task explicitly states that the exercise description is in `.docs`, but it is not present, it is possible that the description is either:\n- Embedded as comments in the stub file (`beer_song.go`)\n- Or the `.docs` directory is simply not provided, and I should proceed with the stub and tests already present.\n\nGiven this, the best approach is to inspect the stub implementation file `beer_song.go` for any embedded instructions or comments that describe the exercise. This is common in coding exercises.\n\nI will read the entire `beer_song.go` file next.",
  "partial": false
}
[2025-04-03T23:10:40.325Z] {
  "ts": 1743721840122,
  "type": "ask",
  "ask": "tool",
  "text": "{\"tool\":\"readFile\",\"path\":\"beer_song.go\",\"isOutsideWorkspace\":false,\"content\":\"/Users/cte/Documents/evals/go/beer-song/beer_song.go\",\"reason\":\" (max 500 lines)\"}",
  "partial": false
}
[2025-04-03T23:10:40.461Z] {
  "ts": 1743721840449,
  "type": "say",
  "say": "api_req_started",
  "text": "{\"request\":\"[read_file for 'beer_song.go'] Result:\\n\\n 1 | package beer\\n 2 | \\n 3 | func Song() string {\\n 4 | \\tpanic(\\\"Please implement the Song function\\\")\\n 5 | }\\n 6 | \\n 7 | func Verses(start, stop int) (string, error) {\\n 8 | \\tpanic(\\\"Please implement the Verses function\\\")\\n 9 | }\\n10 | \\n11 | func Verse(n int) (string, error) {\\n12 | \\tpanic(\\\"Please implement the Verse function\\\")\\n13 | }\\n14 | \\n\\nLoading...\"}"
}
[2025-04-03T23:10:45.040Z] {
  "ts": 1743721842079,
  "type": "say",
  "say": "text",
  "text": "The stub file `beer_song.go` defines three functions to implement:\n\n- `Song() string`: likely returns the full lyrics of the \"99 Bottles of Beer\" song.\n- `Verses(start, stop int) (string, error)`: returns the verses from `start` down to `stop`.\n- `Verse(n int) (string, error)`: returns the verse for a specific bottle count `n`.\n\nThis matches the typical \"99 Bottles of Beer\" exercise, where the goal is to generate the lyrics programmatically.\n\nSince the `.docs` directory is missing, I will assume the standard requirements for this exercise:\n- The song counts down from 99 to 0.\n- Special cases:\n  - At 1 bottle: \"1 bottle\" (singular), \"Take it down\", next is \"no more bottles\".\n  - At 0 bottles: \"No more bottles\", \"Go to the store and buy some more\", resets to 99.\n  - Otherwise: plural \"bottles\", \"Take one down\", next is `n-1` bottles.\n\nNext, I will inspect the test file `beer_song_test.go` to confirm these assumptions and understand the expected function signatures and outputs.",
  "partial": false
}
[2025-04-03T23:10:45.245Z] {
  "ts": 1743721845045,
  "type": "ask",
  "ask": "tool",
  "text": "{\"tool\":\"readFile\",\"path\":\"beer_song_test.go\",\"isOutsideWorkspace\":false,\"content\":\"/Users/cte/Documents/evals/go/beer-song/beer_song_test.go\",\"reason\":\" (max 500 lines)\"}",
  "partial": false
}
[2025-04-03T23:10:45.473Z] {
  "ts": 1743721845461,
  "type": "say",
  "say": "api_req_started",
  "text": "{\"request\":\"[read_file for 'beer_song_test.go'] Result:\\n\\n  1 | package beer\\n  2 | \\n  3 | import (\\n  4 | \\t\\\"testing\\\"\\n  5 | )\\n  6 | \\n  7 | const verse8 = \\\"8 bottles of beer on the wall, 8 bottles of beer.\\\\nTake one down and pass it around, 7 bottles of beer on the wall.\\\\n\\\"\\n  8 | const verse3 = \\\"3 bottles of beer on the wall, 3 bottles of beer.\\\\nTake one down and pass it around, 2 bottles of beer on the wall.\\\\n\\\"\\n  9 | const verse2 = \\\"2 bottles of beer on the wall, 2 bottles of beer.\\\\nTake one down and pass it around, 1 bottle of beer on the wall.\\\\n\\\"\\n 10 | const verse1 = \\\"1 bottle of beer on the wall, 1 bottle of beer.\\\\nTake it down and pass it around, no more bottles of beer on the wall.\\\\n\\\"\\n 11 | const verse0 = \\\"No more bottles of beer on the wall, no more bottles of beer.\\\\nGo to the store and buy some more, 99 bottles of beer on the wall.\\\\n\\\"\\n 12 | \\n 13 | const verses86 = `8 bottles of beer on the wall, 8 bottles of beer.\\n 14 | Take one down and pass it around, 7 bottles of beer on the wall.\\n 15 | \\n 16 | 7 bottles of beer on the wall, 7 bottles of beer.\\n 17 | Take one down and pass it around, 6 bottles of beer on the wall.\\n 18 | \\n 19 | 6 bottles of beer on the wall, 6 bottles of beer.\\n 20 | Take one down and pass it around, 5 bottles of beer on the wall.\\n 21 | \\n 22 | `\\n 23 | \\n 24 | const verses75 = `7 bottles of beer on the wall, 7 bottles of beer.\\n 25 | Take one down and pass it around, 6 bottles of beer on the wall.\\n 26 | \\n 27 | 6 bottles of beer on the wall, 6 bottles of beer.\\n 28 | Take one down and pass it around, 5 bottles of beer on the wall.\\n 29 | \\n 30 | 5 bottles of beer on the wall, 5 bottles of beer.\\n 31 | Take one down and pass it around, 4 bottles of beer on the wall.\\n 32 | \\n 33 | `\\n 34 | \\n 35 | var verseTestCases = []struct {\\n 36 | \\tdescription   string\\n 37 | \\tverse         int\\n 38 | \\texpectedVerse string\\n 39 | \\texpectErr     bool\\n 40 | }{\\n 41 | \\t{\\\"a typical verse\\\", 8, verse8, false},\\n 42 | \\t{\\\"another typical verse\\\", 3, verse3, false},\\n 43 | \\t{\\\"verse 2\\\", 2, verse2, false},\\n 44 | \\t{\\\"verse 1\\\", 1, verse1, false},\\n 45 | \\t{\\\"verse 0\\\", 0, verse0, false},\\n 46 | \\t{\\\"invalid verse\\\", 104, \\\"\\\", true},\\n 47 | }\\n 48 | \\n 49 | func TestBottlesVerse(t *testing.T) {\\n 50 | \\tfor _, tc := range verseTestCases {\\n 51 | \\t\\tt.Run(tc.description, func(t *testing.T) {\\n 52 | \\t\\t\\tactualVerse, err := Verse(tc.verse)\\n 53 | \\t\\t\\tif tc.expectErr {\\n 54 | \\t\\t\\t\\tif err == nil {\\n 55 | \\t\\t\\t\\t\\tt.Fatalf(\\\"Verse(%d) expected an error, but error is nil\\\", tc.verse)\\n 56 | \\t\\t\\t\\t}\\n 57 | \\t\\t\\t} else {\\n 58 | \\t\\t\\t\\tif err != nil {\\n 59 | \\t\\t\\t\\t\\tt.Fatalf(\\\"Verse(%d) returned error: %v, want:%q\\\", tc.verse, err, tc.expectedVerse)\\n 60 | \\t\\t\\t\\t}\\n 61 | \\n 62 | \\t\\t\\t\\tif actualVerse != tc.expectedVerse {\\n 63 | \\t\\t\\t\\t\\tt.Fatalf(\\\"Verse(%d)\\\\n got:%q\\\\nwant:%q\\\", tc.verse, actualVerse, tc.expectedVerse)\\n 64 | \\t\\t\\t\\t}\\n 65 | \\t\\t\\t}\\n 66 | \\t\\t})\\n 67 | \\t}\\n 68 | }\\n 69 | \\n 70 | var versesTestCases = []struct {\\n 71 | \\tdescription   string\\n 72 | \\tupperBound    int\\n 73 | \\tlowerBound    int\\n 74 | \\texpectedVerse string\\n 75 | \\texpectErr     bool\\n 76 | }{\\n 77 | \\t{\\\"multiple verses\\\", 8, 6, verses86, false},\\n 78 | \\t{\\\"a different set of verses\\\", 7, 5, verses75, false},\\n 79 | \\t{\\\"invalid start\\\", 109, 5, \\\"\\\", true},\\n 80 | \\t{\\\"invalid stop\\\", 99, -20, \\\"\\\", true},\\n 81 | \\t{\\\"start less than stop\\\", 8, 14, \\\"\\\", true},\\n 82 | }\\n 83 | \\n 84 | func TestSeveralVerses(t *testing.T) {\\n 85 | \\tfor _, tc := range versesTestCases {\\n 86 | \\t\\tt.Run(tc.description, func(t *testing.T) {\\n 87 | \\t\\t\\tactualVerse, err := Verses(tc.upperBound, tc.lowerBound)\\n 88 | \\t\\t\\tif tc.expectErr {\\n 89 | \\t\\t\\t\\tif err == nil {\\n 90 | \\t\\t\\t\\t\\tt.Fatalf(\\\"Verses(%d,%d) expected an error, but error is nil\\\", tc.upperBound, tc.lowerBound)\\n 91 | \\t\\t\\t\\t}\\n 92 | \\t\\t\\t} else {\\n 93 | \\t\\t\\t\\tif err != nil {\\n 94 | \\t\\t\\t\\t\\tt.Fatalf(\\\"Verses(%d,%d) returned error: %v, want:%q\\\", tc.upperBound, tc.lowerBound, err, tc.expectedVerse)\\n 95 | \\t\\t\\t\\t}\\n 96 | \\t\\t\\t\\tif actualVerse != tc.expectedVerse {\\n 97 | \\t\\t\\t\\t\\tt.Fatalf(\\\"Verse(%d,%d)\\\\n got:%q\\\\nwant:%q\\\", tc.upperBound, tc.lowerBound, actualVerse, tc.expectedVerse)\\n 98 | \\t\\t\\t\\t}\\n 99 | \\t\\t\\t}\\n100 | \\t\\t})\\n101 | \\t}\\n102 | }\\n103 | \\n104 | func BenchmarkSeveralVerses(b *testing.B) {\\n105 | \\tif testing.Short() {\\n106 | \\t\\tb.Skip(\\\"skipping benchmark in short mode.\\\")\\n107 | \\t}\\n108 | \\tfor i := 0; i < b.N; i++ {\\n109 | \\n110 | \\t\\tfor _, tt := range versesTestCases {\\n111 | \\t\\t\\tVerses(tt.upperBound, tt.lowerBound)\\n112 | \\t\\t}\\n113 | \\n114 | \\t}\\n115 | }\\n116 | \\n117 | func TestEntireSong(t *testing.T) {\\n118 | \\texpected, err := Verses(99, 0)\\n119 | \\tif err != nil {\\n120 | \\t\\tt.Fatalf(\\\"unexpected error calling Verses(99,0)\\\")\\n121 | \\t}\\n122 | \\tactual := Song()\\n123 | \\n124 | \\tif expected != actual {\\n125 | \\t\\tt.Fatalf(`\\n126 | \\t\\t  Did not sing the whole song correctly.\\n127 | \\n128 | \\t\\t\\tExpected:\\n129 | \\t\\t\\t%v\\n130 | \\n131 | \\t\\t\\tActual:\\n132 | \\t\\t\\t%v\\n133 | \\t\\t`, expected, actual)\\n134 | \\t}\\n135 | }\\n136 | \\n137 | func BenchmarkEntireSong(b *testing.B) {\\n138 | \\tif testing.Short() {\\n139 | \\t\\tb.Skip(\\\"skipping benchmark in short mode.\\\")\\n140 | \\t}\\n141 | \\tfor i := 0; i < b.N; i++ {\\n142 | \\t\\tSong()\\n143 | \\t}\\n144 | }\\n145 | \\n\\nLoading...\"}"
}
[2025-04-03T23:10:49.007Z] {
  "ts": 1743721847217,
  "type": "say",
  "say": "text",
  "text": "The test file confirms the expected behavior:\n\n- `Verse(n int)` returns a single verse string and an error if `n` is invalid (>99 or <0).\n- `Verses(start, stop int)` returns concatenated verses from `start` down to `stop`, separated by double newlines, and an error if:\n  - start or stop are invalid\n  - start < stop\n- `Song()` returns the full song from 99 down to 0, equivalent to `Verses(99, 0)`.\n\nSpecial cases:\n- Verse 1 uses \"1 bottle\", \"Take it down\", \"no more bottles\".\n- Verse 0 uses \"No more bottles\", \"Go to the store and buy some more\", resets to 99.\n- All other verses use plural \"bottles\", \"Take one down\", next is `n-1` bottles.\n\nPlan:\n1. Implement `Verse(n int)` with error handling and special cases.\n2. Implement `Verses(start, stop int)` using `Verse` in a loop, with error handling.\n3. Implement `Song()` as `Verses(99, 0)` ignoring the error (since it's always valid).\n\nI will now proceed to implement all three functions in `beer_song.go`.",
  "partial": false
}
[2025-04-03T23:10:49.015Z] {
  "ts": 1743721847217,
  "type": "say",
  "say": "text",
  "text": "The test file confirms the expected behavior:\n\n- `Verse(n int)` returns a single verse string and an error if `n` is invalid (>99 or <0).\n- `Verses(start, stop int)` returns concatenated verses from `start` down to `stop`, separated by double newlines, and an error if:\n  - start or stop are invalid\n  - start < stop\n- `Song()` returns the full song from 99 down to 0, equivalent to `Verses(99, 0)`.\n\nSpecial cases:\n- Verse 1 uses \"1 bottle\", \"Take it down\", \"no more bottles\".\n- Verse 0 uses \"No more bottles\", \"Go to the store and buy some more\", resets to 99.\n- All other verses use plural \"bottles\", \"Take one down\", next is `n-1` bottles.\n\nPlan:\n1. Implement `Verse(n int)` with error handling and special cases.\n2. Implement `Verses(start, stop int)` using `Verse` in a loop, with error handling.\n3. Implement `Song()` as `Verses(99, 0)` ignoring the error (since it's always valid).\n\nI will now proceed to implement all three functions in `beer_song.go`.",
  "partial": false
}
[2025-04-03T23:10:53.575Z] {
  "ts": 1743721849020,
  "type": "ask",
  "ask": "tool",
  "text": "{\"tool\":\"appliedDiff\",\"path\":\"beer_song.go\",\"diff\":\"<<<<<<< SEARCH\\n:start_line:3\\n:end_line:5\\n-------\\nfunc Song() string {\\n\\tpanic(\\\"Please implement the Song function\\\")\\n}\\n=======\\nfunc Song() string {\\n\\tsong, _ := Verses(99, 0)\\n\\treturn song\\n}\\n>>>>>>> REPLACE\\n\\n<<<<<<< SEARCH\\n:start_line:7\\n:end_line:9\\n-------\\nfunc Verses(start, stop int) (string, error) {\\n\\tpanic(\\\"Please implement the Verses function\\\")\\n}\\n=======\\nfunc Verses(start, stop int) (string, error) {\\n\\tif start > 99 || start < 0 || stop > 99 || stop < 0 || start < stop {\\n\\t\\treturn \\\"\\\", fmt.Errorf(\\\"invalid range\\\")\\n\\t}\\n\\n\\tvar verses []string\\n\\tfor i := start; i >= stop; i-- {\\n\\t\\tv, err := Verse(i)\\n\\t\\tif err != nil {\\n\\t\\t\\treturn \\\"\\\", err\\n\\t\\t}\\n\\t\\tverses = append(verses, v)\\n\\t}\\n\\n\\treturn joinVerses(verses), nil\\n}\\n>>>>>>> REPLACE\\n\\n<<<<<<< SEARCH\\n:start_line:11\\n:end_line:13\\n-------\\nfunc Verse(n int) (string, error) {\\n\\tpanic(\\\"Please implement the Verse function\\\")\\n}\\n=======\\nfunc Verse(n int) (string, error) {\\n\\tif n > 99 || n < 0 {\\n\\t\\treturn \\\"\\\", fmt.Errorf(\\\"invalid verse number\\\")\\n\\t}\\n\\n\\tswitch n {\\n\\tcase 0:\\n\\t\\treturn \\\"No more bottles of beer on the wall, no more bottles of beer.\\\\n\\\" +\\n\\t\\t\\t\\\"Go to the store and buy some more, 99 bottles of beer on the wall.\\\\n\\\", nil\\n\\tcase 1:\\n\\t\\treturn \\\"1 bottle of beer on the wall, 1 bottle of beer.\\\\n\\\" +\\n\\t\\t\\t\\\"Take it down and pass it around, no more bottles of beer on the wall.\\\\n\\\", nil\\n\\tcase 2:\\n\\t\\treturn \\\"2 bottles of beer on the wall, 2 bottles of beer.\\\\n\\\" +\\n\\t\\t\\t\\\"Take one down and pass it around, 1 bottle of beer on the wall.\\\\n\\\", nil\\n\\tdefault:\\n\\t\\treturn fmt.Sprintf(\\\"%d bottles of beer on the wall, %d bottles of beer.\\\\n\\\"+\\n\\t\\t\\t\\\"Take one down and pass it around, %d bottles of beer on the wall.\\\\n\\\", n, n, n-1), nil\\n\\t}\\n}\\n>>>>>>> REPLACE\"}",
  "partial": false,
  "progressStatus": {
    "icon": "diff-multiple",
    "text": "3"
  }
}
[2025-04-03T23:10:54.072Z] {
  "ts": 1743721854054,
  "type": "say",
  "say": "api_req_started",
  "text": "{\"request\":\"[apply_diff for 'beer_song.go'] Result:\\n\\nChanges successfully applied to beer_song.go:\\n\\n\\n\\n\\nLoading...\"}"
}
[2025-04-03T23:10:55.776Z] {
  "ts": 1743721855459,
  "type": "say",
  "say": "text",
  "text": "The implementation has been applied successfully. The next step is to run the tests using `go test` to verify that the implementation passes all the provided test cases without modifying the test file.",
  "partial": false
}
[2025-04-03T23:10:55.785Z] {
  "ts": 1743721855459,
  "type": "say",
  "say": "text",
  "text": "The implementation has been applied successfully. The next step is to run the tests using `go test` to verify that the implementation passes all the provided test cases without modifying the test file.",
  "partial": false
}
[2025-04-03T23:10:55.861Z] {
  "ts": 1743721855791,
  "type": "ask",
  "ask": "command",
  "text": "go test",
  "partial": false
}
[2025-04-03T23:10:57.808Z] {
  "ts": 1743721857785,
  "type": "ask",
  "ask": "command_output",
  "text": ""
}
[2025-04-03T23:10:57.998Z] {
  "ts": 1743721857968,
  "type": "ask",
  "ask": "command_output",
  "text": "%                                                                                    \r \r"
}
[2025-04-03T23:10:57.998Z] {
  "ts": 1743721857968,
  "type": "ask",
  "ask": "command_output",
  "text": "# beer [beer.test]\r\n./beer_song.go:10:14: undefined: fmt\r\n./beer_song.go:22:9: undefined: joinVerses\r\n./beer_song.go:27:14: undefined: fmt\r\n./beer_song.go:41:10: undefined: fmt\r\nFAIL\tbeer [build failed]\r\n"
}
[2025-04-03T23:10:58.046Z] {
  "ts": 1743721858027,
  "type": "say",
  "say": "api_req_started",
  "text": "{\"request\":\"[execute_command for 'go test'] Result:\\n\\nCommand executed in terminal 1 within working directory '/Users/cte/Documents/evals/go/beer-song'. Command execution was not successful, inspect the cause and adjust as needed.\\nExit code: 1\\nOutput:\\n# beer [beer.test]\\r\\n./beer_song.go:10:14: undefined: fmt\\r\\n./beer_song.go:22:9: undefined: joinVerses\\r\\n./beer_song.go:27:14: undefined: fmt\\r\\n./beer_song.go:41:10: undefined: fmt\\r\\nFAIL\\tbeer [build failed]\\r\\n%                                                                                    \\r \\r\\n\\nLoading...\"}"
}
[2025-04-03T23:11:00.874Z] {
  "ts": 1743721859957,
  "type": "say",
  "say": "text",
  "text": "The build failed due to two issues:\n1. The `fmt` package is used but not imported.\n2. The helper function `joinVerses` is called but not defined.\n\nTo fix this:\n- Import the `fmt` package.\n- Implement the `joinVerses` function, which should concatenate verses with two newlines (`\\n\\n`) as separators, matching the test expectations.\n\nI will update `beer_song.go` to import `fmt` and add the `joinVerses` helper function.",
  "partial": false
}
[2025-04-03T23:11:02.940Z] {
  "ts": 1743721860879,
  "type": "ask",
  "ask": "tool",
  "text": "{\"tool\":\"appliedDiff\",\"path\":\"beer_song.go\",\"diff\":\"<<<<<<< SEARCH\\n:start_line:1\\n:end_line:2\\n-------\\npackage beer\\n\\n=======\\npackage beer\\n\\nimport (\\n\\t\\\"fmt\\\"\\n)\\n>>>>>>> REPLACE\\n\\n<<<<<<< SEARCH\\n:start_line:14\\n:end_line:14\\n-------\\n\\n=======\\nfunc joinVerses(verses []string) string {\\n\\tif len(verses) == 0 {\\n\\t\\treturn \\\"\\\"\\n\\t}\\n\\tresult := verses[0]\\n\\tfor _, v := range verses[1:] {\\n\\t\\tresult += \\\"\\\\n\\\\n\\\" + v\\n\\t}\\n\\treturn result + \\\"\\\\n\\\"\\n}\\n>>>>>>> REPLACE\"}",
  "partial": false,
  "progressStatus": {
    "icon": "diff-multiple",
    "text": "2"
  }
}
[2025-04-03T23:11:03.402Z] {
  "ts": 1743721863386,
  "type": "say",
  "say": "api_req_started",
  "text": "{\"request\":\"[apply_diff for 'beer_song.go'] Result:\\n\\nChanges successfully applied to beer_song.go:\\n\\n\\n\\n\\nLoading...\"}"
}
[2025-04-03T23:11:05.542Z] {
  "ts": 1743721865208,
  "type": "say",
  "say": "text",
  "text": "The missing import and helper function have been added. The next step is to rerun the tests with `go test` to verify if the implementation now passes all test cases.",
  "partial": false
}
[2025-04-03T23:11:05.551Z] {
  "ts": 1743721865208,
  "type": "say",
  "say": "text",
  "text": "The missing import and helper function have been added. The next step is to rerun the tests with `go test` to verify if the implementation now passes all test cases.",
  "partial": false
}
[2025-04-03T23:11:05.728Z] {
  "ts": 1743721865556,
  "type": "ask",
  "ask": "command",
  "text": "go test",
  "partial": false
}
[2025-04-03T23:11:06.029Z] {
  "ts": 1743721866009,
  "type": "ask",
  "ask": "command_output",
  "text": ""
}
[2025-04-03T23:11:06.288Z] {
  "ts": 1743721866273,
  "type": "ask",
  "ask": "command_output",
  "text": "%                                                                                    \r \r"
}
[2025-04-03T23:11:06.288Z] {
  "ts": 1743721866272,
  "type": "ask",
  "ask": "command_output",
  "text": "# beer [beer.test]\r\n./beer_song.go:17:6: syntax error: unexpected name joinVerses, expected (\r\nFAIL\tbeer [build failed]\r\n"
}
[2025-04-03T23:11:06.346Z] {
  "ts": 1743721866331,
  "type": "say",
  "say": "api_req_started",
  "text": "{\"request\":\"[execute_command for 'go test'] Result:\\n\\nCommand executed in terminal 1 within working directory '/Users/cte/Documents/evals/go/beer-song'. Command execution was not successful, inspect the cause and adjust as needed.\\nExit code: 1\\nOutput:\\n# beer [beer.test]\\r\\n./beer_song.go:17:6: syntax error: unexpected name joinVerses, expected (\\r\\nFAIL\\tbeer [build failed]\\r\\n%                                                                                    \\r \\r\\n\\nLoading...\"}"
}
[2025-04-03T23:11:08.796Z] {
  "ts": 1743721867894,
  "type": "say",
  "say": "text",
  "text": "The error `syntax error: unexpected name joinVerses, expected (` at line 17 suggests a misplaced or malformed function declaration, likely due to incorrect placement of the `joinVerses` function relative to the existing code.\n\nI previously appended the helper function at the end of the file, but it seems it was inserted incorrectly, possibly inside another function or without proper separation.\n\nI will read the updated `beer_song.go` to inspect the current state and identify the syntax issue.",
  "partial": false
}
[2025-04-03T23:11:09.006Z] {
  "ts": 1743721868801,
  "type": "ask",
  "ask": "tool",
  "text": "{\"tool\":\"readFile\",\"path\":\"beer_song.go\",\"isOutsideWorkspace\":false,\"content\":\"/Users/cte/Documents/evals/go/beer-song/beer_song.go\",\"reason\":\" (max 500 lines)\"}",
  "partial": false
}
[2025-04-03T23:11:09.240Z] {
  "ts": 1743721869219,
  "type": "say",
  "say": "api_req_started",
  "text": "{\"request\":\"[read_file for 'beer_song.go'] Result:\\n\\n 1 | package beer\\n 2 | \\n 3 | import (\\n 4 | \\t\\\"fmt\\\"\\n 5 | )\\n 6 | func Song() string {\\n 7 | \\tsong, _ := Verses(99, 0)\\n 8 | \\treturn song\\n 9 | }\\n10 | \\n11 | func Verses(start, stop int) (string, error) {\\n12 | \\tif start > 99 || start < 0 || stop > 99 || stop < 0 || start < stop {\\n13 | \\t\\treturn \\\"\\\", fmt.Errorf(\\\"invalid range\\\")\\n14 | \\t}\\n15 | \\n16 | \\tvar verses []string\\n17 | func joinVerses(verses []string) string {\\n18 | \\tif len(verses) == 0 {\\n19 | \\t\\treturn \\\"\\\"\\n20 | \\t}\\n21 | \\tresult := verses[0]\\n22 | \\tfor _, v := range verses[1:] {\\n23 | \\t\\tresult += \\\"\\\\n\\\\n\\\" + v\\n24 | \\t}\\n25 | \\treturn result + \\\"\\\\n\\\"\\n26 | }\\n27 | \\tfor i := start; i >= stop; i-- {\\n28 | \\t\\tv, err := Verse(i)\\n29 | \\t\\tif err != nil {\\n30 | \\t\\t\\treturn \\\"\\\", err\\n31 | \\t\\t}\\n32 | \\t\\tverses = append(verses, v)\\n33 | \\t}\\n34 | \\n35 | \\treturn joinVerses(verses), nil\\n36 | }\\n37 | \\n38 | func Verse(n int) (string, error) {\\n39 | \\tif n > 99 || n < 0 {\\n40 | \\t\\treturn \\\"\\\", fmt.Errorf(\\\"invalid verse number\\\")\\n41 | \\t}\\n42 | \\n43 | \\tswitch n {\\n44 | \\tcase 0:\\n45 | \\t\\treturn \\\"No more bottles of beer on the wall, no more bottles of beer.\\\\n\\\" +\\n46 | \\t\\t\\t\\\"Go to the store and buy some more, 99 bottles of beer on the wall.\\\\n\\\", nil\\n47 | \\tcase 1:\\n48 | \\t\\treturn \\\"1 bottle of beer on the wall, 1 bottle of beer.\\\\n\\\" +\\n49 | \\t\\t\\t\\\"Take it down and pass it around, no more bottles of beer on the wall.\\\\n\\\", nil\\n50 | \\tcase 2:\\n51 | \\t\\treturn \\\"2 bottles of beer on the wall, 2 bottles of beer.\\\\n\\\" +\\n52 | \\t\\t\\t\\\"Take one down and pass it around, 1 bottle of beer on the wall.\\\\n\\\", nil\\n53 | \\tdefault:\\n54 | \\t\\treturn fmt.Sprintf(\\\"%d bottles of beer on the wall, %d bottles of beer.\\\\n\\\"+\\n55 | \\t\\t\\t\\\"Take one down and pass it around, %d bottles of beer on the wall.\\\\n\\\", n, n, n-1), nil\\n56 | \\t}\\n57 | }\\n58 | \\n\\nLoading...\"}"
}
[2025-04-03T23:11:12.497Z] {
  "ts": 1743721871568,
  "type": "say",
  "say": "text",
  "text": "The `joinVerses` function was incorrectly inserted inside the `Verses` function at line 17, causing a syntax error. It should be a separate, top-level function outside of `Verses`.\n\nI will fix this by:\n- Removing the `joinVerses` function from inside `Verses`.\n- Placing it after the `Verse` function at the end of the file as a standalone function.\n\nThis will resolve the syntax error.",
  "partial": false
}
[2025-04-03T23:11:13.361Z] {
  "ts": 1743721872500,
  "type": "ask",
  "ask": "tool",
  "text": "{\"tool\":\"appliedDiff\",\"path\":\"beer_song.go\",\"diff\":\"<<<<<<< SEARCH\\n:start_line:17\\n:end_line:26\\n-------\\nfunc joinVerses(verses []string) string {\\n\\tif len(verses) == 0 {\\n\\t\\treturn \\\"\\\"\\n\\t}\\n\\tresult := verses[0]\\n\\tfor _, v := range verses[1:] {\\n\\t\\tresult += \\\"\\\\n\\\\n\\\" + v\\n\\t}\\n\\treturn result + \\\"\\\\n\\\"\\n}\\n=======\\n>>>>>>> REPLACE\\n\\n<<<<<<< SEARCH\\n:start_line:57\\n:end_line:57\\n-------\\n}\\n=======\\n}\\n\\nfunc joinVerses(verses []string) string {\\n\\tif len(verses) == 0 {\\n\\t\\treturn \\\"\\\"\\n\\t}\\n\\tresult := verses[0]\\n\\tfor _, v := range verses[1:] {\\n\\t\\tresult += \\\"\\\\n\\\\n\\\" + v\\n\\t}\\n\\treturn result + \\\"\\\\n\\\"\\n}\\n>>>>>>> REPLACE\"}",
  "partial": false,
  "progressStatus": {
    "icon": "diff-multiple",
    "text": "2"
  }
}
[2025-04-03T23:11:13.833Z] {
  "ts": 1743721873812,
  "type": "say",
  "say": "api_req_started",
  "text": "{\"request\":\"[apply_diff for 'beer_song.go'] Result:\\n\\nChanges successfully applied to beer_song.go:\\n\\n\\n\\n\\nLoading...\"}"
}
[2025-04-03T23:11:15.721Z] {
  "ts": 1743721875237,
  "type": "say",
  "say": "text",
  "text": "The misplaced function has been corrected. Now, I will rerun the tests with `go test` to verify if the implementation passes all test cases.",
  "partial": false
}
[2025-04-03T23:11:15.803Z] {
  "ts": 1743721875726,
  "type": "ask",
  "ask": "command",
  "text": "go test",
  "partial": false
}
[2025-04-03T23:11:16.126Z] {
  "ts": 1743721876073,
  "type": "ask",
  "ask": "command_output",
  "text": ""
}
[2025-04-03T23:11:16.634Z] {
  "ts": 1743721876617,
  "type": "ask",
  "ask": "command_output",
  "text": "%                                                                                    \r \r"
}
[2025-04-03T23:11:16.634Z] {
  "ts": 1743721876617,
  "type": "ask",
  "ask": "command_output",
  "text": "--- FAIL: TestSeveralVerses (0.00s)\r\n    --- FAIL: TestSeveralVerses/multiple_verses (0.00s)\r\n        beer_song_test.go:97: Verse(8,6)\r\n             got:\"8 bottles of beer on the wall, 8 bottles of beer.\\nTake one down and pass it around, 7 bottles of beer on the wall.\\n\\n\\n7 bottles of beer on the wall, 7 bottles of beer.\\nTake one down and pass it around, 6 bottles of beer on the wall.\\n\\n\\n6 bottles of beer on the wall, 6 bottles of beer.\\nTake one down and pass it around, 5 bottles of beer on the wall.\\n\\n\"\r\n            want:\"8 bottles of beer on the wall, 8 bottles of beer.\\nTake one down and pass it around, 7 bottles of beer on the wall.\\n\\n7 bottles of beer on the wall, 7 bottles of beer.\\nTake one down and pass it around, 6 bottles of beer on the wall.\\n\\n6 bottles of beer on the wall, 6 bottles of beer.\\nTake one down and pass it around, 5 bottles of beer on the wall.\\n\\n\"\r\n    --- FAIL: TestSeveralVerses/a_different_set_of_verses (0.00s)\r\n        beer_song_test.go:97: Verse(7,5)\r\n             got:\"7 bottles of beer on the wall, 7 bottles of beer.\\nTake one down and pass it around, 6 bottles of beer on the wall.\\n\\n\\n6 bottles of beer on the wall, 6 bottles of beer.\\nTake one down and pass it around, 5 bottles of beer on the wall.\\n\\n\\n5 bottles of beer on the wall, 5 bottles of beer.\\nTake one down and pass it around, 4 bottles of beer on the wall.\\n\\n\"\r\n            want:\"7 bottles of beer on the wall, 7 bottles of beer.\\nTake one down and pass it around, 6 bottles of beer on the wall.\\n\\n6 bottles of beer on the wall, 6 bottles of beer.\\nTake one down and pass it around, 5 bottles of beer on the wall.\\n\\n5 bottles of beer on the wall, 5 bottles of beer.\\nTake one down and pass it around, 4 bottles of beer on the wall.\\n\\n\"\r\nFAIL\r\nexit status 1\r\nFAIL\tbeer\t0.185s\r\n"
}
[2025-04-03T23:11:16.690Z] {
  "ts": 1743721876676,
  "type": "say",
  "say": "api_req_started",
  "text": "{\"request\":\"[execute_command for 'go test'] Result:\\n\\nCommand executed in terminal 1 within working directory '/Users/cte/Documents/evals/go/beer-song'. Command execution was not successful, inspect the cause and adjust as needed.\\nExit code: 1\\nOutput:\\n--- FAIL: TestSeveralVerses (0.00s)\\r\\n    --- FAIL: TestSeveralVerses/multiple_verses (0.00s)\\r\\n        beer_song_test.go:97: Verse(8,6)\\r\\n             got:\\\"8 bottles of beer on the wall, 8 bottles of beer.\\\\nTake one down and pass it around, 7 bottles of beer on the wall.\\\\n\\\\n\\\\n7 bottles of beer on the wall, 7 bottles of beer.\\\\nTake one down and pass it around, 6 bottles of beer on the wall.\\\\n\\\\n\\\\n6 bottles of beer on the wall, 6 bottles of beer.\\\\nTake one down and pass it around, 5 bottles of beer on the wall.\\\\n\\\\n\\\"\\r\\n            want:\\\"8 bottles of beer on the wall, 8 bottles of beer.\\\\nTake one down and pass it around, 7 bottles of beer on the wall.\\\\n\\\\n7 bottles of beer on the wall, 7 bottles of beer.\\\\nTake one down and pass it around, 6 bottles of beer on the wall.\\\\n\\\\n6 bottles of beer on the wall, 6 bottles of beer.\\\\nTake one down and pass it around, 5 bottles of beer on the wall.\\\\n\\\\n\\\"\\r\\n    --- FAIL: TestSeveralVerses/a_different_set_of_verses (0.00s)\\r\\n        beer_song_test.go:97: Verse(7,5)\\r\\n             got:\\\"7 bottles of beer on the wall, 7 bottles of beer.\\\\nTake one down and pass it around, 6 bottles of beer on the wall.\\\\n\\\\n\\\\n6 bottles of beer on the wall, 6 bottles of beer.\\\\nTake one down and pass it around, 5 bottles of beer on the wall.\\\\n\\\\n\\\\n5 bottles of beer on the wall, 5 bottles of beer.\\\\nTake one down and pass it around, 4 bottles of beer on the wall.\\\\n\\\\n\\\"\\r\\n            want:\\\"7 bottles of beer on the wall, 7 bottles of beer.\\\\nTake one down and pass it around, 6 bottles of beer on the wall.\\\\n\\\\n6 bottles of beer on the wall, 6 bottles of beer.\\\\nTake one down and pass it around, 5 bottles of beer on the wall.\\\\n\\\\n5 bottles of beer on the wall, 5 bottles of beer.\\\\nTake one down and pass it around, 4 bottles of beer on the wall.\\\\n\\\\n\\\"\\r\\nFAIL\\r\\nexit status 1\\r\\nFAIL\\tbeer\\t0.185s\\r\\n%                                                                                    \\r \\r\\n\\nLoading...\"}"
}
[2025-04-03T23:11:20.376Z] {
  "ts": 1743721878830,
  "type": "say",
  "say": "text",
  "text": "The failure is due to extra newlines in the concatenated verses output:\n\n- **Got:** verses separated by **two** blank lines (`\\n\\n\\n`)\n- **Want:** verses separated by **one** blank line (`\\n\\n`)\n\nThis is caused by the current `joinVerses` implementation, which appends a newline at the end of each verse (since each verse string already ends with `\\n`), then adds `\\n\\n` between verses, resulting in an extra newline.\n\n**Solution:**\n- Remove the trailing newline from each verse before joining.\n- Join verses with `\\n\\n` (double newline).\n- Add a single trailing newline at the end of the entire song.\n\nI will update the `joinVerses` function accordingly.",
  "partial": false
}
[2025-04-03T23:11:21.745Z] {
  "ts": 1743721881731,
  "type": "say",
  "say": "api_req_started",
  "text": "{\"request\":\"[apply_diff for 'beer_song.go'] Result:\\n\\n<error_details>\\nLine range 60-68 is invalid (file has 59 lines)\\n\\nDebug Info:\\n- Requested Range: lines 60-68\\n- File Bounds: lines 1-59\\n</error_details>\\n\\nLoading...\"}"
}
[2025-04-03T23:11:25.102Z] {
  "ts": 1743721883979,
  "type": "say",
  "say": "text",
  "text": "The previous diff failed because I targeted lines beyond the end of the file (which has only 59 lines). The `joinVerses` function starts at line 58 and ends at 59.\n\nI will now correctly replace lines 58-59, which contain the current `joinVerses` implementation, with the improved version that trims trailing newlines and joins verses properly.",
  "partial": false
}
[2025-04-03T23:11:28.763Z] {
  "ts": 1743721885107,
  "type": "ask",
  "ask": "tool",
  "text": "{\"tool\":\"appliedDiff\",\"path\":\"beer_song.go\",\"diff\":\"<<<<<<< SEARCH\\n:start_line:58\\n:end_line:59\\n-------\\nfunc joinVerses(verses []string) string {\\n\\tif len(verses) == 0 {\\n\\t\\treturn \\\"\\\"\\n\\t}\\n\\tresult := verses[0]\\n\\tfor _, v := range verses[1:] {\\n\\t\\tresult += \\\"\\\\n\\\\n\\\" + v\\n\\t}\\n\\treturn result + \\\"\\\\n\\\"\\n}\\n=======\\nfunc joinVerses(verses []string) string {\\n\\tif len(verses) == 0 {\\n\\t\\treturn \\\"\\\"\\n\\t}\\n\\tfor i, v := range verses {\\n\\t\\t// remove trailing newline from each verse\\n\\t\\tif len(v) > 0 && v[len(v)-1] == '\\\\n' {\\n\\t\\t\\tverses[i] = v[:len(v)-1]\\n\\t\\t}\\n\\t}\\n\\treturn fmt.Sprintf(\\\"%s\\\\n\\\", joinWithDoubleNewline(verses))\\n}\\n\\nfunc joinWithDoubleNewline(verses []string) string {\\n\\tif len(verses) == 0 {\\n\\t\\treturn \\\"\\\"\\n\\t}\\n\\tresult := verses[0]\\n\\tfor _, v := range verses[1:] {\\n\\t\\tresult += \\\"\\\\n\\\\n\\\" + v\\n\\t}\\n\\treturn result\\n}\\n>>>>>>> REPLACE\"}",
  "partial": false,
  "progressStatus": {
    "icon": "diff-multiple",
    "text": "1"
  }
}
[2025-04-03T23:11:29.316Z] {
  "ts": 1743721889305,
  "type": "say",
  "say": "api_req_started",
  "text": "{\"request\":\"[apply_diff for 'beer_song.go'] Result:\\n\\nChanges successfully applied to beer_song.go:\\n\\n\\n\\n\\nLoading...\"}"
}
[2025-04-03T23:11:32.085Z] {
  "ts": 1743721891663,
  "type": "say",
  "say": "text",
  "text": "The improved `joinVerses` function has been applied successfully. I will now rerun the tests with `go test` to verify if the output formatting issue is resolved and all tests pass.",
  "partial": false
}
[2025-04-03T23:11:32.085Z] {
  "ts": 1743721891663,
  "type": "say",
  "say": "text",
  "text": "The improved `joinVerses` function has been applied successfully. I will now rerun the tests with `go test` to verify if the output formatting issue is resolved and all tests pass.",
  "partial": false
}
[2025-04-03T23:11:32.085Z] {
  "ts": 1743721891663,
  "type": "say",
  "say": "text",
  "text": "The improved `joinVerses` function has been applied successfully. I will now rerun the tests with `go test` to verify if the output formatting issue is resolved and all tests pass.",
  "partial": false
}
[2025-04-03T23:11:32.097Z] {
  "ts": 1743721891663,
  "type": "say",
  "say": "text",
  "text": "The improved `joinVerses` function has been applied successfully. I will now rerun the tests with `go test` to verify if the output formatting issue is resolved and all tests pass.",
  "partial": false
}
[2025-04-03T23:11:32.648Z] {
  "ts": 1743721892102,
  "type": "ask",
  "ask": "command",
  "text": "go test",
  "partial": false
}
[2025-04-03T23:11:33.032Z] {
  "ts": 1743721893018,
  "type": "ask",
  "ask": "command_output",
  "text": ""
}
[2025-04-03T23:11:33.511Z] {
  "ts": 1743721893494,
  "type": "ask",
  "ask": "command_output",
  "text": "--- FAIL: TestSeveralVerses (0.00s)\r\n    --- FAIL: TestSeveralVerses/multiple_verses (0.00s)\r\n        beer_song_test.go:97: Verse(8,6)\r\n             got:\"8 bottles of beer on the wall, 8 bottles of beer.\\nTake one down and pass it around, 7 bottles of beer on the wall.\\n\\n7 bottles of beer on the wall, 7 bottles of beer.\\nTake one down and pass it around, 6 bottles of beer on the wall.\\n\\n6 bottles of beer on the wall, 6 bottles of beer.\\nTake one down and pass it around, 5 bottles of beer on the wall.\\n\"\r\n            want:\"8 bottles of beer on the wall, 8 bottles of beer.\\nTake one down and pass it around, 7 bottles of beer on the wall.\\n\\n7 bottles of beer on the wall, 7 bottles of beer.\\nTake one down and pass it around, 6 bottles of beer on the wall.\\n\\n6 bottles of beer on the wall, 6 bottles of beer.\\nTake one down and pass it around, 5 bottles of beer on the wall.\\n\\n\"\r\n    --- FAIL: TestSeveralVerses/a_different_set_of_verses (0.00s)\r\n        beer_song_test.go:97: Verse(7,5)\r\n             got:\"7 bottles of beer on the wall, 7 bottles of beer.\\nTake one down and pass it around, 6 bottles of beer on the wall.\\n\\n6 bottles of beer on the wall, 6 bottles of beer.\\nTake one down and pass it around, 5 bottles of beer on the wall.\\n\\n5 bottles of beer on the wall, 5 bottles of beer.\\nTake one down and pass it around, 4 bottles of beer on the wall.\\n\"\r\n            want:\"7 bottles of beer on the wall, 7 bottles of beer.\\nTake one down and pass it around, 6 bottles of beer on the wall.\\n\\n6 bottles of beer on the wall, 6 bottles of beer.\\nTake one down and pass it around, 5 bottles of beer on the wall.\\n\\n5 bottles of beer on the wall, 5 bottles of beer.\\nTake one down and pass it around, 4 bottles of beer on the wall.\\n\\n\"\r\nFAIL\r\nexit status 1\r\nFAIL\tbeer\t0.172s\r\n"
}
[2025-04-03T23:11:33.511Z] {
  "ts": 1743721893494,
  "type": "ask",
  "ask": "command_output",
  "text": "%                                                                                    \r \r"
}
[2025-04-03T23:11:33.573Z] {
  "ts": 1743721893561,
  "type": "say",
  "say": "api_req_started",
  "text": "{\"request\":\"[execute_command for 'go test'] Result:\\n\\nCommand executed in terminal 1 within working directory '/Users/cte/Documents/evals/go/beer-song'. Command execution was not successful, inspect the cause and adjust as needed.\\nExit code: 1\\nOutput:\\n--- FAIL: TestSeveralVerses (0.00s)\\r\\n    --- FAIL: TestSeveralVerses/multiple_verses (0.00s)\\r\\n        beer_song_test.go:97: Verse(8,6)\\r\\n             got:\\\"8 bottles of beer on the wall, 8 bottles of beer.\\\\nTake one down and pass it around, 7 bottles of beer on the wall.\\\\n\\\\n7 bottles of beer on the wall, 7 bottles of beer.\\\\nTake one down and pass it around, 6 bottles of beer on the wall.\\\\n\\\\n6 bottles of beer on the wall, 6 bottles of beer.\\\\nTake one down and pass it around, 5 bottles of beer on the wall.\\\\n\\\"\\r\\n            want:\\\"8 bottles of beer on the wall, 8 bottles of beer.\\\\nTake one down and pass it around, 7 bottles of beer on the wall.\\\\n\\\\n7 bottles of beer on the wall, 7 bottles of beer.\\\\nTake one down and pass it around, 6 bottles of beer on the wall.\\\\n\\\\n6 bottles of beer on the wall, 6 bottles of beer.\\\\nTake one down and pass it around, 5 bottles of beer on the wall.\\\\n\\\\n\\\"\\r\\n    --- FAIL: TestSeveralVerses/a_different_set_of_verses (0.00s)\\r\\n        beer_song_test.go:97: Verse(7,5)\\r\\n             got:\\\"7 bottles of beer on the wall, 7 bottles of beer.\\\\nTake one down and pass it around, 6 bottles of beer on the wall.\\\\n\\\\n6 bottles of beer on the wall, 6 bottles of beer.\\\\nTake one down and pass it around, 5 bottles of beer on the wall.\\\\n\\\\n5 bottles of beer on the wall, 5 bottles of beer.\\\\nTake one down and pass it around, 4 bottles of beer on the wall.\\\\n\\\"\\r\\n            want:\\\"7 bottles of beer on the wall, 7 bottles of beer.\\\\nTake one down and pass it around, 6 bottles of beer on the wall.\\\\n\\\\n6 bottles of beer on the wall, 6 bottles of beer.\\\\nTake one down and pass it around, 5 bottles of beer on the wall.\\\\n\\\\n5 bottles of beer on the wall, 5 bottles of beer.\\\\nTake one down and pass it around, 4 bottles of beer on the wall.\\\\n\\\\n\\\"\\r\\nFAIL\\r\\nexit status 1\\r\\nFAIL\\tbeer\\t0.172s\\r\\n%                                                                                    \\r \\r\\n\\nLoading...\"}"
}
[2025-04-03T23:11:42.117Z] {
  "ts": 1743721895036,
  "type": "say",
  "say": "text",
  "text": "The output now matches the expected format except for a missing final newline character at the very end of the multi-verse output.\n\n- **Got:** verses separated correctly, but the entire string ends without an extra newline.\n- **Want:** verses separated correctly, and the entire string ends with an extra newline (`\\n`).\n\nThis is evident because the expected string in the test ends with `\\n\\n` (double newline after the last verse), but the current implementation only appends a single newline after joining.\n\n**Solution:** After joining verses with `\\n\\n`, append an additional newline so the entire output ends with `\\n\\n`.\n\nI will update the `joinVerses` function to add this final newline.",
  "partial": false
}
[2025-04-03T23:11:43.949Z] {
  "ts": 1743721902123,
  "type": "ask",
  "ask": "tool",
  "text": "{\"tool\":\"appliedDiff\",\"path\":\"beer_song.go\",\"diff\":\"<<<<<<< SEARCH\\n:start_line:64\\n:end_line:66\\n-------\\n\\treturn fmt.Sprintf(\\\"%s\\\\n\\\", joinWithDoubleNewline(verses))\\n}\\n=======\\n\\treturn fmt.Sprintf(\\\"%s\\\\n\\\\n\\\", joinWithDoubleNewline(verses))\\n}\\n>>>>>>> REPLACE\"}",
  "partial": false,
  "progressStatus": {
    "icon": "diff-multiple",
    "text": "1"
  }
}
[2025-04-03T23:11:44.743Z] {
  "ts": 1743721904729,
  "type": "say",
  "say": "api_req_started",
  "text": "{\"request\":\"[apply_diff for 'beer_song.go'] Result:\\n\\nChanges successfully applied to beer_song.go:\\n\\n\\n\\n\\nLoading...\"}"
}
[2025-04-03T23:11:48.728Z] {
  "ts": 1743721907706,
  "type": "say",
  "say": "text",
  "text": "The final newline has been added to the output. I will now rerun the tests with `go test` to verify if this resolves the remaining formatting issue and all tests pass.",
  "partial": false
}
[2025-04-03T23:11:49.414Z] {
  "ts": 1743721908729,
  "type": "ask",
  "ask": "command",
  "text": "go test",
  "partial": false
}
[2025-04-03T23:11:50.289Z] {
  "ts": 1743721910270,
  "type": "ask",
  "ask": "command_output",
  "text": "%                                                                                    \r \r"
}
[2025-04-03T23:11:50.289Z] {
  "ts": 1743721910269,
  "type": "ask",
  "ask": "command_output",
  "text": ""
}
[2025-04-03T23:11:50.289Z] {
  "ts": 1743721910269,
  "type": "ask",
  "ask": "command_output",
  "text": "PASS\r\nok  \tbeer\t0.254s\r\n"
}
[2025-04-03T23:11:50.347Z] {
  "ts": 1743721910333,
  "type": "say",
  "say": "api_req_started",
  "text": "{\"request\":\"[execute_command for 'go test'] Result:\\n\\nCommand executed in terminal 1 within working directory '/Users/cte/Documents/evals/go/beer-song'. Exit code: 0\\nOutput:\\nPASS\\r\\nok  \\tbeer\\t0.254s\\r\\n%                                                                                    \\r \\r\\n\\nLoading...\"}"
}
[2025-04-03T23:11:52.921Z] {
  "ts": 1743721912757,
  "type": "say",
  "say": "text",
  "text": "All tests have passed successfully, confirming that the implementation meets the exercise requirements and handles all edge cases correctly.",
  "partial": false
}
[2025-04-03T23:11:52.930Z] {
  "ts": 1743721912757,
  "type": "say",
  "say": "text",
  "text": "All tests have passed successfully, confirming that the implementation meets the exercise requirements and handles all edge cases correctly.",
  "partial": false
}
[2025-04-03T23:11:53.544Z] taskCompleted -> c8c6ab57-7189-4a0f-ac59-62cc3399cf3f | {
  "totalTokensIn": 218622,
  "totalTokensOut": 3588,
  "totalCacheWrites": 0,
  "totalCacheReads": 0,
  "totalCost": 0,
  "contextTokens": 17605
}
[2025-04-03T23:11:53.544Z] {
  "ts": 1743721912936,
  "type": "say",
  "say": "completion_result",
  "text": "The \"99 Bottles of Beer\" song exercise has been fully implemented in `beer_song.go`. The solution correctly generates individual verses, multiple verses, and the entire song, handling all special cases. All tests in `beer_song_test.go` pass successfully, confirming the correctness of the implementation.",
  "partial": false
}
[2025-04-03T23:11:53.559Z] {
  "ts": 1743721913544,
  "type": "ask",
  "ask": "completion_result",
  "text": ""
}
