[2025-04-03T23:11:36.525Z] {
  "ts": 1743721896509,
  "type": "say",
  "say": "text",
  "text": "Your job is to complete a coding exercise described the markdown files inside the `.docs` directory.\n\nA file with the implementation stubbed out has been created for you, along with a test file.\n\nTo successfully complete the exercise, you must pass all the tests in the test file.\n\nTo confirm that your solution is correct, run the tests with `go test`. Do not alter the test file; it should be run as-is.\n\nDo not use the \"ask_followup_question\" tool.\n"
}
[2025-04-03T23:11:36.536Z] taskStarted -> d737d580-ef4e-42d6-b283-71cfcb7e6374
[2025-04-03T23:11:36.559Z] {
  "ts": 1743721896536,
  "type": "say",
  "say": "api_req_started",
  "text": "{\"request\":\"<task>\\nYour job is to complete a coding exercise described the markdown files inside the `.docs` directory.\\n\\nA file with the implementation stubbed out has been created for you, along with a test file.\\n\\nTo successfully complete the exercise, you must pass all the tests in the test file.\\n\\nTo confirm that your solution is correct, run the tests with `go test`. Do not alter the test file; it should be run as-is.\\n\\nDo not use the \\\"ask_followup_question\\\" tool.\\n\\n</task>\\n\\nLoading...\"}"
}
[2025-04-03T23:11:39.853Z] {
  "ts": 1743721898408,
  "type": "say",
  "say": "text",
  "text": "The `.docs` directory mentioned in the task is not visible in the current working directory file list. Since the instructions are inside markdown files within `.docs`, I need to locate this directory first. It might be outside the current directory or hidden. \n\nI will list all files and directories recursively from the current directory to search for `.docs` and the markdown files inside it. This will help me identify the exercise description so I can proceed with the implementation.",
  "partial": false
}
[2025-04-03T23:11:39.865Z] {
  "ts": 1743721898408,
  "type": "say",
  "say": "text",
  "text": "The `.docs` directory mentioned in the task is not visible in the current working directory file list. Since the instructions are inside markdown files within `.docs`, I need to locate this directory first. It might be outside the current directory or hidden. \n\nI will list all files and directories recursively from the current directory to search for `.docs` and the markdown files inside it. This will help me identify the exercise description so I can proceed with the implementation.",
  "partial": false
}
[2025-04-03T23:11:41.011Z] {
  "ts": 1743721899872,
  "type": "ask",
  "ask": "tool",
  "text": "{\"tool\":\"listFilesRecursive\",\"path\":\"trinary\",\"content\":\"go.mod\\nroo-code-messages.log\\ntrinary_test.go\\ntrinary.go\"}",
  "partial": false
}
[2025-04-03T23:11:41.145Z] {
  "ts": 1743721901132,
  "type": "say",
  "say": "api_req_started",
  "text": "{\"request\":\"[list_files for '.'] Result:\\n\\ngo.mod\\nroo-code-messages.log\\ntrinary_test.go\\ntrinary.go\\n\\nLoading...\"}"
}
[2025-04-03T23:11:44.563Z] {
  "ts": 1743721902706,
  "type": "say",
  "say": "text",
  "text": "There is no `.docs` directory or any markdown files present in the current working directory. Since the task explicitly states that the exercise description is inside markdown files within `.docs`, but this directory is missing, I cannot proceed to read the exercise instructions.\n\nGiven the constraints, I will now inspect the existing files to gather any hints about the exercise. The files present are:\n- `go.mod` (module definition)\n- `trinary.go` (likely the implementation stub)\n- `trinary_test.go` (test file)\n\nThe best approach is to examine `trinary_test.go` to understand the expected behavior and requirements of the implementation, as the tests will define the correct functionality. This will allow me to implement the solution accordingly.\n\nI will read the entire `trinary_test.go` file to analyze the test cases.",
  "partial": false
}
[2025-04-03T23:11:44.563Z] {
  "ts": 1743721902706,
  "type": "say",
  "say": "text",
  "text": "There is no `.docs` directory or any markdown files present in the current working directory. Since the task explicitly states that the exercise description is inside markdown files within `.docs`, but this directory is missing, I cannot proceed to read the exercise instructions.\n\nGiven the constraints, I will now inspect the existing files to gather any hints about the exercise. The files present are:\n- `go.mod` (module definition)\n- `trinary.go` (likely the implementation stub)\n- `trinary_test.go` (test file)\n\nThe best approach is to examine `trinary_test.go` to understand the expected behavior and requirements of the implementation, as the tests will define the correct functionality. This will allow me to implement the solution accordingly.\n\nI will read the entire `trinary_test.go` file to analyze the test cases.",
  "partial": false
}
[2025-04-03T23:11:44.591Z] {
  "ts": 1743721902706,
  "type": "say",
  "say": "text",
  "text": "There is no `.docs` directory or any markdown files present in the current working directory. Since the task explicitly states that the exercise description is inside markdown files within `.docs`, but this directory is missing, I cannot proceed to read the exercise instructions.\n\nGiven the constraints, I will now inspect the existing files to gather any hints about the exercise. The files present are:\n- `go.mod` (module definition)\n- `trinary.go` (likely the implementation stub)\n- `trinary_test.go` (test file)\n\nThe best approach is to examine `trinary_test.go` to understand the expected behavior and requirements of the implementation, as the tests will define the correct functionality. This will allow me to implement the solution accordingly.\n\nI will read the entire `trinary_test.go` file to analyze the test cases.",
  "partial": false
}
[2025-04-03T23:11:44.933Z] {
  "ts": 1743721904597,
  "type": "ask",
  "ask": "tool",
  "text": "{\"tool\":\"readFile\",\"path\":\"trinary_test.go\",\"isOutsideWorkspace\":false,\"content\":\"/Users/cte/Documents/evals/go/trinary/trinary_test.go\",\"reason\":\" (max 500 lines)\"}",
  "partial": false
}
[2025-04-03T23:11:45.056Z] {
  "ts": 1743721905042,
  "type": "say",
  "say": "api_req_started",
  "text": "{\"request\":\"[read_file for 'trinary_test.go'] Result:\\n\\n 1 | package trinary\\n 2 | \\n 3 | import \\\"testing\\\"\\n 4 | \\n 5 | var tests = []struct {\\n 6 | \\targ  string\\n 7 | \\twant int64\\n 8 | \\tok   bool\\n 9 | }{\\n10 | \\t{\\\"0\\\", 0, true},\\n11 | \\t{\\\"1\\\", 1, true},\\n12 | \\t{\\\"2\\\", 2, true},\\n13 | \\t{\\\"10\\\", 3, true},\\n14 | \\t{\\\"201\\\", 19, true},\\n15 | \\t{\\\"0201\\\", 19, true},\\n16 | \\t{\\\"0000000000000000000000000000000000000000201\\\", 19, true},\\n17 | \\t{\\\"2021110011022210012102010021220101220221\\\", 9223372036854775807, true},\\n18 | \\t{\\\"2021110011022210012102010021220101220222\\\", 0, false},\\n19 | }\\n20 | \\n21 | func TestParseTrinary(t *testing.T) {\\n22 | \\tfor _, test := range tests {\\n23 | \\t\\tswitch res, err := ParseTrinary(test.arg); {\\n24 | \\t\\tcase err != nil:\\n25 | \\t\\t\\tvar _ error = err\\n26 | \\t\\t\\tif test.ok {\\n27 | \\t\\t\\t\\tt.Errorf(\\\"ParseTrinary(%q) returned error %q, Error not expected\\\",\\n28 | \\t\\t\\t\\t\\ttest.arg, err)\\n29 | \\t\\t\\t}\\n30 | \\t\\tcase !test.ok:\\n31 | \\t\\t\\tt.Errorf(\\\"ParseTrinary(%q) = %d, %v, expected error\\\", test.arg, res, err)\\n32 | \\t\\tcase res != test.want:\\n33 | \\t\\t\\tt.Errorf(\\\"ParseTrinary(%q) = %d, want %d\\\", test.arg, res, test.want)\\n34 | \\t\\t}\\n35 | \\t}\\n36 | }\\n37 | \\n38 | func BenchmarkParseTrinary(b *testing.B) {\\n39 | \\tif testing.Short() {\\n40 | \\t\\tb.Skip(\\\"skipping benchmark in short mode.\\\")\\n41 | \\t}\\n42 | \\tfor i := 0; i < b.N; i++ {\\n43 | \\t\\tfor _, test := range tests {\\n44 | \\t\\t\\tParseTrinary(test.arg)\\n45 | \\t\\t}\\n46 | \\t}\\n47 | }\\n48 | \\n\\nLoading...\"}"
}
[2025-04-03T23:11:48.730Z] {
  "ts": 1743721906916,
  "type": "say",
  "say": "text",
  "text": "The test file `trinary_test.go` defines a set of test cases for a function named `ParseTrinary(string) (int64, error)`.\n\n**Key insights from the tests:**\n- The function takes a string argument representing a trinary (base-3) number.\n- It returns an `int64` result and an error.\n- Valid trinary digits are '0', '1', '2'.\n- Leading zeros are allowed and ignored in value calculation.\n- The function converts the trinary string to its decimal equivalent.\n- If the string contains any invalid trinary digit (e.g., '3', '4', etc.), the function should return an error.\n- For invalid input, the returned integer is 0, and the error is non-nil.\n- The largest valid input converts to `9223372036854775807` (max int64).\n- The test expects correct handling of very large trinary numbers.\n\n**Next step:**\nCheck the implementation stub in `trinary.go` to see the current state of the function `ParseTrinary`. This will help me understand what needs to be implemented or fixed.\n\nI will read the entire `trinary.go` file.",
  "partial": false
}
[2025-04-03T23:11:48.744Z] {
  "ts": 1743721906916,
  "type": "say",
  "say": "text",
  "text": "The test file `trinary_test.go` defines a set of test cases for a function named `ParseTrinary(string) (int64, error)`.\n\n**Key insights from the tests:**\n- The function takes a string argument representing a trinary (base-3) number.\n- It returns an `int64` result and an error.\n- Valid trinary digits are '0', '1', '2'.\n- Leading zeros are allowed and ignored in value calculation.\n- The function converts the trinary string to its decimal equivalent.\n- If the string contains any invalid trinary digit (e.g., '3', '4', etc.), the function should return an error.\n- For invalid input, the returned integer is 0, and the error is non-nil.\n- The largest valid input converts to `9223372036854775807` (max int64).\n- The test expects correct handling of very large trinary numbers.\n\n**Next step:**\nCheck the implementation stub in `trinary.go` to see the current state of the function `ParseTrinary`. This will help me understand what needs to be implemented or fixed.\n\nI will read the entire `trinary.go` file.",
  "partial": false
}
[2025-04-03T23:11:48.823Z] {
  "ts": 1743721908759,
  "type": "ask",
  "ask": "tool",
  "text": "{\"tool\":\"readFile\",\"path\":\"trinary.go\",\"isOutsideWorkspace\":false,\"content\":\"/Users/cte/Documents/evals/go/trinary/trinary.go\",\"reason\":\" (max 500 lines)\"}",
  "partial": false
}
[2025-04-03T23:11:48.963Z] {
  "ts": 1743721908949,
  "type": "say",
  "say": "api_req_started",
  "text": "{\"request\":\"[read_file for 'trinary.go'] Result:\\n\\n1 | package trinary\\n2 | \\n3 | func ParseTrinary(arg string, want int64, ok bool) {\\n4 | \\tpanic(\\\"Please implement the ParseTrinary function\\\")\\n5 | }\\n6 | \\n\\nLoading...\"}"
}
[2025-04-03T23:11:52.073Z] {
  "ts": 1743721910807,
  "type": "say",
  "say": "text",
  "text": "The current implementation of `ParseTrinary` is incorrect:\n- It has the wrong signature: `func ParseTrinary(arg string, want int64, ok bool)` with no return values.\n- According to the test file, it should be `func ParseTrinary(arg string) (int64, error)`.\n\n**Plan:**\n1. Correct the function signature.\n2. Implement the logic to:\n   - Validate the input string (only '0', '1', '2' allowed).\n   - Convert the valid trinary string to an `int64` decimal value.\n   - Return an error if any invalid digit is found.\n   - Handle leading zeros gracefully.\n3. Ensure the implementation handles very large inputs without overflow (since the test includes max int64).\n\nI will now replace the stub with a correct implementation of `ParseTrinary`.",
  "partial": false
}
[2025-04-03T23:11:52.961Z] {
  "ts": 1743721912079,
  "type": "ask",
  "ask": "tool",
  "text": "{\"tool\":\"appliedDiff\",\"path\":\"trinary.go\",\"diff\":\"<<<<<<< SEARCH\\n:start_line:3\\n:end_line:5\\n-------\\nfunc ParseTrinary(arg string, want int64, ok bool) {\\n\\tpanic(\\\"Please implement the ParseTrinary function\\\")\\n}\\n=======\\nimport (\\n\\t\\\"errors\\\"\\n)\\n\\nfunc ParseTrinary(arg string) (int64, error) {\\n\\tvar result int64 = 0\\n\\tfor _, c := range arg {\\n\\t\\tif c < '0' || c > '2' {\\n\\t\\t\\treturn 0, errors.New(\\\"invalid trinary digit\\\")\\n\\t\\t}\\n\\t\\tresult = result*3 + int64(c-'0')\\n\\t}\\n\\treturn result, nil\\n}\\n>>>>>>> REPLACE\"}",
  "partial": false,
  "progressStatus": {
    "icon": "diff-multiple",
    "text": "1"
  }
}
[2025-04-03T23:11:53.557Z] {
  "ts": 1743721913544,
  "type": "say",
  "say": "api_req_started",
  "text": "{\"request\":\"[apply_diff for 'trinary.go'] Result:\\n\\nChanges successfully applied to trinary.go:\\n\\n\\n\\n\\nLoading...\"}"
}
[2025-04-03T23:11:55.763Z] {
  "ts": 1743721915313,
  "type": "say",
  "say": "text",
  "text": "The implementation of `ParseTrinary` is now complete and matches the expected function signature and behavior based on the test cases. The next step is to verify the correctness of the implementation by running the tests using `go test`. This will confirm if the function passes all the provided test cases without modifying the test file.",
  "partial": false
}
[2025-04-03T23:11:55.774Z] {
  "ts": 1743721915313,
  "type": "say",
  "say": "text",
  "text": "The implementation of `ParseTrinary` is now complete and matches the expected function signature and behavior based on the test cases. The next step is to verify the correctness of the implementation by running the tests using `go test`. This will confirm if the function passes all the provided test cases without modifying the test file.",
  "partial": false
}
[2025-04-03T23:11:55.869Z] {
  "ts": 1743721915779,
  "type": "ask",
  "ask": "command",
  "text": "go test",
  "partial": false
}
[2025-04-03T23:11:58.610Z] {
  "ts": 1743721918596,
  "type": "ask",
  "ask": "command_output",
  "text": ""
}
[2025-04-03T23:11:58.708Z] {
  "ts": 1743721918681,
  "type": "ask",
  "ask": "command_output",
  "text": "--- FAIL: TestParseTrinary (0.00s)\r\n    trinary_test.go:31: ParseTrinary(\"2021110011022210012102010021220101220222\") = -9223372036854775808, <nil>, expected error\r\nFAIL\r\nexit status 1\r\nFAIL\ttrinary\t0.162s\r\n%                                                                                    \r \r"
}
[2025-04-03T23:11:58.748Z] {
  "ts": 1743721918734,
  "type": "say",
  "say": "api_req_started",
  "text": "{\"request\":\"[execute_command for 'go test'] Result:\\n\\nCommand executed in terminal 1 within working directory '/Users/cte/Documents/evals/go/trinary'. Command execution was not successful, inspect the cause and adjust as needed.\\nExit code: 1\\nOutput:\\n--- FAIL: TestParseTrinary (0.00s)\\r\\n    trinary_test.go:31: ParseTrinary(\\\"2021110011022210012102010021220101220222\\\") = -9223372036854775808, <nil>, expected error\\r\\nFAIL\\r\\nexit status 1\\r\\nFAIL\\ttrinary\\t0.162s\\r\\n%                                                                                    \\r \\r\\n\\nLoading...\"}"
}
[2025-04-03T23:12:02.346Z] {
  "ts": 1743721920858,
  "type": "say",
  "say": "text",
  "text": "The test failure occurs on this case:\n```\nParseTrinary(\"2021110011022210012102010021220101220222\") = -9223372036854775808, <nil>, expected error\n```\nThis input is invalid, so the function should return an error, but it instead returns a large negative number with no error.\n\n**Root cause:**\n- The current implementation only checks for invalid digits ('0'-'2'), but does not detect overflow.\n- When the trinary number is too large to fit in an `int64`, it silently overflows, resulting in an incorrect negative value.\n- The test expects an error in this case.\n\n**Solution:**\n- Before multiplying and adding the next digit, check if the current `result` would overflow `int64` on the next operation.\n- If overflow would occur, return an error.\n\nI will update the implementation to detect overflow during conversion and return an error if it occurs.",
  "partial": false
}
[2025-04-03T23:12:02.347Z] {
  "ts": 1743721920858,
  "type": "say",
  "say": "text",
  "text": "The test failure occurs on this case:\n```\nParseTrinary(\"2021110011022210012102010021220101220222\") = -9223372036854775808, <nil>, expected error\n```\nThis input is invalid, so the function should return an error, but it instead returns a large negative number with no error.\n\n**Root cause:**\n- The current implementation only checks for invalid digits ('0'-'2'), but does not detect overflow.\n- When the trinary number is too large to fit in an `int64`, it silently overflows, resulting in an incorrect negative value.\n- The test expects an error in this case.\n\n**Solution:**\n- Before multiplying and adding the next digit, check if the current `result` would overflow `int64` on the next operation.\n- If overflow would occur, return an error.\n\nI will update the implementation to detect overflow during conversion and return an error if it occurs.",
  "partial": false
}
[2025-04-03T23:12:02.347Z] {
  "ts": 1743721920858,
  "type": "say",
  "say": "text",
  "text": "The test failure occurs on this case:\n```\nParseTrinary(\"2021110011022210012102010021220101220222\") = -9223372036854775808, <nil>, expected error\n```\nThis input is invalid, so the function should return an error, but it instead returns a large negative number with no error.\n\n**Root cause:**\n- The current implementation only checks for invalid digits ('0'-'2'), but does not detect overflow.\n- When the trinary number is too large to fit in an `int64`, it silently overflows, resulting in an incorrect negative value.\n- The test expects an error in this case.\n\n**Solution:**\n- Before multiplying and adding the next digit, check if the current `result` would overflow `int64` on the next operation.\n- If overflow would occur, return an error.\n\nI will update the implementation to detect overflow during conversion and return an error if it occurs.",
  "partial": false
}
[2025-04-03T23:12:02.347Z] {
  "ts": 1743721920858,
  "type": "say",
  "say": "text",
  "text": "The test failure occurs on this case:\n```\nParseTrinary(\"2021110011022210012102010021220101220222\") = -9223372036854775808, <nil>, expected error\n```\nThis input is invalid, so the function should return an error, but it instead returns a large negative number with no error.\n\n**Root cause:**\n- The current implementation only checks for invalid digits ('0'-'2'), but does not detect overflow.\n- When the trinary number is too large to fit in an `int64`, it silently overflows, resulting in an incorrect negative value.\n- The test expects an error in this case.\n\n**Solution:**\n- Before multiplying and adding the next digit, check if the current `result` would overflow `int64` on the next operation.\n- If overflow would occur, return an error.\n\nI will update the implementation to detect overflow during conversion and return an error if it occurs.",
  "partial": false
}
[2025-04-03T23:12:02.357Z] {
  "ts": 1743721920858,
  "type": "say",
  "say": "text",
  "text": "The test failure occurs on this case:\n```\nParseTrinary(\"2021110011022210012102010021220101220222\") = -9223372036854775808, <nil>, expected error\n```\nThis input is invalid, so the function should return an error, but it instead returns a large negative number with no error.\n\n**Root cause:**\n- The current implementation only checks for invalid digits ('0'-'2'), but does not detect overflow.\n- When the trinary number is too large to fit in an `int64`, it silently overflows, resulting in an incorrect negative value.\n- The test expects an error in this case.\n\n**Solution:**\n- Before multiplying and adding the next digit, check if the current `result` would overflow `int64` on the next operation.\n- If overflow would occur, return an error.\n\nI will update the implementation to detect overflow during conversion and return an error if it occurs.",
  "partial": false
}
[2025-04-03T23:12:03.564Z] {
  "ts": 1743721922362,
  "type": "ask",
  "ask": "tool",
  "text": "{\"tool\":\"appliedDiff\",\"path\":\"trinary.go\",\"diff\":\"<<<<<<< SEARCH\\n:start_line:5\\n:end_line:14\\n-------\\nfunc ParseTrinary(arg string) (int64, error) {\\n\\tvar result int64 = 0\\n\\tfor _, c := range arg {\\n\\t\\tif c < '0' || c > '2' {\\n\\t\\t\\treturn 0, errors.New(\\\"invalid trinary digit\\\")\\n\\t\\t}\\n\\t\\tresult = result*3 + int64(c-'0')\\n\\t}\\n\\treturn result, nil\\n}\\n=======\\nfunc ParseTrinary(arg string) (int64, error) {\\n\\tvar result int64 = 0\\n\\tfor _, c := range arg {\\n\\t\\tif c < '0' || c > '2' {\\n\\t\\t\\treturn 0, errors.New(\\\"invalid trinary digit\\\")\\n\\t\\t}\\n\\t\\tdigit := int64(c - '0')\\n\\t\\tif result > (1<<63-1-digit)/3 {\\n\\t\\t\\treturn 0, errors.New(\\\"overflow\\\")\\n\\t\\t}\\n\\t\\tresult = result*3 + digit\\n\\t}\\n\\treturn result, nil\\n}\\n>>>>>>> REPLACE\"}",
  "partial": false,
  "progressStatus": {
    "icon": "diff-multiple",
    "text": "1"
  }
}
[2025-04-03T23:12:04.738Z] {
  "ts": 1743721924725,
  "type": "say",
  "say": "api_req_started",
  "text": "{\"request\":\"[apply_diff for 'trinary.go'] Result:\\n\\nChanges successfully applied to trinary.go:\\n\\n\\n\\n\\nLoading...\"}"
}
[2025-04-03T23:12:07.125Z] {
  "ts": 1743721926556,
  "type": "say",
  "say": "text",
  "text": "The overflow detection has been added to the `ParseTrinary` implementation. Now, if the next multiplication and addition would exceed `int64`'s maximum value, the function returns an error, which should satisfy the test case expecting an error on overflow.\n\nI will rerun the tests to verify that all cases now pass.",
  "partial": false
}
[2025-04-03T23:12:07.191Z] {
  "ts": 1743721927130,
  "type": "ask",
  "ask": "command",
  "text": "go test",
  "partial": false
}
[2025-04-03T23:12:07.616Z] {
  "ts": 1743721927597,
  "type": "ask",
  "ask": "command_output",
  "text": ""
}
[2025-04-03T23:12:07.929Z] {
  "ts": 1743721927912,
  "type": "ask",
  "ask": "command_output",
  "text": "PASS\r\nok  \ttrinary\t0.165s\r\n"
}
[2025-04-03T23:12:07.929Z] {
  "ts": 1743721927913,
  "type": "ask",
  "ask": "command_output",
  "text": "%                                                                                    \r \r"
}
[2025-04-03T23:12:07.983Z] {
  "ts": 1743721927971,
  "type": "say",
  "say": "api_req_started",
  "text": "{\"request\":\"[execute_command for 'go test'] Result:\\n\\nCommand executed in terminal 1 within working directory '/Users/cte/Documents/evals/go/trinary'. Exit code: 0\\nOutput:\\nPASS\\r\\nok  \\ttrinary\\t0.165s\\r\\n%                                                                                    \\r \\r\\n\\nLoading...\"}"
}
[2025-04-03T23:12:09.601Z] {
  "ts": 1743721929275,
  "type": "say",
  "say": "text",
  "text": "All tests have passed successfully, confirming that the `ParseTrinary` function is correctly implemented, including handling invalid digits and overflow conditions. The task is now complete.",
  "partial": false
}
[2025-04-03T23:12:09.601Z] {
  "ts": 1743721929275,
  "type": "say",
  "say": "text",
  "text": "All tests have passed successfully, confirming that the `ParseTrinary` function is correctly implemented, including handling invalid digits and overflow conditions. The task is now complete.",
  "partial": false
}
[2025-04-03T23:12:09.601Z] {
  "ts": 1743721929275,
  "type": "say",
  "say": "text",
  "text": "All tests have passed successfully, confirming that the `ParseTrinary` function is correctly implemented, including handling invalid digits and overflow conditions. The task is now complete.",
  "partial": false
}
[2025-04-03T23:12:09.611Z] {
  "ts": 1743721929275,
  "type": "say",
  "say": "text",
  "text": "All tests have passed successfully, confirming that the `ParseTrinary` function is correctly implemented, including handling invalid digits and overflow conditions. The task is now complete.",
  "partial": false
}
[2025-04-03T23:12:10.274Z] taskCompleted -> d737d580-ef4e-42d6-b283-71cfcb7e6374 | {
  "totalTokensIn": 78387,
  "totalTokensOut": 1629,
  "totalCacheWrites": 0,
  "totalCacheReads": 0,
  "totalCost": 0,
  "contextTokens": 11363
}
[2025-04-03T23:12:10.298Z] {
  "ts": 1743721929616,
  "type": "say",
  "say": "completion_result",
  "text": "The `ParseTrinary` function has been implemented to correctly convert trinary strings to decimal integers, with proper error handling for invalid digits and overflow. All tests in `trinary_test.go` pass successfully, confirming the correctness of the solution.",
  "partial": false
}
[2025-04-03T23:12:10.307Z] {
  "ts": 1743721930274,
  "type": "ask",
  "ask": "completion_result",
  "text": ""
}
