[2025-04-04T04:34:03.298Z] {
  "ts": 1743741243250,
  "type": "say",
  "say": "text",
  "text": "Your job is to complete a coding exercise described the markdown files inside the `.docs` directory.\n\nA file with the implementation stubbed out has been created for you, along with a test file.\n\nTo successfully complete the exercise, you must pass all the tests in the test file.\n\nTo confirm that your solution is correct, run the tests with `./gradlew test`. Do not alter the test file; it should be run as-is.\n\nDo not use the \"ask_followup_question\" tool.\n"
}
[2025-04-04T04:34:03.327Z] taskStarted -> ea096f08-791d-4241-a0a3-07c9e103534f
[2025-04-04T04:34:03.368Z] {
  "ts": 1743741243327,
  "type": "say",
  "say": "api_req_started",
  "text": "{\"request\":\"<task>\\nYour job is to complete a coding exercise described the markdown files inside the `.docs` directory.\\n\\nA file with the implementation stubbed out has been created for you, along with a test file.\\n\\nTo successfully complete the exercise, you must pass all the tests in the test file.\\n\\nTo confirm that your solution is correct, run the tests with `./gradlew test`. Do not alter the test file; it should be run as-is.\\n\\nDo not use the \\\"ask_followup_question\\\" tool.\\n\\n</task>\\n\\nLoading...\"}"
}
[2025-04-04T04:34:08.376Z] {
  "ts": 1743741247846,
  "type": "say",
  "say": "text",
  "text": "Okay, I understand the task. I need to implement the Affine Cipher logic in `src/main/java/AffineCipher.java` such that it passes the tests in `src/test/java/AffineCipherTest.java`.\n\nFirst, I need to find the exercise description in the `.docs` directory. Let's list the files in the current directory to locate `.docs`.",
  "partial": false
}
[2025-04-04T04:34:08.436Z] {
  "ts": 1743741248398,
  "type": "ask",
  "ask": "tool",
  "text": "{\"tool\":\"listFilesTopLevel\",\"path\":\"affine-cipher\",\"content\":\"build.gradle\\ngradlew\\ngradlew.bat\\nroo-code-messages.log\\n.docs/\\n.gradle/\\nbuild/\\ngradle/\\nsrc/\"}"
}
[2025-04-04T04:34:08.517Z] {
  "ts": 1743741248482,
  "type": "say",
  "say": "api_req_started",
  "text": "{\"request\":\"[list_files for '.'] Result:\\n\\nbuild.gradle\\ngradlew\\ngradlew.bat\\nroo-code-messages.log\\n.docs/\\n.gradle/\\nbuild/\\ngradle/\\nsrc/\\n\\nLoading...\"}"
}
[2025-04-04T04:34:11.196Z] {
  "ts": 1743741250899,
  "type": "say",
  "say": "text",
  "text": "Okay, I see the `.docs` directory. Now I'll list the files inside it to find the markdown file with the exercise description.",
  "partial": false
}
[2025-04-04T04:34:11.301Z] {
  "ts": 1743741251249,
  "type": "ask",
  "ask": "tool",
  "text": "{\"tool\":\"listFilesTopLevel\",\"path\":\".docs\",\"content\":\"instructions.append.md\\ninstructions.md\"}"
}
[2025-04-04T04:34:11.374Z] {
  "ts": 1743741251343,
  "type": "say",
  "say": "api_req_started",
  "text": "{\"request\":\"[list_files for '.docs'] Result:\\n\\ninstructions.append.md\\ninstructions.md\\n\\nLoading...\"}"
}
[2025-04-04T04:34:14.750Z] {
  "ts": 1743741254515,
  "type": "say",
  "say": "text",
  "text": "Okay, I see `instructions.md`. I'll read this file to understand the requirements for the Affine Cipher.",
  "partial": false
}
[2025-04-04T04:34:14.877Z] {
  "ts": 1743741254752,
  "type": "ask",
  "ask": "tool",
  "text": "{\"tool\":\"readFile\",\"path\":\".docs/instructions.md\",\"isOutsideWorkspace\":false,\"content\":\"/Users/cte/Documents/evals/java/affine-cipher/.docs/instructions.md\",\"reason\":\" (max 500 lines)\"}",
  "partial": false
}
[2025-04-04T04:34:15.020Z] {
  "ts": 1743741254989,
  "type": "say",
  "say": "api_req_started",
  "text": "{\"request\":\"[read_file for '.docs/instructions.md'] Result:\\n\\n 1 | # Instructions\\n 2 | \\n 3 | Create an implementation of the affine cipher, an ancient encryption system created in the Middle East.\\n 4 | \\n 5 | The affine cipher is a type of monoalphabetic substitution cipher.\\n 6 | Each character is mapped to its numeric equivalent, encrypted with a mathematical function and then converted to the letter relating to its new numeric value.\\n 7 | Although all monoalphabetic ciphers are weak, the affine cipher is much stronger than the atbash cipher, because it has many more keys.\\n 8 | \\n 9 | [//]: # \\\" monoalphabetic as spelled by Merriam-Webster, compare to polyalphabetic \\\"\\n10 | \\n11 | ## Encryption\\n12 | \\n13 | The encryption function is:\\n14 | \\n15 | ```text\\n16 | E(x) = (ai + b) mod m\\n17 | ```\\n18 | \\n19 | Where:\\n20 | \\n21 | - `i` is the letter's index from `0` to the length of the alphabet - 1.\\n22 | - `m` is the length of the alphabet.\\n23 |   For the Roman alphabet `m` is `26`.\\n24 | - `a` and `b` are integers which make up the encryption key.\\n25 | \\n26 | Values `a` and `m` must be _coprime_ (or, _relatively prime_) for automatic decryption to succeed, i.e., they have number `1` as their only common factor (more information can be found in the [Wikipedia article about coprime integers][coprime-integers]).\\n27 | In case `a` is not coprime to `m`, your program should indicate that this is an error.\\n28 | Otherwise it should encrypt or decrypt with the provided key.\\n29 | \\n30 | For the purpose of this exercise, digits are valid input but they are not encrypted.\\n31 | Spaces and punctuation characters are excluded.\\n32 | Ciphertext is written out in groups of fixed length separated by space, the traditional group size being `5` letters.\\n33 | This is to make it harder to guess encrypted text based on word boundaries.\\n34 | \\n35 | ## Decryption\\n36 | \\n37 | The decryption function is:\\n38 | \\n39 | ```text\\n40 | D(y) = (a^-1)(y - b) mod m\\n41 | ```\\n42 | \\n43 | Where:\\n44 | \\n45 | - `y` is the numeric value of an encrypted letter, i.e., `y = E(x)`\\n46 | - it is important to note that `a^-1` is the modular multiplicative inverse (MMI) of `a mod m`\\n47 | - the modular multiplicative inverse only exists if `a` and `m` are coprime.\\n48 | \\n49 | The MMI of `a` is `x` such that the remainder after dividing `ax` by `m` is `1`:\\n50 | \\n51 | ```text\\n52 | ax mod m = 1\\n53 | ```\\n54 | \\n55 | More information regarding how to find a Modular Multiplicative Inverse and what it means can be found in the [related Wikipedia article][mmi].\\n56 | \\n57 | ## General Examples\\n58 | \\n59 | - Encrypting `\\\"test\\\"` gives `\\\"ybty\\\"` with the key `a = 5`, `b = 7`\\n60 | - Decrypting `\\\"ybty\\\"` gives `\\\"test\\\"` with the key `a = 5`, `b = 7`\\n61 | - Decrypting `\\\"ybty\\\"` gives `\\\"lqul\\\"` with the wrong key `a = 11`, `b = 7`\\n62 | - Decrypting `\\\"kqlfd jzvgy tpaet icdhm rtwly kqlon ubstx\\\"` gives `\\\"thequickbrownfoxjumpsoverthelazydog\\\"` with the key `a = 19`, `b = 13`\\n63 | - Encrypting `\\\"test\\\"` with the key `a = 18`, `b = 13` is an error because `18` and `26` are not coprime\\n64 | \\n65 | ## Example of finding a Modular Multiplicative Inverse (MMI)\\n66 | \\n67 | Finding MMI for `a = 15`:\\n68 | \\n69 | - `(15 * x) mod 26 = 1`\\n70 | - `(15 * 7) mod 26 = 1`, ie. `105 mod 26 = 1`\\n71 | - `7` is the MMI of `15 mod 26`\\n72 | \\n73 | [mmi]: https://en.wikipedia.org/wiki/Modular_multiplicative_inverse\\n74 | [coprime-integers]: https://en.wikipedia.org/wiki/Coprime_integers\\n75 | \\n\\nLoading...\"}"
}
[2025-04-04T04:34:25.858Z] {
  "ts": 1743741265453,
  "type": "say",
  "say": "text",
  "text": "Okay, I've reviewed the instructions. Now I need to see the existing code structure in `src/main/java/AffineCipher.java`.",
  "partial": false
}
[2025-04-04T04:34:26.027Z] {
  "ts": 1743741265869,
  "type": "ask",
  "ask": "tool",
  "text": "{\"tool\":\"readFile\",\"path\":\"src/main/java/AffineCipher.java\",\"isOutsideWorkspace\":false,\"content\":\"/Users/cte/Documents/evals/java/affine-cipher/src/main/java/AffineCipher.java\",\"reason\":\" (max 500 lines)\"}",
  "partial": false
}
[2025-04-04T04:34:26.166Z] {
  "ts": 1743741266136,
  "type": "say",
  "say": "api_req_started",
  "text": "{\"request\":\"[read_file for 'src/main/java/AffineCipher.java'] Result:\\n\\n 1 | public class AffineCipher {\\n 2 |     \\n 3 |     public String encode(String text, int coefficient1, int coefficient2){\\n 4 |         throw new UnsupportedOperationException(\\\"Please implement AffineCipher.encode() method.\\\");\\n 5 |     }\\n 6 | \\n 7 |     public String decode(String text, int coefficient1, int coefficient2){\\n 8 |         throw new UnsupportedOperationException(\\\"Please implement AffineCipher.decode() method.\\\");\\n 9 |     }\\n10 | }\\n\\nLoading...\"}"
}
[2025-04-04T04:34:38.002Z] {
  "ts": 1743741276442,
  "type": "say",
  "say": "text",
  "text": "Okay, I will implement the Affine Cipher logic in `src/main/java/AffineCipher.java`.\n\nHere's the plan:\n1.  Implement helper methods for calculating the Greatest Common Divisor (GCD) and the Modular Multiplicative Inverse (MMI).\n2.  Implement the `encode` method according to the specifications, including input cleaning, character processing, and output formatting.\n3.  Implement the `decode` method, including input cleaning, character processing using the MMI, and handling digits.\n4.  Ensure that an `IllegalArgumentException` is thrown if `a` and `m` (26) are not coprime.\n\nHere is the code for `src/main/java/AffineCipher.java`:",
  "partial": false
}
[2025-04-04T04:34:44.664Z] {
  "ts": 1743741278134,
  "type": "ask",
  "ask": "tool",
  "text": "{\"tool\":\"editedExistingFile\",\"path\":\"src/main/java/AffineCipher.java\",\"isOutsideWorkspace\":false,\"diff\":\"@@ -1,10 +1,81 @@\\n+import java.util.stream.Collectors;\\n+import java.util.stream.IntStream;\\n+\\n public class AffineCipher {\\n-    \\n-    public String encode(String text, int coefficient1, int coefficient2){\\n-        throw new UnsupportedOperationException(\\\"Please implement AffineCipher.encode() method.\\\");\\n+\\n+    private static final int M = 26; // Size of the alphabet\\n+\\n+    // Calculates the greatest common divisor of two integers\\n+    private int gcd(int a, int b) {\\n+        while (b != 0) {\\n+            int temp = b;\\n+            b = a % b;\\n+            a = temp;\\n+        }\\n+        return a;\\n     }\\n \\n-    public String decode(String text, int coefficient1, int coefficient2){\\n-        throw new UnsupportedOperationException(\\\"Please implement AffineCipher.decode() method.\\\");\\n+    // Calculates the modular multiplicative inverse of a modulo m\\n+    // Throws ArithmeticException if no inverse exists (i.e., a and m are not coprime)\\n+    private int mmi(int a, int m) {\\n+        if (gcd(a, m) != 1) {\\n+            // Should be caught by the check in encode/decode, but good practice\\n+            throw new ArithmeticException(\\\"a and m must be coprime to find the modular inverse.\\\");\\n+        }\\n+        // Find x such that (a * x) % m == 1\\n+        for (int x = 1; x < m; x++) {\\n+            if ((a * x) % m == 1) {\\n+                return x;\\n+            }\\n+        }\\n+        // Should not be reached if gcd(a, m) == 1\\n+        throw new ArithmeticException(\\\"Modular inverse does not exist.\\\");\\n     }\\n+\\n+    public String encode(String text, int a, int b) {\\n+        if (gcd(a, M) != 1) {\\n+            throw new IllegalArgumentException(\\\"Error: a and m must be coprime.\\\");\\n+        }\\n+\\n+        StringBuilder processedText = new StringBuilder();\\n+        for (char c : text.toLowerCase().toCharArray()) {\\n+            if (Character.isLetter(c)) {\\n+                int i = c - 'a';\\n+                char encodedChar = (char) ('a' + (a * i + b) % M);\\n+                processedText.append(encodedChar);\\n+            } else if (Character.isDigit(c)) {\\n+                processedText.append(c);\\n+            }\\n+        }\\n+\\n+        // Add spaces every 5 characters\\n+        return IntStream.range(0, processedText.length())\\n+                .mapToObj(i -> (i > 0 && i % 5 == 0 ? \\\" \\\" : \\\"\\\") + processedText.charAt(i))\\n+                .collect(Collectors.joining(\\\"\\\"));\\n+    }\\n+\\n+    public String decode(String cipherText, int a, int b) {\\n+        if (gcd(a, M) != 1) {\\n+            throw new IllegalArgumentException(\\\"Error: a and m must be coprime.\\\");\\n+        }\\n+\\n+        int mmi = mmi(a, M);\\n+        StringBuilder decodedText = new StringBuilder();\\n+\\n+        // Remove spaces and process\\n+        for (char c : cipherText.replaceAll(\\\"\\\\\\\\s\\\", \\\"\\\").toCharArray()) {\\n+            if (Character.isLetter(c)) {\\n+                int y = c - 'a';\\n+                // Apply decryption formula: D(y) = mmi * (y - b) mod m\\n+                // Handle potential negative result of (y - b)\\n+                int decodedIndex = (mmi * (y - b % M + M)) % M;\\n+                char decodedChar = (char) ('a' + decodedIndex);\\n+                decodedText.append(decodedChar);\\n+            } else if (Character.isDigit(c)) {\\n+                decodedText.append(c);\\n+            }\\n+        }\\n+\\n+        return decodedText.toString();\\n+    }\\n }\\n\\\\ No newline at end of file\\n\"}",
  "partial": false
}
[2025-04-04T04:34:45.074Z] {
  "ts": 1743741285043,
  "type": "say",
  "say": "api_req_started",
  "text": "{\"request\":\"[write_to_file for 'src/main/java/AffineCipher.java'] Result:\\n\\nThe content was successfully saved to src/main/java/AffineCipher.java.\\n\\nLoading...\"}"
}
[2025-04-04T04:34:48.012Z] {
  "ts": 1743741287583,
  "type": "say",
  "say": "text",
  "text": "Okay, the code has been written to `src/main/java/AffineCipher.java`. Now I will run the tests using the provided command to check if the implementation is correct.",
  "partial": false
}
[2025-04-04T04:34:48.072Z] {
  "ts": 1743741288022,
  "type": "ask",
  "ask": "command",
  "text": "./gradlew test"
}
[2025-04-04T04:34:49.932Z] {
  "ts": 1743741289898,
  "type": "ask",
  "ask": "command_output",
  "text": ""
}
[2025-04-04T04:34:50.290Z] {
  "ts": 1743741290258,
  "type": "ask",
  "ask": "command_output",
  "text": "\r\n"
}
[2025-04-04T04:34:50.473Z] {
  "ts": 1743741290441,
  "type": "ask",
  "ask": "command_output",
  "text": "\r\n"
}
[2025-04-04T04:34:50.771Z] {
  "ts": 1743741290740,
  "type": "ask",
  "ask": "command_output",
  "text": "<=====--------> 42% EXECUTING [107ms]> :compileTestJava<===========--> 85% EXECUTING [204ms]> :test > 0 tests completed<===========--> 85% EXECUTING [305ms]<===========--> 85% EXECUTING [404ms]\r\n"
}
[2025-04-04T04:34:50.884Z] {
  "ts": 1743741290851,
  "type": "ask",
  "ask": "command_output",
  "text": "<===========--> 85% EXECUTING [502ms]> :test > 2 tests completed> :test > Executing test AffineCipherTest\r\n> Task :test FAILED\r\n\r\nAffineCipherTest > testEncodeOMG() PASSED\r\n\r\nAffineCipherTest > testEncodeYes() PASSED\r\n\r\nAffineCipherTest > testDecodeWithNoSpaces() PASSED\r\n\r\nAffineCipherTest > testEncodeMindBlowingly() PASSED\r\n\r\nAffineCipherTest > testEncodeNo() PASSED\r\n\r\nAffineCipherTest > testDecodeWithTooManySpaces() PASSED\r\n\r\nAffineCipherTest > testDecodeSentence() PASSED\r\n\r\nAffineCipherTest > testEncodeAllTheLetters() PASSED\r\n\r\nAffineCipherTest > testDecodeNumbers() PASSED\r\n\r\nAffineCipherTest > testDecodeExercism() PASSED\r\n\r\nAffineCipherTest > testEncodeDeepThought() PASSED\r\n\r\nAffineCipherTest > testDecodeThrowsMeaningfulException() FAILED\r\n    org.opentest4j.AssertionFailedError: \r\n    Expecting message to be:\r\n      \"Error: keyA and alphabet size must be coprime.\"\r\n    but was:\r\n      \"Error: a and m must be coprime.\"\r\n\r\n    Throwable that failed the check:\r\n\r\n    java.lang.IllegalArgumentException: Error: a and m must be coprime.\r\n        at AffineCipher.decode(AffineCipher.java:59)\r\n        at AffineCipherTest.lambda$testDecodeThrowsMeaningfulException$1(AffineCipherTest.java:100)\r\n        at org.assertj.core.api.ThrowableAssert.catchThrowable(ThrowableAssert.java:63)\r\n        at org.assertj.core.api.ThrowableTypeAssert.isThrownBy(ThrowableTypeAssert.java:59)\r\n        at AffineCipherTest.testDecodeThrowsMeaningfulException(AffineCipherTest.java:100)\r\n        at java.base/jdk.internal.reflect.NativeMethodAccessorImpl.invoke0(Native Method)\r\n        at java.base/jdk.internal.reflect.NativeMethodAccessorImpl.invoke(NativeMethodAccessorImpl.java:77)\r\n        at java.base/jdk.internal.reflect.DelegatingMethodAccessorImpl.invoke(DelegatingMethodAccessorImpl.java:43)\r\n        at java.base/java.lang.reflect.Method.invoke(Method.java:569)\r\n        at org.junit.platform.commons.util.ReflectionUtils.invokeMethod(ReflectionUtils.java:728)\r\n        at org.junit.jupiter.engine.execution.MethodInvocation.proceed(MethodInvocation.java:60)\r\n        at org.junit.jupiter.engine.execution.InvocationInterceptorChain$ValidatingInvocation.proceed(InvocationInterceptorChain.java:131)\r\n        at org.junit.jupiter.engine.extension.TimeoutExtension.intercept(TimeoutExtension.java:156)\r\n        at org.junit.jupiter.engine.extension.TimeoutExtension.interceptTestableMethod(TimeoutExtension.java:147)\r\n        at org.junit.jupiter.engine.extension.TimeoutExtension.interceptTestMethod(TimeoutExtension.java:86)\r\n        at org.junit.jupiter.engine.execution.InterceptingExecutableInvoker$ReflectiveInterceptorCall.lambda$ofVoidMethod$0(InterceptingExecutableInvoker.java:103)\r\n        at org.junit.jupiter.engine.execution.InterceptingExecutableInvoker.lambda$invoke$0(InterceptingExecutableInvoker.java:93)\r\n        at org.junit.jupiter.engine.execution.InvocationInterceptorChain$InterceptedInvocation.proceed(InvocationInterceptorChain.java:106)\r\n        at org.junit.jupiter.engine.execution.InvocationInterceptorChain.proceed(InvocationInterceptorChain.java:64)\r\n        at org.junit.jupiter.engine.execution.InvocationInterceptorChain.chainAndInvoke(InvocationInterceptorChain.java:45)\r\n        at org.junit.jupiter.engine.execution.InvocationInterceptorChain.invoke(InvocationInterceptorChain.java:37)\r\n        at org.junit.jupiter.engine.execution.InterceptingExecutableInvoker.invoke(InterceptingExecutableInvoker.java:92)\r\n        at org.junit.jupiter.engine.execution.InterceptingExecutableInvoker.invoke(InterceptingExecutableInvoker.java:86)\r\n        at org.junit.jupiter.engine.descriptor.TestMethodTestDescriptor.lambda$invokeTestMethod$7(TestMethodTestDescriptor.java:218)\r\n        at org.junit.platform.engine.support.hierarchical.ThrowableCollector.execute(ThrowableCollector.java:73)\r\n        at org.junit.jupiter.engine.descriptor.TestMethodTestDescriptor.invokeTestMethod(TestMethodTestDescriptor.java:214)\r\n        at org.junit.jupiter.engine.descriptor.TestMethodTestDescriptor.execute(TestMethodTestDescriptor.java:139)\r\n        at org.junit.jupiter.engine.descriptor.TestMethodTestDescriptor.execute(TestMethodTestDescriptor.java:69)\r\n        at org.junit.platform.engine.support.hierarchical.NodeTestTask.lambda$executeRecursively$6(NodeTestTask.java:151)\r\n        at org.junit.platform.engine.support.hierarchical.ThrowableCollector.execute(ThrowableCollector.java:73)\r\n        at org.junit.platform.engine.support.hierarchical.NodeTestTask.lambda$executeRecursively$8(NodeTestTask.java:141)\r\n        at org.junit.platform.engine.support.hierarchical.Node.around(Node.java:137)\r\n        at org.junit.platform.engine.support.hierarchical.NodeTestTask.lambda$executeRecursively$9(NodeTestTask.java:139)\r\n        at org.junit.platform.engine.support.hierarchical.ThrowableCollector.execute(ThrowableCollector.java:73)\r\n        at org.junit.platform.engine.support.hierarchical.NodeTestTask.executeRecursively(NodeTestTask.java:138)\r\n        at org.junit.platform.engine.support.hierarchical.NodeTestTask.execute(NodeTestTask.java:95)\r\n        at java.base/java.util.ArrayList.forEach(ArrayList.java:1511)\r\n        at org.junit.platform.engine.support.hierarchical.SameThreadHierarchicalTestExecutorService.invokeAll(SameThreadHierarchicalTestExecutorService.java:41)\r\n        at org.junit.platform.engine.support.hierarchical.NodeTestTask.lambda$executeRecursively$6(NodeTestTask.java:155)\r\n        at org.junit.platform.engine.support.hierarchical.ThrowableCollector.execute(ThrowableCollector.java:73)\r\n        at org.junit.platform.engine.support.hierarchical.NodeTestTask.lambda$executeRecursively$8(NodeTestTask.java:141)\r\n        at org.junit.platform.engine.support.hierarchical.Node.around(Node.java:137)\r\n        at org.junit.platform.engine.support.hierarchical.NodeTestTask.lambda$executeRecursively$9(NodeTestTask.java:139)\r\n        at org.junit.platform.engine.support.hierarchical.ThrowableCollector.execute(ThrowableCollector.java:73)\r\n        at org.junit.platform.engine.support.hierarchical.NodeTestTask.executeRecursively(NodeTestTask.java:138)\r\n        at org.junit.platform.engine.support.hierarchical.NodeTestTask.execute(NodeTestTask.java:95)\r\n        at java.base/java.util.ArrayList.forEach(ArrayList.java:1511)\r\n        at org.junit.platform.engine.support.hierarchical.SameThreadHierarchicalTestExecutorService.invokeAll(SameThreadHierarchicalTestExecutorService.java:41)\r\n        at org.junit.platform.engine.support.hierarchical.NodeTestTask.lambda$executeRecursively$6(NodeTestTask.java:155)\r\n        at org.junit.platform.engine.support.hierarchical.ThrowableCollector.execute(ThrowableCollector.java:73)\r\n        at org.junit.platform.engine.support.hierarchical.NodeTestTask.lambda$executeRecursively$8(NodeTestTask.java:141)\r\n        at org.junit.platform.engine.support.hierarchical.Node.around(Node.java:137)\r\n        at org.junit.platform.engine.support.hierarchical.NodeTestTask.lambda$executeRecursively$9(NodeTestTask.java:139)\r\n        at org.junit.platform.engine.support.hierarchical.ThrowableCollector.execute(ThrowableCollector.java:73)\r\n        at org.junit.platform.engine.support.hierarchical.NodeTestTask.executeRecursively(NodeTestTask.java:138)\r\n        at org.junit.platform.engine.support.hierarchical.NodeTestTask.execute(NodeTestTask.java:95)\r\n        at org.junit.platform.engine.support.hierarchical.SameThreadHierarchicalTestExecutorService.submit(SameThreadHierarchicalTestExecutorService.java:35)\r\n        at org.junit.platform.engine.support.hierarchical.HierarchicalTestExecutor.execute(HierarchicalTestExecutor.java:57)\r\n        at org.junit.platform.engine.support.hierarchical.HierarchicalTestEngine.execute(HierarchicalTestEngine.java:54)\r\n        at org.junit.platform.launcher.core.EngineExecutionOrchestrator.execute(EngineExecutionOrchestrator.java:107)\r\n        at org.junit.platform.launcher.core.EngineExecutionOrchestrator.execute(EngineExecutionOrchestrator.java:88)\r\n        at org.junit.platform.launcher.core.EngineExecutionOrchestrator.lambda$execute$0(EngineExecutionOrchestrator.java:54)\r\n        at org.junit.platform.launcher.core.EngineExecutionOrchestrator.withInterceptedStreams(EngineExecutionOrchestrator.java:67)\r\n        at org.junit.platform.launcher.core.EngineExecutionOrchestrator.execute(EngineExecutionOrchestrator.java:52)\r\n        at org.junit.platform.launcher.core.DefaultLauncher.execute(DefaultLauncher.java:114)\r\n        at org.junit.platform.launcher.core.DefaultLauncher.execute(DefaultLauncher.java:86)\r\n        at org.junit.platform.launcher.core.DefaultLauncherSession$DelegatingLauncher.execute(DefaultLauncherSession.java:86)\r\n        at org.gradle.api.internal.tasks.testing.junitplatform.JUnitPlatformTestClassProcessor$CollectAllTestClassesExecutor.processAllTestClasses(JUnitPlatformTestClassProcessor.java:119)\r\n        at org.gradle.api.internal.tasks.testing.junitplatform.JUnitPlatformTestClassProcessor$CollectAllTestClassesExecutor.access$000(JUnitPlatformTestClassProcessor.java:94)\r\n        at org.gradle.api.internal.tasks.testing.junitplatform.JUnitPlatformTestClassProcessor.stop(JUnitPlatformTestClassProcessor.java:89)\r\n        at org.gradle.api.internal.tasks.testing.SuiteTestClassProcessor.stop(SuiteTestClassProcessor.java:62)\r\n        at java.base/jdk.internal.reflect.NativeMethodAccessorImpl.invoke0(Native Method)\r\n        at java.base/jdk.internal.reflect.NativeMethodAccessorImpl.invoke(NativeMethodAccessorImpl.java:77)\r\n        at java.base/jdk.internal.reflect.DelegatingMethodAccessorImpl.invoke(DelegatingMethodAccessorImpl.java:43)\r\n        at java.base/java.lang.reflect.Method.invoke(Method.java:569)\r\n        at org.gradle.internal.dispatch.ReflectionDispatch.dispatch(ReflectionDispatch.java:36)\r\n        at org.gradle.internal.dispatch.ReflectionDispatch.dispatch(ReflectionDispatch.java:24)\r\n        at org.gradle.internal.dispatch.ContextClassLoaderDispatch.dispatch(ContextClassLoaderDispatch.java:33)\r\n        at org.gradle.internal.dispatch.ProxyDispatchAdapter$DispatchingInvocationHandler.invoke(ProxyDispatchAdapter.java:94)\r\n        at jdk.proxy1/jdk.proxy1.$Proxy2.stop(Unknown Source)\r\n        at org.gradle.api.internal.tasks.testing.worker.TestWorker$3.run(TestWorker.java:193)\r\n        at org.gradle.api.internal.tasks.testing.worker.TestWorker.executeAndMaintainThreadName(TestWorker.java:129)\r\n        at org.gradle.api.internal.tasks.testing.worker.TestWorker.execute(TestWorker.java:100)\r\n        at org.gradle.api.internal.tasks.testing.worker.TestWorker.execute(TestWorker.java:60)\r\n        at org.gradle.process.internal.worker.child.ActionExecutionWorker.execute(ActionExecutionWorker.java:56)\r\n        at org.gradle.process.internal.worker.child.SystemApplicationClassLoaderWorker.call(SystemApplicationClassLoaderWorker.java:113)\r\n        at org.gradle.process.internal.worker.child.SystemApplicationClassLoaderWorker.call(SystemApplicationClassLoaderWorker.java:65)\r\n        at worker.org.gradle.process.internal.worker.GradleWorkerMain.run(GradleWorkerMain.java:69)\r\n        at worker.org.gradle.process.internal.worker.GradleWorkerMain.main(GradleWorkerMain.java:74)\r\n        at java.base@17.0.14/jdk.internal.reflect.NativeConstructorAccessorImpl.newInstance0(Native Method)\r\n        at java.base@17.0.14/jdk.internal.reflect.NativeConstructorAccessorImpl.newInstance(NativeConstructorAccessorImpl.java:77)\r\n        at java.base@17.0.14/jdk.internal.reflect.DelegatingConstructorAccessorImpl.newInstance(DelegatingConstructorAccessorImpl.java:45)\r\n        at java.base@17.0.14/java.lang.reflect.Constructor.newInstanceWithCaller(Constructor.java:500)\r\n        at app//AffineCipherTest.testDecodeThrowsMeaningfulException(AffineCipherTest.java:101)\r\n\r\nAffineCipherTest > testDecodeAllTheLetters() PASSED\r\n\r\nAffineCipherTest > testEncodeNumbers() PASSED\r\n\r\nAffineCipherTest > testEncodeThrowsMeaningfulException() FAILED\r\n    org.opentest4j.AssertionFailedError: \r\n    Expecting message to be:\r\n      \"Error: keyA and alphabet size must be coprime.\"\r\n    but was:\r\n      \"Error: a and m must be coprime.\"\r\n\r\n    Throwable that failed the check:\r\n\r\n    java.lang.IllegalArgumentException: Error: a and m must be coprime.\r\n        at AffineCipher.encode(AffineCipher.java:37)\r\n        at AffineCipherTest.lambda$testEncodeThrowsMeaningfulException$0(AffineCipherTest.java:57)\r\n        at org.assertj.core.api.ThrowableAssert.catchThrowable(ThrowableAssert.java:63)\r\n        at org.assertj.core.api.ThrowableTypeAssert.isThrownBy(ThrowableTypeAssert.java:59)\r\n        at AffineCipherTest.testEncodeThrowsMeaningfulException(AffineCipherTest.java:57)\r\n        at java.base/jdk.internal.reflect.NativeMethodAccessorImpl.invoke0(Native Method)\r\n        at java.base/jdk.internal.reflect.NativeMethodAccessorImpl.invoke(NativeMethodAccessorImpl.java:77)\r\n        at java.base/jdk.internal.reflect.DelegatingMethodAccessorImpl.invoke(DelegatingMethodAccessorImpl.java:43)\r\n        at java.base/java.lang.reflect.Method.invoke(Method.java:569)\r\n        at org.junit.platform.commons.util.ReflectionUtils.invokeMethod(ReflectionUtils.java:728)\r\n        at org.junit.jupiter.engine.execution.MethodInvocation.proceed(MethodInvocation.java:60)\r\n        at org.junit.jupiter.engine.execution.InvocationInterceptorChain$ValidatingInvocation.proceed(InvocationInterceptorChain.java:131)\r\n        at org.junit.jupiter.engine.extension.TimeoutExtension.intercept(TimeoutExtension.java:156)\r\n        at org.junit.jupiter.engine.extension.TimeoutExtension.interceptTestableMethod(TimeoutExtension.java:147)\r\n        at org.junit.jupiter.engine.extension.TimeoutExtension.interceptTestMethod(TimeoutExtension.java:86)\r\n        at org.junit.jupiter.engine.execution.InterceptingExecutableInvoker$ReflectiveInterceptorCall.lambda$ofVoidMethod$0(InterceptingExecutableInvoker.java:103)\r\n        at org.junit.jupiter.engine.execution.InterceptingExecutableInvoker.lambda$invoke$0(InterceptingExecutableInvoker.java:93)\r\n        at org.junit.jupiter.engine.execution.InvocationInterceptorChain$InterceptedInvocation.proceed(InvocationInterceptorChain.java:106)\r\n        at org.junit.jupiter.engine.execution.InvocationInterceptorChain.proceed(InvocationInterceptorChain.java:64)\r\n        at org.junit.jupiter.engine.execution.InvocationInterceptorChain.chainAndInvoke(InvocationInterceptorChain.java:45)\r\n        at org.junit.jupiter.engine.execution.InvocationInterceptorChain.invoke(InvocationInterceptorChain.java:37)\r\n        at org.junit.jupiter.engine.execution.InterceptingExecutableInvoker.invoke(InterceptingExecutableInvoker.java:92)\r\n        at org.junit.jupiter.engine.execution.InterceptingExecutableInvoker.invoke(InterceptingExecutableInvoker.java:86)\r\n        at org.junit.jupiter.engine.descriptor.TestMethodTestDescriptor.lambda$invokeTestMethod$7(TestMethodTestDescriptor.java:218)\r\n        at org.junit.platform.engine.support.hierarchical.ThrowableCollector.execute(ThrowableCollector.java:73)\r\n        at org.junit.jupiter.engine.descriptor.TestMethodTestDescriptor.invokeTestMethod(TestMethodTestDescriptor.java:214)\r\n        at org.junit.jupiter.engine.descriptor.TestMethodTestDescriptor.execute(TestMethodTestDescriptor.java:139)\r\n        at org.junit.jupiter.engine.descriptor.TestMethodTestDescriptor.execute(TestMethodTestDescriptor.java:69)\r\n        at org.junit.platform.engine.support.hierarchical.NodeTestTask.lambda$executeRecursively$6(NodeTestTask.java:151)\r\n        at org.junit.platform.engine.support.hierarchical.ThrowableCollector.execute(ThrowableCollector.java:73)\r\n        at org.junit.platform.engine.support.hierarchical.NodeTestTask.lambda$executeRecursively$8(NodeTestTask.java:141)\r\n        at org.junit.platform.engine.support.hierarchical.Node.around(Node.java:137)\r\n        at org.junit.platform.engine.support.hierarchical.NodeTestTask.lambda$executeRecursively$9(NodeTestTask.java:139)\r\n        at org.junit.platform.engine.support.hierarchical.ThrowableCollector.execute(ThrowableCollector.java:73)\r\n        at org.junit.platform.engine.support.hierarchical.NodeTestTask.executeRecursively(NodeTestTask.java:138)\r\n        at org.junit.platform.engine.support.hierarchical.NodeTestTask.execute(NodeTestTask.java:95)\r\n        at java.base/java.util.ArrayList.forEach(ArrayList.java:1511)\r\n        at org.junit.platform.engine.support.hierarchical.SameThreadHierarchicalTestExecutorService.invokeAll(SameThreadHierarchicalTestExecutorService.java:41)\r\n        at org.junit.platform.engine.support.hierarchical.NodeTestTask.lambda$executeRecursively$6(NodeTestTask.java:155)\r\n        at org.junit.platform.engine.support.hierarchical.ThrowableCollector.execute(ThrowableCollector.java:73)\r\n        at org.junit.platform.engine.support.hierarchical.NodeTestTask.lambda$executeRecursively$8(NodeTestTask.java:141)\r\n        at org.junit.platform.engine.support.hierarchical.Node.around(Node.java:137)\r\n        at org.junit.platform.engine.support.hierarchical.NodeTestTask.lambda$executeRecursively$9(NodeTestTask.java:139)\r\n        at org.junit.platform.engine.support.hierarchical.ThrowableCollector.execute(ThrowableCollector.java:73)\r\n        at org.junit.platform.engine.support.hierarchical.NodeTestTask.executeRecursively(NodeTestTask.java:138)\r\n        at org.junit.platform.engine.support.hierarchical.NodeTestTask.execute(NodeTestTask.java:95)\r\n        at java.base/java.util.ArrayList.forEach(ArrayList.java:1511)\r\n        at org.junit.platform.engine.support.hierarchical.SameThreadHierarchicalTestExecutorService.invokeAll(SameThreadHierarchicalTestExecutorService.java:41)\r\n        at org.junit.platform.engine.support.hierarchical.NodeTestTask.lambda$executeRecursively$6(NodeTestTask.java:155)\r\n        at org.junit.platform.engine.support.hierarchical.ThrowableCollector.execute(ThrowableCollector.java:73)\r\n        at org.junit.platform.engine.support.hierarchical.NodeTestTask.lambda$executeRecursively$8(NodeTestTask.java:141)\r\n        at org.junit.platform.engine.support.hierarchical.Node.around(Node.java:137)\r\n        at org.junit.platform.engine.support.hierarchical.NodeTestTask.lambda$executeRecursively$9(NodeTestTask.java:139)\r\n        at org.junit.platform.engine.support.hierarchical.ThrowableCollector.execute(ThrowableCollector.java:73)\r\n        at org.junit.platform.engine.support.hierarchical.NodeTestTask.executeRecursively(NodeTestTask.java:138)\r\n        at org.junit.platform.engine.support.hierarchical.NodeTestTask.execute(NodeTestTask.java:95)\r\r\n        at org.junit.platform.engine.support.hierarchical.SameThreadHierarchicalTestExecutorService.submit(SameThreadHierarchicalTestExecutorService.java:35)\r\n        at org.junit.platform.engine.support.hierarchical.HierarchicalTestExecutor.execute(HierarchicalTestExecutor.java:57)\r\n        at org.junit.platform.engine.support.hierarchical.HierarchicalTestEngine.execute(HierarchicalTestEngine.java:54)\r\n        at org.junit.platform.launcher.core.EngineExecutionOrchestrator.execute(EngineExecutionOrchestrator.java:107)\r\n        at org.junit.platform.launcher.core.EngineExecutionOrchestrator.execute(EngineExecutionOrchestrator.java:88)\r\n        at org.junit.platform.launcher.core.EngineExecutionOrchestrator.lambda$execute$0(EngineExecutionOrchestrator.java:54)\r\n        at org.junit.platform.launcher.core.EngineExecutionOrchestrator.withInterceptedStreams(EngineExecutionOrchestrator.java:67)\r\n        at org.junit.platform.launcher.core.EngineExecutionOrchestrator.execute(EngineExecutionOrchestrator.java:52)\r\n        at org.junit.platform.launcher.core.DefaultLauncher.execute(DefaultLauncher.java:114)\r\n        at org.junit.platform.launcher.core.DefaultLauncher.execute(DefaultLauncher.java:86)\r\n        at org.junit.platform.launcher.core.DefaultLauncherSession$DelegatingLauncher.execute(DefaultLauncherSession.java:86)\r\n        at org.gradle.api.internal.tasks.testing.junitplatform.JUnitPlatformTestClassProcessor$CollectAllTestClassesExecutor.processAllTestClasses(JUnitPlatformTestClassProcessor.java:119)\r\n        at org.gradle.api.internal.tasks.testing.junitplatform.JUnitPlatformTestClassProcessor$CollectAllTestClassesExecutor.access$000(JUnitPlatformTestClassProcessor.java:94)\r\n        at org.gradle.api.internal.tasks.testing.junitplatform.JUnitPlatformTestClassProcessor.stop(JUnitPlatformTestClassProcessor.java:89)\r\n        at org.gradle.api.internal.tasks.testing.SuiteTestClassProcessor.stop(SuiteTestClassProcessor.java:62)\r\n        at java.base/jdk.internal.reflect.NativeMethodAccessorImpl.invoke0(Native Method)\r\n        at java.base/jdk.internal.reflect.NativeMethodAccessorImpl.invoke(NativeMethodAccessorImpl.java:77)\r\n        at java.base/jdk.internal.reflect.DelegatingMethodAccessorImpl.invoke(DelegatingMethodAccessorImpl.java:43)\r\n        at java.base/java.lang.reflect.Method.invoke(Method.java:569)\r\n        at org.gradle.internal.dispatch.ReflectionDispatch.dispatch(ReflectionDispatch.java:36)\r\n        at org.gradle.internal.dispatch.ReflectionDispatch.dispatch(ReflectionDispatch.java:24)\r\n        at org.gradle.internal.dispatch.ContextClassLoaderDispatch.dispatch(ContextClassLoaderDispatch.java:33)\r\n        at org.gradle.internal.dispatch.ProxyDispatchAdapter$DispatchingInvocationHandler.invoke(ProxyDispatchAdapter.java:94)\r\n        at jdk.proxy1/jdk.proxy1.$Proxy2.stop(Unknown Source)\r\n        at org.gradle.api.internal.tasks.testing.worker.TestWorker$3.run(TestWorker.java:193)\r\n        at org.gradle.api.internal.tasks.testing.worker.TestWorker.executeAndMaintainThreadName(TestWorker.java:129)\r\n        at org.gradle.api.internal.tasks.testing.worker.TestWorker.execute(TestWorker.java:100)\r\n        at org.gradle.api.internal.tasks.testing.worker.TestWorker.execute(TestWorker.java:60)\r\n        at org.gradle.process.internal.worker.child.ActionExecutionWorker.execute(ActionExecutionWorker.java:56)\r\n        at org.gradle.process.internal.worker.child.SystemApplicationClassLoaderWorker.call(SystemApplicationClassLoaderWorker.java:113)\r\n        at org.gradle.process.internal.worker.child.SystemApplicationClassLoaderWorker.call(SystemApplicationClassLoaderWorker.java:65)\r\n        at worker.org.gradle.process.internal.worker.GradleWorkerMain.run(GradleWorkerMain.java:69)\r\n        at worker.org.gradle.process.internal.worker.GradleWorkerMain.main(GradleWorkerMain.java:74)\r\n        at java.base@17.0.14/jdk.internal.reflect.NativeConstructorAccessorImpl.newInstance0(Native Method)\r\n        at java.base@17.0.14/jdk.internal.reflect.NativeConstructorAccessorImpl.newInstance(NativeConstructorAccessorImpl.java:77)\r\n        at java.base@17.0.14/jdk.internal.reflect.DelegatingConstructorAccessorImpl.newInstance(DelegatingConstructorAccessorImpl.java:45)\r\n        at java.base@17.0.14/java.lang.reflect.Constructor.newInstanceWithCaller(Constructor.java:500)\r\n        at app//AffineCipherTest.testEncodeThrowsMeaningfulException(AffineCipherTest.java:58)\r\n\r\nAffineCipherTest > testEncodeO_M_G() PASSED\r\n\r\n16 tests completed, 2 failed\r\n\r\nFAILURE: Build failed with an exception.\r\n\r\n* What went wrong:\r\nExecution failed for task ':test'.\r\n> There were failing tests. See the report at: file:///Users/cte/Documents/evals/java/affine-cipher/build/reports/tests/test/index.html\r\n\r\n* Try:\r\n> Run with --scan to get full insights.\r\n\r\nDeprecated Gradle features were used in this build, making it incompatible with Gradle 9.0.\r\n\r\nYou can use '--warning-mode all' to show the individual deprecation warnings and determine if they come from your own scripts or plugins.\r\n\r\nFor more on this, please refer to https://docs.gradle.org/8.7/userguide/command_line_interface.html#sec:command_line_warnings in the Gradle documentation.\r\n\r\nBUILD FAILED in 846ms\r\n3 actionable tasks: 3 executed\r\n\r\n\r\n\r\n"
}
[2025-04-04T04:34:51.193Z] {
  "ts": 1743741291150,
  "type": "ask",
  "ask": "command_output",
  "text": "<-------------> 0% WAITING> :test > 2 tests completed> :test > Executing test AffineCipherTest%                                                                                    \r \r"
}
[2025-04-04T04:34:51.259Z] {
  "ts": 1743741291215,
  "type": "say",
  "say": "api_req_started",
  "text": "{\"request\":\"[execute_command for './gradlew test'] Result:\\n\\nCommand executed in terminal 1 within working directory '/Users/cte/Documents/evals/java/affine-cipher'. Command execution was not successful, inspect the cause and adjust as needed.\\nExit code: 1\\nOutput:\\n\\r\\n\\r\\n<=====--------> 42% EXECUTING [107ms]> :compileTestJava<===========--> 85% EXECUTING [204ms]> :test > 0 tests completed<===========--> 85% EXECUTING [305ms]<===========--> 85% EXECUTING [404ms]\\r\\n<===========--> 85% EXECUTING [502ms]> :test > 2 tests completed> :test > Executing test AffineCipherTest\\r\\n> Task :test FAILED\\r\\n\\r\\nAffineCipherTest > testEncodeOMG() PASSED\\r\\n\\r\\nAffineCipherTest > testEncodeYes() PASSED\\r\\n\\r\\nAffineCipherTest > testDecodeWithNoSpaces() PASSED\\r\\n\\r\\nAffineCipherTest > testEncodeMindBlowingly() PASSED\\r\\n\\r\\nAffineCipherTest > testEncodeNo() PASSED\\r\\n\\r\\nAffineCipherTest > testDecodeWithTooManySpaces() PASSED\\r\\n\\r\\nAffineCipherTest > testDecodeSentence() PASSED\\r\\n\\r\\nAffineCipherTest > testEncodeAllTheLetters() PASSED\\r\\n\\r\\nAffineCipherTest > testDecodeNumbers() PASSED\\r\\n\\r\\nAffineCipherTest > testDecodeExercism() PASSED\\r\\n\\r\\nAffineCipherTest > testEncodeDeepThought() PASSED\\r\\n\\r\\nAffineCipherTest > testDecodeThrowsMeaningfulException() FAILED\\r\\n    org.opentest4j.AssertionFailedError: \\r\\n    Expecting message to be:\\r\\n      \\\"Error: keyA and alphabet size must be coprime.\\\"\\r\\n    but was:\\r\\n      \\\"Error: a and m must be coprime.\\\"\\r\\n\\r\\n    Throwable that failed the check:\\r\\n\\r\\n    java.lang.IllegalArgumentException: Error: a and m must be coprime.\\r\\n        at AffineCipher.decode(AffineCipher.java:59)\\r\\n        at AffineCipherTest.lambda$testDecodeThrowsMeaningfulException$1(AffineCipherTest.java:100)\\r\\n        at org.assertj.core.api.ThrowableAssert.catchThrowable(ThrowableAssert.java:63)\\r\\n        at org.assertj.core.api.ThrowableTypeAssert.isThrownBy(ThrowableTypeAssert.java:59)\\r\\n        at AffineCipherTest.testDecodeThrowsMeaningfulException(AffineCipherTest.java:100)\\r\\n        at java.base/jdk.internal.reflect.NativeMethodAccessorImpl.invoke0(Native Method)\\r\\n        at java.base/jdk.internal.reflect.NativeMethodAccessorImpl.invoke(NativeMethodAccessorImpl.java:77)\\r\\n        at java.base/jdk.internal.reflect.DelegatingMethodAccessorImpl.invoke(DelegatingMethodAccessorImpl.java:43)\\r\\n        at java.base/java.lang.reflect.Method.invoke(Method.java:569)\\r\\n        at org.junit.platform.commons.util.ReflectionUtils.invokeMethod(ReflectionUtils.java:728)\\r\\n        at org.junit.jupiter.engine.execution.MethodInvocation.proceed(MethodInvocation.java:60)\\r\\n        at org.junit.jupiter.engine.execution.InvocationInterceptorChain$ValidatingInvocation.proceed(InvocationInterceptorChain.java:131)\\r\\n        at org.junit.jupiter.engine.extension.TimeoutExtension.intercept(TimeoutExtension.java:156)\\r\\n        at org.junit.jupiter.engine.extension.TimeoutExtension.interceptTestableMethod(TimeoutExtension.java:147)\\r\\n        at org.junit.jupiter.engine.extension.TimeoutExtension.interceptTestMethod(TimeoutExtension.java:86)\\r\\n        at org.junit.jupiter.engine.execution.InterceptingExecutableInvoker$ReflectiveInterceptorCall.lambda$ofVoidMethod$0(InterceptingExecutableInvoker.java:103)\\r\\n        at org.junit.jupiter.engine.execution.InterceptingExecutableInvoker.lambda$invoke$0(InterceptingExecutableInvoker.java:93)\\r\\n        at org.junit.jupiter.engine.execution.InvocationInterceptorChain$InterceptedInvocation.proceed(InvocationInterceptorChain.java:106)\\r\\n        at org.junit.jupiter.engine.execution.InvocationInterceptorChain.proceed(InvocationInterceptorChain.java:64)\\r\\n        at org.junit.jupiter.engine.execution.InvocationInterceptorChain.chainAndInvoke(InvocationInterceptorChain.java:45)\\r\\n        at org.junit.jupiter.engine.execution.InvocationInterceptorChain.invoke(InvocationInterceptorChain.java:37)\\r\\n        at org.junit.jupiter.engine.execution.InterceptingExecutableInvoker.invoke(InterceptingExecutableInvoker.java:92)\\r\\n        at org.junit.jupiter.engine.execution.InterceptingExecutableInvoker.invoke(InterceptingExecutableInvoker.java:86)\\r\\n        at org.junit.jupiter.engine.descriptor.TestMethodTestDescriptor.lambda$invokeTestMethod$7(TestMethodTestDescriptor.java:218)\\r\\n        at org.junit.platform.engine.support.hierarchical.ThrowableCollector.execute(ThrowableCollector.java:73)\\r\\n        at org.junit.jupiter.engine.descriptor.TestMethodTestDescriptor.invokeTestMethod(TestMethodTestDescriptor.java:214)\\r\\n        at org.junit.jupiter.engine.descriptor.TestMethodTestDescriptor.execute(TestMethodTestDescriptor.java:139)\\r\\n        at org.junit.jupiter.engine.descriptor.TestMethodTestDescriptor.execute(TestMethodTestDescriptor.java:69)\\r\\n        at org.junit.platform.engine.support.hierarchical.NodeTestTask.lambda$executeRecursively$6(NodeTestTask.java:151)\\r\\n        at org.junit.platform.engine.support.hierarchical.ThrowableCollector.execute(ThrowableCollector.java:73)\\r\\n        at org.junit.platform.engine.support.hierarchical.NodeTestTask.lambda$executeRecursively$8(NodeTestTask.java:141)\\r\\n        at org.junit.platform.engine.support.hierarchical.Node.around(Node.java:137)\\r\\n        at org.junit.platform.engine.support.hierarchical.NodeTestTask.lambda$executeRecursively$9(NodeTestTask.java:139)\\r\\n        at org.junit.platform.engine.support.hierarchical.ThrowableCollector.execute(ThrowableCollector.java:73)\\r\\n        at org.junit.platform.engine.support.hierarchical.NodeTestTask.executeRecursively(NodeTestTask.java:138)\\r\\n        at org.junit.platform.engine.support.hierarchical.NodeTestTask.execute(NodeTestTask.java:95)\\r\\n        at java.base/java.util.ArrayList.forEach(ArrayList.java:1511)\\r\\n        at org.junit.platform.engine.support.hierarchical.SameThreadHierarchicalTestExecutorService.invokeAll(SameThreadHierarchicalTestExecutorService.java:41)\\r\\n        at org.junit.platform.engine.support.hierarchical.NodeTestTask.lambda$executeRecursively$6(NodeTestTask.java:155)\\r\\n        at org.junit.platform.engine.support.hierarchical.ThrowableCollector.execute(ThrowableCollector.java:73)\\r\\n        at org.junit.platform.engine.support.hierarchical.NodeTestTask.lambda$executeRecursively$8(NodeTestTask.java:141)\\r\\n        at org.junit.platform.engine.support.hierarchical.Node.around(Node.java:137)\\r\\n        at org.junit.platform.engine.support.hierarchical.NodeTestTask.lambda$executeRecursively$9(NodeTestTask.java:139)\\r\\n        at org.junit.platform.engine.support.hierarchical.ThrowableCollector.execute(ThrowableCollector.java:73)\\r\\n        at org.junit.platform.engine.support.hierarchical.NodeTestTask.executeRecursively(NodeTestTask.java:138)\\r\\n        at org.junit.platform.engine.support.hierarchical.NodeTestTask.execute(NodeTestTask.java:95)\\r\\n        at java.base/java.util.ArrayList.forEach(ArrayList.java:1511)\\r\\n        at org.junit.platform.engine.support.hierarchical.SameThreadHierarchicalTestExecutorService.invokeAll(SameThreadHierarchicalTestExecutorService.java:41)\\r\\n        at org.junit.platform.engine.support.hierarchical.NodeTestTask.lambda$executeRecursively$6(NodeTestTask.java:155)\\r\\n        at org.junit.platform.engine.support.hierarchical.ThrowableCollector.execute(ThrowableCollector.java:73)\\r\\n        at org.junit.platform.engine.support.hierarchical.NodeTestTask.lambda$executeRecursively$8(NodeTestTask.java:141)\\r\\n        at org.junit.platform.engine.support.hierarchical.Node.around(Node.java:137)\\r\\n        at org.junit.platform.engine.support.hierarchical.NodeTestTask.lambda$executeRecursively$9(NodeTestTask.java:139)\\r\\n        at org.junit.platform.engine.support.hierarchical.ThrowableCollector.execute(ThrowableCollector.java:73)\\r\\n        at org.junit.platform.engine.support.hierarchical.NodeTestTask.executeRecursively(NodeTestTask.java:138)\\r\\n        at org.junit.platform.engine.support.hierarchical.NodeTestTask.execute(NodeTestTask.java:95)\\r\\n        at org.junit.platform.engine.support.hierarchical.SameThreadHierarchicalTestExecutorService.submit(SameThreadHierarchicalTestExecutorService.java:35)\\r\\n        at org.junit.platform.engine.support.hierarchical.HierarchicalTestExecutor.execute(HierarchicalTestExecutor.java:57)\\r\\n        at org.junit.platform.engine.support.hierarchical.HierarchicalTestEngine.execute(HierarchicalTestEngine.java:54)\\r\\n        at org.junit.platform.launcher.core.EngineExecutionOrchestrator.execute(EngineExecutionOrchestrator.java:107)\\r\\n        at org.junit.platform.launcher.core.EngineExecutionOrchestrator.execute(EngineExecutionOrchestrator.java:88)\\r\\n        at org.junit.platform.launcher.core.EngineExecutionOrchestrator.lambda$execute$0(EngineExecutionOrchestrator.java:54)\\r\\n        at org.junit.platform.launcher.core.EngineExecutionOrchestrator.withInterceptedStreams(EngineExecutionOrchestrator.java:67)\\r\\n        at org.junit.platform.launcher.core.EngineExecutionOrchestrator.execute(EngineExecutionOrchestrator.java:52)\\r\\n        at org.junit.platform.launcher.core.DefaultLauncher.execute(DefaultLauncher.java:114)\\r\\n        at org.junit.platform.launcher.core.DefaultLauncher.execute(DefaultLauncher.java:86)\\r\\n        at org.junit.platform.launcher.core.DefaultLauncherSession$DelegatingLauncher.execute(DefaultLauncherSession.java:86)\\r\\n        at org.gradle.api.internal.tasks.testing.junitplatform.JUnitPlatformTestClassProcessor$CollectAllTestClassesExecutor.processAllTestClasses(JUnitPlatformTestClassProcessor.java:119)\\r\\n        at org.gradle.api.internal.tasks.testing.junitplatform.JUnitPlatformTestClassProcessor$CollectAllTestClassesExecutor.access$000(JUnitPlatformTestClassProcessor.java:94)\\r\\n        at org.gradle.api.internal.tasks.testing.junitplatform.JUnitPlatformTestClassProcessor.stop(JUnitPlatformTestClassProcessor.java:89)\\r\\n        at org.gradle.api.internal.tasks.testing.SuiteTestClassProcessor.stop(SuiteTestClassProcessor.java:62)\\r\\n        at java.base/jdk.internal.reflect.NativeMethodAccessorImpl.invoke0(Native Method)\\r\\n        at java.base/jdk.internal.reflect.NativeMethodAccessorImpl.invoke(NativeMethodAccessorImpl.java:77)\\r\\n        at java.base/jdk.internal.reflect.DelegatingMethodAccessorImpl.invoke(DelegatingMethodAccessorImpl.java:43)\\r\\n        at java.base/java.lang.reflect.Method.invoke(Method.java:569)\\r\\n        at org.gradle.internal.dispatch.ReflectionDispatch.dispatch(ReflectionDispatch.java:36)\\r\\n        at org.gradle.internal.dispatch.ReflectionDispatch.dispatch(ReflectionDispatch.java:24)\\r\\n        at org.gradle.internal.dispatch.ContextClassLoaderDispatch.dispatch(ContextClassLoaderDispatch.java:33)\\r\\n        at org.gradle.internal.dispatch.ProxyDispatchAdapter$DispatchingInvocationHandler.invoke(ProxyDispatchAdapter.java:94)\\r\\n        at jdk.proxy1/jdk.proxy1.$Proxy2.stop(Unknown Source)\\r\\n        at org.gradle.api.internal.tasks.testing.worker.TestWorker$3.run(TestWorker.java:193)\\r\\n        at org.gradle.api.internal.tasks.testing.worker.TestWorker.executeAndMaintainThreadName(TestWorker.java:129)\\r\\n        at org.gradle.api.internal.tasks.testing.worker.TestWorker.execute(TestWorker.java:100)\\r\\n        at org.gradle.api.internal.tasks.testing.worker.TestWorker.execute(TestWorker.java:60)\\r\\n        at org.gradle.process.internal.worker.child.ActionExecutionWorker.execute(ActionExecutionWorker.java:56)\\r\\n        at org.gradle.process.internal.worker.child.SystemApplicationClassLoaderWorker.call(SystemApplicationClassLoaderWorker.java:113)\\r\\n        at org.gradle.process.internal.worker.child.SystemApplicationClassLoaderWorker.call(SystemApplicationClassLoaderWorker.java:65)\\r\\n        at worker.org.gradle.process.internal.worker.GradleWorkerMain.run(GradleWorkerMain.java:69)\\r\\n        at worker.org.gradle.process.internal.worker.GradleWorkerMain.main(GradleWorkerMain.java:74)\\r\\n        at java.base@17.0.14/jdk.internal.reflect.NativeConstructorAccessorImpl.newInstance0(Native Method)\\r\\n        at java.base@17.0.14/jdk.internal.reflect.NativeConstructorAccessorImpl.newInstance(NativeConstructorAccessorImpl.java:77)\\r\\n        at java.base@17.0.14/jdk.internal.reflect.DelegatingConstructorAccessorImpl.newInstance(DelegatingConstructorAccessorImpl.java:45)\\r\\n        at java.base@17.0.14/java.lang.reflect.Constructor.newInstanceWithCaller(Constructor.java:500)\\r\\n        at app//AffineCipherTest.testDecodeThrowsMeaningfulException(AffineCipherTest.java:101)\\r\\n\\r\\nAffineCipherTest > testDecodeAllTheLetters() PASSED\\r\\n\\r\\nAffineCipherTest > testEncodeNumbers() PASSED\\r\\n\\r\\nAffineCipherTest > testEncodeThrowsMeaningfulException() FAILED\\r\\n    org.opentest4j.AssertionFailedError: \\r\\n    Expecting message to be:\\r\\n      \\\"Error: keyA and alphabet size must be coprime.\\\"\\r\\n    but was:\\r\\n      \\\"Error: a and m must be coprime.\\\"\\r\\n\\r\\n    Throwable that failed the check:\\r\\n\\r\\n    java.lang.IllegalArgumentException: Error: a and m must be coprime.\\r\\n        at AffineCipher.encode(AffineCipher.java:37)\\r\\n        at AffineCipherTest.lambda$testEncodeThrowsMeaningfulException$0(AffineCipherTest.java:57)\\r\\n        at org.assertj.core.api.ThrowableAssert.catchThrowable(ThrowableAssert.java:63)\\r\\n        at org.assertj.core.api.ThrowableTypeAssert.isThrownBy(ThrowableTypeAssert.java:59)\\r\\n        at AffineCipherTest.testEncodeThrowsMeaningfulException(AffineCipherTest.java:57)\\r\\n        at java.base/jdk.internal.reflect.NativeMethodAccessorImpl.invoke0(Native Method)\\r\\n        at java.base/jdk.internal.reflect.NativeMethodAccessorImpl.invoke(NativeMethodAccessorImpl.java:77)\\r\\n        at java.base/jdk.internal.reflect.DelegatingMethodAccessorImpl.invoke(DelegatingMethodAccessorImpl.java:43)\\r\\n        at java.base/java.lang.reflect.Method.invoke(Method.java:569)\\r\\n        at org.junit.platform.commons.util.ReflectionUtils.invokeMethod(ReflectionUtils.java:728)\\r\\n        at org.junit.jupiter.engine.execution.MethodInvocation.proceed(MethodInvocation.java:60)\\r\\n        at org.junit.jupiter.engine.execution.InvocationInterceptorChain$ValidatingInvocation.proceed(InvocationInterceptorChain.java:131)\\r\\n        at org.junit.jupiter.engine.extension.TimeoutExtension.intercept(TimeoutExtension.java:156)\\r\\n        at org.junit.jupiter.engine.extension.TimeoutExtension.interceptTestableMethod(TimeoutExtension.java:147)\\r\\n        at org.junit.jupiter.engine.extension.TimeoutExtension.interceptTestMethod(TimeoutExtension.java:86)\\r\\n        at org.junit.jupiter.engine.execution.InterceptingExecutableInvoker$ReflectiveInterceptorCall.lambda$ofVoidMethod$0(InterceptingExecutableInvoker.java:103)\\r\\n        at org.junit.jupiter.engine.execution.InterceptingExecutableInvoker.lambda$invoke$0(InterceptingExecutableInvoker.java:93)\\r\\n        at org.junit.jupiter.engine.execution.InvocationInterceptorChain$InterceptedInvocation.proceed(InvocationInterceptorChain.java:106)\\r\\n        at org.junit.jupiter.engine.execution.InvocationInterceptorChain.proceed(InvocationInterceptorChain.java:64)\\r\\n        at org.junit.jupiter.engine.execution.InvocationInterceptorChain.chainAndInvoke(InvocationInterceptorChain.java:45)\\r\\n        at org.junit.jupiter.engine.execution.InvocationInterceptorChain.invoke(InvocationInterceptorChain.java:37)\\r\\n        at org.junit.jupiter.engine.execution.InterceptingExecutableInvoker.invoke(InterceptingExecutableInvoker.java:92)\\r\\n        at org.junit.jupiter.engine.execution.InterceptingExecutableInvoker.invoke(InterceptingExecutableInvoker.java:86)\\r\\n        at org.junit.jupiter.engine.descriptor.TestMethodTestDescriptor.lambda$invokeTestMethod$7(TestMethodTestDescriptor.java:218)\\r\\n        at org.junit.platform.engine.support.hierarchical.ThrowableCollector.execute(ThrowableCollector.java:73)\\r\\n        at org.junit.jupiter.engine.descriptor.TestMethodTestDescriptor.invokeTestMethod(TestMethodTestDescriptor.java:214)\\r\\n        at org.junit.jupiter.engine.descriptor.TestMethodTestDescriptor.execute(TestMethodTestDescriptor.java:139)\\r\\n        at org.junit.jupiter.engine.descriptor.TestMethodTestDescriptor.execute(TestMethodTestDescriptor.java:69)\\r\\n        at org.junit.platform.engine.support.hierarchical.NodeTestTask.lambda$executeRecursively$6(NodeTestTask.java:151)\\r\\n        at org.junit.platform.engine.support.hierarchical.ThrowableCollector.execute(ThrowableCollector.java:73)\\r\\n        at org.junit.platform.engine.support.hierarchical.NodeTestTask.lambda$executeRecursively$8(NodeTestTask.java:141)\\r\\n        at org.junit.platform.engine.support.hierarchical.Node.around(Node.java:137)\\r\\n        at org.junit.platform.engine.support.hierarchical.NodeTestTask.lambda$executeRecursively$9(NodeTestTask.java:139)\\r\\n        at org.junit.platform.engine.support.hierarchical.ThrowableCollector.execute(ThrowableCollector.java:73)\\r\\n        at org.junit.platform.engine.support.hierarchical.NodeTestTask.executeRecursively(NodeTestTask.java:138)\\r\\n        at org.junit.platform.engine.support.hierarchical.NodeTestTask.execute(NodeTestTask.java:95)\\r\\n        at java.base/java.util.ArrayList.forEach(ArrayList.java:1511)\\r\\n        at org.junit.platform.engine.support.hierarchical.SameThreadHierarchicalTestExecutorService.invokeAll(SameThreadHierarchicalTestExecutorService.java:41)\\r\\n        at org.junit.platform.engine.support.hierarchical.NodeTestTask.lambda$executeRecursively$6(NodeTestTask.java:155)\\r\\n        at org.junit.platform.engine.support.hierarchical.ThrowableCollector.execute(ThrowableCollector.java:73)\\r\\n        at org.junit.platform.engine.support.hierarchical.NodeTestTask.lambda$executeRecursively$8(NodeTestTask.java:141)\\r\\n        at org.junit.platform.engine.support.hierarchical.Node.around(Node.java:137)\\r\\n        at org.junit.platform.engine.support.hierarchical.NodeTestTask.lambda$executeRecursively$9(NodeTestTask.java:139)\\r\\n        at org.junit.platform.engine.support.hierarchical.ThrowableCollector.execute(ThrowableCollector.java:73)\\r\\n        at org.junit.platform.engine.support.hierarchical.NodeTestTask.executeRecursively(NodeTestTask.java:138)\\r\\n        at org.junit.platform.engine.support.hierarchical.NodeTestTask.execute(NodeTestTask.java:95)\\r\\n        at java.base/java.util.ArrayList.forEach(ArrayList.java:1511)\\r\\n        at org.junit.platform.engine.support.hierarchical.SameThreadHierarchicalTestExecutorService.invokeAll(SameThreadHierarchicalTestExecutorService.java:41)\\r\\n        at org.junit.platform.engine.support.hierarchical.NodeTestTask.lambda$executeRecursively$6(NodeTestTask.java:155)\\r\\n        at org.junit.platform.engine.support.hierarchical.ThrowableCollector.execute(ThrowableCollector.java:73)\\r\\n        at org.junit.platform.engine.support.hierarchical.NodeTestTask.lambda$executeRecursively$8(NodeTestTask.java:141)\\r\\n        at org.junit.platform.engine.support.hierarchical.Node.around(Node.java:137)\\r\\n        at org.junit.platform.engine.support.hierarchical.NodeTestTask.lambda$executeRecursively$9(NodeTestTask.java:139)\\r\\n        at org.junit.platform.engine.support.hierarchical.ThrowableCollector.execute(ThrowableCollector.java:73)\\r\\n        at org.junit.platform.engine.support.hierarchical.NodeTestTask.executeRecursively(NodeTestTask.java:138)\\r\\n        at org.junit.platform.engine.support.hierarchical.NodeTestTask.execute(NodeTestTask.java:95)\\r\\r\\n        at org.junit.platform.engine.support.hierarchical.SameThreadHierarchicalTestExecutorService.submit(SameThreadHierarchicalTestExecutorService.java:35)\\r\\n        at org.junit.platform.engine.support.hierarchical.HierarchicalTestExecutor.execute(HierarchicalTestExecutor.java:57)\\r\\n        at org.junit.platform.engine.support.hierarchical.HierarchicalTestEngine.execute(HierarchicalTestEngine.java:54)\\r\\n        at org.junit.platform.launcher.core.EngineExecutionOrchestrator.execute(EngineExecutionOrchestrator.java:107)\\r\\n        at org.junit.platform.launcher.core.EngineExecutionOrchestrator.execute(EngineExecutionOrchestrator.java:88)\\r\\n        at org.junit.platform.launcher.core.EngineExecutionOrchestrator.lambda$execute$0(EngineExecutionOrchestrator.java:54)\\r\\n        at org.junit.platform.launcher.core.EngineExecutionOrchestrator.withInterceptedStreams(EngineExecutionOrchestrator.java:67)\\r\\n        at org.junit.platform.launcher.core.EngineExecutionOrchestrator.execute(EngineExecutionOrchestrator.java:52)\\r\\n        at org.junit.platform.launcher.core.DefaultLauncher.execute(DefaultLauncher.java:114)\\r\\n        at org.junit.platform.launcher.core.DefaultLauncher.execute(DefaultLauncher.java:86)\\r\\n        at org.junit.platform.launcher.core.DefaultLauncherSession$DelegatingLauncher.execute(DefaultLauncherSession.java:86)\\r\\n        at org.gradle.api.internal.tasks.testing.junitplatform.JUnitPlatformTestClassProcessor$CollectAllTestClassesExecutor.processAllTestClasses(JUnitPlatformTestClassProcessor.java:119)\\r\\n        at org.gradle.api.internal.tasks.testing.junitplatform.JUnitPlatformTestClassProcessor$CollectAllTestClassesExecutor.access$000(JUnitPlatformTestClassProcessor.java:94)\\r\\n        at org.gradle.api.internal.tasks.testing.junitplatform.JUnitPlatformTestClassProcessor.stop(JUnitPlatformTestClassProcessor.java:89)\\r\\n        at org.gradle.api.internal.tasks.testing.SuiteTestClassProcessor.stop(SuiteTestClassProcessor.java:62)\\r\\n        at java.base/jdk.internal.reflect.NativeMethodAccessorImpl.invoke0(Native Method)\\r\\n        at java.base/jdk.internal.reflect.NativeMethodAccessorImpl.invoke(NativeMethodAccessorImpl.java:77)\\r\\n        at java.base/jdk.internal.reflect.DelegatingMethodAccessorImpl.invoke(DelegatingMethodAccessorImpl.java:43)\\r\\n        at java.base/java.lang.reflect.Method.invoke(Method.java:569)\\r\\n        at org.gradle.internal.dispatch.ReflectionDispatch.dispatch(ReflectionDispatch.java:36)\\r\\n        at org.gradle.internal.dispatch.ReflectionDispatch.dispatch(ReflectionDispatch.java:24)\\r\\n        at org.gradle.internal.dispatch.ContextClassLoaderDispatch.dispatch(ContextClassLoaderDispatch.java:33)\\r\\n        at org.gradle.internal.dispatch.ProxyDispatchAdapter$DispatchingInvocationHandler.invoke(ProxyDispatchAdapter.java:94)\\r\\n        at jdk.proxy1/jdk.proxy1.$Proxy2.stop(Unknown Source)\\r\\n        at org.gradle.api.internal.tasks.testing.worker.TestWorker$3.run(TestWorker.java:193)\\r\\n        at org.gradle.api.internal.tasks.testing.worker.TestWorker.executeAndMaintainThreadName(TestWorker.java:129)\\r\\n        at org.gradle.api.internal.tasks.testing.worker.TestWorker.execute(TestWorker.java:100)\\r\\n        at org.gradle.api.internal.tasks.testing.worker.TestWorker.execute(TestWorker.java:60)\\r\\n        at org.gradle.process.internal.worker.child.ActionExecutionWorker.execute(ActionExecutionWorker.java:56)\\r\\n        at org.gradle.process.internal.worker.child.SystemApplicationClassLoaderWorker.call(SystemApplicationClassLoaderWorker.java:113)\\r\\n        at org.gradle.process.internal.worker.child.SystemApplicationClassLoaderWorker.call(SystemApplicationClassLoaderWorker.java:65)\\r\\n        at worker.org.gradle.process.internal.worker.GradleWorkerMain.run(GradleWorkerMain.java:69)\\r\\n        at worker.org.gradle.process.internal.worker.GradleWorkerMain.main(GradleWorkerMain.java:74)\\r\\n        at java.base@17.0.14/jdk.internal.reflect.NativeConstructorAccessorImpl.newInstance0(Native Method)\\r\\n        at java.base@17.0.14/jdk.internal.reflect.NativeConstructorAccessorImpl.newInstance(NativeConstructorAccessorImpl.java:77)\\r\\n        at java.base@17.0.14/jdk.internal.reflect.DelegatingConstructorAccessorImpl.newInstance(DelegatingConstructorAccessorImpl.java:45)\\r\\n        at java.base@17.0.14/java.lang.reflect.Constructor.newInstanceWithCaller(Constructor.java:500)\\r\\n        at app//AffineCipherTest.testEncodeThrowsMeaningfulException(AffineCipherTest.java:58)\\r\\n\\r\\nAffineCipherTest > testEncodeO_M_G() PASSED\\r\\n\\r\\n16 tests completed, 2 failed\\r\\n\\r\\nFAILURE: Build failed with an exception.\\r\\n\\r\\n* What went wrong:\\r\\nExecution failed for task ':test'.\\r\\n> There were failing tests. See the report at: file:///Users/cte/Documents/evals/java/affine-cipher/build/reports/tests/test/index.html\\r\\n\\r\\n* Try:\\r\\n> Run with --scan to get full insights.\\r\\n\\r\\nDeprecated Gradle features were used in this build, making it incompatible with Gradle 9.0.\\r\\n\\r\\nYou can use '--warning-mode all' to show the individual deprecation warnings and determine if they come from your own scripts or plugins.\\r\\n\\r\\nFor more on this, please refer to https://docs.gradle.org/8.7/userguide/command_line_interface.html#sec:command_line_warnings in the Gradle documentation.\\r\\n\\r\\nBUILD FAILED in 846ms\\r\\n3 actionable tasks: 3 executed\\r\\n\\r\\n\\r\\n\\r\\n<-------------> 0% WAITING> :test > 2 tests completed> :test > Executing test AffineCipherTest%                                                                                    \\r \\r\\n\\nLoading...\"}"
}
[2025-04-04T04:34:55.329Z] {
  "ts": 1743741294644,
  "type": "say",
  "say": "text",
  "text": "Okay, the tests failed because the exception message for non-coprime `a` and `m` doesn't match exactly what the test expects. I need to change the message from `\"Error: a and m must be coprime.\"` to `\"Error: keyA and alphabet size must be coprime.\"`.\n\nI'll apply this change to both the `encode` and `decode` methods.",
  "partial": false
}
[2025-04-04T04:34:57.621Z] {
  "ts": 1743741295341,
  "type": "ask",
  "ask": "tool",
  "text": "{\"tool\":\"appliedDiff\",\"path\":\"src/main/java/AffineCipher.java\",\"diff\":\"<<<<<<< SEARCH\\n:start_line:37\\n:end_line:39\\n-------\\n    public String encode(String text, int a, int b) {\\n        if (gcd(a, M) != 1) {\\n            throw new IllegalArgumentException(\\\"Error: a and m must be coprime.\\\");\\n=======\\n    public String encode(String text, int a, int b) {\\n        if (gcd(a, M) != 1) {\\n            throw new IllegalArgumentException(\\\"Error: keyA and alphabet size must be coprime.\\\");\\n>>>>>>> REPLACE\\n\\n<<<<<<< SEARCH\\n:start_line:58\\n:end_line:60\\n-------\\n    public String decode(String cipherText, int a, int b) {\\n        if (gcd(a, M) != 1) {\\n            throw new IllegalArgumentException(\\\"Error: a and m must be coprime.\\\");\\n=======\\n    public String decode(String cipherText, int a, int b) {\\n        if (gcd(a, M) != 1) {\\n            throw new IllegalArgumentException(\\\"Error: keyA and alphabet size must be coprime.\\\");\\n>>>>>>> REPLACE\"}",
  "partial": false,
  "progressStatus": {
    "icon": "diff-multiple",
    "text": "2"
  }
}
[2025-04-04T04:34:58.019Z] {
  "ts": 1743741297987,
  "type": "say",
  "say": "api_req_started",
  "text": "{\"request\":\"[apply_diff for 'src/main/java/AffineCipher.java'] Result:\\n\\nChanges successfully applied to src/main/java/AffineCipher.java:\\n\\n\\n\\n\\nLoading...\"}"
}
[2025-04-04T04:35:00.931Z] {
  "ts": 1743741300535,
  "type": "say",
  "say": "text",
  "text": "Okay, the exception message has been updated. I'll run the tests again to verify the fix.",
  "partial": false
}
[2025-04-04T04:35:00.981Z] {
  "ts": 1743741300945,
  "type": "ask",
  "ask": "command",
  "text": "./gradlew test"
}
[2025-04-04T04:35:01.212Z] {
  "ts": 1743741301181,
  "type": "ask",
  "ask": "command_output",
  "text": ""
}
[2025-04-04T04:35:01.573Z] {
  "ts": 1743741301542,
  "type": "ask",
  "ask": "command_output",
  "text": "\r\n"
}
[2025-04-04T04:35:01.676Z] {
  "ts": 1743741301645,
  "type": "ask",
  "ask": "command_output",
  "text": "\r\n"
}
[2025-04-04T04:35:01.970Z] {
  "ts": 1743741301936,
  "type": "ask",
  "ask": "command_output",
  "text": "<===========--> 85% EXECUTING [101ms]> :test > 0 tests completed<===========--> 85% EXECUTING [201ms]<===========--> 85% EXECUTING [296ms]\r\n"
}
[2025-04-04T04:35:02.075Z] {
  "ts": 1743741302042,
  "type": "ask",
  "ask": "command_output",
  "text": "<===========--> 85% EXECUTING [397ms]> :test > Executing test AffineCipherTest\r\n> Task :test\r\n\r\nAffineCipherTest > testEncodeOMG() PASSED\r\n\r\nAffineCipherTest > testEncodeYes() PASSED\r\n\r\nAffineCipherTest > testDecodeWithNoSpaces() PASSED\r\n\r\nAffineCipherTest > testEncodeMindBlowingly() PASSED\r\n\r\nAffineCipherTest > testEncodeNo() PASSED\r\n\r\nAffineCipherTest > testDecodeWithTooManySpaces() PASSED\r\n\r\nAffineCipherTest > testDecodeSentence() PASSED\r\n\r\nAffineCipherTest > testEncodeAllTheLetters() PASSED\r\n\r\nAffineCipherTest > testDecodeNumbers() PASSED\r\n\r\nAffineCipherTest > testDecodeExercism() PASSED\r\n\r\nAffineCipherTest > testEncodeDeepThought() PASSED\r\n\r\nAffineCipherTest > testDecodeThrowsMeaningfulException() PASSED\r\n\r\nAffineCipherTest > testDecodeAllTheLetters() PASSED\r\n\r\nAffineCipherTest > testEncodeNumbers() PASSED\r\n\r\nAffineCipherTest > testEncodeThrowsMeaningfulException() PASSED\r\n\r\nAffineCipherTest > testEncodeO_M_G() PASSED\r\n\r\nDeprecated Gradle features were used in this build, making it incompatible with Gradle 9.0.\r\n\r\nYou can use '--warning-mode all' to show the individual deprecation warnings and determine if they come from your own scripts or plugins.\r\n\r\nFor more on this, please refer to https://docs.gradle.org/8.7/userguide/command_line_interface.html#sec:command_line_warnings in the Gradle documentation.\r\n\r\nBUILD SUCCESSFUL in 787ms\r\n3 actionable tasks: 2 executed, 1 up-to-date\r\n\r\n\r\n\r\n"
}
[2025-04-04T04:35:02.380Z] {
  "ts": 1743741302347,
  "type": "ask",
  "ask": "command_output",
  "text": "<-------------> 0% WAITING> :test > 0 tests completed> :test > Executing test AffineCipherTest> IDLE> IDLE%                                                                                    \r \r"
}
[2025-04-04T04:35:02.435Z] {
  "ts": 1743741302403,
  "type": "say",
  "say": "api_req_started",
  "text": "{\"request\":\"[execute_command for './gradlew test'] Result:\\n\\nCommand executed in terminal 1 within working directory '/Users/cte/Documents/evals/java/affine-cipher'. Exit code: 0\\nOutput:\\n\\r\\n\\r\\n<===========--> 85% EXECUTING [101ms]> :test > 0 tests completed<===========--> 85% EXECUTING [201ms]<===========--> 85% EXECUTING [296ms]\\r\\n<===========--> 85% EXECUTING [397ms]> :test > Executing test AffineCipherTest\\r\\n> Task :test\\r\\n\\r\\nAffineCipherTest > testEncodeOMG() PASSED\\r\\n\\r\\nAffineCipherTest > testEncodeYes() PASSED\\r\\n\\r\\nAffineCipherTest > testDecodeWithNoSpaces() PASSED\\r\\n\\r\\nAffineCipherTest > testEncodeMindBlowingly() PASSED\\r\\n\\r\\nAffineCipherTest > testEncodeNo() PASSED\\r\\n\\r\\nAffineCipherTest > testDecodeWithTooManySpaces() PASSED\\r\\n\\r\\nAffineCipherTest > testDecodeSentence() PASSED\\r\\n\\r\\nAffineCipherTest > testEncodeAllTheLetters() PASSED\\r\\n\\r\\nAffineCipherTest > testDecodeNumbers() PASSED\\r\\n\\r\\nAffineCipherTest > testDecodeExercism() PASSED\\r\\n\\r\\nAffineCipherTest > testEncodeDeepThought() PASSED\\r\\n\\r\\nAffineCipherTest > testDecodeThrowsMeaningfulException() PASSED\\r\\n\\r\\nAffineCipherTest > testDecodeAllTheLetters() PASSED\\r\\n\\r\\nAffineCipherTest > testEncodeNumbers() PASSED\\r\\n\\r\\nAffineCipherTest > testEncodeThrowsMeaningfulException() PASSED\\r\\n\\r\\nAffineCipherTest > testEncodeO_M_G() PASSED\\r\\n\\r\\nDeprecated Gradle features were used in this build, making it incompatible with Gradle 9.0.\\r\\n\\r\\nYou can use '--warning-mode all' to show the individual deprecation warnings and determine if they come from your own scripts or plugins.\\r\\n\\r\\nFor more on this, please refer to https://docs.gradle.org/8.7/userguide/command_line_interface.html#sec:command_line_warnings in the Gradle documentation.\\r\\n\\r\\nBUILD SUCCESSFUL in 787ms\\r\\n3 actionable tasks: 2 executed, 1 up-to-date\\r\\n\\r\\n\\r\\n\\r\\n<-------------> 0% WAITING> :test > 0 tests completed> :test > Executing test AffineCipherTest> IDLE> IDLE%                                                                                    \\r \\r\\n\\nLoading...\"}"
}
[2025-04-04T04:35:06.761Z] {
  "ts": 1743741306503,
  "type": "say",
  "say": "text",
  "text": "All tests passed successfully. The Affine Cipher implementation in `src/main/java/AffineCipher.java` is complete and meets the requirements specified in the exercise instructions.",
  "partial": false
}
[2025-04-04T04:35:07.159Z] taskCompleted -> ea096f08-791d-4241-a0a3-07c9e103534f | {
  "totalTokensIn": 127234,
  "totalTokensOut": 5035,
  "totalCacheWrites": 0,
  "totalCacheReads": 0,
  "totalCost": 0,
  "contextTokens": 21614
}
[2025-04-04T04:35:07.159Z] {
  "ts": 1743741306776,
  "type": "say",
  "say": "completion_result",
  "text": "I have successfully implemented the Affine Cipher in `src/main/java/AffineCipher.java`. All tests in `src/test/java/AffineCipherTest.java` are passing, confirming the implementation is correct according to the exercise requirements.",
  "partial": false
}
[2025-04-04T04:35:07.201Z] {
  "ts": 1743741307159,
  "type": "ask",
  "ask": "command",
  "text": "./gradlew test"
}
[2025-04-04T04:35:07.330Z] {
  "ts": 1743741307294,
  "type": "ask",
  "ask": "command_output",
  "text": ""
}
[2025-04-04T04:35:07.715Z] {
  "ts": 1743741307684,
  "type": "ask",
  "ask": "command_output",
  "text": "\r\n"
}
