[2025-04-04T04:47:10.004Z] {
  "ts": 1743742029947,
  "type": "say",
  "say": "text",
  "text": "Your job is to complete a coding exercise described the markdown files inside the `.docs` directory.\n\nA file with the implementation stubbed out has been created for you, along with a test file.\n\nTo successfully complete the exercise, you must pass all the tests in the test file.\n\nTo confirm that your solution is correct, run the tests with `./gradlew test`. Do not alter the test file; it should be run as-is.\n\nDo not use the \"ask_followup_question\" tool.\n"
}
[2025-04-04T04:47:10.067Z] taskStarted -> 9e8e309d-80df-4a6d-9f69-102e71455c60
[2025-04-04T04:47:10.104Z] {
  "ts": 1743742030067,
  "type": "say",
  "say": "api_req_started",
  "text": "{\"request\":\"<task>\\nYour job is to complete a coding exercise described the markdown files inside the `.docs` directory.\\n\\nA file with the implementation stubbed out has been created for you, along with a test file.\\n\\nTo successfully complete the exercise, you must pass all the tests in the test file.\\n\\nTo confirm that your solution is correct, run the tests with `./gradlew test`. Do not alter the test file; it should be run as-is.\\n\\nDo not use the \\\"ask_followup_question\\\" tool.\\n\\n</task>\\n\\nLoading...\"}"
}
[2025-04-04T04:47:14.637Z] {
  "ts": 1743742034168,
  "type": "say",
  "say": "text",
  "text": "Okay, I understand the task. I will complete the coding exercise by implementing the `Series.java` file to pass the tests in `SeriesTest.java`.\n\nFirst, I need to find the exercise description file in the `.docs` directory.",
  "partial": false
}
[2025-04-04T04:47:14.691Z] {
  "ts": 1743742034657,
  "type": "ask",
  "ask": "tool",
  "text": "{\"tool\":\"listFilesTopLevel\",\"path\":\".docs\",\"content\":\"instructions.md\"}"
}
[2025-04-04T04:47:14.744Z] {
  "ts": 1743742034713,
  "type": "say",
  "say": "api_req_started",
  "text": "{\"request\":\"[list_files for '.docs'] Result:\\n\\ninstructions.md\\n\\nLoading...\"}"
}
[2025-04-04T04:47:17.164Z] {
  "ts": 1743742036913,
  "type": "say",
  "say": "text",
  "text": "Okay, I see the instructions file is `.docs/instructions.md`. I will now read its content to understand the exercise requirements.",
  "partial": false
}
[2025-04-04T04:47:17.329Z] {
  "ts": 1743742037175,
  "type": "ask",
  "ask": "tool",
  "text": "{\"tool\":\"readFile\",\"path\":\".docs/instructions.md\",\"isOutsideWorkspace\":false,\"content\":\"/Users/cte/Documents/evals/java/series/.docs/instructions.md\",\"reason\":\" (max 500 lines)\"}",
  "partial": false
}
[2025-04-04T04:47:17.459Z] {
  "ts": 1743742037430,
  "type": "say",
  "say": "api_req_started",
  "text": "{\"request\":\"[read_file for '.docs/instructions.md'] Result:\\n\\n 1 | # Instructions\\n 2 | \\n 3 | Given a string of digits, output all the contiguous substrings of length `n` in that string in the order that they appear.\\n 4 | \\n 5 | For example, the string \\\"49142\\\" has the following 3-digit series:\\n 6 | \\n 7 | - \\\"491\\\"\\n 8 | - \\\"914\\\"\\n 9 | - \\\"142\\\"\\n10 | \\n11 | And the following 4-digit series:\\n12 | \\n13 | - \\\"4914\\\"\\n14 | - \\\"9142\\\"\\n15 | \\n16 | And if you ask for a 6-digit series from a 5-digit string, you deserve whatever you get.\\n17 | \\n18 | Note that these series are only required to occupy _adjacent positions_ in the input;\\n19 | the digits need not be _numerically consecutive_.\\n20 | \\n\\nLoading...\"}"
}
[2025-04-04T04:47:21.771Z] {
  "ts": 1743742041193,
  "type": "say",
  "say": "text",
  "text": "Okay, I understand the requirements. I need to implement the `Series` class in `src/main/java/Series.java` to extract contiguous substrings of a specified length `n` from a given digit string.\n\nFirst, I'll read the existing `Series.java` file to see the stubbed implementation.",
  "partial": false
}
[2025-04-04T04:47:21.972Z] {
  "ts": 1743742041776,
  "type": "ask",
  "ask": "tool",
  "text": "{\"tool\":\"readFile\",\"path\":\"src/main/java/Series.java\",\"isOutsideWorkspace\":false,\"content\":\"/Users/cte/Documents/evals/java/series/src/main/java/Series.java\",\"reason\":\" (max 500 lines)\"}",
  "partial": false
}
[2025-04-04T04:47:22.120Z] {
  "ts": 1743742042091,
  "type": "say",
  "say": "api_req_started",
  "text": "{\"request\":\"[read_file for 'src/main/java/Series.java'] Result:\\n\\n 1 | import java.util.List;\\n 2 | \\n 3 | class Series {\\n 4 |     Series(String string) {\\n 5 |         throw new UnsupportedOperationException(\\\"Please implement the Series(string) constructor.\\\");\\n 6 |     }\\n 7 | \\n 8 |     List<String> slices(int num) {\\n 9 |         throw new UnsupportedOperationException(\\\"Please implement the Series.slices() method.\\\");\\n10 |     }\\n11 | }\\n12 | \\n\\nLoading...\"}"
}
[2025-04-04T04:47:29.071Z] {
  "ts": 1743742046265,
  "type": "say",
  "say": "text",
  "text": "Okay, I see the stubbed implementation. I will now implement the `Series` class according to the requirements.\n\nI'll store the input string in a private field. The `slices` method will iterate through the string, extract substrings of the specified length, and add them to a list. I'll also add input validation to handle cases where the requested slice length (`num`) is invalid (less than 1 or greater than the string length).\n\n```java\nimport java.util.ArrayList;\nimport java.util.List;\n\nclass Series {\n    private String seriesString;\n\n    Series(String string) {\n        if (string == null) {\n            throw new IllegalArgumentException(\"Input string cannot be null.\");\n        }\n        this.seriesString = string;\n    }\n\n    List<String> slices(int num) {\n        if (num <= 0) {\n            throw new IllegalArgumentException(\"Slice size must be positive.\");\n        }\n        if (num > this.seriesString.length()) {\n            throw new IllegalArgumentException(\"Slice size cannot be greater than the series length.\");\n        }\n\n        List<String> result = new ArrayList<>();\n        for (int i = 0; i <= this.seriesString.length() - num; i++) {\n            result.add(this.seriesString.substring(i, i + num));\n        }\n        return result;\n    }\n}\n```\n\nNow, I'll write this implementation to the `src/main/java/Series.java` file.",
  "partial": false
}
[2025-04-04T04:47:31.488Z] {
  "ts": 1743742049320,
  "type": "ask",
  "ask": "tool",
  "text": "{\"tool\":\"editedExistingFile\",\"path\":\"src/main/java/Series.java\",\"isOutsideWorkspace\":false,\"diff\":\"@@ -1,11 +1,28 @@\\n+import java.util.ArrayList;\\n import java.util.List;\\n \\n class Series {\\n+    private String seriesString;\\n+\\n     Series(String string) {\\n-        throw new UnsupportedOperationException(\\\"Please implement the Series(string) constructor.\\\");\\n+        if (string == null) {\\n+            throw new IllegalArgumentException(\\\"Input string cannot be null.\\\");\\n+        }\\n+        this.seriesString = string;\\n     }\\n \\n     List<String> slices(int num) {\\n-        throw new UnsupportedOperationException(\\\"Please implement the Series.slices() method.\\\");\\n+        if (num <= 0) {\\n+            throw new IllegalArgumentException(\\\"Slice size must be positive.\\\");\\n+        }\\n+        if (num > this.seriesString.length()) {\\n+            throw new IllegalArgumentException(\\\"Slice size cannot be greater than the series length.\\\");\\n+        }\\n+\\n+        List<String> result = new ArrayList<>();\\n+        for (int i = 0; i <= this.seriesString.length() - num; i++) {\\n+            result.add(this.seriesString.substring(i, i + num));\\n+        }\\n+        return result;\\n     }\\n-}\\n+}\\n\\\\ No newline at end of file\\n\"}",
  "partial": false
}
[2025-04-04T04:47:32.799Z] {
  "ts": 1743742052756,
  "type": "say",
  "say": "api_req_started",
  "text": "{\"request\":\"[write_to_file for 'src/main/java/Series.java'] Result:\\n\\nThe content was successfully saved to src/main/java/Series.java.\\n\\nLoading...\"}"
}
[2025-04-04T04:47:35.405Z] {
  "ts": 1743742055135,
  "type": "say",
  "say": "text",
  "text": "Okay, the implementation has been written to `src/main/java/Series.java`.\n\nNow, I will run the tests using the command `./gradlew test` to check if the implementation passes all the tests.",
  "partial": false
}
[2025-04-04T04:47:35.592Z] {
  "ts": 1743742055410,
  "type": "ask",
  "ask": "command",
  "text": "./gradlew test",
  "partial": false
}
[2025-04-04T04:47:37.665Z] {
  "ts": 1743742057632,
  "type": "ask",
  "ask": "command_output",
  "text": ""
}
[2025-04-04T04:47:38.631Z] {
  "ts": 1743742058486,
  "type": "ask",
  "ask": "command_output",
  "text": "<-------------> 0% WAITING> IDLE%                                                                                    \r \r"
}
[2025-04-04T04:47:38.631Z] {
  "ts": 1743742058485,
  "type": "ask",
  "ask": "command_output",
  "text": "\r\n\r\n<===========--> 85% EXECUTING [112ms]> :test > 0 tests completed<===========--> 85% EXECUTING [208ms]<===========--> 85% EXECUTING [308ms]\r\n> Task :test FAILED\r\n\r\nSeriesTest > slicesOfTwo() PASSED\r\n\r\nSeriesTest > sliceLengthNegative() FAILED\r\n    org.opentest4j.AssertionFailedError: \r\n    Expecting message to be:\r\n      \"slice length cannot be negative or zero\"\r\n    but was:\r\n      \"Slice size must be positive.\"\r\n\r\n    Throwable that failed the check:\r\n\r\n    java.lang.IllegalArgumentException: Slice size must be positive.\r\n        at Series.slices(Series.java:16)\r\n        at SeriesTest.lambda$sliceLengthNegative$3(SeriesTest.java:107)\r\n        at org.assertj.core.api.ThrowableAssert.catchThrowable(ThrowableAssert.java:63)\r\n        at org.assertj.core.api.ThrowableTypeAssert.isThrownBy(ThrowableTypeAssert.java:59)\r\n        at SeriesTest.sliceLengthNegative(SeriesTest.java:107)\r\n        at java.base/jdk.internal.reflect.NativeMethodAccessorImpl.invoke0(Native Method)\r\n        at java.base/jdk.internal.reflect.NativeMethodAccessorImpl.invoke(NativeMethodAccessorImpl.java:77)\r\n        at java.base/jdk.internal.reflect.DelegatingMethodAccessorImpl.invoke(DelegatingMethodAccessorImpl.java:43)\r\n        at java.base/java.lang.reflect.Method.invoke(Method.java:569)\r\n        at org.junit.platform.commons.util.ReflectionUtils.invokeMethod(ReflectionUtils.java:728)\r\n        at org.junit.jupiter.engine.execution.MethodInvocation.proceed(MethodInvocation.java:60)\r\n        at org.junit.jupiter.engine.execution.InvocationInterceptorChain$ValidatingInvocation.proceed(InvocationInterceptorChain.java:131)\r\n        at org.junit.jupiter.engine.extension.TimeoutExtension.intercept(TimeoutExtension.java:156)\r\n        at org.junit.jupiter.engine.extension.TimeoutExtension.interceptTestableMethod(TimeoutExtension.java:147)\r\n        at org.junit.jupiter.engine.extension.TimeoutExtension.interceptTestMethod(TimeoutExtension.java:86)\r\n        at org.junit.jupiter.engine.execution.InterceptingExecutableInvoker$ReflectiveInterceptorCall.lambda$ofVoidMethod$0(InterceptingExecutableInvoker.java:103)\r\n        at org.junit.jupiter.engine.execution.InterceptingExecutableInvoker.lambda$invoke$0(InterceptingExecutableInvoker.java:93)\r\n        at org.junit.jupiter.engine.execution.InvocationInterceptorChain$InterceptedInvocation.proceed(InvocationInterceptorChain.java:106)\r\n        at org.junit.jupiter.engine.execution.InvocationInterceptorChain.proceed(InvocationInterceptorChain.java:64)\r\n        at org.junit.jupiter.engine.execution.InvocationInterceptorChain.chainAndInvoke(InvocationInterceptorChain.java:45)\r\n        at org.junit.jupiter.engine.execution.InvocationInterceptorChain.invoke(InvocationInterceptorChain.java:37)\r\n        at org.junit.jupiter.engine.execution.InterceptingExecutableInvoker.invoke(InterceptingExecutableInvoker.java:92)\r\n        at org.junit.jupiter.engine.execution.InterceptingExecutableInvoker.invoke(InterceptingExecutableInvoker.java:86)\r\n        at org.junit.jupiter.engine.descriptor.TestMethodTestDescriptor.lambda$invokeTestMethod$7(TestMethodTestDescriptor.java:218)\r\n        at org.junit.platform.engine.support.hierarchical.ThrowableCollector.execute(ThrowableCollector.java:73)\r\n        at org.junit.jupiter.engine.descriptor.TestMethodTestDescriptor.invokeTestMethod(TestMethodTestDescriptor.java:214)\r\n        at org.junit.jupiter.engine.descriptor.TestMethodTestDescriptor.execute(TestMethodTestDescriptor.java:139)\r\n        at org.junit.jupiter.engine.descriptor.TestMethodTestDescriptor.execute(TestMethodTestDescriptor.java:69)\r\n        at org.junit.platform.engine.support.hierarchical.NodeTestTask.lambda$executeRecursively$6(NodeTestTask.java:151)\r\n        at org.junit.platform.engine.support.hierarchical.ThrowableCollector.execute(ThrowableCollector.java:73)\r\n        at org.junit.platform.engine.support.hierarchical.NodeTestTask.lambda$executeRecursively$8(NodeTestTask.java:141)\r\n        at org.junit.platform.engine.support.hierarchical.Node.around(Node.java:137)\r\n        at org.junit.platform.engine.support.hierarchical.NodeTestTask.lambda$executeRecursively$9(NodeTestTask.java:139)\r\n        at org.junit.platform.engine.support.hierarchical.ThrowableCollector.execute(ThrowableCollector.java:73)\r\n        at org.junit.platform.engine.support.hierarchical.NodeTestTask.executeRecursively(NodeTestTask.java:138)\r\n        at org.junit.platform.engine.support.hierarchical.NodeTestTask.execute(NodeTestTask.java:95)\r\n        at java.base/java.util.ArrayList.forEach(ArrayList.java:1511)\r\n        at org.junit.platform.engine.support.hierarchical.SameThreadHierarchicalTestExecutorService.invokeAll(SameThreadHierarchicalTestExecutorService.java:41)\r\n        at org.junit.platform.engine.support.hierarchical.NodeTestTask.lambda$executeRecursively$6(NodeTestTask.java:155)\r\n        at org.junit.platform.engine.support.hierarchical.ThrowableCollector.execute(ThrowableCollector.java:73)\r\n        at org.junit.platform.engine.support.hierarchical.NodeTestTask.lambda$executeRecursively$8(NodeTestTask.java:141)\r\n        at org.junit.platform.engine.support.hierarchical.Node.around(Node.java:137)\r\n        at org.junit.platform.engine.support.hierarchical.NodeTestTask.lambda$executeRecursively$9(NodeTestTask.java:139)\r\n        at org.junit.platform.engine.support.hierarchical.ThrowableCollector.execute(ThrowableCollector.java:73)\r\n        at org.junit.platform.engine.support.hierarchical.NodeTestTask.executeRecursively(NodeTestTask.java:138)\r\n        at org.junit.platform.engine.support.hierarchical.NodeTestTask.execute(NodeTestTask.java:95)\r\n        at java.base/java.util.ArrayList.forEach(ArrayList.java:1511)\r\n        at org.junit.platform.engine.support.hierarchical.SameThreadHierarchicalTestExecutorService.invokeAll(SameThreadHierarchicalTestExecutorService.java:41)\r\n        at org.junit.platform.engine.support.hierarchical.NodeTestTask.lambda$executeRecursively$6(NodeTestTask.java:155)\r\n        at org.junit.platform.engine.support.hierarchical.ThrowableCollector.execute(ThrowableCollector.java:73)\r\n        at org.junit.platform.engine.support.hierarchical.NodeTestTask.lambda$executeRecursively$8(NodeTestTask.java:141)\r\n        at org.junit.platform.engine.support.hierarchical.Node.around(Node.java:137)\r\n        at org.junit.platform.engine.support.hierarchical.NodeTestTask.lambda$executeRecursively$9(NodeTestTask.java:139)\r\n        at org.junit.platform.engine.support.hierarchical.ThrowableCollector.execute(ThrowableCollector.java:73)\r\n        at org.junit.platform.engine.support.hierarchical.NodeTestTask.executeRecursively(NodeTestTask.java:138)\r\n        at org.junit.platform.engine.support.hierarchical.NodeTestTask.execute(NodeTestTask.java:95)\r\n        at org.junit.platform.engine.support.hierarchical.SameThreadHierarchicalTestExecutorService.submit(SameThreadHierarchicalTestExecutorService.java:35)\r\n        at org.junit.platform.engine.support.hierarchical.HierarchicalTestExecutor.execute(HierarchicalTestExecutor.java:57)\r\n        at org.junit.platform.engine.support.hierarchical.HierarchicalTestEngine.execute(HierarchicalTestEngine.java:54)\r\n        at org.junit.platform.launcher.core.EngineExecutionOrchestrator.execute(EngineExecutionOrchestrator.java:107)\r\n        at org.junit.platform.launcher.core.EngineExecutionOrchestrator.execute(EngineExecutionOrchestrator.java:88)\r\n        at org.junit.platform.launcher.core.EngineExecutionOrchestrator.lambda$execute$0(EngineExecutionOrchestrator.java:54)\r\n        at org.junit.platform.launcher.core.EngineExecutionOrchestrator.withInterceptedStreams(EngineExecutionOrchestrator.java:67)\r\n        at org.junit.platform.launcher.core.EngineExecutionOrchestrator.execute(EngineExecutionOrchestrator.java:52)\r\n        at org.junit.platform.launcher.core.DefaultLauncher.execute(DefaultLauncher.java:114)\r\n        at org.junit.platform.launcher.core.DefaultLauncher.execute(DefaultLauncher.java:86)\r\n        at org.junit.platform.launcher.core.DefaultLauncherSession$DelegatingLauncher.execute(DefaultLauncherSession.java:86)\r\n        at org.gradle.api.internal.tasks.testing.junitplatform.JUnitPlatformTestClassProcessor$CollectAllTestClassesExecutor.processAllTestClasses(JUnitPlatformTestClassProcessor.java:119)\r\n        at org.gradle.api.internal.tasks.testing.junitplatform.JUnitPlatformTestClassProcessor$CollectAllTestClassesExecutor.access$000(JUnitPlatformTestClassProcessor.java:94)\r\n        at org.gradle.api.internal.tasks.testing.junitplatform.JUnitPlatformTestClassProcessor.stop(JUnitPlatformTestClassProcessor.java:89)\r\n        at org.gradle.api.internal.tasks.testing.SuiteTestClassProcessor.stop(SuiteTestClassProcessor.java:62)\r\n        at java.base/jdk.internal.reflect.NativeMethodAccessorImpl.invoke0(Native Method)\r\n        at java.base/jdk.internal.reflect.NativeMethodAccessorImpl.invoke(NativeMethodAccessorImpl.java:77)\r\n        at java.base/jdk.internal.reflect.DelegatingMethodAccessorImpl.invoke(DelegatingMethodAccessorImpl.java:43)\r\n        at java.base/java.lang.reflect.Method.invoke(Method.java:569)\r\n        at org.gradle.internal.dispatch.ReflectionDispatch.dispatch(ReflectionDispatch.java:36)\r\n        at org.gradle.internal.dispatch.ReflectionDispatch.dispatch(ReflectionDispatch.java:24)\r\n        at org.gradle.internal.dispatch.ContextClassLoaderDispatch.dispatch(ContextClassLoaderDispatch.java:33)\r\n        at org.gradle.internal.dispatch.ProxyDispatchAdapter$DispatchingInvocationHandler.invoke(ProxyDispatchAdapter.java:94)\r\n        at jdk.proxy1/jdk.proxy1.$Proxy2.stop(Unknown Source)\r\n        at org.gradle.api.internal.tasks.testing.worker.TestWorker$3.run(TestWorker.java:193)\r\n        at org.gradle.api.internal.tasks.testing.worker.TestWorker.executeAndMaintainThreadName(TestWorker.java:129)\r\n        at org.gradle.api.internal.tasks.testing.worker.TestWorker.execute(TestWorker.java:100)\r\n        at org.gradle.api.internal.tasks.testing.worker.TestWorker.execute(TestWorker.java:60)\r\n        at org.gradle.process.internal.worker.child.ActionExecutionWorker.execute(ActionExecutionWorker.java:56)\r\n        at org.gradle.process.internal.worker.child.SystemApplicationClassLoaderWorker.call(SystemApplicationClassLoaderWorker.java:113)\r\n        at org.gradle.process.internal.worker.child.SystemApplicationClassLoaderWorker.call(SystemApplicationClassLoaderWorker.java:65)\r\n        at worker.org.gradle.process.internal.worker.GradleWorkerMain.run(GradleWorkerMain.java:69)\r\n        at worker.org.gradle.process.internal.worker.GradleWorkerMain.main(GradleWorkerMain.java:74)\r\n        at java.base@17.0.14/jdk.internal.reflect.NativeConstructorAccessorImpl.newInstance0(Native Method)\r\n        at java.base@17.0.14/jdk.internal.reflect.NativeConstructorAccessorImpl.newInstance(NativeConstructorAccessorImpl.java:77)\r\n        at java.base@17.0.14/jdk.internal.reflect.DelegatingConstructorAccessorImpl.newInstance(DelegatingConstructorAccessorImpl.java:45)\r\n        at java.base@17.0.14/java.lang.reflect.Constructor.newInstanceWithCaller(Constructor.java:500)\r\n        at app//SeriesTest.sliceLengthNegative(SeriesTest.java:108)\r\n\r\nSeriesTest > slicesOfTwoOverlap() PASSED\r\n\r\nSeriesTest > slicesOfLongSeries() PASSED\r\n\r\nSeriesTest > slicesOfOneFromOne() PASSED\r\n\r\nSeriesTest > slicesOfOneFromTwo() PASSED\r\n\r\nSeriesTest > sliceLengthZero() FAILED\r\n    org.opentest4j.AssertionFailedError: \r\n    Expecting message to be:\r\n      \"slice length cannot be negative or zero\"\r\n    but was:\r\n      \"Slice size must be positive.\"\r\n\r\n    Throwable that failed the check:\r\n\r\n    java.lang.IllegalArgumentException: Slice size must be positive.\r\n        at Series.slices(Series.java:16)\r\n        at SeriesTest.lambda$sliceLengthZero$2(SeriesTest.java:98)\r\n        at org.assertj.core.api.ThrowableAssert.catchThrowable(ThrowableAssert.java:63)\r\n        at org.assertj.core.api.ThrowableTypeAssert.isThrownBy(ThrowableTypeAssert.java:59)\r\n        at SeriesTest.sliceLengthZero(SeriesTest.java:98)\r\n        at java.base/jdk.internal.reflect.NativeMethodAccessorImpl.invoke0(Native Method)\r\n        at java.base/jdk.internal.reflect.NativeMethodAccessorImpl.invoke(NativeMethodAccessorImpl.java:77)\r\n        at java.base/jdk.internal.reflect.DelegatingMethodAccessorImpl.invoke(DelegatingMethodAccessorImpl.java:43)\r\n        at java.base/java.lang.reflect.Method.invoke(Method.java:569)\r\n        at org.junit.platform.commons.util.ReflectionUtils.invokeMethod(ReflectionUtils.java:728)\r\n        at org.junit.jupiter.engine.execution.MethodInvocation.proceed(MethodInvocation.java:60)\r\n        at org.junit.jupiter.engine.execution.InvocationInterceptorChain$ValidatingInvocation.proceed(InvocationInterceptorChain.java:131)\r\n        at org.junit.jupiter.engine.extension.TimeoutExtension.intercept(TimeoutExtension.java:156)\r\n        at org.junit.jupiter.engine.extension.TimeoutExtension.interceptTestableMethod(TimeoutExtension.java:147)\r\n        at org.junit.jupiter.engine.extension.TimeoutExtension.interceptTestMethod(TimeoutExtension.java:86)\r\n        at org.junit.jupiter.engine.execution.InterceptingExecutableInvoker$ReflectiveInterceptorCall.lambda$ofVoidMethod$0(InterceptingExecutableInvoker.java:103)\r\n        at org.junit.jupiter.engine.execution.InterceptingExecutableInvoker.lambda$invoke$0(InterceptingExecutableInvoker.java:93)\r\n        at org.junit.jupiter.engine.execution.InvocationInterceptorChain$InterceptedInvocation.proceed(InvocationInterceptorChain.java:106)\r\n        at org.junit.jupiter.engine.execution.InvocationInterceptorChain.proceed(InvocationInterceptorChain.java:64)\r\n        at org.junit.jupiter.engine.execution.InvocationInterceptorChain.chainAndInvoke(InvocationInterceptorChain.java:45)\r\n        at org.junit.jupiter.engine.execution.InvocationInterceptorChain.invoke(InvocationInterceptorChain.java:37)\r\n        at org.junit.jupiter.engine.execution.InterceptingExecutableInvoker.invoke(InterceptingExecutableInvoker.java:92)\r\n        at org.junit.jupiter.engine.execution.InterceptingExecutableInvoker.invoke(InterceptingExecutableInvoker.java:86)\r\n        at org.junit.jupiter.engine.descriptor.TestMethodTestDescriptor.lambda$invokeTestMethod$7(TestMethodTestDescriptor.java:218)\r\n        at org.junit.platform.engine.support.hierarchical.ThrowableCollector.execute(ThrowableCollector.java:73)\r\n        at org.junit.jupiter.engine.descriptor.TestMethodTestDescriptor.invokeTestMethod(TestMethodTestDescriptor.java:214)\r\n        at org.junit.jupiter.engine.descriptor.TestMethodTestDescriptor.execute(TestMethodTestDescriptor.java:139)\r\n        at org.junit.jupiter.engine.descriptor.TestMethodTestDescriptor.execute(TestMethodTestDescriptor.java:69)\r\n        at org.junit.platform.engine.support.hierarchical.NodeTestTask.lambda$executeRecursively$6(NodeTestTask.java:151)\r\n        at org.junit.platform.engine.support.hierarchical.ThrowableCollector.execute(ThrowableCollector.java:73)\r\n        at org.junit.platform.engine.support.hierarchical.NodeTestTask.lambda$executeRecursively$8(NodeTestTask.java:141)\r\n        at org.junit.platform.engine.support.hierarchical.Node.around(Node.java:137)\r\n        at org.junit.platform.engine.support.hierarchical.NodeTestTask.lambda$executeRecursively$9(NodeTestTask.java:139)\r\n        at org.junit.platform.engine.support.hierarchical.ThrowableCollector.execute(ThrowableCollector.java:73)\r\n        at org.junit.platform.engine.support.hierarchical.NodeTestTask.executeRecursively(NodeTestTask.java:138)\r\n        at org.junit.platform.engine.support.hierarchical.NodeTestTask.execute(NodeTestTask.java:95)\r\n        at java.base/java.util.ArrayList.forEach(ArrayList.java:1511)\r\n        at org.junit.platform.engine.support.hierarchical.SameThreadHierarchicalTestExecutorService.invokeAll(SameThreadHierarchicalTestExecutorService.java:41)\r\n        at org.junit.platform.engine.support.hierarchical.NodeTestTask.lambda$executeRecursively$6(NodeTestTask.java:155)\r\n        at org.junit.platform.engine.support.hierarchical.ThrowableCollector.execute(ThrowableCollector.java:73)\r\n        at org.junit.platform.engine.support.hierarchical.NodeTestTask.lambda$executeRecursively$8(NodeTestTask.java:141)\r\n        at org.junit.platform.engine.support.hierarchical.Node.around(Node.java:137)\r\n        at org.junit.platform.engine.support.hierarchical.NodeTestTask.lambda$executeRecursively$9(NodeTestTask.java:139)\r\n        at org.junit.platform.engine.support.hierarchical.ThrowableCollector.execute(ThrowableCollector.java:73)\r\n        at org.junit.platform.engine.support.hierarchical.NodeTestTask.executeRecursively(NodeTestTask.java:138)\r\n        at org.junit.platform.engine.support.hierarchical.NodeTestTask.execute(NodeTestTask.java:95)\r\n        at java.base/java.util.ArrayList.forEach(ArrayList.java:1511)\r\n        at org.junit.platform.engine.support.hierarchical.SameThreadHierarchicalTestExecutorService.invokeAll(SameThreadHierarchicalTestExecutorService.java:41)\r\n        at org.junit.platform.engine.support.hierarchical.NodeTestTask.lambda$executeRecursively$6(NodeTestTask.java:155)\r\n        at org.junit.platform.engine.support.hierarchical.ThrowableCollector.execute(ThrowableCollector.java:73)\r\n        at org.junit.platform.engine.support.hierarchical.NodeTestTask.lambda$executeRecursively$8(NodeTestTask.java:141)\r\n        at org.junit.platform.engine.support.hierarchical.Node.around(Node.java:137)\r\n        at org.junit.platform.engine.support.hierarchical.NodeTestTask.lambda$executeRecursively$9(NodeTestTask.java:139)\r\n        at org.junit.platform.engine.support.hierarchical.ThrowableCollector.execute(ThrowableCollector.java:73)\r\n        at org.junit.platform.engine.support.hierarchical.NodeTestTask.executeRecursively(NodeTestTask.java:138)\r\n        at org.junit.platform.engine.support.hierarchical.NodeTestTask.execute(NodeTestTask.java:95)\r\n        at org.junit.platform.engine.support.hierarchical.SameThreadHierarchicalTestExecutorService.submit(SameThreadHierarchicalTestExecutorService.java:35)\r\n        at org.junit.platform.engine.support.hierarchical.HierarchicalTestExecutor.execute(HierarchicalTestExecutor.java:57)\r\n        at org.junit.platform.engine.support.hierarchical.HierarchicalTestEngine.execute(HierarchicalTestEngine.java:54)\r\n        at org.junit.platform.launcher.core.EngineExecutionOrchestrator.execute(EngineExecutionOrchestrator.java:107)\r\n        at org.junit.platform.launcher.core.EngineExecutionOrchestrator.execute(EngineExecutionOrchestrator.java:88)\r\n        at org.junit.platform.launcher.core.EngineExecutionOrchestrator.lambda$execute$0(EngineExecutionOrchestrator.java:54)\r\r\n        at org.junit.platform.launcher.core.EngineExecutionOrchestrator.withInterceptedStreams(EngineExecutionOrchestrator.java:67)\r\n        at org.junit.platform.launcher.core.EngineExecutionOrchestrator.execute(EngineExecutionOrchestrator.java:52)\r\n        at org.junit.platform.launcher.core.DefaultLauncher.execute(DefaultLauncher.java:114)\r\n        at org.junit.platform.launcher.core.DefaultLauncher.execute(DefaultLauncher.java:86)\r\n        at org.junit.platform.launcher.core.DefaultLauncherSession$DelegatingLauncher.execute(DefaultLauncherSession.java:86)\r\n        at org.gradle.api.internal.tasks.testing.junitplatform.JUnitPlatformTestClassProcessor$CollectAllTestClassesExecutor.processAllTestClasses(JUnitPlatformTestClassProcessor.java:119)\r\n        at org.gradle.api.internal.tasks.testing.junitplatform.JUnitPlatformTestClassProcessor$CollectAllTestClassesExecutor.access$000(JUnitPlatformTestClassProcessor.java:94)\r\n        at org.gradle.api.internal.tasks.testing.junitplatform.JUnitPlatformTestClassProcessor.stop(JUnitPlatformTestClassProcessor.java:89)\r\n        at org.gradle.api.internal.tasks.testing.SuiteTestClassProcessor.stop(SuiteTestClassProcessor.java:62)\r\n        at java.base/jdk.internal.reflect.NativeMethodAccessorImpl.invoke0(Native Method)\r\n        at java.base/jdk.internal.reflect.NativeMethodAccessorImpl.invoke(NativeMethodAccessorImpl.java:77)\r\n        at java.base/jdk.internal.reflect.DelegatingMethodAccessorImpl.invoke(DelegatingMethodAccessorImpl.java:43)\r\n        at java.base/java.lang.reflect.Method.invoke(Method.java:569)\r\n        at org.gradle.internal.dispatch.ReflectionDispatch.dispatch(ReflectionDispatch.java:36)\r\n        at org.gradle.internal.dispatch.ReflectionDispatch.dispatch(ReflectionDispatch.java:24)\r\n        at org.gradle.internal.dispatch.ContextClassLoaderDispatch.dispatch(ContextClassLoaderDispatch.java:33)\r\n        at org.gradle.internal.dispatch.ProxyDispatchAdapter$DispatchingInvocationHandler.invoke(ProxyDispatchAdapter.java:94)\r\n        at jdk.proxy1/jdk.proxy1.$Proxy2.stop(Unknown Source)\r\n        at org.gradle.api.internal.tasks.testing.worker.TestWorker$3.run(TestWorker.java:193)\r\n        at org.gradle.api.internal.tasks.testing.worker.TestWorker.executeAndMaintainThreadName(TestWorker.java:129)\r\n        at org.gradle.api.internal.tasks.testing.worker.TestWorker.execute(TestWorker.java:100)\r\n        at org.gradle.api.internal.tasks.testing.worker.TestWorker.execute(TestWorker.java:60)\r\n        at org.gradle.process.internal.worker.child.ActionExecutionWorker.execute(ActionExecutionWorker.java:56)\r\n        at org.gradle.process.internal.worker.child.SystemApplicationClassLoaderWorker.call(SystemApplicationClassLoaderWorker.java:113)\r\n        at org.gradle.process.internal.worker.child.SystemApplicationClassLoaderWorker.call(SystemApplicationClassLoaderWorker.java:65)\r\n        at worker.org.gradle.process.internal.worker.GradleWorkerMain.run(GradleWorkerMain.java:69)\r\n        at worker.org.gradle.process.internal.worker.GradleWorkerMain.main(GradleWorkerMain.java:74)\r\n        at java.base@17.0.14/jdk.internal.reflect.NativeConstructorAccessorImpl.newInstance0(Native Method)\r\n        at java.base@17.0.14/jdk.internal.reflect.NativeConstructorAccessorImpl.newInstance(NativeConstructorAccessorImpl.java:77)\r\n        at java.base@17.0.14/jdk.internal.reflect.DelegatingConstructorAccessorImpl.newInstance(DelegatingConstructorAccessorImpl.java:45)\r\n        at java.base@17.0.14/java.lang.reflect.Constructor.newInstanceWithCaller(Constructor.java:500)\r\n        at app//SeriesTest.sliceLengthZero(SeriesTest.java:99)\r\n\r\nSeriesTest > sliceLengthIsWayToolarge() FAILED\r\n    org.opentest4j.AssertionFailedError: \r\n    Expecting message to be:\r\n      \"slice length cannot be greater than series length\"\r\n    but was:\r\n      \"Slice size cannot be greater than the series length.\"\r\n\r\n    Throwable that failed the check:\r\n\r\n    java.lang.IllegalArgumentException: Slice size cannot be greater than the series length.\r\n        at Series.slices(Series.java:19)\r\n        at SeriesTest.lambda$sliceLengthIsWayToolarge$1(SeriesTest.java:89)\r\n        at org.assertj.core.api.ThrowableAssert.catchThrowable(ThrowableAssert.java:63)\r\n        at org.assertj.core.api.ThrowableTypeAssert.isThrownBy(ThrowableTypeAssert.java:59)\r\n        at SeriesTest.sliceLengthIsWayToolarge(SeriesTest.java:89)\r\n        at java.base/jdk.internal.reflect.NativeMethodAccessorImpl.invoke0(Native Method)\r\n        at java.base/jdk.internal.reflect.NativeMethodAccessorImpl.invoke(NativeMethodAccessorImpl.java:77)\r\n        at java.base/jdk.internal.reflect.DelegatingMethodAccessorImpl.invoke(DelegatingMethodAccessorImpl.java:43)\r\n        at java.base/java.lang.reflect.Method.invoke(Method.java:569)\r\n        at org.junit.platform.commons.util.ReflectionUtils.invokeMethod(ReflectionUtils.java:728)\r\n        at org.junit.jupiter.engine.execution.MethodInvocation.proceed(MethodInvocation.java:60)\r\n        at org.junit.jupiter.engine.execution.InvocationInterceptorChain$ValidatingInvocation.proceed(InvocationInterceptorChain.java:131)\r\n        at org.junit.jupiter.engine.extension.TimeoutExtension.intercept(TimeoutExtension.java:156)\r\n        at org.junit.jupiter.engine.extension.TimeoutExtension.interceptTestableMethod(TimeoutExtension.java:147)\r\n        at org.junit.jupiter.engine.extension.TimeoutExtension.interceptTestMethod(TimeoutExtension.java:86)\r\n        at org.junit.jupiter.engine.execution.InterceptingExecutableInvoker$ReflectiveInterceptorCall.lambda$ofVoidMethod$0(InterceptingExecutableInvoker.java:103)\r\n        at org.junit.jupiter.engine.execution.InterceptingExecutableInvoker.lambda$invoke$0(InterceptingExecutableInvoker.java:93)\r\n        at org.junit.jupiter.engine.execution.InvocationInterceptorChain$InterceptedInvocation.proceed(InvocationInterceptorChain.java:106)\r\n        at org.junit.jupiter.engine.execution.InvocationInterceptorChain.proceed(InvocationInterceptorChain.java:64)\r\n        at org.junit.jupiter.engine.execution.InvocationInterceptorChain.chainAndInvoke(InvocationInterceptorChain.java:45)\r\n        at org.junit.jupiter.engine.execution.InvocationInterceptorChain.invoke(InvocationInterceptorChain.java:37)\r\n        at org.junit.jupiter.engine.execution.InterceptingExecutableInvoker.invoke(InterceptingExecutableInvoker.java:92)\r\n        at org.junit.jupiter.engine.execution.InterceptingExecutableInvoker.invoke(InterceptingExecutableInvoker.java:86)\r\n        at org.junit.jupiter.engine.descriptor.TestMethodTestDescriptor.lambda$invokeTestMethod$7(TestMethodTestDescriptor.java:218)\r\n        at org.junit.platform.engine.support.hierarchical.ThrowableCollector.execute(ThrowableCollector.java:73)\r\n        at org.junit.jupiter.engine.descriptor.TestMethodTestDescriptor.invokeTestMethod(TestMethodTestDescriptor.java:214)\r\n        at org.junit.jupiter.engine.descriptor.TestMethodTestDescriptor.execute(TestMethodTestDescriptor.java:139)\r\n        at org.junit.jupiter.engine.descriptor.TestMethodTestDescriptor.execute(TestMethodTestDescriptor.java:69)\r\n        at org.junit.platform.engine.support.hierarchical.NodeTestTask.lambda$executeRecursively$6(NodeTestTask.java:151)\r\n        at org.junit.platform.engine.support.hierarchical.ThrowableCollector.execute(ThrowableCollector.java:73)\r\n        at org.junit.platform.engine.support.hierarchical.NodeTestTask.lambda$executeRecursively$8(NodeTestTask.java:141)\r\n        at org.junit.platform.engine.support.hierarchical.Node.around(Node.java:137)\r\n        at org.junit.platform.engine.support.hierarchical.NodeTestTask.lambda$executeRecursively$9(NodeTestTask.java:139)\r\n        at org.junit.platform.engine.support.hierarchical.ThrowableCollector.execute(ThrowableCollector.java:73)\r\n        at org.junit.platform.engine.support.hierarchical.NodeTestTask.executeRecursively(NodeTestTask.java:138)\r\n        at org.junit.platform.engine.support.hierarchical.NodeTestTask.execute(NodeTestTask.java:95)\r\n        at java.base/java.util.ArrayList.forEach(ArrayList.java:1511)\r\n        at org.junit.platform.engine.support.hierarchical.SameThreadHierarchicalTestExecutorService.invokeAll(SameThreadHierarchicalTestExecutorService.java:41)\r\n        at org.junit.platform.engine.support.hierarchical.NodeTestTask.lambda$executeRecursively$6(NodeTestTask.java:155)\r\n        at org.junit.platform.engine.support.hierarchical.ThrowableCollector.execute(ThrowableCollector.java:73)\r\n        at org.junit.platform.engine.support.hierarchical.NodeTestTask.lambda$executeRecursively$8(NodeTestTask.java:141)\r\n        at org.junit.platform.engine.support.hierarchical.Node.around(Node.java:137)\r\n        at org.junit.platform.engine.support.hierarchical.NodeTestTask.lambda$executeRecursively$9(NodeTestTask.java:139)\r\n        at org.junit.platform.engine.support.hierarchical.ThrowableCollector.execute(ThrowableCollector.java:73)\r\n        at org.junit.platform.engine.support.hierarchical.NodeTestTask.executeRecursively(NodeTestTask.java:138)\r\n        at org.junit.platform.engine.support.hierarchical.NodeTestTask.execute(NodeTestTask.java:95)\r\n        at java.base/java.util.ArrayList.forEach(ArrayList.java:1511)\r\n        at org.junit.platform.engine.support.hierarchical.SameThreadHierarchicalTestExecutorService.invokeAll(SameThreadHierarchicalTestExecutorService.java:41)\r\n        at org.junit.platform.engine.support.hierarchical.NodeTestTask.lambda$executeRecursively$6(NodeTestTask.java:155)\r\n        at org.junit.platform.engine.support.hierarchical.ThrowableCollector.execute(ThrowableCollector.java:73)\r\n        at org.junit.platform.engine.support.hierarchical.NodeTestTask.lambda$executeRecursively$8(NodeTestTask.java:141)\r\n        at org.junit.platform.engine.support.hierarchical.Node.around(Node.java:137)\r\n        at org.junit.platform.engine.support.hierarchical.NodeTestTask.lambda$executeRecursively$9(NodeTestTask.java:139)\r\n        at org.junit.platform.engine.support.hierarchical.ThrowableCollector.execute(ThrowableCollector.java:73)\r\n        at org.junit.platform.engine.support.hierarchical.NodeTestTask.executeRecursively(NodeTestTask.java:138)\r\n        at org.junit.platform.engine.support.hierarchical.NodeTestTask.execute(NodeTestTask.java:95)\r\n        at org.junit.platform.engine.support.hierarchical.SameThreadHierarchicalTestExecutorService.submit(SameThreadHierarchicalTestExecutorService.java:35)\r\n        at org.junit.platform.engine.support.hierarchical.HierarchicalTestExecutor.execute(HierarchicalTestExecutor.java:57)\r\n        at org.junit.platform.engine.support.hierarchical.HierarchicalTestEngine.execute(HierarchicalTestEngine.java:54)\r\n        at org.junit.platform.launcher.core.EngineExecutionOrchestrator.execute(EngineExecutionOrchestrator.java:107)\r\n        at org.junit.platform.launcher.core.EngineExecutionOrchestrator.execute(EngineExecutionOrchestrator.java:88)\r\n        at org.junit.platform.launcher.core.EngineExecutionOrchestrator.lambda$execute$0(EngineExecutionOrchestrator.java:54)\r\n        at org.junit.platform.launcher.core.EngineExecutionOrchestrator.withInterceptedStreams(EngineExecutionOrchestrator.java:67)\r\n        at org.junit.platform.launcher.core.EngineExecutionOrchestrator.execute(EngineExecutionOrchestrator.java:52)\r\n        at org.junit.platform.launcher.core.DefaultLauncher.execute(DefaultLauncher.java:114)\r\n        at org.junit.platform.launcher.core.DefaultLauncher.execute(DefaultLauncher.java:86)\r\n        at org.junit.platform.launcher.core.DefaultLauncherSession$DelegatingLauncher.execute(DefaultLauncherSession.java:86)\r\n        at org.gradle.api.internal.tasks.testing.junitplatform.JUnitPlatformTestClassProcessor$CollectAllTestClassesExecutor.processAllTestClasses(JUnitPlatformTestClassProcessor.java:119)\r\n        at org.gradle.api.internal.tasks.testing.junitplatform.JUnitPlatformTestClassProcessor$CollectAllTestClassesExecutor.access$000(JUnitPlatformTestClassProcessor.java:94)\r\n        at org.gradle.api.internal.tasks.testing.junitplatform.JUnitPlatformTestClassProcessor.stop(JUnitPlatformTestClassProcessor.java:89)\r\n        at org.gradle.api.internal.tasks.testing.SuiteTestClassProcessor.stop(SuiteTestClassProcessor.java:62)\r\n        at java.base/jdk.internal.reflect.NativeMethodAccessorImpl.invoke0(Native Method)\r\n        at java.base/jdk.internal.reflect.NativeMethodAccessorImpl.invoke(NativeMethodAccessorImpl.java:77)\r\n        at java.base/jdk.internal.reflect.DelegatingMethodAccessorImpl.invoke(DelegatingMethodAccessorImpl.java:43)\r\n        at java.base/java.lang.reflect.Method.invoke(Method.java:569)\r\n        at org.gradle.internal.dispatch.ReflectionDispatch.dispatch(ReflectionDispatch.java:36)\r\n        at org.gradle.internal.dispatch.ReflectionDispatch.dispatch(ReflectionDispatch.java:24)\r\n        at org.gradle.internal.dispatch.ContextClassLoaderDispatch.dispatch(ContextClassLoaderDispatch.java:33)\r\n        at org.gradle.internal.dispatch.ProxyDispatchAdapter$DispatchingInvocationHandler.invoke(ProxyDispatchAdapter.java:94)\r\n        at jdk.proxy1/jdk.proxy1.$Proxy2.stop(Unknown Source)\r\n        at org.gradle.api.internal.tasks.testing.worker.TestWorker$3.run(TestWorker.java:193)\r\n        at org.gradle.api.internal.tasks.testing.worker.TestWorker.executeAndMaintainThreadName(TestWorker.java:129)\r\n        at org.gradle.api.internal.tasks.testing.worker.TestWorker.execute(TestWorker.java:100)\r\n        at org.gradle.api.internal.tasks.testing.worker.TestWorker.execute(TestWorker.java:60)\r\n        at org.gradle.process.internal.worker.child.ActionExecutionWorker.execute(ActionExecutionWorker.java:56)\r\n        at org.gradle.process.internal.worker.child.SystemApplicationClassLoaderWorker.call(SystemApplicationClassLoaderWorker.java:113)\r\n        at org.gradle.process.internal.worker.child.SystemApplicationClassLoaderWorker.call(SystemApplicationClassLoaderWorker.java:65)\r\n        at worker.org.gradle.process.internal.worker.GradleWorkerMain.run(GradleWorkerMain.java:69)\r\n        at worker.org.gradle.process.internal.worker.GradleWorkerMain.main(GradleWorkerMain.java:74)\r\n        at java.base@17.0.14/jdk.internal.reflect.NativeConstructorAccessorImpl.newInstance0(Native Method)\r\n        at java.base@17.0.14/jdk.internal.reflect.NativeConstructorAccessorImpl.newInstance(NativeConstructorAccessorImpl.java:77)\r\n        at java.base@17.0.14/jdk.internal.reflect.DelegatingConstructorAccessorImpl.newInstance(DelegatingConstructorAccessorImpl.java:45)\r\n        at java.base@17.0.14/java.lang.reflect.Constructor.newInstanceWithCaller(Constructor.java:500)\r\n        at app//SeriesTest.sliceLengthIsWayToolarge(SeriesTest.java:90)\r\n\r\nSeriesTest > sliceLengthIsToolarge() FAILED\r\n    org.opentest4j.AssertionFailedError: \r\n    Expecting message to be:\r\n      \"slice length cannot be greater than series length\"\r\n    but was:\r\n      \"Slice size cannot be greater than the series length.\"\r\n\r\n    Throwable that failed the check:\r\n\r\n    java.lang.IllegalArgumentException: Slice size cannot be greater than the series length.\r\n        at Series.slices(Series.java:19)\r\n        at SeriesTest.lambda$sliceLengthIsToolarge$0(SeriesTest.java:80)\r\n        at org.assertj.core.api.ThrowableAssert.catchThrowable(ThrowableAssert.java:63)\r\n        at org.assertj.core.api.ThrowableTypeAssert.isThrownBy(ThrowableTypeAssert.java:59)\r\n        at SeriesTest.sliceLengthIsToolarge(SeriesTest.java:80)\r\n        at java.base/jdk.internal.reflect.NativeMethodAccessorImpl.invoke0(Native Method)\r\n        at java.base/jdk.internal.reflect.NativeMethodAccessorImpl.invoke(NativeMethodAccessorImpl.java:77)\r\n        at java.base/jdk.internal.reflect.DelegatingMethodAccessorImpl.invoke(DelegatingMethodAccessorImpl.java:43)\r\n        at java.base/java.lang.reflect.Method.invoke(Method.java:569)\r\n        at org.junit.platform.commons.util.ReflectionUtils.invokeMethod(ReflectionUtils.java:728)\r\n        at org.junit.jupiter.engine.execution.MethodInvocation.proceed(MethodInvocation.java:60)\r\n        at org.junit.jupiter.engine.execution.InvocationInterceptorChain$ValidatingInvocation.proceed(InvocationInterceptorChain.java:131)\r\n        at org.junit.jupiter.engine.extension.TimeoutExtension.intercept(TimeoutExtension.java:156)\r\n        at org.junit.jupiter.engine.extension.TimeoutExtension.interceptTestableMethod(TimeoutExtension.java:147)\r\n        at org.junit.jupiter.engine.extension.TimeoutExtension.interceptTestMethod(TimeoutExtension.java:86)\r\n        at org.junit.jupiter.engine.execution.InterceptingExecutableInvoker$ReflectiveInterceptorCall.lambda$ofVoidMethod$0(InterceptingExecutableInvoker.java:103)\r\n        at org.junit.jupiter.engine.execution.InterceptingExecutableInvoker.lambda$invoke$0(InterceptingExecutableInvoker.java:93)\r\n        at org.junit.jupiter.engine.execution.InvocationInterceptorChain$InterceptedInvocation.proceed(InvocationInterceptorChain.java:106)\r\n        at org.junit.jupiter.engine.execution.InvocationInterceptorChain.proceed(InvocationInterceptorChain.java:64)\r\n        at org.junit.jupiter.engine.execution.InvocationInterceptorChain.chainAndInvoke(InvocationInterceptorChain.java:45)\r\n        at org.junit.jupiter.engine.execution.InvocationInterceptorChain.invoke(InvocationInterceptorChain.java:37)\r\n        at org.junit.jupiter.engine.execution.InterceptingExecutableInvoker.invoke(InterceptingExecutableInvoker.java:92)\r\n        at org.junit.jupiter.engine.execution.InterceptingExecutableInvoker.invoke(InterceptingExecutableInvoker.java:86)\r\n        at org.junit.jupiter.engine.descriptor.TestMethodTestDescriptor.lambda$invokeTestMethod$7(TestMethodTestDescriptor.java:218)\r\n        at org.junit.platform.engine.support.hierarchical.ThrowableCollector.execute(ThrowableCollector.java:73)\r\n        at org.junit.jupiter.engine.descriptor.TestMethodTestDescriptor.invokeTestMethod(TestMethodTestDescriptor.java:214)\r\n        at org.junit.jupiter.engine.descriptor.TestMethodTestDescriptor.execute(TestMethodTestDescriptor.java:139)\r\n        at org.junit.jupiter.engine.descriptor.TestMethodTestDescriptor.execute(TestMethodTestDescriptor.java:69)\r\n        at org.junit.platform.engine.support.hierarchical.NodeTestTask.lambda$executeRecursively$6(NodeTestTask.java:151)\r\n        at org.junit.platform.engine.support.hierarchical.ThrowableCollector.execute(ThrowableCollector.java:73)\r\n        at org.junit.platform.engine.support.hierarchical.NodeTestTask.lambda$executeRecursively$8(NodeTestTask.java:141)\r\n        at org.junit.platform.engine.support.hierarchical.Node.around(Node.java:137)\r\n        at org.junit.platform.engine.support.hierarchical.NodeTestTask.lambda$executeRecursively$9(NodeTestTask.java:139)\r\n        at org.junit.platform.engine.support.hierarchical.ThrowableCollector.execute(ThrowableCollector.java:73)\r\n        at org.junit.platform.engine.support.hierarchical.NodeTestTask.executeRecursively(NodeTestTask.java:138)\r\n        at org.junit.platform.engine.support.hierarchical.NodeTestTask.execute(NodeTestTask.java:95)\r\n        at java.base/java.util.ArrayList.forEach(ArrayList.java:1511)\r\n        at org.junit.platform.engine.support.hierarchical.SameThreadHierarchicalTestExecutorService.invokeAll(SameThreadHierarchicalTestExecutorService.java:41)\r\n        at org.junit.platform.engine.support.hierarchical.NodeTestTask.lambda$executeRecursively$6(NodeTestTask.java:155)\r\n        at org.junit.platform.engine.support.hierarchical.ThrowableCollector.execute(ThrowableCollector.java:73)\r\n        at org.junit.platform.engine.support.hierarchical.NodeTestTask.lambda$executeRecursively$8(NodeTestTask.java:141)\r\n        at org.junit.platform.engine.support.hierarchical.Node.around(Node.java:137)\r\n        at org.junit.platform.engine.support.hierarchical.NodeTestTask.lambda$executeRecursively$9(NodeTestTask.java:139)\r\n        at org.junit.platform.engine.support.hierarchical.ThrowableCollector.execute(ThrowableCollector.java:73)\r\n        at org.junit.platform.engine.support.hierarchical.NodeTestTask.executeRecursively(NodeTestTask.java:138)\r\n        at org.junit.platform.engine.support.hierarchical.NodeTestTask.execute(NodeTestTask.java:95)\r\n        at java.base/java.util.ArrayList.forEach(ArrayList.java:1511)\r\n        at org.junit.platform.engine.support.hierarchical.SameThreadHierarchicalTestExecutorService.invokeAll(SameThreadHierarchicalTestExecutorService.java:41)\r\n        at org.junit.platform.engine.support.hierarchical.NodeTestTask.lambda$executeRecursively$6(NodeTestTask.java:155)\r\n        at org.junit.platform.engine.support.hierarchical.ThrowableCollector.execute(ThrowableCollector.java:73)\r\n        at org.junit.platform.engine.support.hierarchical.NodeTestTask.lambda$executeRecursively$8(NodeTestTask.java:141)\r\n        at org.junit.platform.engine.support.hierarchical.Node.around(Node.java:137)\r\n        at org.junit.platform.engine.support.hierarchical.NodeTestTask.lambda$executeRecursively$9(NodeTestTask.java:139)\r\n        at org.junit.platform.engine.support.hierarchical.ThrowableCollector.execute(ThrowableCollector.java:73)\r\n        at org.junit.platform.engine.support.hierarchical.NodeTestTask.executeRecursively(NodeTestTask.java:138)\r\n        at org.junit.platform.engine.support.hierarchical.NodeTestTask.execute(NodeTestTask.java:95)\r\n        at org.junit.platform.engine.support.hierarchical.SameThreadHierarchicalTestExecutorService.submit(SameThreadHierarchicalTestExecutorService.java:35)\r\n        at org.junit.platform.engine.support.hierarchical.HierarchicalTestExecutor.execute(HierarchicalTestExecutor.java:57)\r\n        at org.junit.platform.engine.support.hierarchical.HierarchicalTestEngine.execute(HierarchicalTestEngine.java:54)\r\n        at org.junit.platform.launcher.core.EngineExecutionOrchestrator.execute(EngineExecutionOrchestrator.java:107)\r\n        at org.junit.platform.launcher.core.EngineExecutionOrchestrator.execute(EngineExecutionOrchestrator.java:88)\r\n        at org.junit.platform.launcher.core.EngineExecutionOrchestrator.lambda$execute$0(EngineExecutionOrchestrator.java:54)\r\n        at org.junit.platform.launcher.core.EngineExecutionOrchestrator.withInterceptedStreams(EngineExecutionOrchestrator.java:67)\r\n        at org.junit.platform.launcher.core.EngineExecutionOrchestrator.execute(EngineExecutionOrchestrator.java:52)\r\n        at org.junit.platform.launcher.core.DefaultLauncher.execute(DefaultLauncher.java:114)\r\n        at org.junit.platform.launcher.core.DefaultLauncher.execute(DefaultLauncher.java:86)\r\n        at org.junit.platform.launcher.core.DefaultLauncherSession$DelegatingLauncher.execute(DefaultLauncherSession.java:86)\r\n        at org.gradle.api.internal.tasks.testing.junitplatform.JUnitPlatformTestClassProcessor$CollectAllTestClassesExecutor.processAllTestClasses(JUnitPlatformTestClassProcessor.java:119)\r\n        at org.gradle.api.internal.tasks.testing.junitplatform.JUnitPlatformTestClassProcessor$CollectAllTestClassesExecutor.access$000(JUnitPlatformTestClassProcessor.java:94)\r\n        at org.gradle.api.internal.tasks.testing.junitplatform.JUnitPlatformTestClassProcessor.stop(JUnitPlatformTestClassProcessor.java:89)\r\n        at org.gradle.api.internal.tasks.testing.SuiteTestClassProcessor.stop(SuiteTestClassProcessor.java:62)\r\n        at java.base/jdk.internal.reflect.NativeMethodAccessorImpl.invoke0(Native Method)\r\n        at java.base/jdk.internal.reflect.NativeMethodAccessorImpl.invoke(NativeMethodAccessorImpl.java:77)\r\n        at java.base/jdk.internal.reflect.DelegatingMethodAccessorImpl.invoke(DelegatingMethodAccessorImpl.java:43)\r\n        at java.base/java.lang.reflect.Method.invoke(Method.java:569)\r\n        at org.gradle.internal.dispatch.ReflectionDispatch.dispatch(ReflectionDispatch.java:36)\r\n        at org.gradle.internal.dispatch.ReflectionDispatch.dispatch(ReflectionDispatch.java:24)\r\n        at org.gradle.internal.dispatch.ContextClassLoaderDispatch.dispatch(ContextClassLoaderDispatch.java:33)\r\n        at org.gradle.internal.dispatch.ProxyDispatchAdapter$DispatchingInvocationHandler.invoke(ProxyDispatchAdapter.java:94)\r\n        at jdk.proxy1/jdk.proxy1.$Proxy2.stop(Unknown Source)\r\n        at org.gradle.api.internal.tasks.testing.worker.TestWorker$3.run(TestWorker.java:193)\r\n        at org.gradle.api.internal.tasks.testing.worker.TestWorker.executeAndMaintainThreadName(TestWorker.java:129)\r\n        at org.gradle.api.internal.tasks.testing.worker.TestWorker.execute(TestWorker.java:100)\r\n        at org.gradle.api.internal.tasks.testing.worker.TestWorker.execute(TestWorker.java:60)\r\n        at org.gradle.process.internal.worker.child.ActionExecutionWorker.execute(ActionExecutionWorker.java:56)\r\n        at org.gradle.process.internal.worker.child.SystemApplicationClassLoaderWorker.call(SystemApplicationClassLoaderWorker.java:113)\r\n        at org.gradle.process.internal.worker.child.SystemApplicationClassLoaderWorker.call(SystemApplicationClassLoaderWorker.java:65)\r\n        at worker.org.gradle.process.internal.worker.GradleWorkerMain.run(GradleWorkerMain.java:69)\r\n        at worker.org.gradle.process.internal.worker.GradleWorkerMain.main(GradleWorkerMain.java:74)\r\n        at java.base@17.0.14/jdk.internal.reflect.NativeConstructorAccessorImpl.newInstance0(Native Method)\r\n        at java.base@17.0.14/jdk.internal.reflect.NativeConstructorAccessorImpl.newInstance(NativeConstructorAccessorImpl.java:77)\r\n        at java.base@17.0.14/jdk.internal.reflect.DelegatingConstructorAccessorImpl.newInstance(DelegatingConstructorAccessorImpl.java:45)\r\n        at java.base@17.0.14/java.lang.reflect.Constructor.newInstanceWithCaller(Constructor.java:500)\r\n        at app//SeriesTest.sliceLengthIsToolarge(SeriesTest.java:81)\r\n\r\nSeriesTest > slicesIncludeDuplicates() PASSED\r\n\r\nSeriesTest > emptySeries() FAILED\r\n    java.lang.AssertionError: \r\n    Expecting code to raise a throwable.\r\n        at SeriesTest.emptySeries(SeriesTest.java:115)\r\n\r\n11 tests completed, 5 failed\r\n\r\nFAILURE: Build failed with an exception.\r\n\r\n* What went wrong:\r\nExecution failed for task ':test'.\r\n> There were failing tests. See the report at: file:///Users/cte/Documents/evals/java/series/build/reports/tests/test/index.html\r\n\r\n* Try:\r\n> Run with --scan to get full insights.\r\n\r\nDeprecated Gradle features were used in this build, making it incompatible with Gradle 9.0.\r\n\r\nYou can use '--warning-mode all' to show the individual deprecation warnings and determine if they come from your own scripts or plugins.\r\n\r\nFor more on this, please refer to https://docs.gradle.org/8.7/userguide/command_line_interface.html#sec:command_line_warnings in the Gradle documentation.\r\n\r\nBUILD FAILED in 669ms\r\n3 actionable tasks: 2 executed, 1 up-to-date\r\n\r\n\r\n"
}
[2025-04-04T04:47:38.656Z] {
  "ts": 1743742058559,
  "type": "say",
  "say": "api_req_started",
  "text": "{\"request\":\"[execute_command for './gradlew test'] Result:\\n\\nCommand executed in terminal 1 within working directory '/Users/cte/Documents/evals/java/series'. Command execution was not successful, inspect the cause and adjust as needed.\\nExit code: 1\\nOutput:\\n\\r\\n\\r\\n<===========--> 85% EXECUTING [112ms]> :test > 0 tests completed<===========--> 85% EXECUTING [208ms]<===========--> 85% EXECUTING [308ms]\\r\\n> Task :test FAILED\\r\\n\\r\\nSeriesTest > slicesOfTwo() PASSED\\r\\n\\r\\nSeriesTest > sliceLengthNegative() FAILED\\r\\n    org.opentest4j.AssertionFailedError: \\r\\n    Expecting message to be:\\r\\n      \\\"slice length cannot be negative or zero\\\"\\r\\n    but was:\\r\\n      \\\"Slice size must be positive.\\\"\\r\\n\\r\\n    Throwable that failed the check:\\r\\n\\r\\n    java.lang.IllegalArgumentException: Slice size must be positive.\\r\\n        at Series.slices(Series.java:16)\\r\\n        at SeriesTest.lambda$sliceLengthNegative$3(SeriesTest.java:107)\\r\\n        at org.assertj.core.api.ThrowableAssert.catchThrowable(ThrowableAssert.java:63)\\r\\n        at org.assertj.core.api.ThrowableTypeAssert.isThrownBy(ThrowableTypeAssert.java:59)\\r\\n        at SeriesTest.sliceLengthNegative(SeriesTest.java:107)\\r\\n        at java.base/jdk.internal.reflect.NativeMethodAccessorImpl.invoke0(Native Method)\\r\\n        at java.base/jdk.internal.reflect.NativeMethodAccessorImpl.invoke(NativeMethodAccessorImpl.java:77)\\r\\n        at java.base/jdk.internal.reflect.DelegatingMethodAccessorImpl.invoke(DelegatingMethodAccessorImpl.java:43)\\r\\n        at java.base/java.lang.reflect.Method.invoke(Method.java:569)\\r\\n        at org.junit.platform.commons.util.ReflectionUtils.invokeMethod(ReflectionUtils.java:728)\\r\\n        at org.junit.jupiter.engine.execution.MethodInvocation.proceed(MethodInvocation.java:60)\\r\\n        at org.junit.jupiter.engine.execution.InvocationInterceptorChain$ValidatingInvocation.proceed(InvocationInterceptorChain.java:131)\\r\\n        at org.junit.jupiter.engine.extension.TimeoutExtension.intercept(TimeoutExtension.java:156)\\r\\n        at org.junit.jupiter.engine.extension.TimeoutExtension.interceptTestableMethod(TimeoutExtension.java:147)\\r\\n        at org.junit.jupiter.engine.extension.TimeoutExtension.interceptTestMethod(TimeoutExtension.java:86)\\r\\n        at org.junit.jupiter.engine.execution.InterceptingExecutableInvoker$ReflectiveInterceptorCall.lambda$ofVoidMethod$0(InterceptingExecutableInvoker.java:103)\\r\\n        at org.junit.jupiter.engine.execution.InterceptingExecutableInvoker.lambda$invoke$0(InterceptingExecutableInvoker.java:93)\\r\\n        at org.junit.jupiter.engine.execution.InvocationInterceptorChain$InterceptedInvocation.proceed(InvocationInterceptorChain.java:106)\\r\\n        at org.junit.jupiter.engine.execution.InvocationInterceptorChain.proceed(InvocationInterceptorChain.java:64)\\r\\n        at org.junit.jupiter.engine.execution.InvocationInterceptorChain.chainAndInvoke(InvocationInterceptorChain.java:45)\\r\\n        at org.junit.jupiter.engine.execution.InvocationInterceptorChain.invoke(InvocationInterceptorChain.java:37)\\r\\n        at org.junit.jupiter.engine.execution.InterceptingExecutableInvoker.invoke(InterceptingExecutableInvoker.java:92)\\r\\n        at org.junit.jupiter.engine.execution.InterceptingExecutableInvoker.invoke(InterceptingExecutableInvoker.java:86)\\r\\n        at org.junit.jupiter.engine.descriptor.TestMethodTestDescriptor.lambda$invokeTestMethod$7(TestMethodTestDescriptor.java:218)\\r\\n        at org.junit.platform.engine.support.hierarchical.ThrowableCollector.execute(ThrowableCollector.java:73)\\r\\n        at org.junit.jupiter.engine.descriptor.TestMethodTestDescriptor.invokeTestMethod(TestMethodTestDescriptor.java:214)\\r\\n        at org.junit.jupiter.engine.descriptor.TestMethodTestDescriptor.execute(TestMethodTestDescriptor.java:139)\\r\\n        at org.junit.jupiter.engine.descriptor.TestMethodTestDescriptor.execute(TestMethodTestDescriptor.java:69)\\r\\n        at org.junit.platform.engine.support.hierarchical.NodeTestTask.lambda$executeRecursively$6(NodeTestTask.java:151)\\r\\n        at org.junit.platform.engine.support.hierarchical.ThrowableCollector.execute(ThrowableCollector.java:73)\\r\\n        at org.junit.platform.engine.support.hierarchical.NodeTestTask.lambda$executeRecursively$8(NodeTestTask.java:141)\\r\\n        at org.junit.platform.engine.support.hierarchical.Node.around(Node.java:137)\\r\\n        at org.junit.platform.engine.support.hierarchical.NodeTestTask.lambda$executeRecursively$9(NodeTestTask.java:139)\\r\\n        at org.junit.platform.engine.support.hierarchical.ThrowableCollector.execute(ThrowableCollector.java:73)\\r\\n        at org.junit.platform.engine.support.hierarchical.NodeTestTask.executeRecursively(NodeTestTask.java:138)\\r\\n        at org.junit.platform.engine.support.hierarchical.NodeTestTask.execute(NodeTestTask.java:95)\\r\\n        at java.base/java.util.ArrayList.forEach(ArrayList.java:1511)\\r\\n        at org.junit.platform.engine.support.hierarchical.SameThreadHierarchicalTestExecutorService.invokeAll(SameThreadHierarchicalTestExecutorService.java:41)\\r\\n        at org.junit.platform.engine.support.hierarchical.NodeTestTask.lambda$executeRecursively$6(NodeTestTask.java:155)\\r\\n        at org.junit.platform.engine.support.hierarchical.ThrowableCollector.execute(ThrowableCollector.java:73)\\r\\n        at org.junit.platform.engine.support.hierarchical.NodeTestTask.lambda$executeRecursively$8(NodeTestTask.java:141)\\r\\n        at org.junit.platform.engine.support.hierarchical.Node.around(Node.java:137)\\r\\n        at org.junit.platform.engine.support.hierarchical.NodeTestTask.lambda$executeRecursively$9(NodeTestTask.java:139)\\r\\n        at org.junit.platform.engine.support.hierarchical.ThrowableCollector.execute(ThrowableCollector.java:73)\\r\\n        at org.junit.platform.engine.support.hierarchical.NodeTestTask.executeRecursively(NodeTestTask.java:138)\\r\\n        at org.junit.platform.engine.support.hierarchical.NodeTestTask.execute(NodeTestTask.java:95)\\r\\n        at java.base/java.util.ArrayList.forEach(ArrayList.java:1511)\\r\\n        at org.junit.platform.engine.support.hierarchical.SameThreadHierarchicalTestExecutorService.invokeAll(SameThreadHierarchicalTestExecutorService.java:41)\\r\\n        at org.junit.platform.engine.support.hierarchical.NodeTestTask.lambda$executeRecursively$6(NodeTestTask.java:155)\\r\\n        at org.junit.platform.engine.support.hierarchical.ThrowableCollector.execute(ThrowableCollector.java:73)\\r\\n        at org.junit.platform.engine.support.hierarchical.NodeTestTask.lambda$executeRecursively$8(NodeTestTask.java:141)\\r\\n        at org.junit.platform.engine.support.hierarchical.Node.around(Node.java:137)\\r\\n        at org.junit.platform.engine.support.hierarchical.NodeTestTask.lambda$executeRecursively$9(NodeTestTask.java:139)\\r\\n        at org.junit.platform.engine.support.hierarchical.ThrowableCollector.execute(ThrowableCollector.java:73)\\r\\n        at org.junit.platform.engine.support.hierarchical.NodeTestTask.executeRecursively(NodeTestTask.java:138)\\r\\n        at org.junit.platform.engine.support.hierarchical.NodeTestTask.execute(NodeTestTask.java:95)\\r\\n        at org.junit.platform.engine.support.hierarchical.SameThreadHierarchicalTestExecutorService.submit(SameThreadHierarchicalTestExecutorService.java:35)\\r\\n        at org.junit.platform.engine.support.hierarchical.HierarchicalTestExecutor.execute(HierarchicalTestExecutor.java:57)\\r\\n        at org.junit.platform.engine.support.hierarchical.HierarchicalTestEngine.execute(HierarchicalTestEngine.java:54)\\r\\n        at org.junit.platform.launcher.core.EngineExecutionOrchestrator.execute(EngineExecutionOrchestrator.java:107)\\r\\n        at org.junit.platform.launcher.core.EngineExecutionOrchestrator.execute(EngineExecutionOrchestrator.java:88)\\r\\n        at org.junit.platform.launcher.core.EngineExecutionOrchestrator.lambda$execute$0(EngineExecutionOrchestrator.java:54)\\r\\n        at org.junit.platform.launcher.core.EngineExecutionOrchestrator.withInterceptedStreams(EngineExecutionOrchestrator.java:67)\\r\\n        at org.junit.platform.launcher.core.EngineExecutionOrchestrator.execute(EngineExecutionOrchestrator.java:52)\\r\\n        at org.junit.platform.launcher.core.DefaultLauncher.execute(DefaultLauncher.java:114)\\r\\n        at org.junit.platform.launcher.core.DefaultLauncher.execute(DefaultLauncher.java:86)\\r\\n        at org.junit.platform.launcher.core.DefaultLauncherSession$DelegatingLauncher.execute(DefaultLauncherSession.java:86)\\r\\n        at org.gradle.api.internal.tasks.testing.junitplatform.JUnitPlatformTestClassProcessor$CollectAllTestClassesExecutor.processAllTestClasses(JUnitPlatformTestClassProcessor.java:119)\\r\\n        at org.gradle.api.internal.tasks.testing.junitplatform.JUnitPlatformTestClassProcessor$CollectAllTestClassesExecutor.access$000(JUnitPlatformTestClassProcessor.java:94)\\r\\n        at org.gradle.api.internal.tasks.testing.junitplatform.JUnitPlatformTestClassProcessor.stop(JUnitPlatformTestClassProcessor.java:89)\\r\\n        at org.gradle.api.internal.tasks.testing.SuiteTestClassProcessor.stop(SuiteTestClassProcessor.java:62)\\r\\n        at java.base/jdk.internal.reflect.NativeMethodAccessorImpl.invoke0(Native Method)\\r\\n        at java.base/jdk.internal.reflect.NativeMethodAccessorImpl.invoke(NativeMethodAccessorImpl.java:77)\\r\\n        at java.base/jdk.internal.reflect.DelegatingMethodAccessorImpl.invoke(DelegatingMethodAccessorImpl.java:43)\\r\\n        at java.base/java.lang.reflect.Method.invoke(Method.java:569)\\r\\n        at org.gradle.internal.dispatch.ReflectionDispatch.dispatch(ReflectionDispatch.java:36)\\r\\n        at org.gradle.internal.dispatch.ReflectionDispatch.dispatch(ReflectionDispatch.java:24)\\r\\n        at org.gradle.internal.dispatch.ContextClassLoaderDispatch.dispatch(ContextClassLoaderDispatch.java:33)\\r\\n        at org.gradle.internal.dispatch.ProxyDispatchAdapter$DispatchingInvocationHandler.invoke(ProxyDispatchAdapter.java:94)\\r\\n        at jdk.proxy1/jdk.proxy1.$Proxy2.stop(Unknown Source)\\r\\n        at org.gradle.api.internal.tasks.testing.worker.TestWorker$3.run(TestWorker.java:193)\\r\\n        at org.gradle.api.internal.tasks.testing.worker.TestWorker.executeAndMaintainThreadName(TestWorker.java:129)\\r\\n        at org.gradle.api.internal.tasks.testing.worker.TestWorker.execute(TestWorker.java:100)\\r\\n        at org.gradle.api.internal.tasks.testing.worker.TestWorker.execute(TestWorker.java:60)\\r\\n        at org.gradle.process.internal.worker.child.ActionExecutionWorker.execute(ActionExecutionWorker.java:56)\\r\\n        at org.gradle.process.internal.worker.child.SystemApplicationClassLoaderWorker.call(SystemApplicationClassLoaderWorker.java:113)\\r\\n        at org.gradle.process.internal.worker.child.SystemApplicationClassLoaderWorker.call(SystemApplicationClassLoaderWorker.java:65)\\r\\n        at worker.org.gradle.process.internal.worker.GradleWorkerMain.run(GradleWorkerMain.java:69)\\r\\n        at worker.org.gradle.process.internal.worker.GradleWorkerMain.main(GradleWorkerMain.java:74)\\r\\n        at java.base@17.0.14/jdk.internal.reflect.NativeConstructorAccessorImpl.newInstance0(Native Method)\\r\\n        at java.base@17.0.14/jdk.internal.reflect.NativeConstructorAccessorImpl.newInstance(NativeConstructorAccessorImpl.java:77)\\r\\n        at java.base@17.0.14/jdk.internal.reflect.DelegatingConstructorAccessorImpl.newInstance(DelegatingConstructorAccessorImpl.java:45)\\r\\n        at java.base@17.0.14/java.lang.reflect.Constructor.newInstanceWithCaller(Constructor.java:500)\\r\\n        at app//SeriesTest.sliceLengthNegative(SeriesTest.java:108)\\r\\n\\r\\nSeriesTest > slicesOfTwoOverlap() PASSED\\r\\n\\r\\nSeriesTest > slicesOfLongSeries() PASSED\\r\\n\\r\\nSeriesTest > slicesOfOneFromOne() PASSED\\r\\n\\r\\nSeriesTest > slicesOfOneFromTwo() PASSED\\r\\n\\r\\nSeriesTest > sliceLengthZero() FAILED\\r\\n    org.opentest4j.AssertionFailedError: \\r\\n    Expecting message to be:\\r\\n      \\\"slice length cannot be negative or zero\\\"\\r\\n    but was:\\r\\n      \\\"Slice size must be positive.\\\"\\r\\n\\r\\n    Throwable that failed the check:\\r\\n\\r\\n    java.lang.IllegalArgumentException: Slice size must be positive.\\r\\n        at Series.slices(Series.java:16)\\r\\n        at SeriesTest.lambda$sliceLengthZero$2(SeriesTest.java:98)\\r\\n        at org.assertj.core.api.ThrowableAssert.catchThrowable(ThrowableAssert.java:63)\\r\\n        at org.assertj.core.api.ThrowableTypeAssert.isThrownBy(ThrowableTypeAssert.java:59)\\r\\n        at SeriesTest.sliceLengthZero(SeriesTest.java:98)\\r\\n        at java.base/jdk.internal.reflect.NativeMethodAccessorImpl.invoke0(Native Method)\\r\\n        at java.base/jdk.internal.reflect.NativeMethodAccessorImpl.invoke(NativeMethodAccessorImpl.java:77)\\r\\n        at java.base/jdk.internal.reflect.DelegatingMethodAccessorImpl.invoke(DelegatingMethodAccessorImpl.java:43)\\r\\n        at java.base/java.lang.reflect.Method.invoke(Method.java:569)\\r\\n        at org.junit.platform.commons.util.ReflectionUtils.invokeMethod(ReflectionUtils.java:728)\\r\\n        at org.junit.jupiter.engine.execution.MethodInvocation.proceed(MethodInvocation.java:60)\\r\\n        at org.junit.jupiter.engine.execution.InvocationInterceptorChain$ValidatingInvocation.proceed(InvocationInterceptorChain.java:131)\\r\\n        at org.junit.jupiter.engine.extension.TimeoutExtension.intercept(TimeoutExtension.java:156)\\r\\n        at org.junit.jupiter.engine.extension.TimeoutExtension.interceptTestableMethod(TimeoutExtension.java:147)\\r\\n        at org.junit.jupiter.engine.extension.TimeoutExtension.interceptTestMethod(TimeoutExtension.java:86)\\r\\n        at org.junit.jupiter.engine.execution.InterceptingExecutableInvoker$ReflectiveInterceptorCall.lambda$ofVoidMethod$0(InterceptingExecutableInvoker.java:103)\\r\\n        at org.junit.jupiter.engine.execution.InterceptingExecutableInvoker.lambda$invoke$0(InterceptingExecutableInvoker.java:93)\\r\\n        at org.junit.jupiter.engine.execution.InvocationInterceptorChain$InterceptedInvocation.proceed(InvocationInterceptorChain.java:106)\\r\\n        at org.junit.jupiter.engine.execution.InvocationInterceptorChain.proceed(InvocationInterceptorChain.java:64)\\r\\n        at org.junit.jupiter.engine.execution.InvocationInterceptorChain.chainAndInvoke(InvocationInterceptorChain.java:45)\\r\\n        at org.junit.jupiter.engine.execution.InvocationInterceptorChain.invoke(InvocationInterceptorChain.java:37)\\r\\n        at org.junit.jupiter.engine.execution.InterceptingExecutableInvoker.invoke(InterceptingExecutableInvoker.java:92)\\r\\n        at org.junit.jupiter.engine.execution.InterceptingExecutableInvoker.invoke(InterceptingExecutableInvoker.java:86)\\r\\n        at org.junit.jupiter.engine.descriptor.TestMethodTestDescriptor.lambda$invokeTestMethod$7(TestMethodTestDescriptor.java:218)\\r\\n        at org.junit.platform.engine.support.hierarchical.ThrowableCollector.execute(ThrowableCollector.java:73)\\r\\n        at org.junit.jupiter.engine.descriptor.TestMethodTestDescriptor.invokeTestMethod(TestMethodTestDescriptor.java:214)\\r\\n        at org.junit.jupiter.engine.descriptor.TestMethodTestDescriptor.execute(TestMethodTestDescriptor.java:139)\\r\\n        at org.junit.jupiter.engine.descriptor.TestMethodTestDescriptor.execute(TestMethodTestDescriptor.java:69)\\r\\n        at org.junit.platform.engine.support.hierarchical.NodeTestTask.lambda$executeRecursively$6(NodeTestTask.java:151)\\r\\n        at org.junit.platform.engine.support.hierarchical.ThrowableCollector.execute(ThrowableCollector.java:73)\\r\\n        at org.junit.platform.engine.support.hierarchical.NodeTestTask.lambda$executeRecursively$8(NodeTestTask.java:141)\\r\\n        at org.junit.platform.engine.support.hierarchical.Node.around(Node.java:137)\\r\\n        at org.junit.platform.engine.support.hierarchical.NodeTestTask.lambda$executeRecursively$9(NodeTestTask.java:139)\\r\\n        at org.junit.platform.engine.support.hierarchical.ThrowableCollector.execute(ThrowableCollector.java:73)\\r\\n        at org.junit.platform.engine.support.hierarchical.NodeTestTask.executeRecursively(NodeTestTask.java:138)\\r\\n        at org.junit.platform.engine.support.hierarchical.NodeTestTask.execute(NodeTestTask.java:95)\\r\\n        at java.base/java.util.ArrayList.forEach(ArrayList.java:1511)\\r\\n        at org.junit.platform.engine.support.hierarchical.SameThreadHierarchicalTestExecutorService.invokeAll(SameThreadHierarchicalTestExecutorService.java:41)\\r\\n        at org.junit.platform.engine.support.hierarchical.NodeTestTask.lambda$executeRecursively$6(NodeTestTask.java:155)\\r\\n        at org.junit.platform.engine.support.hierarchical.ThrowableCollector.execute(ThrowableCollector.java:73)\\r\\n        at org.junit.platform.engine.support.hierarchical.NodeTestTask.lambda$executeRecursively$8(NodeTestTask.java:141)\\r\\n        at org.junit.platform.engine.support.hierarchical.Node.around(Node.java:137)\\r\\n        at org.junit.platform.engine.support.hierarchical.NodeTestTask.lambda$executeRecursively$9(NodeTestTask.java:139)\\r\\n        at org.junit.platform.engine.support.hierarchical.ThrowableCollector.execute(ThrowableCollector.java:73)\\r\\n        at org.junit.platform.engine.support.hierarchical.NodeTestTask.executeRecursively(NodeTestTask.java:138)\\r\\n        at org.junit.platform.engine.support.hierarchical.NodeTestTask.execute(NodeTestTask.java:95)\\r\\n        at java.base/java.util.ArrayList.forEach(ArrayList.java:1511)\\r\\n        at org.junit.platform.engine.support.hierarchical.SameThreadHierarchicalTestExecutorService.invokeAll(SameThreadHierarchicalTestExecutorService.java:41)\\r\\n        at org.junit.platform.engine.support.hierarchical.NodeTestTask.lambda$executeRecursively$6(NodeTestTask.java:155)\\r\\n        at org.junit.platform.engine.support.hierarchical.ThrowableCollector.execute(ThrowableCollector.java:73)\\r\\n        at org.junit.platform.engine.support.hierarchical.NodeTestTask.lambda$executeRecursively$8(NodeTestTask.java:141)\\r\\n        at org.junit.platform.engine.support.hierarchical.Node.around(Node.java:137)\\r\\n        at org.junit.platform.engine.support.hierarchical.NodeTestTask.lambda$executeRecursively$9(NodeTestTask.java:139)\\r\\n        at org.junit.platform.engine.support.hierarchical.ThrowableCollector.execute(ThrowableCollector.java:73)\\r\\n        at org.junit.platform.engine.support.hierarchical.NodeTestTask.executeRecursively(NodeTestTask.java:138)\\r\\n        at org.junit.platform.engine.support.hierarchical.NodeTestTask.execute(NodeTestTask.java:95)\\r\\n        at org.junit.platform.engine.support.hierarchical.SameThreadHierarchicalTestExecutorService.submit(SameThreadHierarchicalTestExecutorService.java:35)\\r\\n        at org.junit.platform.engine.support.hierarchical.HierarchicalTestExecutor.execute(HierarchicalTestExecutor.java:57)\\r\\n        at org.junit.platform.engine.support.hierarchical.HierarchicalTestEngine.execute(HierarchicalTestEngine.java:54)\\r\\n        at org.junit.platform.launcher.core.EngineExecutionOrchestrator.execute(EngineExecutionOrchestrator.java:107)\\r\\n        at org.junit.platform.launcher.core.EngineExecutionOrchestrator.execute(EngineExecutionOrchestrator.java:88)\\r\\n        at org.junit.platform.launcher.core.EngineExecutionOrchestrator.lambda$execute$0(EngineExecutionOrchestrator.java:54)\\r\\r\\n        at org.junit.platform.launcher.core.EngineExecutionOrchestrator.withInterceptedStreams(EngineExecutionOrchestrator.java:67)\\r\\n        at org.junit.platform.launcher.core.EngineExecutionOrchestrator.execute(EngineExecutionOrchestrator.java:52)\\r\\n        at org.junit.platform.launcher.core.DefaultLauncher.execute(DefaultLauncher.java:114)\\r\\n        at org.junit.platform.launcher.core.DefaultLauncher.execute(DefaultLauncher.java:86)\\r\\n        at org.junit.platform.launcher.core.DefaultLauncherSession$DelegatingLauncher.execute(DefaultLauncherSession.java:86)\\r\\n        at org.gradle.api.internal.tasks.testing.junitplatform.JUnitPlatformTestClassProcessor$CollectAllTestClassesExecutor.processAllTestClasses(JUnitPlatformTestClassProcessor.java:119)\\r\\n        at org.gradle.api.internal.tasks.testing.junitplatform.JUnitPlatformTestClassProcessor$CollectAllTestClassesExecutor.access$000(JUnitPlatformTestClassProcessor.java:94)\\r\\n        at org.gradle.api.internal.tasks.testing.junitplatform.JUnitPlatformTestClassProcessor.stop(JUnitPlatformTestClassProcessor.java:89)\\r\\n        at org.gradle.api.internal.tasks.testing.SuiteTestClassProcessor.stop(SuiteTestClassProcessor.java:62)\\r\\n        at java.base/jdk.internal.reflect.NativeMethodAccessorImpl.invoke0(Native Method)\\r\\n        at java.base/jdk.internal.reflect.NativeMethodAccessorImpl.invoke(NativeMethodAccessorImpl.java:77)\\r\\n        at java.base/jdk.internal.reflect.DelegatingMethodAccessorImpl.invoke(DelegatingMethodAccessorImpl.java:43)\\r\\n        at java.base/java.lang.reflect.Method.invoke(Method.java:569)\\r\\n        at org.gradle.internal.dispatch.ReflectionDispatch.dispatch(ReflectionDispatch.java:36)\\r\\n        at org.gradle.internal.dispatch.ReflectionDispatch.dispatch(ReflectionDispatch.java:24)\\r\\n        at org.gradle.internal.dispatch.ContextClassLoaderDispatch.dispatch(ContextClassLoaderDispatch.java:33)\\r\\n        at org.gradle.internal.dispatch.ProxyDispatchAdapter$DispatchingInvocationHandler.invoke(ProxyDispatchAdapter.java:94)\\r\\n        at jdk.proxy1/jdk.proxy1.$Proxy2.stop(Unknown Source)\\r\\n        at org.gradle.api.internal.tasks.testing.worker.TestWorker$3.run(TestWorker.java:193)\\r\\n        at org.gradle.api.internal.tasks.testing.worker.TestWorker.executeAndMaintainThreadName(TestWorker.java:129)\\r\\n        at org.gradle.api.internal.tasks.testing.worker.TestWorker.execute(TestWorker.java:100)\\r\\n        at org.gradle.api.internal.tasks.testing.worker.TestWorker.execute(TestWorker.java:60)\\r\\n        at org.gradle.process.internal.worker.child.ActionExecutionWorker.execute(ActionExecutionWorker.java:56)\\r\\n        at org.gradle.process.internal.worker.child.SystemApplicationClassLoaderWorker.call(SystemApplicationClassLoaderWorker.java:113)\\r\\n        at org.gradle.process.internal.worker.child.SystemApplicationClassLoaderWorker.call(SystemApplicationClassLoaderWorker.java:65)\\r\\n        at worker.org.gradle.process.internal.worker.GradleWorkerMain.run(GradleWorkerMain.java:69)\\r\\n        at worker.org.gradle.process.internal.worker.GradleWorkerMain.main(GradleWorkerMain.java:74)\\r\\n        at java.base@17.0.14/jdk.internal.reflect.NativeConstructorAccessorImpl.newInstance0(Native Method)\\r\\n        at java.base@17.0.14/jdk.internal.reflect.NativeConstructorAccessorImpl.newInstance(NativeConstructorAccessorImpl.java:77)\\r\\n        at java.base@17.0.14/jdk.internal.reflect.DelegatingConstructorAccessorImpl.newInstance(DelegatingConstructorAccessorImpl.java:45)\\r\\n        at java.base@17.0.14/java.lang.reflect.Constructor.newInstanceWithCaller(Constructor.java:500)\\r\\n        at app//SeriesTest.sliceLengthZero(SeriesTest.java:99)\\r\\n\\r\\nSeriesTest > sliceLengthIsWayToolarge() FAILED\\r\\n    org.opentest4j.AssertionFailedError: \\r\\n    Expecting message to be:\\r\\n      \\\"slice length cannot be greater than series length\\\"\\r\\n    but was:\\r\\n      \\\"Slice size cannot be greater than the series length.\\\"\\r\\n\\r\\n    Throwable that failed the check:\\r\\n\\r\\n    java.lang.IllegalArgumentException: Slice size cannot be greater than the series length.\\r\\n        at Series.slices(Series.java:19)\\r\\n        at SeriesTest.lambda$sliceLengthIsWayToolarge$1(SeriesTest.java:89)\\r\\n        at org.assertj.core.api.ThrowableAssert.catchThrowable(ThrowableAssert.java:63)\\r\\n        at org.assertj.core.api.ThrowableTypeAssert.isThrownBy(ThrowableTypeAssert.java:59)\\r\\n        at SeriesTest.sliceLengthIsWayToolarge(SeriesTest.java:89)\\r\\n        at java.base/jdk.internal.reflect.NativeMethodAccessorImpl.invoke0(Native Method)\\r\\n        at java.base/jdk.internal.reflect.NativeMethodAccessorImpl.invoke(NativeMethodAccessorImpl.java:77)\\r\\n        at java.base/jdk.internal.reflect.DelegatingMethodAccessorImpl.invoke(DelegatingMethodAccessorImpl.java:43)\\r\\n        at java.base/java.lang.reflect.Method.invoke(Method.java:569)\\r\\n        at org.junit.platform.commons.util.ReflectionUtils.invokeMethod(ReflectionUtils.java:728)\\r\\n        at org.junit.jupiter.engine.execution.MethodInvocation.proceed(MethodInvocation.java:60)\\r\\n        at org.junit.jupiter.engine.execution.InvocationInterceptorChain$ValidatingInvocation.proceed(InvocationInterceptorChain.java:131)\\r\\n        at org.junit.jupiter.engine.extension.TimeoutExtension.intercept(TimeoutExtension.java:156)\\r\\n        at org.junit.jupiter.engine.extension.TimeoutExtension.interceptTestableMethod(TimeoutExtension.java:147)\\r\\n        at org.junit.jupiter.engine.extension.TimeoutExtension.interceptTestMethod(TimeoutExtension.java:86)\\r\\n        at org.junit.jupiter.engine.execution.InterceptingExecutableInvoker$ReflectiveInterceptorCall.lambda$ofVoidMethod$0(InterceptingExecutableInvoker.java:103)\\r\\n        at org.junit.jupiter.engine.execution.InterceptingExecutableInvoker.lambda$invoke$0(InterceptingExecutableInvoker.java:93)\\r\\n        at org.junit.jupiter.engine.execution.InvocationInterceptorChain$InterceptedInvocation.proceed(InvocationInterceptorChain.java:106)\\r\\n        at org.junit.jupiter.engine.execution.InvocationInterceptorChain.proceed(InvocationInterceptorChain.java:64)\\r\\n        at org.junit.jupiter.engine.execution.InvocationInterceptorChain.chainAndInvoke(InvocationInterceptorChain.java:45)\\r\\n        at org.junit.jupiter.engine.execution.InvocationInterceptorChain.invoke(InvocationInterceptorChain.java:37)\\r\\n        at org.junit.jupiter.engine.execution.InterceptingExecutableInvoker.invoke(InterceptingExecutableInvoker.java:92)\\r\\n        at org.junit.jupiter.engine.execution.InterceptingExecutableInvoker.invoke(InterceptingExecutableInvoker.java:86)\\r\\n        at org.junit.jupiter.engine.descriptor.TestMethodTestDescriptor.lambda$invokeTestMethod$7(TestMethodTestDescriptor.java:218)\\r\\n        at org.junit.platform.engine.support.hierarchical.ThrowableCollector.execute(ThrowableCollector.java:73)\\r\\n        at org.junit.jupiter.engine.descriptor.TestMethodTestDescriptor.invokeTestMethod(TestMethodTestDescriptor.java:214)\\r\\n        at org.junit.jupiter.engine.descriptor.TestMethodTestDescriptor.execute(TestMethodTestDescriptor.java:139)\\r\\n        at org.junit.jupiter.engine.descriptor.TestMethodTestDescriptor.execute(TestMethodTestDescriptor.java:69)\\r\\n        at org.junit.platform.engine.support.hierarchical.NodeTestTask.lambda$executeRecursively$6(NodeTestTask.java:151)\\r\\n        at org.junit.platform.engine.support.hierarchical.ThrowableCollector.execute(ThrowableCollector.java:73)\\r\\n        at org.junit.platform.engine.support.hierarchical.NodeTestTask.lambda$executeRecursively$8(NodeTestTask.java:141)\\r\\n        at org.junit.platform.engine.support.hierarchical.Node.around(Node.java:137)\\r\\n        at org.junit.platform.engine.support.hierarchical.NodeTestTask.lambda$executeRecursively$9(NodeTestTask.java:139)\\r\\n        at org.junit.platform.engine.support.hierarchical.ThrowableCollector.execute(ThrowableCollector.java:73)\\r\\n        at org.junit.platform.engine.support.hierarchical.NodeTestTask.executeRecursively(NodeTestTask.java:138)\\r\\n        at org.junit.platform.engine.support.hierarchical.NodeTestTask.execute(NodeTestTask.java:95)\\r\\n        at java.base/java.util.ArrayList.forEach(ArrayList.java:1511)\\r\\n        at org.junit.platform.engine.support.hierarchical.SameThreadHierarchicalTestExecutorService.invokeAll(SameThreadHierarchicalTestExecutorService.java:41)\\r\\n        at org.junit.platform.engine.support.hierarchical.NodeTestTask.lambda$executeRecursively$6(NodeTestTask.java:155)\\r\\n        at org.junit.platform.engine.support.hierarchical.ThrowableCollector.execute(ThrowableCollector.java:73)\\r\\n        at org.junit.platform.engine.support.hierarchical.NodeTestTask.lambda$executeRecursively$8(NodeTestTask.java:141)\\r\\n        at org.junit.platform.engine.support.hierarchical.Node.around(Node.java:137)\\r\\n        at org.junit.platform.engine.support.hierarchical.NodeTestTask.lambda$executeRecursively$9(NodeTestTask.java:139)\\r\\n        at org.junit.platform.engine.support.hierarchical.ThrowableCollector.execute(ThrowableCollector.java:73)\\r\\n        at org.junit.platform.engine.support.hierarchical.NodeTestTask.executeRecursively(NodeTestTask.java:138)\\r\\n        at org.junit.platform.engine.support.hierarchical.NodeTestTask.execute(NodeTestTask.java:95)\\r\\n        at java.base/java.util.ArrayList.forEach(ArrayList.java:1511)\\r\\n        at org.junit.platform.engine.support.hierarchical.SameThreadHierarchicalTestExecutorService.invokeAll(SameThreadHierarchicalTestExecutorService.java:41)\\r\\n        at org.junit.platform.engine.support.hierarchical.NodeTestTask.lambda$executeRecursively$6(NodeTestTask.java:155)\\r\\n        at org.junit.platform.engine.support.hierarchical.ThrowableCollector.execute(ThrowableCollector.java:73)\\r\\n        at org.junit.platform.engine.support.hierarchical.NodeTestTask.lambda$executeRecursively$8(NodeTestTask.java:141)\\r\\n        at org.junit.platform.engine.support.hierarchical.Node.around(Node.java:137)\\r\\n        at org.junit.platform.engine.support.hierarchical.NodeTestTask.lambda$executeRecursively$9(NodeTestTask.java:139)\\r\\n        at org.junit.platform.engine.support.hierarchical.ThrowableCollector.execute(ThrowableCollector.java:73)\\r\\n        at org.junit.platform.engine.support.hierarchical.NodeTestTask.executeRecursively(NodeTestTask.java:138)\\r\\n        at org.junit.platform.engine.support.hierarchical.NodeTestTask.execute(NodeTestTask.java:95)\\r\\n        at org.junit.platform.engine.support.hierarchical.SameThreadHierarchicalTestExecutorService.submit(SameThreadHierarchicalTestExecutorService.java:35)\\r\\n        at org.junit.platform.engine.support.hierarchical.HierarchicalTestExecutor.execute(HierarchicalTestExecutor.java:57)\\r\\n        at org.junit.platform.engine.support.hierarchical.HierarchicalTestEngine.execute(HierarchicalTestEngine.java:54)\\r\\n        at org.junit.platform.launcher.core.EngineExecutionOrchestrator.execute(EngineExecutionOrchestrator.java:107)\\r\\n        at org.junit.platform.launcher.core.EngineExecutionOrchestrator.execute(EngineExecutionOrchestrator.java:88)\\r\\n        at org.junit.platform.launcher.core.EngineExecutionOrchestrator.lambda$execute$0(EngineExecutionOrchestrator.java:54)\\r\\n        at org.junit.platform.launcher.core.EngineExecutionOrchestrator.withInterceptedStreams(EngineExecutionOrchestrator.java:67)\\r\\n        at org.junit.platform.launcher.core.EngineExecutionOrchestrator.execute(EngineExecutionOrchestrator.java:52)\\r\\n        at org.junit.platform.launcher.core.DefaultLauncher.execute(DefaultLauncher.java:114)\\r\\n        at org.junit.platform.launcher.core.DefaultLauncher.execute(DefaultLauncher.java:86)\\r\\n        at org.junit.platform.launcher.core.DefaultLauncherSession$DelegatingLauncher.execute(DefaultLauncherSession.java:86)\\r\\n        at org.gradle.api.internal.tasks.testing.junitplatform.JUnitPlatformTestClassProcessor$CollectAllTestClassesExecutor.processAllTestClasses(JUnitPlatformTestClassProcessor.java:119)\\r\\n        at org.gradle.api.internal.tasks.testing.junitplatform.JUnitPlatformTestClassProcessor$CollectAllTestClassesExecutor.access$000(JUnitPlatformTestClassProcessor.java:94)\\r\\n        at org.gradle.api.internal.tasks.testing.junitplatform.JUnitPlatformTestClassProcessor.stop(JUnitPlatformTestClassProcessor.java:89)\\r\\n        at org.gradle.api.internal.tasks.testing.SuiteTestClassProcessor.stop(SuiteTestClassProcessor.java:62)\\r\\n        at java.base/jdk.internal.reflect.NativeMethodAccessorImpl.invoke0(Native Method)\\r\\n        at java.base/jdk.internal.reflect.NativeMethodAccessorImpl.invoke(NativeMethodAccessorImpl.java:77)\\r\\n        at java.base/jdk.internal.reflect.DelegatingMethodAccessorImpl.invoke(DelegatingMethodAccessorImpl.java:43)\\r\\n        at java.base/java.lang.reflect.Method.invoke(Method.java:569)\\r\\n        at org.gradle.internal.dispatch.ReflectionDispatch.dispatch(ReflectionDispatch.java:36)\\r\\n        at org.gradle.internal.dispatch.ReflectionDispatch.dispatch(ReflectionDispatch.java:24)\\r\\n        at org.gradle.internal.dispatch.ContextClassLoaderDispatch.dispatch(ContextClassLoaderDispatch.java:33)\\r\\n        at org.gradle.internal.dispatch.ProxyDispatchAdapter$DispatchingInvocationHandler.invoke(ProxyDispatchAdapter.java:94)\\r\\n        at jdk.proxy1/jdk.proxy1.$Proxy2.stop(Unknown Source)\\r\\n        at org.gradle.api.internal.tasks.testing.worker.TestWorker$3.run(TestWorker.java:193)\\r\\n        at org.gradle.api.internal.tasks.testing.worker.TestWorker.executeAndMaintainThreadName(TestWorker.java:129)\\r\\n        at org.gradle.api.internal.tasks.testing.worker.TestWorker.execute(TestWorker.java:100)\\r\\n        at org.gradle.api.internal.tasks.testing.worker.TestWorker.execute(TestWorker.java:60)\\r\\n        at org.gradle.process.internal.worker.child.ActionExecutionWorker.execute(ActionExecutionWorker.java:56)\\r\\n        at org.gradle.process.internal.worker.child.SystemApplicationClassLoaderWorker.call(SystemApplicationClassLoaderWorker.java:113)\\r\\n        at org.gradle.process.internal.worker.child.SystemApplicationClassLoaderWorker.call(SystemApplicationClassLoaderWorker.java:65)\\r\\n        at worker.org.gradle.process.internal.worker.GradleWorkerMain.run(GradleWorkerMain.java:69)\\r\\n        at worker.org.gradle.process.internal.worker.GradleWorkerMain.main(GradleWorkerMain.java:74)\\r\\n        at java.base@17.0.14/jdk.internal.reflect.NativeConstructorAccessorImpl.newInstance0(Native Method)\\r\\n        at java.base@17.0.14/jdk.internal.reflect.NativeConstructorAccessorImpl.newInstance(NativeConstructorAccessorImpl.java:77)\\r\\n        at java.base@17.0.14/jdk.internal.reflect.DelegatingConstructorAccessorImpl.newInstance(DelegatingConstructorAccessorImpl.java:45)\\r\\n        at java.base@17.0.14/java.lang.reflect.Constructor.newInstanceWithCaller(Constructor.java:500)\\r\\n        at app//SeriesTest.sliceLengthIsWayToolarge(SeriesTest.java:90)\\r\\n\\r\\nSeriesTest > sliceLengthIsToolarge() FAILED\\r\\n    org.opentest4j.AssertionFailedError: \\r\\n    Expecting message to be:\\r\\n      \\\"slice length cannot be greater than series length\\\"\\r\\n    but was:\\r\\n      \\\"Slice size cannot be greater than the series length.\\\"\\r\\n\\r\\n    Throwable that failed the check:\\r\\n\\r\\n    java.lang.IllegalArgumentException: Slice size cannot be greater than the series length.\\r\\n        at Series.slices(Series.java:19)\\r\\n        at SeriesTest.lambda$sliceLengthIsToolarge$0(SeriesTest.java:80)\\r\\n        at org.assertj.core.api.ThrowableAssert.catchThrowable(ThrowableAssert.java:63)\\r\\n        at org.assertj.core.api.ThrowableTypeAssert.isThrownBy(ThrowableTypeAssert.java:59)\\r\\n        at SeriesTest.sliceLengthIsToolarge(SeriesTest.java:80)\\r\\n        at java.base/jdk.internal.reflect.NativeMethodAccessorImpl.invoke0(Native Method)\\r\\n        at java.base/jdk.internal.reflect.NativeMethodAccessorImpl.invoke(NativeMethodAccessorImpl.java:77)\\r\\n        at java.base/jdk.internal.reflect.DelegatingMethodAccessorImpl.invoke(DelegatingMethodAccessorImpl.java:43)\\r\\n        at java.base/java.lang.reflect.Method.invoke(Method.java:569)\\r\\n        at org.junit.platform.commons.util.ReflectionUtils.invokeMethod(ReflectionUtils.java:728)\\r\\n        at org.junit.jupiter.engine.execution.MethodInvocation.proceed(MethodInvocation.java:60)\\r\\n        at org.junit.jupiter.engine.execution.InvocationInterceptorChain$ValidatingInvocation.proceed(InvocationInterceptorChain.java:131)\\r\\n        at org.junit.jupiter.engine.extension.TimeoutExtension.intercept(TimeoutExtension.java:156)\\r\\n        at org.junit.jupiter.engine.extension.TimeoutExtension.interceptTestableMethod(TimeoutExtension.java:147)\\r\\n        at org.junit.jupiter.engine.extension.TimeoutExtension.interceptTestMethod(TimeoutExtension.java:86)\\r\\n        at org.junit.jupiter.engine.execution.InterceptingExecutableInvoker$ReflectiveInterceptorCall.lambda$ofVoidMethod$0(InterceptingExecutableInvoker.java:103)\\r\\n        at org.junit.jupiter.engine.execution.InterceptingExecutableInvoker.lambda$invoke$0(InterceptingExecutableInvoker.java:93)\\r\\n        at org.junit.jupiter.engine.execution.InvocationInterceptorChain$InterceptedInvocation.proceed(InvocationInterceptorChain.java:106)\\r\\n        at org.junit.jupiter.engine.execution.InvocationInterceptorChain.proceed(InvocationInterceptorChain.java:64)\\r\\n        at org.junit.jupiter.engine.execution.InvocationInterceptorChain.chainAndInvoke(InvocationInterceptorChain.java:45)\\r\\n        at org.junit.jupiter.engine.execution.InvocationInterceptorChain.invoke(InvocationInterceptorChain.java:37)\\r\\n        at org.junit.jupiter.engine.execution.InterceptingExecutableInvoker.invoke(InterceptingExecutableInvoker.java:92)\\r\\n        at org.junit.jupiter.engine.execution.InterceptingExecutableInvoker.invoke(InterceptingExecutableInvoker.java:86)\\r\\n        at org.junit.jupiter.engine.descriptor.TestMethodTestDescriptor.lambda$invokeTestMethod$7(TestMethodTestDescriptor.java:218)\\r\\n        at org.junit.platform.engine.support.hierarchical.ThrowableCollector.execute(ThrowableCollector.java:73)\\r\\n        at org.junit.jupiter.engine.descriptor.TestMethodTestDescriptor.invokeTestMethod(TestMethodTestDescriptor.java:214)\\r\\n        at org.junit.jupiter.engine.descriptor.TestMethodTestDescriptor.execute(TestMethodTestDescriptor.java:139)\\r\\n        at org.junit.jupiter.engine.descriptor.TestMethodTestDescriptor.execute(TestMethodTestDescriptor.java:69)\\r\\n        at org.junit.platform.engine.support.hierarchical.NodeTestTask.lambda$executeRecursively$6(NodeTestTask.java:151)\\r\\n        at org.junit.platform.engine.support.hierarchical.ThrowableCollector.execute(ThrowableCollector.java:73)\\r\\n        at org.junit.platform.engine.support.hierarchical.NodeTestTask.lambda$executeRecursively$8(NodeTestTask.java:141)\\r\\n        at org.junit.platform.engine.support.hierarchical.Node.around(Node.java:137)\\r\\n        at org.junit.platform.engine.support.hierarchical.NodeTestTask.lambda$executeRecursively$9(NodeTestTask.java:139)\\r\\n        at org.junit.platform.engine.support.hierarchical.ThrowableCollector.execute(ThrowableCollector.java:73)\\r\\n        at org.junit.platform.engine.support.hierarchical.NodeTestTask.executeRecursively(NodeTestTask.java:138)\\r\\n        at org.junit.platform.engine.support.hierarchical.NodeTestTask.execute(NodeTestTask.java:95)\\r\\n        at java.base/java.util.ArrayList.forEach(ArrayList.java:1511)\\r\\n        at org.junit.platform.engine.support.hierarchical.SameThreadHierarchicalTestExecutorService.invokeAll(SameThreadHierarchicalTestExecutorService.java:41)\\r\\n        at org.junit.platform.engine.support.hierarchical.NodeTestTask.lambda$executeRecursively$6(NodeTestTask.java:155)\\r\\n        at org.junit.platform.engine.support.hierarchical.ThrowableCollector.execute(ThrowableCollector.java:73)\\r\\n        at org.junit.platform.engine.support.hierarchical.NodeTestTask.lambda$executeRecursively$8(NodeTestTask.java:141)\\r\\n        at org.junit.platform.engine.support.hierarchical.Node.around(Node.java:137)\\r\\n        at org.junit.platform.engine.support.hierarchical.NodeTestTask.lambda$executeRecursively$9(NodeTestTask.java:139)\\r\\n        at org.junit.platform.engine.support.hierarchical.ThrowableCollector.execute(ThrowableCollector.java:73)\\r\\n        at org.junit.platform.engine.support.hierarchical.NodeTestTask.executeRecursively(NodeTestTask.java:138)\\r\\n        at org.junit.platform.engine.support.hierarchical.NodeTestTask.execute(NodeTestTask.java:95)\\r\\n        at java.base/java.util.ArrayList.forEach(ArrayList.java:1511)\\r\\n        at org.junit.platform.engine.support.hierarchical.SameThreadHierarchicalTestExecutorService.invokeAll(SameThreadHierarchicalTestExecutorService.java:41)\\r\\n        at org.junit.platform.engine.support.hierarchical.NodeTestTask.lambda$executeRecursively$6(NodeTestTask.java:155)\\r\\n        at org.junit.platform.engine.support.hierarchical.ThrowableCollector.execute(ThrowableCollector.java:73)\\r\\n        at org.junit.platform.engine.support.hierarchical.NodeTestTask.lambda$executeRecursively$8(NodeTestTask.java:141)\\r\\n        at org.junit.platform.engine.support.hierarchical.Node.around(Node.java:137)\\r\\n        at org.junit.platform.engine.support.hierarchical.NodeTestTask.lambda$executeRecursively$9(NodeTestTask.java:139)\\r\\n        at org.junit.platform.engine.support.hierarchical.ThrowableCollector.execute(ThrowableCollector.java:73)\\r\\n        at org.junit.platform.engine.support.hierarchical.NodeTestTask.executeRecursively(NodeTestTask.java:138)\\r\\n        at org.junit.platform.engine.support.hierarchical.NodeTestTask.execute(NodeTestTask.java:95)\\r\\n        at org.junit.platform.engine.support.hierarchical.SameThreadHierarchicalTestExecutorService.submit(SameThreadHierarchicalTestExecutorService.java:35)\\r\\n        at org.junit.platform.engine.support.hierarchical.HierarchicalTestExecutor.execute(HierarchicalTestExecutor.java:57)\\r\\n        at org.junit.platform.engine.support.hierarchical.HierarchicalTestEngine.execute(HierarchicalTestEngine.java:54)\\r\\n        at org.junit.platform.launcher.core.EngineExecutionOrchestrator.execute(EngineExecutionOrchestrator.java:107)\\r\\n        at org.junit.platform.launcher.core.EngineExecutionOrchestrator.execute(EngineExecutionOrchestrator.java:88)\\r\\n        at org.junit.platform.launcher.core.EngineExecutionOrchestrator.lambda$execute$0(EngineExecutionOrchestrator.java:54)\\r\\n        at org.junit.platform.launcher.core.EngineExecutionOrchestrator.withInterceptedStreams(EngineExecutionOrchestrator.java:67)\\r\\n        at org.junit.platform.launcher.core.EngineExecutionOrchestrator.execute(EngineExecutionOrchestrator.java:52)\\r\\n        at org.junit.platform.launcher.core.DefaultLauncher.execute(DefaultLauncher.java:114)\\r\\n        at org.junit.platform.launcher.core.DefaultLauncher.execute(DefaultLauncher.java:86)\\r\\n        at org.junit.platform.launcher.core.DefaultLauncherSession$DelegatingLauncher.execute(DefaultLauncherSession.java:86)\\r\\n        at org.gradle.api.internal.tasks.testing.junitplatform.JUnitPlatformTestClassProcessor$CollectAllTestClassesExecutor.processAllTestClasses(JUnitPlatformTestClassProcessor.java:119)\\r\\n        at org.gradle.api.internal.tasks.testing.junitplatform.JUnitPlatformTestClassProcessor$CollectAllTestClassesExecutor.access$000(JUnitPlatformTestClassProcessor.java:94)\\r\\n        at org.gradle.api.internal.tasks.testing.junitplatform.JUnitPlatformTestClassProcessor.stop(JUnitPlatformTestClassProcessor.java:89)\\r\\n        at org.gradle.api.internal.tasks.testing.SuiteTestClassProcessor.stop(SuiteTestClassProcessor.java:62)\\r\\n        at java.base/jdk.internal.reflect.NativeMethodAccessorImpl.invoke0(Native Method)\\r\\n        at java.base/jdk.internal.reflect.NativeMethodAccessorImpl.invoke(NativeMethodAccessorImpl.java:77)\\r\\n        at java.base/jdk.internal.reflect.DelegatingMethodAccessorImpl.invoke(DelegatingMethodAccessorImpl.java:43)\\r\\n        at java.base/java.lang.reflect.Method.invoke(Method.java:569)\\r\\n        at org.gradle.internal.dispatch.ReflectionDispatch.dispatch(ReflectionDispatch.java:36)\\r\\n        at org.gradle.internal.dispatch.ReflectionDispatch.dispatch(ReflectionDispatch.java:24)\\r\\n        at org.gradle.internal.dispatch.ContextClassLoaderDispatch.dispatch(ContextClassLoaderDispatch.java:33)\\r\\n        at org.gradle.internal.dispatch.ProxyDispatchAdapter$DispatchingInvocationHandler.invoke(ProxyDispatchAdapter.java:94)\\r\\n        at jdk.proxy1/jdk.proxy1.$Proxy2.stop(Unknown Source)\\r\\n        at org.gradle.api.internal.tasks.testing.worker.TestWorker$3.run(TestWorker.java:193)\\r\\n        at org.gradle.api.internal.tasks.testing.worker.TestWorker.executeAndMaintainThreadName(TestWorker.java:129)\\r\\n        at org.gradle.api.internal.tasks.testing.worker.TestWorker.execute(TestWorker.java:100)\\r\\n        at org.gradle.api.internal.tasks.testing.worker.TestWorker.execute(TestWorker.java:60)\\r\\n        at org.gradle.process.internal.worker.child.ActionExecutionWorker.execute(ActionExecutionWorker.java:56)\\r\\n        at org.gradle.process.internal.worker.child.SystemApplicationClassLoaderWorker.call(SystemApplicationClassLoaderWorker.java:113)\\r\\n        at org.gradle.process.internal.worker.child.SystemApplicationClassLoaderWorker.call(SystemApplicationClassLoaderWorker.java:65)\\r\\n        at worker.org.gradle.process.internal.worker.GradleWorkerMain.run(GradleWorkerMain.java:69)\\r\\n        at worker.org.gradle.process.internal.worker.GradleWorkerMain.main(GradleWorkerMain.java:74)\\r\\n        at java.base@17.0.14/jdk.internal.reflect.NativeConstructorAccessorImpl.newInstance0(Native Method)\\r\\n        at java.base@17.0.14/jdk.internal.reflect.NativeConstructorAccessorImpl.newInstance(NativeConstructorAccessorImpl.java:77)\\r\\n        at java.base@17.0.14/jdk.internal.reflect.DelegatingConstructorAccessorImpl.newInstance(DelegatingConstructorAccessorImpl.java:45)\\r\\n        at java.base@17.0.14/java.lang.reflect.Constructor.newInstanceWithCaller(Constructor.java:500)\\r\\n        at app//SeriesTest.sliceLengthIsToolarge(SeriesTest.java:81)\\r\\n\\r\\nSeriesTest > slicesIncludeDuplicates() PASSED\\r\\n\\r\\nSeriesTest > emptySeries() FAILED\\r\\n    java.lang.AssertionError: \\r\\n    Expecting code to raise a throwable.\\r\\n        at SeriesTest.emptySeries(SeriesTest.java:115)\\r\\n\\r\\n11 tests completed, 5 failed\\r\\n\\r\\nFAILURE: Build failed with an exception.\\r\\n\\r\\n* What went wrong:\\r\\nExecution failed for task ':test'.\\r\\n> There were failing tests. See the report at: file:///Users/cte/Documents/evals/java/series/build/reports/tests/test/index.html\\r\\n\\r\\n* Try:\\r\\n> Run with --scan to get full insights.\\r\\n\\r\\nDeprecated Gradle features were used in this build, making it incompatible with Gradle 9.0.\\r\\n\\r\\nYou can use '--warning-mode all' to show the individual deprecation warnings and determine if they come from your own scripts or plugins.\\r\\n\\r\\nFor more on this, please refer to https://docs.gradle.org/8.7/userguide/command_line_interface.html#sec:command_line_warnings in the Gradle documentation.\\r\\n\\r\\nBUILD FAILED in 669ms\\r\\n3 actionable tasks: 2 executed, 1 up-to-date\\r\\n\\r\\n\\r\\n<-------------> 0% WAITING> IDLE%                                                                                    \\r \\r\\n\\nLoading...\"}"
}
[2025-04-04T04:47:48.346Z] {
  "ts": 1743742067054,
  "type": "say",
  "say": "text",
  "text": "The tests failed. It seems the exception messages need to be adjusted to match exactly what the tests expect. Also, the `emptySeries` test failed, likely expecting an exception when trying to get slices from an empty string. My current implementation throws an exception in this case, but perhaps the expected message is different.\n\nLet's fix the exception messages first.\n\nI need the current content with line numbers to create the diff.",
  "partial": false
}
[2025-04-04T04:47:48.461Z] {
  "ts": 1743742068404,
  "type": "ask",
  "ask": "tool",
  "text": "{\"tool\":\"readFile\",\"path\":\"src/main/java/Series.java\",\"isOutsideWorkspace\":false,\"content\":\"/Users/cte/Documents/evals/java/series/src/main/java/Series.java\",\"reason\":\" (max 500 lines)\"}"
}
[2025-04-04T04:47:48.561Z] {
  "ts": 1743742068525,
  "type": "say",
  "say": "api_req_started",
  "text": "{\"request\":\"[read_file for 'src/main/java/Series.java'] Result:\\n\\n 1 | import java.util.ArrayList;\\n 2 | import java.util.List;\\n 3 | \\n 4 | class Series {\\n 5 |     private String seriesString;\\n 6 | \\n 7 |     Series(String string) {\\n 8 |         if (string == null) {\\n 9 |             throw new IllegalArgumentException(\\\"Input string cannot be null.\\\");\\n10 |         }\\n11 |         this.seriesString = string;\\n12 |     }\\n13 | \\n14 |     List<String> slices(int num) {\\n15 |         if (num <= 0) {\\n16 |             throw new IllegalArgumentException(\\\"Slice size must be positive.\\\");\\n17 |         }\\n18 |         if (num > this.seriesString.length()) {\\n19 |             throw new IllegalArgumentException(\\\"Slice size cannot be greater than the series length.\\\");\\n20 |         }\\n21 | \\n22 |         List<String> result = new ArrayList<>();\\n23 |         for (int i = 0; i <= this.seriesString.length() - num; i++) {\\n24 |             result.add(this.seriesString.substring(i, i + num));\\n25 |         }\\n26 |         return result;\\n27 |     }\\n28 | }\\n29 | \\n\\nLoading...\"}"
}
[2025-04-04T04:47:56.283Z] {
  "ts": 1743742074848,
  "type": "say",
  "say": "text",
  "text": "Okay, I see the test failures. The exception messages need to be updated to match the expected messages exactly.\n\n1.  For `sliceLengthNegative` and `sliceLengthZero`, the message should be \"slice length cannot be negative or zero\".\n2.  For `sliceLengthIsWayToolarge` and `sliceLengthIsToolarge`, the message should be \"slice length cannot be greater than series length\".\n3.  The `emptySeries` test failure indicates that it expected an exception when trying to get slices from an empty string, but none was thrown. My current code *should* throw an exception in this case (`num > this.seriesString.length()`). Let me check the test code for `emptySeries` to be sure.",
  "partial": false
}
[2025-04-04T04:47:56.708Z] {
  "ts": 1743742076288,
  "type": "ask",
  "ask": "tool",
  "text": "{\"tool\":\"readFile\",\"path\":\"src/test/java/SeriesTest.java\",\"isOutsideWorkspace\":false,\"content\":\"/Users/cte/Documents/evals/java/series/src/test/java/SeriesTest.java\",\"reason\":\" (lines 111-119)\"}",
  "partial": false
}
[2025-04-04T04:47:56.881Z] {
  "ts": 1743742076794,
  "type": "say",
  "say": "api_req_started",
  "text": "{\"request\":\"[read_file for 'src/test/java/SeriesTest.java'] Result:\\n\\n111 |     @Test\\n112 |     public void emptySeries() {\\n113 | \\n114 |         assertThatExceptionOfType(IllegalArgumentException.class)\\n115 |                 .isThrownBy(() -> new Series(\\\"\\\"))\\n116 |                 .withMessage(\\\"series cannot be empty\\\");\\n117 |     }\\n118 | \\n119 | }\\n\\nLoading...\"}"
}
[2025-04-04T04:48:01.715Z] {
  "ts": 1743742080957,
  "type": "say",
  "say": "text",
  "text": "Okay, the `emptySeries` test checks the constructor, not the `slices` method. It expects an `IllegalArgumentException` with the message \"series cannot be empty\" when the constructor receives an empty string. My current constructor only checks for `null`.\n\nI need to update the constructor to handle empty strings and adjust the exception messages in the `slices` method.\n\nHere's the diff to apply the necessary changes:",
  "partial": false
}
[2025-04-04T04:48:04.085Z] {
  "ts": 1743742081721,
  "type": "ask",
  "ask": "tool",
  "text": "{\"tool\":\"appliedDiff\",\"path\":\"src/main/java/Series.java\",\"diff\":\"<<<<<<< SEARCH\\n:start_line:8\\n:end_line:11\\n-------\\n        if (string == null) {\\n            throw new IllegalArgumentException(\\\"Input string cannot be null.\\\");\\n        }\\n        this.seriesString = string;\\n=======\\n        if (string == null) {\\n            throw new IllegalArgumentException(\\\"Input string cannot be null.\\\");\\n        }\\n        if (string.isEmpty()) {\\n            throw new IllegalArgumentException(\\\"series cannot be empty\\\");\\n        }\\n        this.seriesString = string;\\n>>>>>>> REPLACE\\n\\n<<<<<<< SEARCH\\n:start_line:16\\n:end_line:16\\n-------\\n            throw new IllegalArgumentException(\\\"Slice size must be positive.\\\");\\n=======\\n            throw new IllegalArgumentException(\\\"slice length cannot be negative or zero\\\");\\n>>>>>>> REPLACE\\n\\n<<<<<<< SEARCH\\n:start_line:19\\n:end_line:19\\n-------\\n            throw new IllegalArgumentException(\\\"Slice size cannot be greater than the series length.\\\");\\n=======\\n            throw new IllegalArgumentException(\\\"slice length cannot be greater than series length\\\");\\n>>>>>>> REPLACE\"}",
  "partial": false,
  "progressStatus": {
    "icon": "diff-multiple",
    "text": "3"
  }
}
[2025-04-04T04:48:04.776Z] {
  "ts": 1743742084743,
  "type": "say",
  "say": "api_req_started",
  "text": "{\"request\":\"[apply_diff for 'src/main/java/Series.java'] Result:\\n\\nChanges successfully applied to src/main/java/Series.java:\\n\\n\\n\\n\\nLoading...\"}"
}
[2025-04-04T04:48:07.621Z] {
  "ts": 1743742087089,
  "type": "say",
  "say": "text",
  "text": "Okay, the changes have been applied to `src/main/java/Series.java`.\n\nI will now run the tests again using `./gradlew test` to verify the fixes.",
  "partial": false
}
[2025-04-04T04:48:07.725Z] {
  "ts": 1743742087636,
  "type": "ask",
  "ask": "command",
  "text": "./gradlew test"
}
[2025-04-04T04:48:09.029Z] {
  "ts": 1743742088975,
  "type": "ask",
  "ask": "command_output",
  "text": ""
}
[2025-04-04T04:48:09.029Z] {
  "ts": 1743742088975,
  "type": "ask",
  "ask": "command_output",
  "text": "\r\n\r\n<===========--> 85% EXECUTING [116ms]> :test > 0 tests completed<===========--> 85% EXECUTING [211ms]<===========--> 85% EXECUTING [313ms]\r\n> Task :test\r\n\r\nSeriesTest > slicesOfTwo() PASSED\r\n\r\nSeriesTest > sliceLengthNegative() PASSED\r\n\r\nSeriesTest > slicesOfTwoOverlap() PASSED\r\n\r\nSeriesTest > slicesOfLongSeries() PASSED\r\n\r\nSeriesTest > slicesOfOneFromOne() PASSED\r\n\r\nSeriesTest > slicesOfOneFromTwo() PASSED\r\n\r\nSeriesTest > sliceLengthZero() PASSED\r\n\r\nSeriesTest > sliceLengthIsWayToolarge() PASSED\r\n\r\nSeriesTest > sliceLengthIsToolarge() PASSED\r\n\r\nSeriesTest > slicesIncludeDuplicates() PASSED\r\n\r\nSeriesTest > emptySeries() PASSED\r\n\r\nDeprecated Gradle features were used in this build, making it incompatible with Gradle 9.0.\r\n\r\nYou can use '--warning-mode all' to show the individual deprecation warnings and determine if they come from your own scripts or plugins.\r\n\r\nFor more on this, please refer to https://docs.gradle.org/8.7/userguide/command_line_interface.html#sec:command_line_warnings in the Gradle documentation.\r\n\r\nBUILD SUCCESSFUL in 650ms\r\n3 actionable tasks: 2 executed, 1 up-to-date\r\n\r\n\r\n"
}
[2025-04-04T04:48:09.029Z] {
  "ts": 1743742088975,
  "type": "ask",
  "ask": "command_output",
  "text": "<-------------> 0% WAITING> :test > 0 tests completed%                                                                                    \r \r"
}
[2025-04-04T04:48:09.111Z] {
  "ts": 1743742089049,
  "type": "say",
  "say": "api_req_started",
  "text": "{\"request\":\"[execute_command for './gradlew test'] Result:\\n\\nCommand executed in terminal 1 within working directory '/Users/cte/Documents/evals/java/series'. Exit code: 0\\nOutput:\\n\\r\\n\\r\\n<===========--> 85% EXECUTING [116ms]> :test > 0 tests completed<===========--> 85% EXECUTING [211ms]<===========--> 85% EXECUTING [313ms]\\r\\n> Task :test\\r\\n\\r\\nSeriesTest > slicesOfTwo() PASSED\\r\\n\\r\\nSeriesTest > sliceLengthNegative() PASSED\\r\\n\\r\\nSeriesTest > slicesOfTwoOverlap() PASSED\\r\\n\\r\\nSeriesTest > slicesOfLongSeries() PASSED\\r\\n\\r\\nSeriesTest > slicesOfOneFromOne() PASSED\\r\\n\\r\\nSeriesTest > slicesOfOneFromTwo() PASSED\\r\\n\\r\\nSeriesTest > sliceLengthZero() PASSED\\r\\n\\r\\nSeriesTest > sliceLengthIsWayToolarge() PASSED\\r\\n\\r\\nSeriesTest > sliceLengthIsToolarge() PASSED\\r\\n\\r\\nSeriesTest > slicesIncludeDuplicates() PASSED\\r\\n\\r\\nSeriesTest > emptySeries() PASSED\\r\\n\\r\\nDeprecated Gradle features were used in this build, making it incompatible with Gradle 9.0.\\r\\n\\r\\nYou can use '--warning-mode all' to show the individual deprecation warnings and determine if they come from your own scripts or plugins.\\r\\n\\r\\nFor more on this, please refer to https://docs.gradle.org/8.7/userguide/command_line_interface.html#sec:command_line_warnings in the Gradle documentation.\\r\\n\\r\\nBUILD SUCCESSFUL in 650ms\\r\\n3 actionable tasks: 2 executed, 1 up-to-date\\r\\n\\r\\n\\r\\n<-------------> 0% WAITING> :test > 0 tests completed%                                                                                    \\r \\r\\n\\nLoading...\"}"
}
[2025-04-04T04:48:13.603Z] {
  "ts": 1743742093296,
  "type": "say",
  "say": "text",
  "text": "All tests passed successfully. The `Series.java` implementation now correctly handles the requirements specified in the instructions and passes all test cases in `SeriesTest.java`.",
  "partial": false
}
[2025-04-04T04:48:14.074Z] taskCompleted -> 9e8e309d-80df-4a6d-9f69-102e71455c60 | {
  "totalTokensIn": 179231,
  "totalTokensOut": 4354,
  "totalCacheWrites": 0,
  "totalCacheReads": 0,
  "totalCost": 0,
  "contextTokens": 27033
}
[2025-04-04T04:48:14.102Z] {
  "ts": 1743742093625,
  "type": "say",
  "say": "completion_result",
  "text": "I have successfully implemented the `Series` class in `src/main/java/Series.java` according to the exercise instructions. All tests in `src/test/java/SeriesTest.java` are now passing.",
  "partial": false
}
[2025-04-04T04:48:14.137Z] {
  "ts": 1743742094074,
  "type": "ask",
  "ask": "completion_result",
  "text": ""
}
