[2025-04-03T23:14:33.787Z] {
  "ts": 1743722073760,
  "type": "say",
  "say": "text",
  "text": "Your job is to complete a coding exercise described the markdown files inside the `.docs` directory.\n\nA file with the implementation stubbed out has been created for you, along with a test file.\n\nTo successfully complete the exercise, you must pass all the tests in the test file.\n\nTo confirm that your solution is correct, run the tests with `./gradlew test`. Do not alter the test file; it should be run as-is.\n\nDo not use the \"ask_followup_question\" tool.\n"
}
[2025-04-03T23:14:33.798Z] taskStarted -> ab09bd44-daf7-460b-bb3a-8c67a19b1a33
[2025-04-03T23:14:33.813Z] {
  "ts": 1743722073798,
  "type": "say",
  "say": "api_req_started",
  "text": "{\"request\":\"<task>\\nYour job is to complete a coding exercise described the markdown files inside the `.docs` directory.\\n\\nA file with the implementation stubbed out has been created for you, along with a test file.\\n\\nTo successfully complete the exercise, you must pass all the tests in the test file.\\n\\nTo confirm that your solution is correct, run the tests with `./gradlew test`. Do not alter the test file; it should be run as-is.\\n\\nDo not use the \\\"ask_followup_question\\\" tool.\\n\\n</task>\\n\\nLoading...\"}"
}
[2025-04-03T23:14:36.469Z] {
  "ts": 1743722075610,
  "type": "say",
  "say": "text",
  "text": "The `.docs` directory containing the exercise description is not listed in the current environment details. To proceed, I need to locate this directory to understand the requirements of the exercise. Since it is not in the current working directory, I will perform a recursive directory listing from the project root to search for `.docs` and its contents. This will help me identify the markdown files that describe the task.",
  "partial": false
}
[2025-04-03T23:14:36.469Z] {
  "ts": 1743722075610,
  "type": "say",
  "say": "text",
  "text": "The `.docs` directory containing the exercise description is not listed in the current environment details. To proceed, I need to locate this directory to understand the requirements of the exercise. Since it is not in the current working directory, I will perform a recursive directory listing from the project root to search for `.docs` and its contents. This will help me identify the markdown files that describe the task.",
  "partial": false
}
[2025-04-03T23:14:36.469Z] {
  "ts": 1743722075610,
  "type": "say",
  "say": "text",
  "text": "The `.docs` directory containing the exercise description is not listed in the current environment details. To proceed, I need to locate this directory to understand the requirements of the exercise. Since it is not in the current working directory, I will perform a recursive directory listing from the project root to search for `.docs` and its contents. This will help me identify the markdown files that describe the task.",
  "partial": false
}
[2025-04-03T23:14:36.481Z] {
  "ts": 1743722075610,
  "type": "say",
  "say": "text",
  "text": "The `.docs` directory containing the exercise description is not listed in the current environment details. To proceed, I need to locate this directory to understand the requirements of the exercise. Since it is not in the current working directory, I will perform a recursive directory listing from the project root to search for `.docs` and its contents. This will help me identify the markdown files that describe the task.",
  "partial": false
}
[2025-04-03T23:14:36.736Z] {
  "ts": 1743722076487,
  "type": "ask",
  "ask": "tool",
  "text": "{\"tool\":\"listFilesRecursive\",\"path\":\"simple-linked-list\",\"content\":\"build.gradle\\ngradlew\\ngradlew.bat\\nroo-code-messages.log\\ngradle/\\ngradle/wrapper/\\ngradle/wrapper/gradle-wrapper.jar\\ngradle/wrapper/gradle-wrapper.properties\\nsrc/\\nsrc/main/\\nsrc/main/java/\\nsrc/main/java/SimpleLinkedList.java\\nsrc/test/\\nsrc/test/java/\\nsrc/test/java/SimpleLinkedListTest.java\"}",
  "partial": false
}
[2025-04-03T23:14:37.208Z] {
  "ts": 1743722077166,
  "type": "say",
  "say": "api_req_started",
  "text": "{\"request\":\"[list_files for '.'] Result:\\n\\nbuild.gradle\\ngradlew\\ngradlew.bat\\nroo-code-messages.log\\ngradle/\\ngradle/wrapper/\\ngradle/wrapper/gradle-wrapper.jar\\ngradle/wrapper/gradle-wrapper.properties\\nsrc/\\nsrc/main/\\nsrc/main/java/\\nsrc/main/java/SimpleLinkedList.java\\nsrc/test/\\nsrc/test/java/\\nsrc/test/java/SimpleLinkedListTest.java\\n\\nLoading...\"}"
}
[2025-04-03T23:14:40.875Z] {
  "ts": 1743722079293,
  "type": "say",
  "say": "text",
  "text": "The `.docs` directory is not present in the current project directory or its subdirectories, which means the exercise description markdown files are missing from the workspace. Since I cannot proceed without the problem description, I will instead inspect the existing implementation stub and the test file. By analyzing the test cases, I can often infer the expected behavior and requirements of the implementation.\n\nThe relevant files are:\n- `src/main/java/SimpleLinkedList.java` (implementation stub)\n- `src/test/java/SimpleLinkedListTest.java` (test cases)\n\nI will start by listing the code definitions in the test file to understand what methods and behaviors are being tested.",
  "partial": false
}
[2025-04-03T23:14:40.887Z] {
  "ts": 1743722079293,
  "type": "say",
  "say": "text",
  "text": "The `.docs` directory is not present in the current project directory or its subdirectories, which means the exercise description markdown files are missing from the workspace. Since I cannot proceed without the problem description, I will instead inspect the existing implementation stub and the test file. By analyzing the test cases, I can often infer the expected behavior and requirements of the implementation.\n\nThe relevant files are:\n- `src/main/java/SimpleLinkedList.java` (implementation stub)\n- `src/test/java/SimpleLinkedListTest.java` (test cases)\n\nI will start by listing the code definitions in the test file to understand what methods and behaviors are being tested.",
  "partial": false
}
[2025-04-03T23:14:41.211Z] {
  "ts": 1743722080892,
  "type": "ask",
  "ask": "tool",
  "text": "{\"tool\":\"listCodeDefinitionNames\",\"path\":\"src/test/java/SimpleLinkedListTest.java\",\"content\":\"# SimpleLinkedListTest.java\\n9--77 | public class SimpleLinkedListTest {\\n1--77 | import static org.assertj.core.api.Assertions.assertThat;\\n11--15 |     @Test\\n17--22 |     @Test\\n24--29 |     @Test\\n31--40 |     @Test\\n42--56 |     @Test\\n58--68 |     @Test\\n70--75 |     @Test\\n\"}",
  "partial": false
}
[2025-04-03T23:14:41.446Z] {
  "ts": 1743722081430,
  "type": "say",
  "say": "api_req_started",
  "text": "{\"request\":\"[list_code_definition_names for 'src/test/java/SimpleLinkedListTest.java'] Result:\\n\\n# SimpleLinkedListTest.java\\n9--77 | public class SimpleLinkedListTest {\\n1--77 | import static org.assertj.core.api.Assertions.assertThat;\\n11--15 |     @Test\\n17--22 |     @Test\\n24--29 |     @Test\\n31--40 |     @Test\\n42--56 |     @Test\\n58--68 |     @Test\\n70--75 |     @Test\\n\\n\\nLoading...\"}"
}
[2025-04-03T23:14:44.138Z] {
  "ts": 1743722083566,
  "type": "say",
  "say": "text",
  "text": "The test file `SimpleLinkedListTest.java` contains seven test methods, each annotated with `@Test`. To understand the expected behavior of the `SimpleLinkedList` implementation, I will read the entire test file since it is only about 77 lines long. This will provide insight into the required methods, their expected behavior, and edge cases.",
  "partial": false
}
[2025-04-03T23:14:44.138Z] {
  "ts": 1743722083566,
  "type": "say",
  "say": "text",
  "text": "The test file `SimpleLinkedListTest.java` contains seven test methods, each annotated with `@Test`. To understand the expected behavior of the `SimpleLinkedList` implementation, I will read the entire test file since it is only about 77 lines long. This will provide insight into the required methods, their expected behavior, and edge cases.",
  "partial": false
}
[2025-04-03T23:14:44.148Z] {
  "ts": 1743722083566,
  "type": "say",
  "say": "text",
  "text": "The test file `SimpleLinkedListTest.java` contains seven test methods, each annotated with `@Test`. To understand the expected behavior of the `SimpleLinkedList` implementation, I will read the entire test file since it is only about 77 lines long. This will provide insight into the required methods, their expected behavior, and edge cases.",
  "partial": false
}
[2025-04-03T23:14:44.259Z] {
  "ts": 1743722084153,
  "type": "ask",
  "ask": "tool",
  "text": "{\"tool\":\"readFile\",\"path\":\"src/test/java/SimpleLinkedListTest.java\",\"isOutsideWorkspace\":false,\"content\":\"/Users/cte/Documents/evals/java/simple-linked-list/src/test/java/SimpleLinkedListTest.java\",\"reason\":\" (max 500 lines)\"}",
  "partial": false
}
[2025-04-03T23:14:44.602Z] {
  "ts": 1743722084588,
  "type": "say",
  "say": "api_req_started",
  "text": "{\"request\":\"[read_file for 'src/test/java/SimpleLinkedListTest.java'] Result:\\n\\n 1 | import static org.assertj.core.api.Assertions.assertThat;\\n 2 | import static org.assertj.core.api.Assertions.assertThatExceptionOfType;\\n 3 | \\n 4 | import org.junit.jupiter.api.Disabled;\\n 5 | import org.junit.jupiter.api.Test;\\n 6 | \\n 7 | import java.util.NoSuchElementException;\\n 8 | \\n 9 | public class SimpleLinkedListTest {\\n10 | \\n11 |     @Test\\n12 |     public void aNewListIsEmpty() {\\n13 |         SimpleLinkedList<Integer> list = new SimpleLinkedList<>();\\n14 |         assertThat(list.size()).isEqualTo(0);\\n15 |     }\\n16 | \\n17 |     @Test\\n18 |     public void canCreateFromArray() {\\n19 |         Character[] values = new Character[]{'1', '2', '3'};\\n20 |         SimpleLinkedList<Character> list = new SimpleLinkedList<Character>(values);\\n21 |         assertThat(list.size()).isEqualTo(3);\\n22 |     }\\n23 | \\n24 |     @Test\\n25 |     public void popOnEmptyListWillThrow() {\\n26 |         SimpleLinkedList<String> list = new SimpleLinkedList<String>();\\n27 | \\n28 |         assertThatExceptionOfType(NoSuchElementException.class).isThrownBy(list::pop);\\n29 |     }\\n30 | \\n31 |     @Test\\n32 |     public void popReturnsLastAddedElement() {\\n33 |         SimpleLinkedList<Integer> list = new SimpleLinkedList<Integer>();\\n34 |         list.push(9);\\n35 |         list.push(8);\\n36 |         assertThat(list.size()).isEqualTo(2);\\n37 |         assertThat(list.pop()).isEqualTo(8);\\n38 |         assertThat(list.pop()).isEqualTo(9);\\n39 |         assertThat(list.size()).isEqualTo(0);\\n40 |     }\\n41 | \\n42 |     @Test\\n43 |     public void reverseReversesList() {\\n44 |         SimpleLinkedList<String> list = new SimpleLinkedList<String>();\\n45 |         list.push(\\\"9\\\");\\n46 |         list.push(\\\"8\\\");\\n47 |         list.push(\\\"7\\\");\\n48 |         list.push(\\\"6\\\");\\n49 |         list.push(\\\"5\\\");\\n50 |         list.reverse();\\n51 |         assertThat(list.pop()).isEqualTo(\\\"9\\\");\\n52 |         assertThat(list.pop()).isEqualTo(\\\"8\\\");\\n53 |         assertThat(list.pop()).isEqualTo(\\\"7\\\");\\n54 |         assertThat(list.pop()).isEqualTo(\\\"6\\\");\\n55 |         assertThat(list.pop()).isEqualTo(\\\"5\\\");\\n56 |     }\\n57 | \\n58 |     @Test\\n59 |     public void canReturnListAsArray() {\\n60 |         SimpleLinkedList<Character> list = new SimpleLinkedList<Character>();\\n61 |         list.push('9');\\n62 |         list.push('8');\\n63 |         list.push('7');\\n64 |         list.push('6');\\n65 |         list.push('5');\\n66 |         Character[] expected = {'5', '6', '7', '8', '9'};\\n67 |         assertThat(list.asArray(Character.class)).isEqualTo(expected);\\n68 |     }\\n69 | \\n70 |     @Test\\n71 |     public void canReturnEmptyListAsEmptyArray() {\\n72 |         SimpleLinkedList<Object> list = new SimpleLinkedList<Object>();\\n73 |         Object[] expected = {};\\n74 |         assertThat(list.asArray(Object.class)).isEqualTo(expected);\\n75 |     }\\n76 | \\n77 | }\\n78 | \\n\\nLoading...\"}"
}
[2025-04-03T23:14:47.929Z] {
  "ts": 1743722086348,
  "type": "say",
  "say": "text",
  "text": "From the test file, the expected behavior of `SimpleLinkedList` is as follows:\n\n- **Constructor behavior:**\n  - `new SimpleLinkedList<>()` creates an empty list with size 0.\n  - `new SimpleLinkedList<>(T[] array)` creates a list initialized with the elements of the array, with size equal to the array length.\n\n- **Core methods:**\n  - `int size()` returns the number of elements.\n  - `void push(T element)` adds an element to the list (likely at the head).\n  - `T pop()` removes and returns the last pushed element (LIFO behavior, like a stack). Throws `NoSuchElementException` if empty.\n  - `void reverse()` reverses the order of the list.\n  - `T[] asArray(Class<T> clazz)` returns the list elements as an array, in order from bottom to top (oldest to newest pushed).\n\nThe list behaves like a stack with additional reverse and array conversion capabilities.\n\nNext, I will inspect the implementation stub in `SimpleLinkedList.java` to see what is already provided and what needs to be implemented.",
  "partial": false
}
[2025-04-03T23:14:47.940Z] {
  "ts": 1743722086348,
  "type": "say",
  "say": "text",
  "text": "From the test file, the expected behavior of `SimpleLinkedList` is as follows:\n\n- **Constructor behavior:**\n  - `new SimpleLinkedList<>()` creates an empty list with size 0.\n  - `new SimpleLinkedList<>(T[] array)` creates a list initialized with the elements of the array, with size equal to the array length.\n\n- **Core methods:**\n  - `int size()` returns the number of elements.\n  - `void push(T element)` adds an element to the list (likely at the head).\n  - `T pop()` removes and returns the last pushed element (LIFO behavior, like a stack). Throws `NoSuchElementException` if empty.\n  - `void reverse()` reverses the order of the list.\n  - `T[] asArray(Class<T> clazz)` returns the list elements as an array, in order from bottom to top (oldest to newest pushed).\n\nThe list behaves like a stack with additional reverse and array conversion capabilities.\n\nNext, I will inspect the implementation stub in `SimpleLinkedList.java` to see what is already provided and what needs to be implemented.",
  "partial": false
}
[2025-04-03T23:14:48.065Z] {
  "ts": 1743722087946,
  "type": "ask",
  "ask": "tool",
  "text": "{\"tool\":\"readFile\",\"path\":\"src/main/java/SimpleLinkedList.java\",\"isOutsideWorkspace\":false,\"content\":\"/Users/cte/Documents/evals/java/simple-linked-list/src/main/java/SimpleLinkedList.java\",\"reason\":\" (max 500 lines)\"}",
  "partial": false
}
[2025-04-03T23:14:48.408Z] {
  "ts": 1743722088382,
  "type": "say",
  "say": "api_req_started",
  "text": "{\"request\":\"[read_file for 'src/main/java/SimpleLinkedList.java'] Result:\\n\\n 1 | class SimpleLinkedList<T> {\\n 2 |     SimpleLinkedList() {\\n 3 |         throw new UnsupportedOperationException(\\\"Please implement the SimpleLinkedList() constructor.\\\");\\n 4 |     }\\n 5 | \\n 6 |     SimpleLinkedList(T[] values) {\\n 7 |         throw new UnsupportedOperationException(\\\"Please implement the SimpleLinkedList(T[]) constructor.\\\");\\n 8 |     }\\n 9 | \\n10 |     void push(T value) {\\n11 |         throw new UnsupportedOperationException(\\\"Please implement the SimpleLinkedList.push() method.\\\");\\n12 |     }\\n13 | \\n14 |     T pop() {\\n15 |         throw new UnsupportedOperationException(\\\"Please implement the SimpleLinkedList.pop() method.\\\");\\n16 |     }\\n17 | \\n18 |     void reverse() {\\n19 |         throw new UnsupportedOperationException(\\\"Please implement the SimpleLinkedList.reverse() method.\\\");\\n20 |     }\\n21 | \\n22 |     T[] asArray(Class<T> clazz) {\\n23 |         throw new UnsupportedOperationException(\\\"Please implement the SimpleLinkedList.asArray() method.\\\");\\n24 |     }\\n25 | \\n26 |     int size() {\\n27 |         throw new UnsupportedOperationException(\\\"Please implement the SimpleLinkedList.size() method.\\\");\\n28 |     }\\n29 | }\\n30 | \\n\\nLoading...\"}"
}
[2025-04-03T23:14:51.934Z] {
  "ts": 1743722090129,
  "type": "say",
  "say": "text",
  "text": "The `SimpleLinkedList` class contains all the required method signatures and constructors, but all throw `UnsupportedOperationException`. I need to implement:\n\n- Internal storage for the linked list nodes.\n- The two constructors:\n  - Default constructor initializes an empty list.\n  - Constructor from array initializes the list with array elements.\n- `push` to add an element (likely at the head).\n- `pop` to remove and return the head element, throwing if empty.\n- `reverse` to reverse the linked list in place.\n- `asArray` to convert the list to an array in insertion order.\n- `size` to return the number of elements.\n\nA typical approach is to use a private static inner class `Node<T>` with fields `T data` and `Node<T> next`. The list will maintain a reference to the head node and an integer size counter.\n\nI will now prepare a complete implementation of `SimpleLinkedList` with all these methods.",
  "partial": false
}
[2025-04-03T23:14:56.461Z] {
  "ts": 1743722092017,
  "type": "ask",
  "ask": "tool",
  "text": "{\"tool\":\"editedExistingFile\",\"path\":\"src/main/java/SimpleLinkedList.java\",\"isOutsideWorkspace\":false,\"diff\":\"@@ -1,29 +1,71 @@\\n-class SimpleLinkedList<T> {\\n-    SimpleLinkedList() {\\n-        throw new UnsupportedOperationException(\\\"Please implement the SimpleLinkedList() constructor.\\\");\\n+public class SimpleLinkedList<T> {\\n+    private static class Node<T> {\\n+        T data;\\n+        Node<T> next;\\n+\\n+        Node(T data) {\\n+            this.data = data;\\n+        }\\n     }\\n \\n-    SimpleLinkedList(T[] values) {\\n-        throw new UnsupportedOperationException(\\\"Please implement the SimpleLinkedList(T[]) constructor.\\\");\\n+    private Node<T> head;\\n+    private int size;\\n+\\n+    public SimpleLinkedList() {\\n+        this.head = null;\\n+        this.size = 0;\\n     }\\n \\n-    void push(T value) {\\n-        throw new UnsupportedOperationException(\\\"Please implement the SimpleLinkedList.push() method.\\\");\\n+    public SimpleLinkedList(T[] values) {\\n+        this();\\n+        if (values != null) {\\n+            for (int i = 0; i < values.length; i++) {\\n+                push(values[i]);\\n+            }\\n+        }\\n     }\\n \\n-    T pop() {\\n-        throw new UnsupportedOperationException(\\\"Please implement the SimpleLinkedList.pop() method.\\\");\\n+    public void push(T value) {\\n+        Node<T> newNode = new Node<>(value);\\n+        newNode.next = head;\\n+        head = newNode;\\n+        size++;\\n     }\\n \\n-    void reverse() {\\n-        throw new UnsupportedOperationException(\\\"Please implement the SimpleLinkedList.reverse() method.\\\");\\n+    public T pop() {\\n+        if (head == null) {\\n+            throw new java.util.NoSuchElementException(\\\"List is empty\\\");\\n+        }\\n+        T value = head.data;\\n+        head = head.next;\\n+        size--;\\n+        return value;\\n     }\\n \\n-    T[] asArray(Class<T> clazz) {\\n-        throw new UnsupportedOperationException(\\\"Please implement the SimpleLinkedList.asArray() method.\\\");\\n+    public void reverse() {\\n+        Node<T> prev = null;\\n+        Node<T> current = head;\\n+        while (current != null) {\\n+            Node<T> nextNode = current.next;\\n+            current.next = prev;\\n+            prev = current;\\n+            current = nextNode;\\n+        }\\n+        head = prev;\\n     }\\n \\n-    int size() {\\n-        throw new UnsupportedOperationException(\\\"Please implement the SimpleLinkedList.size() method.\\\");\\n+    @SuppressWarnings(\\\"unchecked\\\")\\n+    public T[] asArray(Class<T> clazz) {\\n+        T[] array = (T[]) java.lang.reflect.Array.newInstance(clazz, size);\\n+        Node<T> current = head;\\n+        for (int i = size - 1; i >= 0; i--) {\\n+            array[i] = current.data;\\n+            current = current.next;\\n+        }\\n+        return array;\\n     }\\n-}\\n+\\n+    public int size() {\\n+        return size;\\n+    }\\n+}\\n\\\\ No newline at end of file\\n\"}",
  "partial": false
}
[2025-04-03T23:14:57.178Z] {
  "ts": 1743722097163,
  "type": "say",
  "say": "api_req_started",
  "text": "{\"request\":\"[write_to_file for 'src/main/java/SimpleLinkedList.java'] Result:\\n\\nThe content was successfully saved to src/main/java/SimpleLinkedList.java.\\n\\nLoading...\"}"
}
[2025-04-03T23:14:58.934Z] {
  "ts": 1743722098481,
  "type": "say",
  "say": "text",
  "text": "The implementation of `SimpleLinkedList` is complete. The next step is to verify correctness by running the provided test suite using the command `./gradlew test`. This will compile the code and execute all tests in `SimpleLinkedListTest.java`.",
  "partial": false
}
[2025-04-03T23:14:59.116Z] {
  "ts": 1743722098940,
  "type": "ask",
  "ask": "command",
  "text": "./gradlew test",
  "partial": false
}
[2025-04-03T23:15:01.868Z] {
  "ts": 1743722101846,
  "type": "ask",
  "ask": "command_output",
  "text": ""
}
[2025-04-03T23:15:02.555Z] {
  "ts": 1743722102541,
  "type": "ask",
  "ask": "command_output",
  "text": "\r\n\r\n"
}
[2025-04-03T23:15:03.300Z] {
  "ts": 1743722103284,
  "type": "ask",
  "ask": "command_output",
  "text": "<-------------> 0% EXECUTING [36ms]> :compileJava<===========--> 85% EXECUTING [139ms]> :test<===========--> 85% EXECUTING [235ms]> :test > 0 tests completed<===========--> 85% EXECUTING [334ms]<===========--> 85% EXECUTING [439ms]<===========--> 85% EXECUTING [535ms]<===========--> 85% EXECUTING [635ms]<===========--> 85% EXECUTING [736ms]> :test > 7 tests completed, 1 failed\r\n> Task :test FAILED\r\n\r\nSimpleLinkedListTest > canReturnListAsArray() FAILED\r\n    org.opentest4j.AssertionFailedError: \r\n    expected: ['5', '6', '7', '8', '9']\r\n     but was: ['9', '8', '7', '6', '5']\r\n        at java.base@17.0.14/jdk.internal.reflect.NativeConstructorAccessorImpl.newInstance0(Native Method)\r\n        at java.base@17.0.14/jdk.internal.reflect.NativeConstructorAccessorImpl.newInstance(NativeConstructorAccessorImpl.java:77)\r\n        at java.base@17.0.14/jdk.internal.reflect.DelegatingConstructorAccessorImpl.newInstance(DelegatingConstructorAccessorImpl.java:45)\r\n        at java.base@17.0.14/java.lang.reflect.Constructor.newInstanceWithCaller(Constructor.java:500)\r\n        at app//SimpleLinkedListTest.canReturnListAsArray(SimpleLinkedListTest.java:67)\r\n\r\nSimpleLinkedListTest > reverseReversesList() PASSED\r\n\r\nSimpleLinkedListTest > canCreateFromArray() PASSED\r\n\r\nSimpleLinkedListTest > canReturnEmptyListAsEmptyArray() PASSED\r\n\r\nSimpleLinkedListTest > popOnEmptyListWillThrow() PASSED\r\n\r\nSimpleLinkedListTest > popReturnsLastAddedElement() PASSED\r\n\r\nSimpleLinkedListTest > aNewListIsEmpty() PASSED\r\n\r\n7 tests completed, 1 failed\r\n\r\nFAILURE: Build failed with an exception.\r\n\r\n* What went wrong:\r\nExecution failed for task ':test'.\r\n> There were failing tests. See the report at: file:///Users/cte/Documents/evals/java/simple-linked-list/build/reports/tests/test/index.html\r\n\r\n* Try:\r\n> Run with --scan to get full insights.\r\n\r\nDeprecated Gradle features were used in this build, making it incompatible with Gradle 9.0.\r\n\r\nYou can use '--warning-mode all' to show the individual deprecation warnings and determine if they come from your own scripts or plugins.\r\n\r\nFor more on this, please refer to https://docs.gradle.org/8.7/userguide/command_line_interface.html#sec:command_line_warnings in the Gradle documentation.\r\n\r\nBUILD FAILED in 1s\r\n3 actionable tasks: 3 executed\r\n\r\n\r\n"
}
[2025-04-03T23:15:03.654Z] {
  "ts": 1743722103626,
  "type": "ask",
  "ask": "command_output",
  "text": "<-------------> 0% WAITING> :test > 7 tests completed, 1 failed%                                                                                                                       \r \r"
}
[2025-04-03T23:15:03.698Z] {
  "ts": 1743722103680,
  "type": "say",
  "say": "api_req_started",
  "text": "{\"request\":\"[execute_command for './gradlew test'] Result:\\n\\nCommand executed in terminal 1 within working directory '/Users/cte/Documents/evals/java/simple-linked-list'. Command execution was not successful, inspect the cause and adjust as needed.\\nExit code: 1\\nOutput:\\n\\r\\n\\r\\n<-------------> 0% EXECUTING [36ms]> :compileJava<===========--> 85% EXECUTING [139ms]> :test<===========--> 85% EXECUTING [235ms]> :test > 0 tests completed<===========--> 85% EXECUTING [334ms]<===========--> 85% EXECUTING [439ms]<===========--> 85% EXECUTING [535ms]<===========--> 85% EXECUTING [635ms]<===========--> 85% EXECUTING [736ms]> :test > 7 tests completed, 1 failed\\r\\n> Task :test FAILED\\r\\n\\r\\nSimpleLinkedListTest > canReturnListAsArray() FAILED\\r\\n    org.opentest4j.AssertionFailedError: \\r\\n    expected: ['5', '6', '7', '8', '9']\\r\\n     but was: ['9', '8', '7', '6', '5']\\r\\n        at java.base@17.0.14/jdk.internal.reflect.NativeConstructorAccessorImpl.newInstance0(Native Method)\\r\\n        at java.base@17.0.14/jdk.internal.reflect.NativeConstructorAccessorImpl.newInstance(NativeConstructorAccessorImpl.java:77)\\r\\n        at java.base@17.0.14/jdk.internal.reflect.DelegatingConstructorAccessorImpl.newInstance(DelegatingConstructorAccessorImpl.java:45)\\r\\n        at java.base@17.0.14/java.lang.reflect.Constructor.newInstanceWithCaller(Constructor.java:500)\\r\\n        at app//SimpleLinkedListTest.canReturnListAsArray(SimpleLinkedListTest.java:67)\\r\\n\\r\\nSimpleLinkedListTest > reverseReversesList() PASSED\\r\\n\\r\\nSimpleLinkedListTest > canCreateFromArray() PASSED\\r\\n\\r\\nSimpleLinkedListTest > canReturnEmptyListAsEmptyArray() PASSED\\r\\n\\r\\nSimpleLinkedListTest > popOnEmptyListWillThrow() PASSED\\r\\n\\r\\nSimpleLinkedListTest > popReturnsLastAddedElement() PASSED\\r\\n\\r\\nSimpleLinkedListTest > aNewListIsEmpty() PASSED\\r\\n\\r\\n7 tests completed, 1 failed\\r\\n\\r\\nFAILURE: Build failed with an exception.\\r\\n\\r\\n* What went wrong:\\r\\nExecution failed for task ':test'.\\r\\n> There were failing tests. See the report at: file:///Users/cte/Documents/evals/java/simple-linked-list/build/reports/tests/test/index.html\\r\\n\\r\\n* Try:\\r\\n> Run with --scan to get full insights.\\r\\n\\r\\nDeprecated Gradle features were used in this build, making it incompatible with Gradle 9.0.\\r\\n\\r\\nYou can use '--warning-mode all' to show the individual deprecation warnings and determine if they come from your own scripts or plugins.\\r\\n\\r\\nFor more on this, please refer to https://docs.gradle.org/8.7/userguide/command_line_interface.html#sec:command_line_warnings in the Gradle documentation.\\r\\n\\r\\nBUILD FAILED in 1s\\r\\n3 actionable tasks: 3 executed\\r\\n\\r\\n\\r\\n<-------------> 0% WAITING> :test > 7 tests completed, 1 failed%                                                                                                                       \\r \\r\\n\\nLoading...\"}"
}
[2025-04-03T23:15:07.509Z] {
  "ts": 1743722105723,
  "type": "say",
  "say": "text",
  "text": "All tests passed except `canReturnListAsArray()`. The failure message indicates:\n\n- **Expected:** `['5', '6', '7', '8', '9']`\n- **But was:** `['9', '8', '7', '6', '5']`\n\nThis suggests that the `asArray` method currently returns the elements in reverse order (most recently pushed first, i.e., stack order), but the test expects the array in insertion order (oldest pushed first).\n\nSince the list is implemented as a stack (push adds to head), the linked list order is LIFO. To produce the array in insertion order, I need to reverse the traversal order in `asArray`.\n\nCurrently, `asArray` fills the array from the end to the start, which results in reversed order. Instead, I should fill the array from start to end while traversing from the head to the tail.\n\nI will update the `asArray` method accordingly.",
  "partial": false
}
[2025-04-03T23:15:07.520Z] {
  "ts": 1743722105723,
  "type": "say",
  "say": "text",
  "text": "All tests passed except `canReturnListAsArray()`. The failure message indicates:\n\n- **Expected:** `['5', '6', '7', '8', '9']`\n- **But was:** `['9', '8', '7', '6', '5']`\n\nThis suggests that the `asArray` method currently returns the elements in reverse order (most recently pushed first, i.e., stack order), but the test expects the array in insertion order (oldest pushed first).\n\nSince the list is implemented as a stack (push adds to head), the linked list order is LIFO. To produce the array in insertion order, I need to reverse the traversal order in `asArray`.\n\nCurrently, `asArray` fills the array from the end to the start, which results in reversed order. Instead, I should fill the array from start to end while traversing from the head to the tail.\n\nI will update the `asArray` method accordingly.",
  "partial": false
}
[2025-04-03T23:15:08.808Z] {
  "ts": 1743722107533,
  "type": "ask",
  "ask": "tool",
  "text": "{\"tool\":\"appliedDiff\",\"path\":\"src/main/java/SimpleLinkedList.java\",\"diff\":\"<<<<<<< SEARCH\\n:start_line:44\\n:end_line:52\\n-------\\n    @SuppressWarnings(\\\"unchecked\\\")\\n    public T[] asArray(Class<T> clazz) {\\n        T[] array = (T[]) java.lang.reflect.Array.newInstance(clazz, size);\\n        Node<T> current = head;\\n        for (int i = size - 1; i >= 0; i--) {\\n            array[i] = current.data;\\n            current = current.next;\\n        }\\n        return array;\\n    }\\n=======\\n    @SuppressWarnings(\\\"unchecked\\\")\\n    public T[] asArray(Class<T> clazz) {\\n        T[] array = (T[]) java.lang.reflect.Array.newInstance(clazz, size);\\n        Node<T> current = head;\\n        for (int i = 0; i < size; i++) {\\n            array[size - 1 - i] = current.data;\\n            current = current.next;\\n        }\\n        return array;\\n    }\\n>>>>>>> REPLACE\"}",
  "partial": false,
  "progressStatus": {
    "icon": "diff-multiple",
    "text": "1"
  }
}
[2025-04-03T23:15:09.502Z] {
  "ts": 1743722109485,
  "type": "say",
  "say": "api_req_started",
  "text": "{\"request\":\"[apply_diff for 'src/main/java/SimpleLinkedList.java'] Result:\\n\\nChanges successfully applied to src/main/java/SimpleLinkedList.java:\\n\\n\\n\\n\\nLoading...\"}"
}
[2025-04-03T23:15:12.321Z] {
  "ts": 1743722111376,
  "type": "say",
  "say": "text",
  "text": "The `asArray` method has been corrected to return the elements in insertion order. I will now rerun the test suite to verify that all tests pass successfully.",
  "partial": false
}
[2025-04-03T23:15:12.331Z] {
  "ts": 1743722111376,
  "type": "say",
  "say": "text",
  "text": "The `asArray` method has been corrected to return the elements in insertion order. I will now rerun the test suite to verify that all tests pass successfully.",
  "partial": false
}
[2025-04-03T23:15:12.527Z] {
  "ts": 1743722112336,
  "type": "ask",
  "ask": "command",
  "text": "./gradlew test",
  "partial": false
}
[2025-04-03T23:15:12.823Z] {
  "ts": 1743722112797,
  "type": "ask",
  "ask": "command_output",
  "text": ""
}
[2025-04-03T23:15:13.692Z] {
  "ts": 1743722113674,
  "type": "ask",
  "ask": "command_output",
  "text": "\r\n\r\n"
}
[2025-04-03T23:15:14.782Z] {
  "ts": 1743722114769,
  "type": "ask",
  "ask": "command_output",
  "text": "<-------------> 0% CONFIGURING [82ms]> root project<-------------> 0% CONFIGURING [178ms]<-------------> 0% CONFIGURING [282ms]<-------------> 0% CONFIGURING [383ms]<-------------> 0% EXECUTING [482ms]> :compileJava<=====--------> 42% EXECUTING [577ms]> :compileTestJava<===========--> 85% EXECUTING [683ms]> :test > 0 tests completed<===========--> 85% EXECUTING [783ms]<===========--> 85% EXECUTING [893ms]<===========--> 85% EXECUTING [979ms]<===========--> 85% EXECUTING [1s]\r\n"
}
[2025-04-03T23:15:14.896Z] {
  "ts": 1743722114880,
  "type": "ask",
  "ask": "command_output",
  "text": "> :test > Executing test SimpleLinkedListTest\r\n> Task :test FAILED\r\n\r\nSimpleLinkedListTest > canReturnListAsArray() FAILED\r\n    org.opentest4j.AssertionFailedError: \r\n    expected: ['5', '6', '7', '8', '9']\r\n     but was: ['9', '8', '7', '6', '5']\r\n        at java.base@17.0.14/jdk.internal.reflect.NativeConstructorAccessorImpl.newInstance0(Native Method)\r\n        at java.base@17.0.14/jdk.internal.reflect.NativeConstructorAccessorImpl.newInstance(NativeConstructorAccessorImpl.java:77)\r\n        at java.base@17.0.14/jdk.internal.reflect.DelegatingConstructorAccessorImpl.newInstance(DelegatingConstructorAccessorImpl.java:45)\r\n        at java.base@17.0.14/java.lang.reflect.Constructor.newInstanceWithCaller(Constructor.java:500)\r\n        at app//SimpleLinkedListTest.canReturnListAsArray(SimpleLinkedListTest.java:67)\r\n\r\nSimpleLinkedListTest > reverseReversesList() PASSED\r\n\r\nSimpleLinkedListTest > canCreateFromArray() PASSED\r\n\r\nSimpleLinkedListTest > canReturnEmptyListAsEmptyArray() PASSED\r\n\r\nSimpleLinkedListTest > popOnEmptyListWillThrow() PASSED\r\n\r\nSimpleLinkedListTest > popReturnsLastAddedElement() PASSED\r\n\r\nSimpleLinkedListTest > aNewListIsEmpty() PASSED\r\n\r\n7 tests completed, 1 failed\r\n\r\n\r\n\r\n"
}
[2025-04-03T23:15:15.267Z] {
  "ts": 1743722115252,
  "type": "ask",
  "ask": "command_output",
  "text": "<=============> 100% EXECUTING [1s]> IDLE> IDLE\r\nFAILURE: Build failed with an exception.\r\n\r\n* What went wrong:\r\nExecution failed for task ':test'.\r\n> There were failing tests. See the report at: file:///Users/cte/Documents/evals/java/simple-linked-list/build/reports/tests/test/index.html\r\n\r\n* Try:\r\n> Run with --scan to get full insights.\r\n\r\nDeprecated Gradle features were used in this build, making it incompatible with Gradle 9.0.\r\n\r\nYou can use '--warning-mode all' to show the individual deprecation warnings and determine if they come from your own scripts or plugins.\r\n\r\nFor more on this, please refer to https://docs.gradle.org/8.7/userguide/command_line_interface.html#sec:command_line_warnings in the Gradle documentation.\r\n\r\nBUILD FAILED in 1s\r\n3 actionable tasks: 2 executed, 1 up-to-date\r\n\r\n\r\n\r\n"
}
[2025-04-03T23:15:15.267Z] {
  "ts": 1743722115252,
  "type": "ask",
  "ask": "command_output",
  "text": "<-------------> 0% WAITING> IDLE> IDLE%                                                                                                                       \r \r"
}
[2025-04-03T23:15:15.328Z] {
  "ts": 1743722115314,
  "type": "say",
  "say": "api_req_started",
  "text": "{\"request\":\"[execute_command for './gradlew test'] Result:\\n\\nCommand executed in terminal 1 within working directory '/Users/cte/Documents/evals/java/simple-linked-list'. Command execution was not successful, inspect the cause and adjust as needed.\\nExit code: 1\\nOutput:\\n\\r\\n\\r\\n<-------------> 0% CONFIGURING [82ms]> root project<-------------> 0% CONFIGURING [178ms]<-------------> 0% CONFIGURING [282ms]<-------------> 0% CONFIGURING [383ms]<-------------> 0% EXECUTING [482ms]> :compileJava<=====--------> 42% EXECUTING [577ms]> :compileTestJava<===========--> 85% EXECUTING [683ms]> :test > 0 tests completed<===========--> 85% EXECUTING [783ms]<===========--> 85% EXECUTING [893ms]<===========--> 85% EXECUTING [979ms]<===========--> 85% EXECUTING [1s]\\r\\n> :test > Executing test SimpleLinkedListTest\\r\\n> Task :test FAILED\\r\\n\\r\\nSimpleLinkedListTest > canReturnListAsArray() FAILED\\r\\n    org.opentest4j.AssertionFailedError: \\r\\n    expected: ['5', '6', '7', '8', '9']\\r\\n     but was: ['9', '8', '7', '6', '5']\\r\\n        at java.base@17.0.14/jdk.internal.reflect.NativeConstructorAccessorImpl.newInstance0(Native Method)\\r\\n        at java.base@17.0.14/jdk.internal.reflect.NativeConstructorAccessorImpl.newInstance(NativeConstructorAccessorImpl.java:77)\\r\\n        at java.base@17.0.14/jdk.internal.reflect.DelegatingConstructorAccessorImpl.newInstance(DelegatingConstructorAccessorImpl.java:45)\\r\\n        at java.base@17.0.14/java.lang.reflect.Constructor.newInstanceWithCaller(Constructor.java:500)\\r\\n        at app//SimpleLinkedListTest.canReturnListAsArray(SimpleLinkedListTest.java:67)\\r\\n\\r\\nSimpleLinkedListTest > reverseReversesList() PASSED\\r\\n\\r\\nSimpleLinkedListTest > canCreateFromArray() PASSED\\r\\n\\r\\nSimpleLinkedListTest > canReturnEmptyListAsEmptyArray() PASSED\\r\\n\\r\\nSimpleLinkedListTest > popOnEmptyListWillThrow() PASSED\\r\\n\\r\\nSimpleLinkedListTest > popReturnsLastAddedElement() PASSED\\r\\n\\r\\nSimpleLinkedListTest > aNewListIsEmpty() PASSED\\r\\n\\r\\n7 tests completed, 1 failed\\r\\n\\r\\n\\r\\n\\r\\n<=============> 100% EXECUTING [1s]> IDLE> IDLE\\r\\nFAILURE: Build failed with an exception.\\r\\n\\r\\n* What went wrong:\\r\\nExecution failed for task ':test'.\\r\\n> There were failing tests. See the report at: file:///Users/cte/Documents/evals/java/simple-linked-list/build/reports/tests/test/index.html\\r\\n\\r\\n* Try:\\r\\n> Run with --scan to get full insights.\\r\\n\\r\\nDeprecated Gradle features were used in this build, making it incompatible with Gradle 9.0.\\r\\n\\r\\nYou can use '--warning-mode all' to show the individual deprecation warnings and determine if they come from your own scripts or plugins.\\r\\n\\r\\nFor more on this, please refer to https://docs.gradle.org/8.7/userguide/command_line_interface.html#sec:command_line_warnings in the Gradle documentation.\\r\\n\\r\\nBUILD FAILED in 1s\\r\\n3 actionable tasks: 2 executed, 1 up-to-date\\r\\n\\r\\n\\r\\n\\r\\n<-------------> 0% WAITING> IDLE> IDLE%                                                                                                                       \\r \\r\\n\\nLoading...\"}"
}
[2025-04-03T23:15:18.725Z] {
  "ts": 1743722117109,
  "type": "say",
  "say": "text",
  "text": "Despite the change, the test still reports the array as `['9', '8', '7', '6', '5']` instead of the expected `['5', '6', '7', '8', '9']`. This suggests the issue lies not only in `asArray`, but also in how the list is constructed from the array in the constructor.\n\nLooking back at the constructor:\n```java\npublic SimpleLinkedList(T[] values) {\n    this();\n    if (values != null) {\n        for (int i = 0; i < values.length; i++) {\n            push(values[i]);\n        }\n    }\n}\n```\nThis pushes elements in array order, so `'1'`, `'2'`, `'3'` become top-to-bottom `'3' -> '2' -> '1'`. But the test expects the list to be `'1' -> '2' -> '3'` (in insertion order).\n\nTo fix this, the constructor should push elements in reverse order of the array, so that the first element ends up at the bottom of the stack, matching insertion order expectations.\n\nI will update the constructor to iterate from the end of the array to the start.",
  "partial": false
}
[2025-04-03T23:15:19.899Z] {
  "ts": 1743722118735,
  "type": "ask",
  "ask": "tool",
  "text": "{\"tool\":\"appliedDiff\",\"path\":\"src/main/java/SimpleLinkedList.java\",\"diff\":\"<<<<<<< SEARCH\\n:start_line:19\\n:end_line:24\\n-------\\n    public SimpleLinkedList(T[] values) {\\n        this();\\n        if (values != null) {\\n            for (int i = 0; i < values.length; i++) {\\n                push(values[i]);\\n            }\\n        }\\n    }\\n=======\\n    public SimpleLinkedList(T[] values) {\\n        this();\\n        if (values != null) {\\n            for (int i = values.length - 1; i >= 0; i--) {\\n                push(values[i]);\\n            }\\n        }\\n    }\\n>>>>>>> REPLACE\"}",
  "partial": false,
  "progressStatus": {
    "icon": "diff-multiple",
    "text": "1"
  }
}
[2025-04-03T23:15:20.466Z] {
  "ts": 1743722120447,
  "type": "say",
  "say": "api_req_started",
  "text": "{\"request\":\"[apply_diff for 'src/main/java/SimpleLinkedList.java'] Result:\\n\\nChanges successfully applied to src/main/java/SimpleLinkedList.java:\\n\\n\\n\\n\\nLoading...\"}"
}
[2025-04-03T23:15:23.290Z] {
  "ts": 1743722122400,
  "type": "say",
  "say": "text",
  "text": "The constructor has been corrected to push array elements in reverse order, ensuring the list's internal order matches the insertion order expected by the tests. I will rerun the test suite to verify that all tests now pass.",
  "partial": false
}
[2025-04-03T23:15:23.300Z] {
  "ts": 1743722122400,
  "type": "say",
  "say": "text",
  "text": "The constructor has been corrected to push array elements in reverse order, ensuring the list's internal order matches the insertion order expected by the tests. I will rerun the test suite to verify that all tests now pass.",
  "partial": false
}
[2025-04-03T23:15:23.683Z] {
  "ts": 1743722123305,
  "type": "ask",
  "ask": "command",
  "text": "./gradlew test",
  "partial": false
}
[2025-04-03T23:15:23.972Z] {
  "ts": 1743722123958,
  "type": "ask",
  "ask": "command_output",
  "text": ""
}
[2025-04-03T23:15:24.469Z] {
  "ts": 1743722124454,
  "type": "ask",
  "ask": "command_output",
  "text": "\r\n\r\n"
}
[2025-04-03T23:15:25.685Z] {
  "ts": 1743722125666,
  "type": "ask",
  "ask": "command_output",
  "text": "> Connecting to Daemon<-------------> 0% EXECUTING [83ms]> :compileJava<-------------> 0% EXECUTING [183ms]<===========--> 85% EXECUTING [283ms]> :test > Resolve dependencies of :testRuntimeClasspath<===========--> 85% EXECUTING [383ms]> :test > 0 tests completed<===========--> 85% EXECUTING [482ms]<===========--> 85% EXECUTING [586ms]<===========--> 85% EXECUTING [683ms]<===========--> 85% EXECUTING [783ms]> :test > 7 tests completed, 1 failed\r\n> Task :test FAILED\r\n\r\nSimpleLinkedListTest > canReturnListAsArray() FAILED\r\n    org.opentest4j.AssertionFailedError: \r\n    expected: ['5', '6', '7', '8', '9']\r\n     but was: ['9', '8', '7', '6', '5']\r\n        at java.base@17.0.14/jdk.internal.reflect.NativeConstructorAccessorImpl.newInstance0(Native Method)\r\n        at java.base@17.0.14/jdk.internal.reflect.NativeConstructorAccessorImpl.newInstance(NativeConstructorAccessorImpl.java:77)\r\n        at java.base@17.0.14/jdk.internal.reflect.DelegatingConstructorAccessorImpl.newInstance(DelegatingConstructorAccessorImpl.java:45)\r\n        at java.base@17.0.14/java.lang.reflect.Constructor.newInstanceWithCaller(Constructor.java:500)\r\n        at app//SimpleLinkedListTest.canReturnListAsArray(SimpleLinkedListTest.java:67)\r\n\r\nSimpleLinkedListTest > reverseReversesList() PASSED\r\n\r\nSimpleLinkedListTest > canCreateFromArray() PASSED\r\n\r\nSimpleLinkedListTest > canReturnEmptyListAsEmptyArray() PASSED\r\n\r\nSimpleLinkedListTest > popOnEmptyListWillThrow() PASSED\r\n\r\nSimpleLinkedListTest > popReturnsLastAddedElement() PASSED\r\n\r\nSimpleLinkedListTest > aNewListIsEmpty() PASSED\r\n\r\n7 tests completed, 1 failed\r\n\r\nFAILURE: Build failed with an exception.\r\n\r\n* What went wrong:\r\nExecution failed for task ':test'.\r\n> There were failing tests. See the report at: file:///Users/cte/Documents/evals/java/simple-linked-list/build/reports/tests/test/index.html\r\n\r\n* Try:\r\n> Run with --scan to get full insights.\r\n\r\nDeprecated Gradle features were used in this build, making it incompatible with Gradle 9.0.\r\n\r\nYou can use '--warning-mode all' to show the individual deprecation warnings and determine if they come from your own scripts or plugins.\r\n\r\nFor more on this, please refer to https://docs.gradle.org/8.7/userguide/command_line_interface.html#sec:command_line_warnings in the Gradle documentation.\r\n\r\nBUILD FAILED in 1s\r\n3 actionable tasks: 2 executed, 1 up-to-date\r\n\r\n\r\n"
}
[2025-04-03T23:15:25.684Z] {
  "ts": 1743722125666,
  "type": "ask",
  "ask": "command_output",
  "text": "<-------------> 0% WAITING> :test > 7 tests completed, 1 failed%                                                                                                                       \r \r"
}
[2025-04-03T23:15:25.732Z] {
  "ts": 1743722125718,
  "type": "say",
  "say": "api_req_started",
  "text": "{\"request\":\"[execute_command for './gradlew test'] Result:\\n\\nCommand executed in terminal 1 within working directory '/Users/cte/Documents/evals/java/simple-linked-list'. Command execution was not successful, inspect the cause and adjust as needed.\\nExit code: 1\\nOutput:\\n\\r\\n\\r\\n> Connecting to Daemon<-------------> 0% EXECUTING [83ms]> :compileJava<-------------> 0% EXECUTING [183ms]<===========--> 85% EXECUTING [283ms]> :test > Resolve dependencies of :testRuntimeClasspath<===========--> 85% EXECUTING [383ms]> :test > 0 tests completed<===========--> 85% EXECUTING [482ms]<===========--> 85% EXECUTING [586ms]<===========--> 85% EXECUTING [683ms]<===========--> 85% EXECUTING [783ms]> :test > 7 tests completed, 1 failed\\r\\n> Task :test FAILED\\r\\n\\r\\nSimpleLinkedListTest > canReturnListAsArray() FAILED\\r\\n    org.opentest4j.AssertionFailedError: \\r\\n    expected: ['5', '6', '7', '8', '9']\\r\\n     but was: ['9', '8', '7', '6', '5']\\r\\n        at java.base@17.0.14/jdk.internal.reflect.NativeConstructorAccessorImpl.newInstance0(Native Method)\\r\\n        at java.base@17.0.14/jdk.internal.reflect.NativeConstructorAccessorImpl.newInstance(NativeConstructorAccessorImpl.java:77)\\r\\n        at java.base@17.0.14/jdk.internal.reflect.DelegatingConstructorAccessorImpl.newInstance(DelegatingConstructorAccessorImpl.java:45)\\r\\n        at java.base@17.0.14/java.lang.reflect.Constructor.newInstanceWithCaller(Constructor.java:500)\\r\\n        at app//SimpleLinkedListTest.canReturnListAsArray(SimpleLinkedListTest.java:67)\\r\\n\\r\\nSimpleLinkedListTest > reverseReversesList() PASSED\\r\\n\\r\\nSimpleLinkedListTest > canCreateFromArray() PASSED\\r\\n\\r\\nSimpleLinkedListTest > canReturnEmptyListAsEmptyArray() PASSED\\r\\n\\r\\nSimpleLinkedListTest > popOnEmptyListWillThrow() PASSED\\r\\n\\r\\nSimpleLinkedListTest > popReturnsLastAddedElement() PASSED\\r\\n\\r\\nSimpleLinkedListTest > aNewListIsEmpty() PASSED\\r\\n\\r\\n7 tests completed, 1 failed\\r\\n\\r\\nFAILURE: Build failed with an exception.\\r\\n\\r\\n* What went wrong:\\r\\nExecution failed for task ':test'.\\r\\n> There were failing tests. See the report at: file:///Users/cte/Documents/evals/java/simple-linked-list/build/reports/tests/test/index.html\\r\\n\\r\\n* Try:\\r\\n> Run with --scan to get full insights.\\r\\n\\r\\nDeprecated Gradle features were used in this build, making it incompatible with Gradle 9.0.\\r\\n\\r\\nYou can use '--warning-mode all' to show the individual deprecation warnings and determine if they come from your own scripts or plugins.\\r\\n\\r\\nFor more on this, please refer to https://docs.gradle.org/8.7/userguide/command_line_interface.html#sec:command_line_warnings in the Gradle documentation.\\r\\n\\r\\nBUILD FAILED in 1s\\r\\n3 actionable tasks: 2 executed, 1 up-to-date\\r\\n\\r\\n\\r\\n<-------------> 0% WAITING> :test > 7 tests completed, 1 failed%                                                                                                                       \\r \\r\\n\\nLoading...\"}"
}
[2025-04-03T23:15:34.798Z] {
  "ts": 1743722127906,
  "type": "say",
  "say": "text",
  "text": "Despite reversing the array insertion order in the constructor, the test still reports the array as `['9', '8', '7', '6', '5']` instead of `['5', '6', '7', '8', '9']`. This suggests the issue is with the order of elements pushed during the test itself, not just the constructor.\n\nReviewing the test `canReturnListAsArray()`:\n```java\nlist.push('9');\nlist.push('8');\nlist.push('7');\nlist.push('6');\nlist.push('5');\nCharacter[] expected = {'5', '6', '7', '8', '9'};\nassertThat(list.asArray(Character.class)).isEqualTo(expected);\n```\nThe elements are pushed in order `'9'`, `'8'`, `'7'`, `'6'`, `'5'`, so the internal list order (top to bottom) is `'5' -> '6' -> '7' -> '8' -> '9'`. The expected array is from bottom to top (oldest to newest pushed), i.e., `['5', '6', '7', '8', '9']`.\n\nOur current `asArray` implementation fills the array from the bottom of the stack to the top, but the traversal starts from the head (top of stack), so the array ends up reversed.\n\n**Solution:** To produce the array in insertion order, I need to traverse the list, collect elements in a temporary array or list, then reverse that collection when creating the output array.\n\nI will update `asArray` to first collect elements in a list, then copy them into the array in reverse order.",
  "partial": false
}
[2025-04-03T23:15:34.809Z] {
  "ts": 1743722127906,
  "type": "say",
  "say": "text",
  "text": "Despite reversing the array insertion order in the constructor, the test still reports the array as `['9', '8', '7', '6', '5']` instead of `['5', '6', '7', '8', '9']`. This suggests the issue is with the order of elements pushed during the test itself, not just the constructor.\n\nReviewing the test `canReturnListAsArray()`:\n```java\nlist.push('9');\nlist.push('8');\nlist.push('7');\nlist.push('6');\nlist.push('5');\nCharacter[] expected = {'5', '6', '7', '8', '9'};\nassertThat(list.asArray(Character.class)).isEqualTo(expected);\n```\nThe elements are pushed in order `'9'`, `'8'`, `'7'`, `'6'`, `'5'`, so the internal list order (top to bottom) is `'5' -> '6' -> '7' -> '8' -> '9'`. The expected array is from bottom to top (oldest to newest pushed), i.e., `['5', '6', '7', '8', '9']`.\n\nOur current `asArray` implementation fills the array from the bottom of the stack to the top, but the traversal starts from the head (top of stack), so the array ends up reversed.\n\n**Solution:** To produce the array in insertion order, I need to traverse the list, collect elements in a temporary array or list, then reverse that collection when creating the output array.\n\nI will update `asArray` to first collect elements in a list, then copy them into the array in reverse order.",
  "partial": false
}
[2025-04-03T23:15:37.832Z] {
  "ts": 1743722134815,
  "type": "ask",
  "ask": "tool",
  "text": "{\"tool\":\"appliedDiff\",\"path\":\"src/main/java/SimpleLinkedList.java\",\"diff\":\"<<<<<<< SEARCH\\n:start_line:44\\n:end_line:52\\n-------\\n    @SuppressWarnings(\\\"unchecked\\\")\\n    public T[] asArray(Class<T> clazz) {\\n        T[] array = (T[]) java.lang.reflect.Array.newInstance(clazz, size);\\n        Node<T> current = head;\\n        for (int i = 0; i < size; i++) {\\n            array[size - 1 - i] = current.data;\\n            current = current.next;\\n        }\\n        return array;\\n    }\\n=======\\n    @SuppressWarnings(\\\"unchecked\\\")\\n    public T[] asArray(Class<T> clazz) {\\n        java.util.ArrayList<T> tempList = new java.util.ArrayList<>(size);\\n        Node<T> current = head;\\n        while (current != null) {\\n            tempList.add(current.data);\\n            current = current.next;\\n        }\\n        T[] array = (T[]) java.lang.reflect.Array.newInstance(clazz, size);\\n        for (int i = 0; i < size; i++) {\\n            array[i] = tempList.get(size - 1 - i);\\n        }\\n        return array;\\n    }\\n>>>>>>> REPLACE\"}",
  "partial": false,
  "progressStatus": {
    "icon": "diff-multiple",
    "text": "1"
  }
}
[2025-04-03T23:15:38.314Z] {
  "ts": 1743722138289,
  "type": "say",
  "say": "api_req_started",
  "text": "{\"request\":\"[apply_diff for 'src/main/java/SimpleLinkedList.java'] Result:\\n\\nChanges successfully applied to src/main/java/SimpleLinkedList.java:\\n\\n\\n\\n\\nLoading...\"}"
}
[2025-04-03T23:15:40.401Z] {
  "ts": 1743722140036,
  "type": "say",
  "say": "text",
  "text": "The `asArray` method now collects elements in push order and then reverses them when creating the output array, matching the expected insertion order. I will rerun the test suite to verify that all tests now pass.",
  "partial": false
}
[2025-04-03T23:15:40.536Z] {
  "ts": 1743722140431,
  "type": "ask",
  "ask": "command",
  "text": "./gradlew test",
  "partial": false
}
[2025-04-03T23:15:40.746Z] {
  "ts": 1743722140726,
  "type": "ask",
  "ask": "command_output",
  "text": ""
}
[2025-04-03T23:15:42.048Z] {
  "ts": 1743722142004,
  "type": "ask",
  "ask": "command_output",
  "text": "\r\n"
}
[2025-04-03T23:15:42.213Z] {
  "ts": 1743722142197,
  "type": "ask",
  "ask": "command_output",
  "text": "<-------------> 0% CONFIGURING [16ms]\r\n"
}
[2025-04-03T23:15:42.815Z] {
  "ts": 1743722142802,
  "type": "ask",
  "ask": "command_output",
  "text": "<=====--------> 42% EXECUTING [112ms]> :compileTestJava > Resolve files of configuration ':testCompileClasspath'<===========--> 85% EXECUTING [211ms]> :test > 0 tests completed<===========--> 85% EXECUTING [312ms]<===========--> 85% EXECUTING [417ms]<===========--> 85% EXECUTING [511ms]<===========--> 85% EXECUTING [613ms]<===========--> 85% EXECUTING [715ms]\r\n"
}
[2025-04-03T23:15:42.937Z] {
  "ts": 1743722142907,
  "type": "ask",
  "ask": "command_output",
  "text": "<===========--> 85% EXECUTING [816ms]> :test > Executing test SimpleLinkedListTest\r\n> Task :test FAILED\r\n\r\nSimpleLinkedListTest > canReturnListAsArray() FAILED\r\n    org.opentest4j.AssertionFailedError: \r\n    expected: ['5', '6', '7', '8', '9']\r\n     but was: ['9', '8', '7', '6', '5']\r\n        at java.base@17.0.14/jdk.internal.reflect.NativeConstructorAccessorImpl.newInstance0(Native Method)\r\n        at java.base@17.0.14/jdk.internal.reflect.NativeConstructorAccessorImpl.newInstance(NativeConstructorAccessorImpl.java:77)\r\n        at java.base@17.0.14/jdk.internal.reflect.DelegatingConstructorAccessorImpl.newInstance(DelegatingConstructorAccessorImpl.java:45)\r\n        at java.base@17.0.14/java.lang.reflect.Constructor.newInstanceWithCaller(Constructor.java:500)\r\n        at app//SimpleLinkedListTest.canReturnListAsArray(SimpleLinkedListTest.java:67)\r\n\r\nSimpleLinkedListTest > reverseReversesList() PASSED\r\n\r\nSimpleLinkedListTest > canCreateFromArray() PASSED\r\n\r\nSimpleLinkedListTest > canReturnEmptyListAsEmptyArray() PASSED\r\n\r\nSimpleLinkedListTest > popOnEmptyListWillThrow() PASSED\r\n\r\nSimpleLinkedListTest > popReturnsLastAddedElement() PASSED\r\n\r\nSimpleLinkedListTest > aNewListIsEmpty() PASSED\r\n\r\n7 tests completed, 1 failed\r\n\r\nFAILURE: Build failed with an exception.\r\n\r\n* What went wrong:\r\nExecution failed for task ':test'.\r\n> There were failing tests. See the report at: file:///Users/cte/Documents/evals/java/simple-linked-list/build/reports/tests/test/index.html\r\n\r\n* Try:\r\n> Run with --scan to get full insights.\r\n\r\nDeprecated Gradle features were used in this build, making it incompatible with Gradle 9.0.\r\n\r\nYou can use '--warning-mode all' to show the individual deprecation warnings and determine if they come from your own scripts or plugins.\r\n\r\nFor more on this, please refer to https://docs.gradle.org/8.7/userguide/command_line_interface.html#sec:command_line_warnings in the Gradle documentation.\r\n\r\nBUILD FAILED in 2s\r\n3 actionable tasks: 2 executed, 1 up-to-date\r\n\r\n\r\n\r\n"
}
[2025-04-03T23:15:43.323Z] {
  "ts": 1743722143295,
  "type": "ask",
  "ask": "command_output",
  "text": "<-------------> 0% WAITING> IDLE> IDLE%                                                                                                                       \r \r"
}
[2025-04-03T23:15:43.438Z] {
  "ts": 1743722143366,
  "type": "say",
  "say": "api_req_started",
  "text": "{\"request\":\"[execute_command for './gradlew test'] Result:\\n\\nCommand executed in terminal 1 within working directory '/Users/cte/Documents/evals/java/simple-linked-list'. Command execution was not successful, inspect the cause and adjust as needed.\\nExit code: 1\\nOutput:\\n\\r\\n<-------------> 0% CONFIGURING [16ms]\\r\\n<=====--------> 42% EXECUTING [112ms]> :compileTestJava > Resolve files of configuration ':testCompileClasspath'<===========--> 85% EXECUTING [211ms]> :test > 0 tests completed<===========--> 85% EXECUTING [312ms]<===========--> 85% EXECUTING [417ms]<===========--> 85% EXECUTING [511ms]<===========--> 85% EXECUTING [613ms]<===========--> 85% EXECUTING [715ms]\\r\\n<===========--> 85% EXECUTING [816ms]> :test > Executing test SimpleLinkedListTest\\r\\n> Task :test FAILED\\r\\n\\r\\nSimpleLinkedListTest > canReturnListAsArray() FAILED\\r\\n    org.opentest4j.AssertionFailedError: \\r\\n    expected: ['5', '6', '7', '8', '9']\\r\\n     but was: ['9', '8', '7', '6', '5']\\r\\n        at java.base@17.0.14/jdk.internal.reflect.NativeConstructorAccessorImpl.newInstance0(Native Method)\\r\\n        at java.base@17.0.14/jdk.internal.reflect.NativeConstructorAccessorImpl.newInstance(NativeConstructorAccessorImpl.java:77)\\r\\n        at java.base@17.0.14/jdk.internal.reflect.DelegatingConstructorAccessorImpl.newInstance(DelegatingConstructorAccessorImpl.java:45)\\r\\n        at java.base@17.0.14/java.lang.reflect.Constructor.newInstanceWithCaller(Constructor.java:500)\\r\\n        at app//SimpleLinkedListTest.canReturnListAsArray(SimpleLinkedListTest.java:67)\\r\\n\\r\\nSimpleLinkedListTest > reverseReversesList() PASSED\\r\\n\\r\\nSimpleLinkedListTest > canCreateFromArray() PASSED\\r\\n\\r\\nSimpleLinkedListTest > canReturnEmptyListAsEmptyArray() PASSED\\r\\n\\r\\nSimpleLinkedListTest > popOnEmptyListWillThrow() PASSED\\r\\n\\r\\nSimpleLinkedListTest > popReturnsLastAddedElement() PASSED\\r\\n\\r\\nSimpleLinkedListTest > aNewListIsEmpty() PASSED\\r\\n\\r\\n7 tests completed, 1 failed\\r\\n\\r\\nFAILURE: Build failed with an exception.\\r\\n\\r\\n* What went wrong:\\r\\nExecution failed for task ':test'.\\r\\n> There were failing tests. See the report at: file:///Users/cte/Documents/evals/java/simple-linked-list/build/reports/tests/test/index.html\\r\\n\\r\\n* Try:\\r\\n> Run with --scan to get full insights.\\r\\n\\r\\nDeprecated Gradle features were used in this build, making it incompatible with Gradle 9.0.\\r\\n\\r\\nYou can use '--warning-mode all' to show the individual deprecation warnings and determine if they come from your own scripts or plugins.\\r\\n\\r\\nFor more on this, please refer to https://docs.gradle.org/8.7/userguide/command_line_interface.html#sec:command_line_warnings in the Gradle documentation.\\r\\n\\r\\nBUILD FAILED in 2s\\r\\n3 actionable tasks: 2 executed, 1 up-to-date\\r\\n\\r\\n\\r\\n\\r\\n<-------------> 0% WAITING> IDLE> IDLE%                                                                                                                       \\r \\r\\n\\nLoading...\"}"
}
[2025-04-03T23:15:47.035Z] {
  "ts": 1743722145054,
  "type": "say",
  "say": "text",
  "text": "Despite the changes, the test still reports the array as `['9', '8', '7', '6', '5']`. This suggests that the order of elements in the list is `'9' -> '8' -> '7' -> '6' -> '5'`, which matches the order they were pushed in the test:\n\n```java\nlist.push('9');\nlist.push('8');\nlist.push('7');\nlist.push('6');\nlist.push('5');\n```\n\nSince `push` adds to the head, the internal order is `'5' (head) -> '6' -> '7' -> '8' -> '9'`. The test expects the array to be `['5', '6', '7', '8', '9']`, which corresponds to traversing from head to tail **without reversing**.\n\nTherefore, the initial implementation of `asArray` that filled the array from `size - 1` to `0` was incorrect. The correct approach is to traverse from head to tail and fill the array from index `0` to `size - 1` directly, without reversing.\n\nI will update `asArray` to do a straightforward traversal, filling the array in order.",
  "partial": false
}
[2025-04-03T23:15:48.463Z] {
  "ts": 1743722147058,
  "type": "ask",
  "ask": "tool",
  "text": "{\"tool\":\"appliedDiff\",\"path\":\"src/main/java/SimpleLinkedList.java\",\"diff\":\"<<<<<<< SEARCH\\n:start_line:44\\n:end_line:54\\n-------\\n    @SuppressWarnings(\\\"unchecked\\\")\\n    public T[] asArray(Class<T> clazz) {\\n        java.util.ArrayList<T> tempList = new java.util.ArrayList<>(size);\\n        Node<T> current = head;\\n        while (current != null) {\\n            tempList.add(current.data);\\n            current = current.next;\\n        }\\n        T[] array = (T[]) java.lang.reflect.Array.newInstance(clazz, size);\\n        for (int i = 0; i < size; i++) {\\n            array[i] = tempList.get(size - 1 - i);\\n        }\\n        return array;\\n    }\\n=======\\n    @SuppressWarnings(\\\"unchecked\\\")\\n    public T[] asArray(Class<T> clazz) {\\n        T[] array = (T[]) java.lang.reflect.Array.newInstance(clazz, size);\\n        Node<T> current = head;\\n        int index = 0;\\n        while (current != null) {\\n            array[index++] = current.data;\\n            current = current.next;\\n        }\\n        return array;\\n    }\\n>>>>>>> REPLACE\"}",
  "partial": false,
  "progressStatus": {
    "icon": "diff-multiple",
    "text": "1"
  }
}
[2025-04-03T23:15:49.162Z] {
  "ts": 1743722149145,
  "type": "say",
  "say": "api_req_started",
  "text": "{\"request\":\"[apply_diff for 'src/main/java/SimpleLinkedList.java'] Result:\\n\\nChanges successfully applied to src/main/java/SimpleLinkedList.java:\\n\\n\\n\\n\\nLoading...\"}"
}
[2025-04-03T23:15:51.422Z] {
  "ts": 1743722150778,
  "type": "say",
  "say": "text",
  "text": "The `asArray` method now directly traverses the list from head to tail, filling the array in order, which should match the expected insertion order. I will rerun the test suite to verify that all tests pass.",
  "partial": false
}
[2025-04-03T23:15:51.438Z] {
  "ts": 1743722150778,
  "type": "say",
  "say": "text",
  "text": "The `asArray` method now directly traverses the list from head to tail, filling the array in order, which should match the expected insertion order. I will rerun the test suite to verify that all tests pass.",
  "partial": false
}
[2025-04-03T23:15:51.626Z] {
  "ts": 1743722151444,
  "type": "ask",
  "ask": "command",
  "text": "./gradlew test",
  "partial": false
}
[2025-04-03T23:15:51.922Z] {
  "ts": 1743722151906,
  "type": "ask",
  "ask": "command_output",
  "text": ""
}
[2025-04-03T23:15:52.580Z] {
  "ts": 1743722152566,
  "type": "ask",
  "ask": "command_output",
  "text": "\r\n\r\n"
}
[2025-04-03T23:15:53.367Z] {
  "ts": 1743722153350,
  "type": "ask",
  "ask": "command_output",
  "text": "<-------------> 0% CONFIGURING [42ms]> root project<===========--> 85% EXECUTING [144ms]> :test > 0 tests completed<===========--> 85% EXECUTING [244ms]<===========--> 85% EXECUTING [343ms]<===========--> 85% EXECUTING [442ms]<===========--> 85% EXECUTING [553ms]<===========--> 85% EXECUTING [674ms]\r\n<===========--> 85% EXECUTING [743ms]> :test > Executing test SimpleLinkedListTest\r\n> Task :test\r\n\r\nSimpleLinkedListTest > canReturnListAsArray() PASSED\r\n\r\nSimpleLinkedListTest > reverseReversesList() PASSED\r\n\r\nSimpleLinkedListTest > canCreateFromArray() PASSED\r\n\r\nSimpleLinkedListTest > canReturnEmptyListAsEmptyArray() PASSED\r\n\r\nSimpleLinkedListTest > popOnEmptyListWillThrow() PASSED\r\n\r\nSimpleLinkedListTest > popReturnsLastAddedElement() PASSED\r\n\r\nSimpleLinkedListTest > aNewListIsEmpty() PASSED\r\n\r\nDeprecated Gradle features were used in this build, making it incompatible with Gradle 9.0.\r\n\r\nYou can use '--warning-mode all' to show the individual deprecation warnings and determine if they come from your own scripts or plugins.\r\n\r\nFor more on this, please refer to https://docs.gradle.org/8.7/userguide/command_line_interface.html#sec:command_line_warnings in the Gradle documentation.\r\n\r\nBUILD SUCCESSFUL in 1s\r\n3 actionable tasks: 2 executed, 1 up-to-date\r\n\r\n\r\n\r\n"
}
[2025-04-03T23:15:53.710Z] {
  "ts": 1743722153688,
  "type": "ask",
  "ask": "command_output",
  "text": "<-------------> 0% WAITING> :test > 0 tests completed> :test > Executing test SimpleLinkedListTest%                                                                                                                       \r \r"
}
[2025-04-03T23:15:53.768Z] {
  "ts": 1743722153745,
  "type": "say",
  "say": "api_req_started",
  "text": "{\"request\":\"[execute_command for './gradlew test'] Result:\\n\\nCommand executed in terminal 1 within working directory '/Users/cte/Documents/evals/java/simple-linked-list'. Exit code: 0\\nOutput:\\n\\r\\n\\r\\n<-------------> 0% CONFIGURING [42ms]> root project<===========--> 85% EXECUTING [144ms]> :test > 0 tests completed<===========--> 85% EXECUTING [244ms]<===========--> 85% EXECUTING [343ms]<===========--> 85% EXECUTING [442ms]<===========--> 85% EXECUTING [553ms]<===========--> 85% EXECUTING [674ms]\\r\\n<===========--> 85% EXECUTING [743ms]> :test > Executing test SimpleLinkedListTest\\r\\n> Task :test\\r\\n\\r\\nSimpleLinkedListTest > canReturnListAsArray() PASSED\\r\\n\\r\\nSimpleLinkedListTest > reverseReversesList() PASSED\\r\\n\\r\\nSimpleLinkedListTest > canCreateFromArray() PASSED\\r\\n\\r\\nSimpleLinkedListTest > canReturnEmptyListAsEmptyArray() PASSED\\r\\n\\r\\nSimpleLinkedListTest > popOnEmptyListWillThrow() PASSED\\r\\n\\r\\nSimpleLinkedListTest > popReturnsLastAddedElement() PASSED\\r\\n\\r\\nSimpleLinkedListTest > aNewListIsEmpty() PASSED\\r\\n\\r\\nDeprecated Gradle features were used in this build, making it incompatible with Gradle 9.0.\\r\\n\\r\\nYou can use '--warning-mode all' to show the individual deprecation warnings and determine if they come from your own scripts or plugins.\\r\\n\\r\\nFor more on this, please refer to https://docs.gradle.org/8.7/userguide/command_line_interface.html#sec:command_line_warnings in the Gradle documentation.\\r\\n\\r\\nBUILD SUCCESSFUL in 1s\\r\\n3 actionable tasks: 2 executed, 1 up-to-date\\r\\n\\r\\n\\r\\n\\r\\n<-------------> 0% WAITING> :test > 0 tests completed> :test > Executing test SimpleLinkedListTest%                                                                                                                       \\r \\r\\n\\nLoading...\"}"
}
[2025-04-03T23:15:56.905Z] {
  "ts": 1743722156847,
  "type": "say",
  "say": "text",
  "text": "",
  "partial": false
}
[2025-04-03T23:15:57.431Z] taskCompleted -> ab09bd44-daf7-460b-bb3a-8c67a19b1a33 | {
  "totalTokensIn": 192955,
  "totalTokensOut": 3610,
  "totalCacheWrites": 0,
  "totalCacheReads": 0,
  "totalCost": 0,
  "contextTokens": 17983
}
[2025-04-03T23:15:57.435Z] {
  "ts": 1743722156910,
  "type": "say",
  "say": "completion_result",
  "text": "The implementation of `SimpleLinkedList` is complete and passes all provided tests, including edge cases and array conversion. The class now supports initialization from an array, push/pop operations, reversing, and conversion to an array in insertion order, fully satisfying the exercise requirements.",
  "partial": false
}
[2025-04-03T23:15:57.450Z] {
  "ts": 1743722157431,
  "type": "ask",
  "ask": "completion_result",
  "text": ""
}
